[2025-03-31T09:38:29.562+0000] {processor.py:186} INFO - Started process (PID=42) to work on /opt/airflow/dags/dowload_rocker_launches.py
[2025-03-31T09:38:29.563+0000] {processor.py:914} INFO - Processing file /opt/airflow/dags/dowload_rocker_launches.py for tasks to queue
[2025-03-31T09:38:29.565+0000] {logging_mixin.py:190} INFO - [2025-03-31T09:38:29.565+0000] {dagbag.py:588} INFO - Filling up the DagBag from /opt/airflow/dags/dowload_rocker_launches.py
[2025-03-31T09:38:29.578+0000] {processor.py:925} INFO - DAG(s) 'dowload_rocket_launches' retrieved from /opt/airflow/dags/dowload_rocker_launches.py
[2025-03-31T09:38:29.713+0000] {logging_mixin.py:190} INFO - [2025-03-31T09:38:29.713+0000] {dag.py:3239} INFO - Sync 1 DAGs
[2025-03-31T09:38:29.721+0000] {logging_mixin.py:190} INFO - [2025-03-31T09:38:29.721+0000] {dag.py:4180} INFO - Setting next_dagrun for dowload_rocket_launches to None, run_after=None
[2025-03-31T09:38:29.730+0000] {processor.py:208} INFO - Processing /opt/airflow/dags/dowload_rocker_launches.py took 0.172 seconds
[2025-03-31T09:38:59.813+0000] {processor.py:186} INFO - Started process (PID=49) to work on /opt/airflow/dags/dowload_rocker_launches.py
[2025-03-31T09:38:59.814+0000] {processor.py:914} INFO - Processing file /opt/airflow/dags/dowload_rocker_launches.py for tasks to queue
[2025-03-31T09:38:59.816+0000] {logging_mixin.py:190} INFO - [2025-03-31T09:38:59.816+0000] {dagbag.py:588} INFO - Filling up the DagBag from /opt/airflow/dags/dowload_rocker_launches.py
[2025-03-31T09:38:59.823+0000] {processor.py:925} INFO - DAG(s) 'dowload_rocket_launches' retrieved from /opt/airflow/dags/dowload_rocker_launches.py
[2025-03-31T09:38:59.842+0000] {logging_mixin.py:190} INFO - [2025-03-31T09:38:59.842+0000] {dag.py:3239} INFO - Sync 1 DAGs
[2025-03-31T09:38:59.850+0000] {logging_mixin.py:190} INFO - [2025-03-31T09:38:59.850+0000] {dag.py:4180} INFO - Setting next_dagrun for dowload_rocket_launches to None, run_after=None
[2025-03-31T09:38:59.857+0000] {processor.py:208} INFO - Processing /opt/airflow/dags/dowload_rocker_launches.py took 0.048 seconds
[2025-03-31T09:39:30.135+0000] {processor.py:186} INFO - Started process (PID=56) to work on /opt/airflow/dags/dowload_rocker_launches.py
[2025-03-31T09:39:30.135+0000] {processor.py:914} INFO - Processing file /opt/airflow/dags/dowload_rocker_launches.py for tasks to queue
[2025-03-31T09:39:30.139+0000] {logging_mixin.py:190} INFO - [2025-03-31T09:39:30.138+0000] {dagbag.py:588} INFO - Filling up the DagBag from /opt/airflow/dags/dowload_rocker_launches.py
[2025-03-31T09:39:30.148+0000] {processor.py:925} INFO - DAG(s) 'dowload_rocket_launches' retrieved from /opt/airflow/dags/dowload_rocker_launches.py
[2025-03-31T09:39:30.166+0000] {logging_mixin.py:190} INFO - [2025-03-31T09:39:30.166+0000] {dag.py:3239} INFO - Sync 1 DAGs
[2025-03-31T09:39:30.172+0000] {logging_mixin.py:190} INFO - [2025-03-31T09:39:30.172+0000] {dag.py:4180} INFO - Setting next_dagrun for dowload_rocket_launches to None, run_after=None
[2025-03-31T09:39:30.179+0000] {processor.py:208} INFO - Processing /opt/airflow/dags/dowload_rocker_launches.py took 0.052 seconds
[2025-03-31T09:42:34.129+0000] {processor.py:186} INFO - Started process (PID=42) to work on /opt/airflow/dags/dowload_rocker_launches.py
[2025-03-31T09:42:34.131+0000] {processor.py:914} INFO - Processing file /opt/airflow/dags/dowload_rocker_launches.py for tasks to queue
[2025-03-31T09:42:34.133+0000] {logging_mixin.py:190} INFO - [2025-03-31T09:42:34.133+0000] {dagbag.py:588} INFO - Filling up the DagBag from /opt/airflow/dags/dowload_rocker_launches.py
[2025-03-31T09:42:34.146+0000] {processor.py:925} INFO - DAG(s) 'dowload_rocket_launches' retrieved from /opt/airflow/dags/dowload_rocker_launches.py
[2025-03-31T09:42:34.168+0000] {logging_mixin.py:190} INFO - [2025-03-31T09:42:34.168+0000] {dag.py:3239} INFO - Sync 1 DAGs
[2025-03-31T09:42:34.178+0000] {logging_mixin.py:190} INFO - [2025-03-31T09:42:34.178+0000] {dag.py:4180} INFO - Setting next_dagrun for dowload_rocket_launches to None, run_after=None
[2025-03-31T09:42:34.186+0000] {processor.py:208} INFO - Processing /opt/airflow/dags/dowload_rocker_launches.py took 0.060 seconds
[2025-03-31T09:43:04.418+0000] {processor.py:186} INFO - Started process (PID=49) to work on /opt/airflow/dags/dowload_rocker_launches.py
[2025-03-31T09:43:04.419+0000] {processor.py:914} INFO - Processing file /opt/airflow/dags/dowload_rocker_launches.py for tasks to queue
[2025-03-31T09:43:04.422+0000] {logging_mixin.py:190} INFO - [2025-03-31T09:43:04.421+0000] {dagbag.py:588} INFO - Filling up the DagBag from /opt/airflow/dags/dowload_rocker_launches.py
[2025-03-31T09:43:04.431+0000] {processor.py:925} INFO - DAG(s) 'dowload_rocket_launches' retrieved from /opt/airflow/dags/dowload_rocker_launches.py
[2025-03-31T09:43:04.448+0000] {logging_mixin.py:190} INFO - [2025-03-31T09:43:04.448+0000] {dag.py:3239} INFO - Sync 1 DAGs
[2025-03-31T09:43:04.455+0000] {logging_mixin.py:190} INFO - [2025-03-31T09:43:04.455+0000] {dag.py:4180} INFO - Setting next_dagrun for dowload_rocket_launches to None, run_after=None
[2025-03-31T09:43:04.461+0000] {processor.py:208} INFO - Processing /opt/airflow/dags/dowload_rocker_launches.py took 0.050 seconds
[2025-03-31T09:43:34.711+0000] {processor.py:186} INFO - Started process (PID=56) to work on /opt/airflow/dags/dowload_rocker_launches.py
[2025-03-31T09:43:34.712+0000] {processor.py:914} INFO - Processing file /opt/airflow/dags/dowload_rocker_launches.py for tasks to queue
[2025-03-31T09:43:34.714+0000] {logging_mixin.py:190} INFO - [2025-03-31T09:43:34.714+0000] {dagbag.py:588} INFO - Filling up the DagBag from /opt/airflow/dags/dowload_rocker_launches.py
[2025-03-31T09:43:34.722+0000] {processor.py:925} INFO - DAG(s) 'dowload_rocket_launches' retrieved from /opt/airflow/dags/dowload_rocker_launches.py
[2025-03-31T09:43:34.738+0000] {logging_mixin.py:190} INFO - [2025-03-31T09:43:34.738+0000] {dag.py:3239} INFO - Sync 1 DAGs
[2025-03-31T09:43:34.746+0000] {logging_mixin.py:190} INFO - [2025-03-31T09:43:34.746+0000] {dag.py:4180} INFO - Setting next_dagrun for dowload_rocket_launches to None, run_after=None
[2025-03-31T09:43:34.752+0000] {processor.py:208} INFO - Processing /opt/airflow/dags/dowload_rocker_launches.py took 0.047 seconds
[2025-03-31T09:44:05.028+0000] {processor.py:186} INFO - Started process (PID=63) to work on /opt/airflow/dags/dowload_rocker_launches.py
[2025-03-31T09:44:05.028+0000] {processor.py:914} INFO - Processing file /opt/airflow/dags/dowload_rocker_launches.py for tasks to queue
[2025-03-31T09:44:05.030+0000] {logging_mixin.py:190} INFO - [2025-03-31T09:44:05.030+0000] {dagbag.py:588} INFO - Filling up the DagBag from /opt/airflow/dags/dowload_rocker_launches.py
[2025-03-31T09:44:05.037+0000] {processor.py:925} INFO - DAG(s) 'dowload_rocket_launches' retrieved from /opt/airflow/dags/dowload_rocker_launches.py
[2025-03-31T09:44:05.053+0000] {logging_mixin.py:190} INFO - [2025-03-31T09:44:05.053+0000] {dag.py:3239} INFO - Sync 1 DAGs
[2025-03-31T09:44:05.060+0000] {logging_mixin.py:190} INFO - [2025-03-31T09:44:05.060+0000] {dag.py:4180} INFO - Setting next_dagrun for dowload_rocket_launches to None, run_after=None
[2025-03-31T09:44:05.067+0000] {processor.py:208} INFO - Processing /opt/airflow/dags/dowload_rocker_launches.py took 0.043 seconds
[2025-03-31T09:44:35.324+0000] {processor.py:186} INFO - Started process (PID=88) to work on /opt/airflow/dags/dowload_rocker_launches.py
[2025-03-31T09:44:35.325+0000] {processor.py:914} INFO - Processing file /opt/airflow/dags/dowload_rocker_launches.py for tasks to queue
[2025-03-31T09:44:35.326+0000] {logging_mixin.py:190} INFO - [2025-03-31T09:44:35.326+0000] {dagbag.py:588} INFO - Filling up the DagBag from /opt/airflow/dags/dowload_rocker_launches.py
[2025-03-31T09:44:35.333+0000] {processor.py:925} INFO - DAG(s) 'dowload_rocket_launches' retrieved from /opt/airflow/dags/dowload_rocker_launches.py
[2025-03-31T09:44:35.347+0000] {logging_mixin.py:190} INFO - [2025-03-31T09:44:35.347+0000] {dag.py:3239} INFO - Sync 1 DAGs
[2025-03-31T09:44:35.353+0000] {logging_mixin.py:190} INFO - [2025-03-31T09:44:35.353+0000] {dag.py:4180} INFO - Setting next_dagrun for dowload_rocket_launches to None, run_after=None
[2025-03-31T09:44:35.359+0000] {processor.py:208} INFO - Processing /opt/airflow/dags/dowload_rocker_launches.py took 0.039 seconds
[2025-03-31T09:45:05.591+0000] {processor.py:186} INFO - Started process (PID=95) to work on /opt/airflow/dags/dowload_rocker_launches.py
[2025-03-31T09:45:05.593+0000] {processor.py:914} INFO - Processing file /opt/airflow/dags/dowload_rocker_launches.py for tasks to queue
[2025-03-31T09:45:05.594+0000] {logging_mixin.py:190} INFO - [2025-03-31T09:45:05.594+0000] {dagbag.py:588} INFO - Filling up the DagBag from /opt/airflow/dags/dowload_rocker_launches.py
[2025-03-31T09:45:05.602+0000] {processor.py:925} INFO - DAG(s) 'dowload_rocket_launches' retrieved from /opt/airflow/dags/dowload_rocker_launches.py
[2025-03-31T09:45:05.618+0000] {logging_mixin.py:190} INFO - [2025-03-31T09:45:05.618+0000] {dag.py:3239} INFO - Sync 1 DAGs
[2025-03-31T09:45:05.625+0000] {logging_mixin.py:190} INFO - [2025-03-31T09:45:05.625+0000] {dag.py:4180} INFO - Setting next_dagrun for dowload_rocket_launches to None, run_after=None
[2025-03-31T09:45:05.631+0000] {processor.py:208} INFO - Processing /opt/airflow/dags/dowload_rocker_launches.py took 0.045 seconds
[2025-03-31T09:45:35.888+0000] {processor.py:186} INFO - Started process (PID=101) to work on /opt/airflow/dags/dowload_rocker_launches.py
[2025-03-31T09:45:35.888+0000] {processor.py:914} INFO - Processing file /opt/airflow/dags/dowload_rocker_launches.py for tasks to queue
[2025-03-31T09:45:35.891+0000] {logging_mixin.py:190} INFO - [2025-03-31T09:45:35.890+0000] {dagbag.py:588} INFO - Filling up the DagBag from /opt/airflow/dags/dowload_rocker_launches.py
[2025-03-31T09:45:35.899+0000] {processor.py:925} INFO - DAG(s) 'dowload_rocket_launches' retrieved from /opt/airflow/dags/dowload_rocker_launches.py
[2025-03-31T09:45:35.914+0000] {logging_mixin.py:190} INFO - [2025-03-31T09:45:35.914+0000] {dag.py:3239} INFO - Sync 1 DAGs
[2025-03-31T09:45:35.922+0000] {logging_mixin.py:190} INFO - [2025-03-31T09:45:35.922+0000] {dag.py:4180} INFO - Setting next_dagrun for dowload_rocket_launches to None, run_after=None
[2025-03-31T09:45:35.930+0000] {processor.py:208} INFO - Processing /opt/airflow/dags/dowload_rocker_launches.py took 0.050 seconds
[2025-03-31T09:46:06.185+0000] {processor.py:186} INFO - Started process (PID=114) to work on /opt/airflow/dags/dowload_rocker_launches.py
[2025-03-31T09:46:06.186+0000] {processor.py:914} INFO - Processing file /opt/airflow/dags/dowload_rocker_launches.py for tasks to queue
[2025-03-31T09:46:06.188+0000] {logging_mixin.py:190} INFO - [2025-03-31T09:46:06.187+0000] {dagbag.py:588} INFO - Filling up the DagBag from /opt/airflow/dags/dowload_rocker_launches.py
[2025-03-31T09:46:06.196+0000] {processor.py:925} INFO - DAG(s) 'dowload_rocket_launches' retrieved from /opt/airflow/dags/dowload_rocker_launches.py
[2025-03-31T09:46:06.214+0000] {logging_mixin.py:190} INFO - [2025-03-31T09:46:06.214+0000] {dag.py:3239} INFO - Sync 1 DAGs
[2025-03-31T09:46:06.222+0000] {logging_mixin.py:190} INFO - [2025-03-31T09:46:06.222+0000] {dag.py:4180} INFO - Setting next_dagrun for dowload_rocket_launches to None, run_after=None
[2025-03-31T09:46:06.228+0000] {processor.py:208} INFO - Processing /opt/airflow/dags/dowload_rocker_launches.py took 0.048 seconds
[2025-03-31T09:46:36.490+0000] {processor.py:186} INFO - Started process (PID=121) to work on /opt/airflow/dags/dowload_rocker_launches.py
[2025-03-31T09:46:36.490+0000] {processor.py:914} INFO - Processing file /opt/airflow/dags/dowload_rocker_launches.py for tasks to queue
[2025-03-31T09:46:36.492+0000] {logging_mixin.py:190} INFO - [2025-03-31T09:46:36.492+0000] {dagbag.py:588} INFO - Filling up the DagBag from /opt/airflow/dags/dowload_rocker_launches.py
[2025-03-31T09:46:36.499+0000] {processor.py:925} INFO - DAG(s) 'dowload_rocket_launches' retrieved from /opt/airflow/dags/dowload_rocker_launches.py
[2025-03-31T09:46:36.516+0000] {logging_mixin.py:190} INFO - [2025-03-31T09:46:36.516+0000] {dag.py:3239} INFO - Sync 1 DAGs
[2025-03-31T09:46:36.524+0000] {logging_mixin.py:190} INFO - [2025-03-31T09:46:36.524+0000] {dag.py:4180} INFO - Setting next_dagrun for dowload_rocket_launches to None, run_after=None
[2025-03-31T09:46:36.531+0000] {processor.py:208} INFO - Processing /opt/airflow/dags/dowload_rocker_launches.py took 0.046 seconds
[2025-03-31T09:47:06.796+0000] {processor.py:186} INFO - Started process (PID=128) to work on /opt/airflow/dags/dowload_rocker_launches.py
[2025-03-31T09:47:06.796+0000] {processor.py:914} INFO - Processing file /opt/airflow/dags/dowload_rocker_launches.py for tasks to queue
[2025-03-31T09:47:06.798+0000] {logging_mixin.py:190} INFO - [2025-03-31T09:47:06.798+0000] {dagbag.py:588} INFO - Filling up the DagBag from /opt/airflow/dags/dowload_rocker_launches.py
[2025-03-31T09:47:06.806+0000] {processor.py:925} INFO - DAG(s) 'dowload_rocket_launches' retrieved from /opt/airflow/dags/dowload_rocker_launches.py
[2025-03-31T09:47:06.823+0000] {logging_mixin.py:190} INFO - [2025-03-31T09:47:06.823+0000] {dag.py:3239} INFO - Sync 1 DAGs
[2025-03-31T09:47:06.830+0000] {logging_mixin.py:190} INFO - [2025-03-31T09:47:06.829+0000] {dag.py:4180} INFO - Setting next_dagrun for dowload_rocket_launches to None, run_after=None
[2025-03-31T09:47:06.836+0000] {processor.py:208} INFO - Processing /opt/airflow/dags/dowload_rocker_launches.py took 0.045 seconds
[2025-03-31T09:47:37.105+0000] {processor.py:186} INFO - Started process (PID=135) to work on /opt/airflow/dags/dowload_rocker_launches.py
[2025-03-31T09:47:37.106+0000] {processor.py:914} INFO - Processing file /opt/airflow/dags/dowload_rocker_launches.py for tasks to queue
[2025-03-31T09:47:37.109+0000] {logging_mixin.py:190} INFO - [2025-03-31T09:47:37.108+0000] {dagbag.py:588} INFO - Filling up the DagBag from /opt/airflow/dags/dowload_rocker_launches.py
[2025-03-31T09:47:37.118+0000] {processor.py:925} INFO - DAG(s) 'dowload_rocket_launches' retrieved from /opt/airflow/dags/dowload_rocker_launches.py
[2025-03-31T09:47:37.139+0000] {logging_mixin.py:190} INFO - [2025-03-31T09:47:37.139+0000] {dag.py:3239} INFO - Sync 1 DAGs
[2025-03-31T09:47:37.147+0000] {logging_mixin.py:190} INFO - [2025-03-31T09:47:37.147+0000] {dag.py:4180} INFO - Setting next_dagrun for dowload_rocket_launches to None, run_after=None
[2025-03-31T09:47:37.154+0000] {processor.py:208} INFO - Processing /opt/airflow/dags/dowload_rocker_launches.py took 0.054 seconds
[2025-03-31T09:48:07.452+0000] {processor.py:186} INFO - Started process (PID=142) to work on /opt/airflow/dags/dowload_rocker_launches.py
[2025-03-31T09:48:07.453+0000] {processor.py:914} INFO - Processing file /opt/airflow/dags/dowload_rocker_launches.py for tasks to queue
[2025-03-31T09:48:07.455+0000] {logging_mixin.py:190} INFO - [2025-03-31T09:48:07.455+0000] {dagbag.py:588} INFO - Filling up the DagBag from /opt/airflow/dags/dowload_rocker_launches.py
[2025-03-31T09:48:07.462+0000] {processor.py:925} INFO - DAG(s) 'dowload_rocket_launches' retrieved from /opt/airflow/dags/dowload_rocker_launches.py
[2025-03-31T09:48:07.477+0000] {logging_mixin.py:190} INFO - [2025-03-31T09:48:07.477+0000] {dag.py:3239} INFO - Sync 1 DAGs
[2025-03-31T09:48:07.483+0000] {logging_mixin.py:190} INFO - [2025-03-31T09:48:07.483+0000] {dag.py:4180} INFO - Setting next_dagrun for dowload_rocket_launches to None, run_after=None
[2025-03-31T09:48:07.489+0000] {processor.py:208} INFO - Processing /opt/airflow/dags/dowload_rocker_launches.py took 0.043 seconds
[2025-03-31T09:48:37.736+0000] {processor.py:186} INFO - Started process (PID=149) to work on /opt/airflow/dags/dowload_rocker_launches.py
[2025-03-31T09:48:37.736+0000] {processor.py:914} INFO - Processing file /opt/airflow/dags/dowload_rocker_launches.py for tasks to queue
[2025-03-31T09:48:37.738+0000] {logging_mixin.py:190} INFO - [2025-03-31T09:48:37.738+0000] {dagbag.py:588} INFO - Filling up the DagBag from /opt/airflow/dags/dowload_rocker_launches.py
[2025-03-31T09:48:37.743+0000] {processor.py:925} INFO - DAG(s) 'dowload_rocket_launches' retrieved from /opt/airflow/dags/dowload_rocker_launches.py
[2025-03-31T09:48:37.755+0000] {logging_mixin.py:190} INFO - [2025-03-31T09:48:37.755+0000] {dag.py:3239} INFO - Sync 1 DAGs
[2025-03-31T09:48:37.761+0000] {logging_mixin.py:190} INFO - [2025-03-31T09:48:37.761+0000] {dag.py:4180} INFO - Setting next_dagrun for dowload_rocket_launches to None, run_after=None
[2025-03-31T09:48:37.767+0000] {processor.py:208} INFO - Processing /opt/airflow/dags/dowload_rocker_launches.py took 0.035 seconds
