[2025-03-30T11:24:51.452+0000] {processor.py:186} INFO - Started process (PID=42) to work on /opt/airflow/dags/dowload_rocker_launches.py
[2025-03-30T11:24:51.453+0000] {processor.py:914} INFO - Processing file /opt/airflow/dags/dowload_rocker_launches.py for tasks to queue
[2025-03-30T11:24:51.457+0000] {logging_mixin.py:190} INFO - [2025-03-30T11:24:51.457+0000] {dagbag.py:588} INFO - Filling up the DagBag from /opt/airflow/dags/dowload_rocker_launches.py
[2025-03-30T11:24:51.476+0000] {logging_mixin.py:190} INFO - [2025-03-30T11:24:51.470+0000] {dagbag.py:387} ERROR - Failed to import: /opt/airflow/dags/dowload_rocker_launches.py
Traceback (most recent call last):
  File "/home/airflow/.local/lib/python3.12/site-packages/airflow/models/dagbag.py", line 383, in parse
    loader.exec_module(new_module)
  File "<frozen importlib._bootstrap_external>", line 999, in exec_module
  File "<frozen importlib._bootstrap>", line 488, in _call_with_frames_removed
  File "/opt/airflow/dags/dowload_rocker_launches.py", line 13, in <module>
    start_date = airflow.utils.dates.day_ago(14),
                 ^^^^^^^^^^^^^^^^^^^^^^^^^^^
AttributeError: module 'airflow.utils.dates' has no attribute 'day_ago'. Did you mean: 'days_ago'?
[2025-03-30T11:24:51.477+0000] {processor.py:927} WARNING - No viable dags retrieved from /opt/airflow/dags/dowload_rocker_launches.py
[2025-03-30T11:24:51.492+0000] {processor.py:208} INFO - Processing /opt/airflow/dags/dowload_rocker_launches.py took 0.045 seconds
[2025-03-30T11:25:21.650+0000] {processor.py:186} INFO - Started process (PID=106) to work on /opt/airflow/dags/dowload_rocker_launches.py
[2025-03-30T11:25:21.652+0000] {processor.py:914} INFO - Processing file /opt/airflow/dags/dowload_rocker_launches.py for tasks to queue
[2025-03-30T11:25:21.655+0000] {logging_mixin.py:190} INFO - [2025-03-30T11:25:21.655+0000] {dagbag.py:588} INFO - Filling up the DagBag from /opt/airflow/dags/dowload_rocker_launches.py
[2025-03-30T11:25:21.665+0000] {logging_mixin.py:190} INFO - [2025-03-30T11:25:21.664+0000] {dagbag.py:387} ERROR - Failed to import: /opt/airflow/dags/dowload_rocker_launches.py
Traceback (most recent call last):
  File "/home/airflow/.local/lib/python3.12/site-packages/airflow/models/dagbag.py", line 383, in parse
    loader.exec_module(new_module)
  File "<frozen importlib._bootstrap_external>", line 999, in exec_module
  File "<frozen importlib._bootstrap>", line 488, in _call_with_frames_removed
  File "/opt/airflow/dags/dowload_rocker_launches.py", line 13, in <module>
    start_date = airflow.utils.dates.day_ago(14),
                 ^^^^^^^^^^^^^^^^^^^^^^^^^^^
AttributeError: module 'airflow.utils.dates' has no attribute 'day_ago'. Did you mean: 'days_ago'?
[2025-03-30T11:25:21.666+0000] {processor.py:927} WARNING - No viable dags retrieved from /opt/airflow/dags/dowload_rocker_launches.py
[2025-03-30T11:25:21.677+0000] {processor.py:208} INFO - Processing /opt/airflow/dags/dowload_rocker_launches.py took 0.034 seconds
[2025-03-30T11:25:51.865+0000] {processor.py:186} INFO - Started process (PID=170) to work on /opt/airflow/dags/dowload_rocker_launches.py
[2025-03-30T11:25:51.867+0000] {processor.py:914} INFO - Processing file /opt/airflow/dags/dowload_rocker_launches.py for tasks to queue
[2025-03-30T11:25:51.869+0000] {logging_mixin.py:190} INFO - [2025-03-30T11:25:51.868+0000] {dagbag.py:588} INFO - Filling up the DagBag from /opt/airflow/dags/dowload_rocker_launches.py
[2025-03-30T11:25:51.877+0000] {logging_mixin.py:190} INFO - [2025-03-30T11:25:51.876+0000] {dagbag.py:387} ERROR - Failed to import: /opt/airflow/dags/dowload_rocker_launches.py
Traceback (most recent call last):
  File "/home/airflow/.local/lib/python3.12/site-packages/airflow/models/dagbag.py", line 383, in parse
    loader.exec_module(new_module)
  File "<frozen importlib._bootstrap_external>", line 999, in exec_module
  File "<frozen importlib._bootstrap>", line 488, in _call_with_frames_removed
  File "/opt/airflow/dags/dowload_rocker_launches.py", line 13, in <module>
    start_date = airflow.utils.dates.day_ago(14),
                 ^^^^^^^^^^^^^^^^^^^^^^^^^^^
AttributeError: module 'airflow.utils.dates' has no attribute 'day_ago'. Did you mean: 'days_ago'?
[2025-03-30T11:25:51.877+0000] {processor.py:927} WARNING - No viable dags retrieved from /opt/airflow/dags/dowload_rocker_launches.py
[2025-03-30T11:25:51.898+0000] {processor.py:208} INFO - Processing /opt/airflow/dags/dowload_rocker_launches.py took 0.039 seconds
[2025-03-30T11:26:22.081+0000] {processor.py:186} INFO - Started process (PID=234) to work on /opt/airflow/dags/dowload_rocker_launches.py
[2025-03-30T11:26:22.083+0000] {processor.py:914} INFO - Processing file /opt/airflow/dags/dowload_rocker_launches.py for tasks to queue
[2025-03-30T11:26:22.085+0000] {logging_mixin.py:190} INFO - [2025-03-30T11:26:22.085+0000] {dagbag.py:588} INFO - Filling up the DagBag from /opt/airflow/dags/dowload_rocker_launches.py
[2025-03-30T11:26:22.104+0000] {logging_mixin.py:190} INFO - [2025-03-30T11:26:22.102+0000] {dagbag.py:387} ERROR - Failed to import: /opt/airflow/dags/dowload_rocker_launches.py
Traceback (most recent call last):
  File "/home/airflow/.local/lib/python3.12/site-packages/airflow/models/dagbag.py", line 383, in parse
    loader.exec_module(new_module)
  File "<frozen importlib._bootstrap_external>", line 999, in exec_module
  File "<frozen importlib._bootstrap>", line 488, in _call_with_frames_removed
  File "/opt/airflow/dags/dowload_rocker_launches.py", line 13, in <module>
    start_date = airflow.utils.dates.day_ago(14),
                 ^^^^^^^^^^^^^^^^^^^^^^^^^^^
AttributeError: module 'airflow.utils.dates' has no attribute 'day_ago'. Did you mean: 'days_ago'?
[2025-03-30T11:26:22.104+0000] {processor.py:927} WARNING - No viable dags retrieved from /opt/airflow/dags/dowload_rocker_launches.py
[2025-03-30T11:26:22.125+0000] {processor.py:208} INFO - Processing /opt/airflow/dags/dowload_rocker_launches.py took 0.047 seconds
[2025-03-30T11:26:52.482+0000] {processor.py:186} INFO - Started process (PID=298) to work on /opt/airflow/dags/dowload_rocker_launches.py
[2025-03-30T11:26:52.484+0000] {processor.py:914} INFO - Processing file /opt/airflow/dags/dowload_rocker_launches.py for tasks to queue
[2025-03-30T11:26:52.487+0000] {logging_mixin.py:190} INFO - [2025-03-30T11:26:52.487+0000] {dagbag.py:588} INFO - Filling up the DagBag from /opt/airflow/dags/dowload_rocker_launches.py
[2025-03-30T11:26:52.495+0000] {logging_mixin.py:190} INFO - [2025-03-30T11:26:52.493+0000] {dagbag.py:387} ERROR - Failed to import: /opt/airflow/dags/dowload_rocker_launches.py
Traceback (most recent call last):
  File "/home/airflow/.local/lib/python3.12/site-packages/airflow/models/dagbag.py", line 383, in parse
    loader.exec_module(new_module)
  File "<frozen importlib._bootstrap_external>", line 999, in exec_module
  File "<frozen importlib._bootstrap>", line 488, in _call_with_frames_removed
  File "/opt/airflow/dags/dowload_rocker_launches.py", line 13, in <module>
    start_date = airflow.utils.dates.day_ago(14),
                 ^^^^^^^^^^^^^^^^^^^^^^^^^^^
AttributeError: module 'airflow.utils.dates' has no attribute 'day_ago'. Did you mean: 'days_ago'?
[2025-03-30T11:26:52.496+0000] {processor.py:927} WARNING - No viable dags retrieved from /opt/airflow/dags/dowload_rocker_launches.py
[2025-03-30T11:26:52.512+0000] {processor.py:208} INFO - Processing /opt/airflow/dags/dowload_rocker_launches.py took 0.039 seconds
[2025-03-30T11:26:55.674+0000] {processor.py:186} INFO - Started process (PID=332) to work on /opt/airflow/dags/dowload_rocker_launches.py
[2025-03-30T11:26:55.675+0000] {processor.py:914} INFO - Processing file /opt/airflow/dags/dowload_rocker_launches.py for tasks to queue
[2025-03-30T11:26:55.676+0000] {logging_mixin.py:190} INFO - [2025-03-30T11:26:55.676+0000] {dagbag.py:588} INFO - Filling up the DagBag from /opt/airflow/dags/dowload_rocker_launches.py
[2025-03-30T11:26:55.682+0000] {processor.py:925} INFO - DAG(s) 'dowload_rocket_launches' retrieved from /opt/airflow/dags/dowload_rocker_launches.py
[2025-03-30T11:26:55.728+0000] {logging_mixin.py:190} INFO - [2025-03-30T11:26:55.727+0000] {override.py:1912} INFO - Created Permission View: can read on DAG:dowload_rocket_launches
[2025-03-30T11:26:55.731+0000] {logging_mixin.py:190} INFO - [2025-03-30T11:26:55.731+0000] {override.py:1912} INFO - Created Permission View: can delete on DAG:dowload_rocket_launches
[2025-03-30T11:26:55.735+0000] {logging_mixin.py:190} INFO - [2025-03-30T11:26:55.734+0000] {override.py:1912} INFO - Created Permission View: can edit on DAG:dowload_rocket_launches
[2025-03-30T11:26:55.737+0000] {logging_mixin.py:190} INFO - [2025-03-30T11:26:55.737+0000] {override.py:1912} INFO - Created Permission View: can read on DAG Run:dowload_rocket_launches
[2025-03-30T11:26:55.740+0000] {logging_mixin.py:190} INFO - [2025-03-30T11:26:55.740+0000] {override.py:1912} INFO - Created Permission View: can delete on DAG Run:dowload_rocket_launches
[2025-03-30T11:26:55.742+0000] {logging_mixin.py:190} INFO - [2025-03-30T11:26:55.742+0000] {override.py:1912} INFO - Created Permission View: can create on DAG Run:dowload_rocket_launches
[2025-03-30T11:26:55.745+0000] {logging_mixin.py:190} INFO - [2025-03-30T11:26:55.745+0000] {override.py:1912} INFO - Created Permission View: menu access on DAG Run:dowload_rocket_launches
[2025-03-30T11:26:55.745+0000] {logging_mixin.py:190} INFO - [2025-03-30T11:26:55.745+0000] {dag.py:3239} INFO - Sync 1 DAGs
[2025-03-30T11:26:55.751+0000] {logging_mixin.py:190} INFO - [2025-03-30T11:26:55.751+0000] {dag.py:3262} INFO - Creating ORM DAG for dowload_rocket_launches
[2025-03-30T11:26:55.753+0000] {logging_mixin.py:190} INFO - [2025-03-30T11:26:55.753+0000] {dag.py:4180} INFO - Setting next_dagrun for dowload_rocket_launches to None, run_after=None
[2025-03-30T11:26:55.762+0000] {processor.py:208} INFO - Processing /opt/airflow/dags/dowload_rocker_launches.py took 0.090 seconds
[2025-03-30T11:26:56.677+0000] {processor.py:186} INFO - Started process (PID=362) to work on /opt/airflow/dags/dowload_rocker_launches.py
[2025-03-30T11:26:56.678+0000] {processor.py:914} INFO - Processing file /opt/airflow/dags/dowload_rocker_launches.py for tasks to queue
[2025-03-30T11:26:56.679+0000] {logging_mixin.py:190} INFO - [2025-03-30T11:26:56.679+0000] {dagbag.py:588} INFO - Filling up the DagBag from /opt/airflow/dags/dowload_rocker_launches.py
[2025-03-30T11:26:56.683+0000] {processor.py:925} INFO - DAG(s) 'dowload_rocket_launches' retrieved from /opt/airflow/dags/dowload_rocker_launches.py
[2025-03-30T11:26:56.687+0000] {logging_mixin.py:190} INFO - [2025-03-30T11:26:56.687+0000] {dag.py:3239} INFO - Sync 1 DAGs
[2025-03-30T11:26:56.692+0000] {logging_mixin.py:190} INFO - [2025-03-30T11:26:56.692+0000] {dag.py:4180} INFO - Setting next_dagrun for dowload_rocket_launches to None, run_after=None
[2025-03-30T11:26:56.698+0000] {processor.py:208} INFO - Processing /opt/airflow/dags/dowload_rocker_launches.py took 0.023 seconds
[2025-03-30T11:27:26.892+0000] {processor.py:186} INFO - Started process (PID=426) to work on /opt/airflow/dags/dowload_rocker_launches.py
[2025-03-30T11:27:26.892+0000] {processor.py:914} INFO - Processing file /opt/airflow/dags/dowload_rocker_launches.py for tasks to queue
[2025-03-30T11:27:26.893+0000] {logging_mixin.py:190} INFO - [2025-03-30T11:27:26.893+0000] {dagbag.py:588} INFO - Filling up the DagBag from /opt/airflow/dags/dowload_rocker_launches.py
[2025-03-30T11:27:26.896+0000] {processor.py:925} INFO - DAG(s) 'dowload_rocket_launches' retrieved from /opt/airflow/dags/dowload_rocker_launches.py
[2025-03-30T11:27:26.904+0000] {logging_mixin.py:190} INFO - [2025-03-30T11:27:26.904+0000] {dag.py:3239} INFO - Sync 1 DAGs
[2025-03-30T11:27:26.909+0000] {logging_mixin.py:190} INFO - [2025-03-30T11:27:26.909+0000] {dag.py:4180} INFO - Setting next_dagrun for dowload_rocket_launches to None, run_after=None
[2025-03-30T11:27:26.919+0000] {processor.py:208} INFO - Processing /opt/airflow/dags/dowload_rocker_launches.py took 0.029 seconds
[2025-03-30T11:27:57.795+0000] {processor.py:186} INFO - Started process (PID=482) to work on /opt/airflow/dags/dowload_rocker_launches.py
[2025-03-30T11:27:57.797+0000] {processor.py:914} INFO - Processing file /opt/airflow/dags/dowload_rocker_launches.py for tasks to queue
[2025-03-30T11:27:57.799+0000] {logging_mixin.py:190} INFO - [2025-03-30T11:27:57.799+0000] {dagbag.py:588} INFO - Filling up the DagBag from /opt/airflow/dags/dowload_rocker_launches.py
[2025-03-30T11:27:57.804+0000] {processor.py:925} INFO - DAG(s) 'dowload_rocket_launches' retrieved from /opt/airflow/dags/dowload_rocker_launches.py
[2025-03-30T11:27:57.818+0000] {logging_mixin.py:190} INFO - [2025-03-30T11:27:57.818+0000] {dag.py:3239} INFO - Sync 1 DAGs
[2025-03-30T11:27:57.825+0000] {logging_mixin.py:190} INFO - [2025-03-30T11:27:57.825+0000] {dag.py:4180} INFO - Setting next_dagrun for dowload_rocket_launches to None, run_after=None
[2025-03-30T11:27:57.836+0000] {processor.py:208} INFO - Processing /opt/airflow/dags/dowload_rocker_launches.py took 0.044 seconds
[2025-03-30T11:28:28.081+0000] {processor.py:186} INFO - Started process (PID=535) to work on /opt/airflow/dags/dowload_rocker_launches.py
[2025-03-30T11:28:28.082+0000] {processor.py:914} INFO - Processing file /opt/airflow/dags/dowload_rocker_launches.py for tasks to queue
[2025-03-30T11:28:28.083+0000] {logging_mixin.py:190} INFO - [2025-03-30T11:28:28.083+0000] {dagbag.py:588} INFO - Filling up the DagBag from /opt/airflow/dags/dowload_rocker_launches.py
[2025-03-30T11:28:28.087+0000] {processor.py:925} INFO - DAG(s) 'dowload_rocket_launches' retrieved from /opt/airflow/dags/dowload_rocker_launches.py
[2025-03-30T11:28:28.094+0000] {logging_mixin.py:190} INFO - [2025-03-30T11:28:28.093+0000] {dag.py:3239} INFO - Sync 1 DAGs
[2025-03-30T11:28:28.098+0000] {logging_mixin.py:190} INFO - [2025-03-30T11:28:28.098+0000] {dag.py:4180} INFO - Setting next_dagrun for dowload_rocket_launches to None, run_after=None
[2025-03-30T11:28:28.108+0000] {processor.py:208} INFO - Processing /opt/airflow/dags/dowload_rocker_launches.py took 0.030 seconds
[2025-03-30T11:28:58.259+0000] {processor.py:186} INFO - Started process (PID=589) to work on /opt/airflow/dags/dowload_rocker_launches.py
[2025-03-30T11:28:58.261+0000] {processor.py:914} INFO - Processing file /opt/airflow/dags/dowload_rocker_launches.py for tasks to queue
[2025-03-30T11:28:58.262+0000] {logging_mixin.py:190} INFO - [2025-03-30T11:28:58.262+0000] {dagbag.py:588} INFO - Filling up the DagBag from /opt/airflow/dags/dowload_rocker_launches.py
[2025-03-30T11:28:58.267+0000] {processor.py:925} INFO - DAG(s) 'dowload_rocket_launches' retrieved from /opt/airflow/dags/dowload_rocker_launches.py
[2025-03-30T11:28:58.279+0000] {logging_mixin.py:190} INFO - [2025-03-30T11:28:58.279+0000] {dag.py:3239} INFO - Sync 1 DAGs
[2025-03-30T11:28:58.285+0000] {logging_mixin.py:190} INFO - [2025-03-30T11:28:58.285+0000] {dag.py:4180} INFO - Setting next_dagrun for dowload_rocket_launches to None, run_after=None
[2025-03-30T11:28:58.299+0000] {processor.py:208} INFO - Processing /opt/airflow/dags/dowload_rocker_launches.py took 0.042 seconds
[2025-03-30T11:29:28.848+0000] {processor.py:186} INFO - Started process (PID=651) to work on /opt/airflow/dags/dowload_rocker_launches.py
[2025-03-30T11:29:28.848+0000] {processor.py:914} INFO - Processing file /opt/airflow/dags/dowload_rocker_launches.py for tasks to queue
[2025-03-30T11:29:28.849+0000] {logging_mixin.py:190} INFO - [2025-03-30T11:29:28.849+0000] {dagbag.py:588} INFO - Filling up the DagBag from /opt/airflow/dags/dowload_rocker_launches.py
[2025-03-30T11:29:28.852+0000] {processor.py:925} INFO - DAG(s) 'dowload_rocket_launches' retrieved from /opt/airflow/dags/dowload_rocker_launches.py
[2025-03-30T11:29:28.860+0000] {logging_mixin.py:190} INFO - [2025-03-30T11:29:28.860+0000] {dag.py:3239} INFO - Sync 1 DAGs
[2025-03-30T11:29:28.865+0000] {logging_mixin.py:190} INFO - [2025-03-30T11:29:28.865+0000] {dag.py:4180} INFO - Setting next_dagrun for dowload_rocket_launches to None, run_after=None
[2025-03-30T11:29:28.871+0000] {processor.py:208} INFO - Processing /opt/airflow/dags/dowload_rocker_launches.py took 0.027 seconds
[2025-03-30T11:29:59.184+0000] {processor.py:186} INFO - Started process (PID=711) to work on /opt/airflow/dags/dowload_rocker_launches.py
[2025-03-30T11:29:59.185+0000] {processor.py:914} INFO - Processing file /opt/airflow/dags/dowload_rocker_launches.py for tasks to queue
[2025-03-30T11:29:59.186+0000] {logging_mixin.py:190} INFO - [2025-03-30T11:29:59.186+0000] {dagbag.py:588} INFO - Filling up the DagBag from /opt/airflow/dags/dowload_rocker_launches.py
[2025-03-30T11:29:59.193+0000] {processor.py:925} INFO - DAG(s) 'dowload_rocket_launches' retrieved from /opt/airflow/dags/dowload_rocker_launches.py
[2025-03-30T11:29:59.202+0000] {logging_mixin.py:190} INFO - [2025-03-30T11:29:59.202+0000] {dag.py:3239} INFO - Sync 1 DAGs
[2025-03-30T11:29:59.213+0000] {logging_mixin.py:190} INFO - [2025-03-30T11:29:59.213+0000] {dag.py:4180} INFO - Setting next_dagrun for dowload_rocket_launches to None, run_after=None
[2025-03-30T11:29:59.220+0000] {processor.py:208} INFO - Processing /opt/airflow/dags/dowload_rocker_launches.py took 0.038 seconds
[2025-03-30T11:30:30.063+0000] {processor.py:186} INFO - Started process (PID=772) to work on /opt/airflow/dags/dowload_rocker_launches.py
[2025-03-30T11:30:30.064+0000] {processor.py:914} INFO - Processing file /opt/airflow/dags/dowload_rocker_launches.py for tasks to queue
[2025-03-30T11:30:30.065+0000] {logging_mixin.py:190} INFO - [2025-03-30T11:30:30.065+0000] {dagbag.py:588} INFO - Filling up the DagBag from /opt/airflow/dags/dowload_rocker_launches.py
[2025-03-30T11:30:30.076+0000] {processor.py:925} INFO - DAG(s) 'dowload_rocket_launches' retrieved from /opt/airflow/dags/dowload_rocker_launches.py
[2025-03-30T11:30:30.087+0000] {logging_mixin.py:190} INFO - [2025-03-30T11:30:30.087+0000] {dag.py:3239} INFO - Sync 1 DAGs
[2025-03-30T11:30:30.094+0000] {logging_mixin.py:190} INFO - [2025-03-30T11:30:30.094+0000] {dag.py:4180} INFO - Setting next_dagrun for dowload_rocket_launches to None, run_after=None
[2025-03-30T11:30:30.102+0000] {processor.py:208} INFO - Processing /opt/airflow/dags/dowload_rocker_launches.py took 0.042 seconds
[2025-03-30T11:31:00.260+0000] {processor.py:186} INFO - Started process (PID=836) to work on /opt/airflow/dags/dowload_rocker_launches.py
[2025-03-30T11:31:00.262+0000] {processor.py:914} INFO - Processing file /opt/airflow/dags/dowload_rocker_launches.py for tasks to queue
[2025-03-30T11:31:00.263+0000] {logging_mixin.py:190} INFO - [2025-03-30T11:31:00.263+0000] {dagbag.py:588} INFO - Filling up the DagBag from /opt/airflow/dags/dowload_rocker_launches.py
[2025-03-30T11:31:00.268+0000] {processor.py:925} INFO - DAG(s) 'dowload_rocket_launches' retrieved from /opt/airflow/dags/dowload_rocker_launches.py
[2025-03-30T11:31:00.277+0000] {logging_mixin.py:190} INFO - [2025-03-30T11:31:00.277+0000] {dag.py:3239} INFO - Sync 1 DAGs
[2025-03-30T11:31:00.282+0000] {logging_mixin.py:190} INFO - [2025-03-30T11:31:00.282+0000] {dag.py:4180} INFO - Setting next_dagrun for dowload_rocket_launches to None, run_after=None
[2025-03-30T11:31:00.289+0000] {processor.py:208} INFO - Processing /opt/airflow/dags/dowload_rocker_launches.py took 0.032 seconds
[2025-03-30T11:31:30.611+0000] {processor.py:186} INFO - Started process (PID=900) to work on /opt/airflow/dags/dowload_rocker_launches.py
[2025-03-30T11:31:30.612+0000] {processor.py:914} INFO - Processing file /opt/airflow/dags/dowload_rocker_launches.py for tasks to queue
[2025-03-30T11:31:30.614+0000] {logging_mixin.py:190} INFO - [2025-03-30T11:31:30.613+0000] {dagbag.py:588} INFO - Filling up the DagBag from /opt/airflow/dags/dowload_rocker_launches.py
[2025-03-30T11:31:30.620+0000] {processor.py:925} INFO - DAG(s) 'dowload_rocket_launches' retrieved from /opt/airflow/dags/dowload_rocker_launches.py
[2025-03-30T11:31:30.631+0000] {logging_mixin.py:190} INFO - [2025-03-30T11:31:30.631+0000] {dag.py:3239} INFO - Sync 1 DAGs
[2025-03-30T11:31:30.637+0000] {logging_mixin.py:190} INFO - [2025-03-30T11:31:30.637+0000] {dag.py:4180} INFO - Setting next_dagrun for dowload_rocket_launches to None, run_after=None
[2025-03-30T11:31:30.645+0000] {processor.py:208} INFO - Processing /opt/airflow/dags/dowload_rocker_launches.py took 0.038 seconds
[2025-03-30T11:32:00.822+0000] {processor.py:186} INFO - Started process (PID=963) to work on /opt/airflow/dags/dowload_rocker_launches.py
[2025-03-30T11:32:00.824+0000] {processor.py:914} INFO - Processing file /opt/airflow/dags/dowload_rocker_launches.py for tasks to queue
[2025-03-30T11:32:00.825+0000] {logging_mixin.py:190} INFO - [2025-03-30T11:32:00.825+0000] {dagbag.py:588} INFO - Filling up the DagBag from /opt/airflow/dags/dowload_rocker_launches.py
[2025-03-30T11:32:00.835+0000] {processor.py:925} INFO - DAG(s) 'dowload_rocket_launches' retrieved from /opt/airflow/dags/dowload_rocker_launches.py
[2025-03-30T11:32:00.847+0000] {logging_mixin.py:190} INFO - [2025-03-30T11:32:00.847+0000] {dag.py:3239} INFO - Sync 1 DAGs
[2025-03-30T11:32:00.853+0000] {logging_mixin.py:190} INFO - [2025-03-30T11:32:00.852+0000] {dag.py:4180} INFO - Setting next_dagrun for dowload_rocket_launches to None, run_after=None
[2025-03-30T11:32:00.859+0000] {processor.py:208} INFO - Processing /opt/airflow/dags/dowload_rocker_launches.py took 0.043 seconds
[2025-03-30T11:32:31.042+0000] {processor.py:186} INFO - Started process (PID=1027) to work on /opt/airflow/dags/dowload_rocker_launches.py
[2025-03-30T11:32:31.044+0000] {processor.py:914} INFO - Processing file /opt/airflow/dags/dowload_rocker_launches.py for tasks to queue
[2025-03-30T11:32:31.047+0000] {logging_mixin.py:190} INFO - [2025-03-30T11:32:31.046+0000] {dagbag.py:588} INFO - Filling up the DagBag from /opt/airflow/dags/dowload_rocker_launches.py
[2025-03-30T11:32:31.054+0000] {processor.py:925} INFO - DAG(s) 'dowload_rocket_launches' retrieved from /opt/airflow/dags/dowload_rocker_launches.py
[2025-03-30T11:32:31.066+0000] {logging_mixin.py:190} INFO - [2025-03-30T11:32:31.066+0000] {dag.py:3239} INFO - Sync 1 DAGs
[2025-03-30T11:32:31.072+0000] {logging_mixin.py:190} INFO - [2025-03-30T11:32:31.072+0000] {dag.py:4180} INFO - Setting next_dagrun for dowload_rocket_launches to None, run_after=None
[2025-03-30T11:32:31.079+0000] {processor.py:208} INFO - Processing /opt/airflow/dags/dowload_rocker_launches.py took 0.045 seconds
[2025-03-30T11:33:01.257+0000] {processor.py:186} INFO - Started process (PID=1091) to work on /opt/airflow/dags/dowload_rocker_launches.py
[2025-03-30T11:33:01.259+0000] {processor.py:914} INFO - Processing file /opt/airflow/dags/dowload_rocker_launches.py for tasks to queue
[2025-03-30T11:33:01.263+0000] {logging_mixin.py:190} INFO - [2025-03-30T11:33:01.263+0000] {dagbag.py:588} INFO - Filling up the DagBag from /opt/airflow/dags/dowload_rocker_launches.py
[2025-03-30T11:33:01.271+0000] {processor.py:925} INFO - DAG(s) 'dowload_rocket_launches' retrieved from /opt/airflow/dags/dowload_rocker_launches.py
[2025-03-30T11:33:01.284+0000] {logging_mixin.py:190} INFO - [2025-03-30T11:33:01.283+0000] {dag.py:3239} INFO - Sync 1 DAGs
[2025-03-30T11:33:01.291+0000] {logging_mixin.py:190} INFO - [2025-03-30T11:33:01.291+0000] {dag.py:4180} INFO - Setting next_dagrun for dowload_rocket_launches to None, run_after=None
[2025-03-30T11:33:01.298+0000] {processor.py:208} INFO - Processing /opt/airflow/dags/dowload_rocker_launches.py took 0.046 seconds
[2025-03-30T11:33:31.387+0000] {processor.py:186} INFO - Started process (PID=1155) to work on /opt/airflow/dags/dowload_rocker_launches.py
[2025-03-30T11:33:31.388+0000] {processor.py:914} INFO - Processing file /opt/airflow/dags/dowload_rocker_launches.py for tasks to queue
[2025-03-30T11:33:31.389+0000] {logging_mixin.py:190} INFO - [2025-03-30T11:33:31.388+0000] {dagbag.py:588} INFO - Filling up the DagBag from /opt/airflow/dags/dowload_rocker_launches.py
[2025-03-30T11:33:31.393+0000] {processor.py:925} INFO - DAG(s) 'dowload_rocket_launches' retrieved from /opt/airflow/dags/dowload_rocker_launches.py
[2025-03-30T11:33:31.401+0000] {logging_mixin.py:190} INFO - [2025-03-30T11:33:31.401+0000] {dag.py:3239} INFO - Sync 1 DAGs
[2025-03-30T11:33:31.408+0000] {logging_mixin.py:190} INFO - [2025-03-30T11:33:31.407+0000] {dag.py:4180} INFO - Setting next_dagrun for dowload_rocket_launches to None, run_after=None
[2025-03-30T11:33:31.415+0000] {processor.py:208} INFO - Processing /opt/airflow/dags/dowload_rocker_launches.py took 0.031 seconds
[2025-03-30T11:34:01.592+0000] {processor.py:186} INFO - Started process (PID=1219) to work on /opt/airflow/dags/dowload_rocker_launches.py
[2025-03-30T11:34:01.593+0000] {processor.py:914} INFO - Processing file /opt/airflow/dags/dowload_rocker_launches.py for tasks to queue
[2025-03-30T11:34:01.595+0000] {logging_mixin.py:190} INFO - [2025-03-30T11:34:01.594+0000] {dagbag.py:588} INFO - Filling up the DagBag from /opt/airflow/dags/dowload_rocker_launches.py
[2025-03-30T11:34:01.602+0000] {processor.py:925} INFO - DAG(s) 'dowload_rocket_launches' retrieved from /opt/airflow/dags/dowload_rocker_launches.py
[2025-03-30T11:34:01.614+0000] {logging_mixin.py:190} INFO - [2025-03-30T11:34:01.614+0000] {dag.py:3239} INFO - Sync 1 DAGs
[2025-03-30T11:34:01.621+0000] {logging_mixin.py:190} INFO - [2025-03-30T11:34:01.621+0000] {dag.py:4180} INFO - Setting next_dagrun for dowload_rocket_launches to None, run_after=None
[2025-03-30T11:34:01.628+0000] {processor.py:208} INFO - Processing /opt/airflow/dags/dowload_rocker_launches.py took 0.041 seconds
[2025-03-30T11:34:31.775+0000] {processor.py:186} INFO - Started process (PID=1283) to work on /opt/airflow/dags/dowload_rocker_launches.py
[2025-03-30T11:34:31.776+0000] {processor.py:914} INFO - Processing file /opt/airflow/dags/dowload_rocker_launches.py for tasks to queue
[2025-03-30T11:34:31.778+0000] {logging_mixin.py:190} INFO - [2025-03-30T11:34:31.778+0000] {dagbag.py:588} INFO - Filling up the DagBag from /opt/airflow/dags/dowload_rocker_launches.py
[2025-03-30T11:34:31.785+0000] {processor.py:925} INFO - DAG(s) 'dowload_rocket_launches' retrieved from /opt/airflow/dags/dowload_rocker_launches.py
[2025-03-30T11:34:31.798+0000] {logging_mixin.py:190} INFO - [2025-03-30T11:34:31.797+0000] {dag.py:3239} INFO - Sync 1 DAGs
[2025-03-30T11:34:31.804+0000] {logging_mixin.py:190} INFO - [2025-03-30T11:34:31.803+0000] {dag.py:4180} INFO - Setting next_dagrun for dowload_rocket_launches to None, run_after=None
[2025-03-30T11:34:31.810+0000] {processor.py:208} INFO - Processing /opt/airflow/dags/dowload_rocker_launches.py took 0.040 seconds
[2025-03-30T11:35:02.319+0000] {processor.py:186} INFO - Started process (PID=1347) to work on /opt/airflow/dags/dowload_rocker_launches.py
[2025-03-30T11:35:02.320+0000] {processor.py:914} INFO - Processing file /opt/airflow/dags/dowload_rocker_launches.py for tasks to queue
[2025-03-30T11:35:02.321+0000] {logging_mixin.py:190} INFO - [2025-03-30T11:35:02.321+0000] {dagbag.py:588} INFO - Filling up the DagBag from /opt/airflow/dags/dowload_rocker_launches.py
[2025-03-30T11:35:02.329+0000] {processor.py:925} INFO - DAG(s) 'dowload_rocket_launches' retrieved from /opt/airflow/dags/dowload_rocker_launches.py
[2025-03-30T11:35:02.340+0000] {logging_mixin.py:190} INFO - [2025-03-30T11:35:02.339+0000] {dag.py:3239} INFO - Sync 1 DAGs
[2025-03-30T11:35:02.346+0000] {logging_mixin.py:190} INFO - [2025-03-30T11:35:02.346+0000] {dag.py:4180} INFO - Setting next_dagrun for dowload_rocket_launches to None, run_after=None
[2025-03-30T11:35:02.352+0000] {processor.py:208} INFO - Processing /opt/airflow/dags/dowload_rocker_launches.py took 0.039 seconds
[2025-03-30T11:35:32.932+0000] {processor.py:186} INFO - Started process (PID=1411) to work on /opt/airflow/dags/dowload_rocker_launches.py
[2025-03-30T11:35:32.933+0000] {processor.py:914} INFO - Processing file /opt/airflow/dags/dowload_rocker_launches.py for tasks to queue
[2025-03-30T11:35:32.936+0000] {logging_mixin.py:190} INFO - [2025-03-30T11:35:32.936+0000] {dagbag.py:588} INFO - Filling up the DagBag from /opt/airflow/dags/dowload_rocker_launches.py
[2025-03-30T11:35:32.946+0000] {processor.py:925} INFO - DAG(s) 'dowload_rocket_launches' retrieved from /opt/airflow/dags/dowload_rocker_launches.py
[2025-03-30T11:35:32.960+0000] {logging_mixin.py:190} INFO - [2025-03-30T11:35:32.960+0000] {dag.py:3239} INFO - Sync 1 DAGs
[2025-03-30T11:35:32.968+0000] {logging_mixin.py:190} INFO - [2025-03-30T11:35:32.968+0000] {dag.py:4180} INFO - Setting next_dagrun for dowload_rocket_launches to None, run_after=None
[2025-03-30T11:35:32.975+0000] {processor.py:208} INFO - Processing /opt/airflow/dags/dowload_rocker_launches.py took 0.049 seconds
[2025-03-30T11:36:03.226+0000] {processor.py:186} INFO - Started process (PID=1475) to work on /opt/airflow/dags/dowload_rocker_launches.py
[2025-03-30T11:36:03.227+0000] {processor.py:914} INFO - Processing file /opt/airflow/dags/dowload_rocker_launches.py for tasks to queue
[2025-03-30T11:36:03.229+0000] {logging_mixin.py:190} INFO - [2025-03-30T11:36:03.228+0000] {dagbag.py:588} INFO - Filling up the DagBag from /opt/airflow/dags/dowload_rocker_launches.py
[2025-03-30T11:36:03.238+0000] {processor.py:925} INFO - DAG(s) 'dowload_rocket_launches' retrieved from /opt/airflow/dags/dowload_rocker_launches.py
[2025-03-30T11:36:03.253+0000] {logging_mixin.py:190} INFO - [2025-03-30T11:36:03.252+0000] {dag.py:3239} INFO - Sync 1 DAGs
[2025-03-30T11:36:03.260+0000] {logging_mixin.py:190} INFO - [2025-03-30T11:36:03.260+0000] {dag.py:4180} INFO - Setting next_dagrun for dowload_rocket_launches to None, run_after=None
[2025-03-30T11:36:03.267+0000] {processor.py:208} INFO - Processing /opt/airflow/dags/dowload_rocker_launches.py took 0.047 seconds
[2025-03-30T11:36:33.649+0000] {processor.py:186} INFO - Started process (PID=1539) to work on /opt/airflow/dags/dowload_rocker_launches.py
[2025-03-30T11:36:33.650+0000] {processor.py:914} INFO - Processing file /opt/airflow/dags/dowload_rocker_launches.py for tasks to queue
[2025-03-30T11:36:33.652+0000] {logging_mixin.py:190} INFO - [2025-03-30T11:36:33.652+0000] {dagbag.py:588} INFO - Filling up the DagBag from /opt/airflow/dags/dowload_rocker_launches.py
[2025-03-30T11:36:33.661+0000] {processor.py:925} INFO - DAG(s) 'dowload_rocket_launches' retrieved from /opt/airflow/dags/dowload_rocker_launches.py
[2025-03-30T11:36:33.674+0000] {logging_mixin.py:190} INFO - [2025-03-30T11:36:33.674+0000] {dag.py:3239} INFO - Sync 1 DAGs
[2025-03-30T11:36:33.680+0000] {logging_mixin.py:190} INFO - [2025-03-30T11:36:33.680+0000] {dag.py:4180} INFO - Setting next_dagrun for dowload_rocket_launches to None, run_after=None
[2025-03-30T11:36:33.687+0000] {processor.py:208} INFO - Processing /opt/airflow/dags/dowload_rocker_launches.py took 0.045 seconds
[2025-03-30T11:37:03.893+0000] {processor.py:186} INFO - Started process (PID=1603) to work on /opt/airflow/dags/dowload_rocker_launches.py
[2025-03-30T11:37:03.894+0000] {processor.py:914} INFO - Processing file /opt/airflow/dags/dowload_rocker_launches.py for tasks to queue
[2025-03-30T11:37:03.895+0000] {logging_mixin.py:190} INFO - [2025-03-30T11:37:03.895+0000] {dagbag.py:588} INFO - Filling up the DagBag from /opt/airflow/dags/dowload_rocker_launches.py
[2025-03-30T11:37:03.902+0000] {processor.py:925} INFO - DAG(s) 'dowload_rocket_launches' retrieved from /opt/airflow/dags/dowload_rocker_launches.py
[2025-03-30T11:37:03.915+0000] {logging_mixin.py:190} INFO - [2025-03-30T11:37:03.915+0000] {dag.py:3239} INFO - Sync 1 DAGs
[2025-03-30T11:37:03.922+0000] {logging_mixin.py:190} INFO - [2025-03-30T11:37:03.922+0000] {dag.py:4180} INFO - Setting next_dagrun for dowload_rocket_launches to None, run_after=None
[2025-03-30T11:37:03.928+0000] {processor.py:208} INFO - Processing /opt/airflow/dags/dowload_rocker_launches.py took 0.040 seconds
[2025-03-30T11:37:34.086+0000] {processor.py:186} INFO - Started process (PID=1667) to work on /opt/airflow/dags/dowload_rocker_launches.py
[2025-03-30T11:37:34.088+0000] {processor.py:914} INFO - Processing file /opt/airflow/dags/dowload_rocker_launches.py for tasks to queue
[2025-03-30T11:37:34.091+0000] {logging_mixin.py:190} INFO - [2025-03-30T11:37:34.090+0000] {dagbag.py:588} INFO - Filling up the DagBag from /opt/airflow/dags/dowload_rocker_launches.py
[2025-03-30T11:37:34.098+0000] {processor.py:925} INFO - DAG(s) 'dowload_rocket_launches' retrieved from /opt/airflow/dags/dowload_rocker_launches.py
[2025-03-30T11:37:34.107+0000] {logging_mixin.py:190} INFO - [2025-03-30T11:37:34.107+0000] {dag.py:3239} INFO - Sync 1 DAGs
[2025-03-30T11:37:34.113+0000] {logging_mixin.py:190} INFO - [2025-03-30T11:37:34.113+0000] {dag.py:4180} INFO - Setting next_dagrun for dowload_rocket_launches to None, run_after=None
[2025-03-30T11:37:34.119+0000] {processor.py:208} INFO - Processing /opt/airflow/dags/dowload_rocker_launches.py took 0.042 seconds
[2025-03-30T11:38:04.272+0000] {processor.py:186} INFO - Started process (PID=1731) to work on /opt/airflow/dags/dowload_rocker_launches.py
[2025-03-30T11:38:04.273+0000] {processor.py:914} INFO - Processing file /opt/airflow/dags/dowload_rocker_launches.py for tasks to queue
[2025-03-30T11:38:04.275+0000] {logging_mixin.py:190} INFO - [2025-03-30T11:38:04.274+0000] {dagbag.py:588} INFO - Filling up the DagBag from /opt/airflow/dags/dowload_rocker_launches.py
[2025-03-30T11:38:04.281+0000] {processor.py:925} INFO - DAG(s) 'dowload_rocket_launches' retrieved from /opt/airflow/dags/dowload_rocker_launches.py
[2025-03-30T11:38:04.292+0000] {logging_mixin.py:190} INFO - [2025-03-30T11:38:04.292+0000] {dag.py:3239} INFO - Sync 1 DAGs
[2025-03-30T11:38:04.300+0000] {logging_mixin.py:190} INFO - [2025-03-30T11:38:04.299+0000] {dag.py:4180} INFO - Setting next_dagrun for dowload_rocket_launches to None, run_after=None
[2025-03-30T11:38:04.307+0000] {processor.py:208} INFO - Processing /opt/airflow/dags/dowload_rocker_launches.py took 0.039 seconds
[2025-03-30T11:38:34.672+0000] {processor.py:186} INFO - Started process (PID=1795) to work on /opt/airflow/dags/dowload_rocker_launches.py
[2025-03-30T11:38:34.674+0000] {processor.py:914} INFO - Processing file /opt/airflow/dags/dowload_rocker_launches.py for tasks to queue
[2025-03-30T11:38:34.678+0000] {logging_mixin.py:190} INFO - [2025-03-30T11:38:34.678+0000] {dagbag.py:588} INFO - Filling up the DagBag from /opt/airflow/dags/dowload_rocker_launches.py
[2025-03-30T11:38:34.686+0000] {processor.py:925} INFO - DAG(s) 'dowload_rocket_launches' retrieved from /opt/airflow/dags/dowload_rocker_launches.py
[2025-03-30T11:38:34.699+0000] {logging_mixin.py:190} INFO - [2025-03-30T11:38:34.699+0000] {dag.py:3239} INFO - Sync 1 DAGs
[2025-03-30T11:38:34.706+0000] {logging_mixin.py:190} INFO - [2025-03-30T11:38:34.706+0000] {dag.py:4180} INFO - Setting next_dagrun for dowload_rocket_launches to None, run_after=None
[2025-03-30T11:38:34.714+0000] {processor.py:208} INFO - Processing /opt/airflow/dags/dowload_rocker_launches.py took 0.047 seconds
[2025-03-30T11:39:04.861+0000] {processor.py:186} INFO - Started process (PID=1859) to work on /opt/airflow/dags/dowload_rocker_launches.py
[2025-03-30T11:39:04.862+0000] {processor.py:914} INFO - Processing file /opt/airflow/dags/dowload_rocker_launches.py for tasks to queue
[2025-03-30T11:39:04.864+0000] {logging_mixin.py:190} INFO - [2025-03-30T11:39:04.864+0000] {dagbag.py:588} INFO - Filling up the DagBag from /opt/airflow/dags/dowload_rocker_launches.py
[2025-03-30T11:39:04.871+0000] {processor.py:925} INFO - DAG(s) 'dowload_rocket_launches' retrieved from /opt/airflow/dags/dowload_rocker_launches.py
[2025-03-30T11:39:04.884+0000] {logging_mixin.py:190} INFO - [2025-03-30T11:39:04.883+0000] {dag.py:3239} INFO - Sync 1 DAGs
[2025-03-30T11:39:04.889+0000] {logging_mixin.py:190} INFO - [2025-03-30T11:39:04.889+0000] {dag.py:4180} INFO - Setting next_dagrun for dowload_rocket_launches to None, run_after=None
[2025-03-30T11:39:04.896+0000] {processor.py:208} INFO - Processing /opt/airflow/dags/dowload_rocker_launches.py took 0.041 seconds
[2025-03-30T11:39:35.025+0000] {processor.py:186} INFO - Started process (PID=1923) to work on /opt/airflow/dags/dowload_rocker_launches.py
[2025-03-30T11:39:35.026+0000] {processor.py:914} INFO - Processing file /opt/airflow/dags/dowload_rocker_launches.py for tasks to queue
[2025-03-30T11:39:35.028+0000] {logging_mixin.py:190} INFO - [2025-03-30T11:39:35.028+0000] {dagbag.py:588} INFO - Filling up the DagBag from /opt/airflow/dags/dowload_rocker_launches.py
[2025-03-30T11:39:35.037+0000] {processor.py:925} INFO - DAG(s) 'dowload_rocket_launches' retrieved from /opt/airflow/dags/dowload_rocker_launches.py
[2025-03-30T11:39:35.050+0000] {logging_mixin.py:190} INFO - [2025-03-30T11:39:35.050+0000] {dag.py:3239} INFO - Sync 1 DAGs
[2025-03-30T11:39:35.057+0000] {logging_mixin.py:190} INFO - [2025-03-30T11:39:35.057+0000] {dag.py:4180} INFO - Setting next_dagrun for dowload_rocket_launches to None, run_after=None
[2025-03-30T11:39:35.064+0000] {processor.py:208} INFO - Processing /opt/airflow/dags/dowload_rocker_launches.py took 0.045 seconds
[2025-03-30T11:40:05.124+0000] {processor.py:186} INFO - Started process (PID=1987) to work on /opt/airflow/dags/dowload_rocker_launches.py
[2025-03-30T11:40:05.126+0000] {processor.py:914} INFO - Processing file /opt/airflow/dags/dowload_rocker_launches.py for tasks to queue
[2025-03-30T11:40:05.128+0000] {logging_mixin.py:190} INFO - [2025-03-30T11:40:05.128+0000] {dagbag.py:588} INFO - Filling up the DagBag from /opt/airflow/dags/dowload_rocker_launches.py
[2025-03-30T11:40:05.134+0000] {processor.py:925} INFO - DAG(s) 'dowload_rocket_launches' retrieved from /opt/airflow/dags/dowload_rocker_launches.py
[2025-03-30T11:40:05.145+0000] {logging_mixin.py:190} INFO - [2025-03-30T11:40:05.144+0000] {dag.py:3239} INFO - Sync 1 DAGs
[2025-03-30T11:40:05.152+0000] {logging_mixin.py:190} INFO - [2025-03-30T11:40:05.152+0000] {dag.py:4180} INFO - Setting next_dagrun for dowload_rocket_launches to None, run_after=None
[2025-03-30T11:40:05.161+0000] {processor.py:208} INFO - Processing /opt/airflow/dags/dowload_rocker_launches.py took 0.043 seconds
[2025-03-30T11:40:35.415+0000] {processor.py:186} INFO - Started process (PID=2051) to work on /opt/airflow/dags/dowload_rocker_launches.py
[2025-03-30T11:40:35.416+0000] {processor.py:914} INFO - Processing file /opt/airflow/dags/dowload_rocker_launches.py for tasks to queue
[2025-03-30T11:40:35.418+0000] {logging_mixin.py:190} INFO - [2025-03-30T11:40:35.417+0000] {dagbag.py:588} INFO - Filling up the DagBag from /opt/airflow/dags/dowload_rocker_launches.py
[2025-03-30T11:40:35.424+0000] {processor.py:925} INFO - DAG(s) 'dowload_rocket_launches' retrieved from /opt/airflow/dags/dowload_rocker_launches.py
[2025-03-30T11:40:35.436+0000] {logging_mixin.py:190} INFO - [2025-03-30T11:40:35.435+0000] {dag.py:3239} INFO - Sync 1 DAGs
[2025-03-30T11:40:35.442+0000] {logging_mixin.py:190} INFO - [2025-03-30T11:40:35.442+0000] {dag.py:4180} INFO - Setting next_dagrun for dowload_rocket_launches to None, run_after=None
[2025-03-30T11:40:35.451+0000] {processor.py:208} INFO - Processing /opt/airflow/dags/dowload_rocker_launches.py took 0.040 seconds
[2025-03-30T11:41:05.602+0000] {processor.py:186} INFO - Started process (PID=2115) to work on /opt/airflow/dags/dowload_rocker_launches.py
[2025-03-30T11:41:05.603+0000] {processor.py:914} INFO - Processing file /opt/airflow/dags/dowload_rocker_launches.py for tasks to queue
[2025-03-30T11:41:05.604+0000] {logging_mixin.py:190} INFO - [2025-03-30T11:41:05.604+0000] {dagbag.py:588} INFO - Filling up the DagBag from /opt/airflow/dags/dowload_rocker_launches.py
[2025-03-30T11:41:05.611+0000] {processor.py:925} INFO - DAG(s) 'dowload_rocket_launches' retrieved from /opt/airflow/dags/dowload_rocker_launches.py
[2025-03-30T11:41:05.624+0000] {logging_mixin.py:190} INFO - [2025-03-30T11:41:05.624+0000] {dag.py:3239} INFO - Sync 1 DAGs
[2025-03-30T11:41:05.630+0000] {logging_mixin.py:190} INFO - [2025-03-30T11:41:05.630+0000] {dag.py:4180} INFO - Setting next_dagrun for dowload_rocket_launches to None, run_after=None
[2025-03-30T11:41:05.637+0000] {processor.py:208} INFO - Processing /opt/airflow/dags/dowload_rocker_launches.py took 0.040 seconds
[2025-03-30T11:41:35.859+0000] {processor.py:186} INFO - Started process (PID=2179) to work on /opt/airflow/dags/dowload_rocker_launches.py
[2025-03-30T11:41:35.859+0000] {processor.py:914} INFO - Processing file /opt/airflow/dags/dowload_rocker_launches.py for tasks to queue
[2025-03-30T11:41:35.861+0000] {logging_mixin.py:190} INFO - [2025-03-30T11:41:35.860+0000] {dagbag.py:588} INFO - Filling up the DagBag from /opt/airflow/dags/dowload_rocker_launches.py
[2025-03-30T11:41:35.868+0000] {processor.py:925} INFO - DAG(s) 'dowload_rocket_launches' retrieved from /opt/airflow/dags/dowload_rocker_launches.py
[2025-03-30T11:41:35.880+0000] {logging_mixin.py:190} INFO - [2025-03-30T11:41:35.880+0000] {dag.py:3239} INFO - Sync 1 DAGs
[2025-03-30T11:41:35.886+0000] {logging_mixin.py:190} INFO - [2025-03-30T11:41:35.886+0000] {dag.py:4180} INFO - Setting next_dagrun for dowload_rocket_launches to None, run_after=None
[2025-03-30T11:41:35.894+0000] {processor.py:208} INFO - Processing /opt/airflow/dags/dowload_rocker_launches.py took 0.039 seconds
[2025-03-30T11:42:06.009+0000] {processor.py:186} INFO - Started process (PID=2243) to work on /opt/airflow/dags/dowload_rocker_launches.py
[2025-03-30T11:42:06.010+0000] {processor.py:914} INFO - Processing file /opt/airflow/dags/dowload_rocker_launches.py for tasks to queue
[2025-03-30T11:42:06.012+0000] {logging_mixin.py:190} INFO - [2025-03-30T11:42:06.012+0000] {dagbag.py:588} INFO - Filling up the DagBag from /opt/airflow/dags/dowload_rocker_launches.py
[2025-03-30T11:42:06.019+0000] {processor.py:925} INFO - DAG(s) 'dowload_rocket_launches' retrieved from /opt/airflow/dags/dowload_rocker_launches.py
[2025-03-30T11:42:06.028+0000] {logging_mixin.py:190} INFO - [2025-03-30T11:42:06.028+0000] {dag.py:3239} INFO - Sync 1 DAGs
[2025-03-30T11:42:06.034+0000] {logging_mixin.py:190} INFO - [2025-03-30T11:42:06.034+0000] {dag.py:4180} INFO - Setting next_dagrun for dowload_rocket_launches to None, run_after=None
[2025-03-30T11:42:06.041+0000] {processor.py:208} INFO - Processing /opt/airflow/dags/dowload_rocker_launches.py took 0.036 seconds
[2025-03-30T11:42:36.160+0000] {processor.py:186} INFO - Started process (PID=2307) to work on /opt/airflow/dags/dowload_rocker_launches.py
[2025-03-30T11:42:36.161+0000] {processor.py:914} INFO - Processing file /opt/airflow/dags/dowload_rocker_launches.py for tasks to queue
[2025-03-30T11:42:36.163+0000] {logging_mixin.py:190} INFO - [2025-03-30T11:42:36.163+0000] {dagbag.py:588} INFO - Filling up the DagBag from /opt/airflow/dags/dowload_rocker_launches.py
[2025-03-30T11:42:36.169+0000] {processor.py:925} INFO - DAG(s) 'dowload_rocket_launches' retrieved from /opt/airflow/dags/dowload_rocker_launches.py
[2025-03-30T11:42:36.180+0000] {logging_mixin.py:190} INFO - [2025-03-30T11:42:36.180+0000] {dag.py:3239} INFO - Sync 1 DAGs
[2025-03-30T11:42:36.185+0000] {logging_mixin.py:190} INFO - [2025-03-30T11:42:36.185+0000] {dag.py:4180} INFO - Setting next_dagrun for dowload_rocket_launches to None, run_after=None
[2025-03-30T11:42:36.191+0000] {processor.py:208} INFO - Processing /opt/airflow/dags/dowload_rocker_launches.py took 0.035 seconds
[2025-03-30T11:43:06.211+0000] {processor.py:186} INFO - Started process (PID=2370) to work on /opt/airflow/dags/dowload_rocker_launches.py
[2025-03-30T11:43:06.212+0000] {processor.py:914} INFO - Processing file /opt/airflow/dags/dowload_rocker_launches.py for tasks to queue
[2025-03-30T11:43:06.213+0000] {logging_mixin.py:190} INFO - [2025-03-30T11:43:06.212+0000] {dagbag.py:588} INFO - Filling up the DagBag from /opt/airflow/dags/dowload_rocker_launches.py
[2025-03-30T11:43:06.216+0000] {processor.py:925} INFO - DAG(s) 'dowload_rocket_launches' retrieved from /opt/airflow/dags/dowload_rocker_launches.py
[2025-03-30T11:43:06.224+0000] {logging_mixin.py:190} INFO - [2025-03-30T11:43:06.224+0000] {dag.py:3239} INFO - Sync 1 DAGs
[2025-03-30T11:43:06.229+0000] {logging_mixin.py:190} INFO - [2025-03-30T11:43:06.229+0000] {dag.py:4180} INFO - Setting next_dagrun for dowload_rocket_launches to None, run_after=None
[2025-03-30T11:43:06.235+0000] {processor.py:208} INFO - Processing /opt/airflow/dags/dowload_rocker_launches.py took 0.026 seconds
[2025-03-30T11:43:36.364+0000] {processor.py:186} INFO - Started process (PID=2434) to work on /opt/airflow/dags/dowload_rocker_launches.py
[2025-03-30T11:43:36.365+0000] {processor.py:914} INFO - Processing file /opt/airflow/dags/dowload_rocker_launches.py for tasks to queue
[2025-03-30T11:43:36.365+0000] {logging_mixin.py:190} INFO - [2025-03-30T11:43:36.365+0000] {dagbag.py:588} INFO - Filling up the DagBag from /opt/airflow/dags/dowload_rocker_launches.py
[2025-03-30T11:43:36.368+0000] {processor.py:925} INFO - DAG(s) 'dowload_rocket_launches' retrieved from /opt/airflow/dags/dowload_rocker_launches.py
[2025-03-30T11:43:36.378+0000] {logging_mixin.py:190} INFO - [2025-03-30T11:43:36.378+0000] {dag.py:3239} INFO - Sync 1 DAGs
[2025-03-30T11:43:36.382+0000] {logging_mixin.py:190} INFO - [2025-03-30T11:43:36.382+0000] {dag.py:4180} INFO - Setting next_dagrun for dowload_rocket_launches to None, run_after=None
[2025-03-30T11:43:36.388+0000] {processor.py:208} INFO - Processing /opt/airflow/dags/dowload_rocker_launches.py took 0.026 seconds
[2025-03-30T11:44:06.453+0000] {processor.py:186} INFO - Started process (PID=2497) to work on /opt/airflow/dags/dowload_rocker_launches.py
[2025-03-30T11:44:06.454+0000] {processor.py:914} INFO - Processing file /opt/airflow/dags/dowload_rocker_launches.py for tasks to queue
[2025-03-30T11:44:06.455+0000] {logging_mixin.py:190} INFO - [2025-03-30T11:44:06.455+0000] {dagbag.py:588} INFO - Filling up the DagBag from /opt/airflow/dags/dowload_rocker_launches.py
[2025-03-30T11:44:06.460+0000] {processor.py:925} INFO - DAG(s) 'dowload_rocket_launches' retrieved from /opt/airflow/dags/dowload_rocker_launches.py
[2025-03-30T11:44:06.470+0000] {logging_mixin.py:190} INFO - [2025-03-30T11:44:06.470+0000] {dag.py:3239} INFO - Sync 1 DAGs
[2025-03-30T11:44:06.476+0000] {logging_mixin.py:190} INFO - [2025-03-30T11:44:06.476+0000] {dag.py:4180} INFO - Setting next_dagrun for dowload_rocket_launches to None, run_after=None
[2025-03-30T11:44:06.483+0000] {processor.py:208} INFO - Processing /opt/airflow/dags/dowload_rocker_launches.py took 0.034 seconds
[2025-03-30T11:44:36.546+0000] {processor.py:186} INFO - Started process (PID=2561) to work on /opt/airflow/dags/dowload_rocker_launches.py
[2025-03-30T11:44:36.547+0000] {processor.py:914} INFO - Processing file /opt/airflow/dags/dowload_rocker_launches.py for tasks to queue
[2025-03-30T11:44:36.548+0000] {logging_mixin.py:190} INFO - [2025-03-30T11:44:36.548+0000] {dagbag.py:588} INFO - Filling up the DagBag from /opt/airflow/dags/dowload_rocker_launches.py
[2025-03-30T11:44:36.553+0000] {processor.py:925} INFO - DAG(s) 'dowload_rocket_launches' retrieved from /opt/airflow/dags/dowload_rocker_launches.py
[2025-03-30T11:44:36.562+0000] {logging_mixin.py:190} INFO - [2025-03-30T11:44:36.562+0000] {dag.py:3239} INFO - Sync 1 DAGs
[2025-03-30T11:44:36.568+0000] {logging_mixin.py:190} INFO - [2025-03-30T11:44:36.568+0000] {dag.py:4180} INFO - Setting next_dagrun for dowload_rocket_launches to None, run_after=None
[2025-03-30T11:44:36.575+0000] {processor.py:208} INFO - Processing /opt/airflow/dags/dowload_rocker_launches.py took 0.032 seconds
[2025-03-30T12:15:54.695+0000] {processor.py:186} INFO - Started process (PID=41) to work on /opt/airflow/dags/dowload_rocker_launches.py
[2025-03-30T12:15:54.696+0000] {processor.py:914} INFO - Processing file /opt/airflow/dags/dowload_rocker_launches.py for tasks to queue
[2025-03-30T12:15:54.698+0000] {logging_mixin.py:190} INFO - [2025-03-30T12:15:54.698+0000] {dagbag.py:588} INFO - Filling up the DagBag from /opt/airflow/dags/dowload_rocker_launches.py
[2025-03-30T12:15:54.712+0000] {processor.py:925} INFO - DAG(s) 'dowload_rocket_launches' retrieved from /opt/airflow/dags/dowload_rocker_launches.py
[2025-03-30T12:15:54.746+0000] {logging_mixin.py:190} INFO - [2025-03-30T12:15:54.746+0000] {dag.py:3239} INFO - Sync 1 DAGs
[2025-03-30T12:15:54.755+0000] {logging_mixin.py:190} INFO - [2025-03-30T12:15:54.754+0000] {dag.py:4180} INFO - Setting next_dagrun for dowload_rocket_launches to None, run_after=None
[2025-03-30T12:15:54.763+0000] {processor.py:208} INFO - Processing /opt/airflow/dags/dowload_rocker_launches.py took 0.071 seconds
[2025-03-30T12:16:25.000+0000] {processor.py:186} INFO - Started process (PID=48) to work on /opt/airflow/dags/dowload_rocker_launches.py
[2025-03-30T12:16:25.001+0000] {processor.py:914} INFO - Processing file /opt/airflow/dags/dowload_rocker_launches.py for tasks to queue
[2025-03-30T12:16:25.004+0000] {logging_mixin.py:190} INFO - [2025-03-30T12:16:25.004+0000] {dagbag.py:588} INFO - Filling up the DagBag from /opt/airflow/dags/dowload_rocker_launches.py
[2025-03-30T12:16:25.013+0000] {processor.py:925} INFO - DAG(s) 'dowload_rocket_launches' retrieved from /opt/airflow/dags/dowload_rocker_launches.py
[2025-03-30T12:16:25.030+0000] {logging_mixin.py:190} INFO - [2025-03-30T12:16:25.029+0000] {dag.py:3239} INFO - Sync 1 DAGs
[2025-03-30T12:16:25.036+0000] {logging_mixin.py:190} INFO - [2025-03-30T12:16:25.036+0000] {dag.py:4180} INFO - Setting next_dagrun for dowload_rocket_launches to None, run_after=None
[2025-03-30T12:16:25.042+0000] {processor.py:208} INFO - Processing /opt/airflow/dags/dowload_rocker_launches.py took 0.047 seconds
[2025-03-30T12:16:55.292+0000] {processor.py:186} INFO - Started process (PID=55) to work on /opt/airflow/dags/dowload_rocker_launches.py
[2025-03-30T12:16:55.293+0000] {processor.py:914} INFO - Processing file /opt/airflow/dags/dowload_rocker_launches.py for tasks to queue
[2025-03-30T12:16:55.294+0000] {logging_mixin.py:190} INFO - [2025-03-30T12:16:55.294+0000] {dagbag.py:588} INFO - Filling up the DagBag from /opt/airflow/dags/dowload_rocker_launches.py
[2025-03-30T12:16:55.301+0000] {processor.py:925} INFO - DAG(s) 'dowload_rocket_launches' retrieved from /opt/airflow/dags/dowload_rocker_launches.py
[2025-03-30T12:16:55.313+0000] {logging_mixin.py:190} INFO - [2025-03-30T12:16:55.313+0000] {dag.py:3239} INFO - Sync 1 DAGs
[2025-03-30T12:16:55.319+0000] {logging_mixin.py:190} INFO - [2025-03-30T12:16:55.319+0000] {dag.py:4180} INFO - Setting next_dagrun for dowload_rocket_launches to None, run_after=None
[2025-03-30T12:16:55.326+0000] {processor.py:208} INFO - Processing /opt/airflow/dags/dowload_rocker_launches.py took 0.037 seconds
[2025-03-30T12:17:25.565+0000] {processor.py:186} INFO - Started process (PID=62) to work on /opt/airflow/dags/dowload_rocker_launches.py
[2025-03-30T12:17:25.565+0000] {processor.py:914} INFO - Processing file /opt/airflow/dags/dowload_rocker_launches.py for tasks to queue
[2025-03-30T12:17:25.566+0000] {logging_mixin.py:190} INFO - [2025-03-30T12:17:25.566+0000] {dagbag.py:588} INFO - Filling up the DagBag from /opt/airflow/dags/dowload_rocker_launches.py
[2025-03-30T12:17:25.570+0000] {processor.py:925} INFO - DAG(s) 'dowload_rocket_launches' retrieved from /opt/airflow/dags/dowload_rocker_launches.py
[2025-03-30T12:17:25.580+0000] {logging_mixin.py:190} INFO - [2025-03-30T12:17:25.580+0000] {dag.py:3239} INFO - Sync 1 DAGs
[2025-03-30T12:17:25.585+0000] {logging_mixin.py:190} INFO - [2025-03-30T12:17:25.584+0000] {dag.py:4180} INFO - Setting next_dagrun for dowload_rocket_launches to None, run_after=None
[2025-03-30T12:17:25.590+0000] {processor.py:208} INFO - Processing /opt/airflow/dags/dowload_rocker_launches.py took 0.028 seconds
[2025-03-30T12:17:55.893+0000] {processor.py:186} INFO - Started process (PID=69) to work on /opt/airflow/dags/dowload_rocker_launches.py
[2025-03-30T12:17:55.894+0000] {processor.py:914} INFO - Processing file /opt/airflow/dags/dowload_rocker_launches.py for tasks to queue
[2025-03-30T12:17:55.897+0000] {logging_mixin.py:190} INFO - [2025-03-30T12:17:55.897+0000] {dagbag.py:588} INFO - Filling up the DagBag from /opt/airflow/dags/dowload_rocker_launches.py
[2025-03-30T12:17:55.907+0000] {processor.py:925} INFO - DAG(s) 'dowload_rocket_launches' retrieved from /opt/airflow/dags/dowload_rocker_launches.py
[2025-03-30T12:17:55.927+0000] {logging_mixin.py:190} INFO - [2025-03-30T12:17:55.927+0000] {dag.py:3239} INFO - Sync 1 DAGs
[2025-03-30T12:17:55.933+0000] {logging_mixin.py:190} INFO - [2025-03-30T12:17:55.933+0000] {dag.py:4180} INFO - Setting next_dagrun for dowload_rocket_launches to None, run_after=None
[2025-03-30T12:17:55.939+0000] {processor.py:208} INFO - Processing /opt/airflow/dags/dowload_rocker_launches.py took 0.052 seconds
[2025-03-30T12:18:26.201+0000] {processor.py:186} INFO - Started process (PID=76) to work on /opt/airflow/dags/dowload_rocker_launches.py
[2025-03-30T12:18:26.201+0000] {processor.py:914} INFO - Processing file /opt/airflow/dags/dowload_rocker_launches.py for tasks to queue
[2025-03-30T12:18:26.203+0000] {logging_mixin.py:190} INFO - [2025-03-30T12:18:26.203+0000] {dagbag.py:588} INFO - Filling up the DagBag from /opt/airflow/dags/dowload_rocker_launches.py
[2025-03-30T12:18:26.210+0000] {processor.py:925} INFO - DAG(s) 'dowload_rocket_launches' retrieved from /opt/airflow/dags/dowload_rocker_launches.py
[2025-03-30T12:18:26.227+0000] {logging_mixin.py:190} INFO - [2025-03-30T12:18:26.227+0000] {dag.py:3239} INFO - Sync 1 DAGs
[2025-03-30T12:18:26.234+0000] {logging_mixin.py:190} INFO - [2025-03-30T12:18:26.234+0000] {dag.py:4180} INFO - Setting next_dagrun for dowload_rocket_launches to None, run_after=None
[2025-03-30T12:18:26.240+0000] {processor.py:208} INFO - Processing /opt/airflow/dags/dowload_rocker_launches.py took 0.045 seconds
[2025-03-30T12:18:56.514+0000] {processor.py:186} INFO - Started process (PID=83) to work on /opt/airflow/dags/dowload_rocker_launches.py
[2025-03-30T12:18:56.515+0000] {processor.py:914} INFO - Processing file /opt/airflow/dags/dowload_rocker_launches.py for tasks to queue
[2025-03-30T12:18:56.516+0000] {logging_mixin.py:190} INFO - [2025-03-30T12:18:56.516+0000] {dagbag.py:588} INFO - Filling up the DagBag from /opt/airflow/dags/dowload_rocker_launches.py
[2025-03-30T12:18:56.524+0000] {processor.py:925} INFO - DAG(s) 'dowload_rocket_launches' retrieved from /opt/airflow/dags/dowload_rocker_launches.py
[2025-03-30T12:18:56.541+0000] {logging_mixin.py:190} INFO - [2025-03-30T12:18:56.541+0000] {dag.py:3239} INFO - Sync 1 DAGs
[2025-03-30T12:18:56.550+0000] {logging_mixin.py:190} INFO - [2025-03-30T12:18:56.550+0000] {dag.py:4180} INFO - Setting next_dagrun for dowload_rocket_launches to None, run_after=None
[2025-03-30T12:18:56.557+0000] {processor.py:208} INFO - Processing /opt/airflow/dags/dowload_rocker_launches.py took 0.048 seconds
[2025-03-30T12:19:26.797+0000] {processor.py:186} INFO - Started process (PID=96) to work on /opt/airflow/dags/dowload_rocker_launches.py
[2025-03-30T12:19:26.797+0000] {processor.py:914} INFO - Processing file /opt/airflow/dags/dowload_rocker_launches.py for tasks to queue
[2025-03-30T12:19:26.799+0000] {logging_mixin.py:190} INFO - [2025-03-30T12:19:26.798+0000] {dagbag.py:588} INFO - Filling up the DagBag from /opt/airflow/dags/dowload_rocker_launches.py
[2025-03-30T12:19:26.807+0000] {processor.py:925} INFO - DAG(s) 'dowload_rocket_launches' retrieved from /opt/airflow/dags/dowload_rocker_launches.py
[2025-03-30T12:19:26.821+0000] {logging_mixin.py:190} INFO - [2025-03-30T12:19:26.821+0000] {dag.py:3239} INFO - Sync 1 DAGs
[2025-03-30T12:19:26.827+0000] {logging_mixin.py:190} INFO - [2025-03-30T12:19:26.827+0000] {dag.py:4180} INFO - Setting next_dagrun for dowload_rocket_launches to None, run_after=None
[2025-03-30T12:19:26.832+0000] {processor.py:208} INFO - Processing /opt/airflow/dags/dowload_rocker_launches.py took 0.040 seconds
[2025-03-30T12:19:57.086+0000] {processor.py:186} INFO - Started process (PID=103) to work on /opt/airflow/dags/dowload_rocker_launches.py
[2025-03-30T12:19:57.087+0000] {processor.py:914} INFO - Processing file /opt/airflow/dags/dowload_rocker_launches.py for tasks to queue
[2025-03-30T12:19:57.089+0000] {logging_mixin.py:190} INFO - [2025-03-30T12:19:57.089+0000] {dagbag.py:588} INFO - Filling up the DagBag from /opt/airflow/dags/dowload_rocker_launches.py
[2025-03-30T12:19:57.096+0000] {processor.py:925} INFO - DAG(s) 'dowload_rocket_launches' retrieved from /opt/airflow/dags/dowload_rocker_launches.py
[2025-03-30T12:19:57.111+0000] {logging_mixin.py:190} INFO - [2025-03-30T12:19:57.111+0000] {dag.py:3239} INFO - Sync 1 DAGs
[2025-03-30T12:19:57.118+0000] {logging_mixin.py:190} INFO - [2025-03-30T12:19:57.118+0000] {dag.py:4180} INFO - Setting next_dagrun for dowload_rocket_launches to None, run_after=None
[2025-03-30T12:19:57.123+0000] {processor.py:208} INFO - Processing /opt/airflow/dags/dowload_rocker_launches.py took 0.042 seconds
[2025-03-30T12:20:27.390+0000] {processor.py:186} INFO - Started process (PID=110) to work on /opt/airflow/dags/dowload_rocker_launches.py
[2025-03-30T12:20:27.391+0000] {processor.py:914} INFO - Processing file /opt/airflow/dags/dowload_rocker_launches.py for tasks to queue
[2025-03-30T12:20:27.393+0000] {logging_mixin.py:190} INFO - [2025-03-30T12:20:27.393+0000] {dagbag.py:588} INFO - Filling up the DagBag from /opt/airflow/dags/dowload_rocker_launches.py
[2025-03-30T12:20:27.400+0000] {processor.py:925} INFO - DAG(s) 'dowload_rocket_launches' retrieved from /opt/airflow/dags/dowload_rocker_launches.py
[2025-03-30T12:20:27.416+0000] {logging_mixin.py:190} INFO - [2025-03-30T12:20:27.416+0000] {dag.py:3239} INFO - Sync 1 DAGs
[2025-03-30T12:20:27.423+0000] {logging_mixin.py:190} INFO - [2025-03-30T12:20:27.423+0000] {dag.py:4180} INFO - Setting next_dagrun for dowload_rocket_launches to None, run_after=None
[2025-03-30T12:20:27.434+0000] {processor.py:208} INFO - Processing /opt/airflow/dags/dowload_rocker_launches.py took 0.049 seconds
[2025-03-30T12:20:57.676+0000] {processor.py:186} INFO - Started process (PID=117) to work on /opt/airflow/dags/dowload_rocker_launches.py
[2025-03-30T12:20:57.677+0000] {processor.py:914} INFO - Processing file /opt/airflow/dags/dowload_rocker_launches.py for tasks to queue
[2025-03-30T12:20:57.679+0000] {logging_mixin.py:190} INFO - [2025-03-30T12:20:57.678+0000] {dagbag.py:588} INFO - Filling up the DagBag from /opt/airflow/dags/dowload_rocker_launches.py
[2025-03-30T12:20:57.685+0000] {processor.py:925} INFO - DAG(s) 'dowload_rocket_launches' retrieved from /opt/airflow/dags/dowload_rocker_launches.py
[2025-03-30T12:20:57.701+0000] {logging_mixin.py:190} INFO - [2025-03-30T12:20:57.701+0000] {dag.py:3239} INFO - Sync 1 DAGs
[2025-03-30T12:20:57.708+0000] {logging_mixin.py:190} INFO - [2025-03-30T12:20:57.708+0000] {dag.py:4180} INFO - Setting next_dagrun for dowload_rocket_launches to None, run_after=None
[2025-03-30T12:20:57.715+0000] {processor.py:208} INFO - Processing /opt/airflow/dags/dowload_rocker_launches.py took 0.044 seconds
[2025-03-30T12:21:27.992+0000] {processor.py:186} INFO - Started process (PID=124) to work on /opt/airflow/dags/dowload_rocker_launches.py
[2025-03-30T12:21:27.992+0000] {processor.py:914} INFO - Processing file /opt/airflow/dags/dowload_rocker_launches.py for tasks to queue
[2025-03-30T12:21:27.994+0000] {logging_mixin.py:190} INFO - [2025-03-30T12:21:27.994+0000] {dagbag.py:588} INFO - Filling up the DagBag from /opt/airflow/dags/dowload_rocker_launches.py
[2025-03-30T12:21:28.002+0000] {processor.py:925} INFO - DAG(s) 'dowload_rocket_launches' retrieved from /opt/airflow/dags/dowload_rocker_launches.py
[2025-03-30T12:21:28.019+0000] {logging_mixin.py:190} INFO - [2025-03-30T12:21:28.019+0000] {dag.py:3239} INFO - Sync 1 DAGs
[2025-03-30T12:21:28.027+0000] {logging_mixin.py:190} INFO - [2025-03-30T12:21:28.027+0000] {dag.py:4180} INFO - Setting next_dagrun for dowload_rocket_launches to None, run_after=None
[2025-03-30T12:21:28.034+0000] {processor.py:208} INFO - Processing /opt/airflow/dags/dowload_rocker_launches.py took 0.048 seconds
[2025-03-30T12:21:58.295+0000] {processor.py:186} INFO - Started process (PID=131) to work on /opt/airflow/dags/dowload_rocker_launches.py
[2025-03-30T12:21:58.297+0000] {processor.py:914} INFO - Processing file /opt/airflow/dags/dowload_rocker_launches.py for tasks to queue
[2025-03-30T12:21:58.299+0000] {logging_mixin.py:190} INFO - [2025-03-30T12:21:58.298+0000] {dagbag.py:588} INFO - Filling up the DagBag from /opt/airflow/dags/dowload_rocker_launches.py
[2025-03-30T12:21:58.310+0000] {processor.py:925} INFO - DAG(s) 'dowload_rocket_launches' retrieved from /opt/airflow/dags/dowload_rocker_launches.py
[2025-03-30T12:21:58.324+0000] {logging_mixin.py:190} INFO - [2025-03-30T12:21:58.324+0000] {dag.py:3239} INFO - Sync 1 DAGs
[2025-03-30T12:21:58.332+0000] {logging_mixin.py:190} INFO - [2025-03-30T12:21:58.332+0000] {dag.py:4180} INFO - Setting next_dagrun for dowload_rocket_launches to None, run_after=None
[2025-03-30T12:21:58.339+0000] {processor.py:208} INFO - Processing /opt/airflow/dags/dowload_rocker_launches.py took 0.051 seconds
[2025-03-30T12:22:28.584+0000] {processor.py:186} INFO - Started process (PID=138) to work on /opt/airflow/dags/dowload_rocker_launches.py
[2025-03-30T12:22:28.585+0000] {processor.py:914} INFO - Processing file /opt/airflow/dags/dowload_rocker_launches.py for tasks to queue
[2025-03-30T12:22:28.587+0000] {logging_mixin.py:190} INFO - [2025-03-30T12:22:28.587+0000] {dagbag.py:588} INFO - Filling up the DagBag from /opt/airflow/dags/dowload_rocker_launches.py
[2025-03-30T12:22:28.594+0000] {processor.py:925} INFO - DAG(s) 'dowload_rocket_launches' retrieved from /opt/airflow/dags/dowload_rocker_launches.py
[2025-03-30T12:22:28.607+0000] {logging_mixin.py:190} INFO - [2025-03-30T12:22:28.606+0000] {dag.py:3239} INFO - Sync 1 DAGs
[2025-03-30T12:22:28.613+0000] {logging_mixin.py:190} INFO - [2025-03-30T12:22:28.613+0000] {dag.py:4180} INFO - Setting next_dagrun for dowload_rocket_launches to None, run_after=None
[2025-03-30T12:22:28.618+0000] {processor.py:208} INFO - Processing /opt/airflow/dags/dowload_rocker_launches.py took 0.039 seconds
[2025-03-30T12:22:58.865+0000] {processor.py:186} INFO - Started process (PID=145) to work on /opt/airflow/dags/dowload_rocker_launches.py
[2025-03-30T12:22:58.866+0000] {processor.py:914} INFO - Processing file /opt/airflow/dags/dowload_rocker_launches.py for tasks to queue
[2025-03-30T12:22:58.868+0000] {logging_mixin.py:190} INFO - [2025-03-30T12:22:58.868+0000] {dagbag.py:588} INFO - Filling up the DagBag from /opt/airflow/dags/dowload_rocker_launches.py
[2025-03-30T12:22:58.874+0000] {processor.py:925} INFO - DAG(s) 'dowload_rocket_launches' retrieved from /opt/airflow/dags/dowload_rocker_launches.py
[2025-03-30T12:22:58.886+0000] {logging_mixin.py:190} INFO - [2025-03-30T12:22:58.886+0000] {dag.py:3239} INFO - Sync 1 DAGs
[2025-03-30T12:22:58.892+0000] {logging_mixin.py:190} INFO - [2025-03-30T12:22:58.892+0000] {dag.py:4180} INFO - Setting next_dagrun for dowload_rocket_launches to None, run_after=None
[2025-03-30T12:22:58.898+0000] {processor.py:208} INFO - Processing /opt/airflow/dags/dowload_rocker_launches.py took 0.039 seconds
[2025-03-30T12:23:29.134+0000] {processor.py:186} INFO - Started process (PID=152) to work on /opt/airflow/dags/dowload_rocker_launches.py
[2025-03-30T12:23:29.135+0000] {processor.py:914} INFO - Processing file /opt/airflow/dags/dowload_rocker_launches.py for tasks to queue
[2025-03-30T12:23:29.136+0000] {logging_mixin.py:190} INFO - [2025-03-30T12:23:29.136+0000] {dagbag.py:588} INFO - Filling up the DagBag from /opt/airflow/dags/dowload_rocker_launches.py
[2025-03-30T12:23:29.142+0000] {processor.py:925} INFO - DAG(s) 'dowload_rocket_launches' retrieved from /opt/airflow/dags/dowload_rocker_launches.py
[2025-03-30T12:23:29.158+0000] {logging_mixin.py:190} INFO - [2025-03-30T12:23:29.158+0000] {dag.py:3239} INFO - Sync 1 DAGs
[2025-03-30T12:23:29.164+0000] {logging_mixin.py:190} INFO - [2025-03-30T12:23:29.164+0000] {dag.py:4180} INFO - Setting next_dagrun for dowload_rocket_launches to None, run_after=None
[2025-03-30T12:23:29.170+0000] {processor.py:208} INFO - Processing /opt/airflow/dags/dowload_rocker_launches.py took 0.040 seconds
[2025-03-30T12:23:59.401+0000] {processor.py:186} INFO - Started process (PID=159) to work on /opt/airflow/dags/dowload_rocker_launches.py
[2025-03-30T12:23:59.402+0000] {processor.py:914} INFO - Processing file /opt/airflow/dags/dowload_rocker_launches.py for tasks to queue
[2025-03-30T12:23:59.404+0000] {logging_mixin.py:190} INFO - [2025-03-30T12:23:59.404+0000] {dagbag.py:588} INFO - Filling up the DagBag from /opt/airflow/dags/dowload_rocker_launches.py
[2025-03-30T12:23:59.410+0000] {processor.py:925} INFO - DAG(s) 'dowload_rocket_launches' retrieved from /opt/airflow/dags/dowload_rocker_launches.py
[2025-03-30T12:23:59.428+0000] {logging_mixin.py:190} INFO - [2025-03-30T12:23:59.428+0000] {dag.py:3239} INFO - Sync 1 DAGs
[2025-03-30T12:23:59.435+0000] {logging_mixin.py:190} INFO - [2025-03-30T12:23:59.435+0000] {dag.py:4180} INFO - Setting next_dagrun for dowload_rocket_launches to None, run_after=None
[2025-03-30T12:23:59.441+0000] {processor.py:208} INFO - Processing /opt/airflow/dags/dowload_rocker_launches.py took 0.045 seconds
[2025-03-30T12:24:29.652+0000] {processor.py:186} INFO - Started process (PID=166) to work on /opt/airflow/dags/dowload_rocker_launches.py
[2025-03-30T12:24:29.652+0000] {processor.py:914} INFO - Processing file /opt/airflow/dags/dowload_rocker_launches.py for tasks to queue
[2025-03-30T12:24:29.655+0000] {logging_mixin.py:190} INFO - [2025-03-30T12:24:29.654+0000] {dagbag.py:588} INFO - Filling up the DagBag from /opt/airflow/dags/dowload_rocker_launches.py
[2025-03-30T12:24:29.663+0000] {processor.py:925} INFO - DAG(s) 'dowload_rocket_launches' retrieved from /opt/airflow/dags/dowload_rocker_launches.py
[2025-03-30T12:24:29.680+0000] {logging_mixin.py:190} INFO - [2025-03-30T12:24:29.680+0000] {dag.py:3239} INFO - Sync 1 DAGs
[2025-03-30T12:24:29.686+0000] {logging_mixin.py:190} INFO - [2025-03-30T12:24:29.686+0000] {dag.py:4180} INFO - Setting next_dagrun for dowload_rocket_launches to None, run_after=None
[2025-03-30T12:24:29.692+0000] {processor.py:208} INFO - Processing /opt/airflow/dags/dowload_rocker_launches.py took 0.046 seconds
[2025-03-30T12:24:59.948+0000] {processor.py:186} INFO - Started process (PID=173) to work on /opt/airflow/dags/dowload_rocker_launches.py
[2025-03-30T12:24:59.949+0000] {processor.py:914} INFO - Processing file /opt/airflow/dags/dowload_rocker_launches.py for tasks to queue
[2025-03-30T12:24:59.951+0000] {logging_mixin.py:190} INFO - [2025-03-30T12:24:59.951+0000] {dagbag.py:588} INFO - Filling up the DagBag from /opt/airflow/dags/dowload_rocker_launches.py
[2025-03-30T12:24:59.959+0000] {processor.py:925} INFO - DAG(s) 'dowload_rocket_launches' retrieved from /opt/airflow/dags/dowload_rocker_launches.py
[2025-03-30T12:24:59.977+0000] {logging_mixin.py:190} INFO - [2025-03-30T12:24:59.977+0000] {dag.py:3239} INFO - Sync 1 DAGs
[2025-03-30T12:24:59.983+0000] {logging_mixin.py:190} INFO - [2025-03-30T12:24:59.983+0000] {dag.py:4180} INFO - Setting next_dagrun for dowload_rocket_launches to None, run_after=None
[2025-03-30T12:24:59.989+0000] {processor.py:208} INFO - Processing /opt/airflow/dags/dowload_rocker_launches.py took 0.048 seconds
[2025-03-30T12:25:30.249+0000] {processor.py:186} INFO - Started process (PID=180) to work on /opt/airflow/dags/dowload_rocker_launches.py
[2025-03-30T12:25:30.250+0000] {processor.py:914} INFO - Processing file /opt/airflow/dags/dowload_rocker_launches.py for tasks to queue
[2025-03-30T12:25:30.252+0000] {logging_mixin.py:190} INFO - [2025-03-30T12:25:30.252+0000] {dagbag.py:588} INFO - Filling up the DagBag from /opt/airflow/dags/dowload_rocker_launches.py
[2025-03-30T12:25:30.261+0000] {processor.py:925} INFO - DAG(s) 'dowload_rocket_launches' retrieved from /opt/airflow/dags/dowload_rocker_launches.py
[2025-03-30T12:25:30.281+0000] {logging_mixin.py:190} INFO - [2025-03-30T12:25:30.280+0000] {dag.py:3239} INFO - Sync 1 DAGs
[2025-03-30T12:25:30.288+0000] {logging_mixin.py:190} INFO - [2025-03-30T12:25:30.288+0000] {dag.py:4180} INFO - Setting next_dagrun for dowload_rocket_launches to None, run_after=None
[2025-03-30T12:25:30.296+0000] {processor.py:208} INFO - Processing /opt/airflow/dags/dowload_rocker_launches.py took 0.052 seconds
[2025-03-30T12:26:00.562+0000] {processor.py:186} INFO - Started process (PID=186) to work on /opt/airflow/dags/dowload_rocker_launches.py
[2025-03-30T12:26:00.563+0000] {processor.py:914} INFO - Processing file /opt/airflow/dags/dowload_rocker_launches.py for tasks to queue
[2025-03-30T12:26:00.565+0000] {logging_mixin.py:190} INFO - [2025-03-30T12:26:00.565+0000] {dagbag.py:588} INFO - Filling up the DagBag from /opt/airflow/dags/dowload_rocker_launches.py
[2025-03-30T12:26:00.573+0000] {processor.py:925} INFO - DAG(s) 'dowload_rocket_launches' retrieved from /opt/airflow/dags/dowload_rocker_launches.py
[2025-03-30T12:26:00.587+0000] {logging_mixin.py:190} INFO - [2025-03-30T12:26:00.587+0000] {dag.py:3239} INFO - Sync 1 DAGs
[2025-03-30T12:26:00.593+0000] {logging_mixin.py:190} INFO - [2025-03-30T12:26:00.592+0000] {dag.py:4180} INFO - Setting next_dagrun for dowload_rocket_launches to None, run_after=None
[2025-03-30T12:26:00.598+0000] {processor.py:208} INFO - Processing /opt/airflow/dags/dowload_rocker_launches.py took 0.040 seconds
[2025-03-30T12:26:30.883+0000] {processor.py:186} INFO - Started process (PID=193) to work on /opt/airflow/dags/dowload_rocker_launches.py
[2025-03-30T12:26:30.884+0000] {processor.py:914} INFO - Processing file /opt/airflow/dags/dowload_rocker_launches.py for tasks to queue
[2025-03-30T12:26:30.885+0000] {logging_mixin.py:190} INFO - [2025-03-30T12:26:30.885+0000] {dagbag.py:588} INFO - Filling up the DagBag from /opt/airflow/dags/dowload_rocker_launches.py
[2025-03-30T12:26:30.892+0000] {processor.py:925} INFO - DAG(s) 'dowload_rocket_launches' retrieved from /opt/airflow/dags/dowload_rocker_launches.py
[2025-03-30T12:26:30.909+0000] {logging_mixin.py:190} INFO - [2025-03-30T12:26:30.909+0000] {dag.py:3239} INFO - Sync 1 DAGs
[2025-03-30T12:26:30.915+0000] {logging_mixin.py:190} INFO - [2025-03-30T12:26:30.915+0000] {dag.py:4180} INFO - Setting next_dagrun for dowload_rocket_launches to None, run_after=None
[2025-03-30T12:26:30.921+0000] {processor.py:208} INFO - Processing /opt/airflow/dags/dowload_rocker_launches.py took 0.044 seconds
[2025-03-30T12:27:01.193+0000] {processor.py:186} INFO - Started process (PID=200) to work on /opt/airflow/dags/dowload_rocker_launches.py
[2025-03-30T12:27:01.193+0000] {processor.py:914} INFO - Processing file /opt/airflow/dags/dowload_rocker_launches.py for tasks to queue
[2025-03-30T12:27:01.196+0000] {logging_mixin.py:190} INFO - [2025-03-30T12:27:01.196+0000] {dagbag.py:588} INFO - Filling up the DagBag from /opt/airflow/dags/dowload_rocker_launches.py
[2025-03-30T12:27:01.203+0000] {processor.py:925} INFO - DAG(s) 'dowload_rocket_launches' retrieved from /opt/airflow/dags/dowload_rocker_launches.py
[2025-03-30T12:27:01.219+0000] {logging_mixin.py:190} INFO - [2025-03-30T12:27:01.219+0000] {dag.py:3239} INFO - Sync 1 DAGs
[2025-03-30T12:27:01.226+0000] {logging_mixin.py:190} INFO - [2025-03-30T12:27:01.226+0000] {dag.py:4180} INFO - Setting next_dagrun for dowload_rocket_launches to None, run_after=None
[2025-03-30T12:27:01.232+0000] {processor.py:208} INFO - Processing /opt/airflow/dags/dowload_rocker_launches.py took 0.045 seconds
[2025-03-30T12:27:31.513+0000] {processor.py:186} INFO - Started process (PID=206) to work on /opt/airflow/dags/dowload_rocker_launches.py
[2025-03-30T12:27:31.514+0000] {processor.py:914} INFO - Processing file /opt/airflow/dags/dowload_rocker_launches.py for tasks to queue
[2025-03-30T12:27:31.517+0000] {logging_mixin.py:190} INFO - [2025-03-30T12:27:31.517+0000] {dagbag.py:588} INFO - Filling up the DagBag from /opt/airflow/dags/dowload_rocker_launches.py
[2025-03-30T12:27:31.527+0000] {processor.py:925} INFO - DAG(s) 'dowload_rocket_launches' retrieved from /opt/airflow/dags/dowload_rocker_launches.py
[2025-03-30T12:27:31.549+0000] {logging_mixin.py:190} INFO - [2025-03-30T12:27:31.549+0000] {dag.py:3239} INFO - Sync 1 DAGs
[2025-03-30T12:27:31.556+0000] {logging_mixin.py:190} INFO - [2025-03-30T12:27:31.556+0000] {dag.py:4180} INFO - Setting next_dagrun for dowload_rocket_launches to None, run_after=None
[2025-03-30T12:27:31.563+0000] {processor.py:208} INFO - Processing /opt/airflow/dags/dowload_rocker_launches.py took 0.057 seconds
[2025-03-30T12:28:01.788+0000] {processor.py:186} INFO - Started process (PID=213) to work on /opt/airflow/dags/dowload_rocker_launches.py
[2025-03-30T12:28:01.789+0000] {processor.py:914} INFO - Processing file /opt/airflow/dags/dowload_rocker_launches.py for tasks to queue
[2025-03-30T12:28:01.792+0000] {logging_mixin.py:190} INFO - [2025-03-30T12:28:01.791+0000] {dagbag.py:588} INFO - Filling up the DagBag from /opt/airflow/dags/dowload_rocker_launches.py
[2025-03-30T12:28:01.801+0000] {processor.py:925} INFO - DAG(s) 'dowload_rocket_launches' retrieved from /opt/airflow/dags/dowload_rocker_launches.py
[2025-03-30T12:28:01.818+0000] {logging_mixin.py:190} INFO - [2025-03-30T12:28:01.818+0000] {dag.py:3239} INFO - Sync 1 DAGs
[2025-03-30T12:28:01.824+0000] {logging_mixin.py:190} INFO - [2025-03-30T12:28:01.824+0000] {dag.py:4180} INFO - Setting next_dagrun for dowload_rocket_launches to None, run_after=None
[2025-03-30T12:28:01.831+0000] {processor.py:208} INFO - Processing /opt/airflow/dags/dowload_rocker_launches.py took 0.049 seconds
[2025-03-30T12:28:32.079+0000] {processor.py:186} INFO - Started process (PID=220) to work on /opt/airflow/dags/dowload_rocker_launches.py
[2025-03-30T12:28:32.080+0000] {processor.py:914} INFO - Processing file /opt/airflow/dags/dowload_rocker_launches.py for tasks to queue
[2025-03-30T12:28:32.081+0000] {logging_mixin.py:190} INFO - [2025-03-30T12:28:32.081+0000] {dagbag.py:588} INFO - Filling up the DagBag from /opt/airflow/dags/dowload_rocker_launches.py
[2025-03-30T12:28:32.089+0000] {processor.py:925} INFO - DAG(s) 'dowload_rocket_launches' retrieved from /opt/airflow/dags/dowload_rocker_launches.py
[2025-03-30T12:28:32.105+0000] {logging_mixin.py:190} INFO - [2025-03-30T12:28:32.105+0000] {dag.py:3239} INFO - Sync 1 DAGs
[2025-03-30T12:28:32.112+0000] {logging_mixin.py:190} INFO - [2025-03-30T12:28:32.112+0000] {dag.py:4180} INFO - Setting next_dagrun for dowload_rocket_launches to None, run_after=None
[2025-03-30T12:28:32.119+0000] {processor.py:208} INFO - Processing /opt/airflow/dags/dowload_rocker_launches.py took 0.044 seconds
