[2025-03-30T11:27:33.456+0000] {local_task_job_runner.py:123} INFO - ::group::Pre task execution logs
[2025-03-30T11:27:33.461+0000] {taskinstance.py:2614} INFO - Dependencies all met for dep_context=non-requeueable deps ti=<TaskInstance: dowload_rocket_launches.download_launches manual__2025-03-30T11:27:30.958266+00:00 [queued]>
[2025-03-30T11:27:33.463+0000] {taskinstance.py:2614} INFO - Dependencies all met for dep_context=requeueable deps ti=<TaskInstance: dowload_rocket_launches.download_launches manual__2025-03-30T11:27:30.958266+00:00 [queued]>
[2025-03-30T11:27:33.463+0000] {taskinstance.py:2867} INFO - Starting attempt 1 of 1
[2025-03-30T11:27:33.467+0000] {taskinstance.py:2890} INFO - Executing <Task(BashOperator): download_launches> on 2025-03-30 11:27:30.958266+00:00
[2025-03-30T11:27:33.470+0000] {warnings.py:112} WARNING - /home/***/.local/lib/python3.12/site-packages/***/task/task_runner/standard_task_runner.py:70: DeprecationWarning: This process (pid=96) is multi-threaded, use of fork() may lead to deadlocks in the child.
  pid = os.fork()

[2025-03-30T11:27:33.471+0000] {standard_task_runner.py:72} INFO - Started process 97 to run task
[2025-03-30T11:27:33.472+0000] {standard_task_runner.py:104} INFO - Running: ['***', 'tasks', 'run', 'dowload_rocket_launches', 'download_launches', 'manual__2025-03-30T11:27:30.958266+00:00', '--job-id', '41', '--raw', '--subdir', 'DAGS_FOLDER/dowload_rocker_launches.py', '--cfg-path', '/tmp/tmpsh4881sa']
[2025-03-30T11:27:33.472+0000] {standard_task_runner.py:105} INFO - Job 41: Subtask download_launches
[2025-03-30T11:27:33.602+0000] {task_command.py:467} INFO - Running <TaskInstance: dowload_rocket_launches.download_launches manual__2025-03-30T11:27:30.958266+00:00 [running]> on host 9bd2f46db7c9
[2025-03-30T11:27:33.634+0000] {taskinstance.py:3134} INFO - Exporting env vars: AIRFLOW_CTX_DAG_OWNER='***' AIRFLOW_CTX_DAG_ID='dowload_rocket_launches' AIRFLOW_CTX_TASK_ID='download_launches' AIRFLOW_CTX_EXECUTION_DATE='2025-03-30T11:27:30.958266+00:00' AIRFLOW_CTX_TRY_NUMBER='1' AIRFLOW_CTX_DAG_RUN_ID='manual__2025-03-30T11:27:30.958266+00:00'
[2025-03-30T11:27:33.634+0000] {logging_mixin.py:190} INFO - Task instance is in running state
[2025-03-30T11:27:33.634+0000] {logging_mixin.py:190} INFO -  Previous state of the Task instance: queued
[2025-03-30T11:27:33.634+0000] {logging_mixin.py:190} INFO - Current task name:download_launches state:running start_date:2025-03-30 11:27:33.461341+00:00
[2025-03-30T11:27:33.635+0000] {logging_mixin.py:190} INFO - Dag name:dowload_rocket_launches and current dag run status:running
[2025-03-30T11:27:33.635+0000] {taskinstance.py:732} INFO - ::endgroup::
[2025-03-30T11:27:33.636+0000] {subprocess.py:78} INFO - Tmp dir root location: /tmp
[2025-03-30T11:27:33.636+0000] {subprocess.py:88} INFO - Running command: ['/usr/bin/bash', '-c', "curl -o /tmp/launches.json -L 'https://ll.thespacedevs.com/2.0.0/launch/upcoming'"]
[2025-03-30T11:27:33.641+0000] {subprocess.py:99} INFO - Output:
[2025-03-30T11:27:33.645+0000] {subprocess.py:106} INFO -   % Total    % Received % Xferd  Average Speed   Time    Time     Time  Current
[2025-03-30T11:27:33.645+0000] {subprocess.py:106} INFO -                                  Dload  Upload   Total   Spent    Left  Speed
[2025-03-30T11:27:34.994+0000] {subprocess.py:106} INFO -   0     0    0     0    0     0      0      0 --:--:-- --:--:-- --:--:--     0  0     0    0     0    0     0      0      0 --:--:-- --:--:-- --:--:--     0  0     0    0     0    0     0      0      0 --:--:--  0:00:01 --:--:--     0
[2025-03-30T11:27:35.600+0000] {subprocess.py:106} INFO -   0 24692    0     0    0     0      0      0 --:--:--  0:00:01 --:--:--     0100 24692  100 24692    0     0  12631      0  0:00:01  0:00:01 --:--:-- 87871
[2025-03-30T11:27:35.603+0000] {subprocess.py:110} INFO - Command exited with return code 0
[2025-03-30T11:27:35.627+0000] {taskinstance.py:341} INFO - ::group::Post task execution logs
[2025-03-30T11:27:35.627+0000] {taskinstance.py:353} INFO - Marking task as SUCCESS. dag_id=dowload_rocket_launches, task_id=download_launches, run_id=manual__2025-03-30T11:27:30.958266+00:00, execution_date=20250330T112730, start_date=20250330T112733, end_date=20250330T112735
[2025-03-30T11:27:35.641+0000] {logging_mixin.py:190} INFO - Task instance in success state
[2025-03-30T11:27:35.641+0000] {logging_mixin.py:190} INFO -  Previous state of the Task instance: running
[2025-03-30T11:27:35.641+0000] {logging_mixin.py:190} INFO - Dag name:dowload_rocket_launches queued_at:2025-03-30 11:27:30.971694+00:00
[2025-03-30T11:27:35.641+0000] {logging_mixin.py:190} INFO - Task hostname:9bd2f46db7c9 operator:BashOperator
[2025-03-30T11:27:35.650+0000] {local_task_job_runner.py:266} INFO - Task exited with return code 0
[2025-03-30T11:27:35.746+0000] {taskinstance.py:3901} INFO - 1 downstream tasks scheduled from follow-on schedule check
[2025-03-30T11:27:35.746+0000] {local_task_job_runner.py:245} INFO - ::endgroup::
