[2025-03-30T11:27:58.464+0000] {local_task_job_runner.py:123} INFO - ::group::Pre task execution logs
[2025-03-30T11:27:58.475+0000] {taskinstance.py:2614} INFO - Dependencies all met for dep_context=non-requeueable deps ti=<TaskInstance: dowload_rocket_launches.notify manual__2025-03-30T11:27:30.958266+00:00 [queued]>
[2025-03-30T11:27:58.480+0000] {taskinstance.py:2614} INFO - Dependencies all met for dep_context=requeueable deps ti=<TaskInstance: dowload_rocket_launches.notify manual__2025-03-30T11:27:30.958266+00:00 [queued]>
[2025-03-30T11:27:58.480+0000] {taskinstance.py:2867} INFO - Starting attempt 1 of 1
[2025-03-30T11:27:58.555+0000] {taskinstance.py:2890} INFO - Executing <Task(BashOperator): notify> on 2025-03-30 11:27:30.958266+00:00
[2025-03-30T11:27:58.558+0000] {warnings.py:112} WARNING - /home/***/.local/lib/python3.12/site-packages/***/task/task_runner/standard_task_runner.py:70: DeprecationWarning: This process (pid=111) is multi-threaded, use of fork() may lead to deadlocks in the child.
  pid = os.fork()

[2025-03-30T11:27:58.558+0000] {standard_task_runner.py:72} INFO - Started process 112 to run task
[2025-03-30T11:27:58.559+0000] {standard_task_runner.py:104} INFO - Running: ['***', 'tasks', 'run', 'dowload_rocket_launches', 'notify', 'manual__2025-03-30T11:27:30.958266+00:00', '--job-id', '43', '--raw', '--subdir', 'DAGS_FOLDER/dowload_rocker_launches.py', '--cfg-path', '/tmp/tmpgjp8upnw']
[2025-03-30T11:27:58.559+0000] {standard_task_runner.py:105} INFO - Job 43: Subtask notify
[2025-03-30T11:27:58.578+0000] {task_command.py:467} INFO - Running <TaskInstance: dowload_rocket_launches.notify manual__2025-03-30T11:27:30.958266+00:00 [running]> on host 9bd2f46db7c9
[2025-03-30T11:27:58.601+0000] {taskinstance.py:3134} INFO - Exporting env vars: AIRFLOW_CTX_DAG_OWNER='***' AIRFLOW_CTX_DAG_ID='dowload_rocket_launches' AIRFLOW_CTX_TASK_ID='notify' AIRFLOW_CTX_EXECUTION_DATE='2025-03-30T11:27:30.958266+00:00' AIRFLOW_CTX_TRY_NUMBER='1' AIRFLOW_CTX_DAG_RUN_ID='manual__2025-03-30T11:27:30.958266+00:00'
[2025-03-30T11:27:58.602+0000] {logging_mixin.py:190} INFO - Task instance is in running state
[2025-03-30T11:27:58.602+0000] {logging_mixin.py:190} INFO -  Previous state of the Task instance: queued
[2025-03-30T11:27:58.602+0000] {logging_mixin.py:190} INFO - Current task name:notify state:running start_date:2025-03-30 11:27:58.475380+00:00
[2025-03-30T11:27:58.602+0000] {logging_mixin.py:190} INFO - Dag name:dowload_rocket_launches and current dag run status:running
[2025-03-30T11:27:58.602+0000] {taskinstance.py:732} INFO - ::endgroup::
[2025-03-30T11:27:58.603+0000] {subprocess.py:78} INFO - Tmp dir root location: /tmp
[2025-03-30T11:27:58.603+0000] {subprocess.py:88} INFO - Running command: ['/usr/bin/bash', '-c', 'echo "There are now $(ls /tmp/images/ | wc -l) images."']
[2025-03-30T11:27:58.607+0000] {subprocess.py:99} INFO - Output:
[2025-03-30T11:27:58.609+0000] {subprocess.py:106} INFO - There are now 7 images.
[2025-03-30T11:27:58.609+0000] {subprocess.py:110} INFO - Command exited with return code 0
[2025-03-30T11:27:58.617+0000] {taskinstance.py:341} INFO - ::group::Post task execution logs
[2025-03-30T11:27:58.617+0000] {taskinstance.py:353} INFO - Marking task as SUCCESS. dag_id=dowload_rocket_launches, task_id=notify, run_id=manual__2025-03-30T11:27:30.958266+00:00, execution_date=20250330T112730, start_date=20250330T112758, end_date=20250330T112758
[2025-03-30T11:27:58.623+0000] {logging_mixin.py:190} INFO - Task instance in success state
[2025-03-30T11:27:58.624+0000] {logging_mixin.py:190} INFO -  Previous state of the Task instance: running
[2025-03-30T11:27:58.624+0000] {logging_mixin.py:190} INFO - Dag name:dowload_rocket_launches queued_at:2025-03-30 11:27:30.971694+00:00
[2025-03-30T11:27:58.624+0000] {logging_mixin.py:190} INFO - Task hostname:9bd2f46db7c9 operator:BashOperator
[2025-03-30T11:27:58.657+0000] {local_task_job_runner.py:266} INFO - Task exited with return code 0
[2025-03-30T11:27:58.663+0000] {taskinstance.py:3901} INFO - 0 downstream tasks scheduled from follow-on schedule check
[2025-03-30T11:27:58.663+0000] {local_task_job_runner.py:245} INFO - ::endgroup::
