[2025-03-31T09:45:53.840+0000] {local_task_job_runner.py:123} INFO - ::group::Pre task execution logs
[2025-03-31T09:45:53.845+0000] {taskinstance.py:2614} INFO - Dependencies all met for dep_context=non-requeueable deps ti=<TaskInstance: dowload_rocket_launches.download_launches manual__2025-03-31T09:45:53.403547+00:00 [queued]>
[2025-03-31T09:45:53.847+0000] {taskinstance.py:2614} INFO - Dependencies all met for dep_context=requeueable deps ti=<TaskInstance: dowload_rocket_launches.download_launches manual__2025-03-31T09:45:53.403547+00:00 [queued]>
[2025-03-31T09:45:53.847+0000] {taskinstance.py:2867} INFO - Starting attempt 1 of 1
[2025-03-31T09:45:53.851+0000] {taskinstance.py:2890} INFO - Executing <Task(BashOperator): download_launches> on 2025-03-31 09:45:53.403547+00:00
[2025-03-31T09:45:53.853+0000] {warnings.py:112} WARNING - /home/***/.local/lib/python3.12/site-packages/***/task/task_runner/standard_task_runner.py:70: DeprecationWarning: This process (pid=180) is multi-threaded, use of fork() may lead to deadlocks in the child.
  pid = os.fork()

[2025-03-31T09:45:53.853+0000] {standard_task_runner.py:72} INFO - Started process 181 to run task
[2025-03-31T09:45:53.854+0000] {standard_task_runner.py:104} INFO - Running: ['***', 'tasks', 'run', 'dowload_rocket_launches', 'download_launches', 'manual__2025-03-31T09:45:53.403547+00:00', '--job-id', '56', '--raw', '--subdir', 'DAGS_FOLDER/dowload_rocker_launches.py', '--cfg-path', '/tmp/tmpkfjbm0dm']
[2025-03-31T09:45:53.854+0000] {standard_task_runner.py:105} INFO - Job 56: Subtask download_launches
[2025-03-31T09:45:53.874+0000] {task_command.py:467} INFO - Running <TaskInstance: dowload_rocket_launches.download_launches manual__2025-03-31T09:45:53.403547+00:00 [running]> on host 7c7b8750422e
[2025-03-31T09:45:53.903+0000] {taskinstance.py:3134} INFO - Exporting env vars: AIRFLOW_CTX_DAG_OWNER='***' AIRFLOW_CTX_DAG_ID='dowload_rocket_launches' AIRFLOW_CTX_TASK_ID='download_launches' AIRFLOW_CTX_EXECUTION_DATE='2025-03-31T09:45:53.403547+00:00' AIRFLOW_CTX_TRY_NUMBER='1' AIRFLOW_CTX_DAG_RUN_ID='manual__2025-03-31T09:45:53.403547+00:00'
[2025-03-31T09:45:53.903+0000] {taskinstance.py:732} INFO - ::endgroup::
[2025-03-31T09:45:53.908+0000] {subprocess.py:78} INFO - Tmp dir root location: /tmp
[2025-03-31T09:45:53.908+0000] {subprocess.py:88} INFO - Running command: ['/usr/bin/bash', '-c', "curl -o /tmp/launches.json -L 'https://ll.thespacedevs.com/2.0.0/launch/upcoming'"]
[2025-03-31T09:45:53.911+0000] {subprocess.py:99} INFO - Output:
[2025-03-31T09:45:53.920+0000] {subprocess.py:106} INFO -   % Total    % Received % Xferd  Average Speed   Time    Time     Time  Current
[2025-03-31T09:45:53.920+0000] {subprocess.py:106} INFO -                                  Dload  Upload   Total   Spent    Left  Speed
[2025-03-31T09:45:54.848+0000] {subprocess.py:106} INFO -   0     0    0     0    0     0      0      0 --:--:-- --:--:-- --:--:--     0  0     0    0     0    0     0      0      0 --:--:-- --:--:-- --:--:--     0  0     0    0     0    0     0      0      0 --:--:-- --:--:-- --:--:--     0
[2025-03-31T09:45:56.425+0000] {subprocess.py:106} INFO -   0     0    0     0    0     0      0      0 --:--:--  0:00:01 --:--:--     0100 26919  100 26919    0     0  10747      0  0:00:02  0:00:02 --:--:-- 46734
[2025-03-31T09:45:56.429+0000] {subprocess.py:110} INFO - Command exited with return code 0
[2025-03-31T09:45:56.455+0000] {taskinstance.py:341} INFO - ::group::Post task execution logs
[2025-03-31T09:45:56.456+0000] {taskinstance.py:353} INFO - Marking task as SUCCESS. dag_id=dowload_rocket_launches, task_id=download_launches, run_id=manual__2025-03-31T09:45:53.403547+00:00, execution_date=20250331T094553, start_date=20250331T094553, end_date=20250331T094556
[2025-03-31T09:45:56.491+0000] {local_task_job_runner.py:266} INFO - Task exited with return code 0
[2025-03-31T09:45:56.504+0000] {taskinstance.py:3901} INFO - 1 downstream tasks scheduled from follow-on schedule check
[2025-03-31T09:45:56.505+0000] {local_task_job_runner.py:245} INFO - ::endgroup::
