[2025-03-31T09:43:24.552+0000] {local_task_job_runner.py:123} INFO - ::group::Pre task execution logs
[2025-03-31T09:43:24.557+0000] {taskinstance.py:2614} INFO - Dependencies all met for dep_context=non-requeueable deps ti=<TaskInstance: dowload_rocket_launches.download_launches manual__2025-03-31T09:43:23.732352+00:00 [queued]>
[2025-03-31T09:43:24.559+0000] {taskinstance.py:2614} INFO - Dependencies all met for dep_context=requeueable deps ti=<TaskInstance: dowload_rocket_launches.download_launches manual__2025-03-31T09:43:23.732352+00:00 [queued]>
[2025-03-31T09:43:24.559+0000] {taskinstance.py:2867} INFO - Starting attempt 1 of 1
[2025-03-31T09:43:24.562+0000] {taskinstance.py:2890} INFO - Executing <Task(BashOperator): download_launches> on 2025-03-31 09:43:23.732352+00:00
[2025-03-31T09:43:24.564+0000] {warnings.py:112} WARNING - /home/***/.local/lib/python3.12/site-packages/***/task/task_runner/standard_task_runner.py:70: DeprecationWarning: This process (pid=76) is multi-threaded, use of fork() may lead to deadlocks in the child.
  pid = os.fork()

[2025-03-31T09:43:24.565+0000] {standard_task_runner.py:72} INFO - Started process 77 to run task
[2025-03-31T09:43:24.566+0000] {standard_task_runner.py:104} INFO - Running: ['***', 'tasks', 'run', 'dowload_rocket_launches', 'download_launches', 'manual__2025-03-31T09:43:23.732352+00:00', '--job-id', '53', '--raw', '--subdir', 'DAGS_FOLDER/dowload_rocker_launches.py', '--cfg-path', '/tmp/tmpjo25mrjn']
[2025-03-31T09:43:24.566+0000] {standard_task_runner.py:105} INFO - Job 53: Subtask download_launches
[2025-03-31T09:43:24.579+0000] {task_command.py:467} INFO - Running <TaskInstance: dowload_rocket_launches.download_launches manual__2025-03-31T09:43:23.732352+00:00 [running]> on host 7c7b8750422e
[2025-03-31T09:43:24.602+0000] {taskinstance.py:3134} INFO - Exporting env vars: AIRFLOW_CTX_DAG_OWNER='***' AIRFLOW_CTX_DAG_ID='dowload_rocket_launches' AIRFLOW_CTX_TASK_ID='download_launches' AIRFLOW_CTX_EXECUTION_DATE='2025-03-31T09:43:23.732352+00:00' AIRFLOW_CTX_TRY_NUMBER='1' AIRFLOW_CTX_DAG_RUN_ID='manual__2025-03-31T09:43:23.732352+00:00'
[2025-03-31T09:43:24.602+0000] {taskinstance.py:732} INFO - ::endgroup::
[2025-03-31T09:43:24.613+0000] {subprocess.py:78} INFO - Tmp dir root location: /tmp
[2025-03-31T09:43:24.614+0000] {subprocess.py:88} INFO - Running command: ['/usr/bin/bash', '-c', "curl -o /tmp/launches.json -L 'https://ll.thespacedevs.com/2.0.0/launch/upcoming'"]
[2025-03-31T09:43:24.617+0000] {subprocess.py:99} INFO - Output:
[2025-03-31T09:43:24.622+0000] {subprocess.py:106} INFO -   % Total    % Received % Xferd  Average Speed   Time    Time     Time  Current
[2025-03-31T09:43:24.622+0000] {subprocess.py:106} INFO -                                  Dload  Upload   Total   Spent    Left  Speed
[2025-03-31T09:43:25.516+0000] {subprocess.py:106} INFO -   0     0    0     0    0     0      0      0 --:--:-- --:--:-- --:--:--     0  0     0    0     0    0     0      0      0 --:--:-- --:--:-- --:--:--     0
[2025-03-31T09:43:26.813+0000] {subprocess.py:106} INFO -   0     0    0     0    0     0      0      0 --:--:--  0:00:01 --:--:--     0 43 26919   43 11570    0     0   5850      0  0:00:04  0:00:01  0:00:03  146k100 26919  100 26919    0     0  12283      0  0:00:02  0:00:02 --:--:-- 92505
[2025-03-31T09:43:26.818+0000] {subprocess.py:110} INFO - Command exited with return code 0
[2025-03-31T09:43:26.844+0000] {taskinstance.py:341} INFO - ::group::Post task execution logs
[2025-03-31T09:43:26.845+0000] {taskinstance.py:353} INFO - Marking task as SUCCESS. dag_id=dowload_rocket_launches, task_id=download_launches, run_id=manual__2025-03-31T09:43:23.732352+00:00, execution_date=20250331T094323, start_date=20250331T094324, end_date=20250331T094326
[2025-03-31T09:43:26.863+0000] {local_task_job_runner.py:266} INFO - Task exited with return code 0
[2025-03-31T09:43:26.875+0000] {taskinstance.py:3901} INFO - 1 downstream tasks scheduled from follow-on schedule check
[2025-03-31T09:43:26.876+0000] {local_task_job_runner.py:245} INFO - ::endgroup::
