[2025-03-30T03:32:19.385+0000] {processor.py:186} INFO - Started process (PID=46) to work on /home/airflow/.local/lib/python3.12/site-packages/airflow/example_dags/example_inlet_event_extra.py
[2025-03-30T03:32:19.385+0000] {processor.py:914} INFO - Processing file /home/airflow/.local/lib/python3.12/site-packages/airflow/example_dags/example_inlet_event_extra.py for tasks to queue
[2025-03-30T03:32:19.387+0000] {logging_mixin.py:190} INFO - [2025-03-30T03:32:19.387+0000] {dagbag.py:588} INFO - Filling up the DagBag from /home/airflow/.local/lib/python3.12/site-packages/airflow/example_dags/example_inlet_event_extra.py
[2025-03-30T03:32:20.307+0000] {processor.py:925} INFO - DAG(s) 'read_dataset_event', 'read_dataset_event_from_classic' retrieved from /home/airflow/.local/lib/python3.12/site-packages/airflow/example_dags/example_inlet_event_extra.py
[2025-03-30T03:32:20.323+0000] {logging_mixin.py:190} INFO - [2025-03-30T03:32:20.323+0000] {dag.py:3239} INFO - Sync 2 DAGs
[2025-03-30T03:32:20.334+0000] {logging_mixin.py:190} INFO - [2025-03-30T03:32:20.334+0000] {dag.py:4180} INFO - Setting next_dagrun for read_dataset_event to 2025-03-29 00:00:00+00:00, run_after=2025-03-30 00:00:00+00:00
[2025-03-30T03:32:20.336+0000] {logging_mixin.py:190} INFO - [2025-03-30T03:32:20.336+0000] {dag.py:4180} INFO - Setting next_dagrun for read_dataset_event_from_classic to 2025-03-29 00:00:00+00:00, run_after=2025-03-30 00:00:00+00:00
[2025-03-30T03:32:20.349+0000] {processor.py:208} INFO - Processing /home/airflow/.local/lib/python3.12/site-packages/airflow/example_dags/example_inlet_event_extra.py took 0.967 seconds
[2025-03-30T03:32:50.429+0000] {processor.py:186} INFO - Started process (PID=119) to work on /home/airflow/.local/lib/python3.12/site-packages/airflow/example_dags/example_inlet_event_extra.py
[2025-03-30T03:32:50.429+0000] {processor.py:914} INFO - Processing file /home/airflow/.local/lib/python3.12/site-packages/airflow/example_dags/example_inlet_event_extra.py for tasks to queue
[2025-03-30T03:32:50.430+0000] {logging_mixin.py:190} INFO - [2025-03-30T03:32:50.430+0000] {dagbag.py:588} INFO - Filling up the DagBag from /home/airflow/.local/lib/python3.12/site-packages/airflow/example_dags/example_inlet_event_extra.py
[2025-03-30T03:32:50.670+0000] {processor.py:925} INFO - DAG(s) 'read_dataset_event_from_classic', 'read_dataset_event' retrieved from /home/airflow/.local/lib/python3.12/site-packages/airflow/example_dags/example_inlet_event_extra.py
[2025-03-30T03:32:50.676+0000] {logging_mixin.py:190} INFO - [2025-03-30T03:32:50.675+0000] {dag.py:3239} INFO - Sync 2 DAGs
[2025-03-30T03:32:50.682+0000] {logging_mixin.py:190} INFO - [2025-03-30T03:32:50.682+0000] {dag.py:4180} INFO - Setting next_dagrun for read_dataset_event to 2025-03-29 00:00:00+00:00, run_after=2025-03-30 00:00:00+00:00
[2025-03-30T03:32:50.684+0000] {logging_mixin.py:190} INFO - [2025-03-30T03:32:50.684+0000] {dag.py:4180} INFO - Setting next_dagrun for read_dataset_event_from_classic to 2025-03-29 00:00:00+00:00, run_after=2025-03-30 00:00:00+00:00
[2025-03-30T03:32:50.688+0000] {processor.py:208} INFO - Processing /home/airflow/.local/lib/python3.12/site-packages/airflow/example_dags/example_inlet_event_extra.py took 0.261 seconds
[2025-03-30T03:33:21.700+0000] {processor.py:186} INFO - Started process (PID=193) to work on /home/airflow/.local/lib/python3.12/site-packages/airflow/example_dags/example_inlet_event_extra.py
[2025-03-30T03:33:21.701+0000] {processor.py:914} INFO - Processing file /home/airflow/.local/lib/python3.12/site-packages/airflow/example_dags/example_inlet_event_extra.py for tasks to queue
[2025-03-30T03:33:21.703+0000] {logging_mixin.py:190} INFO - [2025-03-30T03:33:21.703+0000] {dagbag.py:588} INFO - Filling up the DagBag from /home/airflow/.local/lib/python3.12/site-packages/airflow/example_dags/example_inlet_event_extra.py
[2025-03-30T03:33:21.957+0000] {processor.py:925} INFO - DAG(s) 'read_dataset_event_from_classic', 'read_dataset_event' retrieved from /home/airflow/.local/lib/python3.12/site-packages/airflow/example_dags/example_inlet_event_extra.py
[2025-03-30T03:33:21.967+0000] {logging_mixin.py:190} INFO - [2025-03-30T03:33:21.967+0000] {dag.py:3239} INFO - Sync 2 DAGs
[2025-03-30T03:33:21.975+0000] {logging_mixin.py:190} INFO - [2025-03-30T03:33:21.975+0000] {dag.py:4180} INFO - Setting next_dagrun for read_dataset_event to 2025-03-29 00:00:00+00:00, run_after=2025-03-30 00:00:00+00:00
[2025-03-30T03:33:21.977+0000] {logging_mixin.py:190} INFO - [2025-03-30T03:33:21.977+0000] {dag.py:4180} INFO - Setting next_dagrun for read_dataset_event_from_classic to 2025-03-29 00:00:00+00:00, run_after=2025-03-30 00:00:00+00:00
[2025-03-30T03:33:21.982+0000] {processor.py:208} INFO - Processing /home/airflow/.local/lib/python3.12/site-packages/airflow/example_dags/example_inlet_event_extra.py took 0.288 seconds
[2025-03-30T03:33:52.627+0000] {processor.py:186} INFO - Started process (PID=256) to work on /home/airflow/.local/lib/python3.12/site-packages/airflow/example_dags/example_inlet_event_extra.py
[2025-03-30T03:33:52.629+0000] {processor.py:914} INFO - Processing file /home/airflow/.local/lib/python3.12/site-packages/airflow/example_dags/example_inlet_event_extra.py for tasks to queue
[2025-03-30T03:33:52.632+0000] {logging_mixin.py:190} INFO - [2025-03-30T03:33:52.632+0000] {dagbag.py:588} INFO - Filling up the DagBag from /home/airflow/.local/lib/python3.12/site-packages/airflow/example_dags/example_inlet_event_extra.py
[2025-03-30T03:33:52.873+0000] {processor.py:925} INFO - DAG(s) 'read_dataset_event', 'read_dataset_event_from_classic' retrieved from /home/airflow/.local/lib/python3.12/site-packages/airflow/example_dags/example_inlet_event_extra.py
[2025-03-30T03:33:52.879+0000] {logging_mixin.py:190} INFO - [2025-03-30T03:33:52.879+0000] {dag.py:3239} INFO - Sync 2 DAGs
[2025-03-30T03:33:52.887+0000] {logging_mixin.py:190} INFO - [2025-03-30T03:33:52.887+0000] {dag.py:4180} INFO - Setting next_dagrun for read_dataset_event to 2025-03-29 00:00:00+00:00, run_after=2025-03-30 00:00:00+00:00
[2025-03-30T03:33:52.889+0000] {logging_mixin.py:190} INFO - [2025-03-30T03:33:52.889+0000] {dag.py:4180} INFO - Setting next_dagrun for read_dataset_event_from_classic to 2025-03-29 00:00:00+00:00, run_after=2025-03-30 00:00:00+00:00
[2025-03-30T03:33:52.894+0000] {processor.py:208} INFO - Processing /home/airflow/.local/lib/python3.12/site-packages/airflow/example_dags/example_inlet_event_extra.py took 0.273 seconds
[2025-03-30T03:34:23.610+0000] {processor.py:186} INFO - Started process (PID=319) to work on /home/airflow/.local/lib/python3.12/site-packages/airflow/example_dags/example_inlet_event_extra.py
[2025-03-30T03:34:23.611+0000] {processor.py:914} INFO - Processing file /home/airflow/.local/lib/python3.12/site-packages/airflow/example_dags/example_inlet_event_extra.py for tasks to queue
[2025-03-30T03:34:23.612+0000] {logging_mixin.py:190} INFO - [2025-03-30T03:34:23.612+0000] {dagbag.py:588} INFO - Filling up the DagBag from /home/airflow/.local/lib/python3.12/site-packages/airflow/example_dags/example_inlet_event_extra.py
[2025-03-30T03:34:23.941+0000] {processor.py:925} INFO - DAG(s) 'read_dataset_event_from_classic', 'read_dataset_event' retrieved from /home/airflow/.local/lib/python3.12/site-packages/airflow/example_dags/example_inlet_event_extra.py
[2025-03-30T03:34:23.949+0000] {logging_mixin.py:190} INFO - [2025-03-30T03:34:23.949+0000] {dag.py:3239} INFO - Sync 2 DAGs
[2025-03-30T03:34:23.963+0000] {logging_mixin.py:190} INFO - [2025-03-30T03:34:23.963+0000] {dag.py:4180} INFO - Setting next_dagrun for read_dataset_event to 2025-03-29 00:00:00+00:00, run_after=2025-03-30 00:00:00+00:00
[2025-03-30T03:34:23.965+0000] {logging_mixin.py:190} INFO - [2025-03-30T03:34:23.965+0000] {dag.py:4180} INFO - Setting next_dagrun for read_dataset_event_from_classic to 2025-03-29 00:00:00+00:00, run_after=2025-03-30 00:00:00+00:00
[2025-03-30T03:34:23.971+0000] {processor.py:208} INFO - Processing /home/airflow/.local/lib/python3.12/site-packages/airflow/example_dags/example_inlet_event_extra.py took 0.367 seconds
[2025-03-30T03:34:54.864+0000] {processor.py:186} INFO - Started process (PID=382) to work on /home/airflow/.local/lib/python3.12/site-packages/airflow/example_dags/example_inlet_event_extra.py
[2025-03-30T03:34:54.865+0000] {processor.py:914} INFO - Processing file /home/airflow/.local/lib/python3.12/site-packages/airflow/example_dags/example_inlet_event_extra.py for tasks to queue
[2025-03-30T03:34:54.867+0000] {logging_mixin.py:190} INFO - [2025-03-30T03:34:54.866+0000] {dagbag.py:588} INFO - Filling up the DagBag from /home/airflow/.local/lib/python3.12/site-packages/airflow/example_dags/example_inlet_event_extra.py
[2025-03-30T03:34:55.090+0000] {processor.py:925} INFO - DAG(s) 'read_dataset_event', 'read_dataset_event_from_classic' retrieved from /home/airflow/.local/lib/python3.12/site-packages/airflow/example_dags/example_inlet_event_extra.py
[2025-03-30T03:34:55.098+0000] {logging_mixin.py:190} INFO - [2025-03-30T03:34:55.098+0000] {dag.py:3239} INFO - Sync 2 DAGs
[2025-03-30T03:34:55.110+0000] {logging_mixin.py:190} INFO - [2025-03-30T03:34:55.110+0000] {dag.py:4180} INFO - Setting next_dagrun for read_dataset_event to 2025-03-29 00:00:00+00:00, run_after=2025-03-30 00:00:00+00:00
[2025-03-30T03:34:55.112+0000] {logging_mixin.py:190} INFO - [2025-03-30T03:34:55.112+0000] {dag.py:4180} INFO - Setting next_dagrun for read_dataset_event_from_classic to 2025-03-29 00:00:00+00:00, run_after=2025-03-30 00:00:00+00:00
[2025-03-30T03:34:55.118+0000] {processor.py:208} INFO - Processing /home/airflow/.local/lib/python3.12/site-packages/airflow/example_dags/example_inlet_event_extra.py took 0.259 seconds
[2025-03-30T03:35:25.983+0000] {processor.py:186} INFO - Started process (PID=445) to work on /home/airflow/.local/lib/python3.12/site-packages/airflow/example_dags/example_inlet_event_extra.py
[2025-03-30T03:35:25.984+0000] {processor.py:914} INFO - Processing file /home/airflow/.local/lib/python3.12/site-packages/airflow/example_dags/example_inlet_event_extra.py for tasks to queue
[2025-03-30T03:35:25.985+0000] {logging_mixin.py:190} INFO - [2025-03-30T03:35:25.985+0000] {dagbag.py:588} INFO - Filling up the DagBag from /home/airflow/.local/lib/python3.12/site-packages/airflow/example_dags/example_inlet_event_extra.py
[2025-03-30T03:35:26.228+0000] {processor.py:925} INFO - DAG(s) 'read_dataset_event', 'read_dataset_event_from_classic' retrieved from /home/airflow/.local/lib/python3.12/site-packages/airflow/example_dags/example_inlet_event_extra.py
[2025-03-30T03:35:26.244+0000] {logging_mixin.py:190} INFO - [2025-03-30T03:35:26.244+0000] {dag.py:3239} INFO - Sync 2 DAGs
[2025-03-30T03:35:26.256+0000] {logging_mixin.py:190} INFO - [2025-03-30T03:35:26.256+0000] {dag.py:4180} INFO - Setting next_dagrun for read_dataset_event to 2025-03-29 00:00:00+00:00, run_after=2025-03-30 00:00:00+00:00
[2025-03-30T03:35:26.259+0000] {logging_mixin.py:190} INFO - [2025-03-30T03:35:26.259+0000] {dag.py:4180} INFO - Setting next_dagrun for read_dataset_event_from_classic to 2025-03-29 00:00:00+00:00, run_after=2025-03-30 00:00:00+00:00
[2025-03-30T03:35:26.268+0000] {processor.py:208} INFO - Processing /home/airflow/.local/lib/python3.12/site-packages/airflow/example_dags/example_inlet_event_extra.py took 0.288 seconds
[2025-03-30T03:35:57.109+0000] {processor.py:186} INFO - Started process (PID=507) to work on /home/airflow/.local/lib/python3.12/site-packages/airflow/example_dags/example_inlet_event_extra.py
[2025-03-30T03:35:57.110+0000] {processor.py:914} INFO - Processing file /home/airflow/.local/lib/python3.12/site-packages/airflow/example_dags/example_inlet_event_extra.py for tasks to queue
[2025-03-30T03:35:57.113+0000] {logging_mixin.py:190} INFO - [2025-03-30T03:35:57.113+0000] {dagbag.py:588} INFO - Filling up the DagBag from /home/airflow/.local/lib/python3.12/site-packages/airflow/example_dags/example_inlet_event_extra.py
[2025-03-30T03:35:57.355+0000] {processor.py:925} INFO - DAG(s) 'read_dataset_event_from_classic', 'read_dataset_event' retrieved from /home/airflow/.local/lib/python3.12/site-packages/airflow/example_dags/example_inlet_event_extra.py
[2025-03-30T03:35:57.364+0000] {logging_mixin.py:190} INFO - [2025-03-30T03:35:57.364+0000] {dag.py:3239} INFO - Sync 2 DAGs
[2025-03-30T03:35:57.375+0000] {logging_mixin.py:190} INFO - [2025-03-30T03:35:57.375+0000] {dag.py:4180} INFO - Setting next_dagrun for read_dataset_event to 2025-03-29 00:00:00+00:00, run_after=2025-03-30 00:00:00+00:00
[2025-03-30T03:35:57.377+0000] {logging_mixin.py:190} INFO - [2025-03-30T03:35:57.377+0000] {dag.py:4180} INFO - Setting next_dagrun for read_dataset_event_from_classic to 2025-03-29 00:00:00+00:00, run_after=2025-03-30 00:00:00+00:00
[2025-03-30T03:35:57.382+0000] {processor.py:208} INFO - Processing /home/airflow/.local/lib/python3.12/site-packages/airflow/example_dags/example_inlet_event_extra.py took 0.280 seconds
[2025-03-30T03:36:28.206+0000] {processor.py:186} INFO - Started process (PID=570) to work on /home/airflow/.local/lib/python3.12/site-packages/airflow/example_dags/example_inlet_event_extra.py
[2025-03-30T03:36:28.207+0000] {processor.py:914} INFO - Processing file /home/airflow/.local/lib/python3.12/site-packages/airflow/example_dags/example_inlet_event_extra.py for tasks to queue
[2025-03-30T03:36:28.208+0000] {logging_mixin.py:190} INFO - [2025-03-30T03:36:28.208+0000] {dagbag.py:588} INFO - Filling up the DagBag from /home/airflow/.local/lib/python3.12/site-packages/airflow/example_dags/example_inlet_event_extra.py
[2025-03-30T03:36:28.452+0000] {processor.py:925} INFO - DAG(s) 'read_dataset_event', 'read_dataset_event_from_classic' retrieved from /home/airflow/.local/lib/python3.12/site-packages/airflow/example_dags/example_inlet_event_extra.py
[2025-03-30T03:36:28.460+0000] {logging_mixin.py:190} INFO - [2025-03-30T03:36:28.460+0000] {dag.py:3239} INFO - Sync 2 DAGs
[2025-03-30T03:36:28.468+0000] {logging_mixin.py:190} INFO - [2025-03-30T03:36:28.468+0000] {dag.py:4180} INFO - Setting next_dagrun for read_dataset_event to 2025-03-29 00:00:00+00:00, run_after=2025-03-30 00:00:00+00:00
[2025-03-30T03:36:28.470+0000] {logging_mixin.py:190} INFO - [2025-03-30T03:36:28.470+0000] {dag.py:4180} INFO - Setting next_dagrun for read_dataset_event_from_classic to 2025-03-29 00:00:00+00:00, run_after=2025-03-30 00:00:00+00:00
[2025-03-30T03:36:28.475+0000] {processor.py:208} INFO - Processing /home/airflow/.local/lib/python3.12/site-packages/airflow/example_dags/example_inlet_event_extra.py took 0.273 seconds
[2025-03-30T03:36:59.438+0000] {processor.py:186} INFO - Started process (PID=633) to work on /home/airflow/.local/lib/python3.12/site-packages/airflow/example_dags/example_inlet_event_extra.py
[2025-03-30T03:36:59.439+0000] {processor.py:914} INFO - Processing file /home/airflow/.local/lib/python3.12/site-packages/airflow/example_dags/example_inlet_event_extra.py for tasks to queue
[2025-03-30T03:36:59.441+0000] {logging_mixin.py:190} INFO - [2025-03-30T03:36:59.441+0000] {dagbag.py:588} INFO - Filling up the DagBag from /home/airflow/.local/lib/python3.12/site-packages/airflow/example_dags/example_inlet_event_extra.py
[2025-03-30T03:36:59.657+0000] {processor.py:925} INFO - DAG(s) 'read_dataset_event', 'read_dataset_event_from_classic' retrieved from /home/airflow/.local/lib/python3.12/site-packages/airflow/example_dags/example_inlet_event_extra.py
[2025-03-30T03:36:59.663+0000] {logging_mixin.py:190} INFO - [2025-03-30T03:36:59.663+0000] {dag.py:3239} INFO - Sync 2 DAGs
[2025-03-30T03:36:59.670+0000] {logging_mixin.py:190} INFO - [2025-03-30T03:36:59.670+0000] {dag.py:4180} INFO - Setting next_dagrun for read_dataset_event to 2025-03-29 00:00:00+00:00, run_after=2025-03-30 00:00:00+00:00
[2025-03-30T03:36:59.672+0000] {logging_mixin.py:190} INFO - [2025-03-30T03:36:59.671+0000] {dag.py:4180} INFO - Setting next_dagrun for read_dataset_event_from_classic to 2025-03-29 00:00:00+00:00, run_after=2025-03-30 00:00:00+00:00
[2025-03-30T03:36:59.676+0000] {processor.py:208} INFO - Processing /home/airflow/.local/lib/python3.12/site-packages/airflow/example_dags/example_inlet_event_extra.py took 0.245 seconds
[2025-03-30T03:37:30.472+0000] {processor.py:186} INFO - Started process (PID=696) to work on /home/airflow/.local/lib/python3.12/site-packages/airflow/example_dags/example_inlet_event_extra.py
[2025-03-30T03:37:30.474+0000] {processor.py:914} INFO - Processing file /home/airflow/.local/lib/python3.12/site-packages/airflow/example_dags/example_inlet_event_extra.py for tasks to queue
[2025-03-30T03:37:30.476+0000] {logging_mixin.py:190} INFO - [2025-03-30T03:37:30.476+0000] {dagbag.py:588} INFO - Filling up the DagBag from /home/airflow/.local/lib/python3.12/site-packages/airflow/example_dags/example_inlet_event_extra.py
[2025-03-30T03:37:30.708+0000] {processor.py:925} INFO - DAG(s) 'read_dataset_event_from_classic', 'read_dataset_event' retrieved from /home/airflow/.local/lib/python3.12/site-packages/airflow/example_dags/example_inlet_event_extra.py
[2025-03-30T03:37:30.715+0000] {logging_mixin.py:190} INFO - [2025-03-30T03:37:30.715+0000] {dag.py:3239} INFO - Sync 2 DAGs
[2025-03-30T03:37:30.722+0000] {logging_mixin.py:190} INFO - [2025-03-30T03:37:30.722+0000] {dag.py:4180} INFO - Setting next_dagrun for read_dataset_event to 2025-03-29 00:00:00+00:00, run_after=2025-03-30 00:00:00+00:00
[2025-03-30T03:37:30.724+0000] {logging_mixin.py:190} INFO - [2025-03-30T03:37:30.724+0000] {dag.py:4180} INFO - Setting next_dagrun for read_dataset_event_from_classic to 2025-03-29 00:00:00+00:00, run_after=2025-03-30 00:00:00+00:00
[2025-03-30T03:37:30.729+0000] {processor.py:208} INFO - Processing /home/airflow/.local/lib/python3.12/site-packages/airflow/example_dags/example_inlet_event_extra.py took 0.262 seconds
[2025-03-30T03:38:01.539+0000] {processor.py:186} INFO - Started process (PID=759) to work on /home/airflow/.local/lib/python3.12/site-packages/airflow/example_dags/example_inlet_event_extra.py
[2025-03-30T03:38:01.540+0000] {processor.py:914} INFO - Processing file /home/airflow/.local/lib/python3.12/site-packages/airflow/example_dags/example_inlet_event_extra.py for tasks to queue
[2025-03-30T03:38:01.543+0000] {logging_mixin.py:190} INFO - [2025-03-30T03:38:01.543+0000] {dagbag.py:588} INFO - Filling up the DagBag from /home/airflow/.local/lib/python3.12/site-packages/airflow/example_dags/example_inlet_event_extra.py
[2025-03-30T03:38:01.799+0000] {processor.py:925} INFO - DAG(s) 'read_dataset_event_from_classic', 'read_dataset_event' retrieved from /home/airflow/.local/lib/python3.12/site-packages/airflow/example_dags/example_inlet_event_extra.py
[2025-03-30T03:38:01.806+0000] {logging_mixin.py:190} INFO - [2025-03-30T03:38:01.806+0000] {dag.py:3239} INFO - Sync 2 DAGs
[2025-03-30T03:38:01.813+0000] {logging_mixin.py:190} INFO - [2025-03-30T03:38:01.813+0000] {dag.py:4180} INFO - Setting next_dagrun for read_dataset_event to 2025-03-29 00:00:00+00:00, run_after=2025-03-30 00:00:00+00:00
[2025-03-30T03:38:01.815+0000] {logging_mixin.py:190} INFO - [2025-03-30T03:38:01.815+0000] {dag.py:4180} INFO - Setting next_dagrun for read_dataset_event_from_classic to 2025-03-29 00:00:00+00:00, run_after=2025-03-30 00:00:00+00:00
[2025-03-30T03:38:01.820+0000] {processor.py:208} INFO - Processing /home/airflow/.local/lib/python3.12/site-packages/airflow/example_dags/example_inlet_event_extra.py took 0.288 seconds
[2025-03-30T11:24:51.689+0000] {processor.py:186} INFO - Started process (PID=47) to work on /home/airflow/.local/lib/python3.12/site-packages/airflow/example_dags/example_inlet_event_extra.py
[2025-03-30T11:24:51.690+0000] {processor.py:914} INFO - Processing file /home/airflow/.local/lib/python3.12/site-packages/airflow/example_dags/example_inlet_event_extra.py for tasks to queue
[2025-03-30T11:24:51.691+0000] {logging_mixin.py:190} INFO - [2025-03-30T11:24:51.690+0000] {dagbag.py:588} INFO - Filling up the DagBag from /home/airflow/.local/lib/python3.12/site-packages/airflow/example_dags/example_inlet_event_extra.py
[2025-03-30T11:24:52.798+0000] {processor.py:925} INFO - DAG(s) 'read_dataset_event', 'read_dataset_event_from_classic' retrieved from /home/airflow/.local/lib/python3.12/site-packages/airflow/example_dags/example_inlet_event_extra.py
[2025-03-30T11:24:52.815+0000] {logging_mixin.py:190} INFO - [2025-03-30T11:24:52.815+0000] {dag.py:3239} INFO - Sync 2 DAGs
[2025-03-30T11:24:52.833+0000] {logging_mixin.py:190} INFO - [2025-03-30T11:24:52.832+0000] {dag.py:4180} INFO - Setting next_dagrun for read_dataset_event to 2025-03-29 00:00:00+00:00, run_after=2025-03-30 00:00:00+00:00
[2025-03-30T11:24:52.835+0000] {logging_mixin.py:190} INFO - [2025-03-30T11:24:52.835+0000] {dag.py:4180} INFO - Setting next_dagrun for read_dataset_event_from_classic to 2025-03-29 00:00:00+00:00, run_after=2025-03-30 00:00:00+00:00
[2025-03-30T11:24:52.848+0000] {processor.py:208} INFO - Processing /home/airflow/.local/lib/python3.12/site-packages/airflow/example_dags/example_inlet_event_extra.py took 1.162 seconds
[2025-03-30T11:25:23.034+0000] {processor.py:186} INFO - Started process (PID=128) to work on /home/airflow/.local/lib/python3.12/site-packages/airflow/example_dags/example_inlet_event_extra.py
[2025-03-30T11:25:23.035+0000] {processor.py:914} INFO - Processing file /home/airflow/.local/lib/python3.12/site-packages/airflow/example_dags/example_inlet_event_extra.py for tasks to queue
[2025-03-30T11:25:23.037+0000] {logging_mixin.py:190} INFO - [2025-03-30T11:25:23.035+0000] {dagbag.py:588} INFO - Filling up the DagBag from /home/airflow/.local/lib/python3.12/site-packages/airflow/example_dags/example_inlet_event_extra.py
[2025-03-30T11:25:23.326+0000] {processor.py:925} INFO - DAG(s) 'read_dataset_event', 'read_dataset_event_from_classic' retrieved from /home/airflow/.local/lib/python3.12/site-packages/airflow/example_dags/example_inlet_event_extra.py
[2025-03-30T11:25:23.339+0000] {logging_mixin.py:190} INFO - [2025-03-30T11:25:23.339+0000] {dag.py:3239} INFO - Sync 2 DAGs
[2025-03-30T11:25:23.347+0000] {logging_mixin.py:190} INFO - [2025-03-30T11:25:23.347+0000] {dag.py:4180} INFO - Setting next_dagrun for read_dataset_event to 2025-03-29 00:00:00+00:00, run_after=2025-03-30 00:00:00+00:00
[2025-03-30T11:25:23.349+0000] {logging_mixin.py:190} INFO - [2025-03-30T11:25:23.349+0000] {dag.py:4180} INFO - Setting next_dagrun for read_dataset_event_from_classic to 2025-03-29 00:00:00+00:00, run_after=2025-03-30 00:00:00+00:00
[2025-03-30T11:25:23.354+0000] {processor.py:208} INFO - Processing /home/airflow/.local/lib/python3.12/site-packages/airflow/example_dags/example_inlet_event_extra.py took 0.322 seconds
[2025-03-30T11:25:53.389+0000] {processor.py:186} INFO - Started process (PID=196) to work on /home/airflow/.local/lib/python3.12/site-packages/airflow/example_dags/example_inlet_event_extra.py
[2025-03-30T11:25:53.390+0000] {processor.py:914} INFO - Processing file /home/airflow/.local/lib/python3.12/site-packages/airflow/example_dags/example_inlet_event_extra.py for tasks to queue
[2025-03-30T11:25:53.390+0000] {logging_mixin.py:190} INFO - [2025-03-30T11:25:53.390+0000] {dagbag.py:588} INFO - Filling up the DagBag from /home/airflow/.local/lib/python3.12/site-packages/airflow/example_dags/example_inlet_event_extra.py
[2025-03-30T11:25:53.633+0000] {processor.py:925} INFO - DAG(s) 'read_dataset_event_from_classic', 'read_dataset_event' retrieved from /home/airflow/.local/lib/python3.12/site-packages/airflow/example_dags/example_inlet_event_extra.py
[2025-03-30T11:25:53.639+0000] {logging_mixin.py:190} INFO - [2025-03-30T11:25:53.639+0000] {dag.py:3239} INFO - Sync 2 DAGs
[2025-03-30T11:25:53.646+0000] {logging_mixin.py:190} INFO - [2025-03-30T11:25:53.646+0000] {dag.py:4180} INFO - Setting next_dagrun for read_dataset_event to 2025-03-29 00:00:00+00:00, run_after=2025-03-30 00:00:00+00:00
[2025-03-30T11:25:53.647+0000] {logging_mixin.py:190} INFO - [2025-03-30T11:25:53.647+0000] {dag.py:4180} INFO - Setting next_dagrun for read_dataset_event_from_classic to 2025-03-29 00:00:00+00:00, run_after=2025-03-30 00:00:00+00:00
[2025-03-30T11:25:53.651+0000] {processor.py:208} INFO - Processing /home/airflow/.local/lib/python3.12/site-packages/airflow/example_dags/example_inlet_event_extra.py took 0.264 seconds
[2025-03-30T11:26:24.627+0000] {processor.py:186} INFO - Started process (PID=260) to work on /home/airflow/.local/lib/python3.12/site-packages/airflow/example_dags/example_inlet_event_extra.py
[2025-03-30T11:26:24.628+0000] {processor.py:914} INFO - Processing file /home/airflow/.local/lib/python3.12/site-packages/airflow/example_dags/example_inlet_event_extra.py for tasks to queue
[2025-03-30T11:26:24.629+0000] {logging_mixin.py:190} INFO - [2025-03-30T11:26:24.628+0000] {dagbag.py:588} INFO - Filling up the DagBag from /home/airflow/.local/lib/python3.12/site-packages/airflow/example_dags/example_inlet_event_extra.py
[2025-03-30T11:26:24.982+0000] {processor.py:925} INFO - DAG(s) 'read_dataset_event_from_classic', 'read_dataset_event' retrieved from /home/airflow/.local/lib/python3.12/site-packages/airflow/example_dags/example_inlet_event_extra.py
[2025-03-30T11:26:24.999+0000] {logging_mixin.py:190} INFO - [2025-03-30T11:26:24.999+0000] {dag.py:3239} INFO - Sync 2 DAGs
[2025-03-30T11:26:25.009+0000] {logging_mixin.py:190} INFO - [2025-03-30T11:26:25.009+0000] {dag.py:4180} INFO - Setting next_dagrun for read_dataset_event to 2025-03-29 00:00:00+00:00, run_after=2025-03-30 00:00:00+00:00
[2025-03-30T11:26:25.014+0000] {logging_mixin.py:190} INFO - [2025-03-30T11:26:25.014+0000] {dag.py:4180} INFO - Setting next_dagrun for read_dataset_event_from_classic to 2025-03-29 00:00:00+00:00, run_after=2025-03-30 00:00:00+00:00
[2025-03-30T11:26:25.026+0000] {processor.py:208} INFO - Processing /home/airflow/.local/lib/python3.12/site-packages/airflow/example_dags/example_inlet_event_extra.py took 0.402 seconds
[2025-03-30T11:26:55.074+0000] {processor.py:186} INFO - Started process (PID=323) to work on /home/airflow/.local/lib/python3.12/site-packages/airflow/example_dags/example_inlet_event_extra.py
[2025-03-30T11:26:55.075+0000] {processor.py:914} INFO - Processing file /home/airflow/.local/lib/python3.12/site-packages/airflow/example_dags/example_inlet_event_extra.py for tasks to queue
[2025-03-30T11:26:55.077+0000] {logging_mixin.py:190} INFO - [2025-03-30T11:26:55.077+0000] {dagbag.py:588} INFO - Filling up the DagBag from /home/airflow/.local/lib/python3.12/site-packages/airflow/example_dags/example_inlet_event_extra.py
[2025-03-30T11:26:55.361+0000] {processor.py:925} INFO - DAG(s) 'read_dataset_event_from_classic', 'read_dataset_event' retrieved from /home/airflow/.local/lib/python3.12/site-packages/airflow/example_dags/example_inlet_event_extra.py
[2025-03-30T11:26:55.370+0000] {logging_mixin.py:190} INFO - [2025-03-30T11:26:55.370+0000] {dag.py:3239} INFO - Sync 2 DAGs
[2025-03-30T11:26:55.380+0000] {logging_mixin.py:190} INFO - [2025-03-30T11:26:55.380+0000] {dag.py:4180} INFO - Setting next_dagrun for read_dataset_event to 2025-03-29 00:00:00+00:00, run_after=2025-03-30 00:00:00+00:00
[2025-03-30T11:26:55.383+0000] {logging_mixin.py:190} INFO - [2025-03-30T11:26:55.382+0000] {dag.py:4180} INFO - Setting next_dagrun for read_dataset_event_from_classic to 2025-03-29 00:00:00+00:00, run_after=2025-03-30 00:00:00+00:00
[2025-03-30T11:26:55.390+0000] {processor.py:208} INFO - Processing /home/airflow/.local/lib/python3.12/site-packages/airflow/example_dags/example_inlet_event_extra.py took 0.321 seconds
[2025-03-30T11:27:25.441+0000] {processor.py:186} INFO - Started process (PID=388) to work on /home/airflow/.local/lib/python3.12/site-packages/airflow/example_dags/example_inlet_event_extra.py
[2025-03-30T11:27:25.443+0000] {processor.py:914} INFO - Processing file /home/airflow/.local/lib/python3.12/site-packages/airflow/example_dags/example_inlet_event_extra.py for tasks to queue
[2025-03-30T11:27:25.444+0000] {logging_mixin.py:190} INFO - [2025-03-30T11:27:25.444+0000] {dagbag.py:588} INFO - Filling up the DagBag from /home/airflow/.local/lib/python3.12/site-packages/airflow/example_dags/example_inlet_event_extra.py
[2025-03-30T11:27:25.727+0000] {processor.py:925} INFO - DAG(s) 'read_dataset_event_from_classic', 'read_dataset_event' retrieved from /home/airflow/.local/lib/python3.12/site-packages/airflow/example_dags/example_inlet_event_extra.py
[2025-03-30T11:27:25.742+0000] {logging_mixin.py:190} INFO - [2025-03-30T11:27:25.741+0000] {dag.py:3239} INFO - Sync 2 DAGs
[2025-03-30T11:27:25.753+0000] {logging_mixin.py:190} INFO - [2025-03-30T11:27:25.752+0000] {dag.py:4180} INFO - Setting next_dagrun for read_dataset_event to 2025-03-29 00:00:00+00:00, run_after=2025-03-30 00:00:00+00:00
[2025-03-30T11:27:25.755+0000] {logging_mixin.py:190} INFO - [2025-03-30T11:27:25.755+0000] {dag.py:4180} INFO - Setting next_dagrun for read_dataset_event_from_classic to 2025-03-29 00:00:00+00:00, run_after=2025-03-30 00:00:00+00:00
[2025-03-30T11:27:25.764+0000] {processor.py:208} INFO - Processing /home/airflow/.local/lib/python3.12/site-packages/airflow/example_dags/example_inlet_event_extra.py took 0.329 seconds
[2025-03-30T11:27:56.610+0000] {processor.py:186} INFO - Started process (PID=452) to work on /home/airflow/.local/lib/python3.12/site-packages/airflow/example_dags/example_inlet_event_extra.py
[2025-03-30T11:27:56.611+0000] {processor.py:914} INFO - Processing file /home/airflow/.local/lib/python3.12/site-packages/airflow/example_dags/example_inlet_event_extra.py for tasks to queue
[2025-03-30T11:27:56.614+0000] {logging_mixin.py:190} INFO - [2025-03-30T11:27:56.614+0000] {dagbag.py:588} INFO - Filling up the DagBag from /home/airflow/.local/lib/python3.12/site-packages/airflow/example_dags/example_inlet_event_extra.py
[2025-03-30T11:27:56.888+0000] {processor.py:925} INFO - DAG(s) 'read_dataset_event', 'read_dataset_event_from_classic' retrieved from /home/airflow/.local/lib/python3.12/site-packages/airflow/example_dags/example_inlet_event_extra.py
[2025-03-30T11:27:56.896+0000] {logging_mixin.py:190} INFO - [2025-03-30T11:27:56.896+0000] {dag.py:3239} INFO - Sync 2 DAGs
[2025-03-30T11:27:56.906+0000] {logging_mixin.py:190} INFO - [2025-03-30T11:27:56.905+0000] {dag.py:4180} INFO - Setting next_dagrun for read_dataset_event to 2025-03-29 00:00:00+00:00, run_after=2025-03-30 00:00:00+00:00
[2025-03-30T11:27:56.907+0000] {logging_mixin.py:190} INFO - [2025-03-30T11:27:56.907+0000] {dag.py:4180} INFO - Setting next_dagrun for read_dataset_event_from_classic to 2025-03-29 00:00:00+00:00, run_after=2025-03-30 00:00:00+00:00
[2025-03-30T11:27:56.912+0000] {processor.py:208} INFO - Processing /home/airflow/.local/lib/python3.12/site-packages/airflow/example_dags/example_inlet_event_extra.py took 0.309 seconds
[2025-03-30T11:28:27.079+0000] {processor.py:186} INFO - Started process (PID=516) to work on /home/airflow/.local/lib/python3.12/site-packages/airflow/example_dags/example_inlet_event_extra.py
[2025-03-30T11:28:27.079+0000] {processor.py:914} INFO - Processing file /home/airflow/.local/lib/python3.12/site-packages/airflow/example_dags/example_inlet_event_extra.py for tasks to queue
[2025-03-30T11:28:27.081+0000] {logging_mixin.py:190} INFO - [2025-03-30T11:28:27.081+0000] {dagbag.py:588} INFO - Filling up the DagBag from /home/airflow/.local/lib/python3.12/site-packages/airflow/example_dags/example_inlet_event_extra.py
[2025-03-30T11:28:27.413+0000] {processor.py:925} INFO - DAG(s) 'read_dataset_event_from_classic', 'read_dataset_event' retrieved from /home/airflow/.local/lib/python3.12/site-packages/airflow/example_dags/example_inlet_event_extra.py
[2025-03-30T11:28:27.422+0000] {logging_mixin.py:190} INFO - [2025-03-30T11:28:27.422+0000] {dag.py:3239} INFO - Sync 2 DAGs
[2025-03-30T11:28:27.436+0000] {logging_mixin.py:190} INFO - [2025-03-30T11:28:27.436+0000] {dag.py:4180} INFO - Setting next_dagrun for read_dataset_event to 2025-03-29 00:00:00+00:00, run_after=2025-03-30 00:00:00+00:00
[2025-03-30T11:28:27.439+0000] {logging_mixin.py:190} INFO - [2025-03-30T11:28:27.439+0000] {dag.py:4180} INFO - Setting next_dagrun for read_dataset_event_from_classic to 2025-03-29 00:00:00+00:00, run_after=2025-03-30 00:00:00+00:00
[2025-03-30T11:28:27.447+0000] {processor.py:208} INFO - Processing /home/airflow/.local/lib/python3.12/site-packages/airflow/example_dags/example_inlet_event_extra.py took 0.372 seconds
[2025-03-30T11:28:57.557+0000] {processor.py:186} INFO - Started process (PID=580) to work on /home/airflow/.local/lib/python3.12/site-packages/airflow/example_dags/example_inlet_event_extra.py
[2025-03-30T11:28:57.558+0000] {processor.py:914} INFO - Processing file /home/airflow/.local/lib/python3.12/site-packages/airflow/example_dags/example_inlet_event_extra.py for tasks to queue
[2025-03-30T11:28:57.560+0000] {logging_mixin.py:190} INFO - [2025-03-30T11:28:57.560+0000] {dagbag.py:588} INFO - Filling up the DagBag from /home/airflow/.local/lib/python3.12/site-packages/airflow/example_dags/example_inlet_event_extra.py
[2025-03-30T11:28:57.806+0000] {processor.py:925} INFO - DAG(s) 'read_dataset_event_from_classic', 'read_dataset_event' retrieved from /home/airflow/.local/lib/python3.12/site-packages/airflow/example_dags/example_inlet_event_extra.py
[2025-03-30T11:28:57.815+0000] {logging_mixin.py:190} INFO - [2025-03-30T11:28:57.815+0000] {dag.py:3239} INFO - Sync 2 DAGs
[2025-03-30T11:28:57.824+0000] {logging_mixin.py:190} INFO - [2025-03-30T11:28:57.824+0000] {dag.py:4180} INFO - Setting next_dagrun for read_dataset_event to 2025-03-29 00:00:00+00:00, run_after=2025-03-30 00:00:00+00:00
[2025-03-30T11:28:57.826+0000] {logging_mixin.py:190} INFO - [2025-03-30T11:28:57.826+0000] {dag.py:4180} INFO - Setting next_dagrun for read_dataset_event_from_classic to 2025-03-29 00:00:00+00:00, run_after=2025-03-30 00:00:00+00:00
[2025-03-30T11:28:57.835+0000] {processor.py:208} INFO - Processing /home/airflow/.local/lib/python3.12/site-packages/airflow/example_dags/example_inlet_event_extra.py took 0.286 seconds
[2025-03-30T11:29:28.237+0000] {processor.py:186} INFO - Started process (PID=644) to work on /home/airflow/.local/lib/python3.12/site-packages/airflow/example_dags/example_inlet_event_extra.py
[2025-03-30T11:29:28.238+0000] {processor.py:914} INFO - Processing file /home/airflow/.local/lib/python3.12/site-packages/airflow/example_dags/example_inlet_event_extra.py for tasks to queue
[2025-03-30T11:29:28.240+0000] {logging_mixin.py:190} INFO - [2025-03-30T11:29:28.240+0000] {dagbag.py:588} INFO - Filling up the DagBag from /home/airflow/.local/lib/python3.12/site-packages/airflow/example_dags/example_inlet_event_extra.py
[2025-03-30T11:29:28.595+0000] {processor.py:925} INFO - DAG(s) 'read_dataset_event_from_classic', 'read_dataset_event' retrieved from /home/airflow/.local/lib/python3.12/site-packages/airflow/example_dags/example_inlet_event_extra.py
[2025-03-30T11:29:28.606+0000] {logging_mixin.py:190} INFO - [2025-03-30T11:29:28.606+0000] {dag.py:3239} INFO - Sync 2 DAGs
[2025-03-30T11:29:28.614+0000] {logging_mixin.py:190} INFO - [2025-03-30T11:29:28.614+0000] {dag.py:4180} INFO - Setting next_dagrun for read_dataset_event to 2025-03-29 00:00:00+00:00, run_after=2025-03-30 00:00:00+00:00
[2025-03-30T11:29:28.618+0000] {logging_mixin.py:190} INFO - [2025-03-30T11:29:28.618+0000] {dag.py:4180} INFO - Setting next_dagrun for read_dataset_event_from_classic to 2025-03-29 00:00:00+00:00, run_after=2025-03-30 00:00:00+00:00
[2025-03-30T11:29:28.623+0000] {processor.py:208} INFO - Processing /home/airflow/.local/lib/python3.12/site-packages/airflow/example_dags/example_inlet_event_extra.py took 0.393 seconds
[2025-03-30T11:29:58.729+0000] {processor.py:186} INFO - Started process (PID=708) to work on /home/airflow/.local/lib/python3.12/site-packages/airflow/example_dags/example_inlet_event_extra.py
[2025-03-30T11:29:58.732+0000] {processor.py:914} INFO - Processing file /home/airflow/.local/lib/python3.12/site-packages/airflow/example_dags/example_inlet_event_extra.py for tasks to queue
[2025-03-30T11:29:58.736+0000] {logging_mixin.py:190} INFO - [2025-03-30T11:29:58.736+0000] {dagbag.py:588} INFO - Filling up the DagBag from /home/airflow/.local/lib/python3.12/site-packages/airflow/example_dags/example_inlet_event_extra.py
[2025-03-30T11:29:59.089+0000] {processor.py:925} INFO - DAG(s) 'read_dataset_event', 'read_dataset_event_from_classic' retrieved from /home/airflow/.local/lib/python3.12/site-packages/airflow/example_dags/example_inlet_event_extra.py
[2025-03-30T11:29:59.101+0000] {logging_mixin.py:190} INFO - [2025-03-30T11:29:59.101+0000] {dag.py:3239} INFO - Sync 2 DAGs
[2025-03-30T11:29:59.111+0000] {logging_mixin.py:190} INFO - [2025-03-30T11:29:59.111+0000] {dag.py:4180} INFO - Setting next_dagrun for read_dataset_event to 2025-03-29 00:00:00+00:00, run_after=2025-03-30 00:00:00+00:00
[2025-03-30T11:29:59.116+0000] {logging_mixin.py:190} INFO - [2025-03-30T11:29:59.116+0000] {dag.py:4180} INFO - Setting next_dagrun for read_dataset_event_from_classic to 2025-03-29 00:00:00+00:00, run_after=2025-03-30 00:00:00+00:00
[2025-03-30T11:29:59.124+0000] {processor.py:208} INFO - Processing /home/airflow/.local/lib/python3.12/site-packages/airflow/example_dags/example_inlet_event_extra.py took 0.416 seconds
[2025-03-30T11:30:30.063+0000] {processor.py:186} INFO - Started process (PID=773) to work on /home/airflow/.local/lib/python3.12/site-packages/airflow/example_dags/example_inlet_event_extra.py
[2025-03-30T11:30:30.064+0000] {processor.py:914} INFO - Processing file /home/airflow/.local/lib/python3.12/site-packages/airflow/example_dags/example_inlet_event_extra.py for tasks to queue
[2025-03-30T11:30:30.066+0000] {logging_mixin.py:190} INFO - [2025-03-30T11:30:30.065+0000] {dagbag.py:588} INFO - Filling up the DagBag from /home/airflow/.local/lib/python3.12/site-packages/airflow/example_dags/example_inlet_event_extra.py
[2025-03-30T11:30:30.380+0000] {processor.py:925} INFO - DAG(s) 'read_dataset_event_from_classic', 'read_dataset_event' retrieved from /home/airflow/.local/lib/python3.12/site-packages/airflow/example_dags/example_inlet_event_extra.py
[2025-03-30T11:30:30.388+0000] {logging_mixin.py:190} INFO - [2025-03-30T11:30:30.388+0000] {dag.py:3239} INFO - Sync 2 DAGs
[2025-03-30T11:30:30.396+0000] {logging_mixin.py:190} INFO - [2025-03-30T11:30:30.396+0000] {dag.py:4180} INFO - Setting next_dagrun for read_dataset_event to 2025-03-29 00:00:00+00:00, run_after=2025-03-30 00:00:00+00:00
[2025-03-30T11:30:30.398+0000] {logging_mixin.py:190} INFO - [2025-03-30T11:30:30.398+0000] {dag.py:4180} INFO - Setting next_dagrun for read_dataset_event_from_classic to 2025-03-29 00:00:00+00:00, run_after=2025-03-30 00:00:00+00:00
[2025-03-30T11:30:30.405+0000] {processor.py:208} INFO - Processing /home/airflow/.local/lib/python3.12/site-packages/airflow/example_dags/example_inlet_event_extra.py took 0.344 seconds
[2025-03-30T11:31:01.302+0000] {processor.py:186} INFO - Started process (PID=837) to work on /home/airflow/.local/lib/python3.12/site-packages/airflow/example_dags/example_inlet_event_extra.py
[2025-03-30T11:31:01.303+0000] {processor.py:914} INFO - Processing file /home/airflow/.local/lib/python3.12/site-packages/airflow/example_dags/example_inlet_event_extra.py for tasks to queue
[2025-03-30T11:31:01.306+0000] {logging_mixin.py:190} INFO - [2025-03-30T11:31:01.306+0000] {dagbag.py:588} INFO - Filling up the DagBag from /home/airflow/.local/lib/python3.12/site-packages/airflow/example_dags/example_inlet_event_extra.py
[2025-03-30T11:31:01.606+0000] {processor.py:925} INFO - DAG(s) 'read_dataset_event', 'read_dataset_event_from_classic' retrieved from /home/airflow/.local/lib/python3.12/site-packages/airflow/example_dags/example_inlet_event_extra.py
[2025-03-30T11:31:01.618+0000] {logging_mixin.py:190} INFO - [2025-03-30T11:31:01.617+0000] {dag.py:3239} INFO - Sync 2 DAGs
[2025-03-30T11:31:01.626+0000] {logging_mixin.py:190} INFO - [2025-03-30T11:31:01.626+0000] {dag.py:4180} INFO - Setting next_dagrun for read_dataset_event to 2025-03-29 00:00:00+00:00, run_after=2025-03-30 00:00:00+00:00
[2025-03-30T11:31:01.629+0000] {logging_mixin.py:190} INFO - [2025-03-30T11:31:01.629+0000] {dag.py:4180} INFO - Setting next_dagrun for read_dataset_event_from_classic to 2025-03-29 00:00:00+00:00, run_after=2025-03-30 00:00:00+00:00
[2025-03-30T11:31:01.635+0000] {processor.py:208} INFO - Processing /home/airflow/.local/lib/python3.12/site-packages/airflow/example_dags/example_inlet_event_extra.py took 0.338 seconds
[2025-03-30T11:31:31.668+0000] {processor.py:186} INFO - Started process (PID=901) to work on /home/airflow/.local/lib/python3.12/site-packages/airflow/example_dags/example_inlet_event_extra.py
[2025-03-30T11:31:31.670+0000] {processor.py:914} INFO - Processing file /home/airflow/.local/lib/python3.12/site-packages/airflow/example_dags/example_inlet_event_extra.py for tasks to queue
[2025-03-30T11:31:31.671+0000] {logging_mixin.py:190} INFO - [2025-03-30T11:31:31.671+0000] {dagbag.py:588} INFO - Filling up the DagBag from /home/airflow/.local/lib/python3.12/site-packages/airflow/example_dags/example_inlet_event_extra.py
[2025-03-30T11:31:31.900+0000] {processor.py:925} INFO - DAG(s) 'read_dataset_event_from_classic', 'read_dataset_event' retrieved from /home/airflow/.local/lib/python3.12/site-packages/airflow/example_dags/example_inlet_event_extra.py
[2025-03-30T11:31:31.908+0000] {logging_mixin.py:190} INFO - [2025-03-30T11:31:31.908+0000] {dag.py:3239} INFO - Sync 2 DAGs
[2025-03-30T11:31:31.916+0000] {logging_mixin.py:190} INFO - [2025-03-30T11:31:31.916+0000] {dag.py:4180} INFO - Setting next_dagrun for read_dataset_event to 2025-03-29 00:00:00+00:00, run_after=2025-03-30 00:00:00+00:00
[2025-03-30T11:31:31.920+0000] {logging_mixin.py:190} INFO - [2025-03-30T11:31:31.920+0000] {dag.py:4180} INFO - Setting next_dagrun for read_dataset_event_from_classic to 2025-03-29 00:00:00+00:00, run_after=2025-03-30 00:00:00+00:00
[2025-03-30T11:31:31.928+0000] {processor.py:208} INFO - Processing /home/airflow/.local/lib/python3.12/site-packages/airflow/example_dags/example_inlet_event_extra.py took 0.264 seconds
[2025-03-30T11:32:02.868+0000] {processor.py:186} INFO - Started process (PID=964) to work on /home/airflow/.local/lib/python3.12/site-packages/airflow/example_dags/example_inlet_event_extra.py
[2025-03-30T11:32:02.870+0000] {processor.py:914} INFO - Processing file /home/airflow/.local/lib/python3.12/site-packages/airflow/example_dags/example_inlet_event_extra.py for tasks to queue
[2025-03-30T11:32:02.873+0000] {logging_mixin.py:190} INFO - [2025-03-30T11:32:02.873+0000] {dagbag.py:588} INFO - Filling up the DagBag from /home/airflow/.local/lib/python3.12/site-packages/airflow/example_dags/example_inlet_event_extra.py
[2025-03-30T11:32:03.111+0000] {processor.py:925} INFO - DAG(s) 'read_dataset_event', 'read_dataset_event_from_classic' retrieved from /home/airflow/.local/lib/python3.12/site-packages/airflow/example_dags/example_inlet_event_extra.py
[2025-03-30T11:32:03.119+0000] {logging_mixin.py:190} INFO - [2025-03-30T11:32:03.119+0000] {dag.py:3239} INFO - Sync 2 DAGs
[2025-03-30T11:32:03.126+0000] {logging_mixin.py:190} INFO - [2025-03-30T11:32:03.126+0000] {dag.py:4180} INFO - Setting next_dagrun for read_dataset_event to 2025-03-29 00:00:00+00:00, run_after=2025-03-30 00:00:00+00:00
[2025-03-30T11:32:03.128+0000] {logging_mixin.py:190} INFO - [2025-03-30T11:32:03.128+0000] {dag.py:4180} INFO - Setting next_dagrun for read_dataset_event_from_classic to 2025-03-29 00:00:00+00:00, run_after=2025-03-30 00:00:00+00:00
[2025-03-30T11:32:03.133+0000] {processor.py:208} INFO - Processing /home/airflow/.local/lib/python3.12/site-packages/airflow/example_dags/example_inlet_event_extra.py took 0.270 seconds
[2025-03-30T11:32:34.099+0000] {processor.py:186} INFO - Started process (PID=1028) to work on /home/airflow/.local/lib/python3.12/site-packages/airflow/example_dags/example_inlet_event_extra.py
[2025-03-30T11:32:34.100+0000] {processor.py:914} INFO - Processing file /home/airflow/.local/lib/python3.12/site-packages/airflow/example_dags/example_inlet_event_extra.py for tasks to queue
[2025-03-30T11:32:34.102+0000] {logging_mixin.py:190} INFO - [2025-03-30T11:32:34.102+0000] {dagbag.py:588} INFO - Filling up the DagBag from /home/airflow/.local/lib/python3.12/site-packages/airflow/example_dags/example_inlet_event_extra.py
[2025-03-30T11:32:34.352+0000] {processor.py:925} INFO - DAG(s) 'read_dataset_event_from_classic', 'read_dataset_event' retrieved from /home/airflow/.local/lib/python3.12/site-packages/airflow/example_dags/example_inlet_event_extra.py
[2025-03-30T11:32:34.364+0000] {logging_mixin.py:190} INFO - [2025-03-30T11:32:34.363+0000] {dag.py:3239} INFO - Sync 2 DAGs
[2025-03-30T11:32:34.372+0000] {logging_mixin.py:190} INFO - [2025-03-30T11:32:34.372+0000] {dag.py:4180} INFO - Setting next_dagrun for read_dataset_event to 2025-03-29 00:00:00+00:00, run_after=2025-03-30 00:00:00+00:00
[2025-03-30T11:32:34.374+0000] {logging_mixin.py:190} INFO - [2025-03-30T11:32:34.374+0000] {dag.py:4180} INFO - Setting next_dagrun for read_dataset_event_from_classic to 2025-03-29 00:00:00+00:00, run_after=2025-03-30 00:00:00+00:00
[2025-03-30T11:32:34.380+0000] {processor.py:208} INFO - Processing /home/airflow/.local/lib/python3.12/site-packages/airflow/example_dags/example_inlet_event_extra.py took 0.289 seconds
[2025-03-30T11:33:05.312+0000] {processor.py:186} INFO - Started process (PID=1092) to work on /home/airflow/.local/lib/python3.12/site-packages/airflow/example_dags/example_inlet_event_extra.py
[2025-03-30T11:33:05.312+0000] {processor.py:914} INFO - Processing file /home/airflow/.local/lib/python3.12/site-packages/airflow/example_dags/example_inlet_event_extra.py for tasks to queue
[2025-03-30T11:33:05.313+0000] {logging_mixin.py:190} INFO - [2025-03-30T11:33:05.313+0000] {dagbag.py:588} INFO - Filling up the DagBag from /home/airflow/.local/lib/python3.12/site-packages/airflow/example_dags/example_inlet_event_extra.py
[2025-03-30T11:33:05.530+0000] {processor.py:925} INFO - DAG(s) 'read_dataset_event', 'read_dataset_event_from_classic' retrieved from /home/airflow/.local/lib/python3.12/site-packages/airflow/example_dags/example_inlet_event_extra.py
[2025-03-30T11:33:05.539+0000] {logging_mixin.py:190} INFO - [2025-03-30T11:33:05.539+0000] {dag.py:3239} INFO - Sync 2 DAGs
[2025-03-30T11:33:05.547+0000] {logging_mixin.py:190} INFO - [2025-03-30T11:33:05.547+0000] {dag.py:4180} INFO - Setting next_dagrun for read_dataset_event to 2025-03-29 00:00:00+00:00, run_after=2025-03-30 00:00:00+00:00
[2025-03-30T11:33:05.550+0000] {logging_mixin.py:190} INFO - [2025-03-30T11:33:05.550+0000] {dag.py:4180} INFO - Setting next_dagrun for read_dataset_event_from_classic to 2025-03-29 00:00:00+00:00, run_after=2025-03-30 00:00:00+00:00
[2025-03-30T11:33:05.557+0000] {processor.py:208} INFO - Processing /home/airflow/.local/lib/python3.12/site-packages/airflow/example_dags/example_inlet_event_extra.py took 0.247 seconds
[2025-03-30T11:33:36.438+0000] {processor.py:186} INFO - Started process (PID=1156) to work on /home/airflow/.local/lib/python3.12/site-packages/airflow/example_dags/example_inlet_event_extra.py
[2025-03-30T11:33:36.439+0000] {processor.py:914} INFO - Processing file /home/airflow/.local/lib/python3.12/site-packages/airflow/example_dags/example_inlet_event_extra.py for tasks to queue
[2025-03-30T11:33:36.440+0000] {logging_mixin.py:190} INFO - [2025-03-30T11:33:36.440+0000] {dagbag.py:588} INFO - Filling up the DagBag from /home/airflow/.local/lib/python3.12/site-packages/airflow/example_dags/example_inlet_event_extra.py
[2025-03-30T11:33:36.723+0000] {processor.py:925} INFO - DAG(s) 'read_dataset_event', 'read_dataset_event_from_classic' retrieved from /home/airflow/.local/lib/python3.12/site-packages/airflow/example_dags/example_inlet_event_extra.py
[2025-03-30T11:33:36.732+0000] {logging_mixin.py:190} INFO - [2025-03-30T11:33:36.732+0000] {dag.py:3239} INFO - Sync 2 DAGs
[2025-03-30T11:33:36.740+0000] {logging_mixin.py:190} INFO - [2025-03-30T11:33:36.740+0000] {dag.py:4180} INFO - Setting next_dagrun for read_dataset_event to 2025-03-29 00:00:00+00:00, run_after=2025-03-30 00:00:00+00:00
[2025-03-30T11:33:36.742+0000] {logging_mixin.py:190} INFO - [2025-03-30T11:33:36.742+0000] {dag.py:4180} INFO - Setting next_dagrun for read_dataset_event_from_classic to 2025-03-29 00:00:00+00:00, run_after=2025-03-30 00:00:00+00:00
[2025-03-30T11:33:36.748+0000] {processor.py:208} INFO - Processing /home/airflow/.local/lib/python3.12/site-packages/airflow/example_dags/example_inlet_event_extra.py took 0.312 seconds
[2025-03-30T11:34:07.685+0000] {processor.py:186} INFO - Started process (PID=1220) to work on /home/airflow/.local/lib/python3.12/site-packages/airflow/example_dags/example_inlet_event_extra.py
[2025-03-30T11:34:07.686+0000] {processor.py:914} INFO - Processing file /home/airflow/.local/lib/python3.12/site-packages/airflow/example_dags/example_inlet_event_extra.py for tasks to queue
[2025-03-30T11:34:07.687+0000] {logging_mixin.py:190} INFO - [2025-03-30T11:34:07.687+0000] {dagbag.py:588} INFO - Filling up the DagBag from /home/airflow/.local/lib/python3.12/site-packages/airflow/example_dags/example_inlet_event_extra.py
[2025-03-30T11:34:07.950+0000] {processor.py:925} INFO - DAG(s) 'read_dataset_event_from_classic', 'read_dataset_event' retrieved from /home/airflow/.local/lib/python3.12/site-packages/airflow/example_dags/example_inlet_event_extra.py
[2025-03-30T11:34:07.960+0000] {logging_mixin.py:190} INFO - [2025-03-30T11:34:07.959+0000] {dag.py:3239} INFO - Sync 2 DAGs
[2025-03-30T11:34:07.968+0000] {logging_mixin.py:190} INFO - [2025-03-30T11:34:07.968+0000] {dag.py:4180} INFO - Setting next_dagrun for read_dataset_event to 2025-03-29 00:00:00+00:00, run_after=2025-03-30 00:00:00+00:00
[2025-03-30T11:34:07.971+0000] {logging_mixin.py:190} INFO - [2025-03-30T11:34:07.971+0000] {dag.py:4180} INFO - Setting next_dagrun for read_dataset_event_from_classic to 2025-03-29 00:00:00+00:00, run_after=2025-03-30 00:00:00+00:00
[2025-03-30T11:34:07.976+0000] {processor.py:208} INFO - Processing /home/airflow/.local/lib/python3.12/site-packages/airflow/example_dags/example_inlet_event_extra.py took 0.298 seconds
[2025-03-30T11:34:38.861+0000] {processor.py:186} INFO - Started process (PID=1284) to work on /home/airflow/.local/lib/python3.12/site-packages/airflow/example_dags/example_inlet_event_extra.py
[2025-03-30T11:34:38.862+0000] {processor.py:914} INFO - Processing file /home/airflow/.local/lib/python3.12/site-packages/airflow/example_dags/example_inlet_event_extra.py for tasks to queue
[2025-03-30T11:34:38.864+0000] {logging_mixin.py:190} INFO - [2025-03-30T11:34:38.863+0000] {dagbag.py:588} INFO - Filling up the DagBag from /home/airflow/.local/lib/python3.12/site-packages/airflow/example_dags/example_inlet_event_extra.py
[2025-03-30T11:34:39.150+0000] {processor.py:925} INFO - DAG(s) 'read_dataset_event', 'read_dataset_event_from_classic' retrieved from /home/airflow/.local/lib/python3.12/site-packages/airflow/example_dags/example_inlet_event_extra.py
[2025-03-30T11:34:39.162+0000] {logging_mixin.py:190} INFO - [2025-03-30T11:34:39.161+0000] {dag.py:3239} INFO - Sync 2 DAGs
[2025-03-30T11:34:39.170+0000] {logging_mixin.py:190} INFO - [2025-03-30T11:34:39.170+0000] {dag.py:4180} INFO - Setting next_dagrun for read_dataset_event to 2025-03-29 00:00:00+00:00, run_after=2025-03-30 00:00:00+00:00
[2025-03-30T11:34:39.174+0000] {logging_mixin.py:190} INFO - [2025-03-30T11:34:39.173+0000] {dag.py:4180} INFO - Setting next_dagrun for read_dataset_event_from_classic to 2025-03-29 00:00:00+00:00, run_after=2025-03-30 00:00:00+00:00
[2025-03-30T11:34:39.183+0000] {processor.py:208} INFO - Processing /home/airflow/.local/lib/python3.12/site-packages/airflow/example_dags/example_inlet_event_extra.py took 0.328 seconds
[2025-03-30T11:35:09.399+0000] {processor.py:186} INFO - Started process (PID=1348) to work on /home/airflow/.local/lib/python3.12/site-packages/airflow/example_dags/example_inlet_event_extra.py
[2025-03-30T11:35:09.400+0000] {processor.py:914} INFO - Processing file /home/airflow/.local/lib/python3.12/site-packages/airflow/example_dags/example_inlet_event_extra.py for tasks to queue
[2025-03-30T11:35:09.403+0000] {logging_mixin.py:190} INFO - [2025-03-30T11:35:09.403+0000] {dagbag.py:588} INFO - Filling up the DagBag from /home/airflow/.local/lib/python3.12/site-packages/airflow/example_dags/example_inlet_event_extra.py
[2025-03-30T11:35:09.809+0000] {processor.py:925} INFO - DAG(s) 'read_dataset_event', 'read_dataset_event_from_classic' retrieved from /home/airflow/.local/lib/python3.12/site-packages/airflow/example_dags/example_inlet_event_extra.py
[2025-03-30T11:35:09.823+0000] {logging_mixin.py:190} INFO - [2025-03-30T11:35:09.822+0000] {dag.py:3239} INFO - Sync 2 DAGs
[2025-03-30T11:35:09.831+0000] {logging_mixin.py:190} INFO - [2025-03-30T11:35:09.831+0000] {dag.py:4180} INFO - Setting next_dagrun for read_dataset_event to 2025-03-29 00:00:00+00:00, run_after=2025-03-30 00:00:00+00:00
[2025-03-30T11:35:09.834+0000] {logging_mixin.py:190} INFO - [2025-03-30T11:35:09.834+0000] {dag.py:4180} INFO - Setting next_dagrun for read_dataset_event_from_classic to 2025-03-29 00:00:00+00:00, run_after=2025-03-30 00:00:00+00:00
[2025-03-30T11:35:09.842+0000] {processor.py:208} INFO - Processing /home/airflow/.local/lib/python3.12/site-packages/airflow/example_dags/example_inlet_event_extra.py took 0.451 seconds
[2025-03-30T11:35:40.029+0000] {processor.py:186} INFO - Started process (PID=1412) to work on /home/airflow/.local/lib/python3.12/site-packages/airflow/example_dags/example_inlet_event_extra.py
[2025-03-30T11:35:40.030+0000] {processor.py:914} INFO - Processing file /home/airflow/.local/lib/python3.12/site-packages/airflow/example_dags/example_inlet_event_extra.py for tasks to queue
[2025-03-30T11:35:40.032+0000] {logging_mixin.py:190} INFO - [2025-03-30T11:35:40.031+0000] {dagbag.py:588} INFO - Filling up the DagBag from /home/airflow/.local/lib/python3.12/site-packages/airflow/example_dags/example_inlet_event_extra.py
[2025-03-30T11:35:40.290+0000] {processor.py:925} INFO - DAG(s) 'read_dataset_event', 'read_dataset_event_from_classic' retrieved from /home/airflow/.local/lib/python3.12/site-packages/airflow/example_dags/example_inlet_event_extra.py
[2025-03-30T11:35:40.301+0000] {logging_mixin.py:190} INFO - [2025-03-30T11:35:40.300+0000] {dag.py:3239} INFO - Sync 2 DAGs
[2025-03-30T11:35:40.312+0000] {logging_mixin.py:190} INFO - [2025-03-30T11:35:40.312+0000] {dag.py:4180} INFO - Setting next_dagrun for read_dataset_event to 2025-03-29 00:00:00+00:00, run_after=2025-03-30 00:00:00+00:00
[2025-03-30T11:35:40.317+0000] {logging_mixin.py:190} INFO - [2025-03-30T11:35:40.317+0000] {dag.py:4180} INFO - Setting next_dagrun for read_dataset_event_from_classic to 2025-03-29 00:00:00+00:00, run_after=2025-03-30 00:00:00+00:00
[2025-03-30T11:35:40.323+0000] {processor.py:208} INFO - Processing /home/airflow/.local/lib/python3.12/site-packages/airflow/example_dags/example_inlet_event_extra.py took 0.301 seconds
[2025-03-30T11:36:11.338+0000] {processor.py:186} INFO - Started process (PID=1476) to work on /home/airflow/.local/lib/python3.12/site-packages/airflow/example_dags/example_inlet_event_extra.py
[2025-03-30T11:36:11.339+0000] {processor.py:914} INFO - Processing file /home/airflow/.local/lib/python3.12/site-packages/airflow/example_dags/example_inlet_event_extra.py for tasks to queue
[2025-03-30T11:36:11.342+0000] {logging_mixin.py:190} INFO - [2025-03-30T11:36:11.342+0000] {dagbag.py:588} INFO - Filling up the DagBag from /home/airflow/.local/lib/python3.12/site-packages/airflow/example_dags/example_inlet_event_extra.py
[2025-03-30T11:36:11.651+0000] {processor.py:925} INFO - DAG(s) 'read_dataset_event_from_classic', 'read_dataset_event' retrieved from /home/airflow/.local/lib/python3.12/site-packages/airflow/example_dags/example_inlet_event_extra.py
[2025-03-30T11:36:11.661+0000] {logging_mixin.py:190} INFO - [2025-03-30T11:36:11.661+0000] {dag.py:3239} INFO - Sync 2 DAGs
[2025-03-30T11:36:11.671+0000] {logging_mixin.py:190} INFO - [2025-03-30T11:36:11.671+0000] {dag.py:4180} INFO - Setting next_dagrun for read_dataset_event to 2025-03-29 00:00:00+00:00, run_after=2025-03-30 00:00:00+00:00
[2025-03-30T11:36:11.676+0000] {logging_mixin.py:190} INFO - [2025-03-30T11:36:11.676+0000] {dag.py:4180} INFO - Setting next_dagrun for read_dataset_event_from_classic to 2025-03-29 00:00:00+00:00, run_after=2025-03-30 00:00:00+00:00
[2025-03-30T11:36:11.682+0000] {processor.py:208} INFO - Processing /home/airflow/.local/lib/python3.12/site-packages/airflow/example_dags/example_inlet_event_extra.py took 0.354 seconds
[2025-03-30T11:36:41.747+0000] {processor.py:186} INFO - Started process (PID=1540) to work on /home/airflow/.local/lib/python3.12/site-packages/airflow/example_dags/example_inlet_event_extra.py
[2025-03-30T11:36:41.748+0000] {processor.py:914} INFO - Processing file /home/airflow/.local/lib/python3.12/site-packages/airflow/example_dags/example_inlet_event_extra.py for tasks to queue
[2025-03-30T11:36:41.749+0000] {logging_mixin.py:190} INFO - [2025-03-30T11:36:41.749+0000] {dagbag.py:588} INFO - Filling up the DagBag from /home/airflow/.local/lib/python3.12/site-packages/airflow/example_dags/example_inlet_event_extra.py
[2025-03-30T11:36:42.031+0000] {processor.py:925} INFO - DAG(s) 'read_dataset_event', 'read_dataset_event_from_classic' retrieved from /home/airflow/.local/lib/python3.12/site-packages/airflow/example_dags/example_inlet_event_extra.py
[2025-03-30T11:36:42.040+0000] {logging_mixin.py:190} INFO - [2025-03-30T11:36:42.040+0000] {dag.py:3239} INFO - Sync 2 DAGs
[2025-03-30T11:36:42.049+0000] {logging_mixin.py:190} INFO - [2025-03-30T11:36:42.049+0000] {dag.py:4180} INFO - Setting next_dagrun for read_dataset_event to 2025-03-29 00:00:00+00:00, run_after=2025-03-30 00:00:00+00:00
[2025-03-30T11:36:42.051+0000] {logging_mixin.py:190} INFO - [2025-03-30T11:36:42.051+0000] {dag.py:4180} INFO - Setting next_dagrun for read_dataset_event_from_classic to 2025-03-29 00:00:00+00:00, run_after=2025-03-30 00:00:00+00:00
[2025-03-30T11:36:42.058+0000] {processor.py:208} INFO - Processing /home/airflow/.local/lib/python3.12/site-packages/airflow/example_dags/example_inlet_event_extra.py took 0.316 seconds
[2025-03-30T11:37:12.999+0000] {processor.py:186} INFO - Started process (PID=1604) to work on /home/airflow/.local/lib/python3.12/site-packages/airflow/example_dags/example_inlet_event_extra.py
[2025-03-30T11:37:13.000+0000] {processor.py:914} INFO - Processing file /home/airflow/.local/lib/python3.12/site-packages/airflow/example_dags/example_inlet_event_extra.py for tasks to queue
[2025-03-30T11:37:13.001+0000] {logging_mixin.py:190} INFO - [2025-03-30T11:37:13.001+0000] {dagbag.py:588} INFO - Filling up the DagBag from /home/airflow/.local/lib/python3.12/site-packages/airflow/example_dags/example_inlet_event_extra.py
[2025-03-30T11:37:13.220+0000] {processor.py:925} INFO - DAG(s) 'read_dataset_event', 'read_dataset_event_from_classic' retrieved from /home/airflow/.local/lib/python3.12/site-packages/airflow/example_dags/example_inlet_event_extra.py
[2025-03-30T11:37:13.229+0000] {logging_mixin.py:190} INFO - [2025-03-30T11:37:13.229+0000] {dag.py:3239} INFO - Sync 2 DAGs
[2025-03-30T11:37:13.239+0000] {logging_mixin.py:190} INFO - [2025-03-30T11:37:13.239+0000] {dag.py:4180} INFO - Setting next_dagrun for read_dataset_event to 2025-03-29 00:00:00+00:00, run_after=2025-03-30 00:00:00+00:00
[2025-03-30T11:37:13.240+0000] {logging_mixin.py:190} INFO - [2025-03-30T11:37:13.240+0000] {dag.py:4180} INFO - Setting next_dagrun for read_dataset_event_from_classic to 2025-03-29 00:00:00+00:00, run_after=2025-03-30 00:00:00+00:00
[2025-03-30T11:37:13.248+0000] {processor.py:208} INFO - Processing /home/airflow/.local/lib/python3.12/site-packages/airflow/example_dags/example_inlet_event_extra.py took 0.254 seconds
[2025-03-30T11:37:44.213+0000] {processor.py:186} INFO - Started process (PID=1668) to work on /home/airflow/.local/lib/python3.12/site-packages/airflow/example_dags/example_inlet_event_extra.py
[2025-03-30T11:37:44.215+0000] {processor.py:914} INFO - Processing file /home/airflow/.local/lib/python3.12/site-packages/airflow/example_dags/example_inlet_event_extra.py for tasks to queue
[2025-03-30T11:37:44.218+0000] {logging_mixin.py:190} INFO - [2025-03-30T11:37:44.218+0000] {dagbag.py:588} INFO - Filling up the DagBag from /home/airflow/.local/lib/python3.12/site-packages/airflow/example_dags/example_inlet_event_extra.py
[2025-03-30T11:37:44.461+0000] {processor.py:925} INFO - DAG(s) 'read_dataset_event_from_classic', 'read_dataset_event' retrieved from /home/airflow/.local/lib/python3.12/site-packages/airflow/example_dags/example_inlet_event_extra.py
[2025-03-30T11:37:44.470+0000] {logging_mixin.py:190} INFO - [2025-03-30T11:37:44.470+0000] {dag.py:3239} INFO - Sync 2 DAGs
[2025-03-30T11:37:44.479+0000] {logging_mixin.py:190} INFO - [2025-03-30T11:37:44.479+0000] {dag.py:4180} INFO - Setting next_dagrun for read_dataset_event to 2025-03-29 00:00:00+00:00, run_after=2025-03-30 00:00:00+00:00
[2025-03-30T11:37:44.482+0000] {logging_mixin.py:190} INFO - [2025-03-30T11:37:44.482+0000] {dag.py:4180} INFO - Setting next_dagrun for read_dataset_event_from_classic to 2025-03-29 00:00:00+00:00, run_after=2025-03-30 00:00:00+00:00
[2025-03-30T11:37:44.488+0000] {processor.py:208} INFO - Processing /home/airflow/.local/lib/python3.12/site-packages/airflow/example_dags/example_inlet_event_extra.py took 0.282 seconds
[2025-03-30T11:38:15.404+0000] {processor.py:186} INFO - Started process (PID=1732) to work on /home/airflow/.local/lib/python3.12/site-packages/airflow/example_dags/example_inlet_event_extra.py
[2025-03-30T11:38:15.405+0000] {processor.py:914} INFO - Processing file /home/airflow/.local/lib/python3.12/site-packages/airflow/example_dags/example_inlet_event_extra.py for tasks to queue
[2025-03-30T11:38:15.407+0000] {logging_mixin.py:190} INFO - [2025-03-30T11:38:15.407+0000] {dagbag.py:588} INFO - Filling up the DagBag from /home/airflow/.local/lib/python3.12/site-packages/airflow/example_dags/example_inlet_event_extra.py
[2025-03-30T11:38:15.703+0000] {processor.py:925} INFO - DAG(s) 'read_dataset_event', 'read_dataset_event_from_classic' retrieved from /home/airflow/.local/lib/python3.12/site-packages/airflow/example_dags/example_inlet_event_extra.py
[2025-03-30T11:38:15.719+0000] {logging_mixin.py:190} INFO - [2025-03-30T11:38:15.719+0000] {dag.py:3239} INFO - Sync 2 DAGs
[2025-03-30T11:38:15.746+0000] {logging_mixin.py:190} INFO - [2025-03-30T11:38:15.745+0000] {dag.py:4180} INFO - Setting next_dagrun for read_dataset_event to 2025-03-29 00:00:00+00:00, run_after=2025-03-30 00:00:00+00:00
[2025-03-30T11:38:15.760+0000] {logging_mixin.py:190} INFO - [2025-03-30T11:38:15.760+0000] {dag.py:4180} INFO - Setting next_dagrun for read_dataset_event_from_classic to 2025-03-29 00:00:00+00:00, run_after=2025-03-30 00:00:00+00:00
[2025-03-30T11:38:15.773+0000] {processor.py:208} INFO - Processing /home/airflow/.local/lib/python3.12/site-packages/airflow/example_dags/example_inlet_event_extra.py took 0.374 seconds
[2025-03-30T11:38:45.838+0000] {processor.py:186} INFO - Started process (PID=1796) to work on /home/airflow/.local/lib/python3.12/site-packages/airflow/example_dags/example_inlet_event_extra.py
[2025-03-30T11:38:45.839+0000] {processor.py:914} INFO - Processing file /home/airflow/.local/lib/python3.12/site-packages/airflow/example_dags/example_inlet_event_extra.py for tasks to queue
[2025-03-30T11:38:45.841+0000] {logging_mixin.py:190} INFO - [2025-03-30T11:38:45.841+0000] {dagbag.py:588} INFO - Filling up the DagBag from /home/airflow/.local/lib/python3.12/site-packages/airflow/example_dags/example_inlet_event_extra.py
[2025-03-30T11:38:46.070+0000] {processor.py:925} INFO - DAG(s) 'read_dataset_event', 'read_dataset_event_from_classic' retrieved from /home/airflow/.local/lib/python3.12/site-packages/airflow/example_dags/example_inlet_event_extra.py
[2025-03-30T11:38:46.079+0000] {logging_mixin.py:190} INFO - [2025-03-30T11:38:46.079+0000] {dag.py:3239} INFO - Sync 2 DAGs
[2025-03-30T11:38:46.086+0000] {logging_mixin.py:190} INFO - [2025-03-30T11:38:46.086+0000] {dag.py:4180} INFO - Setting next_dagrun for read_dataset_event to 2025-03-29 00:00:00+00:00, run_after=2025-03-30 00:00:00+00:00
[2025-03-30T11:38:46.088+0000] {logging_mixin.py:190} INFO - [2025-03-30T11:38:46.088+0000] {dag.py:4180} INFO - Setting next_dagrun for read_dataset_event_from_classic to 2025-03-29 00:00:00+00:00, run_after=2025-03-30 00:00:00+00:00
[2025-03-30T11:38:46.094+0000] {processor.py:208} INFO - Processing /home/airflow/.local/lib/python3.12/site-packages/airflow/example_dags/example_inlet_event_extra.py took 0.262 seconds
[2025-03-30T11:39:17.003+0000] {processor.py:186} INFO - Started process (PID=1860) to work on /home/airflow/.local/lib/python3.12/site-packages/airflow/example_dags/example_inlet_event_extra.py
[2025-03-30T11:39:17.004+0000] {processor.py:914} INFO - Processing file /home/airflow/.local/lib/python3.12/site-packages/airflow/example_dags/example_inlet_event_extra.py for tasks to queue
[2025-03-30T11:39:17.006+0000] {logging_mixin.py:190} INFO - [2025-03-30T11:39:17.006+0000] {dagbag.py:588} INFO - Filling up the DagBag from /home/airflow/.local/lib/python3.12/site-packages/airflow/example_dags/example_inlet_event_extra.py
[2025-03-30T11:39:17.250+0000] {processor.py:925} INFO - DAG(s) 'read_dataset_event_from_classic', 'read_dataset_event' retrieved from /home/airflow/.local/lib/python3.12/site-packages/airflow/example_dags/example_inlet_event_extra.py
[2025-03-30T11:39:17.258+0000] {logging_mixin.py:190} INFO - [2025-03-30T11:39:17.258+0000] {dag.py:3239} INFO - Sync 2 DAGs
[2025-03-30T11:39:17.266+0000] {logging_mixin.py:190} INFO - [2025-03-30T11:39:17.266+0000] {dag.py:4180} INFO - Setting next_dagrun for read_dataset_event to 2025-03-29 00:00:00+00:00, run_after=2025-03-30 00:00:00+00:00
[2025-03-30T11:39:17.267+0000] {logging_mixin.py:190} INFO - [2025-03-30T11:39:17.267+0000] {dag.py:4180} INFO - Setting next_dagrun for read_dataset_event_from_classic to 2025-03-29 00:00:00+00:00, run_after=2025-03-30 00:00:00+00:00
[2025-03-30T11:39:17.276+0000] {processor.py:208} INFO - Processing /home/airflow/.local/lib/python3.12/site-packages/airflow/example_dags/example_inlet_event_extra.py took 0.280 seconds
[2025-03-30T11:39:48.182+0000] {processor.py:186} INFO - Started process (PID=1924) to work on /home/airflow/.local/lib/python3.12/site-packages/airflow/example_dags/example_inlet_event_extra.py
[2025-03-30T11:39:48.183+0000] {processor.py:914} INFO - Processing file /home/airflow/.local/lib/python3.12/site-packages/airflow/example_dags/example_inlet_event_extra.py for tasks to queue
[2025-03-30T11:39:48.187+0000] {logging_mixin.py:190} INFO - [2025-03-30T11:39:48.186+0000] {dagbag.py:588} INFO - Filling up the DagBag from /home/airflow/.local/lib/python3.12/site-packages/airflow/example_dags/example_inlet_event_extra.py
[2025-03-30T11:39:48.426+0000] {processor.py:925} INFO - DAG(s) 'read_dataset_event_from_classic', 'read_dataset_event' retrieved from /home/airflow/.local/lib/python3.12/site-packages/airflow/example_dags/example_inlet_event_extra.py
[2025-03-30T11:39:48.435+0000] {logging_mixin.py:190} INFO - [2025-03-30T11:39:48.435+0000] {dag.py:3239} INFO - Sync 2 DAGs
[2025-03-30T11:39:48.442+0000] {logging_mixin.py:190} INFO - [2025-03-30T11:39:48.442+0000] {dag.py:4180} INFO - Setting next_dagrun for read_dataset_event to 2025-03-29 00:00:00+00:00, run_after=2025-03-30 00:00:00+00:00
[2025-03-30T11:39:48.445+0000] {logging_mixin.py:190} INFO - [2025-03-30T11:39:48.445+0000] {dag.py:4180} INFO - Setting next_dagrun for read_dataset_event_from_classic to 2025-03-29 00:00:00+00:00, run_after=2025-03-30 00:00:00+00:00
[2025-03-30T11:39:48.452+0000] {processor.py:208} INFO - Processing /home/airflow/.local/lib/python3.12/site-packages/airflow/example_dags/example_inlet_event_extra.py took 0.276 seconds
[2025-03-30T11:40:19.324+0000] {processor.py:186} INFO - Started process (PID=1988) to work on /home/airflow/.local/lib/python3.12/site-packages/airflow/example_dags/example_inlet_event_extra.py
[2025-03-30T11:40:19.326+0000] {processor.py:914} INFO - Processing file /home/airflow/.local/lib/python3.12/site-packages/airflow/example_dags/example_inlet_event_extra.py for tasks to queue
[2025-03-30T11:40:19.327+0000] {logging_mixin.py:190} INFO - [2025-03-30T11:40:19.327+0000] {dagbag.py:588} INFO - Filling up the DagBag from /home/airflow/.local/lib/python3.12/site-packages/airflow/example_dags/example_inlet_event_extra.py
[2025-03-30T11:40:19.588+0000] {processor.py:925} INFO - DAG(s) 'read_dataset_event', 'read_dataset_event_from_classic' retrieved from /home/airflow/.local/lib/python3.12/site-packages/airflow/example_dags/example_inlet_event_extra.py
[2025-03-30T11:40:19.597+0000] {logging_mixin.py:190} INFO - [2025-03-30T11:40:19.597+0000] {dag.py:3239} INFO - Sync 2 DAGs
[2025-03-30T11:40:19.605+0000] {logging_mixin.py:190} INFO - [2025-03-30T11:40:19.605+0000] {dag.py:4180} INFO - Setting next_dagrun for read_dataset_event to 2025-03-29 00:00:00+00:00, run_after=2025-03-30 00:00:00+00:00
[2025-03-30T11:40:19.607+0000] {logging_mixin.py:190} INFO - [2025-03-30T11:40:19.606+0000] {dag.py:4180} INFO - Setting next_dagrun for read_dataset_event_from_classic to 2025-03-29 00:00:00+00:00, run_after=2025-03-30 00:00:00+00:00
[2025-03-30T11:40:19.614+0000] {processor.py:208} INFO - Processing /home/airflow/.local/lib/python3.12/site-packages/airflow/example_dags/example_inlet_event_extra.py took 0.297 seconds
[2025-03-30T11:40:50.599+0000] {processor.py:186} INFO - Started process (PID=2052) to work on /home/airflow/.local/lib/python3.12/site-packages/airflow/example_dags/example_inlet_event_extra.py
[2025-03-30T11:40:50.603+0000] {processor.py:914} INFO - Processing file /home/airflow/.local/lib/python3.12/site-packages/airflow/example_dags/example_inlet_event_extra.py for tasks to queue
[2025-03-30T11:40:50.606+0000] {logging_mixin.py:190} INFO - [2025-03-30T11:40:50.605+0000] {dagbag.py:588} INFO - Filling up the DagBag from /home/airflow/.local/lib/python3.12/site-packages/airflow/example_dags/example_inlet_event_extra.py
[2025-03-30T11:40:50.880+0000] {processor.py:925} INFO - DAG(s) 'read_dataset_event', 'read_dataset_event_from_classic' retrieved from /home/airflow/.local/lib/python3.12/site-packages/airflow/example_dags/example_inlet_event_extra.py
[2025-03-30T11:40:50.889+0000] {logging_mixin.py:190} INFO - [2025-03-30T11:40:50.888+0000] {dag.py:3239} INFO - Sync 2 DAGs
[2025-03-30T11:40:50.897+0000] {logging_mixin.py:190} INFO - [2025-03-30T11:40:50.897+0000] {dag.py:4180} INFO - Setting next_dagrun for read_dataset_event to 2025-03-29 00:00:00+00:00, run_after=2025-03-30 00:00:00+00:00
[2025-03-30T11:40:50.900+0000] {logging_mixin.py:190} INFO - [2025-03-30T11:40:50.900+0000] {dag.py:4180} INFO - Setting next_dagrun for read_dataset_event_from_classic to 2025-03-29 00:00:00+00:00, run_after=2025-03-30 00:00:00+00:00
[2025-03-30T11:40:50.908+0000] {processor.py:208} INFO - Processing /home/airflow/.local/lib/python3.12/site-packages/airflow/example_dags/example_inlet_event_extra.py took 0.316 seconds
[2025-03-30T11:41:21.817+0000] {processor.py:186} INFO - Started process (PID=2116) to work on /home/airflow/.local/lib/python3.12/site-packages/airflow/example_dags/example_inlet_event_extra.py
[2025-03-30T11:41:21.819+0000] {processor.py:914} INFO - Processing file /home/airflow/.local/lib/python3.12/site-packages/airflow/example_dags/example_inlet_event_extra.py for tasks to queue
[2025-03-30T11:41:21.820+0000] {logging_mixin.py:190} INFO - [2025-03-30T11:41:21.820+0000] {dagbag.py:588} INFO - Filling up the DagBag from /home/airflow/.local/lib/python3.12/site-packages/airflow/example_dags/example_inlet_event_extra.py
[2025-03-30T11:41:22.098+0000] {processor.py:925} INFO - DAG(s) 'read_dataset_event_from_classic', 'read_dataset_event' retrieved from /home/airflow/.local/lib/python3.12/site-packages/airflow/example_dags/example_inlet_event_extra.py
[2025-03-30T11:41:22.109+0000] {logging_mixin.py:190} INFO - [2025-03-30T11:41:22.109+0000] {dag.py:3239} INFO - Sync 2 DAGs
[2025-03-30T11:41:22.117+0000] {logging_mixin.py:190} INFO - [2025-03-30T11:41:22.117+0000] {dag.py:4180} INFO - Setting next_dagrun for read_dataset_event to 2025-03-29 00:00:00+00:00, run_after=2025-03-30 00:00:00+00:00
[2025-03-30T11:41:22.118+0000] {logging_mixin.py:190} INFO - [2025-03-30T11:41:22.118+0000] {dag.py:4180} INFO - Setting next_dagrun for read_dataset_event_from_classic to 2025-03-29 00:00:00+00:00, run_after=2025-03-30 00:00:00+00:00
[2025-03-30T11:41:22.126+0000] {processor.py:208} INFO - Processing /home/airflow/.local/lib/python3.12/site-packages/airflow/example_dags/example_inlet_event_extra.py took 0.314 seconds
[2025-03-30T11:41:53.042+0000] {processor.py:186} INFO - Started process (PID=2180) to work on /home/airflow/.local/lib/python3.12/site-packages/airflow/example_dags/example_inlet_event_extra.py
[2025-03-30T11:41:53.043+0000] {processor.py:914} INFO - Processing file /home/airflow/.local/lib/python3.12/site-packages/airflow/example_dags/example_inlet_event_extra.py for tasks to queue
[2025-03-30T11:41:53.048+0000] {logging_mixin.py:190} INFO - [2025-03-30T11:41:53.048+0000] {dagbag.py:588} INFO - Filling up the DagBag from /home/airflow/.local/lib/python3.12/site-packages/airflow/example_dags/example_inlet_event_extra.py
[2025-03-30T11:41:53.271+0000] {processor.py:925} INFO - DAG(s) 'read_dataset_event_from_classic', 'read_dataset_event' retrieved from /home/airflow/.local/lib/python3.12/site-packages/airflow/example_dags/example_inlet_event_extra.py
[2025-03-30T11:41:53.279+0000] {logging_mixin.py:190} INFO - [2025-03-30T11:41:53.279+0000] {dag.py:3239} INFO - Sync 2 DAGs
[2025-03-30T11:41:53.287+0000] {logging_mixin.py:190} INFO - [2025-03-30T11:41:53.286+0000] {dag.py:4180} INFO - Setting next_dagrun for read_dataset_event to 2025-03-29 00:00:00+00:00, run_after=2025-03-30 00:00:00+00:00
[2025-03-30T11:41:53.290+0000] {logging_mixin.py:190} INFO - [2025-03-30T11:41:53.290+0000] {dag.py:4180} INFO - Setting next_dagrun for read_dataset_event_from_classic to 2025-03-29 00:00:00+00:00, run_after=2025-03-30 00:00:00+00:00
[2025-03-30T11:41:53.297+0000] {processor.py:208} INFO - Processing /home/airflow/.local/lib/python3.12/site-packages/airflow/example_dags/example_inlet_event_extra.py took 0.260 seconds
[2025-03-30T11:42:24.203+0000] {processor.py:186} INFO - Started process (PID=2244) to work on /home/airflow/.local/lib/python3.12/site-packages/airflow/example_dags/example_inlet_event_extra.py
[2025-03-30T11:42:24.205+0000] {processor.py:914} INFO - Processing file /home/airflow/.local/lib/python3.12/site-packages/airflow/example_dags/example_inlet_event_extra.py for tasks to queue
[2025-03-30T11:42:24.208+0000] {logging_mixin.py:190} INFO - [2025-03-30T11:42:24.208+0000] {dagbag.py:588} INFO - Filling up the DagBag from /home/airflow/.local/lib/python3.12/site-packages/airflow/example_dags/example_inlet_event_extra.py
[2025-03-30T11:42:24.475+0000] {processor.py:925} INFO - DAG(s) 'read_dataset_event', 'read_dataset_event_from_classic' retrieved from /home/airflow/.local/lib/python3.12/site-packages/airflow/example_dags/example_inlet_event_extra.py
[2025-03-30T11:42:24.482+0000] {logging_mixin.py:190} INFO - [2025-03-30T11:42:24.482+0000] {dag.py:3239} INFO - Sync 2 DAGs
[2025-03-30T11:42:24.490+0000] {logging_mixin.py:190} INFO - [2025-03-30T11:42:24.490+0000] {dag.py:4180} INFO - Setting next_dagrun for read_dataset_event to 2025-03-29 00:00:00+00:00, run_after=2025-03-30 00:00:00+00:00
[2025-03-30T11:42:24.492+0000] {logging_mixin.py:190} INFO - [2025-03-30T11:42:24.492+0000] {dag.py:4180} INFO - Setting next_dagrun for read_dataset_event_from_classic to 2025-03-29 00:00:00+00:00, run_after=2025-03-30 00:00:00+00:00
[2025-03-30T11:42:24.497+0000] {processor.py:208} INFO - Processing /home/airflow/.local/lib/python3.12/site-packages/airflow/example_dags/example_inlet_event_extra.py took 0.300 seconds
[2025-03-30T11:42:55.359+0000] {processor.py:186} INFO - Started process (PID=2313) to work on /home/airflow/.local/lib/python3.12/site-packages/airflow/example_dags/example_inlet_event_extra.py
[2025-03-30T11:42:55.360+0000] {processor.py:914} INFO - Processing file /home/airflow/.local/lib/python3.12/site-packages/airflow/example_dags/example_inlet_event_extra.py for tasks to queue
[2025-03-30T11:42:55.363+0000] {logging_mixin.py:190} INFO - [2025-03-30T11:42:55.362+0000] {dagbag.py:588} INFO - Filling up the DagBag from /home/airflow/.local/lib/python3.12/site-packages/airflow/example_dags/example_inlet_event_extra.py
[2025-03-30T11:42:55.593+0000] {processor.py:925} INFO - DAG(s) 'read_dataset_event', 'read_dataset_event_from_classic' retrieved from /home/airflow/.local/lib/python3.12/site-packages/airflow/example_dags/example_inlet_event_extra.py
[2025-03-30T11:42:55.600+0000] {logging_mixin.py:190} INFO - [2025-03-30T11:42:55.600+0000] {dag.py:3239} INFO - Sync 2 DAGs
[2025-03-30T11:42:55.607+0000] {logging_mixin.py:190} INFO - [2025-03-30T11:42:55.607+0000] {dag.py:4180} INFO - Setting next_dagrun for read_dataset_event to 2025-03-29 00:00:00+00:00, run_after=2025-03-30 00:00:00+00:00
[2025-03-30T11:42:55.608+0000] {logging_mixin.py:190} INFO - [2025-03-30T11:42:55.608+0000] {dag.py:4180} INFO - Setting next_dagrun for read_dataset_event_from_classic to 2025-03-29 00:00:00+00:00, run_after=2025-03-30 00:00:00+00:00
[2025-03-30T11:42:55.615+0000] {processor.py:208} INFO - Processing /home/airflow/.local/lib/python3.12/site-packages/airflow/example_dags/example_inlet_event_extra.py took 0.263 seconds
[2025-03-30T11:43:26.464+0000] {processor.py:186} INFO - Started process (PID=2377) to work on /home/airflow/.local/lib/python3.12/site-packages/airflow/example_dags/example_inlet_event_extra.py
[2025-03-30T11:43:26.465+0000] {processor.py:914} INFO - Processing file /home/airflow/.local/lib/python3.12/site-packages/airflow/example_dags/example_inlet_event_extra.py for tasks to queue
[2025-03-30T11:43:26.468+0000] {logging_mixin.py:190} INFO - [2025-03-30T11:43:26.468+0000] {dagbag.py:588} INFO - Filling up the DagBag from /home/airflow/.local/lib/python3.12/site-packages/airflow/example_dags/example_inlet_event_extra.py
[2025-03-30T11:43:26.696+0000] {processor.py:925} INFO - DAG(s) 'read_dataset_event_from_classic', 'read_dataset_event' retrieved from /home/airflow/.local/lib/python3.12/site-packages/airflow/example_dags/example_inlet_event_extra.py
[2025-03-30T11:43:26.706+0000] {logging_mixin.py:190} INFO - [2025-03-30T11:43:26.706+0000] {dag.py:3239} INFO - Sync 2 DAGs
[2025-03-30T11:43:26.713+0000] {logging_mixin.py:190} INFO - [2025-03-30T11:43:26.713+0000] {dag.py:4180} INFO - Setting next_dagrun for read_dataset_event to 2025-03-29 00:00:00+00:00, run_after=2025-03-30 00:00:00+00:00
[2025-03-30T11:43:26.715+0000] {logging_mixin.py:190} INFO - [2025-03-30T11:43:26.715+0000] {dag.py:4180} INFO - Setting next_dagrun for read_dataset_event_from_classic to 2025-03-29 00:00:00+00:00, run_after=2025-03-30 00:00:00+00:00
[2025-03-30T11:43:26.721+0000] {processor.py:208} INFO - Processing /home/airflow/.local/lib/python3.12/site-packages/airflow/example_dags/example_inlet_event_extra.py took 0.266 seconds
[2025-03-30T11:43:57.597+0000] {processor.py:186} INFO - Started process (PID=2440) to work on /home/airflow/.local/lib/python3.12/site-packages/airflow/example_dags/example_inlet_event_extra.py
[2025-03-30T11:43:57.598+0000] {processor.py:914} INFO - Processing file /home/airflow/.local/lib/python3.12/site-packages/airflow/example_dags/example_inlet_event_extra.py for tasks to queue
[2025-03-30T11:43:57.600+0000] {logging_mixin.py:190} INFO - [2025-03-30T11:43:57.599+0000] {dagbag.py:588} INFO - Filling up the DagBag from /home/airflow/.local/lib/python3.12/site-packages/airflow/example_dags/example_inlet_event_extra.py
[2025-03-30T11:43:57.808+0000] {processor.py:925} INFO - DAG(s) 'read_dataset_event', 'read_dataset_event_from_classic' retrieved from /home/airflow/.local/lib/python3.12/site-packages/airflow/example_dags/example_inlet_event_extra.py
[2025-03-30T11:43:57.816+0000] {logging_mixin.py:190} INFO - [2025-03-30T11:43:57.816+0000] {dag.py:3239} INFO - Sync 2 DAGs
[2025-03-30T11:43:57.825+0000] {logging_mixin.py:190} INFO - [2025-03-30T11:43:57.825+0000] {dag.py:4180} INFO - Setting next_dagrun for read_dataset_event to 2025-03-29 00:00:00+00:00, run_after=2025-03-30 00:00:00+00:00
[2025-03-30T11:43:57.827+0000] {logging_mixin.py:190} INFO - [2025-03-30T11:43:57.827+0000] {dag.py:4180} INFO - Setting next_dagrun for read_dataset_event_from_classic to 2025-03-29 00:00:00+00:00, run_after=2025-03-30 00:00:00+00:00
[2025-03-30T11:43:57.833+0000] {processor.py:208} INFO - Processing /home/airflow/.local/lib/python3.12/site-packages/airflow/example_dags/example_inlet_event_extra.py took 0.241 seconds
[2025-03-30T11:44:28.669+0000] {processor.py:186} INFO - Started process (PID=2504) to work on /home/airflow/.local/lib/python3.12/site-packages/airflow/example_dags/example_inlet_event_extra.py
[2025-03-30T11:44:28.670+0000] {processor.py:914} INFO - Processing file /home/airflow/.local/lib/python3.12/site-packages/airflow/example_dags/example_inlet_event_extra.py for tasks to queue
[2025-03-30T11:44:28.673+0000] {logging_mixin.py:190} INFO - [2025-03-30T11:44:28.673+0000] {dagbag.py:588} INFO - Filling up the DagBag from /home/airflow/.local/lib/python3.12/site-packages/airflow/example_dags/example_inlet_event_extra.py
[2025-03-30T11:44:28.910+0000] {processor.py:925} INFO - DAG(s) 'read_dataset_event_from_classic', 'read_dataset_event' retrieved from /home/airflow/.local/lib/python3.12/site-packages/airflow/example_dags/example_inlet_event_extra.py
[2025-03-30T11:44:28.919+0000] {logging_mixin.py:190} INFO - [2025-03-30T11:44:28.919+0000] {dag.py:3239} INFO - Sync 2 DAGs
[2025-03-30T11:44:28.926+0000] {logging_mixin.py:190} INFO - [2025-03-30T11:44:28.926+0000] {dag.py:4180} INFO - Setting next_dagrun for read_dataset_event to 2025-03-29 00:00:00+00:00, run_after=2025-03-30 00:00:00+00:00
[2025-03-30T11:44:28.929+0000] {logging_mixin.py:190} INFO - [2025-03-30T11:44:28.928+0000] {dag.py:4180} INFO - Setting next_dagrun for read_dataset_event_from_classic to 2025-03-29 00:00:00+00:00, run_after=2025-03-30 00:00:00+00:00
[2025-03-30T11:44:28.936+0000] {processor.py:208} INFO - Processing /home/airflow/.local/lib/python3.12/site-packages/airflow/example_dags/example_inlet_event_extra.py took 0.272 seconds
