[2025-03-30T03:32:20.435+0000] {processor.py:186} INFO - Started process (PID=61) to work on /home/airflow/.local/lib/python3.12/site-packages/airflow/example_dags/example_skip_dag.py
[2025-03-30T03:32:20.435+0000] {processor.py:914} INFO - Processing file /home/airflow/.local/lib/python3.12/site-packages/airflow/example_dags/example_skip_dag.py for tasks to queue
[2025-03-30T03:32:20.437+0000] {logging_mixin.py:190} INFO - [2025-03-30T03:32:20.436+0000] {dagbag.py:588} INFO - Filling up the DagBag from /home/airflow/.local/lib/python3.12/site-packages/airflow/example_dags/example_skip_dag.py
[2025-03-30T03:32:20.443+0000] {processor.py:925} INFO - DAG(s) 'example_skip_dag' retrieved from /home/airflow/.local/lib/python3.12/site-packages/airflow/example_dags/example_skip_dag.py
[2025-03-30T03:32:20.468+0000] {logging_mixin.py:190} INFO - [2025-03-30T03:32:20.468+0000] {dag.py:3239} INFO - Sync 1 DAGs
[2025-03-30T03:32:20.481+0000] {logging_mixin.py:190} INFO - [2025-03-30T03:32:20.481+0000] {dag.py:4180} INFO - Setting next_dagrun for example_skip_dag to 2025-03-29 00:00:00+00:00, run_after=2025-03-30 00:00:00+00:00
[2025-03-30T03:32:20.506+0000] {processor.py:208} INFO - Processing /home/airflow/.local/lib/python3.12/site-packages/airflow/example_dags/example_skip_dag.py took 0.073 seconds
[2025-03-30T03:32:50.544+0000] {processor.py:186} INFO - Started process (PID=129) to work on /home/airflow/.local/lib/python3.12/site-packages/airflow/example_dags/example_skip_dag.py
[2025-03-30T03:32:50.544+0000] {processor.py:914} INFO - Processing file /home/airflow/.local/lib/python3.12/site-packages/airflow/example_dags/example_skip_dag.py for tasks to queue
[2025-03-30T03:32:50.546+0000] {logging_mixin.py:190} INFO - [2025-03-30T03:32:50.546+0000] {dagbag.py:588} INFO - Filling up the DagBag from /home/airflow/.local/lib/python3.12/site-packages/airflow/example_dags/example_skip_dag.py
[2025-03-30T03:32:50.550+0000] {processor.py:925} INFO - DAG(s) 'example_skip_dag' retrieved from /home/airflow/.local/lib/python3.12/site-packages/airflow/example_dags/example_skip_dag.py
[2025-03-30T03:32:50.563+0000] {logging_mixin.py:190} INFO - [2025-03-30T03:32:50.563+0000] {dag.py:3239} INFO - Sync 1 DAGs
[2025-03-30T03:32:50.573+0000] {logging_mixin.py:190} INFO - [2025-03-30T03:32:50.573+0000] {dag.py:4180} INFO - Setting next_dagrun for example_skip_dag to 2025-03-29 00:00:00+00:00, run_after=2025-03-30 00:00:00+00:00
[2025-03-30T03:32:50.579+0000] {processor.py:208} INFO - Processing /home/airflow/.local/lib/python3.12/site-packages/airflow/example_dags/example_skip_dag.py took 0.038 seconds
[2025-03-30T03:33:20.634+0000] {processor.py:186} INFO - Started process (PID=191) to work on /home/airflow/.local/lib/python3.12/site-packages/airflow/example_dags/example_skip_dag.py
[2025-03-30T03:33:20.635+0000] {processor.py:914} INFO - Processing file /home/airflow/.local/lib/python3.12/site-packages/airflow/example_dags/example_skip_dag.py for tasks to queue
[2025-03-30T03:33:20.636+0000] {logging_mixin.py:190} INFO - [2025-03-30T03:33:20.636+0000] {dagbag.py:588} INFO - Filling up the DagBag from /home/airflow/.local/lib/python3.12/site-packages/airflow/example_dags/example_skip_dag.py
[2025-03-30T03:33:20.639+0000] {processor.py:925} INFO - DAG(s) 'example_skip_dag' retrieved from /home/airflow/.local/lib/python3.12/site-packages/airflow/example_dags/example_skip_dag.py
[2025-03-30T03:33:20.647+0000] {logging_mixin.py:190} INFO - [2025-03-30T03:33:20.647+0000] {dag.py:3239} INFO - Sync 1 DAGs
[2025-03-30T03:33:20.654+0000] {logging_mixin.py:190} INFO - [2025-03-30T03:33:20.654+0000] {dag.py:4180} INFO - Setting next_dagrun for example_skip_dag to 2025-03-29 00:00:00+00:00, run_after=2025-03-30 00:00:00+00:00
[2025-03-30T03:33:20.660+0000] {processor.py:208} INFO - Processing /home/airflow/.local/lib/python3.12/site-packages/airflow/example_dags/example_skip_dag.py took 0.028 seconds
[2025-03-30T03:33:51.598+0000] {processor.py:186} INFO - Started process (PID=254) to work on /home/airflow/.local/lib/python3.12/site-packages/airflow/example_dags/example_skip_dag.py
[2025-03-30T03:33:51.598+0000] {processor.py:914} INFO - Processing file /home/airflow/.local/lib/python3.12/site-packages/airflow/example_dags/example_skip_dag.py for tasks to queue
[2025-03-30T03:33:51.599+0000] {logging_mixin.py:190} INFO - [2025-03-30T03:33:51.599+0000] {dagbag.py:588} INFO - Filling up the DagBag from /home/airflow/.local/lib/python3.12/site-packages/airflow/example_dags/example_skip_dag.py
[2025-03-30T03:33:51.601+0000] {processor.py:925} INFO - DAG(s) 'example_skip_dag' retrieved from /home/airflow/.local/lib/python3.12/site-packages/airflow/example_dags/example_skip_dag.py
[2025-03-30T03:33:51.609+0000] {logging_mixin.py:190} INFO - [2025-03-30T03:33:51.609+0000] {dag.py:3239} INFO - Sync 1 DAGs
[2025-03-30T03:33:51.617+0000] {logging_mixin.py:190} INFO - [2025-03-30T03:33:51.617+0000] {dag.py:4180} INFO - Setting next_dagrun for example_skip_dag to 2025-03-29 00:00:00+00:00, run_after=2025-03-30 00:00:00+00:00
[2025-03-30T03:33:51.622+0000] {processor.py:208} INFO - Processing /home/airflow/.local/lib/python3.12/site-packages/airflow/example_dags/example_skip_dag.py took 0.026 seconds
[2025-03-30T03:34:22.554+0000] {processor.py:186} INFO - Started process (PID=317) to work on /home/airflow/.local/lib/python3.12/site-packages/airflow/example_dags/example_skip_dag.py
[2025-03-30T03:34:22.554+0000] {processor.py:914} INFO - Processing file /home/airflow/.local/lib/python3.12/site-packages/airflow/example_dags/example_skip_dag.py for tasks to queue
[2025-03-30T03:34:22.555+0000] {logging_mixin.py:190} INFO - [2025-03-30T03:34:22.555+0000] {dagbag.py:588} INFO - Filling up the DagBag from /home/airflow/.local/lib/python3.12/site-packages/airflow/example_dags/example_skip_dag.py
[2025-03-30T03:34:22.558+0000] {processor.py:925} INFO - DAG(s) 'example_skip_dag' retrieved from /home/airflow/.local/lib/python3.12/site-packages/airflow/example_dags/example_skip_dag.py
[2025-03-30T03:34:22.566+0000] {logging_mixin.py:190} INFO - [2025-03-30T03:34:22.566+0000] {dag.py:3239} INFO - Sync 1 DAGs
[2025-03-30T03:34:22.573+0000] {logging_mixin.py:190} INFO - [2025-03-30T03:34:22.573+0000] {dag.py:4180} INFO - Setting next_dagrun for example_skip_dag to 2025-03-29 00:00:00+00:00, run_after=2025-03-30 00:00:00+00:00
[2025-03-30T03:34:22.579+0000] {processor.py:208} INFO - Processing /home/airflow/.local/lib/python3.12/site-packages/airflow/example_dags/example_skip_dag.py took 0.028 seconds
[2025-03-30T03:34:52.789+0000] {processor.py:186} INFO - Started process (PID=380) to work on /home/airflow/.local/lib/python3.12/site-packages/airflow/example_dags/example_skip_dag.py
[2025-03-30T03:34:52.790+0000] {processor.py:914} INFO - Processing file /home/airflow/.local/lib/python3.12/site-packages/airflow/example_dags/example_skip_dag.py for tasks to queue
[2025-03-30T03:34:52.790+0000] {logging_mixin.py:190} INFO - [2025-03-30T03:34:52.790+0000] {dagbag.py:588} INFO - Filling up the DagBag from /home/airflow/.local/lib/python3.12/site-packages/airflow/example_dags/example_skip_dag.py
[2025-03-30T03:34:52.793+0000] {processor.py:925} INFO - DAG(s) 'example_skip_dag' retrieved from /home/airflow/.local/lib/python3.12/site-packages/airflow/example_dags/example_skip_dag.py
[2025-03-30T03:34:52.800+0000] {logging_mixin.py:190} INFO - [2025-03-30T03:34:52.800+0000] {dag.py:3239} INFO - Sync 1 DAGs
[2025-03-30T03:34:52.807+0000] {logging_mixin.py:190} INFO - [2025-03-30T03:34:52.807+0000] {dag.py:4180} INFO - Setting next_dagrun for example_skip_dag to 2025-03-29 00:00:00+00:00, run_after=2025-03-30 00:00:00+00:00
[2025-03-30T03:34:52.812+0000] {processor.py:208} INFO - Processing /home/airflow/.local/lib/python3.12/site-packages/airflow/example_dags/example_skip_dag.py took 0.024 seconds
[2025-03-30T03:35:22.904+0000] {processor.py:186} INFO - Started process (PID=443) to work on /home/airflow/.local/lib/python3.12/site-packages/airflow/example_dags/example_skip_dag.py
[2025-03-30T03:35:22.904+0000] {processor.py:914} INFO - Processing file /home/airflow/.local/lib/python3.12/site-packages/airflow/example_dags/example_skip_dag.py for tasks to queue
[2025-03-30T03:35:22.905+0000] {logging_mixin.py:190} INFO - [2025-03-30T03:35:22.905+0000] {dagbag.py:588} INFO - Filling up the DagBag from /home/airflow/.local/lib/python3.12/site-packages/airflow/example_dags/example_skip_dag.py
[2025-03-30T03:35:22.908+0000] {processor.py:925} INFO - DAG(s) 'example_skip_dag' retrieved from /home/airflow/.local/lib/python3.12/site-packages/airflow/example_dags/example_skip_dag.py
[2025-03-30T03:35:22.916+0000] {logging_mixin.py:190} INFO - [2025-03-30T03:35:22.916+0000] {dag.py:3239} INFO - Sync 1 DAGs
[2025-03-30T03:35:22.927+0000] {logging_mixin.py:190} INFO - [2025-03-30T03:35:22.927+0000] {dag.py:4180} INFO - Setting next_dagrun for example_skip_dag to 2025-03-29 00:00:00+00:00, run_after=2025-03-30 00:00:00+00:00
[2025-03-30T03:35:22.933+0000] {processor.py:208} INFO - Processing /home/airflow/.local/lib/python3.12/site-packages/airflow/example_dags/example_skip_dag.py took 0.032 seconds
[2025-03-30T03:35:53.018+0000] {processor.py:186} INFO - Started process (PID=505) to work on /home/airflow/.local/lib/python3.12/site-packages/airflow/example_dags/example_skip_dag.py
[2025-03-30T03:35:53.019+0000] {processor.py:914} INFO - Processing file /home/airflow/.local/lib/python3.12/site-packages/airflow/example_dags/example_skip_dag.py for tasks to queue
[2025-03-30T03:35:53.021+0000] {logging_mixin.py:190} INFO - [2025-03-30T03:35:53.021+0000] {dagbag.py:588} INFO - Filling up the DagBag from /home/airflow/.local/lib/python3.12/site-packages/airflow/example_dags/example_skip_dag.py
[2025-03-30T03:35:53.025+0000] {processor.py:925} INFO - DAG(s) 'example_skip_dag' retrieved from /home/airflow/.local/lib/python3.12/site-packages/airflow/example_dags/example_skip_dag.py
[2025-03-30T03:35:53.033+0000] {logging_mixin.py:190} INFO - [2025-03-30T03:35:53.033+0000] {dag.py:3239} INFO - Sync 1 DAGs
[2025-03-30T03:35:53.041+0000] {logging_mixin.py:190} INFO - [2025-03-30T03:35:53.041+0000] {dag.py:4180} INFO - Setting next_dagrun for example_skip_dag to 2025-03-29 00:00:00+00:00, run_after=2025-03-30 00:00:00+00:00
[2025-03-30T03:35:53.047+0000] {processor.py:208} INFO - Processing /home/airflow/.local/lib/python3.12/site-packages/airflow/example_dags/example_skip_dag.py took 0.031 seconds
[2025-03-30T03:36:23.104+0000] {processor.py:186} INFO - Started process (PID=568) to work on /home/airflow/.local/lib/python3.12/site-packages/airflow/example_dags/example_skip_dag.py
[2025-03-30T03:36:23.107+0000] {processor.py:914} INFO - Processing file /home/airflow/.local/lib/python3.12/site-packages/airflow/example_dags/example_skip_dag.py for tasks to queue
[2025-03-30T03:36:23.108+0000] {logging_mixin.py:190} INFO - [2025-03-30T03:36:23.108+0000] {dagbag.py:588} INFO - Filling up the DagBag from /home/airflow/.local/lib/python3.12/site-packages/airflow/example_dags/example_skip_dag.py
[2025-03-30T03:36:23.111+0000] {processor.py:925} INFO - DAG(s) 'example_skip_dag' retrieved from /home/airflow/.local/lib/python3.12/site-packages/airflow/example_dags/example_skip_dag.py
[2025-03-30T03:36:23.120+0000] {logging_mixin.py:190} INFO - [2025-03-30T03:36:23.120+0000] {dag.py:3239} INFO - Sync 1 DAGs
[2025-03-30T03:36:23.128+0000] {logging_mixin.py:190} INFO - [2025-03-30T03:36:23.128+0000] {dag.py:4180} INFO - Setting next_dagrun for example_skip_dag to 2025-03-29 00:00:00+00:00, run_after=2025-03-30 00:00:00+00:00
[2025-03-30T03:36:23.136+0000] {processor.py:208} INFO - Processing /home/airflow/.local/lib/python3.12/site-packages/airflow/example_dags/example_skip_dag.py took 0.034 seconds
[2025-03-30T03:36:53.308+0000] {processor.py:186} INFO - Started process (PID=631) to work on /home/airflow/.local/lib/python3.12/site-packages/airflow/example_dags/example_skip_dag.py
[2025-03-30T03:36:53.309+0000] {processor.py:914} INFO - Processing file /home/airflow/.local/lib/python3.12/site-packages/airflow/example_dags/example_skip_dag.py for tasks to queue
[2025-03-30T03:36:53.310+0000] {logging_mixin.py:190} INFO - [2025-03-30T03:36:53.310+0000] {dagbag.py:588} INFO - Filling up the DagBag from /home/airflow/.local/lib/python3.12/site-packages/airflow/example_dags/example_skip_dag.py
[2025-03-30T03:36:53.314+0000] {processor.py:925} INFO - DAG(s) 'example_skip_dag' retrieved from /home/airflow/.local/lib/python3.12/site-packages/airflow/example_dags/example_skip_dag.py
[2025-03-30T03:36:53.323+0000] {logging_mixin.py:190} INFO - [2025-03-30T03:36:53.323+0000] {dag.py:3239} INFO - Sync 1 DAGs
[2025-03-30T03:36:53.336+0000] {logging_mixin.py:190} INFO - [2025-03-30T03:36:53.336+0000] {dag.py:4180} INFO - Setting next_dagrun for example_skip_dag to 2025-03-29 00:00:00+00:00, run_after=2025-03-30 00:00:00+00:00
[2025-03-30T03:36:53.345+0000] {processor.py:208} INFO - Processing /home/airflow/.local/lib/python3.12/site-packages/airflow/example_dags/example_skip_dag.py took 0.041 seconds
[2025-03-30T03:37:23.377+0000] {processor.py:186} INFO - Started process (PID=694) to work on /home/airflow/.local/lib/python3.12/site-packages/airflow/example_dags/example_skip_dag.py
[2025-03-30T03:37:23.378+0000] {processor.py:914} INFO - Processing file /home/airflow/.local/lib/python3.12/site-packages/airflow/example_dags/example_skip_dag.py for tasks to queue
[2025-03-30T03:37:23.379+0000] {logging_mixin.py:190} INFO - [2025-03-30T03:37:23.378+0000] {dagbag.py:588} INFO - Filling up the DagBag from /home/airflow/.local/lib/python3.12/site-packages/airflow/example_dags/example_skip_dag.py
[2025-03-30T03:37:23.382+0000] {processor.py:925} INFO - DAG(s) 'example_skip_dag' retrieved from /home/airflow/.local/lib/python3.12/site-packages/airflow/example_dags/example_skip_dag.py
[2025-03-30T03:37:23.390+0000] {logging_mixin.py:190} INFO - [2025-03-30T03:37:23.390+0000] {dag.py:3239} INFO - Sync 1 DAGs
[2025-03-30T03:37:23.397+0000] {logging_mixin.py:190} INFO - [2025-03-30T03:37:23.397+0000] {dag.py:4180} INFO - Setting next_dagrun for example_skip_dag to 2025-03-29 00:00:00+00:00, run_after=2025-03-30 00:00:00+00:00
[2025-03-30T03:37:23.403+0000] {processor.py:208} INFO - Processing /home/airflow/.local/lib/python3.12/site-packages/airflow/example_dags/example_skip_dag.py took 0.028 seconds
[2025-03-30T03:37:54.353+0000] {processor.py:186} INFO - Started process (PID=757) to work on /home/airflow/.local/lib/python3.12/site-packages/airflow/example_dags/example_skip_dag.py
[2025-03-30T03:37:54.354+0000] {processor.py:914} INFO - Processing file /home/airflow/.local/lib/python3.12/site-packages/airflow/example_dags/example_skip_dag.py for tasks to queue
[2025-03-30T03:37:54.355+0000] {logging_mixin.py:190} INFO - [2025-03-30T03:37:54.355+0000] {dagbag.py:588} INFO - Filling up the DagBag from /home/airflow/.local/lib/python3.12/site-packages/airflow/example_dags/example_skip_dag.py
[2025-03-30T03:37:54.358+0000] {processor.py:925} INFO - DAG(s) 'example_skip_dag' retrieved from /home/airflow/.local/lib/python3.12/site-packages/airflow/example_dags/example_skip_dag.py
[2025-03-30T03:37:54.366+0000] {logging_mixin.py:190} INFO - [2025-03-30T03:37:54.366+0000] {dag.py:3239} INFO - Sync 1 DAGs
[2025-03-30T03:37:54.373+0000] {logging_mixin.py:190} INFO - [2025-03-30T03:37:54.373+0000] {dag.py:4180} INFO - Setting next_dagrun for example_skip_dag to 2025-03-29 00:00:00+00:00, run_after=2025-03-30 00:00:00+00:00
[2025-03-30T03:37:54.379+0000] {processor.py:208} INFO - Processing /home/airflow/.local/lib/python3.12/site-packages/airflow/example_dags/example_skip_dag.py took 0.028 seconds
[2025-03-30T11:24:52.908+0000] {processor.py:186} INFO - Started process (PID=68) to work on /home/airflow/.local/lib/python3.12/site-packages/airflow/example_dags/example_skip_dag.py
[2025-03-30T11:24:52.909+0000] {processor.py:914} INFO - Processing file /home/airflow/.local/lib/python3.12/site-packages/airflow/example_dags/example_skip_dag.py for tasks to queue
[2025-03-30T11:24:52.909+0000] {logging_mixin.py:190} INFO - [2025-03-30T11:24:52.909+0000] {dagbag.py:588} INFO - Filling up the DagBag from /home/airflow/.local/lib/python3.12/site-packages/airflow/example_dags/example_skip_dag.py
[2025-03-30T11:24:52.914+0000] {processor.py:925} INFO - DAG(s) 'example_skip_dag' retrieved from /home/airflow/.local/lib/python3.12/site-packages/airflow/example_dags/example_skip_dag.py
[2025-03-30T11:24:52.923+0000] {logging_mixin.py:190} INFO - [2025-03-30T11:24:52.923+0000] {dag.py:3239} INFO - Sync 1 DAGs
[2025-03-30T11:24:52.932+0000] {logging_mixin.py:190} INFO - [2025-03-30T11:24:52.932+0000] {dag.py:4180} INFO - Setting next_dagrun for example_skip_dag to 2025-03-29 00:00:00+00:00, run_after=2025-03-30 00:00:00+00:00
[2025-03-30T11:24:52.938+0000] {processor.py:208} INFO - Processing /home/airflow/.local/lib/python3.12/site-packages/airflow/example_dags/example_skip_dag.py took 0.032 seconds
[2025-03-30T11:25:23.139+0000] {processor.py:186} INFO - Started process (PID=131) to work on /home/airflow/.local/lib/python3.12/site-packages/airflow/example_dags/example_skip_dag.py
[2025-03-30T11:25:23.139+0000] {processor.py:914} INFO - Processing file /home/airflow/.local/lib/python3.12/site-packages/airflow/example_dags/example_skip_dag.py for tasks to queue
[2025-03-30T11:25:23.140+0000] {logging_mixin.py:190} INFO - [2025-03-30T11:25:23.140+0000] {dagbag.py:588} INFO - Filling up the DagBag from /home/airflow/.local/lib/python3.12/site-packages/airflow/example_dags/example_skip_dag.py
[2025-03-30T11:25:23.143+0000] {processor.py:925} INFO - DAG(s) 'example_skip_dag' retrieved from /home/airflow/.local/lib/python3.12/site-packages/airflow/example_dags/example_skip_dag.py
[2025-03-30T11:25:23.152+0000] {logging_mixin.py:190} INFO - [2025-03-30T11:25:23.152+0000] {dag.py:3239} INFO - Sync 1 DAGs
[2025-03-30T11:25:23.161+0000] {logging_mixin.py:190} INFO - [2025-03-30T11:25:23.161+0000] {dag.py:4180} INFO - Setting next_dagrun for example_skip_dag to 2025-03-29 00:00:00+00:00, run_after=2025-03-30 00:00:00+00:00
[2025-03-30T11:25:23.176+0000] {processor.py:208} INFO - Processing /home/airflow/.local/lib/python3.12/site-packages/airflow/example_dags/example_skip_dag.py took 0.039 seconds
[2025-03-30T11:25:53.343+0000] {processor.py:186} INFO - Started process (PID=194) to work on /home/airflow/.local/lib/python3.12/site-packages/airflow/example_dags/example_skip_dag.py
[2025-03-30T11:25:53.344+0000] {processor.py:914} INFO - Processing file /home/airflow/.local/lib/python3.12/site-packages/airflow/example_dags/example_skip_dag.py for tasks to queue
[2025-03-30T11:25:53.345+0000] {logging_mixin.py:190} INFO - [2025-03-30T11:25:53.345+0000] {dagbag.py:588} INFO - Filling up the DagBag from /home/airflow/.local/lib/python3.12/site-packages/airflow/example_dags/example_skip_dag.py
[2025-03-30T11:25:53.348+0000] {processor.py:925} INFO - DAG(s) 'example_skip_dag' retrieved from /home/airflow/.local/lib/python3.12/site-packages/airflow/example_dags/example_skip_dag.py
[2025-03-30T11:25:53.359+0000] {logging_mixin.py:190} INFO - [2025-03-30T11:25:53.359+0000] {dag.py:3239} INFO - Sync 1 DAGs
[2025-03-30T11:25:53.367+0000] {logging_mixin.py:190} INFO - [2025-03-30T11:25:53.367+0000] {dag.py:4180} INFO - Setting next_dagrun for example_skip_dag to 2025-03-29 00:00:00+00:00, run_after=2025-03-30 00:00:00+00:00
[2025-03-30T11:25:53.378+0000] {processor.py:208} INFO - Processing /home/airflow/.local/lib/python3.12/site-packages/airflow/example_dags/example_skip_dag.py took 0.038 seconds
[2025-03-30T11:26:23.566+0000] {processor.py:186} INFO - Started process (PID=258) to work on /home/airflow/.local/lib/python3.12/site-packages/airflow/example_dags/example_skip_dag.py
[2025-03-30T11:26:23.567+0000] {processor.py:914} INFO - Processing file /home/airflow/.local/lib/python3.12/site-packages/airflow/example_dags/example_skip_dag.py for tasks to queue
[2025-03-30T11:26:23.569+0000] {logging_mixin.py:190} INFO - [2025-03-30T11:26:23.569+0000] {dagbag.py:588} INFO - Filling up the DagBag from /home/airflow/.local/lib/python3.12/site-packages/airflow/example_dags/example_skip_dag.py
[2025-03-30T11:26:23.573+0000] {processor.py:925} INFO - DAG(s) 'example_skip_dag' retrieved from /home/airflow/.local/lib/python3.12/site-packages/airflow/example_dags/example_skip_dag.py
[2025-03-30T11:26:23.587+0000] {logging_mixin.py:190} INFO - [2025-03-30T11:26:23.587+0000] {dag.py:3239} INFO - Sync 1 DAGs
[2025-03-30T11:26:23.596+0000] {logging_mixin.py:190} INFO - [2025-03-30T11:26:23.596+0000] {dag.py:4180} INFO - Setting next_dagrun for example_skip_dag to 2025-03-29 00:00:00+00:00, run_after=2025-03-30 00:00:00+00:00
[2025-03-30T11:26:23.603+0000] {processor.py:208} INFO - Processing /home/airflow/.local/lib/python3.12/site-packages/airflow/example_dags/example_skip_dag.py took 0.039 seconds
[2025-03-30T11:26:53.989+0000] {processor.py:186} INFO - Started process (PID=321) to work on /home/airflow/.local/lib/python3.12/site-packages/airflow/example_dags/example_skip_dag.py
[2025-03-30T11:26:53.989+0000] {processor.py:914} INFO - Processing file /home/airflow/.local/lib/python3.12/site-packages/airflow/example_dags/example_skip_dag.py for tasks to queue
[2025-03-30T11:26:53.990+0000] {logging_mixin.py:190} INFO - [2025-03-30T11:26:53.990+0000] {dagbag.py:588} INFO - Filling up the DagBag from /home/airflow/.local/lib/python3.12/site-packages/airflow/example_dags/example_skip_dag.py
[2025-03-30T11:26:53.993+0000] {processor.py:925} INFO - DAG(s) 'example_skip_dag' retrieved from /home/airflow/.local/lib/python3.12/site-packages/airflow/example_dags/example_skip_dag.py
[2025-03-30T11:26:54.000+0000] {logging_mixin.py:190} INFO - [2025-03-30T11:26:54.000+0000] {dag.py:3239} INFO - Sync 1 DAGs
[2025-03-30T11:26:54.007+0000] {logging_mixin.py:190} INFO - [2025-03-30T11:26:54.007+0000] {dag.py:4180} INFO - Setting next_dagrun for example_skip_dag to 2025-03-29 00:00:00+00:00, run_after=2025-03-30 00:00:00+00:00
[2025-03-30T11:26:54.013+0000] {processor.py:208} INFO - Processing /home/airflow/.local/lib/python3.12/site-packages/airflow/example_dags/example_skip_dag.py took 0.026 seconds
[2025-03-30T11:27:24.377+0000] {processor.py:186} INFO - Started process (PID=386) to work on /home/airflow/.local/lib/python3.12/site-packages/airflow/example_dags/example_skip_dag.py
[2025-03-30T11:27:24.378+0000] {processor.py:914} INFO - Processing file /home/airflow/.local/lib/python3.12/site-packages/airflow/example_dags/example_skip_dag.py for tasks to queue
[2025-03-30T11:27:24.378+0000] {logging_mixin.py:190} INFO - [2025-03-30T11:27:24.378+0000] {dagbag.py:588} INFO - Filling up the DagBag from /home/airflow/.local/lib/python3.12/site-packages/airflow/example_dags/example_skip_dag.py
[2025-03-30T11:27:24.381+0000] {processor.py:925} INFO - DAG(s) 'example_skip_dag' retrieved from /home/airflow/.local/lib/python3.12/site-packages/airflow/example_dags/example_skip_dag.py
[2025-03-30T11:27:24.389+0000] {logging_mixin.py:190} INFO - [2025-03-30T11:27:24.389+0000] {dag.py:3239} INFO - Sync 1 DAGs
[2025-03-30T11:27:24.396+0000] {logging_mixin.py:190} INFO - [2025-03-30T11:27:24.396+0000] {dag.py:4180} INFO - Setting next_dagrun for example_skip_dag to 2025-03-29 00:00:00+00:00, run_after=2025-03-30 00:00:00+00:00
[2025-03-30T11:27:24.402+0000] {processor.py:208} INFO - Processing /home/airflow/.local/lib/python3.12/site-packages/airflow/example_dags/example_skip_dag.py took 0.027 seconds
[2025-03-30T11:27:54.537+0000] {processor.py:186} INFO - Started process (PID=450) to work on /home/airflow/.local/lib/python3.12/site-packages/airflow/example_dags/example_skip_dag.py
[2025-03-30T11:27:54.537+0000] {processor.py:914} INFO - Processing file /home/airflow/.local/lib/python3.12/site-packages/airflow/example_dags/example_skip_dag.py for tasks to queue
[2025-03-30T11:27:54.538+0000] {logging_mixin.py:190} INFO - [2025-03-30T11:27:54.538+0000] {dagbag.py:588} INFO - Filling up the DagBag from /home/airflow/.local/lib/python3.12/site-packages/airflow/example_dags/example_skip_dag.py
[2025-03-30T11:27:54.541+0000] {processor.py:925} INFO - DAG(s) 'example_skip_dag' retrieved from /home/airflow/.local/lib/python3.12/site-packages/airflow/example_dags/example_skip_dag.py
[2025-03-30T11:27:54.550+0000] {logging_mixin.py:190} INFO - [2025-03-30T11:27:54.550+0000] {dag.py:3239} INFO - Sync 1 DAGs
[2025-03-30T11:27:54.558+0000] {logging_mixin.py:190} INFO - [2025-03-30T11:27:54.558+0000] {dag.py:4180} INFO - Setting next_dagrun for example_skip_dag to 2025-03-29 00:00:00+00:00, run_after=2025-03-30 00:00:00+00:00
[2025-03-30T11:27:54.564+0000] {processor.py:208} INFO - Processing /home/airflow/.local/lib/python3.12/site-packages/airflow/example_dags/example_skip_dag.py took 0.029 seconds
[2025-03-30T11:28:25.008+0000] {processor.py:186} INFO - Started process (PID=514) to work on /home/airflow/.local/lib/python3.12/site-packages/airflow/example_dags/example_skip_dag.py
[2025-03-30T11:28:25.009+0000] {processor.py:914} INFO - Processing file /home/airflow/.local/lib/python3.12/site-packages/airflow/example_dags/example_skip_dag.py for tasks to queue
[2025-03-30T11:28:25.010+0000] {logging_mixin.py:190} INFO - [2025-03-30T11:28:25.010+0000] {dagbag.py:588} INFO - Filling up the DagBag from /home/airflow/.local/lib/python3.12/site-packages/airflow/example_dags/example_skip_dag.py
[2025-03-30T11:28:25.013+0000] {processor.py:925} INFO - DAG(s) 'example_skip_dag' retrieved from /home/airflow/.local/lib/python3.12/site-packages/airflow/example_dags/example_skip_dag.py
[2025-03-30T11:28:25.026+0000] {logging_mixin.py:190} INFO - [2025-03-30T11:28:25.025+0000] {dag.py:3239} INFO - Sync 1 DAGs
[2025-03-30T11:28:25.036+0000] {logging_mixin.py:190} INFO - [2025-03-30T11:28:25.036+0000] {dag.py:4180} INFO - Setting next_dagrun for example_skip_dag to 2025-03-29 00:00:00+00:00, run_after=2025-03-30 00:00:00+00:00
[2025-03-30T11:28:25.045+0000] {processor.py:208} INFO - Processing /home/airflow/.local/lib/python3.12/site-packages/airflow/example_dags/example_skip_dag.py took 0.040 seconds
[2025-03-30T11:28:55.489+0000] {processor.py:186} INFO - Started process (PID=578) to work on /home/airflow/.local/lib/python3.12/site-packages/airflow/example_dags/example_skip_dag.py
[2025-03-30T11:28:55.489+0000] {processor.py:914} INFO - Processing file /home/airflow/.local/lib/python3.12/site-packages/airflow/example_dags/example_skip_dag.py for tasks to queue
[2025-03-30T11:28:55.490+0000] {logging_mixin.py:190} INFO - [2025-03-30T11:28:55.490+0000] {dagbag.py:588} INFO - Filling up the DagBag from /home/airflow/.local/lib/python3.12/site-packages/airflow/example_dags/example_skip_dag.py
[2025-03-30T11:28:55.493+0000] {processor.py:925} INFO - DAG(s) 'example_skip_dag' retrieved from /home/airflow/.local/lib/python3.12/site-packages/airflow/example_dags/example_skip_dag.py
[2025-03-30T11:28:55.500+0000] {logging_mixin.py:190} INFO - [2025-03-30T11:28:55.500+0000] {dag.py:3239} INFO - Sync 1 DAGs
[2025-03-30T11:28:55.506+0000] {logging_mixin.py:190} INFO - [2025-03-30T11:28:55.506+0000] {dag.py:4180} INFO - Setting next_dagrun for example_skip_dag to 2025-03-29 00:00:00+00:00, run_after=2025-03-30 00:00:00+00:00
[2025-03-30T11:28:55.511+0000] {processor.py:208} INFO - Processing /home/airflow/.local/lib/python3.12/site-packages/airflow/example_dags/example_skip_dag.py took 0.024 seconds
[2025-03-30T11:29:26.153+0000] {processor.py:186} INFO - Started process (PID=642) to work on /home/airflow/.local/lib/python3.12/site-packages/airflow/example_dags/example_skip_dag.py
[2025-03-30T11:29:26.153+0000] {processor.py:914} INFO - Processing file /home/airflow/.local/lib/python3.12/site-packages/airflow/example_dags/example_skip_dag.py for tasks to queue
[2025-03-30T11:29:26.154+0000] {logging_mixin.py:190} INFO - [2025-03-30T11:29:26.154+0000] {dagbag.py:588} INFO - Filling up the DagBag from /home/airflow/.local/lib/python3.12/site-packages/airflow/example_dags/example_skip_dag.py
[2025-03-30T11:29:26.158+0000] {processor.py:925} INFO - DAG(s) 'example_skip_dag' retrieved from /home/airflow/.local/lib/python3.12/site-packages/airflow/example_dags/example_skip_dag.py
[2025-03-30T11:29:26.168+0000] {logging_mixin.py:190} INFO - [2025-03-30T11:29:26.168+0000] {dag.py:3239} INFO - Sync 1 DAGs
[2025-03-30T11:29:26.176+0000] {logging_mixin.py:190} INFO - [2025-03-30T11:29:26.176+0000] {dag.py:4180} INFO - Setting next_dagrun for example_skip_dag to 2025-03-29 00:00:00+00:00, run_after=2025-03-30 00:00:00+00:00
[2025-03-30T11:29:26.184+0000] {processor.py:208} INFO - Processing /home/airflow/.local/lib/python3.12/site-packages/airflow/example_dags/example_skip_dag.py took 0.033 seconds
[2025-03-30T11:29:56.568+0000] {processor.py:186} INFO - Started process (PID=706) to work on /home/airflow/.local/lib/python3.12/site-packages/airflow/example_dags/example_skip_dag.py
[2025-03-30T11:29:56.568+0000] {processor.py:914} INFO - Processing file /home/airflow/.local/lib/python3.12/site-packages/airflow/example_dags/example_skip_dag.py for tasks to queue
[2025-03-30T11:29:56.569+0000] {logging_mixin.py:190} INFO - [2025-03-30T11:29:56.569+0000] {dagbag.py:588} INFO - Filling up the DagBag from /home/airflow/.local/lib/python3.12/site-packages/airflow/example_dags/example_skip_dag.py
[2025-03-30T11:29:56.573+0000] {processor.py:925} INFO - DAG(s) 'example_skip_dag' retrieved from /home/airflow/.local/lib/python3.12/site-packages/airflow/example_dags/example_skip_dag.py
[2025-03-30T11:29:56.581+0000] {logging_mixin.py:190} INFO - [2025-03-30T11:29:56.581+0000] {dag.py:3239} INFO - Sync 1 DAGs
[2025-03-30T11:29:56.589+0000] {logging_mixin.py:190} INFO - [2025-03-30T11:29:56.589+0000] {dag.py:4180} INFO - Setting next_dagrun for example_skip_dag to 2025-03-29 00:00:00+00:00, run_after=2025-03-30 00:00:00+00:00
[2025-03-30T11:29:56.597+0000] {processor.py:208} INFO - Processing /home/airflow/.local/lib/python3.12/site-packages/airflow/example_dags/example_skip_dag.py took 0.032 seconds
[2025-03-30T11:30:26.983+0000] {processor.py:186} INFO - Started process (PID=770) to work on /home/airflow/.local/lib/python3.12/site-packages/airflow/example_dags/example_skip_dag.py
[2025-03-30T11:30:26.984+0000] {processor.py:914} INFO - Processing file /home/airflow/.local/lib/python3.12/site-packages/airflow/example_dags/example_skip_dag.py for tasks to queue
[2025-03-30T11:30:26.985+0000] {logging_mixin.py:190} INFO - [2025-03-30T11:30:26.984+0000] {dagbag.py:588} INFO - Filling up the DagBag from /home/airflow/.local/lib/python3.12/site-packages/airflow/example_dags/example_skip_dag.py
[2025-03-30T11:30:26.988+0000] {processor.py:925} INFO - DAG(s) 'example_skip_dag' retrieved from /home/airflow/.local/lib/python3.12/site-packages/airflow/example_dags/example_skip_dag.py
[2025-03-30T11:30:27.000+0000] {logging_mixin.py:190} INFO - [2025-03-30T11:30:27.000+0000] {dag.py:3239} INFO - Sync 1 DAGs
[2025-03-30T11:30:27.009+0000] {logging_mixin.py:190} INFO - [2025-03-30T11:30:27.008+0000] {dag.py:4180} INFO - Setting next_dagrun for example_skip_dag to 2025-03-29 00:00:00+00:00, run_after=2025-03-30 00:00:00+00:00
[2025-03-30T11:30:27.016+0000] {processor.py:208} INFO - Processing /home/airflow/.local/lib/python3.12/site-packages/airflow/example_dags/example_skip_dag.py took 0.036 seconds
[2025-03-30T11:30:57.199+0000] {processor.py:186} INFO - Started process (PID=834) to work on /home/airflow/.local/lib/python3.12/site-packages/airflow/example_dags/example_skip_dag.py
[2025-03-30T11:30:57.199+0000] {processor.py:914} INFO - Processing file /home/airflow/.local/lib/python3.12/site-packages/airflow/example_dags/example_skip_dag.py for tasks to queue
[2025-03-30T11:30:57.200+0000] {logging_mixin.py:190} INFO - [2025-03-30T11:30:57.200+0000] {dagbag.py:588} INFO - Filling up the DagBag from /home/airflow/.local/lib/python3.12/site-packages/airflow/example_dags/example_skip_dag.py
[2025-03-30T11:30:57.203+0000] {processor.py:925} INFO - DAG(s) 'example_skip_dag' retrieved from /home/airflow/.local/lib/python3.12/site-packages/airflow/example_dags/example_skip_dag.py
[2025-03-30T11:30:57.210+0000] {logging_mixin.py:190} INFO - [2025-03-30T11:30:57.210+0000] {dag.py:3239} INFO - Sync 1 DAGs
[2025-03-30T11:30:57.217+0000] {logging_mixin.py:190} INFO - [2025-03-30T11:30:57.217+0000] {dag.py:4180} INFO - Setting next_dagrun for example_skip_dag to 2025-03-29 00:00:00+00:00, run_after=2025-03-30 00:00:00+00:00
[2025-03-30T11:30:57.222+0000] {processor.py:208} INFO - Processing /home/airflow/.local/lib/python3.12/site-packages/airflow/example_dags/example_skip_dag.py took 0.026 seconds
[2025-03-30T11:31:27.527+0000] {processor.py:186} INFO - Started process (PID=898) to work on /home/airflow/.local/lib/python3.12/site-packages/airflow/example_dags/example_skip_dag.py
[2025-03-30T11:31:27.529+0000] {processor.py:914} INFO - Processing file /home/airflow/.local/lib/python3.12/site-packages/airflow/example_dags/example_skip_dag.py for tasks to queue
[2025-03-30T11:31:27.530+0000] {logging_mixin.py:190} INFO - [2025-03-30T11:31:27.530+0000] {dagbag.py:588} INFO - Filling up the DagBag from /home/airflow/.local/lib/python3.12/site-packages/airflow/example_dags/example_skip_dag.py
[2025-03-30T11:31:27.533+0000] {processor.py:925} INFO - DAG(s) 'example_skip_dag' retrieved from /home/airflow/.local/lib/python3.12/site-packages/airflow/example_dags/example_skip_dag.py
[2025-03-30T11:31:27.541+0000] {logging_mixin.py:190} INFO - [2025-03-30T11:31:27.541+0000] {dag.py:3239} INFO - Sync 1 DAGs
[2025-03-30T11:31:27.550+0000] {logging_mixin.py:190} INFO - [2025-03-30T11:31:27.549+0000] {dag.py:4180} INFO - Setting next_dagrun for example_skip_dag to 2025-03-29 00:00:00+00:00, run_after=2025-03-30 00:00:00+00:00
[2025-03-30T11:31:27.556+0000] {processor.py:208} INFO - Processing /home/airflow/.local/lib/python3.12/site-packages/airflow/example_dags/example_skip_dag.py took 0.031 seconds
[2025-03-30T11:31:57.750+0000] {processor.py:186} INFO - Started process (PID=961) to work on /home/airflow/.local/lib/python3.12/site-packages/airflow/example_dags/example_skip_dag.py
[2025-03-30T11:31:57.750+0000] {processor.py:914} INFO - Processing file /home/airflow/.local/lib/python3.12/site-packages/airflow/example_dags/example_skip_dag.py for tasks to queue
[2025-03-30T11:31:57.751+0000] {logging_mixin.py:190} INFO - [2025-03-30T11:31:57.751+0000] {dagbag.py:588} INFO - Filling up the DagBag from /home/airflow/.local/lib/python3.12/site-packages/airflow/example_dags/example_skip_dag.py
[2025-03-30T11:31:57.753+0000] {processor.py:925} INFO - DAG(s) 'example_skip_dag' retrieved from /home/airflow/.local/lib/python3.12/site-packages/airflow/example_dags/example_skip_dag.py
[2025-03-30T11:31:57.761+0000] {logging_mixin.py:190} INFO - [2025-03-30T11:31:57.761+0000] {dag.py:3239} INFO - Sync 1 DAGs
[2025-03-30T11:31:57.768+0000] {logging_mixin.py:190} INFO - [2025-03-30T11:31:57.768+0000] {dag.py:4180} INFO - Setting next_dagrun for example_skip_dag to 2025-03-29 00:00:00+00:00, run_after=2025-03-30 00:00:00+00:00
[2025-03-30T11:31:57.773+0000] {processor.py:208} INFO - Processing /home/airflow/.local/lib/python3.12/site-packages/airflow/example_dags/example_skip_dag.py took 0.025 seconds
[2025-03-30T11:32:27.963+0000] {processor.py:186} INFO - Started process (PID=1025) to work on /home/airflow/.local/lib/python3.12/site-packages/airflow/example_dags/example_skip_dag.py
[2025-03-30T11:32:27.963+0000] {processor.py:914} INFO - Processing file /home/airflow/.local/lib/python3.12/site-packages/airflow/example_dags/example_skip_dag.py for tasks to queue
[2025-03-30T11:32:27.964+0000] {logging_mixin.py:190} INFO - [2025-03-30T11:32:27.964+0000] {dagbag.py:588} INFO - Filling up the DagBag from /home/airflow/.local/lib/python3.12/site-packages/airflow/example_dags/example_skip_dag.py
[2025-03-30T11:32:27.967+0000] {processor.py:925} INFO - DAG(s) 'example_skip_dag' retrieved from /home/airflow/.local/lib/python3.12/site-packages/airflow/example_dags/example_skip_dag.py
[2025-03-30T11:32:27.975+0000] {logging_mixin.py:190} INFO - [2025-03-30T11:32:27.975+0000] {dag.py:3239} INFO - Sync 1 DAGs
[2025-03-30T11:32:27.982+0000] {logging_mixin.py:190} INFO - [2025-03-30T11:32:27.982+0000] {dag.py:4180} INFO - Setting next_dagrun for example_skip_dag to 2025-03-29 00:00:00+00:00, run_after=2025-03-30 00:00:00+00:00
[2025-03-30T11:32:27.987+0000] {processor.py:208} INFO - Processing /home/airflow/.local/lib/python3.12/site-packages/airflow/example_dags/example_skip_dag.py took 0.026 seconds
[2025-03-30T11:32:58.180+0000] {processor.py:186} INFO - Started process (PID=1089) to work on /home/airflow/.local/lib/python3.12/site-packages/airflow/example_dags/example_skip_dag.py
[2025-03-30T11:32:58.180+0000] {processor.py:914} INFO - Processing file /home/airflow/.local/lib/python3.12/site-packages/airflow/example_dags/example_skip_dag.py for tasks to queue
[2025-03-30T11:32:58.181+0000] {logging_mixin.py:190} INFO - [2025-03-30T11:32:58.181+0000] {dagbag.py:588} INFO - Filling up the DagBag from /home/airflow/.local/lib/python3.12/site-packages/airflow/example_dags/example_skip_dag.py
[2025-03-30T11:32:58.184+0000] {processor.py:925} INFO - DAG(s) 'example_skip_dag' retrieved from /home/airflow/.local/lib/python3.12/site-packages/airflow/example_dags/example_skip_dag.py
[2025-03-30T11:32:58.191+0000] {logging_mixin.py:190} INFO - [2025-03-30T11:32:58.191+0000] {dag.py:3239} INFO - Sync 1 DAGs
[2025-03-30T11:32:58.197+0000] {logging_mixin.py:190} INFO - [2025-03-30T11:32:58.197+0000] {dag.py:4180} INFO - Setting next_dagrun for example_skip_dag to 2025-03-29 00:00:00+00:00, run_after=2025-03-30 00:00:00+00:00
[2025-03-30T11:32:58.202+0000] {processor.py:208} INFO - Processing /home/airflow/.local/lib/python3.12/site-packages/airflow/example_dags/example_skip_dag.py took 0.024 seconds
[2025-03-30T11:33:28.301+0000] {processor.py:186} INFO - Started process (PID=1153) to work on /home/airflow/.local/lib/python3.12/site-packages/airflow/example_dags/example_skip_dag.py
[2025-03-30T11:33:28.301+0000] {processor.py:914} INFO - Processing file /home/airflow/.local/lib/python3.12/site-packages/airflow/example_dags/example_skip_dag.py for tasks to queue
[2025-03-30T11:33:28.302+0000] {logging_mixin.py:190} INFO - [2025-03-30T11:33:28.302+0000] {dagbag.py:588} INFO - Filling up the DagBag from /home/airflow/.local/lib/python3.12/site-packages/airflow/example_dags/example_skip_dag.py
[2025-03-30T11:33:28.305+0000] {processor.py:925} INFO - DAG(s) 'example_skip_dag' retrieved from /home/airflow/.local/lib/python3.12/site-packages/airflow/example_dags/example_skip_dag.py
[2025-03-30T11:33:28.314+0000] {logging_mixin.py:190} INFO - [2025-03-30T11:33:28.314+0000] {dag.py:3239} INFO - Sync 1 DAGs
[2025-03-30T11:33:28.324+0000] {logging_mixin.py:190} INFO - [2025-03-30T11:33:28.323+0000] {dag.py:4180} INFO - Setting next_dagrun for example_skip_dag to 2025-03-29 00:00:00+00:00, run_after=2025-03-30 00:00:00+00:00
[2025-03-30T11:33:28.332+0000] {processor.py:208} INFO - Processing /home/airflow/.local/lib/python3.12/site-packages/airflow/example_dags/example_skip_dag.py took 0.033 seconds
[2025-03-30T11:33:58.496+0000] {processor.py:186} INFO - Started process (PID=1217) to work on /home/airflow/.local/lib/python3.12/site-packages/airflow/example_dags/example_skip_dag.py
[2025-03-30T11:33:58.497+0000] {processor.py:914} INFO - Processing file /home/airflow/.local/lib/python3.12/site-packages/airflow/example_dags/example_skip_dag.py for tasks to queue
[2025-03-30T11:33:58.498+0000] {logging_mixin.py:190} INFO - [2025-03-30T11:33:58.498+0000] {dagbag.py:588} INFO - Filling up the DagBag from /home/airflow/.local/lib/python3.12/site-packages/airflow/example_dags/example_skip_dag.py
[2025-03-30T11:33:58.501+0000] {processor.py:925} INFO - DAG(s) 'example_skip_dag' retrieved from /home/airflow/.local/lib/python3.12/site-packages/airflow/example_dags/example_skip_dag.py
[2025-03-30T11:33:58.508+0000] {logging_mixin.py:190} INFO - [2025-03-30T11:33:58.508+0000] {dag.py:3239} INFO - Sync 1 DAGs
[2025-03-30T11:33:58.517+0000] {logging_mixin.py:190} INFO - [2025-03-30T11:33:58.517+0000] {dag.py:4180} INFO - Setting next_dagrun for example_skip_dag to 2025-03-29 00:00:00+00:00, run_after=2025-03-30 00:00:00+00:00
[2025-03-30T11:33:58.527+0000] {processor.py:208} INFO - Processing /home/airflow/.local/lib/python3.12/site-packages/airflow/example_dags/example_skip_dag.py took 0.034 seconds
[2025-03-30T11:34:28.687+0000] {processor.py:186} INFO - Started process (PID=1281) to work on /home/airflow/.local/lib/python3.12/site-packages/airflow/example_dags/example_skip_dag.py
[2025-03-30T11:34:28.687+0000] {processor.py:914} INFO - Processing file /home/airflow/.local/lib/python3.12/site-packages/airflow/example_dags/example_skip_dag.py for tasks to queue
[2025-03-30T11:34:28.688+0000] {logging_mixin.py:190} INFO - [2025-03-30T11:34:28.688+0000] {dagbag.py:588} INFO - Filling up the DagBag from /home/airflow/.local/lib/python3.12/site-packages/airflow/example_dags/example_skip_dag.py
[2025-03-30T11:34:28.692+0000] {processor.py:925} INFO - DAG(s) 'example_skip_dag' retrieved from /home/airflow/.local/lib/python3.12/site-packages/airflow/example_dags/example_skip_dag.py
[2025-03-30T11:34:28.702+0000] {logging_mixin.py:190} INFO - [2025-03-30T11:34:28.702+0000] {dag.py:3239} INFO - Sync 1 DAGs
[2025-03-30T11:34:28.711+0000] {logging_mixin.py:190} INFO - [2025-03-30T11:34:28.711+0000] {dag.py:4180} INFO - Setting next_dagrun for example_skip_dag to 2025-03-29 00:00:00+00:00, run_after=2025-03-30 00:00:00+00:00
[2025-03-30T11:34:28.717+0000] {processor.py:208} INFO - Processing /home/airflow/.local/lib/python3.12/site-packages/airflow/example_dags/example_skip_dag.py took 0.032 seconds
[2025-03-30T11:34:59.226+0000] {processor.py:186} INFO - Started process (PID=1345) to work on /home/airflow/.local/lib/python3.12/site-packages/airflow/example_dags/example_skip_dag.py
[2025-03-30T11:34:59.226+0000] {processor.py:914} INFO - Processing file /home/airflow/.local/lib/python3.12/site-packages/airflow/example_dags/example_skip_dag.py for tasks to queue
[2025-03-30T11:34:59.227+0000] {logging_mixin.py:190} INFO - [2025-03-30T11:34:59.227+0000] {dagbag.py:588} INFO - Filling up the DagBag from /home/airflow/.local/lib/python3.12/site-packages/airflow/example_dags/example_skip_dag.py
[2025-03-30T11:34:59.231+0000] {processor.py:925} INFO - DAG(s) 'example_skip_dag' retrieved from /home/airflow/.local/lib/python3.12/site-packages/airflow/example_dags/example_skip_dag.py
[2025-03-30T11:34:59.243+0000] {logging_mixin.py:190} INFO - [2025-03-30T11:34:59.243+0000] {dag.py:3239} INFO - Sync 1 DAGs
[2025-03-30T11:34:59.251+0000] {logging_mixin.py:190} INFO - [2025-03-30T11:34:59.251+0000] {dag.py:4180} INFO - Setting next_dagrun for example_skip_dag to 2025-03-29 00:00:00+00:00, run_after=2025-03-30 00:00:00+00:00
[2025-03-30T11:34:59.260+0000] {processor.py:208} INFO - Processing /home/airflow/.local/lib/python3.12/site-packages/airflow/example_dags/example_skip_dag.py took 0.037 seconds
[2025-03-30T11:35:29.844+0000] {processor.py:186} INFO - Started process (PID=1409) to work on /home/airflow/.local/lib/python3.12/site-packages/airflow/example_dags/example_skip_dag.py
[2025-03-30T11:35:29.845+0000] {processor.py:914} INFO - Processing file /home/airflow/.local/lib/python3.12/site-packages/airflow/example_dags/example_skip_dag.py for tasks to queue
[2025-03-30T11:35:29.846+0000] {logging_mixin.py:190} INFO - [2025-03-30T11:35:29.846+0000] {dagbag.py:588} INFO - Filling up the DagBag from /home/airflow/.local/lib/python3.12/site-packages/airflow/example_dags/example_skip_dag.py
[2025-03-30T11:35:29.850+0000] {processor.py:925} INFO - DAG(s) 'example_skip_dag' retrieved from /home/airflow/.local/lib/python3.12/site-packages/airflow/example_dags/example_skip_dag.py
[2025-03-30T11:35:29.863+0000] {logging_mixin.py:190} INFO - [2025-03-30T11:35:29.863+0000] {dag.py:3239} INFO - Sync 1 DAGs
[2025-03-30T11:35:29.873+0000] {logging_mixin.py:190} INFO - [2025-03-30T11:35:29.873+0000] {dag.py:4180} INFO - Setting next_dagrun for example_skip_dag to 2025-03-29 00:00:00+00:00, run_after=2025-03-30 00:00:00+00:00
[2025-03-30T11:35:29.879+0000] {processor.py:208} INFO - Processing /home/airflow/.local/lib/python3.12/site-packages/airflow/example_dags/example_skip_dag.py took 0.037 seconds
[2025-03-30T11:36:00.137+0000] {processor.py:186} INFO - Started process (PID=1473) to work on /home/airflow/.local/lib/python3.12/site-packages/airflow/example_dags/example_skip_dag.py
[2025-03-30T11:36:00.138+0000] {processor.py:914} INFO - Processing file /home/airflow/.local/lib/python3.12/site-packages/airflow/example_dags/example_skip_dag.py for tasks to queue
[2025-03-30T11:36:00.139+0000] {logging_mixin.py:190} INFO - [2025-03-30T11:36:00.139+0000] {dagbag.py:588} INFO - Filling up the DagBag from /home/airflow/.local/lib/python3.12/site-packages/airflow/example_dags/example_skip_dag.py
[2025-03-30T11:36:00.143+0000] {processor.py:925} INFO - DAG(s) 'example_skip_dag' retrieved from /home/airflow/.local/lib/python3.12/site-packages/airflow/example_dags/example_skip_dag.py
[2025-03-30T11:36:00.151+0000] {logging_mixin.py:190} INFO - [2025-03-30T11:36:00.151+0000] {dag.py:3239} INFO - Sync 1 DAGs
[2025-03-30T11:36:00.159+0000] {logging_mixin.py:190} INFO - [2025-03-30T11:36:00.159+0000] {dag.py:4180} INFO - Setting next_dagrun for example_skip_dag to 2025-03-29 00:00:00+00:00, run_after=2025-03-30 00:00:00+00:00
[2025-03-30T11:36:00.165+0000] {processor.py:208} INFO - Processing /home/airflow/.local/lib/python3.12/site-packages/airflow/example_dags/example_skip_dag.py took 0.030 seconds
[2025-03-30T11:36:30.543+0000] {processor.py:186} INFO - Started process (PID=1537) to work on /home/airflow/.local/lib/python3.12/site-packages/airflow/example_dags/example_skip_dag.py
[2025-03-30T11:36:30.543+0000] {processor.py:914} INFO - Processing file /home/airflow/.local/lib/python3.12/site-packages/airflow/example_dags/example_skip_dag.py for tasks to queue
[2025-03-30T11:36:30.544+0000] {logging_mixin.py:190} INFO - [2025-03-30T11:36:30.544+0000] {dagbag.py:588} INFO - Filling up the DagBag from /home/airflow/.local/lib/python3.12/site-packages/airflow/example_dags/example_skip_dag.py
[2025-03-30T11:36:30.547+0000] {processor.py:925} INFO - DAG(s) 'example_skip_dag' retrieved from /home/airflow/.local/lib/python3.12/site-packages/airflow/example_dags/example_skip_dag.py
[2025-03-30T11:36:30.556+0000] {logging_mixin.py:190} INFO - [2025-03-30T11:36:30.556+0000] {dag.py:3239} INFO - Sync 1 DAGs
[2025-03-30T11:36:30.565+0000] {logging_mixin.py:190} INFO - [2025-03-30T11:36:30.565+0000] {dag.py:4180} INFO - Setting next_dagrun for example_skip_dag to 2025-03-29 00:00:00+00:00, run_after=2025-03-30 00:00:00+00:00
[2025-03-30T11:36:30.576+0000] {processor.py:208} INFO - Processing /home/airflow/.local/lib/python3.12/site-packages/airflow/example_dags/example_skip_dag.py took 0.036 seconds
[2025-03-30T11:37:00.816+0000] {processor.py:186} INFO - Started process (PID=1601) to work on /home/airflow/.local/lib/python3.12/site-packages/airflow/example_dags/example_skip_dag.py
[2025-03-30T11:37:00.816+0000] {processor.py:914} INFO - Processing file /home/airflow/.local/lib/python3.12/site-packages/airflow/example_dags/example_skip_dag.py for tasks to queue
[2025-03-30T11:37:00.817+0000] {logging_mixin.py:190} INFO - [2025-03-30T11:37:00.817+0000] {dagbag.py:588} INFO - Filling up the DagBag from /home/airflow/.local/lib/python3.12/site-packages/airflow/example_dags/example_skip_dag.py
[2025-03-30T11:37:00.820+0000] {processor.py:925} INFO - DAG(s) 'example_skip_dag' retrieved from /home/airflow/.local/lib/python3.12/site-packages/airflow/example_dags/example_skip_dag.py
[2025-03-30T11:37:00.828+0000] {logging_mixin.py:190} INFO - [2025-03-30T11:37:00.828+0000] {dag.py:3239} INFO - Sync 1 DAGs
[2025-03-30T11:37:00.837+0000] {logging_mixin.py:190} INFO - [2025-03-30T11:37:00.837+0000] {dag.py:4180} INFO - Setting next_dagrun for example_skip_dag to 2025-03-29 00:00:00+00:00, run_after=2025-03-30 00:00:00+00:00
[2025-03-30T11:37:00.848+0000] {processor.py:208} INFO - Processing /home/airflow/.local/lib/python3.12/site-packages/airflow/example_dags/example_skip_dag.py took 0.035 seconds
[2025-03-30T11:37:30.989+0000] {processor.py:186} INFO - Started process (PID=1665) to work on /home/airflow/.local/lib/python3.12/site-packages/airflow/example_dags/example_skip_dag.py
[2025-03-30T11:37:30.989+0000] {processor.py:914} INFO - Processing file /home/airflow/.local/lib/python3.12/site-packages/airflow/example_dags/example_skip_dag.py for tasks to queue
[2025-03-30T11:37:30.990+0000] {logging_mixin.py:190} INFO - [2025-03-30T11:37:30.990+0000] {dagbag.py:588} INFO - Filling up the DagBag from /home/airflow/.local/lib/python3.12/site-packages/airflow/example_dags/example_skip_dag.py
[2025-03-30T11:37:30.993+0000] {processor.py:925} INFO - DAG(s) 'example_skip_dag' retrieved from /home/airflow/.local/lib/python3.12/site-packages/airflow/example_dags/example_skip_dag.py
[2025-03-30T11:37:31.002+0000] {logging_mixin.py:190} INFO - [2025-03-30T11:37:31.002+0000] {dag.py:3239} INFO - Sync 1 DAGs
[2025-03-30T11:37:31.009+0000] {logging_mixin.py:190} INFO - [2025-03-30T11:37:31.009+0000] {dag.py:4180} INFO - Setting next_dagrun for example_skip_dag to 2025-03-29 00:00:00+00:00, run_after=2025-03-30 00:00:00+00:00
[2025-03-30T11:37:31.015+0000] {processor.py:208} INFO - Processing /home/airflow/.local/lib/python3.12/site-packages/airflow/example_dags/example_skip_dag.py took 0.029 seconds
[2025-03-30T11:38:01.177+0000] {processor.py:186} INFO - Started process (PID=1729) to work on /home/airflow/.local/lib/python3.12/site-packages/airflow/example_dags/example_skip_dag.py
[2025-03-30T11:38:01.177+0000] {processor.py:914} INFO - Processing file /home/airflow/.local/lib/python3.12/site-packages/airflow/example_dags/example_skip_dag.py for tasks to queue
[2025-03-30T11:38:01.178+0000] {logging_mixin.py:190} INFO - [2025-03-30T11:38:01.178+0000] {dagbag.py:588} INFO - Filling up the DagBag from /home/airflow/.local/lib/python3.12/site-packages/airflow/example_dags/example_skip_dag.py
[2025-03-30T11:38:01.181+0000] {processor.py:925} INFO - DAG(s) 'example_skip_dag' retrieved from /home/airflow/.local/lib/python3.12/site-packages/airflow/example_dags/example_skip_dag.py
[2025-03-30T11:38:01.192+0000] {logging_mixin.py:190} INFO - [2025-03-30T11:38:01.192+0000] {dag.py:3239} INFO - Sync 1 DAGs
[2025-03-30T11:38:01.204+0000] {logging_mixin.py:190} INFO - [2025-03-30T11:38:01.204+0000] {dag.py:4180} INFO - Setting next_dagrun for example_skip_dag to 2025-03-29 00:00:00+00:00, run_after=2025-03-30 00:00:00+00:00
[2025-03-30T11:38:01.213+0000] {processor.py:208} INFO - Processing /home/airflow/.local/lib/python3.12/site-packages/airflow/example_dags/example_skip_dag.py took 0.038 seconds
[2025-03-30T11:38:31.612+0000] {processor.py:186} INFO - Started process (PID=1793) to work on /home/airflow/.local/lib/python3.12/site-packages/airflow/example_dags/example_skip_dag.py
[2025-03-30T11:38:31.613+0000] {processor.py:914} INFO - Processing file /home/airflow/.local/lib/python3.12/site-packages/airflow/example_dags/example_skip_dag.py for tasks to queue
[2025-03-30T11:38:31.614+0000] {logging_mixin.py:190} INFO - [2025-03-30T11:38:31.614+0000] {dagbag.py:588} INFO - Filling up the DagBag from /home/airflow/.local/lib/python3.12/site-packages/airflow/example_dags/example_skip_dag.py
[2025-03-30T11:38:31.617+0000] {processor.py:925} INFO - DAG(s) 'example_skip_dag' retrieved from /home/airflow/.local/lib/python3.12/site-packages/airflow/example_dags/example_skip_dag.py
[2025-03-30T11:38:31.627+0000] {logging_mixin.py:190} INFO - [2025-03-30T11:38:31.627+0000] {dag.py:3239} INFO - Sync 1 DAGs
[2025-03-30T11:38:31.636+0000] {logging_mixin.py:190} INFO - [2025-03-30T11:38:31.635+0000] {dag.py:4180} INFO - Setting next_dagrun for example_skip_dag to 2025-03-29 00:00:00+00:00, run_after=2025-03-30 00:00:00+00:00
[2025-03-30T11:38:31.643+0000] {processor.py:208} INFO - Processing /home/airflow/.local/lib/python3.12/site-packages/airflow/example_dags/example_skip_dag.py took 0.033 seconds
[2025-03-30T11:39:01.784+0000] {processor.py:186} INFO - Started process (PID=1857) to work on /home/airflow/.local/lib/python3.12/site-packages/airflow/example_dags/example_skip_dag.py
[2025-03-30T11:39:01.785+0000] {processor.py:914} INFO - Processing file /home/airflow/.local/lib/python3.12/site-packages/airflow/example_dags/example_skip_dag.py for tasks to queue
[2025-03-30T11:39:01.786+0000] {logging_mixin.py:190} INFO - [2025-03-30T11:39:01.786+0000] {dagbag.py:588} INFO - Filling up the DagBag from /home/airflow/.local/lib/python3.12/site-packages/airflow/example_dags/example_skip_dag.py
[2025-03-30T11:39:01.789+0000] {processor.py:925} INFO - DAG(s) 'example_skip_dag' retrieved from /home/airflow/.local/lib/python3.12/site-packages/airflow/example_dags/example_skip_dag.py
[2025-03-30T11:39:01.796+0000] {logging_mixin.py:190} INFO - [2025-03-30T11:39:01.796+0000] {dag.py:3239} INFO - Sync 1 DAGs
[2025-03-30T11:39:01.804+0000] {logging_mixin.py:190} INFO - [2025-03-30T11:39:01.804+0000] {dag.py:4180} INFO - Setting next_dagrun for example_skip_dag to 2025-03-29 00:00:00+00:00, run_after=2025-03-30 00:00:00+00:00
[2025-03-30T11:39:01.810+0000] {processor.py:208} INFO - Processing /home/airflow/.local/lib/python3.12/site-packages/airflow/example_dags/example_skip_dag.py took 0.028 seconds
[2025-03-30T11:39:31.930+0000] {processor.py:186} INFO - Started process (PID=1921) to work on /home/airflow/.local/lib/python3.12/site-packages/airflow/example_dags/example_skip_dag.py
[2025-03-30T11:39:31.931+0000] {processor.py:914} INFO - Processing file /home/airflow/.local/lib/python3.12/site-packages/airflow/example_dags/example_skip_dag.py for tasks to queue
[2025-03-30T11:39:31.932+0000] {logging_mixin.py:190} INFO - [2025-03-30T11:39:31.932+0000] {dagbag.py:588} INFO - Filling up the DagBag from /home/airflow/.local/lib/python3.12/site-packages/airflow/example_dags/example_skip_dag.py
[2025-03-30T11:39:31.936+0000] {processor.py:925} INFO - DAG(s) 'example_skip_dag' retrieved from /home/airflow/.local/lib/python3.12/site-packages/airflow/example_dags/example_skip_dag.py
[2025-03-30T11:39:31.945+0000] {logging_mixin.py:190} INFO - [2025-03-30T11:39:31.945+0000] {dag.py:3239} INFO - Sync 1 DAGs
[2025-03-30T11:39:31.953+0000] {logging_mixin.py:190} INFO - [2025-03-30T11:39:31.952+0000] {dag.py:4180} INFO - Setting next_dagrun for example_skip_dag to 2025-03-29 00:00:00+00:00, run_after=2025-03-30 00:00:00+00:00
[2025-03-30T11:39:31.961+0000] {processor.py:208} INFO - Processing /home/airflow/.local/lib/python3.12/site-packages/airflow/example_dags/example_skip_dag.py took 0.032 seconds
[2025-03-30T11:40:02.040+0000] {processor.py:186} INFO - Started process (PID=1985) to work on /home/airflow/.local/lib/python3.12/site-packages/airflow/example_dags/example_skip_dag.py
[2025-03-30T11:40:02.040+0000] {processor.py:914} INFO - Processing file /home/airflow/.local/lib/python3.12/site-packages/airflow/example_dags/example_skip_dag.py for tasks to queue
[2025-03-30T11:40:02.041+0000] {logging_mixin.py:190} INFO - [2025-03-30T11:40:02.041+0000] {dagbag.py:588} INFO - Filling up the DagBag from /home/airflow/.local/lib/python3.12/site-packages/airflow/example_dags/example_skip_dag.py
[2025-03-30T11:40:02.044+0000] {processor.py:925} INFO - DAG(s) 'example_skip_dag' retrieved from /home/airflow/.local/lib/python3.12/site-packages/airflow/example_dags/example_skip_dag.py
[2025-03-30T11:40:02.051+0000] {logging_mixin.py:190} INFO - [2025-03-30T11:40:02.051+0000] {dag.py:3239} INFO - Sync 1 DAGs
[2025-03-30T11:40:02.058+0000] {logging_mixin.py:190} INFO - [2025-03-30T11:40:02.058+0000] {dag.py:4180} INFO - Setting next_dagrun for example_skip_dag to 2025-03-29 00:00:00+00:00, run_after=2025-03-30 00:00:00+00:00
[2025-03-30T11:40:02.064+0000] {processor.py:208} INFO - Processing /home/airflow/.local/lib/python3.12/site-packages/airflow/example_dags/example_skip_dag.py took 0.026 seconds
[2025-03-30T11:40:32.300+0000] {processor.py:186} INFO - Started process (PID=2049) to work on /home/airflow/.local/lib/python3.12/site-packages/airflow/example_dags/example_skip_dag.py
[2025-03-30T11:40:32.301+0000] {processor.py:914} INFO - Processing file /home/airflow/.local/lib/python3.12/site-packages/airflow/example_dags/example_skip_dag.py for tasks to queue
[2025-03-30T11:40:32.302+0000] {logging_mixin.py:190} INFO - [2025-03-30T11:40:32.302+0000] {dagbag.py:588} INFO - Filling up the DagBag from /home/airflow/.local/lib/python3.12/site-packages/airflow/example_dags/example_skip_dag.py
[2025-03-30T11:40:32.308+0000] {processor.py:925} INFO - DAG(s) 'example_skip_dag' retrieved from /home/airflow/.local/lib/python3.12/site-packages/airflow/example_dags/example_skip_dag.py
[2025-03-30T11:40:32.317+0000] {logging_mixin.py:190} INFO - [2025-03-30T11:40:32.317+0000] {dag.py:3239} INFO - Sync 1 DAGs
[2025-03-30T11:40:32.329+0000] {logging_mixin.py:190} INFO - [2025-03-30T11:40:32.328+0000] {dag.py:4180} INFO - Setting next_dagrun for example_skip_dag to 2025-03-29 00:00:00+00:00, run_after=2025-03-30 00:00:00+00:00
[2025-03-30T11:40:32.335+0000] {processor.py:208} INFO - Processing /home/airflow/.local/lib/python3.12/site-packages/airflow/example_dags/example_skip_dag.py took 0.039 seconds
[2025-03-30T11:41:02.529+0000] {processor.py:186} INFO - Started process (PID=2113) to work on /home/airflow/.local/lib/python3.12/site-packages/airflow/example_dags/example_skip_dag.py
[2025-03-30T11:41:02.529+0000] {processor.py:914} INFO - Processing file /home/airflow/.local/lib/python3.12/site-packages/airflow/example_dags/example_skip_dag.py for tasks to queue
[2025-03-30T11:41:02.530+0000] {logging_mixin.py:190} INFO - [2025-03-30T11:41:02.530+0000] {dagbag.py:588} INFO - Filling up the DagBag from /home/airflow/.local/lib/python3.12/site-packages/airflow/example_dags/example_skip_dag.py
[2025-03-30T11:41:02.534+0000] {processor.py:925} INFO - DAG(s) 'example_skip_dag' retrieved from /home/airflow/.local/lib/python3.12/site-packages/airflow/example_dags/example_skip_dag.py
[2025-03-30T11:41:02.542+0000] {logging_mixin.py:190} INFO - [2025-03-30T11:41:02.542+0000] {dag.py:3239} INFO - Sync 1 DAGs
[2025-03-30T11:41:02.549+0000] {logging_mixin.py:190} INFO - [2025-03-30T11:41:02.549+0000] {dag.py:4180} INFO - Setting next_dagrun for example_skip_dag to 2025-03-29 00:00:00+00:00, run_after=2025-03-30 00:00:00+00:00
[2025-03-30T11:41:02.555+0000] {processor.py:208} INFO - Processing /home/airflow/.local/lib/python3.12/site-packages/airflow/example_dags/example_skip_dag.py took 0.029 seconds
[2025-03-30T11:41:32.762+0000] {processor.py:186} INFO - Started process (PID=2177) to work on /home/airflow/.local/lib/python3.12/site-packages/airflow/example_dags/example_skip_dag.py
[2025-03-30T11:41:32.763+0000] {processor.py:914} INFO - Processing file /home/airflow/.local/lib/python3.12/site-packages/airflow/example_dags/example_skip_dag.py for tasks to queue
[2025-03-30T11:41:32.764+0000] {logging_mixin.py:190} INFO - [2025-03-30T11:41:32.764+0000] {dagbag.py:588} INFO - Filling up the DagBag from /home/airflow/.local/lib/python3.12/site-packages/airflow/example_dags/example_skip_dag.py
[2025-03-30T11:41:32.768+0000] {processor.py:925} INFO - DAG(s) 'example_skip_dag' retrieved from /home/airflow/.local/lib/python3.12/site-packages/airflow/example_dags/example_skip_dag.py
[2025-03-30T11:41:32.777+0000] {logging_mixin.py:190} INFO - [2025-03-30T11:41:32.777+0000] {dag.py:3239} INFO - Sync 1 DAGs
[2025-03-30T11:41:32.793+0000] {logging_mixin.py:190} INFO - [2025-03-30T11:41:32.793+0000] {dag.py:4180} INFO - Setting next_dagrun for example_skip_dag to 2025-03-29 00:00:00+00:00, run_after=2025-03-30 00:00:00+00:00
[2025-03-30T11:41:32.807+0000] {processor.py:208} INFO - Processing /home/airflow/.local/lib/python3.12/site-packages/airflow/example_dags/example_skip_dag.py took 0.047 seconds
[2025-03-30T11:42:02.919+0000] {processor.py:186} INFO - Started process (PID=2241) to work on /home/airflow/.local/lib/python3.12/site-packages/airflow/example_dags/example_skip_dag.py
[2025-03-30T11:42:02.920+0000] {processor.py:914} INFO - Processing file /home/airflow/.local/lib/python3.12/site-packages/airflow/example_dags/example_skip_dag.py for tasks to queue
[2025-03-30T11:42:02.921+0000] {logging_mixin.py:190} INFO - [2025-03-30T11:42:02.921+0000] {dagbag.py:588} INFO - Filling up the DagBag from /home/airflow/.local/lib/python3.12/site-packages/airflow/example_dags/example_skip_dag.py
[2025-03-30T11:42:02.924+0000] {processor.py:925} INFO - DAG(s) 'example_skip_dag' retrieved from /home/airflow/.local/lib/python3.12/site-packages/airflow/example_dags/example_skip_dag.py
[2025-03-30T11:42:02.933+0000] {logging_mixin.py:190} INFO - [2025-03-30T11:42:02.933+0000] {dag.py:3239} INFO - Sync 1 DAGs
[2025-03-30T11:42:02.942+0000] {logging_mixin.py:190} INFO - [2025-03-30T11:42:02.942+0000] {dag.py:4180} INFO - Setting next_dagrun for example_skip_dag to 2025-03-29 00:00:00+00:00, run_after=2025-03-30 00:00:00+00:00
[2025-03-30T11:42:02.949+0000] {processor.py:208} INFO - Processing /home/airflow/.local/lib/python3.12/site-packages/airflow/example_dags/example_skip_dag.py took 0.040 seconds
[2025-03-30T11:42:33.085+0000] {processor.py:186} INFO - Started process (PID=2305) to work on /home/airflow/.local/lib/python3.12/site-packages/airflow/example_dags/example_skip_dag.py
[2025-03-30T11:42:33.086+0000] {processor.py:914} INFO - Processing file /home/airflow/.local/lib/python3.12/site-packages/airflow/example_dags/example_skip_dag.py for tasks to queue
[2025-03-30T11:42:33.087+0000] {logging_mixin.py:190} INFO - [2025-03-30T11:42:33.087+0000] {dagbag.py:588} INFO - Filling up the DagBag from /home/airflow/.local/lib/python3.12/site-packages/airflow/example_dags/example_skip_dag.py
[2025-03-30T11:42:33.090+0000] {processor.py:925} INFO - DAG(s) 'example_skip_dag' retrieved from /home/airflow/.local/lib/python3.12/site-packages/airflow/example_dags/example_skip_dag.py
[2025-03-30T11:42:33.099+0000] {logging_mixin.py:190} INFO - [2025-03-30T11:42:33.098+0000] {dag.py:3239} INFO - Sync 1 DAGs
[2025-03-30T11:42:33.107+0000] {logging_mixin.py:190} INFO - [2025-03-30T11:42:33.107+0000] {dag.py:4180} INFO - Setting next_dagrun for example_skip_dag to 2025-03-29 00:00:00+00:00, run_after=2025-03-30 00:00:00+00:00
[2025-03-30T11:42:33.117+0000] {processor.py:208} INFO - Processing /home/airflow/.local/lib/python3.12/site-packages/airflow/example_dags/example_skip_dag.py took 0.034 seconds
[2025-03-30T11:43:03.154+0000] {processor.py:186} INFO - Started process (PID=2368) to work on /home/airflow/.local/lib/python3.12/site-packages/airflow/example_dags/example_skip_dag.py
[2025-03-30T11:43:03.154+0000] {processor.py:914} INFO - Processing file /home/airflow/.local/lib/python3.12/site-packages/airflow/example_dags/example_skip_dag.py for tasks to queue
[2025-03-30T11:43:03.155+0000] {logging_mixin.py:190} INFO - [2025-03-30T11:43:03.155+0000] {dagbag.py:588} INFO - Filling up the DagBag from /home/airflow/.local/lib/python3.12/site-packages/airflow/example_dags/example_skip_dag.py
[2025-03-30T11:43:03.158+0000] {processor.py:925} INFO - DAG(s) 'example_skip_dag' retrieved from /home/airflow/.local/lib/python3.12/site-packages/airflow/example_dags/example_skip_dag.py
[2025-03-30T11:43:03.165+0000] {logging_mixin.py:190} INFO - [2025-03-30T11:43:03.165+0000] {dag.py:3239} INFO - Sync 1 DAGs
[2025-03-30T11:43:03.172+0000] {logging_mixin.py:190} INFO - [2025-03-30T11:43:03.172+0000] {dag.py:4180} INFO - Setting next_dagrun for example_skip_dag to 2025-03-29 00:00:00+00:00, run_after=2025-03-30 00:00:00+00:00
[2025-03-30T11:43:03.177+0000] {processor.py:208} INFO - Processing /home/airflow/.local/lib/python3.12/site-packages/airflow/example_dags/example_skip_dag.py took 0.025 seconds
[2025-03-30T11:43:33.298+0000] {processor.py:186} INFO - Started process (PID=2432) to work on /home/airflow/.local/lib/python3.12/site-packages/airflow/example_dags/example_skip_dag.py
[2025-03-30T11:43:33.298+0000] {processor.py:914} INFO - Processing file /home/airflow/.local/lib/python3.12/site-packages/airflow/example_dags/example_skip_dag.py for tasks to queue
[2025-03-30T11:43:33.299+0000] {logging_mixin.py:190} INFO - [2025-03-30T11:43:33.299+0000] {dagbag.py:588} INFO - Filling up the DagBag from /home/airflow/.local/lib/python3.12/site-packages/airflow/example_dags/example_skip_dag.py
[2025-03-30T11:43:33.302+0000] {processor.py:925} INFO - DAG(s) 'example_skip_dag' retrieved from /home/airflow/.local/lib/python3.12/site-packages/airflow/example_dags/example_skip_dag.py
[2025-03-30T11:43:33.309+0000] {logging_mixin.py:190} INFO - [2025-03-30T11:43:33.309+0000] {dag.py:3239} INFO - Sync 1 DAGs
[2025-03-30T11:43:33.316+0000] {logging_mixin.py:190} INFO - [2025-03-30T11:43:33.316+0000] {dag.py:4180} INFO - Setting next_dagrun for example_skip_dag to 2025-03-29 00:00:00+00:00, run_after=2025-03-30 00:00:00+00:00
[2025-03-30T11:43:33.321+0000] {processor.py:208} INFO - Processing /home/airflow/.local/lib/python3.12/site-packages/airflow/example_dags/example_skip_dag.py took 0.026 seconds
[2025-03-30T11:44:03.372+0000] {processor.py:186} INFO - Started process (PID=2495) to work on /home/airflow/.local/lib/python3.12/site-packages/airflow/example_dags/example_skip_dag.py
[2025-03-30T11:44:03.373+0000] {processor.py:914} INFO - Processing file /home/airflow/.local/lib/python3.12/site-packages/airflow/example_dags/example_skip_dag.py for tasks to queue
[2025-03-30T11:44:03.373+0000] {logging_mixin.py:190} INFO - [2025-03-30T11:44:03.373+0000] {dagbag.py:588} INFO - Filling up the DagBag from /home/airflow/.local/lib/python3.12/site-packages/airflow/example_dags/example_skip_dag.py
[2025-03-30T11:44:03.377+0000] {processor.py:925} INFO - DAG(s) 'example_skip_dag' retrieved from /home/airflow/.local/lib/python3.12/site-packages/airflow/example_dags/example_skip_dag.py
[2025-03-30T11:44:03.386+0000] {logging_mixin.py:190} INFO - [2025-03-30T11:44:03.386+0000] {dag.py:3239} INFO - Sync 1 DAGs
[2025-03-30T11:44:03.394+0000] {logging_mixin.py:190} INFO - [2025-03-30T11:44:03.394+0000] {dag.py:4180} INFO - Setting next_dagrun for example_skip_dag to 2025-03-29 00:00:00+00:00, run_after=2025-03-30 00:00:00+00:00
[2025-03-30T11:44:03.402+0000] {processor.py:208} INFO - Processing /home/airflow/.local/lib/python3.12/site-packages/airflow/example_dags/example_skip_dag.py took 0.033 seconds
[2025-03-30T11:44:33.465+0000] {processor.py:186} INFO - Started process (PID=2559) to work on /home/airflow/.local/lib/python3.12/site-packages/airflow/example_dags/example_skip_dag.py
[2025-03-30T11:44:33.466+0000] {processor.py:914} INFO - Processing file /home/airflow/.local/lib/python3.12/site-packages/airflow/example_dags/example_skip_dag.py for tasks to queue
[2025-03-30T11:44:33.467+0000] {logging_mixin.py:190} INFO - [2025-03-30T11:44:33.467+0000] {dagbag.py:588} INFO - Filling up the DagBag from /home/airflow/.local/lib/python3.12/site-packages/airflow/example_dags/example_skip_dag.py
[2025-03-30T11:44:33.471+0000] {processor.py:925} INFO - DAG(s) 'example_skip_dag' retrieved from /home/airflow/.local/lib/python3.12/site-packages/airflow/example_dags/example_skip_dag.py
[2025-03-30T11:44:33.482+0000] {logging_mixin.py:190} INFO - [2025-03-30T11:44:33.482+0000] {dag.py:3239} INFO - Sync 1 DAGs
[2025-03-30T11:44:33.494+0000] {logging_mixin.py:190} INFO - [2025-03-30T11:44:33.494+0000] {dag.py:4180} INFO - Setting next_dagrun for example_skip_dag to 2025-03-29 00:00:00+00:00, run_after=2025-03-30 00:00:00+00:00
[2025-03-30T11:44:33.505+0000] {processor.py:208} INFO - Processing /home/airflow/.local/lib/python3.12/site-packages/airflow/example_dags/example_skip_dag.py took 0.042 seconds
