[2025-03-30T03:32:21.298+0000] {processor.py:186} INFO - Started process (PID=91) to work on /home/airflow/.local/lib/python3.12/site-packages/airflow/example_dags/example_sensor_decorator.py
[2025-03-30T03:32:21.299+0000] {processor.py:914} INFO - Processing file /home/airflow/.local/lib/python3.12/site-packages/airflow/example_dags/example_sensor_decorator.py for tasks to queue
[2025-03-30T03:32:21.300+0000] {logging_mixin.py:190} INFO - [2025-03-30T03:32:21.300+0000] {dagbag.py:588} INFO - Filling up the DagBag from /home/airflow/.local/lib/python3.12/site-packages/airflow/example_dags/example_sensor_decorator.py
[2025-03-30T03:32:21.303+0000] {processor.py:925} INFO - DAG(s) 'example_sensor_decorator' retrieved from /home/airflow/.local/lib/python3.12/site-packages/airflow/example_dags/example_sensor_decorator.py
[2025-03-30T03:32:21.311+0000] {logging_mixin.py:190} INFO - [2025-03-30T03:32:21.311+0000] {dag.py:3239} INFO - Sync 1 DAGs
[2025-03-30T03:32:21.316+0000] {logging_mixin.py:190} INFO - [2025-03-30T03:32:21.316+0000] {dag.py:4180} INFO - Setting next_dagrun for example_sensor_decorator to None, run_after=None
[2025-03-30T03:32:21.322+0000] {processor.py:208} INFO - Processing /home/airflow/.local/lib/python3.12/site-packages/airflow/example_dags/example_sensor_decorator.py took 0.026 seconds
[2025-03-30T03:32:51.438+0000] {processor.py:186} INFO - Started process (PID=153) to work on /home/airflow/.local/lib/python3.12/site-packages/airflow/example_dags/example_sensor_decorator.py
[2025-03-30T03:32:51.440+0000] {processor.py:914} INFO - Processing file /home/airflow/.local/lib/python3.12/site-packages/airflow/example_dags/example_sensor_decorator.py for tasks to queue
[2025-03-30T03:32:51.444+0000] {logging_mixin.py:190} INFO - [2025-03-30T03:32:51.444+0000] {dagbag.py:588} INFO - Filling up the DagBag from /home/airflow/.local/lib/python3.12/site-packages/airflow/example_dags/example_sensor_decorator.py
[2025-03-30T03:32:51.447+0000] {processor.py:925} INFO - DAG(s) 'example_sensor_decorator' retrieved from /home/airflow/.local/lib/python3.12/site-packages/airflow/example_dags/example_sensor_decorator.py
[2025-03-30T03:32:51.454+0000] {logging_mixin.py:190} INFO - [2025-03-30T03:32:51.454+0000] {dag.py:3239} INFO - Sync 1 DAGs
[2025-03-30T03:32:51.459+0000] {logging_mixin.py:190} INFO - [2025-03-30T03:32:51.459+0000] {dag.py:4180} INFO - Setting next_dagrun for example_sensor_decorator to None, run_after=None
[2025-03-30T03:32:51.465+0000] {processor.py:208} INFO - Processing /home/airflow/.local/lib/python3.12/site-packages/airflow/example_dags/example_sensor_decorator.py took 0.029 seconds
[2025-03-30T03:33:22.517+0000] {processor.py:186} INFO - Started process (PID=216) to work on /home/airflow/.local/lib/python3.12/site-packages/airflow/example_dags/example_sensor_decorator.py
[2025-03-30T03:33:22.517+0000] {processor.py:914} INFO - Processing file /home/airflow/.local/lib/python3.12/site-packages/airflow/example_dags/example_sensor_decorator.py for tasks to queue
[2025-03-30T03:33:22.518+0000] {logging_mixin.py:190} INFO - [2025-03-30T03:33:22.518+0000] {dagbag.py:588} INFO - Filling up the DagBag from /home/airflow/.local/lib/python3.12/site-packages/airflow/example_dags/example_sensor_decorator.py
[2025-03-30T03:33:22.521+0000] {processor.py:925} INFO - DAG(s) 'example_sensor_decorator' retrieved from /home/airflow/.local/lib/python3.12/site-packages/airflow/example_dags/example_sensor_decorator.py
[2025-03-30T03:33:22.529+0000] {logging_mixin.py:190} INFO - [2025-03-30T03:33:22.529+0000] {dag.py:3239} INFO - Sync 1 DAGs
[2025-03-30T03:33:22.534+0000] {logging_mixin.py:190} INFO - [2025-03-30T03:33:22.534+0000] {dag.py:4180} INFO - Setting next_dagrun for example_sensor_decorator to None, run_after=None
[2025-03-30T03:33:22.540+0000] {processor.py:208} INFO - Processing /home/airflow/.local/lib/python3.12/site-packages/airflow/example_dags/example_sensor_decorator.py took 0.025 seconds
[2025-03-30T03:33:53.428+0000] {processor.py:186} INFO - Started process (PID=279) to work on /home/airflow/.local/lib/python3.12/site-packages/airflow/example_dags/example_sensor_decorator.py
[2025-03-30T03:33:53.429+0000] {processor.py:914} INFO - Processing file /home/airflow/.local/lib/python3.12/site-packages/airflow/example_dags/example_sensor_decorator.py for tasks to queue
[2025-03-30T03:33:53.430+0000] {logging_mixin.py:190} INFO - [2025-03-30T03:33:53.430+0000] {dagbag.py:588} INFO - Filling up the DagBag from /home/airflow/.local/lib/python3.12/site-packages/airflow/example_dags/example_sensor_decorator.py
[2025-03-30T03:33:53.433+0000] {processor.py:925} INFO - DAG(s) 'example_sensor_decorator' retrieved from /home/airflow/.local/lib/python3.12/site-packages/airflow/example_dags/example_sensor_decorator.py
[2025-03-30T03:33:53.441+0000] {logging_mixin.py:190} INFO - [2025-03-30T03:33:53.441+0000] {dag.py:3239} INFO - Sync 1 DAGs
[2025-03-30T03:33:53.446+0000] {logging_mixin.py:190} INFO - [2025-03-30T03:33:53.446+0000] {dag.py:4180} INFO - Setting next_dagrun for example_sensor_decorator to None, run_after=None
[2025-03-30T03:33:53.452+0000] {processor.py:208} INFO - Processing /home/airflow/.local/lib/python3.12/site-packages/airflow/example_dags/example_sensor_decorator.py took 0.026 seconds
[2025-03-30T03:34:24.523+0000] {processor.py:186} INFO - Started process (PID=342) to work on /home/airflow/.local/lib/python3.12/site-packages/airflow/example_dags/example_sensor_decorator.py
[2025-03-30T03:34:24.525+0000] {processor.py:914} INFO - Processing file /home/airflow/.local/lib/python3.12/site-packages/airflow/example_dags/example_sensor_decorator.py for tasks to queue
[2025-03-30T03:34:24.526+0000] {logging_mixin.py:190} INFO - [2025-03-30T03:34:24.526+0000] {dagbag.py:588} INFO - Filling up the DagBag from /home/airflow/.local/lib/python3.12/site-packages/airflow/example_dags/example_sensor_decorator.py
[2025-03-30T03:34:24.529+0000] {processor.py:925} INFO - DAG(s) 'example_sensor_decorator' retrieved from /home/airflow/.local/lib/python3.12/site-packages/airflow/example_dags/example_sensor_decorator.py
[2025-03-30T03:34:24.537+0000] {logging_mixin.py:190} INFO - [2025-03-30T03:34:24.537+0000] {dag.py:3239} INFO - Sync 1 DAGs
[2025-03-30T03:34:24.541+0000] {logging_mixin.py:190} INFO - [2025-03-30T03:34:24.541+0000] {dag.py:4180} INFO - Setting next_dagrun for example_sensor_decorator to None, run_after=None
[2025-03-30T03:34:24.554+0000] {processor.py:208} INFO - Processing /home/airflow/.local/lib/python3.12/site-packages/airflow/example_dags/example_sensor_decorator.py took 0.033 seconds
[2025-03-30T03:34:55.683+0000] {processor.py:186} INFO - Started process (PID=405) to work on /home/airflow/.local/lib/python3.12/site-packages/airflow/example_dags/example_sensor_decorator.py
[2025-03-30T03:34:55.686+0000] {processor.py:914} INFO - Processing file /home/airflow/.local/lib/python3.12/site-packages/airflow/example_dags/example_sensor_decorator.py for tasks to queue
[2025-03-30T03:34:55.686+0000] {logging_mixin.py:190} INFO - [2025-03-30T03:34:55.686+0000] {dagbag.py:588} INFO - Filling up the DagBag from /home/airflow/.local/lib/python3.12/site-packages/airflow/example_dags/example_sensor_decorator.py
[2025-03-30T03:34:55.690+0000] {processor.py:925} INFO - DAG(s) 'example_sensor_decorator' retrieved from /home/airflow/.local/lib/python3.12/site-packages/airflow/example_dags/example_sensor_decorator.py
[2025-03-30T03:34:55.697+0000] {logging_mixin.py:190} INFO - [2025-03-30T03:34:55.697+0000] {dag.py:3239} INFO - Sync 1 DAGs
[2025-03-30T03:34:55.702+0000] {logging_mixin.py:190} INFO - [2025-03-30T03:34:55.701+0000] {dag.py:4180} INFO - Setting next_dagrun for example_sensor_decorator to None, run_after=None
[2025-03-30T03:34:55.708+0000] {processor.py:208} INFO - Processing /home/airflow/.local/lib/python3.12/site-packages/airflow/example_dags/example_sensor_decorator.py took 0.027 seconds
[2025-03-30T03:35:26.824+0000] {processor.py:186} INFO - Started process (PID=468) to work on /home/airflow/.local/lib/python3.12/site-packages/airflow/example_dags/example_sensor_decorator.py
[2025-03-30T03:35:26.825+0000] {processor.py:914} INFO - Processing file /home/airflow/.local/lib/python3.12/site-packages/airflow/example_dags/example_sensor_decorator.py for tasks to queue
[2025-03-30T03:35:26.826+0000] {logging_mixin.py:190} INFO - [2025-03-30T03:35:26.825+0000] {dagbag.py:588} INFO - Filling up the DagBag from /home/airflow/.local/lib/python3.12/site-packages/airflow/example_dags/example_sensor_decorator.py
[2025-03-30T03:35:26.829+0000] {processor.py:925} INFO - DAG(s) 'example_sensor_decorator' retrieved from /home/airflow/.local/lib/python3.12/site-packages/airflow/example_dags/example_sensor_decorator.py
[2025-03-30T03:35:26.838+0000] {logging_mixin.py:190} INFO - [2025-03-30T03:35:26.838+0000] {dag.py:3239} INFO - Sync 1 DAGs
[2025-03-30T03:35:26.843+0000] {logging_mixin.py:190} INFO - [2025-03-30T03:35:26.842+0000] {dag.py:4180} INFO - Setting next_dagrun for example_sensor_decorator to None, run_after=None
[2025-03-30T03:35:26.850+0000] {processor.py:208} INFO - Processing /home/airflow/.local/lib/python3.12/site-packages/airflow/example_dags/example_sensor_decorator.py took 0.028 seconds
[2025-03-30T03:35:57.943+0000] {processor.py:186} INFO - Started process (PID=530) to work on /home/airflow/.local/lib/python3.12/site-packages/airflow/example_dags/example_sensor_decorator.py
[2025-03-30T03:35:57.943+0000] {processor.py:914} INFO - Processing file /home/airflow/.local/lib/python3.12/site-packages/airflow/example_dags/example_sensor_decorator.py for tasks to queue
[2025-03-30T03:35:57.944+0000] {logging_mixin.py:190} INFO - [2025-03-30T03:35:57.944+0000] {dagbag.py:588} INFO - Filling up the DagBag from /home/airflow/.local/lib/python3.12/site-packages/airflow/example_dags/example_sensor_decorator.py
[2025-03-30T03:35:57.948+0000] {processor.py:925} INFO - DAG(s) 'example_sensor_decorator' retrieved from /home/airflow/.local/lib/python3.12/site-packages/airflow/example_dags/example_sensor_decorator.py
[2025-03-30T03:35:57.957+0000] {logging_mixin.py:190} INFO - [2025-03-30T03:35:57.957+0000] {dag.py:3239} INFO - Sync 1 DAGs
[2025-03-30T03:35:57.962+0000] {logging_mixin.py:190} INFO - [2025-03-30T03:35:57.962+0000] {dag.py:4180} INFO - Setting next_dagrun for example_sensor_decorator to None, run_after=None
[2025-03-30T03:35:57.968+0000] {processor.py:208} INFO - Processing /home/airflow/.local/lib/python3.12/site-packages/airflow/example_dags/example_sensor_decorator.py took 0.027 seconds
[2025-03-30T03:36:29.022+0000] {processor.py:186} INFO - Started process (PID=593) to work on /home/airflow/.local/lib/python3.12/site-packages/airflow/example_dags/example_sensor_decorator.py
[2025-03-30T03:36:29.022+0000] {processor.py:914} INFO - Processing file /home/airflow/.local/lib/python3.12/site-packages/airflow/example_dags/example_sensor_decorator.py for tasks to queue
[2025-03-30T03:36:29.025+0000] {logging_mixin.py:190} INFO - [2025-03-30T03:36:29.025+0000] {dagbag.py:588} INFO - Filling up the DagBag from /home/airflow/.local/lib/python3.12/site-packages/airflow/example_dags/example_sensor_decorator.py
[2025-03-30T03:36:29.032+0000] {processor.py:925} INFO - DAG(s) 'example_sensor_decorator' retrieved from /home/airflow/.local/lib/python3.12/site-packages/airflow/example_dags/example_sensor_decorator.py
[2025-03-30T03:36:29.040+0000] {logging_mixin.py:190} INFO - [2025-03-30T03:36:29.040+0000] {dag.py:3239} INFO - Sync 1 DAGs
[2025-03-30T03:36:29.046+0000] {logging_mixin.py:190} INFO - [2025-03-30T03:36:29.046+0000] {dag.py:4180} INFO - Setting next_dagrun for example_sensor_decorator to None, run_after=None
[2025-03-30T03:36:29.052+0000] {processor.py:208} INFO - Processing /home/airflow/.local/lib/python3.12/site-packages/airflow/example_dags/example_sensor_decorator.py took 0.033 seconds
[2025-03-30T03:37:00.238+0000] {processor.py:186} INFO - Started process (PID=656) to work on /home/airflow/.local/lib/python3.12/site-packages/airflow/example_dags/example_sensor_decorator.py
[2025-03-30T03:37:00.238+0000] {processor.py:914} INFO - Processing file /home/airflow/.local/lib/python3.12/site-packages/airflow/example_dags/example_sensor_decorator.py for tasks to queue
[2025-03-30T03:37:00.239+0000] {logging_mixin.py:190} INFO - [2025-03-30T03:37:00.239+0000] {dagbag.py:588} INFO - Filling up the DagBag from /home/airflow/.local/lib/python3.12/site-packages/airflow/example_dags/example_sensor_decorator.py
[2025-03-30T03:37:00.243+0000] {processor.py:925} INFO - DAG(s) 'example_sensor_decorator' retrieved from /home/airflow/.local/lib/python3.12/site-packages/airflow/example_dags/example_sensor_decorator.py
[2025-03-30T03:37:00.250+0000] {logging_mixin.py:190} INFO - [2025-03-30T03:37:00.250+0000] {dag.py:3239} INFO - Sync 1 DAGs
[2025-03-30T03:37:00.255+0000] {logging_mixin.py:190} INFO - [2025-03-30T03:37:00.255+0000] {dag.py:4180} INFO - Setting next_dagrun for example_sensor_decorator to None, run_after=None
[2025-03-30T03:37:00.261+0000] {processor.py:208} INFO - Processing /home/airflow/.local/lib/python3.12/site-packages/airflow/example_dags/example_sensor_decorator.py took 0.025 seconds
[2025-03-30T03:37:31.276+0000] {processor.py:186} INFO - Started process (PID=719) to work on /home/airflow/.local/lib/python3.12/site-packages/airflow/example_dags/example_sensor_decorator.py
[2025-03-30T03:37:31.277+0000] {processor.py:914} INFO - Processing file /home/airflow/.local/lib/python3.12/site-packages/airflow/example_dags/example_sensor_decorator.py for tasks to queue
[2025-03-30T03:37:31.278+0000] {logging_mixin.py:190} INFO - [2025-03-30T03:37:31.278+0000] {dagbag.py:588} INFO - Filling up the DagBag from /home/airflow/.local/lib/python3.12/site-packages/airflow/example_dags/example_sensor_decorator.py
[2025-03-30T03:37:31.281+0000] {processor.py:925} INFO - DAG(s) 'example_sensor_decorator' retrieved from /home/airflow/.local/lib/python3.12/site-packages/airflow/example_dags/example_sensor_decorator.py
[2025-03-30T03:37:31.288+0000] {logging_mixin.py:190} INFO - [2025-03-30T03:37:31.288+0000] {dag.py:3239} INFO - Sync 1 DAGs
[2025-03-30T03:37:31.293+0000] {logging_mixin.py:190} INFO - [2025-03-30T03:37:31.293+0000] {dag.py:4180} INFO - Setting next_dagrun for example_sensor_decorator to None, run_after=None
[2025-03-30T03:37:31.299+0000] {processor.py:208} INFO - Processing /home/airflow/.local/lib/python3.12/site-packages/airflow/example_dags/example_sensor_decorator.py took 0.025 seconds
[2025-03-30T03:38:02.362+0000] {processor.py:186} INFO - Started process (PID=782) to work on /home/airflow/.local/lib/python3.12/site-packages/airflow/example_dags/example_sensor_decorator.py
[2025-03-30T03:38:02.363+0000] {processor.py:914} INFO - Processing file /home/airflow/.local/lib/python3.12/site-packages/airflow/example_dags/example_sensor_decorator.py for tasks to queue
[2025-03-30T03:38:02.365+0000] {logging_mixin.py:190} INFO - [2025-03-30T03:38:02.364+0000] {dagbag.py:588} INFO - Filling up the DagBag from /home/airflow/.local/lib/python3.12/site-packages/airflow/example_dags/example_sensor_decorator.py
[2025-03-30T03:38:02.368+0000] {processor.py:925} INFO - DAG(s) 'example_sensor_decorator' retrieved from /home/airflow/.local/lib/python3.12/site-packages/airflow/example_dags/example_sensor_decorator.py
[2025-03-30T03:38:02.375+0000] {logging_mixin.py:190} INFO - [2025-03-30T03:38:02.375+0000] {dag.py:3239} INFO - Sync 1 DAGs
[2025-03-30T03:38:02.380+0000] {logging_mixin.py:190} INFO - [2025-03-30T03:38:02.380+0000] {dag.py:4180} INFO - Setting next_dagrun for example_sensor_decorator to None, run_after=None
[2025-03-30T03:38:02.386+0000] {processor.py:208} INFO - Processing /home/airflow/.local/lib/python3.12/site-packages/airflow/example_dags/example_sensor_decorator.py took 0.027 seconds
