[2025-03-30T03:32:20.926+0000] {processor.py:186} INFO - Started process (PID=76) to work on /home/airflow/.local/lib/python3.12/site-packages/airflow/example_dags/example_bash_operator.py
[2025-03-30T03:32:20.927+0000] {processor.py:914} INFO - Processing file /home/airflow/.local/lib/python3.12/site-packages/airflow/example_dags/example_bash_operator.py for tasks to queue
[2025-03-30T03:32:20.928+0000] {logging_mixin.py:190} INFO - [2025-03-30T03:32:20.928+0000] {dagbag.py:588} INFO - Filling up the DagBag from /home/airflow/.local/lib/python3.12/site-packages/airflow/example_dags/example_bash_operator.py
[2025-03-30T03:32:20.933+0000] {processor.py:925} INFO - DAG(s) 'example_bash_operator' retrieved from /home/airflow/.local/lib/python3.12/site-packages/airflow/example_dags/example_bash_operator.py
[2025-03-30T03:32:20.945+0000] {logging_mixin.py:190} INFO - [2025-03-30T03:32:20.945+0000] {dag.py:3239} INFO - Sync 1 DAGs
[2025-03-30T03:32:20.955+0000] {logging_mixin.py:190} INFO - [2025-03-30T03:32:20.954+0000] {dag.py:4180} INFO - Setting next_dagrun for example_bash_operator to 2025-03-29 00:00:00+00:00, run_after=2025-03-30 00:00:00+00:00
[2025-03-30T03:32:20.960+0000] {processor.py:208} INFO - Processing /home/airflow/.local/lib/python3.12/site-packages/airflow/example_dags/example_bash_operator.py took 0.037 seconds
[2025-03-30T03:32:51.140+0000] {processor.py:186} INFO - Started process (PID=139) to work on /home/airflow/.local/lib/python3.12/site-packages/airflow/example_dags/example_bash_operator.py
[2025-03-30T03:32:51.140+0000] {processor.py:914} INFO - Processing file /home/airflow/.local/lib/python3.12/site-packages/airflow/example_dags/example_bash_operator.py for tasks to queue
[2025-03-30T03:32:51.141+0000] {logging_mixin.py:190} INFO - [2025-03-30T03:32:51.141+0000] {dagbag.py:588} INFO - Filling up the DagBag from /home/airflow/.local/lib/python3.12/site-packages/airflow/example_dags/example_bash_operator.py
[2025-03-30T03:32:51.146+0000] {processor.py:925} INFO - DAG(s) 'example_bash_operator' retrieved from /home/airflow/.local/lib/python3.12/site-packages/airflow/example_dags/example_bash_operator.py
[2025-03-30T03:32:51.155+0000] {logging_mixin.py:190} INFO - [2025-03-30T03:32:51.155+0000] {dag.py:3239} INFO - Sync 1 DAGs
[2025-03-30T03:32:51.162+0000] {logging_mixin.py:190} INFO - [2025-03-30T03:32:51.162+0000] {dag.py:4180} INFO - Setting next_dagrun for example_bash_operator to 2025-03-29 00:00:00+00:00, run_after=2025-03-30 00:00:00+00:00
[2025-03-30T03:32:51.168+0000] {processor.py:208} INFO - Processing /home/airflow/.local/lib/python3.12/site-packages/airflow/example_dags/example_bash_operator.py took 0.030 seconds
[2025-03-30T03:33:22.241+0000] {processor.py:186} INFO - Started process (PID=202) to work on /home/airflow/.local/lib/python3.12/site-packages/airflow/example_dags/example_bash_operator.py
[2025-03-30T03:33:22.242+0000] {processor.py:914} INFO - Processing file /home/airflow/.local/lib/python3.12/site-packages/airflow/example_dags/example_bash_operator.py for tasks to queue
[2025-03-30T03:33:22.243+0000] {logging_mixin.py:190} INFO - [2025-03-30T03:33:22.242+0000] {dagbag.py:588} INFO - Filling up the DagBag from /home/airflow/.local/lib/python3.12/site-packages/airflow/example_dags/example_bash_operator.py
[2025-03-30T03:33:22.247+0000] {processor.py:925} INFO - DAG(s) 'example_bash_operator' retrieved from /home/airflow/.local/lib/python3.12/site-packages/airflow/example_dags/example_bash_operator.py
[2025-03-30T03:33:22.256+0000] {logging_mixin.py:190} INFO - [2025-03-30T03:33:22.256+0000] {dag.py:3239} INFO - Sync 1 DAGs
[2025-03-30T03:33:22.264+0000] {logging_mixin.py:190} INFO - [2025-03-30T03:33:22.264+0000] {dag.py:4180} INFO - Setting next_dagrun for example_bash_operator to 2025-03-29 00:00:00+00:00, run_after=2025-03-30 00:00:00+00:00
[2025-03-30T03:33:22.270+0000] {processor.py:208} INFO - Processing /home/airflow/.local/lib/python3.12/site-packages/airflow/example_dags/example_bash_operator.py took 0.031 seconds
[2025-03-30T03:33:53.145+0000] {processor.py:186} INFO - Started process (PID=265) to work on /home/airflow/.local/lib/python3.12/site-packages/airflow/example_dags/example_bash_operator.py
[2025-03-30T03:33:53.146+0000] {processor.py:914} INFO - Processing file /home/airflow/.local/lib/python3.12/site-packages/airflow/example_dags/example_bash_operator.py for tasks to queue
[2025-03-30T03:33:53.150+0000] {logging_mixin.py:190} INFO - [2025-03-30T03:33:53.150+0000] {dagbag.py:588} INFO - Filling up the DagBag from /home/airflow/.local/lib/python3.12/site-packages/airflow/example_dags/example_bash_operator.py
[2025-03-30T03:33:53.156+0000] {processor.py:925} INFO - DAG(s) 'example_bash_operator' retrieved from /home/airflow/.local/lib/python3.12/site-packages/airflow/example_dags/example_bash_operator.py
[2025-03-30T03:33:53.165+0000] {logging_mixin.py:190} INFO - [2025-03-30T03:33:53.165+0000] {dag.py:3239} INFO - Sync 1 DAGs
[2025-03-30T03:33:53.175+0000] {logging_mixin.py:190} INFO - [2025-03-30T03:33:53.174+0000] {dag.py:4180} INFO - Setting next_dagrun for example_bash_operator to 2025-03-29 00:00:00+00:00, run_after=2025-03-30 00:00:00+00:00
[2025-03-30T03:33:53.182+0000] {processor.py:208} INFO - Processing /home/airflow/.local/lib/python3.12/site-packages/airflow/example_dags/example_bash_operator.py took 0.039 seconds
[2025-03-30T03:34:24.230+0000] {processor.py:186} INFO - Started process (PID=328) to work on /home/airflow/.local/lib/python3.12/site-packages/airflow/example_dags/example_bash_operator.py
[2025-03-30T03:34:24.231+0000] {processor.py:914} INFO - Processing file /home/airflow/.local/lib/python3.12/site-packages/airflow/example_dags/example_bash_operator.py for tasks to queue
[2025-03-30T03:34:24.232+0000] {logging_mixin.py:190} INFO - [2025-03-30T03:34:24.232+0000] {dagbag.py:588} INFO - Filling up the DagBag from /home/airflow/.local/lib/python3.12/site-packages/airflow/example_dags/example_bash_operator.py
[2025-03-30T03:34:24.237+0000] {processor.py:925} INFO - DAG(s) 'example_bash_operator' retrieved from /home/airflow/.local/lib/python3.12/site-packages/airflow/example_dags/example_bash_operator.py
[2025-03-30T03:34:24.246+0000] {logging_mixin.py:190} INFO - [2025-03-30T03:34:24.246+0000] {dag.py:3239} INFO - Sync 1 DAGs
[2025-03-30T03:34:24.255+0000] {logging_mixin.py:190} INFO - [2025-03-30T03:34:24.255+0000] {dag.py:4180} INFO - Setting next_dagrun for example_bash_operator to 2025-03-29 00:00:00+00:00, run_after=2025-03-30 00:00:00+00:00
[2025-03-30T03:34:24.261+0000] {processor.py:208} INFO - Processing /home/airflow/.local/lib/python3.12/site-packages/airflow/example_dags/example_bash_operator.py took 0.033 seconds
[2025-03-30T03:34:55.397+0000] {processor.py:186} INFO - Started process (PID=391) to work on /home/airflow/.local/lib/python3.12/site-packages/airflow/example_dags/example_bash_operator.py
[2025-03-30T03:34:55.397+0000] {processor.py:914} INFO - Processing file /home/airflow/.local/lib/python3.12/site-packages/airflow/example_dags/example_bash_operator.py for tasks to queue
[2025-03-30T03:34:55.398+0000] {logging_mixin.py:190} INFO - [2025-03-30T03:34:55.398+0000] {dagbag.py:588} INFO - Filling up the DagBag from /home/airflow/.local/lib/python3.12/site-packages/airflow/example_dags/example_bash_operator.py
[2025-03-30T03:34:55.404+0000] {processor.py:925} INFO - DAG(s) 'example_bash_operator' retrieved from /home/airflow/.local/lib/python3.12/site-packages/airflow/example_dags/example_bash_operator.py
[2025-03-30T03:34:55.413+0000] {logging_mixin.py:190} INFO - [2025-03-30T03:34:55.412+0000] {dag.py:3239} INFO - Sync 1 DAGs
[2025-03-30T03:34:55.421+0000] {logging_mixin.py:190} INFO - [2025-03-30T03:34:55.421+0000] {dag.py:4180} INFO - Setting next_dagrun for example_bash_operator to 2025-03-29 00:00:00+00:00, run_after=2025-03-30 00:00:00+00:00
[2025-03-30T03:34:55.427+0000] {processor.py:208} INFO - Processing /home/airflow/.local/lib/python3.12/site-packages/airflow/example_dags/example_bash_operator.py took 0.033 seconds
[2025-03-30T03:35:26.541+0000] {processor.py:186} INFO - Started process (PID=454) to work on /home/airflow/.local/lib/python3.12/site-packages/airflow/example_dags/example_bash_operator.py
[2025-03-30T03:35:26.542+0000] {processor.py:914} INFO - Processing file /home/airflow/.local/lib/python3.12/site-packages/airflow/example_dags/example_bash_operator.py for tasks to queue
[2025-03-30T03:35:26.544+0000] {logging_mixin.py:190} INFO - [2025-03-30T03:35:26.544+0000] {dagbag.py:588} INFO - Filling up the DagBag from /home/airflow/.local/lib/python3.12/site-packages/airflow/example_dags/example_bash_operator.py
[2025-03-30T03:35:26.552+0000] {processor.py:925} INFO - DAG(s) 'example_bash_operator' retrieved from /home/airflow/.local/lib/python3.12/site-packages/airflow/example_dags/example_bash_operator.py
[2025-03-30T03:35:26.564+0000] {logging_mixin.py:190} INFO - [2025-03-30T03:35:26.564+0000] {dag.py:3239} INFO - Sync 1 DAGs
[2025-03-30T03:35:26.572+0000] {logging_mixin.py:190} INFO - [2025-03-30T03:35:26.571+0000] {dag.py:4180} INFO - Setting next_dagrun for example_bash_operator to 2025-03-29 00:00:00+00:00, run_after=2025-03-30 00:00:00+00:00
[2025-03-30T03:35:26.577+0000] {processor.py:208} INFO - Processing /home/airflow/.local/lib/python3.12/site-packages/airflow/example_dags/example_bash_operator.py took 0.039 seconds
[2025-03-30T03:35:57.655+0000] {processor.py:186} INFO - Started process (PID=516) to work on /home/airflow/.local/lib/python3.12/site-packages/airflow/example_dags/example_bash_operator.py
[2025-03-30T03:35:57.655+0000] {processor.py:914} INFO - Processing file /home/airflow/.local/lib/python3.12/site-packages/airflow/example_dags/example_bash_operator.py for tasks to queue
[2025-03-30T03:35:57.656+0000] {logging_mixin.py:190} INFO - [2025-03-30T03:35:57.656+0000] {dagbag.py:588} INFO - Filling up the DagBag from /home/airflow/.local/lib/python3.12/site-packages/airflow/example_dags/example_bash_operator.py
[2025-03-30T03:35:57.662+0000] {processor.py:925} INFO - DAG(s) 'example_bash_operator' retrieved from /home/airflow/.local/lib/python3.12/site-packages/airflow/example_dags/example_bash_operator.py
[2025-03-30T03:35:57.674+0000] {logging_mixin.py:190} INFO - [2025-03-30T03:35:57.674+0000] {dag.py:3239} INFO - Sync 1 DAGs
[2025-03-30T03:35:57.682+0000] {logging_mixin.py:190} INFO - [2025-03-30T03:35:57.682+0000] {dag.py:4180} INFO - Setting next_dagrun for example_bash_operator to 2025-03-29 00:00:00+00:00, run_after=2025-03-30 00:00:00+00:00
[2025-03-30T03:35:57.689+0000] {processor.py:208} INFO - Processing /home/airflow/.local/lib/python3.12/site-packages/airflow/example_dags/example_bash_operator.py took 0.036 seconds
[2025-03-30T03:36:28.731+0000] {processor.py:186} INFO - Started process (PID=579) to work on /home/airflow/.local/lib/python3.12/site-packages/airflow/example_dags/example_bash_operator.py
[2025-03-30T03:36:28.731+0000] {processor.py:914} INFO - Processing file /home/airflow/.local/lib/python3.12/site-packages/airflow/example_dags/example_bash_operator.py for tasks to queue
[2025-03-30T03:36:28.732+0000] {logging_mixin.py:190} INFO - [2025-03-30T03:36:28.732+0000] {dagbag.py:588} INFO - Filling up the DagBag from /home/airflow/.local/lib/python3.12/site-packages/airflow/example_dags/example_bash_operator.py
[2025-03-30T03:36:28.737+0000] {processor.py:925} INFO - DAG(s) 'example_bash_operator' retrieved from /home/airflow/.local/lib/python3.12/site-packages/airflow/example_dags/example_bash_operator.py
[2025-03-30T03:36:28.746+0000] {logging_mixin.py:190} INFO - [2025-03-30T03:36:28.746+0000] {dag.py:3239} INFO - Sync 1 DAGs
[2025-03-30T03:36:28.755+0000] {logging_mixin.py:190} INFO - [2025-03-30T03:36:28.755+0000] {dag.py:4180} INFO - Setting next_dagrun for example_bash_operator to 2025-03-29 00:00:00+00:00, run_after=2025-03-30 00:00:00+00:00
[2025-03-30T03:36:28.761+0000] {processor.py:208} INFO - Processing /home/airflow/.local/lib/python3.12/site-packages/airflow/example_dags/example_bash_operator.py took 0.032 seconds
[2025-03-30T03:36:59.925+0000] {processor.py:186} INFO - Started process (PID=642) to work on /home/airflow/.local/lib/python3.12/site-packages/airflow/example_dags/example_bash_operator.py
[2025-03-30T03:36:59.926+0000] {processor.py:914} INFO - Processing file /home/airflow/.local/lib/python3.12/site-packages/airflow/example_dags/example_bash_operator.py for tasks to queue
[2025-03-30T03:36:59.928+0000] {logging_mixin.py:190} INFO - [2025-03-30T03:36:59.928+0000] {dagbag.py:588} INFO - Filling up the DagBag from /home/airflow/.local/lib/python3.12/site-packages/airflow/example_dags/example_bash_operator.py
[2025-03-30T03:36:59.933+0000] {processor.py:925} INFO - DAG(s) 'example_bash_operator' retrieved from /home/airflow/.local/lib/python3.12/site-packages/airflow/example_dags/example_bash_operator.py
[2025-03-30T03:36:59.944+0000] {logging_mixin.py:190} INFO - [2025-03-30T03:36:59.944+0000] {dag.py:3239} INFO - Sync 1 DAGs
[2025-03-30T03:36:59.954+0000] {logging_mixin.py:190} INFO - [2025-03-30T03:36:59.954+0000] {dag.py:4180} INFO - Setting next_dagrun for example_bash_operator to 2025-03-29 00:00:00+00:00, run_after=2025-03-30 00:00:00+00:00
[2025-03-30T03:36:59.962+0000] {processor.py:208} INFO - Processing /home/airflow/.local/lib/python3.12/site-packages/airflow/example_dags/example_bash_operator.py took 0.040 seconds
[2025-03-30T03:37:30.992+0000] {processor.py:186} INFO - Started process (PID=705) to work on /home/airflow/.local/lib/python3.12/site-packages/airflow/example_dags/example_bash_operator.py
[2025-03-30T03:37:30.993+0000] {processor.py:914} INFO - Processing file /home/airflow/.local/lib/python3.12/site-packages/airflow/example_dags/example_bash_operator.py for tasks to queue
[2025-03-30T03:37:30.994+0000] {logging_mixin.py:190} INFO - [2025-03-30T03:37:30.994+0000] {dagbag.py:588} INFO - Filling up the DagBag from /home/airflow/.local/lib/python3.12/site-packages/airflow/example_dags/example_bash_operator.py
[2025-03-30T03:37:31.000+0000] {processor.py:925} INFO - DAG(s) 'example_bash_operator' retrieved from /home/airflow/.local/lib/python3.12/site-packages/airflow/example_dags/example_bash_operator.py
[2025-03-30T03:37:31.009+0000] {logging_mixin.py:190} INFO - [2025-03-30T03:37:31.009+0000] {dag.py:3239} INFO - Sync 1 DAGs
[2025-03-30T03:37:31.018+0000] {logging_mixin.py:190} INFO - [2025-03-30T03:37:31.018+0000] {dag.py:4180} INFO - Setting next_dagrun for example_bash_operator to 2025-03-29 00:00:00+00:00, run_after=2025-03-30 00:00:00+00:00
[2025-03-30T03:37:31.024+0000] {processor.py:208} INFO - Processing /home/airflow/.local/lib/python3.12/site-packages/airflow/example_dags/example_bash_operator.py took 0.034 seconds
[2025-03-30T03:38:02.076+0000] {processor.py:186} INFO - Started process (PID=768) to work on /home/airflow/.local/lib/python3.12/site-packages/airflow/example_dags/example_bash_operator.py
[2025-03-30T03:38:02.076+0000] {processor.py:914} INFO - Processing file /home/airflow/.local/lib/python3.12/site-packages/airflow/example_dags/example_bash_operator.py for tasks to queue
[2025-03-30T03:38:02.077+0000] {logging_mixin.py:190} INFO - [2025-03-30T03:38:02.077+0000] {dagbag.py:588} INFO - Filling up the DagBag from /home/airflow/.local/lib/python3.12/site-packages/airflow/example_dags/example_bash_operator.py
[2025-03-30T03:38:02.083+0000] {processor.py:925} INFO - DAG(s) 'example_bash_operator' retrieved from /home/airflow/.local/lib/python3.12/site-packages/airflow/example_dags/example_bash_operator.py
[2025-03-30T03:38:02.092+0000] {logging_mixin.py:190} INFO - [2025-03-30T03:38:02.092+0000] {dag.py:3239} INFO - Sync 1 DAGs
[2025-03-30T03:38:02.101+0000] {logging_mixin.py:190} INFO - [2025-03-30T03:38:02.101+0000] {dag.py:4180} INFO - Setting next_dagrun for example_bash_operator to 2025-03-29 00:00:00+00:00, run_after=2025-03-30 00:00:00+00:00
[2025-03-30T03:38:02.108+0000] {processor.py:208} INFO - Processing /home/airflow/.local/lib/python3.12/site-packages/airflow/example_dags/example_bash_operator.py took 0.034 seconds
[2025-03-30T11:24:53.362+0000] {processor.py:186} INFO - Started process (PID=77) to work on /home/airflow/.local/lib/python3.12/site-packages/airflow/example_dags/example_bash_operator.py
[2025-03-30T11:24:53.364+0000] {processor.py:914} INFO - Processing file /home/airflow/.local/lib/python3.12/site-packages/airflow/example_dags/example_bash_operator.py for tasks to queue
[2025-03-30T11:24:53.365+0000] {logging_mixin.py:190} INFO - [2025-03-30T11:24:53.365+0000] {dagbag.py:588} INFO - Filling up the DagBag from /home/airflow/.local/lib/python3.12/site-packages/airflow/example_dags/example_bash_operator.py
[2025-03-30T11:24:53.372+0000] {processor.py:925} INFO - DAG(s) 'example_bash_operator' retrieved from /home/airflow/.local/lib/python3.12/site-packages/airflow/example_dags/example_bash_operator.py
[2025-03-30T11:24:53.384+0000] {logging_mixin.py:190} INFO - [2025-03-30T11:24:53.384+0000] {dag.py:3239} INFO - Sync 1 DAGs
[2025-03-30T11:24:53.393+0000] {logging_mixin.py:190} INFO - [2025-03-30T11:24:53.393+0000] {dag.py:4180} INFO - Setting next_dagrun for example_bash_operator to 2025-03-29 00:00:00+00:00, run_after=2025-03-30 00:00:00+00:00
[2025-03-30T11:24:53.399+0000] {processor.py:208} INFO - Processing /home/airflow/.local/lib/python3.12/site-packages/airflow/example_dags/example_bash_operator.py took 0.040 seconds
[2025-03-30T11:25:23.682+0000] {processor.py:186} INFO - Started process (PID=141) to work on /home/airflow/.local/lib/python3.12/site-packages/airflow/example_dags/example_bash_operator.py
[2025-03-30T11:25:23.683+0000] {processor.py:914} INFO - Processing file /home/airflow/.local/lib/python3.12/site-packages/airflow/example_dags/example_bash_operator.py for tasks to queue
[2025-03-30T11:25:23.683+0000] {logging_mixin.py:190} INFO - [2025-03-30T11:25:23.683+0000] {dagbag.py:588} INFO - Filling up the DagBag from /home/airflow/.local/lib/python3.12/site-packages/airflow/example_dags/example_bash_operator.py
[2025-03-30T11:25:23.690+0000] {processor.py:925} INFO - DAG(s) 'example_bash_operator' retrieved from /home/airflow/.local/lib/python3.12/site-packages/airflow/example_dags/example_bash_operator.py
[2025-03-30T11:25:23.703+0000] {logging_mixin.py:190} INFO - [2025-03-30T11:25:23.702+0000] {dag.py:3239} INFO - Sync 1 DAGs
[2025-03-30T11:25:23.711+0000] {logging_mixin.py:190} INFO - [2025-03-30T11:25:23.711+0000] {dag.py:4180} INFO - Setting next_dagrun for example_bash_operator to 2025-03-29 00:00:00+00:00, run_after=2025-03-30 00:00:00+00:00
[2025-03-30T11:25:23.718+0000] {processor.py:208} INFO - Processing /home/airflow/.local/lib/python3.12/site-packages/airflow/example_dags/example_bash_operator.py took 0.038 seconds
[2025-03-30T11:25:53.970+0000] {processor.py:186} INFO - Started process (PID=205) to work on /home/airflow/.local/lib/python3.12/site-packages/airflow/example_dags/example_bash_operator.py
[2025-03-30T11:25:53.971+0000] {processor.py:914} INFO - Processing file /home/airflow/.local/lib/python3.12/site-packages/airflow/example_dags/example_bash_operator.py for tasks to queue
[2025-03-30T11:25:53.971+0000] {logging_mixin.py:190} INFO - [2025-03-30T11:25:53.971+0000] {dagbag.py:588} INFO - Filling up the DagBag from /home/airflow/.local/lib/python3.12/site-packages/airflow/example_dags/example_bash_operator.py
[2025-03-30T11:25:53.981+0000] {processor.py:925} INFO - DAG(s) 'example_bash_operator' retrieved from /home/airflow/.local/lib/python3.12/site-packages/airflow/example_dags/example_bash_operator.py
[2025-03-30T11:25:53.991+0000] {logging_mixin.py:190} INFO - [2025-03-30T11:25:53.991+0000] {dag.py:3239} INFO - Sync 1 DAGs
[2025-03-30T11:25:54.000+0000] {logging_mixin.py:190} INFO - [2025-03-30T11:25:54.000+0000] {dag.py:4180} INFO - Setting next_dagrun for example_bash_operator to 2025-03-29 00:00:00+00:00, run_after=2025-03-30 00:00:00+00:00
[2025-03-30T11:25:54.006+0000] {processor.py:208} INFO - Processing /home/airflow/.local/lib/python3.12/site-packages/airflow/example_dags/example_bash_operator.py took 0.039 seconds
[2025-03-30T11:26:25.372+0000] {processor.py:186} INFO - Started process (PID=269) to work on /home/airflow/.local/lib/python3.12/site-packages/airflow/example_dags/example_bash_operator.py
[2025-03-30T11:26:25.372+0000] {processor.py:914} INFO - Processing file /home/airflow/.local/lib/python3.12/site-packages/airflow/example_dags/example_bash_operator.py for tasks to queue
[2025-03-30T11:26:25.373+0000] {logging_mixin.py:190} INFO - [2025-03-30T11:26:25.373+0000] {dagbag.py:588} INFO - Filling up the DagBag from /home/airflow/.local/lib/python3.12/site-packages/airflow/example_dags/example_bash_operator.py
[2025-03-30T11:26:25.378+0000] {processor.py:925} INFO - DAG(s) 'example_bash_operator' retrieved from /home/airflow/.local/lib/python3.12/site-packages/airflow/example_dags/example_bash_operator.py
[2025-03-30T11:26:25.394+0000] {logging_mixin.py:190} INFO - [2025-03-30T11:26:25.394+0000] {dag.py:3239} INFO - Sync 1 DAGs
[2025-03-30T11:26:25.405+0000] {logging_mixin.py:190} INFO - [2025-03-30T11:26:25.405+0000] {dag.py:4180} INFO - Setting next_dagrun for example_bash_operator to 2025-03-29 00:00:00+00:00, run_after=2025-03-30 00:00:00+00:00
[2025-03-30T11:26:25.414+0000] {processor.py:208} INFO - Processing /home/airflow/.local/lib/python3.12/site-packages/airflow/example_dags/example_bash_operator.py took 0.044 seconds
[2025-03-30T11:26:55.682+0000] {processor.py:186} INFO - Started process (PID=333) to work on /home/airflow/.local/lib/python3.12/site-packages/airflow/example_dags/example_bash_operator.py
[2025-03-30T11:26:55.683+0000] {processor.py:914} INFO - Processing file /home/airflow/.local/lib/python3.12/site-packages/airflow/example_dags/example_bash_operator.py for tasks to queue
[2025-03-30T11:26:55.684+0000] {logging_mixin.py:190} INFO - [2025-03-30T11:26:55.684+0000] {dagbag.py:588} INFO - Filling up the DagBag from /home/airflow/.local/lib/python3.12/site-packages/airflow/example_dags/example_bash_operator.py
[2025-03-30T11:26:55.690+0000] {processor.py:925} INFO - DAG(s) 'example_bash_operator' retrieved from /home/airflow/.local/lib/python3.12/site-packages/airflow/example_dags/example_bash_operator.py
[2025-03-30T11:26:55.705+0000] {logging_mixin.py:190} INFO - [2025-03-30T11:26:55.705+0000] {dag.py:3239} INFO - Sync 1 DAGs
[2025-03-30T11:26:55.713+0000] {logging_mixin.py:190} INFO - [2025-03-30T11:26:55.713+0000] {dag.py:4180} INFO - Setting next_dagrun for example_bash_operator to 2025-03-29 00:00:00+00:00, run_after=2025-03-30 00:00:00+00:00
[2025-03-30T11:26:55.719+0000] {processor.py:208} INFO - Processing /home/airflow/.local/lib/python3.12/site-packages/airflow/example_dags/example_bash_operator.py took 0.039 seconds
[2025-03-30T11:27:26.029+0000] {processor.py:186} INFO - Started process (PID=397) to work on /home/airflow/.local/lib/python3.12/site-packages/airflow/example_dags/example_bash_operator.py
[2025-03-30T11:27:26.029+0000] {processor.py:914} INFO - Processing file /home/airflow/.local/lib/python3.12/site-packages/airflow/example_dags/example_bash_operator.py for tasks to queue
[2025-03-30T11:27:26.030+0000] {logging_mixin.py:190} INFO - [2025-03-30T11:27:26.030+0000] {dagbag.py:588} INFO - Filling up the DagBag from /home/airflow/.local/lib/python3.12/site-packages/airflow/example_dags/example_bash_operator.py
[2025-03-30T11:27:26.037+0000] {processor.py:925} INFO - DAG(s) 'example_bash_operator' retrieved from /home/airflow/.local/lib/python3.12/site-packages/airflow/example_dags/example_bash_operator.py
[2025-03-30T11:27:26.047+0000] {logging_mixin.py:190} INFO - [2025-03-30T11:27:26.047+0000] {dag.py:3239} INFO - Sync 1 DAGs
[2025-03-30T11:27:26.056+0000] {logging_mixin.py:190} INFO - [2025-03-30T11:27:26.056+0000] {dag.py:4180} INFO - Setting next_dagrun for example_bash_operator to 2025-03-29 00:00:00+00:00, run_after=2025-03-30 00:00:00+00:00
[2025-03-30T11:27:26.067+0000] {processor.py:208} INFO - Processing /home/airflow/.local/lib/python3.12/site-packages/airflow/example_dags/example_bash_operator.py took 0.042 seconds
[2025-03-30T11:27:57.215+0000] {processor.py:186} INFO - Started process (PID=461) to work on /home/airflow/.local/lib/python3.12/site-packages/airflow/example_dags/example_bash_operator.py
[2025-03-30T11:27:57.217+0000] {processor.py:914} INFO - Processing file /home/airflow/.local/lib/python3.12/site-packages/airflow/example_dags/example_bash_operator.py for tasks to queue
[2025-03-30T11:27:57.219+0000] {logging_mixin.py:190} INFO - [2025-03-30T11:27:57.219+0000] {dagbag.py:588} INFO - Filling up the DagBag from /home/airflow/.local/lib/python3.12/site-packages/airflow/example_dags/example_bash_operator.py
[2025-03-30T11:27:57.225+0000] {processor.py:925} INFO - DAG(s) 'example_bash_operator' retrieved from /home/airflow/.local/lib/python3.12/site-packages/airflow/example_dags/example_bash_operator.py
[2025-03-30T11:27:57.233+0000] {logging_mixin.py:190} INFO - [2025-03-30T11:27:57.233+0000] {dag.py:3239} INFO - Sync 1 DAGs
[2025-03-30T11:27:57.243+0000] {logging_mixin.py:190} INFO - [2025-03-30T11:27:57.243+0000] {dag.py:4180} INFO - Setting next_dagrun for example_bash_operator to 2025-03-29 00:00:00+00:00, run_after=2025-03-30 00:00:00+00:00
[2025-03-30T11:27:57.254+0000] {processor.py:208} INFO - Processing /home/airflow/.local/lib/python3.12/site-packages/airflow/example_dags/example_bash_operator.py took 0.041 seconds
[2025-03-30T11:28:27.868+0000] {processor.py:186} INFO - Started process (PID=525) to work on /home/airflow/.local/lib/python3.12/site-packages/airflow/example_dags/example_bash_operator.py
[2025-03-30T11:28:27.869+0000] {processor.py:914} INFO - Processing file /home/airflow/.local/lib/python3.12/site-packages/airflow/example_dags/example_bash_operator.py for tasks to queue
[2025-03-30T11:28:27.870+0000] {logging_mixin.py:190} INFO - [2025-03-30T11:28:27.870+0000] {dagbag.py:588} INFO - Filling up the DagBag from /home/airflow/.local/lib/python3.12/site-packages/airflow/example_dags/example_bash_operator.py
[2025-03-30T11:28:27.875+0000] {processor.py:925} INFO - DAG(s) 'example_bash_operator' retrieved from /home/airflow/.local/lib/python3.12/site-packages/airflow/example_dags/example_bash_operator.py
[2025-03-30T11:28:27.886+0000] {logging_mixin.py:190} INFO - [2025-03-30T11:28:27.885+0000] {dag.py:3239} INFO - Sync 1 DAGs
[2025-03-30T11:28:27.893+0000] {logging_mixin.py:190} INFO - [2025-03-30T11:28:27.893+0000] {dag.py:4180} INFO - Setting next_dagrun for example_bash_operator to 2025-03-29 00:00:00+00:00, run_after=2025-03-30 00:00:00+00:00
[2025-03-30T11:28:27.902+0000] {processor.py:208} INFO - Processing /home/airflow/.local/lib/python3.12/site-packages/airflow/example_dags/example_bash_operator.py took 0.035 seconds
[2025-03-30T11:28:58.266+0000] {processor.py:186} INFO - Started process (PID=590) to work on /home/airflow/.local/lib/python3.12/site-packages/airflow/example_dags/example_bash_operator.py
[2025-03-30T11:28:58.267+0000] {processor.py:914} INFO - Processing file /home/airflow/.local/lib/python3.12/site-packages/airflow/example_dags/example_bash_operator.py for tasks to queue
[2025-03-30T11:28:58.269+0000] {logging_mixin.py:190} INFO - [2025-03-30T11:28:58.269+0000] {dagbag.py:588} INFO - Filling up the DagBag from /home/airflow/.local/lib/python3.12/site-packages/airflow/example_dags/example_bash_operator.py
[2025-03-30T11:28:58.277+0000] {processor.py:925} INFO - DAG(s) 'example_bash_operator' retrieved from /home/airflow/.local/lib/python3.12/site-packages/airflow/example_dags/example_bash_operator.py
[2025-03-30T11:28:58.290+0000] {logging_mixin.py:190} INFO - [2025-03-30T11:28:58.290+0000] {dag.py:3239} INFO - Sync 1 DAGs
[2025-03-30T11:28:58.304+0000] {logging_mixin.py:190} INFO - [2025-03-30T11:28:58.304+0000] {dag.py:4180} INFO - Setting next_dagrun for example_bash_operator to 2025-03-29 00:00:00+00:00, run_after=2025-03-30 00:00:00+00:00
[2025-03-30T11:28:58.313+0000] {processor.py:208} INFO - Processing /home/airflow/.local/lib/python3.12/site-packages/airflow/example_dags/example_bash_operator.py took 0.050 seconds
[2025-03-30T11:29:28.931+0000] {processor.py:186} INFO - Started process (PID=654) to work on /home/airflow/.local/lib/python3.12/site-packages/airflow/example_dags/example_bash_operator.py
[2025-03-30T11:29:28.934+0000] {processor.py:914} INFO - Processing file /home/airflow/.local/lib/python3.12/site-packages/airflow/example_dags/example_bash_operator.py for tasks to queue
[2025-03-30T11:29:28.935+0000] {logging_mixin.py:190} INFO - [2025-03-30T11:29:28.934+0000] {dagbag.py:588} INFO - Filling up the DagBag from /home/airflow/.local/lib/python3.12/site-packages/airflow/example_dags/example_bash_operator.py
[2025-03-30T11:29:28.939+0000] {processor.py:925} INFO - DAG(s) 'example_bash_operator' retrieved from /home/airflow/.local/lib/python3.12/site-packages/airflow/example_dags/example_bash_operator.py
[2025-03-30T11:29:28.948+0000] {logging_mixin.py:190} INFO - [2025-03-30T11:29:28.948+0000] {dag.py:3239} INFO - Sync 1 DAGs
[2025-03-30T11:29:28.955+0000] {logging_mixin.py:190} INFO - [2025-03-30T11:29:28.955+0000] {dag.py:4180} INFO - Setting next_dagrun for example_bash_operator to 2025-03-29 00:00:00+00:00, run_after=2025-03-30 00:00:00+00:00
[2025-03-30T11:29:28.962+0000] {processor.py:208} INFO - Processing /home/airflow/.local/lib/python3.12/site-packages/airflow/example_dags/example_bash_operator.py took 0.033 seconds
[2025-03-30T11:29:59.431+0000] {processor.py:186} INFO - Started process (PID=718) to work on /home/airflow/.local/lib/python3.12/site-packages/airflow/example_dags/example_bash_operator.py
[2025-03-30T11:29:59.431+0000] {processor.py:914} INFO - Processing file /home/airflow/.local/lib/python3.12/site-packages/airflow/example_dags/example_bash_operator.py for tasks to queue
[2025-03-30T11:29:59.432+0000] {logging_mixin.py:190} INFO - [2025-03-30T11:29:59.432+0000] {dagbag.py:588} INFO - Filling up the DagBag from /home/airflow/.local/lib/python3.12/site-packages/airflow/example_dags/example_bash_operator.py
[2025-03-30T11:29:59.437+0000] {processor.py:925} INFO - DAG(s) 'example_bash_operator' retrieved from /home/airflow/.local/lib/python3.12/site-packages/airflow/example_dags/example_bash_operator.py
[2025-03-30T11:29:59.449+0000] {logging_mixin.py:190} INFO - [2025-03-30T11:29:59.449+0000] {dag.py:3239} INFO - Sync 1 DAGs
[2025-03-30T11:29:59.458+0000] {logging_mixin.py:190} INFO - [2025-03-30T11:29:59.458+0000] {dag.py:4180} INFO - Setting next_dagrun for example_bash_operator to 2025-03-29 00:00:00+00:00, run_after=2025-03-30 00:00:00+00:00
[2025-03-30T11:29:59.466+0000] {processor.py:208} INFO - Processing /home/airflow/.local/lib/python3.12/site-packages/airflow/example_dags/example_bash_operator.py took 0.037 seconds
[2025-03-30T11:30:30.694+0000] {processor.py:186} INFO - Started process (PID=782) to work on /home/airflow/.local/lib/python3.12/site-packages/airflow/example_dags/example_bash_operator.py
[2025-03-30T11:30:30.695+0000] {processor.py:914} INFO - Processing file /home/airflow/.local/lib/python3.12/site-packages/airflow/example_dags/example_bash_operator.py for tasks to queue
[2025-03-30T11:30:30.696+0000] {logging_mixin.py:190} INFO - [2025-03-30T11:30:30.696+0000] {dagbag.py:588} INFO - Filling up the DagBag from /home/airflow/.local/lib/python3.12/site-packages/airflow/example_dags/example_bash_operator.py
[2025-03-30T11:30:30.701+0000] {processor.py:925} INFO - DAG(s) 'example_bash_operator' retrieved from /home/airflow/.local/lib/python3.12/site-packages/airflow/example_dags/example_bash_operator.py
[2025-03-30T11:30:30.711+0000] {logging_mixin.py:190} INFO - [2025-03-30T11:30:30.711+0000] {dag.py:3239} INFO - Sync 1 DAGs
[2025-03-30T11:30:30.720+0000] {logging_mixin.py:190} INFO - [2025-03-30T11:30:30.719+0000] {dag.py:4180} INFO - Setting next_dagrun for example_bash_operator to 2025-03-29 00:00:00+00:00, run_after=2025-03-30 00:00:00+00:00
[2025-03-30T11:30:30.726+0000] {processor.py:208} INFO - Processing /home/airflow/.local/lib/python3.12/site-packages/airflow/example_dags/example_bash_operator.py took 0.034 seconds
[2025-03-30T11:31:01.913+0000] {processor.py:186} INFO - Started process (PID=846) to work on /home/airflow/.local/lib/python3.12/site-packages/airflow/example_dags/example_bash_operator.py
[2025-03-30T11:31:01.914+0000] {processor.py:914} INFO - Processing file /home/airflow/.local/lib/python3.12/site-packages/airflow/example_dags/example_bash_operator.py for tasks to queue
[2025-03-30T11:31:01.915+0000] {logging_mixin.py:190} INFO - [2025-03-30T11:31:01.915+0000] {dagbag.py:588} INFO - Filling up the DagBag from /home/airflow/.local/lib/python3.12/site-packages/airflow/example_dags/example_bash_operator.py
[2025-03-30T11:31:01.920+0000] {processor.py:925} INFO - DAG(s) 'example_bash_operator' retrieved from /home/airflow/.local/lib/python3.12/site-packages/airflow/example_dags/example_bash_operator.py
[2025-03-30T11:31:01.931+0000] {logging_mixin.py:190} INFO - [2025-03-30T11:31:01.931+0000] {dag.py:3239} INFO - Sync 1 DAGs
[2025-03-30T11:31:01.939+0000] {logging_mixin.py:190} INFO - [2025-03-30T11:31:01.939+0000] {dag.py:4180} INFO - Setting next_dagrun for example_bash_operator to 2025-03-29 00:00:00+00:00, run_after=2025-03-30 00:00:00+00:00
[2025-03-30T11:31:01.949+0000] {processor.py:208} INFO - Processing /home/airflow/.local/lib/python3.12/site-packages/airflow/example_dags/example_bash_operator.py took 0.038 seconds
[2025-03-30T11:31:32.201+0000] {processor.py:186} INFO - Started process (PID=910) to work on /home/airflow/.local/lib/python3.12/site-packages/airflow/example_dags/example_bash_operator.py
[2025-03-30T11:31:32.202+0000] {processor.py:914} INFO - Processing file /home/airflow/.local/lib/python3.12/site-packages/airflow/example_dags/example_bash_operator.py for tasks to queue
[2025-03-30T11:31:32.203+0000] {logging_mixin.py:190} INFO - [2025-03-30T11:31:32.203+0000] {dagbag.py:588} INFO - Filling up the DagBag from /home/airflow/.local/lib/python3.12/site-packages/airflow/example_dags/example_bash_operator.py
[2025-03-30T11:31:32.209+0000] {processor.py:925} INFO - DAG(s) 'example_bash_operator' retrieved from /home/airflow/.local/lib/python3.12/site-packages/airflow/example_dags/example_bash_operator.py
[2025-03-30T11:31:32.219+0000] {logging_mixin.py:190} INFO - [2025-03-30T11:31:32.219+0000] {dag.py:3239} INFO - Sync 1 DAGs
[2025-03-30T11:31:32.228+0000] {logging_mixin.py:190} INFO - [2025-03-30T11:31:32.228+0000] {dag.py:4180} INFO - Setting next_dagrun for example_bash_operator to 2025-03-29 00:00:00+00:00, run_after=2025-03-30 00:00:00+00:00
[2025-03-30T11:31:32.234+0000] {processor.py:208} INFO - Processing /home/airflow/.local/lib/python3.12/site-packages/airflow/example_dags/example_bash_operator.py took 0.036 seconds
[2025-03-30T11:32:03.424+0000] {processor.py:186} INFO - Started process (PID=973) to work on /home/airflow/.local/lib/python3.12/site-packages/airflow/example_dags/example_bash_operator.py
[2025-03-30T11:32:03.424+0000] {processor.py:914} INFO - Processing file /home/airflow/.local/lib/python3.12/site-packages/airflow/example_dags/example_bash_operator.py for tasks to queue
[2025-03-30T11:32:03.425+0000] {logging_mixin.py:190} INFO - [2025-03-30T11:32:03.425+0000] {dagbag.py:588} INFO - Filling up the DagBag from /home/airflow/.local/lib/python3.12/site-packages/airflow/example_dags/example_bash_operator.py
[2025-03-30T11:32:03.430+0000] {processor.py:925} INFO - DAG(s) 'example_bash_operator' retrieved from /home/airflow/.local/lib/python3.12/site-packages/airflow/example_dags/example_bash_operator.py
[2025-03-30T11:32:03.440+0000] {logging_mixin.py:190} INFO - [2025-03-30T11:32:03.440+0000] {dag.py:3239} INFO - Sync 1 DAGs
[2025-03-30T11:32:03.450+0000] {logging_mixin.py:190} INFO - [2025-03-30T11:32:03.449+0000] {dag.py:4180} INFO - Setting next_dagrun for example_bash_operator to 2025-03-29 00:00:00+00:00, run_after=2025-03-30 00:00:00+00:00
[2025-03-30T11:32:03.459+0000] {processor.py:208} INFO - Processing /home/airflow/.local/lib/python3.12/site-packages/airflow/example_dags/example_bash_operator.py took 0.037 seconds
[2025-03-30T11:32:34.659+0000] {processor.py:186} INFO - Started process (PID=1037) to work on /home/airflow/.local/lib/python3.12/site-packages/airflow/example_dags/example_bash_operator.py
[2025-03-30T11:32:34.660+0000] {processor.py:914} INFO - Processing file /home/airflow/.local/lib/python3.12/site-packages/airflow/example_dags/example_bash_operator.py for tasks to queue
[2025-03-30T11:32:34.662+0000] {logging_mixin.py:190} INFO - [2025-03-30T11:32:34.661+0000] {dagbag.py:588} INFO - Filling up the DagBag from /home/airflow/.local/lib/python3.12/site-packages/airflow/example_dags/example_bash_operator.py
[2025-03-30T11:32:34.666+0000] {processor.py:925} INFO - DAG(s) 'example_bash_operator' retrieved from /home/airflow/.local/lib/python3.12/site-packages/airflow/example_dags/example_bash_operator.py
[2025-03-30T11:32:34.675+0000] {logging_mixin.py:190} INFO - [2025-03-30T11:32:34.675+0000] {dag.py:3239} INFO - Sync 1 DAGs
[2025-03-30T11:32:34.682+0000] {logging_mixin.py:190} INFO - [2025-03-30T11:32:34.682+0000] {dag.py:4180} INFO - Setting next_dagrun for example_bash_operator to 2025-03-29 00:00:00+00:00, run_after=2025-03-30 00:00:00+00:00
[2025-03-30T11:32:34.687+0000] {processor.py:208} INFO - Processing /home/airflow/.local/lib/python3.12/site-packages/airflow/example_dags/example_bash_operator.py took 0.031 seconds
[2025-03-30T11:33:05.821+0000] {processor.py:186} INFO - Started process (PID=1101) to work on /home/airflow/.local/lib/python3.12/site-packages/airflow/example_dags/example_bash_operator.py
[2025-03-30T11:33:05.822+0000] {processor.py:914} INFO - Processing file /home/airflow/.local/lib/python3.12/site-packages/airflow/example_dags/example_bash_operator.py for tasks to queue
[2025-03-30T11:33:05.823+0000] {logging_mixin.py:190} INFO - [2025-03-30T11:33:05.822+0000] {dagbag.py:588} INFO - Filling up the DagBag from /home/airflow/.local/lib/python3.12/site-packages/airflow/example_dags/example_bash_operator.py
[2025-03-30T11:33:05.827+0000] {processor.py:925} INFO - DAG(s) 'example_bash_operator' retrieved from /home/airflow/.local/lib/python3.12/site-packages/airflow/example_dags/example_bash_operator.py
[2025-03-30T11:33:05.836+0000] {logging_mixin.py:190} INFO - [2025-03-30T11:33:05.836+0000] {dag.py:3239} INFO - Sync 1 DAGs
[2025-03-30T11:33:05.843+0000] {logging_mixin.py:190} INFO - [2025-03-30T11:33:05.843+0000] {dag.py:4180} INFO - Setting next_dagrun for example_bash_operator to 2025-03-29 00:00:00+00:00, run_after=2025-03-30 00:00:00+00:00
[2025-03-30T11:33:05.848+0000] {processor.py:208} INFO - Processing /home/airflow/.local/lib/python3.12/site-packages/airflow/example_dags/example_bash_operator.py took 0.030 seconds
[2025-03-30T11:33:37.002+0000] {processor.py:186} INFO - Started process (PID=1165) to work on /home/airflow/.local/lib/python3.12/site-packages/airflow/example_dags/example_bash_operator.py
[2025-03-30T11:33:37.003+0000] {processor.py:914} INFO - Processing file /home/airflow/.local/lib/python3.12/site-packages/airflow/example_dags/example_bash_operator.py for tasks to queue
[2025-03-30T11:33:37.004+0000] {logging_mixin.py:190} INFO - [2025-03-30T11:33:37.003+0000] {dagbag.py:588} INFO - Filling up the DagBag from /home/airflow/.local/lib/python3.12/site-packages/airflow/example_dags/example_bash_operator.py
[2025-03-30T11:33:37.008+0000] {processor.py:925} INFO - DAG(s) 'example_bash_operator' retrieved from /home/airflow/.local/lib/python3.12/site-packages/airflow/example_dags/example_bash_operator.py
[2025-03-30T11:33:37.017+0000] {logging_mixin.py:190} INFO - [2025-03-30T11:33:37.017+0000] {dag.py:3239} INFO - Sync 1 DAGs
[2025-03-30T11:33:37.025+0000] {logging_mixin.py:190} INFO - [2025-03-30T11:33:37.025+0000] {dag.py:4180} INFO - Setting next_dagrun for example_bash_operator to 2025-03-29 00:00:00+00:00, run_after=2025-03-30 00:00:00+00:00
[2025-03-30T11:33:37.032+0000] {processor.py:208} INFO - Processing /home/airflow/.local/lib/python3.12/site-packages/airflow/example_dags/example_bash_operator.py took 0.032 seconds
[2025-03-30T11:34:08.254+0000] {processor.py:186} INFO - Started process (PID=1229) to work on /home/airflow/.local/lib/python3.12/site-packages/airflow/example_dags/example_bash_operator.py
[2025-03-30T11:34:08.255+0000] {processor.py:914} INFO - Processing file /home/airflow/.local/lib/python3.12/site-packages/airflow/example_dags/example_bash_operator.py for tasks to queue
[2025-03-30T11:34:08.256+0000] {logging_mixin.py:190} INFO - [2025-03-30T11:34:08.255+0000] {dagbag.py:588} INFO - Filling up the DagBag from /home/airflow/.local/lib/python3.12/site-packages/airflow/example_dags/example_bash_operator.py
[2025-03-30T11:34:08.260+0000] {processor.py:925} INFO - DAG(s) 'example_bash_operator' retrieved from /home/airflow/.local/lib/python3.12/site-packages/airflow/example_dags/example_bash_operator.py
[2025-03-30T11:34:08.271+0000] {logging_mixin.py:190} INFO - [2025-03-30T11:34:08.271+0000] {dag.py:3239} INFO - Sync 1 DAGs
[2025-03-30T11:34:08.281+0000] {logging_mixin.py:190} INFO - [2025-03-30T11:34:08.281+0000] {dag.py:4180} INFO - Setting next_dagrun for example_bash_operator to 2025-03-29 00:00:00+00:00, run_after=2025-03-30 00:00:00+00:00
[2025-03-30T11:34:08.288+0000] {processor.py:208} INFO - Processing /home/airflow/.local/lib/python3.12/site-packages/airflow/example_dags/example_bash_operator.py took 0.036 seconds
[2025-03-30T11:34:39.598+0000] {processor.py:186} INFO - Started process (PID=1293) to work on /home/airflow/.local/lib/python3.12/site-packages/airflow/example_dags/example_bash_operator.py
[2025-03-30T11:34:39.599+0000] {processor.py:914} INFO - Processing file /home/airflow/.local/lib/python3.12/site-packages/airflow/example_dags/example_bash_operator.py for tasks to queue
[2025-03-30T11:34:39.600+0000] {logging_mixin.py:190} INFO - [2025-03-30T11:34:39.600+0000] {dagbag.py:588} INFO - Filling up the DagBag from /home/airflow/.local/lib/python3.12/site-packages/airflow/example_dags/example_bash_operator.py
[2025-03-30T11:34:39.610+0000] {processor.py:925} INFO - DAG(s) 'example_bash_operator' retrieved from /home/airflow/.local/lib/python3.12/site-packages/airflow/example_dags/example_bash_operator.py
[2025-03-30T11:34:39.639+0000] {logging_mixin.py:190} INFO - [2025-03-30T11:34:39.639+0000] {dag.py:3239} INFO - Sync 1 DAGs
[2025-03-30T11:34:39.651+0000] {logging_mixin.py:190} INFO - [2025-03-30T11:34:39.651+0000] {dag.py:4180} INFO - Setting next_dagrun for example_bash_operator to 2025-03-29 00:00:00+00:00, run_after=2025-03-30 00:00:00+00:00
[2025-03-30T11:34:39.663+0000] {processor.py:208} INFO - Processing /home/airflow/.local/lib/python3.12/site-packages/airflow/example_dags/example_bash_operator.py took 0.070 seconds
[2025-03-30T11:35:10.182+0000] {processor.py:186} INFO - Started process (PID=1357) to work on /home/airflow/.local/lib/python3.12/site-packages/airflow/example_dags/example_bash_operator.py
[2025-03-30T11:35:10.182+0000] {processor.py:914} INFO - Processing file /home/airflow/.local/lib/python3.12/site-packages/airflow/example_dags/example_bash_operator.py for tasks to queue
[2025-03-30T11:35:10.183+0000] {logging_mixin.py:190} INFO - [2025-03-30T11:35:10.183+0000] {dagbag.py:588} INFO - Filling up the DagBag from /home/airflow/.local/lib/python3.12/site-packages/airflow/example_dags/example_bash_operator.py
[2025-03-30T11:35:10.189+0000] {processor.py:925} INFO - DAG(s) 'example_bash_operator' retrieved from /home/airflow/.local/lib/python3.12/site-packages/airflow/example_dags/example_bash_operator.py
[2025-03-30T11:35:10.198+0000] {logging_mixin.py:190} INFO - [2025-03-30T11:35:10.198+0000] {dag.py:3239} INFO - Sync 1 DAGs
[2025-03-30T11:35:10.207+0000] {logging_mixin.py:190} INFO - [2025-03-30T11:35:10.207+0000] {dag.py:4180} INFO - Setting next_dagrun for example_bash_operator to 2025-03-29 00:00:00+00:00, run_after=2025-03-30 00:00:00+00:00
[2025-03-30T11:35:10.213+0000] {processor.py:208} INFO - Processing /home/airflow/.local/lib/python3.12/site-packages/airflow/example_dags/example_bash_operator.py took 0.033 seconds
[2025-03-30T11:35:40.543+0000] {processor.py:186} INFO - Started process (PID=1421) to work on /home/airflow/.local/lib/python3.12/site-packages/airflow/example_dags/example_bash_operator.py
[2025-03-30T11:35:40.543+0000] {processor.py:914} INFO - Processing file /home/airflow/.local/lib/python3.12/site-packages/airflow/example_dags/example_bash_operator.py for tasks to queue
[2025-03-30T11:35:40.544+0000] {logging_mixin.py:190} INFO - [2025-03-30T11:35:40.544+0000] {dagbag.py:588} INFO - Filling up the DagBag from /home/airflow/.local/lib/python3.12/site-packages/airflow/example_dags/example_bash_operator.py
[2025-03-30T11:35:40.549+0000] {processor.py:925} INFO - DAG(s) 'example_bash_operator' retrieved from /home/airflow/.local/lib/python3.12/site-packages/airflow/example_dags/example_bash_operator.py
[2025-03-30T11:35:40.558+0000] {logging_mixin.py:190} INFO - [2025-03-30T11:35:40.558+0000] {dag.py:3239} INFO - Sync 1 DAGs
[2025-03-30T11:35:40.565+0000] {logging_mixin.py:190} INFO - [2025-03-30T11:35:40.565+0000] {dag.py:4180} INFO - Setting next_dagrun for example_bash_operator to 2025-03-29 00:00:00+00:00, run_after=2025-03-30 00:00:00+00:00
[2025-03-30T11:35:40.583+0000] {processor.py:208} INFO - Processing /home/airflow/.local/lib/python3.12/site-packages/airflow/example_dags/example_bash_operator.py took 0.042 seconds
[2025-03-30T11:36:11.971+0000] {processor.py:186} INFO - Started process (PID=1485) to work on /home/airflow/.local/lib/python3.12/site-packages/airflow/example_dags/example_bash_operator.py
[2025-03-30T11:36:11.971+0000] {processor.py:914} INFO - Processing file /home/airflow/.local/lib/python3.12/site-packages/airflow/example_dags/example_bash_operator.py for tasks to queue
[2025-03-30T11:36:11.972+0000] {logging_mixin.py:190} INFO - [2025-03-30T11:36:11.972+0000] {dagbag.py:588} INFO - Filling up the DagBag from /home/airflow/.local/lib/python3.12/site-packages/airflow/example_dags/example_bash_operator.py
[2025-03-30T11:36:11.977+0000] {processor.py:925} INFO - DAG(s) 'example_bash_operator' retrieved from /home/airflow/.local/lib/python3.12/site-packages/airflow/example_dags/example_bash_operator.py
[2025-03-30T11:36:11.988+0000] {logging_mixin.py:190} INFO - [2025-03-30T11:36:11.987+0000] {dag.py:3239} INFO - Sync 1 DAGs
[2025-03-30T11:36:11.996+0000] {logging_mixin.py:190} INFO - [2025-03-30T11:36:11.996+0000] {dag.py:4180} INFO - Setting next_dagrun for example_bash_operator to 2025-03-29 00:00:00+00:00, run_after=2025-03-30 00:00:00+00:00
[2025-03-30T11:36:12.003+0000] {processor.py:208} INFO - Processing /home/airflow/.local/lib/python3.12/site-packages/airflow/example_dags/example_bash_operator.py took 0.035 seconds
[2025-03-30T11:36:42.330+0000] {processor.py:186} INFO - Started process (PID=1549) to work on /home/airflow/.local/lib/python3.12/site-packages/airflow/example_dags/example_bash_operator.py
[2025-03-30T11:36:42.330+0000] {processor.py:914} INFO - Processing file /home/airflow/.local/lib/python3.12/site-packages/airflow/example_dags/example_bash_operator.py for tasks to queue
[2025-03-30T11:36:42.331+0000] {logging_mixin.py:190} INFO - [2025-03-30T11:36:42.331+0000] {dagbag.py:588} INFO - Filling up the DagBag from /home/airflow/.local/lib/python3.12/site-packages/airflow/example_dags/example_bash_operator.py
[2025-03-30T11:36:42.337+0000] {processor.py:925} INFO - DAG(s) 'example_bash_operator' retrieved from /home/airflow/.local/lib/python3.12/site-packages/airflow/example_dags/example_bash_operator.py
[2025-03-30T11:36:42.349+0000] {logging_mixin.py:190} INFO - [2025-03-30T11:36:42.349+0000] {dag.py:3239} INFO - Sync 1 DAGs
[2025-03-30T11:36:42.359+0000] {logging_mixin.py:190} INFO - [2025-03-30T11:36:42.359+0000] {dag.py:4180} INFO - Setting next_dagrun for example_bash_operator to 2025-03-29 00:00:00+00:00, run_after=2025-03-30 00:00:00+00:00
[2025-03-30T11:36:42.364+0000] {processor.py:208} INFO - Processing /home/airflow/.local/lib/python3.12/site-packages/airflow/example_dags/example_bash_operator.py took 0.036 seconds
[2025-03-30T11:37:13.501+0000] {processor.py:186} INFO - Started process (PID=1613) to work on /home/airflow/.local/lib/python3.12/site-packages/airflow/example_dags/example_bash_operator.py
[2025-03-30T11:37:13.503+0000] {processor.py:914} INFO - Processing file /home/airflow/.local/lib/python3.12/site-packages/airflow/example_dags/example_bash_operator.py for tasks to queue
[2025-03-30T11:37:13.504+0000] {logging_mixin.py:190} INFO - [2025-03-30T11:37:13.504+0000] {dagbag.py:588} INFO - Filling up the DagBag from /home/airflow/.local/lib/python3.12/site-packages/airflow/example_dags/example_bash_operator.py
[2025-03-30T11:37:13.510+0000] {processor.py:925} INFO - DAG(s) 'example_bash_operator' retrieved from /home/airflow/.local/lib/python3.12/site-packages/airflow/example_dags/example_bash_operator.py
[2025-03-30T11:37:13.519+0000] {logging_mixin.py:190} INFO - [2025-03-30T11:37:13.519+0000] {dag.py:3239} INFO - Sync 1 DAGs
[2025-03-30T11:37:13.527+0000] {logging_mixin.py:190} INFO - [2025-03-30T11:37:13.527+0000] {dag.py:4180} INFO - Setting next_dagrun for example_bash_operator to 2025-03-29 00:00:00+00:00, run_after=2025-03-30 00:00:00+00:00
[2025-03-30T11:37:13.539+0000] {processor.py:208} INFO - Processing /home/airflow/.local/lib/python3.12/site-packages/airflow/example_dags/example_bash_operator.py took 0.041 seconds
[2025-03-30T11:37:44.729+0000] {processor.py:186} INFO - Started process (PID=1677) to work on /home/airflow/.local/lib/python3.12/site-packages/airflow/example_dags/example_bash_operator.py
[2025-03-30T11:37:44.730+0000] {processor.py:914} INFO - Processing file /home/airflow/.local/lib/python3.12/site-packages/airflow/example_dags/example_bash_operator.py for tasks to queue
[2025-03-30T11:37:44.731+0000] {logging_mixin.py:190} INFO - [2025-03-30T11:37:44.731+0000] {dagbag.py:588} INFO - Filling up the DagBag from /home/airflow/.local/lib/python3.12/site-packages/airflow/example_dags/example_bash_operator.py
[2025-03-30T11:37:44.737+0000] {processor.py:925} INFO - DAG(s) 'example_bash_operator' retrieved from /home/airflow/.local/lib/python3.12/site-packages/airflow/example_dags/example_bash_operator.py
[2025-03-30T11:37:44.750+0000] {logging_mixin.py:190} INFO - [2025-03-30T11:37:44.750+0000] {dag.py:3239} INFO - Sync 1 DAGs
[2025-03-30T11:37:44.758+0000] {logging_mixin.py:190} INFO - [2025-03-30T11:37:44.758+0000] {dag.py:4180} INFO - Setting next_dagrun for example_bash_operator to 2025-03-29 00:00:00+00:00, run_after=2025-03-30 00:00:00+00:00
[2025-03-30T11:37:44.767+0000] {processor.py:208} INFO - Processing /home/airflow/.local/lib/python3.12/site-packages/airflow/example_dags/example_bash_operator.py took 0.040 seconds
[2025-03-30T11:38:16.187+0000] {processor.py:186} INFO - Started process (PID=1741) to work on /home/airflow/.local/lib/python3.12/site-packages/airflow/example_dags/example_bash_operator.py
[2025-03-30T11:38:16.187+0000] {processor.py:914} INFO - Processing file /home/airflow/.local/lib/python3.12/site-packages/airflow/example_dags/example_bash_operator.py for tasks to queue
[2025-03-30T11:38:16.188+0000] {logging_mixin.py:190} INFO - [2025-03-30T11:38:16.188+0000] {dagbag.py:588} INFO - Filling up the DagBag from /home/airflow/.local/lib/python3.12/site-packages/airflow/example_dags/example_bash_operator.py
[2025-03-30T11:38:16.193+0000] {processor.py:925} INFO - DAG(s) 'example_bash_operator' retrieved from /home/airflow/.local/lib/python3.12/site-packages/airflow/example_dags/example_bash_operator.py
[2025-03-30T11:38:16.207+0000] {logging_mixin.py:190} INFO - [2025-03-30T11:38:16.207+0000] {dag.py:3239} INFO - Sync 1 DAGs
[2025-03-30T11:38:16.218+0000] {logging_mixin.py:190} INFO - [2025-03-30T11:38:16.217+0000] {dag.py:4180} INFO - Setting next_dagrun for example_bash_operator to 2025-03-29 00:00:00+00:00, run_after=2025-03-30 00:00:00+00:00
[2025-03-30T11:38:16.225+0000] {processor.py:208} INFO - Processing /home/airflow/.local/lib/python3.12/site-packages/airflow/example_dags/example_bash_operator.py took 0.041 seconds
[2025-03-30T11:38:46.344+0000] {processor.py:186} INFO - Started process (PID=1805) to work on /home/airflow/.local/lib/python3.12/site-packages/airflow/example_dags/example_bash_operator.py
[2025-03-30T11:38:46.344+0000] {processor.py:914} INFO - Processing file /home/airflow/.local/lib/python3.12/site-packages/airflow/example_dags/example_bash_operator.py for tasks to queue
[2025-03-30T11:38:46.345+0000] {logging_mixin.py:190} INFO - [2025-03-30T11:38:46.345+0000] {dagbag.py:588} INFO - Filling up the DagBag from /home/airflow/.local/lib/python3.12/site-packages/airflow/example_dags/example_bash_operator.py
[2025-03-30T11:38:46.350+0000] {processor.py:925} INFO - DAG(s) 'example_bash_operator' retrieved from /home/airflow/.local/lib/python3.12/site-packages/airflow/example_dags/example_bash_operator.py
[2025-03-30T11:38:46.359+0000] {logging_mixin.py:190} INFO - [2025-03-30T11:38:46.359+0000] {dag.py:3239} INFO - Sync 1 DAGs
[2025-03-30T11:38:46.368+0000] {logging_mixin.py:190} INFO - [2025-03-30T11:38:46.368+0000] {dag.py:4180} INFO - Setting next_dagrun for example_bash_operator to 2025-03-29 00:00:00+00:00, run_after=2025-03-30 00:00:00+00:00
[2025-03-30T11:38:46.383+0000] {processor.py:208} INFO - Processing /home/airflow/.local/lib/python3.12/site-packages/airflow/example_dags/example_bash_operator.py took 0.041 seconds
[2025-03-30T11:39:17.524+0000] {processor.py:186} INFO - Started process (PID=1869) to work on /home/airflow/.local/lib/python3.12/site-packages/airflow/example_dags/example_bash_operator.py
[2025-03-30T11:39:17.524+0000] {processor.py:914} INFO - Processing file /home/airflow/.local/lib/python3.12/site-packages/airflow/example_dags/example_bash_operator.py for tasks to queue
[2025-03-30T11:39:17.526+0000] {logging_mixin.py:190} INFO - [2025-03-30T11:39:17.526+0000] {dagbag.py:588} INFO - Filling up the DagBag from /home/airflow/.local/lib/python3.12/site-packages/airflow/example_dags/example_bash_operator.py
[2025-03-30T11:39:17.531+0000] {processor.py:925} INFO - DAG(s) 'example_bash_operator' retrieved from /home/airflow/.local/lib/python3.12/site-packages/airflow/example_dags/example_bash_operator.py
[2025-03-30T11:39:17.544+0000] {logging_mixin.py:190} INFO - [2025-03-30T11:39:17.544+0000] {dag.py:3239} INFO - Sync 1 DAGs
[2025-03-30T11:39:17.553+0000] {logging_mixin.py:190} INFO - [2025-03-30T11:39:17.553+0000] {dag.py:4180} INFO - Setting next_dagrun for example_bash_operator to 2025-03-29 00:00:00+00:00, run_after=2025-03-30 00:00:00+00:00
[2025-03-30T11:39:17.563+0000] {processor.py:208} INFO - Processing /home/airflow/.local/lib/python3.12/site-packages/airflow/example_dags/example_bash_operator.py took 0.042 seconds
[2025-03-30T11:39:48.698+0000] {processor.py:186} INFO - Started process (PID=1933) to work on /home/airflow/.local/lib/python3.12/site-packages/airflow/example_dags/example_bash_operator.py
[2025-03-30T11:39:48.699+0000] {processor.py:914} INFO - Processing file /home/airflow/.local/lib/python3.12/site-packages/airflow/example_dags/example_bash_operator.py for tasks to queue
[2025-03-30T11:39:48.700+0000] {logging_mixin.py:190} INFO - [2025-03-30T11:39:48.700+0000] {dagbag.py:588} INFO - Filling up the DagBag from /home/airflow/.local/lib/python3.12/site-packages/airflow/example_dags/example_bash_operator.py
[2025-03-30T11:39:48.707+0000] {processor.py:925} INFO - DAG(s) 'example_bash_operator' retrieved from /home/airflow/.local/lib/python3.12/site-packages/airflow/example_dags/example_bash_operator.py
[2025-03-30T11:39:48.715+0000] {logging_mixin.py:190} INFO - [2025-03-30T11:39:48.715+0000] {dag.py:3239} INFO - Sync 1 DAGs
[2025-03-30T11:39:48.723+0000] {logging_mixin.py:190} INFO - [2025-03-30T11:39:48.723+0000] {dag.py:4180} INFO - Setting next_dagrun for example_bash_operator to 2025-03-29 00:00:00+00:00, run_after=2025-03-30 00:00:00+00:00
[2025-03-30T11:39:48.731+0000] {processor.py:208} INFO - Processing /home/airflow/.local/lib/python3.12/site-packages/airflow/example_dags/example_bash_operator.py took 0.034 seconds
[2025-03-30T11:40:19.881+0000] {processor.py:186} INFO - Started process (PID=1997) to work on /home/airflow/.local/lib/python3.12/site-packages/airflow/example_dags/example_bash_operator.py
[2025-03-30T11:40:19.882+0000] {processor.py:914} INFO - Processing file /home/airflow/.local/lib/python3.12/site-packages/airflow/example_dags/example_bash_operator.py for tasks to queue
[2025-03-30T11:40:19.883+0000] {logging_mixin.py:190} INFO - [2025-03-30T11:40:19.883+0000] {dagbag.py:588} INFO - Filling up the DagBag from /home/airflow/.local/lib/python3.12/site-packages/airflow/example_dags/example_bash_operator.py
[2025-03-30T11:40:19.888+0000] {processor.py:925} INFO - DAG(s) 'example_bash_operator' retrieved from /home/airflow/.local/lib/python3.12/site-packages/airflow/example_dags/example_bash_operator.py
[2025-03-30T11:40:19.898+0000] {logging_mixin.py:190} INFO - [2025-03-30T11:40:19.898+0000] {dag.py:3239} INFO - Sync 1 DAGs
[2025-03-30T11:40:19.907+0000] {logging_mixin.py:190} INFO - [2025-03-30T11:40:19.907+0000] {dag.py:4180} INFO - Setting next_dagrun for example_bash_operator to 2025-03-29 00:00:00+00:00, run_after=2025-03-30 00:00:00+00:00
[2025-03-30T11:40:19.914+0000] {processor.py:208} INFO - Processing /home/airflow/.local/lib/python3.12/site-packages/airflow/example_dags/example_bash_operator.py took 0.035 seconds
[2025-03-30T11:40:51.249+0000] {processor.py:186} INFO - Started process (PID=2061) to work on /home/airflow/.local/lib/python3.12/site-packages/airflow/example_dags/example_bash_operator.py
[2025-03-30T11:40:51.250+0000] {processor.py:914} INFO - Processing file /home/airflow/.local/lib/python3.12/site-packages/airflow/example_dags/example_bash_operator.py for tasks to queue
[2025-03-30T11:40:51.254+0000] {logging_mixin.py:190} INFO - [2025-03-30T11:40:51.254+0000] {dagbag.py:588} INFO - Filling up the DagBag from /home/airflow/.local/lib/python3.12/site-packages/airflow/example_dags/example_bash_operator.py
[2025-03-30T11:40:51.259+0000] {processor.py:925} INFO - DAG(s) 'example_bash_operator' retrieved from /home/airflow/.local/lib/python3.12/site-packages/airflow/example_dags/example_bash_operator.py
[2025-03-30T11:40:51.269+0000] {logging_mixin.py:190} INFO - [2025-03-30T11:40:51.269+0000] {dag.py:3239} INFO - Sync 1 DAGs
[2025-03-30T11:40:51.278+0000] {logging_mixin.py:190} INFO - [2025-03-30T11:40:51.278+0000] {dag.py:4180} INFO - Setting next_dagrun for example_bash_operator to 2025-03-29 00:00:00+00:00, run_after=2025-03-30 00:00:00+00:00
[2025-03-30T11:40:51.283+0000] {processor.py:208} INFO - Processing /home/airflow/.local/lib/python3.12/site-packages/airflow/example_dags/example_bash_operator.py took 0.036 seconds
[2025-03-30T11:41:22.397+0000] {processor.py:186} INFO - Started process (PID=2125) to work on /home/airflow/.local/lib/python3.12/site-packages/airflow/example_dags/example_bash_operator.py
[2025-03-30T11:41:22.398+0000] {processor.py:914} INFO - Processing file /home/airflow/.local/lib/python3.12/site-packages/airflow/example_dags/example_bash_operator.py for tasks to queue
[2025-03-30T11:41:22.398+0000] {logging_mixin.py:190} INFO - [2025-03-30T11:41:22.398+0000] {dagbag.py:588} INFO - Filling up the DagBag from /home/airflow/.local/lib/python3.12/site-packages/airflow/example_dags/example_bash_operator.py
[2025-03-30T11:41:22.403+0000] {processor.py:925} INFO - DAG(s) 'example_bash_operator' retrieved from /home/airflow/.local/lib/python3.12/site-packages/airflow/example_dags/example_bash_operator.py
[2025-03-30T11:41:22.416+0000] {logging_mixin.py:190} INFO - [2025-03-30T11:41:22.416+0000] {dag.py:3239} INFO - Sync 1 DAGs
[2025-03-30T11:41:22.427+0000] {logging_mixin.py:190} INFO - [2025-03-30T11:41:22.427+0000] {dag.py:4180} INFO - Setting next_dagrun for example_bash_operator to 2025-03-29 00:00:00+00:00, run_after=2025-03-30 00:00:00+00:00
[2025-03-30T11:41:22.435+0000] {processor.py:208} INFO - Processing /home/airflow/.local/lib/python3.12/site-packages/airflow/example_dags/example_bash_operator.py took 0.040 seconds
[2025-03-30T11:41:53.535+0000] {processor.py:186} INFO - Started process (PID=2189) to work on /home/airflow/.local/lib/python3.12/site-packages/airflow/example_dags/example_bash_operator.py
[2025-03-30T11:41:53.535+0000] {processor.py:914} INFO - Processing file /home/airflow/.local/lib/python3.12/site-packages/airflow/example_dags/example_bash_operator.py for tasks to queue
[2025-03-30T11:41:53.536+0000] {logging_mixin.py:190} INFO - [2025-03-30T11:41:53.536+0000] {dagbag.py:588} INFO - Filling up the DagBag from /home/airflow/.local/lib/python3.12/site-packages/airflow/example_dags/example_bash_operator.py
[2025-03-30T11:41:53.543+0000] {processor.py:925} INFO - DAG(s) 'example_bash_operator' retrieved from /home/airflow/.local/lib/python3.12/site-packages/airflow/example_dags/example_bash_operator.py
[2025-03-30T11:41:53.554+0000] {logging_mixin.py:190} INFO - [2025-03-30T11:41:53.553+0000] {dag.py:3239} INFO - Sync 1 DAGs
[2025-03-30T11:41:53.562+0000] {logging_mixin.py:190} INFO - [2025-03-30T11:41:53.562+0000] {dag.py:4180} INFO - Setting next_dagrun for example_bash_operator to 2025-03-29 00:00:00+00:00, run_after=2025-03-30 00:00:00+00:00
[2025-03-30T11:41:53.568+0000] {processor.py:208} INFO - Processing /home/airflow/.local/lib/python3.12/site-packages/airflow/example_dags/example_bash_operator.py took 0.035 seconds
[2025-03-30T11:42:24.760+0000] {processor.py:186} INFO - Started process (PID=2259) to work on /home/airflow/.local/lib/python3.12/site-packages/airflow/example_dags/example_bash_operator.py
[2025-03-30T11:42:24.762+0000] {processor.py:914} INFO - Processing file /home/airflow/.local/lib/python3.12/site-packages/airflow/example_dags/example_bash_operator.py for tasks to queue
[2025-03-30T11:42:24.763+0000] {logging_mixin.py:190} INFO - [2025-03-30T11:42:24.763+0000] {dagbag.py:588} INFO - Filling up the DagBag from /home/airflow/.local/lib/python3.12/site-packages/airflow/example_dags/example_bash_operator.py
[2025-03-30T11:42:24.769+0000] {processor.py:925} INFO - DAG(s) 'example_bash_operator' retrieved from /home/airflow/.local/lib/python3.12/site-packages/airflow/example_dags/example_bash_operator.py
[2025-03-30T11:42:24.778+0000] {logging_mixin.py:190} INFO - [2025-03-30T11:42:24.778+0000] {dag.py:3239} INFO - Sync 1 DAGs
[2025-03-30T11:42:24.787+0000] {logging_mixin.py:190} INFO - [2025-03-30T11:42:24.787+0000] {dag.py:4180} INFO - Setting next_dagrun for example_bash_operator to 2025-03-29 00:00:00+00:00, run_after=2025-03-30 00:00:00+00:00
[2025-03-30T11:42:24.793+0000] {processor.py:208} INFO - Processing /home/airflow/.local/lib/python3.12/site-packages/airflow/example_dags/example_bash_operator.py took 0.036 seconds
[2025-03-30T11:42:55.879+0000] {processor.py:186} INFO - Started process (PID=2322) to work on /home/airflow/.local/lib/python3.12/site-packages/airflow/example_dags/example_bash_operator.py
[2025-03-30T11:42:55.880+0000] {processor.py:914} INFO - Processing file /home/airflow/.local/lib/python3.12/site-packages/airflow/example_dags/example_bash_operator.py for tasks to queue
[2025-03-30T11:42:55.881+0000] {logging_mixin.py:190} INFO - [2025-03-30T11:42:55.881+0000] {dagbag.py:588} INFO - Filling up the DagBag from /home/airflow/.local/lib/python3.12/site-packages/airflow/example_dags/example_bash_operator.py
[2025-03-30T11:42:55.886+0000] {processor.py:925} INFO - DAG(s) 'example_bash_operator' retrieved from /home/airflow/.local/lib/python3.12/site-packages/airflow/example_dags/example_bash_operator.py
[2025-03-30T11:42:55.896+0000] {logging_mixin.py:190} INFO - [2025-03-30T11:42:55.896+0000] {dag.py:3239} INFO - Sync 1 DAGs
[2025-03-30T11:42:55.905+0000] {logging_mixin.py:190} INFO - [2025-03-30T11:42:55.904+0000] {dag.py:4180} INFO - Setting next_dagrun for example_bash_operator to 2025-03-29 00:00:00+00:00, run_after=2025-03-30 00:00:00+00:00
[2025-03-30T11:42:55.912+0000] {processor.py:208} INFO - Processing /home/airflow/.local/lib/python3.12/site-packages/airflow/example_dags/example_bash_operator.py took 0.035 seconds
[2025-03-30T11:43:26.995+0000] {processor.py:186} INFO - Started process (PID=2386) to work on /home/airflow/.local/lib/python3.12/site-packages/airflow/example_dags/example_bash_operator.py
[2025-03-30T11:43:26.995+0000] {processor.py:914} INFO - Processing file /home/airflow/.local/lib/python3.12/site-packages/airflow/example_dags/example_bash_operator.py for tasks to queue
[2025-03-30T11:43:26.996+0000] {logging_mixin.py:190} INFO - [2025-03-30T11:43:26.996+0000] {dagbag.py:588} INFO - Filling up the DagBag from /home/airflow/.local/lib/python3.12/site-packages/airflow/example_dags/example_bash_operator.py
[2025-03-30T11:43:27.002+0000] {processor.py:925} INFO - DAG(s) 'example_bash_operator' retrieved from /home/airflow/.local/lib/python3.12/site-packages/airflow/example_dags/example_bash_operator.py
[2025-03-30T11:43:27.030+0000] {logging_mixin.py:190} INFO - [2025-03-30T11:43:27.030+0000] {dag.py:3239} INFO - Sync 1 DAGs
[2025-03-30T11:43:27.043+0000] {logging_mixin.py:190} INFO - [2025-03-30T11:43:27.043+0000] {dag.py:4180} INFO - Setting next_dagrun for example_bash_operator to 2025-03-29 00:00:00+00:00, run_after=2025-03-30 00:00:00+00:00
[2025-03-30T11:43:27.050+0000] {processor.py:208} INFO - Processing /home/airflow/.local/lib/python3.12/site-packages/airflow/example_dags/example_bash_operator.py took 0.057 seconds
[2025-03-30T11:43:58.108+0000] {processor.py:186} INFO - Started process (PID=2449) to work on /home/airflow/.local/lib/python3.12/site-packages/airflow/example_dags/example_bash_operator.py
[2025-03-30T11:43:58.108+0000] {processor.py:914} INFO - Processing file /home/airflow/.local/lib/python3.12/site-packages/airflow/example_dags/example_bash_operator.py for tasks to queue
[2025-03-30T11:43:58.110+0000] {logging_mixin.py:190} INFO - [2025-03-30T11:43:58.109+0000] {dagbag.py:588} INFO - Filling up the DagBag from /home/airflow/.local/lib/python3.12/site-packages/airflow/example_dags/example_bash_operator.py
[2025-03-30T11:43:58.114+0000] {processor.py:925} INFO - DAG(s) 'example_bash_operator' retrieved from /home/airflow/.local/lib/python3.12/site-packages/airflow/example_dags/example_bash_operator.py
[2025-03-30T11:43:58.124+0000] {logging_mixin.py:190} INFO - [2025-03-30T11:43:58.124+0000] {dag.py:3239} INFO - Sync 1 DAGs
[2025-03-30T11:43:58.132+0000] {logging_mixin.py:190} INFO - [2025-03-30T11:43:58.132+0000] {dag.py:4180} INFO - Setting next_dagrun for example_bash_operator to 2025-03-29 00:00:00+00:00, run_after=2025-03-30 00:00:00+00:00
[2025-03-30T11:43:58.137+0000] {processor.py:208} INFO - Processing /home/airflow/.local/lib/python3.12/site-packages/airflow/example_dags/example_bash_operator.py took 0.031 seconds
[2025-03-30T11:44:29.178+0000] {processor.py:186} INFO - Started process (PID=2513) to work on /home/airflow/.local/lib/python3.12/site-packages/airflow/example_dags/example_bash_operator.py
[2025-03-30T11:44:29.178+0000] {processor.py:914} INFO - Processing file /home/airflow/.local/lib/python3.12/site-packages/airflow/example_dags/example_bash_operator.py for tasks to queue
[2025-03-30T11:44:29.179+0000] {logging_mixin.py:190} INFO - [2025-03-30T11:44:29.179+0000] {dagbag.py:588} INFO - Filling up the DagBag from /home/airflow/.local/lib/python3.12/site-packages/airflow/example_dags/example_bash_operator.py
[2025-03-30T11:44:29.184+0000] {processor.py:925} INFO - DAG(s) 'example_bash_operator' retrieved from /home/airflow/.local/lib/python3.12/site-packages/airflow/example_dags/example_bash_operator.py
[2025-03-30T11:44:29.193+0000] {logging_mixin.py:190} INFO - [2025-03-30T11:44:29.193+0000] {dag.py:3239} INFO - Sync 1 DAGs
[2025-03-30T11:44:29.201+0000] {logging_mixin.py:190} INFO - [2025-03-30T11:44:29.201+0000] {dag.py:4180} INFO - Setting next_dagrun for example_bash_operator to 2025-03-29 00:00:00+00:00, run_after=2025-03-30 00:00:00+00:00
[2025-03-30T11:44:29.208+0000] {processor.py:208} INFO - Processing /home/airflow/.local/lib/python3.12/site-packages/airflow/example_dags/example_bash_operator.py took 0.033 seconds
