[2025-03-30T03:32:21.292+0000] {processor.py:186} INFO - Started process (PID=90) to work on /home/airflow/.local/lib/python3.12/site-packages/airflow/example_dags/example_datasets.py
[2025-03-30T03:32:21.294+0000] {processor.py:914} INFO - Processing file /home/airflow/.local/lib/python3.12/site-packages/airflow/example_dags/example_datasets.py for tasks to queue
[2025-03-30T03:32:21.295+0000] {logging_mixin.py:190} INFO - [2025-03-30T03:32:21.295+0000] {dagbag.py:588} INFO - Filling up the DagBag from /home/airflow/.local/lib/python3.12/site-packages/airflow/example_dags/example_datasets.py
[2025-03-30T03:32:21.518+0000] {processor.py:925} INFO - DAG(s) 'conditional_dataset_and_time_based_timetable', 'dataset_consumes_unknown_never_scheduled', 'consume_1_or_2_with_dataset_expressions', 'consume_1_or_both_2_and_3_with_dataset_expressions', 'dataset_consumes_1_never_scheduled', 'dataset_consumes_1_and_2', 'dataset_produces_2', 'dataset_consumes_1', 'dataset_produces_1', 'consume_1_and_2_with_dataset_expressions' retrieved from /home/airflow/.local/lib/python3.12/site-packages/airflow/example_dags/example_datasets.py
[2025-03-30T03:32:21.534+0000] {logging_mixin.py:190} INFO - [2025-03-30T03:32:21.534+0000] {dag.py:3239} INFO - Sync 10 DAGs
[2025-03-30T03:32:21.541+0000] {logging_mixin.py:190} INFO - [2025-03-30T03:32:21.541+0000] {dag.py:4180} INFO - Setting next_dagrun for conditional_dataset_and_time_based_timetable to 2025-03-26 01:00:00+00:00, run_after=2025-03-26 01:00:00+00:00
[2025-03-30T03:32:21.542+0000] {logging_mixin.py:190} INFO - [2025-03-30T03:32:21.542+0000] {dag.py:4180} INFO - Setting next_dagrun for consume_1_and_2_with_dataset_expressions to None, run_after=None
[2025-03-30T03:32:21.543+0000] {logging_mixin.py:190} INFO - [2025-03-30T03:32:21.543+0000] {dag.py:4180} INFO - Setting next_dagrun for consume_1_or_2_with_dataset_expressions to None, run_after=None
[2025-03-30T03:32:21.543+0000] {logging_mixin.py:190} INFO - [2025-03-30T03:32:21.543+0000] {dag.py:4180} INFO - Setting next_dagrun for consume_1_or_both_2_and_3_with_dataset_expressions to None, run_after=None
[2025-03-30T03:32:21.544+0000] {logging_mixin.py:190} INFO - [2025-03-30T03:32:21.543+0000] {dag.py:4180} INFO - Setting next_dagrun for dataset_consumes_1 to None, run_after=None
[2025-03-30T03:32:21.544+0000] {logging_mixin.py:190} INFO - [2025-03-30T03:32:21.544+0000] {dag.py:4180} INFO - Setting next_dagrun for dataset_consumes_1_and_2 to None, run_after=None
[2025-03-30T03:32:21.544+0000] {logging_mixin.py:190} INFO - [2025-03-30T03:32:21.544+0000] {dag.py:4180} INFO - Setting next_dagrun for dataset_consumes_1_never_scheduled to None, run_after=None
[2025-03-30T03:32:21.548+0000] {logging_mixin.py:190} INFO - [2025-03-30T03:32:21.547+0000] {dag.py:4180} INFO - Setting next_dagrun for dataset_consumes_unknown_never_scheduled to None, run_after=None
[2025-03-30T03:32:21.548+0000] {logging_mixin.py:190} INFO - [2025-03-30T03:32:21.548+0000] {dag.py:4180} INFO - Setting next_dagrun for dataset_produces_1 to 2025-03-29 00:00:00+00:00, run_after=2025-03-30 00:00:00+00:00
[2025-03-30T03:32:21.549+0000] {logging_mixin.py:190} INFO - [2025-03-30T03:32:21.548+0000] {dag.py:4180} INFO - Setting next_dagrun for dataset_produces_2 to None, run_after=None
[2025-03-30T03:32:21.557+0000] {processor.py:208} INFO - Processing /home/airflow/.local/lib/python3.12/site-packages/airflow/example_dags/example_datasets.py took 0.267 seconds
[2025-03-30T03:32:52.550+0000] {processor.py:186} INFO - Started process (PID=157) to work on /home/airflow/.local/lib/python3.12/site-packages/airflow/example_dags/example_datasets.py
[2025-03-30T03:32:52.551+0000] {processor.py:914} INFO - Processing file /home/airflow/.local/lib/python3.12/site-packages/airflow/example_dags/example_datasets.py for tasks to queue
[2025-03-30T03:32:52.552+0000] {logging_mixin.py:190} INFO - [2025-03-30T03:32:52.552+0000] {dagbag.py:588} INFO - Filling up the DagBag from /home/airflow/.local/lib/python3.12/site-packages/airflow/example_dags/example_datasets.py
[2025-03-30T03:32:52.792+0000] {processor.py:925} INFO - DAG(s) 'conditional_dataset_and_time_based_timetable', 'dataset_consumes_1_and_2', 'dataset_consumes_1', 'dataset_produces_2', 'dataset_produces_1', 'dataset_consumes_unknown_never_scheduled', 'consume_1_and_2_with_dataset_expressions', 'consume_1_or_both_2_and_3_with_dataset_expressions', 'consume_1_or_2_with_dataset_expressions', 'dataset_consumes_1_never_scheduled' retrieved from /home/airflow/.local/lib/python3.12/site-packages/airflow/example_dags/example_datasets.py
[2025-03-30T03:32:52.805+0000] {logging_mixin.py:190} INFO - [2025-03-30T03:32:52.805+0000] {dag.py:3239} INFO - Sync 10 DAGs
[2025-03-30T03:32:52.813+0000] {logging_mixin.py:190} INFO - [2025-03-30T03:32:52.813+0000] {dag.py:4180} INFO - Setting next_dagrun for conditional_dataset_and_time_based_timetable to 2025-03-26 01:00:00+00:00, run_after=2025-03-26 01:00:00+00:00
[2025-03-30T03:32:52.814+0000] {logging_mixin.py:190} INFO - [2025-03-30T03:32:52.814+0000] {dag.py:4180} INFO - Setting next_dagrun for consume_1_and_2_with_dataset_expressions to None, run_after=None
[2025-03-30T03:32:52.815+0000] {logging_mixin.py:190} INFO - [2025-03-30T03:32:52.815+0000] {dag.py:4180} INFO - Setting next_dagrun for consume_1_or_2_with_dataset_expressions to None, run_after=None
[2025-03-30T03:32:52.815+0000] {logging_mixin.py:190} INFO - [2025-03-30T03:32:52.815+0000] {dag.py:4180} INFO - Setting next_dagrun for consume_1_or_both_2_and_3_with_dataset_expressions to None, run_after=None
[2025-03-30T03:32:52.815+0000] {logging_mixin.py:190} INFO - [2025-03-30T03:32:52.815+0000] {dag.py:4180} INFO - Setting next_dagrun for dataset_consumes_1 to None, run_after=None
[2025-03-30T03:32:52.816+0000] {logging_mixin.py:190} INFO - [2025-03-30T03:32:52.816+0000] {dag.py:4180} INFO - Setting next_dagrun for dataset_consumes_1_and_2 to None, run_after=None
[2025-03-30T03:32:52.816+0000] {logging_mixin.py:190} INFO - [2025-03-30T03:32:52.816+0000] {dag.py:4180} INFO - Setting next_dagrun for dataset_consumes_1_never_scheduled to None, run_after=None
[2025-03-30T03:32:52.816+0000] {logging_mixin.py:190} INFO - [2025-03-30T03:32:52.816+0000] {dag.py:4180} INFO - Setting next_dagrun for dataset_consumes_unknown_never_scheduled to None, run_after=None
[2025-03-30T03:32:52.817+0000] {logging_mixin.py:190} INFO - [2025-03-30T03:32:52.817+0000] {dag.py:4180} INFO - Setting next_dagrun for dataset_produces_1 to 2025-03-29 00:00:00+00:00, run_after=2025-03-30 00:00:00+00:00
[2025-03-30T03:32:52.818+0000] {logging_mixin.py:190} INFO - [2025-03-30T03:32:52.818+0000] {dag.py:4180} INFO - Setting next_dagrun for dataset_produces_2 to None, run_after=None
[2025-03-30T03:32:52.827+0000] {processor.py:208} INFO - Processing /home/airflow/.local/lib/python3.12/site-packages/airflow/example_dags/example_datasets.py took 0.283 seconds
[2025-03-30T03:33:23.602+0000] {processor.py:186} INFO - Started process (PID=220) to work on /home/airflow/.local/lib/python3.12/site-packages/airflow/example_dags/example_datasets.py
[2025-03-30T03:33:23.603+0000] {processor.py:914} INFO - Processing file /home/airflow/.local/lib/python3.12/site-packages/airflow/example_dags/example_datasets.py for tasks to queue
[2025-03-30T03:33:23.604+0000] {logging_mixin.py:190} INFO - [2025-03-30T03:33:23.604+0000] {dagbag.py:588} INFO - Filling up the DagBag from /home/airflow/.local/lib/python3.12/site-packages/airflow/example_dags/example_datasets.py
[2025-03-30T03:33:23.819+0000] {processor.py:925} INFO - DAG(s) 'dataset_produces_1', 'consume_1_or_2_with_dataset_expressions', 'dataset_consumes_1_never_scheduled', 'dataset_consumes_1_and_2', 'dataset_produces_2', 'dataset_consumes_1', 'consume_1_or_both_2_and_3_with_dataset_expressions', 'conditional_dataset_and_time_based_timetable', 'consume_1_and_2_with_dataset_expressions', 'dataset_consumes_unknown_never_scheduled' retrieved from /home/airflow/.local/lib/python3.12/site-packages/airflow/example_dags/example_datasets.py
[2025-03-30T03:33:23.831+0000] {logging_mixin.py:190} INFO - [2025-03-30T03:33:23.831+0000] {dag.py:3239} INFO - Sync 10 DAGs
[2025-03-30T03:33:23.841+0000] {logging_mixin.py:190} INFO - [2025-03-30T03:33:23.841+0000] {dag.py:4180} INFO - Setting next_dagrun for conditional_dataset_and_time_based_timetable to 2025-03-26 01:00:00+00:00, run_after=2025-03-26 01:00:00+00:00
[2025-03-30T03:33:23.842+0000] {logging_mixin.py:190} INFO - [2025-03-30T03:33:23.842+0000] {dag.py:4180} INFO - Setting next_dagrun for consume_1_and_2_with_dataset_expressions to None, run_after=None
[2025-03-30T03:33:23.843+0000] {logging_mixin.py:190} INFO - [2025-03-30T03:33:23.842+0000] {dag.py:4180} INFO - Setting next_dagrun for consume_1_or_2_with_dataset_expressions to None, run_after=None
[2025-03-30T03:33:23.843+0000] {logging_mixin.py:190} INFO - [2025-03-30T03:33:23.843+0000] {dag.py:4180} INFO - Setting next_dagrun for consume_1_or_both_2_and_3_with_dataset_expressions to None, run_after=None
[2025-03-30T03:33:23.843+0000] {logging_mixin.py:190} INFO - [2025-03-30T03:33:23.843+0000] {dag.py:4180} INFO - Setting next_dagrun for dataset_consumes_1 to None, run_after=None
[2025-03-30T03:33:23.844+0000] {logging_mixin.py:190} INFO - [2025-03-30T03:33:23.844+0000] {dag.py:4180} INFO - Setting next_dagrun for dataset_consumes_1_and_2 to None, run_after=None
[2025-03-30T03:33:23.844+0000] {logging_mixin.py:190} INFO - [2025-03-30T03:33:23.844+0000] {dag.py:4180} INFO - Setting next_dagrun for dataset_consumes_1_never_scheduled to None, run_after=None
[2025-03-30T03:33:23.844+0000] {logging_mixin.py:190} INFO - [2025-03-30T03:33:23.844+0000] {dag.py:4180} INFO - Setting next_dagrun for dataset_consumes_unknown_never_scheduled to None, run_after=None
[2025-03-30T03:33:23.845+0000] {logging_mixin.py:190} INFO - [2025-03-30T03:33:23.845+0000] {dag.py:4180} INFO - Setting next_dagrun for dataset_produces_1 to 2025-03-29 00:00:00+00:00, run_after=2025-03-30 00:00:00+00:00
[2025-03-30T03:33:23.846+0000] {logging_mixin.py:190} INFO - [2025-03-30T03:33:23.846+0000] {dag.py:4180} INFO - Setting next_dagrun for dataset_produces_2 to None, run_after=None
[2025-03-30T03:33:23.856+0000] {processor.py:208} INFO - Processing /home/airflow/.local/lib/python3.12/site-packages/airflow/example_dags/example_datasets.py took 0.260 seconds
[2025-03-30T03:33:54.529+0000] {processor.py:186} INFO - Started process (PID=283) to work on /home/airflow/.local/lib/python3.12/site-packages/airflow/example_dags/example_datasets.py
[2025-03-30T03:33:54.530+0000] {processor.py:914} INFO - Processing file /home/airflow/.local/lib/python3.12/site-packages/airflow/example_dags/example_datasets.py for tasks to queue
[2025-03-30T03:33:54.531+0000] {logging_mixin.py:190} INFO - [2025-03-30T03:33:54.531+0000] {dagbag.py:588} INFO - Filling up the DagBag from /home/airflow/.local/lib/python3.12/site-packages/airflow/example_dags/example_datasets.py
[2025-03-30T03:33:54.760+0000] {processor.py:925} INFO - DAG(s) 'consume_1_and_2_with_dataset_expressions', 'dataset_produces_2', 'dataset_consumes_1_never_scheduled', 'consume_1_or_2_with_dataset_expressions', 'dataset_consumes_unknown_never_scheduled', 'dataset_produces_1', 'dataset_consumes_1_and_2', 'consume_1_or_both_2_and_3_with_dataset_expressions', 'dataset_consumes_1', 'conditional_dataset_and_time_based_timetable' retrieved from /home/airflow/.local/lib/python3.12/site-packages/airflow/example_dags/example_datasets.py
[2025-03-30T03:33:54.773+0000] {logging_mixin.py:190} INFO - [2025-03-30T03:33:54.773+0000] {dag.py:3239} INFO - Sync 10 DAGs
[2025-03-30T03:33:54.781+0000] {logging_mixin.py:190} INFO - [2025-03-30T03:33:54.781+0000] {dag.py:4180} INFO - Setting next_dagrun for conditional_dataset_and_time_based_timetable to 2025-03-26 01:00:00+00:00, run_after=2025-03-26 01:00:00+00:00
[2025-03-30T03:33:54.782+0000] {logging_mixin.py:190} INFO - [2025-03-30T03:33:54.782+0000] {dag.py:4180} INFO - Setting next_dagrun for consume_1_and_2_with_dataset_expressions to None, run_after=None
[2025-03-30T03:33:54.782+0000] {logging_mixin.py:190} INFO - [2025-03-30T03:33:54.782+0000] {dag.py:4180} INFO - Setting next_dagrun for consume_1_or_2_with_dataset_expressions to None, run_after=None
[2025-03-30T03:33:54.783+0000] {logging_mixin.py:190} INFO - [2025-03-30T03:33:54.783+0000] {dag.py:4180} INFO - Setting next_dagrun for consume_1_or_both_2_and_3_with_dataset_expressions to None, run_after=None
[2025-03-30T03:33:54.783+0000] {logging_mixin.py:190} INFO - [2025-03-30T03:33:54.783+0000] {dag.py:4180} INFO - Setting next_dagrun for dataset_consumes_1 to None, run_after=None
[2025-03-30T03:33:54.784+0000] {logging_mixin.py:190} INFO - [2025-03-30T03:33:54.784+0000] {dag.py:4180} INFO - Setting next_dagrun for dataset_consumes_1_and_2 to None, run_after=None
[2025-03-30T03:33:54.784+0000] {logging_mixin.py:190} INFO - [2025-03-30T03:33:54.784+0000] {dag.py:4180} INFO - Setting next_dagrun for dataset_consumes_1_never_scheduled to None, run_after=None
[2025-03-30T03:33:54.784+0000] {logging_mixin.py:190} INFO - [2025-03-30T03:33:54.784+0000] {dag.py:4180} INFO - Setting next_dagrun for dataset_consumes_unknown_never_scheduled to None, run_after=None
[2025-03-30T03:33:54.785+0000] {logging_mixin.py:190} INFO - [2025-03-30T03:33:54.785+0000] {dag.py:4180} INFO - Setting next_dagrun for dataset_produces_1 to 2025-03-29 00:00:00+00:00, run_after=2025-03-30 00:00:00+00:00
[2025-03-30T03:33:54.785+0000] {logging_mixin.py:190} INFO - [2025-03-30T03:33:54.785+0000] {dag.py:4180} INFO - Setting next_dagrun for dataset_produces_2 to None, run_after=None
[2025-03-30T03:33:54.794+0000] {processor.py:208} INFO - Processing /home/airflow/.local/lib/python3.12/site-packages/airflow/example_dags/example_datasets.py took 0.272 seconds
[2025-03-30T03:34:24.825+0000] {processor.py:186} INFO - Started process (PID=350) to work on /home/airflow/.local/lib/python3.12/site-packages/airflow/example_dags/example_datasets.py
[2025-03-30T03:34:24.826+0000] {processor.py:914} INFO - Processing file /home/airflow/.local/lib/python3.12/site-packages/airflow/example_dags/example_datasets.py for tasks to queue
[2025-03-30T03:34:24.827+0000] {logging_mixin.py:190} INFO - [2025-03-30T03:34:24.827+0000] {dagbag.py:588} INFO - Filling up the DagBag from /home/airflow/.local/lib/python3.12/site-packages/airflow/example_dags/example_datasets.py
[2025-03-30T03:34:25.010+0000] {processor.py:925} INFO - DAG(s) 'dataset_consumes_1', 'dataset_consumes_1_never_scheduled', 'dataset_produces_1', 'consume_1_and_2_with_dataset_expressions', 'dataset_produces_2', 'dataset_consumes_1_and_2', 'consume_1_or_2_with_dataset_expressions', 'conditional_dataset_and_time_based_timetable', 'consume_1_or_both_2_and_3_with_dataset_expressions', 'dataset_consumes_unknown_never_scheduled' retrieved from /home/airflow/.local/lib/python3.12/site-packages/airflow/example_dags/example_datasets.py
[2025-03-30T03:34:25.022+0000] {logging_mixin.py:190} INFO - [2025-03-30T03:34:25.022+0000] {dag.py:3239} INFO - Sync 10 DAGs
[2025-03-30T03:34:25.029+0000] {logging_mixin.py:190} INFO - [2025-03-30T03:34:25.029+0000] {dag.py:4180} INFO - Setting next_dagrun for conditional_dataset_and_time_based_timetable to 2025-03-26 01:00:00+00:00, run_after=2025-03-26 01:00:00+00:00
[2025-03-30T03:34:25.030+0000] {logging_mixin.py:190} INFO - [2025-03-30T03:34:25.030+0000] {dag.py:4180} INFO - Setting next_dagrun for consume_1_and_2_with_dataset_expressions to None, run_after=None
[2025-03-30T03:34:25.030+0000] {logging_mixin.py:190} INFO - [2025-03-30T03:34:25.030+0000] {dag.py:4180} INFO - Setting next_dagrun for consume_1_or_2_with_dataset_expressions to None, run_after=None
[2025-03-30T03:34:25.031+0000] {logging_mixin.py:190} INFO - [2025-03-30T03:34:25.031+0000] {dag.py:4180} INFO - Setting next_dagrun for consume_1_or_both_2_and_3_with_dataset_expressions to None, run_after=None
[2025-03-30T03:34:25.031+0000] {logging_mixin.py:190} INFO - [2025-03-30T03:34:25.031+0000] {dag.py:4180} INFO - Setting next_dagrun for dataset_consumes_1 to None, run_after=None
[2025-03-30T03:34:25.031+0000] {logging_mixin.py:190} INFO - [2025-03-30T03:34:25.031+0000] {dag.py:4180} INFO - Setting next_dagrun for dataset_consumes_1_and_2 to None, run_after=None
[2025-03-30T03:34:25.032+0000] {logging_mixin.py:190} INFO - [2025-03-30T03:34:25.032+0000] {dag.py:4180} INFO - Setting next_dagrun for dataset_consumes_1_never_scheduled to None, run_after=None
[2025-03-30T03:34:25.032+0000] {logging_mixin.py:190} INFO - [2025-03-30T03:34:25.032+0000] {dag.py:4180} INFO - Setting next_dagrun for dataset_consumes_unknown_never_scheduled to None, run_after=None
[2025-03-30T03:34:25.032+0000] {logging_mixin.py:190} INFO - [2025-03-30T03:34:25.032+0000] {dag.py:4180} INFO - Setting next_dagrun for dataset_produces_1 to 2025-03-29 00:00:00+00:00, run_after=2025-03-30 00:00:00+00:00
[2025-03-30T03:34:25.033+0000] {logging_mixin.py:190} INFO - [2025-03-30T03:34:25.033+0000] {dag.py:4180} INFO - Setting next_dagrun for dataset_produces_2 to None, run_after=None
[2025-03-30T03:34:25.041+0000] {processor.py:208} INFO - Processing /home/airflow/.local/lib/python3.12/site-packages/airflow/example_dags/example_datasets.py took 0.218 seconds
[2025-03-30T03:34:55.882+0000] {processor.py:186} INFO - Started process (PID=413) to work on /home/airflow/.local/lib/python3.12/site-packages/airflow/example_dags/example_datasets.py
[2025-03-30T03:34:55.883+0000] {processor.py:914} INFO - Processing file /home/airflow/.local/lib/python3.12/site-packages/airflow/example_dags/example_datasets.py for tasks to queue
[2025-03-30T03:34:55.884+0000] {logging_mixin.py:190} INFO - [2025-03-30T03:34:55.883+0000] {dagbag.py:588} INFO - Filling up the DagBag from /home/airflow/.local/lib/python3.12/site-packages/airflow/example_dags/example_datasets.py
[2025-03-30T03:34:56.102+0000] {processor.py:925} INFO - DAG(s) 'dataset_consumes_1', 'dataset_consumes_1_and_2', 'consume_1_and_2_with_dataset_expressions', 'dataset_produces_2', 'dataset_produces_1', 'consume_1_or_2_with_dataset_expressions', 'dataset_consumes_1_never_scheduled', 'dataset_consumes_unknown_never_scheduled', 'consume_1_or_both_2_and_3_with_dataset_expressions', 'conditional_dataset_and_time_based_timetable' retrieved from /home/airflow/.local/lib/python3.12/site-packages/airflow/example_dags/example_datasets.py
[2025-03-30T03:34:56.127+0000] {logging_mixin.py:190} INFO - [2025-03-30T03:34:56.126+0000] {dag.py:3239} INFO - Sync 10 DAGs
[2025-03-30T03:34:56.135+0000] {logging_mixin.py:190} INFO - [2025-03-30T03:34:56.135+0000] {dag.py:4180} INFO - Setting next_dagrun for conditional_dataset_and_time_based_timetable to 2025-03-26 01:00:00+00:00, run_after=2025-03-26 01:00:00+00:00
[2025-03-30T03:34:56.137+0000] {logging_mixin.py:190} INFO - [2025-03-30T03:34:56.137+0000] {dag.py:4180} INFO - Setting next_dagrun for consume_1_and_2_with_dataset_expressions to None, run_after=None
[2025-03-30T03:34:56.138+0000] {logging_mixin.py:190} INFO - [2025-03-30T03:34:56.138+0000] {dag.py:4180} INFO - Setting next_dagrun for consume_1_or_2_with_dataset_expressions to None, run_after=None
[2025-03-30T03:34:56.138+0000] {logging_mixin.py:190} INFO - [2025-03-30T03:34:56.138+0000] {dag.py:4180} INFO - Setting next_dagrun for consume_1_or_both_2_and_3_with_dataset_expressions to None, run_after=None
[2025-03-30T03:34:56.139+0000] {logging_mixin.py:190} INFO - [2025-03-30T03:34:56.139+0000] {dag.py:4180} INFO - Setting next_dagrun for dataset_consumes_1 to None, run_after=None
[2025-03-30T03:34:56.139+0000] {logging_mixin.py:190} INFO - [2025-03-30T03:34:56.139+0000] {dag.py:4180} INFO - Setting next_dagrun for dataset_consumes_1_and_2 to None, run_after=None
[2025-03-30T03:34:56.140+0000] {logging_mixin.py:190} INFO - [2025-03-30T03:34:56.140+0000] {dag.py:4180} INFO - Setting next_dagrun for dataset_consumes_1_never_scheduled to None, run_after=None
[2025-03-30T03:34:56.140+0000] {logging_mixin.py:190} INFO - [2025-03-30T03:34:56.140+0000] {dag.py:4180} INFO - Setting next_dagrun for dataset_consumes_unknown_never_scheduled to None, run_after=None
[2025-03-30T03:34:56.141+0000] {logging_mixin.py:190} INFO - [2025-03-30T03:34:56.141+0000] {dag.py:4180} INFO - Setting next_dagrun for dataset_produces_1 to 2025-03-29 00:00:00+00:00, run_after=2025-03-30 00:00:00+00:00
[2025-03-30T03:34:56.141+0000] {logging_mixin.py:190} INFO - [2025-03-30T03:34:56.141+0000] {dag.py:4180} INFO - Setting next_dagrun for dataset_produces_2 to None, run_after=None
[2025-03-30T03:34:56.153+0000] {processor.py:208} INFO - Processing /home/airflow/.local/lib/python3.12/site-packages/airflow/example_dags/example_datasets.py took 0.274 seconds
[2025-03-30T03:35:27.013+0000] {processor.py:186} INFO - Started process (PID=476) to work on /home/airflow/.local/lib/python3.12/site-packages/airflow/example_dags/example_datasets.py
[2025-03-30T03:35:27.014+0000] {processor.py:914} INFO - Processing file /home/airflow/.local/lib/python3.12/site-packages/airflow/example_dags/example_datasets.py for tasks to queue
[2025-03-30T03:35:27.015+0000] {logging_mixin.py:190} INFO - [2025-03-30T03:35:27.015+0000] {dagbag.py:588} INFO - Filling up the DagBag from /home/airflow/.local/lib/python3.12/site-packages/airflow/example_dags/example_datasets.py
[2025-03-30T03:35:27.222+0000] {processor.py:925} INFO - DAG(s) 'dataset_produces_2', 'dataset_consumes_1_never_scheduled', 'conditional_dataset_and_time_based_timetable', 'consume_1_or_2_with_dataset_expressions', 'consume_1_or_both_2_and_3_with_dataset_expressions', 'dataset_consumes_1', 'dataset_consumes_1_and_2', 'consume_1_and_2_with_dataset_expressions', 'dataset_produces_1', 'dataset_consumes_unknown_never_scheduled' retrieved from /home/airflow/.local/lib/python3.12/site-packages/airflow/example_dags/example_datasets.py
[2025-03-30T03:35:27.241+0000] {logging_mixin.py:190} INFO - [2025-03-30T03:35:27.241+0000] {dag.py:3239} INFO - Sync 10 DAGs
[2025-03-30T03:35:27.249+0000] {logging_mixin.py:190} INFO - [2025-03-30T03:35:27.249+0000] {dag.py:4180} INFO - Setting next_dagrun for conditional_dataset_and_time_based_timetable to 2025-03-26 01:00:00+00:00, run_after=2025-03-26 01:00:00+00:00
[2025-03-30T03:35:27.250+0000] {logging_mixin.py:190} INFO - [2025-03-30T03:35:27.250+0000] {dag.py:4180} INFO - Setting next_dagrun for consume_1_and_2_with_dataset_expressions to None, run_after=None
[2025-03-30T03:35:27.251+0000] {logging_mixin.py:190} INFO - [2025-03-30T03:35:27.251+0000] {dag.py:4180} INFO - Setting next_dagrun for consume_1_or_2_with_dataset_expressions to None, run_after=None
[2025-03-30T03:35:27.251+0000] {logging_mixin.py:190} INFO - [2025-03-30T03:35:27.251+0000] {dag.py:4180} INFO - Setting next_dagrun for consume_1_or_both_2_and_3_with_dataset_expressions to None, run_after=None
[2025-03-30T03:35:27.251+0000] {logging_mixin.py:190} INFO - [2025-03-30T03:35:27.251+0000] {dag.py:4180} INFO - Setting next_dagrun for dataset_consumes_1 to None, run_after=None
[2025-03-30T03:35:27.252+0000] {logging_mixin.py:190} INFO - [2025-03-30T03:35:27.252+0000] {dag.py:4180} INFO - Setting next_dagrun for dataset_consumes_1_and_2 to None, run_after=None
[2025-03-30T03:35:27.252+0000] {logging_mixin.py:190} INFO - [2025-03-30T03:35:27.252+0000] {dag.py:4180} INFO - Setting next_dagrun for dataset_consumes_1_never_scheduled to None, run_after=None
[2025-03-30T03:35:27.253+0000] {logging_mixin.py:190} INFO - [2025-03-30T03:35:27.253+0000] {dag.py:4180} INFO - Setting next_dagrun for dataset_consumes_unknown_never_scheduled to None, run_after=None
[2025-03-30T03:35:27.253+0000] {logging_mixin.py:190} INFO - [2025-03-30T03:35:27.253+0000] {dag.py:4180} INFO - Setting next_dagrun for dataset_produces_1 to 2025-03-29 00:00:00+00:00, run_after=2025-03-30 00:00:00+00:00
[2025-03-30T03:35:27.254+0000] {logging_mixin.py:190} INFO - [2025-03-30T03:35:27.254+0000] {dag.py:4180} INFO - Setting next_dagrun for dataset_produces_2 to None, run_after=None
[2025-03-30T03:35:27.264+0000] {processor.py:208} INFO - Processing /home/airflow/.local/lib/python3.12/site-packages/airflow/example_dags/example_datasets.py took 0.254 seconds
[2025-03-30T03:35:58.143+0000] {processor.py:186} INFO - Started process (PID=538) to work on /home/airflow/.local/lib/python3.12/site-packages/airflow/example_dags/example_datasets.py
[2025-03-30T03:35:58.144+0000] {processor.py:914} INFO - Processing file /home/airflow/.local/lib/python3.12/site-packages/airflow/example_dags/example_datasets.py for tasks to queue
[2025-03-30T03:35:58.145+0000] {logging_mixin.py:190} INFO - [2025-03-30T03:35:58.145+0000] {dagbag.py:588} INFO - Filling up the DagBag from /home/airflow/.local/lib/python3.12/site-packages/airflow/example_dags/example_datasets.py
[2025-03-30T03:35:58.362+0000] {processor.py:925} INFO - DAG(s) 'dataset_produces_2', 'dataset_consumes_unknown_never_scheduled', 'dataset_consumes_1_and_2', 'consume_1_or_both_2_and_3_with_dataset_expressions', 'conditional_dataset_and_time_based_timetable', 'consume_1_or_2_with_dataset_expressions', 'dataset_consumes_1_never_scheduled', 'consume_1_and_2_with_dataset_expressions', 'dataset_consumes_1', 'dataset_produces_1' retrieved from /home/airflow/.local/lib/python3.12/site-packages/airflow/example_dags/example_datasets.py
[2025-03-30T03:35:58.374+0000] {logging_mixin.py:190} INFO - [2025-03-30T03:35:58.374+0000] {dag.py:3239} INFO - Sync 10 DAGs
[2025-03-30T03:35:58.382+0000] {logging_mixin.py:190} INFO - [2025-03-30T03:35:58.382+0000] {dag.py:4180} INFO - Setting next_dagrun for conditional_dataset_and_time_based_timetable to 2025-03-26 01:00:00+00:00, run_after=2025-03-26 01:00:00+00:00
[2025-03-30T03:35:58.383+0000] {logging_mixin.py:190} INFO - [2025-03-30T03:35:58.383+0000] {dag.py:4180} INFO - Setting next_dagrun for consume_1_and_2_with_dataset_expressions to None, run_after=None
[2025-03-30T03:35:58.383+0000] {logging_mixin.py:190} INFO - [2025-03-30T03:35:58.383+0000] {dag.py:4180} INFO - Setting next_dagrun for consume_1_or_2_with_dataset_expressions to None, run_after=None
[2025-03-30T03:35:58.384+0000] {logging_mixin.py:190} INFO - [2025-03-30T03:35:58.384+0000] {dag.py:4180} INFO - Setting next_dagrun for consume_1_or_both_2_and_3_with_dataset_expressions to None, run_after=None
[2025-03-30T03:35:58.384+0000] {logging_mixin.py:190} INFO - [2025-03-30T03:35:58.384+0000] {dag.py:4180} INFO - Setting next_dagrun for dataset_consumes_1 to None, run_after=None
[2025-03-30T03:35:58.384+0000] {logging_mixin.py:190} INFO - [2025-03-30T03:35:58.384+0000] {dag.py:4180} INFO - Setting next_dagrun for dataset_consumes_1_and_2 to None, run_after=None
[2025-03-30T03:35:58.385+0000] {logging_mixin.py:190} INFO - [2025-03-30T03:35:58.385+0000] {dag.py:4180} INFO - Setting next_dagrun for dataset_consumes_1_never_scheduled to None, run_after=None
[2025-03-30T03:35:58.385+0000] {logging_mixin.py:190} INFO - [2025-03-30T03:35:58.385+0000] {dag.py:4180} INFO - Setting next_dagrun for dataset_consumes_unknown_never_scheduled to None, run_after=None
[2025-03-30T03:35:58.386+0000] {logging_mixin.py:190} INFO - [2025-03-30T03:35:58.386+0000] {dag.py:4180} INFO - Setting next_dagrun for dataset_produces_1 to 2025-03-29 00:00:00+00:00, run_after=2025-03-30 00:00:00+00:00
[2025-03-30T03:35:58.386+0000] {logging_mixin.py:190} INFO - [2025-03-30T03:35:58.386+0000] {dag.py:4180} INFO - Setting next_dagrun for dataset_produces_2 to None, run_after=None
[2025-03-30T03:35:58.395+0000] {processor.py:208} INFO - Processing /home/airflow/.local/lib/python3.12/site-packages/airflow/example_dags/example_datasets.py took 0.254 seconds
[2025-03-30T03:36:29.239+0000] {processor.py:186} INFO - Started process (PID=601) to work on /home/airflow/.local/lib/python3.12/site-packages/airflow/example_dags/example_datasets.py
[2025-03-30T03:36:29.239+0000] {processor.py:914} INFO - Processing file /home/airflow/.local/lib/python3.12/site-packages/airflow/example_dags/example_datasets.py for tasks to queue
[2025-03-30T03:36:29.241+0000] {logging_mixin.py:190} INFO - [2025-03-30T03:36:29.241+0000] {dagbag.py:588} INFO - Filling up the DagBag from /home/airflow/.local/lib/python3.12/site-packages/airflow/example_dags/example_datasets.py
[2025-03-30T03:36:29.481+0000] {processor.py:925} INFO - DAG(s) 'dataset_produces_2', 'consume_1_and_2_with_dataset_expressions', 'dataset_produces_1', 'dataset_consumes_1_and_2', 'dataset_consumes_unknown_never_scheduled', 'conditional_dataset_and_time_based_timetable', 'dataset_consumes_1', 'consume_1_or_2_with_dataset_expressions', 'consume_1_or_both_2_and_3_with_dataset_expressions', 'dataset_consumes_1_never_scheduled' retrieved from /home/airflow/.local/lib/python3.12/site-packages/airflow/example_dags/example_datasets.py
[2025-03-30T03:36:29.501+0000] {logging_mixin.py:190} INFO - [2025-03-30T03:36:29.501+0000] {dag.py:3239} INFO - Sync 10 DAGs
[2025-03-30T03:36:29.508+0000] {logging_mixin.py:190} INFO - [2025-03-30T03:36:29.508+0000] {dag.py:4180} INFO - Setting next_dagrun for conditional_dataset_and_time_based_timetable to 2025-03-26 01:00:00+00:00, run_after=2025-03-26 01:00:00+00:00
[2025-03-30T03:36:29.510+0000] {logging_mixin.py:190} INFO - [2025-03-30T03:36:29.509+0000] {dag.py:4180} INFO - Setting next_dagrun for consume_1_and_2_with_dataset_expressions to None, run_after=None
[2025-03-30T03:36:29.510+0000] {logging_mixin.py:190} INFO - [2025-03-30T03:36:29.510+0000] {dag.py:4180} INFO - Setting next_dagrun for consume_1_or_2_with_dataset_expressions to None, run_after=None
[2025-03-30T03:36:29.511+0000] {logging_mixin.py:190} INFO - [2025-03-30T03:36:29.510+0000] {dag.py:4180} INFO - Setting next_dagrun for consume_1_or_both_2_and_3_with_dataset_expressions to None, run_after=None
[2025-03-30T03:36:29.511+0000] {logging_mixin.py:190} INFO - [2025-03-30T03:36:29.511+0000] {dag.py:4180} INFO - Setting next_dagrun for dataset_consumes_1 to None, run_after=None
[2025-03-30T03:36:29.511+0000] {logging_mixin.py:190} INFO - [2025-03-30T03:36:29.511+0000] {dag.py:4180} INFO - Setting next_dagrun for dataset_consumes_1_and_2 to None, run_after=None
[2025-03-30T03:36:29.512+0000] {logging_mixin.py:190} INFO - [2025-03-30T03:36:29.512+0000] {dag.py:4180} INFO - Setting next_dagrun for dataset_consumes_1_never_scheduled to None, run_after=None
[2025-03-30T03:36:29.512+0000] {logging_mixin.py:190} INFO - [2025-03-30T03:36:29.512+0000] {dag.py:4180} INFO - Setting next_dagrun for dataset_consumes_unknown_never_scheduled to None, run_after=None
[2025-03-30T03:36:29.513+0000] {logging_mixin.py:190} INFO - [2025-03-30T03:36:29.513+0000] {dag.py:4180} INFO - Setting next_dagrun for dataset_produces_1 to 2025-03-29 00:00:00+00:00, run_after=2025-03-30 00:00:00+00:00
[2025-03-30T03:36:29.513+0000] {logging_mixin.py:190} INFO - [2025-03-30T03:36:29.513+0000] {dag.py:4180} INFO - Setting next_dagrun for dataset_produces_2 to None, run_after=None
[2025-03-30T03:36:29.525+0000] {processor.py:208} INFO - Processing /home/airflow/.local/lib/python3.12/site-packages/airflow/example_dags/example_datasets.py took 0.290 seconds
[2025-03-30T03:37:00.425+0000] {processor.py:186} INFO - Started process (PID=664) to work on /home/airflow/.local/lib/python3.12/site-packages/airflow/example_dags/example_datasets.py
[2025-03-30T03:37:00.426+0000] {processor.py:914} INFO - Processing file /home/airflow/.local/lib/python3.12/site-packages/airflow/example_dags/example_datasets.py for tasks to queue
[2025-03-30T03:37:00.427+0000] {logging_mixin.py:190} INFO - [2025-03-30T03:37:00.426+0000] {dagbag.py:588} INFO - Filling up the DagBag from /home/airflow/.local/lib/python3.12/site-packages/airflow/example_dags/example_datasets.py
[2025-03-30T03:37:00.629+0000] {processor.py:925} INFO - DAG(s) 'conditional_dataset_and_time_based_timetable', 'dataset_produces_1', 'consume_1_and_2_with_dataset_expressions', 'consume_1_or_both_2_and_3_with_dataset_expressions', 'consume_1_or_2_with_dataset_expressions', 'dataset_consumes_unknown_never_scheduled', 'dataset_consumes_1_never_scheduled', 'dataset_consumes_1_and_2', 'dataset_consumes_1', 'dataset_produces_2' retrieved from /home/airflow/.local/lib/python3.12/site-packages/airflow/example_dags/example_datasets.py
[2025-03-30T03:37:00.646+0000] {logging_mixin.py:190} INFO - [2025-03-30T03:37:00.646+0000] {dag.py:3239} INFO - Sync 10 DAGs
[2025-03-30T03:37:00.655+0000] {logging_mixin.py:190} INFO - [2025-03-30T03:37:00.655+0000] {dag.py:4180} INFO - Setting next_dagrun for conditional_dataset_and_time_based_timetable to 2025-03-26 01:00:00+00:00, run_after=2025-03-26 01:00:00+00:00
[2025-03-30T03:37:00.656+0000] {logging_mixin.py:190} INFO - [2025-03-30T03:37:00.656+0000] {dag.py:4180} INFO - Setting next_dagrun for consume_1_and_2_with_dataset_expressions to None, run_after=None
[2025-03-30T03:37:00.657+0000] {logging_mixin.py:190} INFO - [2025-03-30T03:37:00.656+0000] {dag.py:4180} INFO - Setting next_dagrun for consume_1_or_2_with_dataset_expressions to None, run_after=None
[2025-03-30T03:37:00.657+0000] {logging_mixin.py:190} INFO - [2025-03-30T03:37:00.657+0000] {dag.py:4180} INFO - Setting next_dagrun for consume_1_or_both_2_and_3_with_dataset_expressions to None, run_after=None
[2025-03-30T03:37:00.657+0000] {logging_mixin.py:190} INFO - [2025-03-30T03:37:00.657+0000] {dag.py:4180} INFO - Setting next_dagrun for dataset_consumes_1 to None, run_after=None
[2025-03-30T03:37:00.658+0000] {logging_mixin.py:190} INFO - [2025-03-30T03:37:00.658+0000] {dag.py:4180} INFO - Setting next_dagrun for dataset_consumes_1_and_2 to None, run_after=None
[2025-03-30T03:37:00.658+0000] {logging_mixin.py:190} INFO - [2025-03-30T03:37:00.658+0000] {dag.py:4180} INFO - Setting next_dagrun for dataset_consumes_1_never_scheduled to None, run_after=None
[2025-03-30T03:37:00.658+0000] {logging_mixin.py:190} INFO - [2025-03-30T03:37:00.658+0000] {dag.py:4180} INFO - Setting next_dagrun for dataset_consumes_unknown_never_scheduled to None, run_after=None
[2025-03-30T03:37:00.659+0000] {logging_mixin.py:190} INFO - [2025-03-30T03:37:00.659+0000] {dag.py:4180} INFO - Setting next_dagrun for dataset_produces_1 to 2025-03-29 00:00:00+00:00, run_after=2025-03-30 00:00:00+00:00
[2025-03-30T03:37:00.659+0000] {logging_mixin.py:190} INFO - [2025-03-30T03:37:00.659+0000] {dag.py:4180} INFO - Setting next_dagrun for dataset_produces_2 to None, run_after=None
[2025-03-30T03:37:00.671+0000] {processor.py:208} INFO - Processing /home/airflow/.local/lib/python3.12/site-packages/airflow/example_dags/example_datasets.py took 0.247 seconds
[2025-03-30T03:37:31.461+0000] {processor.py:186} INFO - Started process (PID=727) to work on /home/airflow/.local/lib/python3.12/site-packages/airflow/example_dags/example_datasets.py
[2025-03-30T03:37:31.462+0000] {processor.py:914} INFO - Processing file /home/airflow/.local/lib/python3.12/site-packages/airflow/example_dags/example_datasets.py for tasks to queue
[2025-03-30T03:37:31.466+0000] {logging_mixin.py:190} INFO - [2025-03-30T03:37:31.466+0000] {dagbag.py:588} INFO - Filling up the DagBag from /home/airflow/.local/lib/python3.12/site-packages/airflow/example_dags/example_datasets.py
[2025-03-30T03:37:31.672+0000] {processor.py:925} INFO - DAG(s) 'dataset_consumes_1_and_2', 'consume_1_and_2_with_dataset_expressions', 'dataset_consumes_unknown_never_scheduled', 'dataset_consumes_1', 'consume_1_or_2_with_dataset_expressions', 'consume_1_or_both_2_and_3_with_dataset_expressions', 'dataset_produces_1', 'dataset_produces_2', 'dataset_consumes_1_never_scheduled', 'conditional_dataset_and_time_based_timetable' retrieved from /home/airflow/.local/lib/python3.12/site-packages/airflow/example_dags/example_datasets.py
[2025-03-30T03:37:31.688+0000] {logging_mixin.py:190} INFO - [2025-03-30T03:37:31.688+0000] {dag.py:3239} INFO - Sync 10 DAGs
[2025-03-30T03:37:31.696+0000] {logging_mixin.py:190} INFO - [2025-03-30T03:37:31.696+0000] {dag.py:4180} INFO - Setting next_dagrun for conditional_dataset_and_time_based_timetable to 2025-03-26 01:00:00+00:00, run_after=2025-03-26 01:00:00+00:00
[2025-03-30T03:37:31.697+0000] {logging_mixin.py:190} INFO - [2025-03-30T03:37:31.697+0000] {dag.py:4180} INFO - Setting next_dagrun for consume_1_and_2_with_dataset_expressions to None, run_after=None
[2025-03-30T03:37:31.698+0000] {logging_mixin.py:190} INFO - [2025-03-30T03:37:31.698+0000] {dag.py:4180} INFO - Setting next_dagrun for consume_1_or_2_with_dataset_expressions to None, run_after=None
[2025-03-30T03:37:31.698+0000] {logging_mixin.py:190} INFO - [2025-03-30T03:37:31.698+0000] {dag.py:4180} INFO - Setting next_dagrun for consume_1_or_both_2_and_3_with_dataset_expressions to None, run_after=None
[2025-03-30T03:37:31.699+0000] {logging_mixin.py:190} INFO - [2025-03-30T03:37:31.698+0000] {dag.py:4180} INFO - Setting next_dagrun for dataset_consumes_1 to None, run_after=None
[2025-03-30T03:37:31.699+0000] {logging_mixin.py:190} INFO - [2025-03-30T03:37:31.699+0000] {dag.py:4180} INFO - Setting next_dagrun for dataset_consumes_1_and_2 to None, run_after=None
[2025-03-30T03:37:31.699+0000] {logging_mixin.py:190} INFO - [2025-03-30T03:37:31.699+0000] {dag.py:4180} INFO - Setting next_dagrun for dataset_consumes_1_never_scheduled to None, run_after=None
[2025-03-30T03:37:31.700+0000] {logging_mixin.py:190} INFO - [2025-03-30T03:37:31.700+0000] {dag.py:4180} INFO - Setting next_dagrun for dataset_consumes_unknown_never_scheduled to None, run_after=None
[2025-03-30T03:37:31.700+0000] {logging_mixin.py:190} INFO - [2025-03-30T03:37:31.700+0000] {dag.py:4180} INFO - Setting next_dagrun for dataset_produces_1 to 2025-03-29 00:00:00+00:00, run_after=2025-03-30 00:00:00+00:00
[2025-03-30T03:37:31.701+0000] {logging_mixin.py:190} INFO - [2025-03-30T03:37:31.701+0000] {dag.py:4180} INFO - Setting next_dagrun for dataset_produces_2 to None, run_after=None
[2025-03-30T03:37:31.710+0000] {processor.py:208} INFO - Processing /home/airflow/.local/lib/python3.12/site-packages/airflow/example_dags/example_datasets.py took 0.251 seconds
[2025-03-30T03:38:02.570+0000] {processor.py:186} INFO - Started process (PID=790) to work on /home/airflow/.local/lib/python3.12/site-packages/airflow/example_dags/example_datasets.py
[2025-03-30T03:38:02.570+0000] {processor.py:914} INFO - Processing file /home/airflow/.local/lib/python3.12/site-packages/airflow/example_dags/example_datasets.py for tasks to queue
[2025-03-30T03:38:02.571+0000] {logging_mixin.py:190} INFO - [2025-03-30T03:38:02.571+0000] {dagbag.py:588} INFO - Filling up the DagBag from /home/airflow/.local/lib/python3.12/site-packages/airflow/example_dags/example_datasets.py
[2025-03-30T03:38:02.775+0000] {processor.py:925} INFO - DAG(s) 'dataset_consumes_1_and_2', 'consume_1_or_both_2_and_3_with_dataset_expressions', 'dataset_produces_1', 'consume_1_or_2_with_dataset_expressions', 'dataset_consumes_unknown_never_scheduled', 'dataset_consumes_1', 'conditional_dataset_and_time_based_timetable', 'dataset_consumes_1_never_scheduled', 'consume_1_and_2_with_dataset_expressions', 'dataset_produces_2' retrieved from /home/airflow/.local/lib/python3.12/site-packages/airflow/example_dags/example_datasets.py
[2025-03-30T03:38:02.791+0000] {logging_mixin.py:190} INFO - [2025-03-30T03:38:02.791+0000] {dag.py:3239} INFO - Sync 10 DAGs
[2025-03-30T03:38:02.799+0000] {logging_mixin.py:190} INFO - [2025-03-30T03:38:02.799+0000] {dag.py:4180} INFO - Setting next_dagrun for conditional_dataset_and_time_based_timetable to 2025-03-26 01:00:00+00:00, run_after=2025-03-26 01:00:00+00:00
[2025-03-30T03:38:02.801+0000] {logging_mixin.py:190} INFO - [2025-03-30T03:38:02.801+0000] {dag.py:4180} INFO - Setting next_dagrun for consume_1_and_2_with_dataset_expressions to None, run_after=None
[2025-03-30T03:38:02.801+0000] {logging_mixin.py:190} INFO - [2025-03-30T03:38:02.801+0000] {dag.py:4180} INFO - Setting next_dagrun for consume_1_or_2_with_dataset_expressions to None, run_after=None
[2025-03-30T03:38:02.801+0000] {logging_mixin.py:190} INFO - [2025-03-30T03:38:02.801+0000] {dag.py:4180} INFO - Setting next_dagrun for consume_1_or_both_2_and_3_with_dataset_expressions to None, run_after=None
[2025-03-30T03:38:02.802+0000] {logging_mixin.py:190} INFO - [2025-03-30T03:38:02.802+0000] {dag.py:4180} INFO - Setting next_dagrun for dataset_consumes_1 to None, run_after=None
[2025-03-30T03:38:02.802+0000] {logging_mixin.py:190} INFO - [2025-03-30T03:38:02.802+0000] {dag.py:4180} INFO - Setting next_dagrun for dataset_consumes_1_and_2 to None, run_after=None
[2025-03-30T03:38:02.803+0000] {logging_mixin.py:190} INFO - [2025-03-30T03:38:02.803+0000] {dag.py:4180} INFO - Setting next_dagrun for dataset_consumes_1_never_scheduled to None, run_after=None
[2025-03-30T03:38:02.803+0000] {logging_mixin.py:190} INFO - [2025-03-30T03:38:02.803+0000] {dag.py:4180} INFO - Setting next_dagrun for dataset_consumes_unknown_never_scheduled to None, run_after=None
[2025-03-30T03:38:02.804+0000] {logging_mixin.py:190} INFO - [2025-03-30T03:38:02.804+0000] {dag.py:4180} INFO - Setting next_dagrun for dataset_produces_1 to 2025-03-29 00:00:00+00:00, run_after=2025-03-30 00:00:00+00:00
[2025-03-30T03:38:02.804+0000] {logging_mixin.py:190} INFO - [2025-03-30T03:38:02.804+0000] {dag.py:4180} INFO - Setting next_dagrun for dataset_produces_2 to None, run_after=None
[2025-03-30T03:38:02.817+0000] {processor.py:208} INFO - Processing /home/airflow/.local/lib/python3.12/site-packages/airflow/example_dags/example_datasets.py took 0.249 seconds
