[2025-03-30T03:32:21.616+0000] {processor.py:186} INFO - Started process (PID=97) to work on /home/airflow/.local/lib/python3.12/site-packages/airflow/example_dags/example_nested_branch_dag.py
[2025-03-30T03:32:21.617+0000] {processor.py:914} INFO - Processing file /home/airflow/.local/lib/python3.12/site-packages/airflow/example_dags/example_nested_branch_dag.py for tasks to queue
[2025-03-30T03:32:21.618+0000] {logging_mixin.py:190} INFO - [2025-03-30T03:32:21.618+0000] {dagbag.py:588} INFO - Filling up the DagBag from /home/airflow/.local/lib/python3.12/site-packages/airflow/example_dags/example_nested_branch_dag.py
[2025-03-30T03:32:21.624+0000] {processor.py:925} INFO - DAG(s) 'example_nested_branch_dag' retrieved from /home/airflow/.local/lib/python3.12/site-packages/airflow/example_dags/example_nested_branch_dag.py
[2025-03-30T03:32:21.632+0000] {logging_mixin.py:190} INFO - [2025-03-30T03:32:21.632+0000] {dag.py:3239} INFO - Sync 1 DAGs
[2025-03-30T03:32:21.641+0000] {logging_mixin.py:190} INFO - [2025-03-30T03:32:21.641+0000] {dag.py:4180} INFO - Setting next_dagrun for example_nested_branch_dag to 2025-03-29 00:00:00+00:00, run_after=2025-03-30 00:00:00+00:00
[2025-03-30T03:32:21.648+0000] {processor.py:208} INFO - Processing /home/airflow/.local/lib/python3.12/site-packages/airflow/example_dags/example_nested_branch_dag.py took 0.035 seconds
[2025-03-30T03:32:52.705+0000] {processor.py:186} INFO - Started process (PID=160) to work on /home/airflow/.local/lib/python3.12/site-packages/airflow/example_dags/example_nested_branch_dag.py
[2025-03-30T03:32:52.705+0000] {processor.py:914} INFO - Processing file /home/airflow/.local/lib/python3.12/site-packages/airflow/example_dags/example_nested_branch_dag.py for tasks to queue
[2025-03-30T03:32:52.706+0000] {logging_mixin.py:190} INFO - [2025-03-30T03:32:52.706+0000] {dagbag.py:588} INFO - Filling up the DagBag from /home/airflow/.local/lib/python3.12/site-packages/airflow/example_dags/example_nested_branch_dag.py
[2025-03-30T03:32:52.711+0000] {processor.py:925} INFO - DAG(s) 'example_nested_branch_dag' retrieved from /home/airflow/.local/lib/python3.12/site-packages/airflow/example_dags/example_nested_branch_dag.py
[2025-03-30T03:32:52.720+0000] {logging_mixin.py:190} INFO - [2025-03-30T03:32:52.720+0000] {dag.py:3239} INFO - Sync 1 DAGs
[2025-03-30T03:32:52.728+0000] {logging_mixin.py:190} INFO - [2025-03-30T03:32:52.728+0000] {dag.py:4180} INFO - Setting next_dagrun for example_nested_branch_dag to 2025-03-29 00:00:00+00:00, run_after=2025-03-30 00:00:00+00:00
[2025-03-30T03:32:52.734+0000] {processor.py:208} INFO - Processing /home/airflow/.local/lib/python3.12/site-packages/airflow/example_dags/example_nested_branch_dag.py took 0.032 seconds
[2025-03-30T03:33:23.753+0000] {processor.py:186} INFO - Started process (PID=223) to work on /home/airflow/.local/lib/python3.12/site-packages/airflow/example_dags/example_nested_branch_dag.py
[2025-03-30T03:33:23.754+0000] {processor.py:914} INFO - Processing file /home/airflow/.local/lib/python3.12/site-packages/airflow/example_dags/example_nested_branch_dag.py for tasks to queue
[2025-03-30T03:33:23.755+0000] {logging_mixin.py:190} INFO - [2025-03-30T03:33:23.754+0000] {dagbag.py:588} INFO - Filling up the DagBag from /home/airflow/.local/lib/python3.12/site-packages/airflow/example_dags/example_nested_branch_dag.py
[2025-03-30T03:33:23.759+0000] {processor.py:925} INFO - DAG(s) 'example_nested_branch_dag' retrieved from /home/airflow/.local/lib/python3.12/site-packages/airflow/example_dags/example_nested_branch_dag.py
[2025-03-30T03:33:23.768+0000] {logging_mixin.py:190} INFO - [2025-03-30T03:33:23.768+0000] {dag.py:3239} INFO - Sync 1 DAGs
[2025-03-30T03:33:23.777+0000] {logging_mixin.py:190} INFO - [2025-03-30T03:33:23.776+0000] {dag.py:4180} INFO - Setting next_dagrun for example_nested_branch_dag to 2025-03-29 00:00:00+00:00, run_after=2025-03-30 00:00:00+00:00
[2025-03-30T03:33:23.783+0000] {processor.py:208} INFO - Processing /home/airflow/.local/lib/python3.12/site-packages/airflow/example_dags/example_nested_branch_dag.py took 0.032 seconds
[2025-03-30T03:33:54.691+0000] {processor.py:186} INFO - Started process (PID=286) to work on /home/airflow/.local/lib/python3.12/site-packages/airflow/example_dags/example_nested_branch_dag.py
[2025-03-30T03:33:54.692+0000] {processor.py:914} INFO - Processing file /home/airflow/.local/lib/python3.12/site-packages/airflow/example_dags/example_nested_branch_dag.py for tasks to queue
[2025-03-30T03:33:54.692+0000] {logging_mixin.py:190} INFO - [2025-03-30T03:33:54.692+0000] {dagbag.py:588} INFO - Filling up the DagBag from /home/airflow/.local/lib/python3.12/site-packages/airflow/example_dags/example_nested_branch_dag.py
[2025-03-30T03:33:54.697+0000] {processor.py:925} INFO - DAG(s) 'example_nested_branch_dag' retrieved from /home/airflow/.local/lib/python3.12/site-packages/airflow/example_dags/example_nested_branch_dag.py
[2025-03-30T03:33:54.707+0000] {logging_mixin.py:190} INFO - [2025-03-30T03:33:54.707+0000] {dag.py:3239} INFO - Sync 1 DAGs
[2025-03-30T03:33:54.715+0000] {logging_mixin.py:190} INFO - [2025-03-30T03:33:54.715+0000] {dag.py:4180} INFO - Setting next_dagrun for example_nested_branch_dag to 2025-03-29 00:00:00+00:00, run_after=2025-03-30 00:00:00+00:00
[2025-03-30T03:33:54.721+0000] {processor.py:208} INFO - Processing /home/airflow/.local/lib/python3.12/site-packages/airflow/example_dags/example_nested_branch_dag.py took 0.032 seconds
[2025-03-30T03:34:24.756+0000] {processor.py:186} INFO - Started process (PID=348) to work on /home/airflow/.local/lib/python3.12/site-packages/airflow/example_dags/example_nested_branch_dag.py
[2025-03-30T03:34:24.756+0000] {processor.py:914} INFO - Processing file /home/airflow/.local/lib/python3.12/site-packages/airflow/example_dags/example_nested_branch_dag.py for tasks to queue
[2025-03-30T03:34:24.757+0000] {logging_mixin.py:190} INFO - [2025-03-30T03:34:24.757+0000] {dagbag.py:588} INFO - Filling up the DagBag from /home/airflow/.local/lib/python3.12/site-packages/airflow/example_dags/example_nested_branch_dag.py
[2025-03-30T03:34:24.761+0000] {processor.py:925} INFO - DAG(s) 'example_nested_branch_dag' retrieved from /home/airflow/.local/lib/python3.12/site-packages/airflow/example_dags/example_nested_branch_dag.py
[2025-03-30T03:34:24.768+0000] {logging_mixin.py:190} INFO - [2025-03-30T03:34:24.768+0000] {dag.py:3239} INFO - Sync 1 DAGs
[2025-03-30T03:34:24.776+0000] {logging_mixin.py:190} INFO - [2025-03-30T03:34:24.776+0000] {dag.py:4180} INFO - Setting next_dagrun for example_nested_branch_dag to 2025-03-29 00:00:00+00:00, run_after=2025-03-30 00:00:00+00:00
[2025-03-30T03:34:24.781+0000] {processor.py:208} INFO - Processing /home/airflow/.local/lib/python3.12/site-packages/airflow/example_dags/example_nested_branch_dag.py took 0.028 seconds
[2025-03-30T03:34:55.839+0000] {processor.py:186} INFO - Started process (PID=411) to work on /home/airflow/.local/lib/python3.12/site-packages/airflow/example_dags/example_nested_branch_dag.py
[2025-03-30T03:34:55.840+0000] {processor.py:914} INFO - Processing file /home/airflow/.local/lib/python3.12/site-packages/airflow/example_dags/example_nested_branch_dag.py for tasks to queue
[2025-03-30T03:34:55.840+0000] {logging_mixin.py:190} INFO - [2025-03-30T03:34:55.840+0000] {dagbag.py:588} INFO - Filling up the DagBag from /home/airflow/.local/lib/python3.12/site-packages/airflow/example_dags/example_nested_branch_dag.py
[2025-03-30T03:34:55.845+0000] {processor.py:925} INFO - DAG(s) 'example_nested_branch_dag' retrieved from /home/airflow/.local/lib/python3.12/site-packages/airflow/example_dags/example_nested_branch_dag.py
[2025-03-30T03:34:55.853+0000] {logging_mixin.py:190} INFO - [2025-03-30T03:34:55.853+0000] {dag.py:3239} INFO - Sync 1 DAGs
[2025-03-30T03:34:55.861+0000] {logging_mixin.py:190} INFO - [2025-03-30T03:34:55.861+0000] {dag.py:4180} INFO - Setting next_dagrun for example_nested_branch_dag to 2025-03-29 00:00:00+00:00, run_after=2025-03-30 00:00:00+00:00
[2025-03-30T03:34:55.867+0000] {processor.py:208} INFO - Processing /home/airflow/.local/lib/python3.12/site-packages/airflow/example_dags/example_nested_branch_dag.py took 0.030 seconds
[2025-03-30T03:35:26.972+0000] {processor.py:186} INFO - Started process (PID=474) to work on /home/airflow/.local/lib/python3.12/site-packages/airflow/example_dags/example_nested_branch_dag.py
[2025-03-30T03:35:26.973+0000] {processor.py:914} INFO - Processing file /home/airflow/.local/lib/python3.12/site-packages/airflow/example_dags/example_nested_branch_dag.py for tasks to queue
[2025-03-30T03:35:26.974+0000] {logging_mixin.py:190} INFO - [2025-03-30T03:35:26.974+0000] {dagbag.py:588} INFO - Filling up the DagBag from /home/airflow/.local/lib/python3.12/site-packages/airflow/example_dags/example_nested_branch_dag.py
[2025-03-30T03:35:26.978+0000] {processor.py:925} INFO - DAG(s) 'example_nested_branch_dag' retrieved from /home/airflow/.local/lib/python3.12/site-packages/airflow/example_dags/example_nested_branch_dag.py
[2025-03-30T03:35:26.986+0000] {logging_mixin.py:190} INFO - [2025-03-30T03:35:26.985+0000] {dag.py:3239} INFO - Sync 1 DAGs
[2025-03-30T03:35:26.993+0000] {logging_mixin.py:190} INFO - [2025-03-30T03:35:26.993+0000] {dag.py:4180} INFO - Setting next_dagrun for example_nested_branch_dag to 2025-03-29 00:00:00+00:00, run_after=2025-03-30 00:00:00+00:00
[2025-03-30T03:35:26.999+0000] {processor.py:208} INFO - Processing /home/airflow/.local/lib/python3.12/site-packages/airflow/example_dags/example_nested_branch_dag.py took 0.029 seconds
[2025-03-30T03:35:58.100+0000] {processor.py:186} INFO - Started process (PID=536) to work on /home/airflow/.local/lib/python3.12/site-packages/airflow/example_dags/example_nested_branch_dag.py
[2025-03-30T03:35:58.100+0000] {processor.py:914} INFO - Processing file /home/airflow/.local/lib/python3.12/site-packages/airflow/example_dags/example_nested_branch_dag.py for tasks to queue
[2025-03-30T03:35:58.102+0000] {logging_mixin.py:190} INFO - [2025-03-30T03:35:58.102+0000] {dagbag.py:588} INFO - Filling up the DagBag from /home/airflow/.local/lib/python3.12/site-packages/airflow/example_dags/example_nested_branch_dag.py
[2025-03-30T03:35:58.106+0000] {processor.py:925} INFO - DAG(s) 'example_nested_branch_dag' retrieved from /home/airflow/.local/lib/python3.12/site-packages/airflow/example_dags/example_nested_branch_dag.py
[2025-03-30T03:35:58.115+0000] {logging_mixin.py:190} INFO - [2025-03-30T03:35:58.115+0000] {dag.py:3239} INFO - Sync 1 DAGs
[2025-03-30T03:35:58.125+0000] {logging_mixin.py:190} INFO - [2025-03-30T03:35:58.125+0000] {dag.py:4180} INFO - Setting next_dagrun for example_nested_branch_dag to 2025-03-29 00:00:00+00:00, run_after=2025-03-30 00:00:00+00:00
[2025-03-30T03:35:58.131+0000] {processor.py:208} INFO - Processing /home/airflow/.local/lib/python3.12/site-packages/airflow/example_dags/example_nested_branch_dag.py took 0.033 seconds
[2025-03-30T03:36:29.183+0000] {processor.py:186} INFO - Started process (PID=599) to work on /home/airflow/.local/lib/python3.12/site-packages/airflow/example_dags/example_nested_branch_dag.py
[2025-03-30T03:36:29.183+0000] {processor.py:914} INFO - Processing file /home/airflow/.local/lib/python3.12/site-packages/airflow/example_dags/example_nested_branch_dag.py for tasks to queue
[2025-03-30T03:36:29.184+0000] {logging_mixin.py:190} INFO - [2025-03-30T03:36:29.184+0000] {dagbag.py:588} INFO - Filling up the DagBag from /home/airflow/.local/lib/python3.12/site-packages/airflow/example_dags/example_nested_branch_dag.py
[2025-03-30T03:36:29.189+0000] {processor.py:925} INFO - DAG(s) 'example_nested_branch_dag' retrieved from /home/airflow/.local/lib/python3.12/site-packages/airflow/example_dags/example_nested_branch_dag.py
[2025-03-30T03:36:29.198+0000] {logging_mixin.py:190} INFO - [2025-03-30T03:36:29.197+0000] {dag.py:3239} INFO - Sync 1 DAGs
[2025-03-30T03:36:29.209+0000] {logging_mixin.py:190} INFO - [2025-03-30T03:36:29.209+0000] {dag.py:4180} INFO - Setting next_dagrun for example_nested_branch_dag to 2025-03-29 00:00:00+00:00, run_after=2025-03-30 00:00:00+00:00
[2025-03-30T03:36:29.223+0000] {processor.py:208} INFO - Processing /home/airflow/.local/lib/python3.12/site-packages/airflow/example_dags/example_nested_branch_dag.py took 0.042 seconds
[2025-03-30T03:37:00.378+0000] {processor.py:186} INFO - Started process (PID=662) to work on /home/airflow/.local/lib/python3.12/site-packages/airflow/example_dags/example_nested_branch_dag.py
[2025-03-30T03:37:00.378+0000] {processor.py:914} INFO - Processing file /home/airflow/.local/lib/python3.12/site-packages/airflow/example_dags/example_nested_branch_dag.py for tasks to queue
[2025-03-30T03:37:00.379+0000] {logging_mixin.py:190} INFO - [2025-03-30T03:37:00.379+0000] {dagbag.py:588} INFO - Filling up the DagBag from /home/airflow/.local/lib/python3.12/site-packages/airflow/example_dags/example_nested_branch_dag.py
[2025-03-30T03:37:00.384+0000] {processor.py:925} INFO - DAG(s) 'example_nested_branch_dag' retrieved from /home/airflow/.local/lib/python3.12/site-packages/airflow/example_dags/example_nested_branch_dag.py
[2025-03-30T03:37:00.391+0000] {logging_mixin.py:190} INFO - [2025-03-30T03:37:00.391+0000] {dag.py:3239} INFO - Sync 1 DAGs
[2025-03-30T03:37:00.399+0000] {logging_mixin.py:190} INFO - [2025-03-30T03:37:00.399+0000] {dag.py:4180} INFO - Setting next_dagrun for example_nested_branch_dag to 2025-03-29 00:00:00+00:00, run_after=2025-03-30 00:00:00+00:00
[2025-03-30T03:37:00.407+0000] {processor.py:208} INFO - Processing /home/airflow/.local/lib/python3.12/site-packages/airflow/example_dags/example_nested_branch_dag.py took 0.032 seconds
[2025-03-30T03:37:31.422+0000] {processor.py:186} INFO - Started process (PID=725) to work on /home/airflow/.local/lib/python3.12/site-packages/airflow/example_dags/example_nested_branch_dag.py
[2025-03-30T03:37:31.422+0000] {processor.py:914} INFO - Processing file /home/airflow/.local/lib/python3.12/site-packages/airflow/example_dags/example_nested_branch_dag.py for tasks to queue
[2025-03-30T03:37:31.423+0000] {logging_mixin.py:190} INFO - [2025-03-30T03:37:31.423+0000] {dagbag.py:588} INFO - Filling up the DagBag from /home/airflow/.local/lib/python3.12/site-packages/airflow/example_dags/example_nested_branch_dag.py
[2025-03-30T03:37:31.427+0000] {processor.py:925} INFO - DAG(s) 'example_nested_branch_dag' retrieved from /home/airflow/.local/lib/python3.12/site-packages/airflow/example_dags/example_nested_branch_dag.py
[2025-03-30T03:37:31.435+0000] {logging_mixin.py:190} INFO - [2025-03-30T03:37:31.435+0000] {dag.py:3239} INFO - Sync 1 DAGs
[2025-03-30T03:37:31.443+0000] {logging_mixin.py:190} INFO - [2025-03-30T03:37:31.443+0000] {dag.py:4180} INFO - Setting next_dagrun for example_nested_branch_dag to 2025-03-29 00:00:00+00:00, run_after=2025-03-30 00:00:00+00:00
[2025-03-30T03:37:31.449+0000] {processor.py:208} INFO - Processing /home/airflow/.local/lib/python3.12/site-packages/airflow/example_dags/example_nested_branch_dag.py took 0.029 seconds
[2025-03-30T03:38:02.503+0000] {processor.py:186} INFO - Started process (PID=788) to work on /home/airflow/.local/lib/python3.12/site-packages/airflow/example_dags/example_nested_branch_dag.py
[2025-03-30T03:38:02.503+0000] {processor.py:914} INFO - Processing file /home/airflow/.local/lib/python3.12/site-packages/airflow/example_dags/example_nested_branch_dag.py for tasks to queue
[2025-03-30T03:38:02.504+0000] {logging_mixin.py:190} INFO - [2025-03-30T03:38:02.504+0000] {dagbag.py:588} INFO - Filling up the DagBag from /home/airflow/.local/lib/python3.12/site-packages/airflow/example_dags/example_nested_branch_dag.py
[2025-03-30T03:38:02.509+0000] {processor.py:925} INFO - DAG(s) 'example_nested_branch_dag' retrieved from /home/airflow/.local/lib/python3.12/site-packages/airflow/example_dags/example_nested_branch_dag.py
[2025-03-30T03:38:02.517+0000] {logging_mixin.py:190} INFO - [2025-03-30T03:38:02.516+0000] {dag.py:3239} INFO - Sync 1 DAGs
[2025-03-30T03:38:02.524+0000] {logging_mixin.py:190} INFO - [2025-03-30T03:38:02.524+0000] {dag.py:4180} INFO - Setting next_dagrun for example_nested_branch_dag to 2025-03-29 00:00:00+00:00, run_after=2025-03-30 00:00:00+00:00
[2025-03-30T03:38:02.530+0000] {processor.py:208} INFO - Processing /home/airflow/.local/lib/python3.12/site-packages/airflow/example_dags/example_nested_branch_dag.py took 0.029 seconds
[2025-03-30T11:24:54.148+0000] {processor.py:186} INFO - Started process (PID=98) to work on /home/airflow/.local/lib/python3.12/site-packages/airflow/example_dags/example_nested_branch_dag.py
[2025-03-30T11:24:54.166+0000] {processor.py:914} INFO - Processing file /home/airflow/.local/lib/python3.12/site-packages/airflow/example_dags/example_nested_branch_dag.py for tasks to queue
[2025-03-30T11:24:54.167+0000] {logging_mixin.py:190} INFO - [2025-03-30T11:24:54.166+0000] {dagbag.py:588} INFO - Filling up the DagBag from /home/airflow/.local/lib/python3.12/site-packages/airflow/example_dags/example_nested_branch_dag.py
[2025-03-30T11:24:54.173+0000] {processor.py:925} INFO - DAG(s) 'example_nested_branch_dag' retrieved from /home/airflow/.local/lib/python3.12/site-packages/airflow/example_dags/example_nested_branch_dag.py
[2025-03-30T11:24:54.180+0000] {logging_mixin.py:190} INFO - [2025-03-30T11:24:54.180+0000] {dag.py:3239} INFO - Sync 1 DAGs
[2025-03-30T11:24:54.188+0000] {logging_mixin.py:190} INFO - [2025-03-30T11:24:54.188+0000] {dag.py:4180} INFO - Setting next_dagrun for example_nested_branch_dag to 2025-03-29 00:00:00+00:00, run_after=2025-03-30 00:00:00+00:00
[2025-03-30T11:24:54.194+0000] {processor.py:208} INFO - Processing /home/airflow/.local/lib/python3.12/site-packages/airflow/example_dags/example_nested_branch_dag.py took 0.048 seconds
[2025-03-30T11:25:24.409+0000] {processor.py:186} INFO - Started process (PID=162) to work on /home/airflow/.local/lib/python3.12/site-packages/airflow/example_dags/example_nested_branch_dag.py
[2025-03-30T11:25:24.410+0000] {processor.py:914} INFO - Processing file /home/airflow/.local/lib/python3.12/site-packages/airflow/example_dags/example_nested_branch_dag.py for tasks to queue
[2025-03-30T11:25:24.411+0000] {logging_mixin.py:190} INFO - [2025-03-30T11:25:24.411+0000] {dagbag.py:588} INFO - Filling up the DagBag from /home/airflow/.local/lib/python3.12/site-packages/airflow/example_dags/example_nested_branch_dag.py
[2025-03-30T11:25:24.417+0000] {processor.py:925} INFO - DAG(s) 'example_nested_branch_dag' retrieved from /home/airflow/.local/lib/python3.12/site-packages/airflow/example_dags/example_nested_branch_dag.py
[2025-03-30T11:25:24.430+0000] {logging_mixin.py:190} INFO - [2025-03-30T11:25:24.430+0000] {dag.py:3239} INFO - Sync 1 DAGs
[2025-03-30T11:25:24.438+0000] {logging_mixin.py:190} INFO - [2025-03-30T11:25:24.438+0000] {dag.py:4180} INFO - Setting next_dagrun for example_nested_branch_dag to 2025-03-29 00:00:00+00:00, run_after=2025-03-30 00:00:00+00:00
[2025-03-30T11:25:24.448+0000] {processor.py:208} INFO - Processing /home/airflow/.local/lib/python3.12/site-packages/airflow/example_dags/example_nested_branch_dag.py took 0.041 seconds
[2025-03-30T11:25:54.626+0000] {processor.py:186} INFO - Started process (PID=226) to work on /home/airflow/.local/lib/python3.12/site-packages/airflow/example_dags/example_nested_branch_dag.py
[2025-03-30T11:25:54.626+0000] {processor.py:914} INFO - Processing file /home/airflow/.local/lib/python3.12/site-packages/airflow/example_dags/example_nested_branch_dag.py for tasks to queue
[2025-03-30T11:25:54.627+0000] {logging_mixin.py:190} INFO - [2025-03-30T11:25:54.627+0000] {dagbag.py:588} INFO - Filling up the DagBag from /home/airflow/.local/lib/python3.12/site-packages/airflow/example_dags/example_nested_branch_dag.py
[2025-03-30T11:25:54.631+0000] {processor.py:925} INFO - DAG(s) 'example_nested_branch_dag' retrieved from /home/airflow/.local/lib/python3.12/site-packages/airflow/example_dags/example_nested_branch_dag.py
[2025-03-30T11:25:54.640+0000] {logging_mixin.py:190} INFO - [2025-03-30T11:25:54.639+0000] {dag.py:3239} INFO - Sync 1 DAGs
[2025-03-30T11:25:54.647+0000] {logging_mixin.py:190} INFO - [2025-03-30T11:25:54.647+0000] {dag.py:4180} INFO - Setting next_dagrun for example_nested_branch_dag to 2025-03-29 00:00:00+00:00, run_after=2025-03-30 00:00:00+00:00
[2025-03-30T11:25:54.653+0000] {processor.py:208} INFO - Processing /home/airflow/.local/lib/python3.12/site-packages/airflow/example_dags/example_nested_branch_dag.py took 0.030 seconds
[2025-03-30T11:26:25.961+0000] {processor.py:186} INFO - Started process (PID=290) to work on /home/airflow/.local/lib/python3.12/site-packages/airflow/example_dags/example_nested_branch_dag.py
[2025-03-30T11:26:25.961+0000] {processor.py:914} INFO - Processing file /home/airflow/.local/lib/python3.12/site-packages/airflow/example_dags/example_nested_branch_dag.py for tasks to queue
[2025-03-30T11:26:25.962+0000] {logging_mixin.py:190} INFO - [2025-03-30T11:26:25.962+0000] {dagbag.py:588} INFO - Filling up the DagBag from /home/airflow/.local/lib/python3.12/site-packages/airflow/example_dags/example_nested_branch_dag.py
[2025-03-30T11:26:25.967+0000] {processor.py:925} INFO - DAG(s) 'example_nested_branch_dag' retrieved from /home/airflow/.local/lib/python3.12/site-packages/airflow/example_dags/example_nested_branch_dag.py
[2025-03-30T11:26:25.980+0000] {logging_mixin.py:190} INFO - [2025-03-30T11:26:25.980+0000] {dag.py:3239} INFO - Sync 1 DAGs
[2025-03-30T11:26:25.988+0000] {logging_mixin.py:190} INFO - [2025-03-30T11:26:25.988+0000] {dag.py:4180} INFO - Setting next_dagrun for example_nested_branch_dag to 2025-03-29 00:00:00+00:00, run_after=2025-03-30 00:00:00+00:00
[2025-03-30T11:26:25.994+0000] {processor.py:208} INFO - Processing /home/airflow/.local/lib/python3.12/site-packages/airflow/example_dags/example_nested_branch_dag.py took 0.036 seconds
[2025-03-30T11:26:56.236+0000] {processor.py:186} INFO - Started process (PID=353) to work on /home/airflow/.local/lib/python3.12/site-packages/airflow/example_dags/example_nested_branch_dag.py
[2025-03-30T11:26:56.238+0000] {processor.py:914} INFO - Processing file /home/airflow/.local/lib/python3.12/site-packages/airflow/example_dags/example_nested_branch_dag.py for tasks to queue
[2025-03-30T11:26:56.239+0000] {logging_mixin.py:190} INFO - [2025-03-30T11:26:56.239+0000] {dagbag.py:588} INFO - Filling up the DagBag from /home/airflow/.local/lib/python3.12/site-packages/airflow/example_dags/example_nested_branch_dag.py
[2025-03-30T11:26:56.243+0000] {processor.py:925} INFO - DAG(s) 'example_nested_branch_dag' retrieved from /home/airflow/.local/lib/python3.12/site-packages/airflow/example_dags/example_nested_branch_dag.py
[2025-03-30T11:26:56.253+0000] {logging_mixin.py:190} INFO - [2025-03-30T11:26:56.253+0000] {dag.py:3239} INFO - Sync 1 DAGs
[2025-03-30T11:26:56.262+0000] {logging_mixin.py:190} INFO - [2025-03-30T11:26:56.262+0000] {dag.py:4180} INFO - Setting next_dagrun for example_nested_branch_dag to 2025-03-29 00:00:00+00:00, run_after=2025-03-30 00:00:00+00:00
[2025-03-30T11:26:56.276+0000] {processor.py:208} INFO - Processing /home/airflow/.local/lib/python3.12/site-packages/airflow/example_dags/example_nested_branch_dag.py took 0.042 seconds
[2025-03-30T11:27:26.549+0000] {processor.py:186} INFO - Started process (PID=417) to work on /home/airflow/.local/lib/python3.12/site-packages/airflow/example_dags/example_nested_branch_dag.py
[2025-03-30T11:27:26.549+0000] {processor.py:914} INFO - Processing file /home/airflow/.local/lib/python3.12/site-packages/airflow/example_dags/example_nested_branch_dag.py for tasks to queue
[2025-03-30T11:27:26.550+0000] {logging_mixin.py:190} INFO - [2025-03-30T11:27:26.550+0000] {dagbag.py:588} INFO - Filling up the DagBag from /home/airflow/.local/lib/python3.12/site-packages/airflow/example_dags/example_nested_branch_dag.py
[2025-03-30T11:27:26.554+0000] {processor.py:925} INFO - DAG(s) 'example_nested_branch_dag' retrieved from /home/airflow/.local/lib/python3.12/site-packages/airflow/example_dags/example_nested_branch_dag.py
[2025-03-30T11:27:26.562+0000] {logging_mixin.py:190} INFO - [2025-03-30T11:27:26.562+0000] {dag.py:3239} INFO - Sync 1 DAGs
[2025-03-30T11:27:26.571+0000] {logging_mixin.py:190} INFO - [2025-03-30T11:27:26.570+0000] {dag.py:4180} INFO - Setting next_dagrun for example_nested_branch_dag to 2025-03-29 00:00:00+00:00, run_after=2025-03-30 00:00:00+00:00
[2025-03-30T11:27:26.577+0000] {processor.py:208} INFO - Processing /home/airflow/.local/lib/python3.12/site-packages/airflow/example_dags/example_nested_branch_dag.py took 0.030 seconds
[2025-03-30T11:27:57.768+0000] {processor.py:186} INFO - Started process (PID=481) to work on /home/airflow/.local/lib/python3.12/site-packages/airflow/example_dags/example_nested_branch_dag.py
[2025-03-30T11:27:57.769+0000] {processor.py:914} INFO - Processing file /home/airflow/.local/lib/python3.12/site-packages/airflow/example_dags/example_nested_branch_dag.py for tasks to queue
[2025-03-30T11:27:57.771+0000] {logging_mixin.py:190} INFO - [2025-03-30T11:27:57.771+0000] {dagbag.py:588} INFO - Filling up the DagBag from /home/airflow/.local/lib/python3.12/site-packages/airflow/example_dags/example_nested_branch_dag.py
[2025-03-30T11:27:57.776+0000] {processor.py:925} INFO - DAG(s) 'example_nested_branch_dag' retrieved from /home/airflow/.local/lib/python3.12/site-packages/airflow/example_dags/example_nested_branch_dag.py
[2025-03-30T11:27:57.788+0000] {logging_mixin.py:190} INFO - [2025-03-30T11:27:57.788+0000] {dag.py:3239} INFO - Sync 1 DAGs
[2025-03-30T11:27:57.804+0000] {logging_mixin.py:190} INFO - [2025-03-30T11:27:57.804+0000] {dag.py:4180} INFO - Setting next_dagrun for example_nested_branch_dag to 2025-03-29 00:00:00+00:00, run_after=2025-03-30 00:00:00+00:00
[2025-03-30T11:27:57.816+0000] {processor.py:208} INFO - Processing /home/airflow/.local/lib/python3.12/site-packages/airflow/example_dags/example_nested_branch_dag.py took 0.051 seconds
[2025-03-30T11:28:28.330+0000] {processor.py:186} INFO - Started process (PID=546) to work on /home/airflow/.local/lib/python3.12/site-packages/airflow/example_dags/example_nested_branch_dag.py
[2025-03-30T11:28:28.330+0000] {processor.py:914} INFO - Processing file /home/airflow/.local/lib/python3.12/site-packages/airflow/example_dags/example_nested_branch_dag.py for tasks to queue
[2025-03-30T11:28:28.331+0000] {logging_mixin.py:190} INFO - [2025-03-30T11:28:28.331+0000] {dagbag.py:588} INFO - Filling up the DagBag from /home/airflow/.local/lib/python3.12/site-packages/airflow/example_dags/example_nested_branch_dag.py
[2025-03-30T11:28:28.336+0000] {processor.py:925} INFO - DAG(s) 'example_nested_branch_dag' retrieved from /home/airflow/.local/lib/python3.12/site-packages/airflow/example_dags/example_nested_branch_dag.py
[2025-03-30T11:28:28.346+0000] {logging_mixin.py:190} INFO - [2025-03-30T11:28:28.346+0000] {dag.py:3239} INFO - Sync 1 DAGs
[2025-03-30T11:28:28.354+0000] {logging_mixin.py:190} INFO - [2025-03-30T11:28:28.354+0000] {dag.py:4180} INFO - Setting next_dagrun for example_nested_branch_dag to 2025-03-29 00:00:00+00:00, run_after=2025-03-30 00:00:00+00:00
[2025-03-30T11:28:28.365+0000] {processor.py:208} INFO - Processing /home/airflow/.local/lib/python3.12/site-packages/airflow/example_dags/example_nested_branch_dag.py took 0.037 seconds
[2025-03-30T11:28:59.196+0000] {processor.py:186} INFO - Started process (PID=611) to work on /home/airflow/.local/lib/python3.12/site-packages/airflow/example_dags/example_nested_branch_dag.py
[2025-03-30T11:28:59.196+0000] {processor.py:914} INFO - Processing file /home/airflow/.local/lib/python3.12/site-packages/airflow/example_dags/example_nested_branch_dag.py for tasks to queue
[2025-03-30T11:28:59.198+0000] {logging_mixin.py:190} INFO - [2025-03-30T11:28:59.198+0000] {dagbag.py:588} INFO - Filling up the DagBag from /home/airflow/.local/lib/python3.12/site-packages/airflow/example_dags/example_nested_branch_dag.py
[2025-03-30T11:28:59.204+0000] {processor.py:925} INFO - DAG(s) 'example_nested_branch_dag' retrieved from /home/airflow/.local/lib/python3.12/site-packages/airflow/example_dags/example_nested_branch_dag.py
[2025-03-30T11:28:59.215+0000] {logging_mixin.py:190} INFO - [2025-03-30T11:28:59.215+0000] {dag.py:3239} INFO - Sync 1 DAGs
[2025-03-30T11:28:59.224+0000] {logging_mixin.py:190} INFO - [2025-03-30T11:28:59.224+0000] {dag.py:4180} INFO - Setting next_dagrun for example_nested_branch_dag to 2025-03-29 00:00:00+00:00, run_after=2025-03-30 00:00:00+00:00
[2025-03-30T11:28:59.237+0000] {processor.py:208} INFO - Processing /home/airflow/.local/lib/python3.12/site-packages/airflow/example_dags/example_nested_branch_dag.py took 0.044 seconds
[2025-03-30T11:29:29.443+0000] {processor.py:186} INFO - Started process (PID=674) to work on /home/airflow/.local/lib/python3.12/site-packages/airflow/example_dags/example_nested_branch_dag.py
[2025-03-30T11:29:29.443+0000] {processor.py:914} INFO - Processing file /home/airflow/.local/lib/python3.12/site-packages/airflow/example_dags/example_nested_branch_dag.py for tasks to queue
[2025-03-30T11:29:29.448+0000] {logging_mixin.py:190} INFO - [2025-03-30T11:29:29.448+0000] {dagbag.py:588} INFO - Filling up the DagBag from /home/airflow/.local/lib/python3.12/site-packages/airflow/example_dags/example_nested_branch_dag.py
[2025-03-30T11:29:29.456+0000] {processor.py:925} INFO - DAG(s) 'example_nested_branch_dag' retrieved from /home/airflow/.local/lib/python3.12/site-packages/airflow/example_dags/example_nested_branch_dag.py
[2025-03-30T11:29:29.469+0000] {logging_mixin.py:190} INFO - [2025-03-30T11:29:29.469+0000] {dag.py:3239} INFO - Sync 1 DAGs
[2025-03-30T11:29:29.479+0000] {logging_mixin.py:190} INFO - [2025-03-30T11:29:29.479+0000] {dag.py:4180} INFO - Setting next_dagrun for example_nested_branch_dag to 2025-03-29 00:00:00+00:00, run_after=2025-03-30 00:00:00+00:00
[2025-03-30T11:29:29.488+0000] {processor.py:208} INFO - Processing /home/airflow/.local/lib/python3.12/site-packages/airflow/example_dags/example_nested_branch_dag.py took 0.048 seconds
[2025-03-30T11:29:59.916+0000] {processor.py:186} INFO - Started process (PID=738) to work on /home/airflow/.local/lib/python3.12/site-packages/airflow/example_dags/example_nested_branch_dag.py
[2025-03-30T11:29:59.916+0000] {processor.py:914} INFO - Processing file /home/airflow/.local/lib/python3.12/site-packages/airflow/example_dags/example_nested_branch_dag.py for tasks to queue
[2025-03-30T11:29:59.918+0000] {logging_mixin.py:190} INFO - [2025-03-30T11:29:59.917+0000] {dagbag.py:588} INFO - Filling up the DagBag from /home/airflow/.local/lib/python3.12/site-packages/airflow/example_dags/example_nested_branch_dag.py
[2025-03-30T11:29:59.922+0000] {processor.py:925} INFO - DAG(s) 'example_nested_branch_dag' retrieved from /home/airflow/.local/lib/python3.12/site-packages/airflow/example_dags/example_nested_branch_dag.py
[2025-03-30T11:29:59.930+0000] {logging_mixin.py:190} INFO - [2025-03-30T11:29:59.930+0000] {dag.py:3239} INFO - Sync 1 DAGs
[2025-03-30T11:29:59.938+0000] {logging_mixin.py:190} INFO - [2025-03-30T11:29:59.938+0000] {dag.py:4180} INFO - Setting next_dagrun for example_nested_branch_dag to 2025-03-29 00:00:00+00:00, run_after=2025-03-30 00:00:00+00:00
[2025-03-30T11:29:59.944+0000] {processor.py:208} INFO - Processing /home/airflow/.local/lib/python3.12/site-packages/airflow/example_dags/example_nested_branch_dag.py took 0.030 seconds
[2025-03-30T11:30:31.142+0000] {processor.py:186} INFO - Started process (PID=802) to work on /home/airflow/.local/lib/python3.12/site-packages/airflow/example_dags/example_nested_branch_dag.py
[2025-03-30T11:30:31.143+0000] {processor.py:914} INFO - Processing file /home/airflow/.local/lib/python3.12/site-packages/airflow/example_dags/example_nested_branch_dag.py for tasks to queue
[2025-03-30T11:30:31.144+0000] {logging_mixin.py:190} INFO - [2025-03-30T11:30:31.143+0000] {dagbag.py:588} INFO - Filling up the DagBag from /home/airflow/.local/lib/python3.12/site-packages/airflow/example_dags/example_nested_branch_dag.py
[2025-03-30T11:30:31.148+0000] {processor.py:925} INFO - DAG(s) 'example_nested_branch_dag' retrieved from /home/airflow/.local/lib/python3.12/site-packages/airflow/example_dags/example_nested_branch_dag.py
[2025-03-30T11:30:31.158+0000] {logging_mixin.py:190} INFO - [2025-03-30T11:30:31.157+0000] {dag.py:3239} INFO - Sync 1 DAGs
[2025-03-30T11:30:31.166+0000] {logging_mixin.py:190} INFO - [2025-03-30T11:30:31.166+0000] {dag.py:4180} INFO - Setting next_dagrun for example_nested_branch_dag to 2025-03-29 00:00:00+00:00, run_after=2025-03-30 00:00:00+00:00
[2025-03-30T11:30:31.175+0000] {processor.py:208} INFO - Processing /home/airflow/.local/lib/python3.12/site-packages/airflow/example_dags/example_nested_branch_dag.py took 0.035 seconds
[2025-03-30T11:31:02.401+0000] {processor.py:186} INFO - Started process (PID=866) to work on /home/airflow/.local/lib/python3.12/site-packages/airflow/example_dags/example_nested_branch_dag.py
[2025-03-30T11:31:02.403+0000] {processor.py:914} INFO - Processing file /home/airflow/.local/lib/python3.12/site-packages/airflow/example_dags/example_nested_branch_dag.py for tasks to queue
[2025-03-30T11:31:02.405+0000] {logging_mixin.py:190} INFO - [2025-03-30T11:31:02.405+0000] {dagbag.py:588} INFO - Filling up the DagBag from /home/airflow/.local/lib/python3.12/site-packages/airflow/example_dags/example_nested_branch_dag.py
[2025-03-30T11:31:02.410+0000] {processor.py:925} INFO - DAG(s) 'example_nested_branch_dag' retrieved from /home/airflow/.local/lib/python3.12/site-packages/airflow/example_dags/example_nested_branch_dag.py
[2025-03-30T11:31:02.419+0000] {logging_mixin.py:190} INFO - [2025-03-30T11:31:02.418+0000] {dag.py:3239} INFO - Sync 1 DAGs
[2025-03-30T11:31:02.427+0000] {logging_mixin.py:190} INFO - [2025-03-30T11:31:02.427+0000] {dag.py:4180} INFO - Setting next_dagrun for example_nested_branch_dag to 2025-03-29 00:00:00+00:00, run_after=2025-03-30 00:00:00+00:00
[2025-03-30T11:31:02.434+0000] {processor.py:208} INFO - Processing /home/airflow/.local/lib/python3.12/site-packages/airflow/example_dags/example_nested_branch_dag.py took 0.035 seconds
[2025-03-30T11:31:32.706+0000] {processor.py:186} INFO - Started process (PID=930) to work on /home/airflow/.local/lib/python3.12/site-packages/airflow/example_dags/example_nested_branch_dag.py
[2025-03-30T11:31:32.706+0000] {processor.py:914} INFO - Processing file /home/airflow/.local/lib/python3.12/site-packages/airflow/example_dags/example_nested_branch_dag.py for tasks to queue
[2025-03-30T11:31:32.707+0000] {logging_mixin.py:190} INFO - [2025-03-30T11:31:32.707+0000] {dagbag.py:588} INFO - Filling up the DagBag from /home/airflow/.local/lib/python3.12/site-packages/airflow/example_dags/example_nested_branch_dag.py
[2025-03-30T11:31:32.711+0000] {processor.py:925} INFO - DAG(s) 'example_nested_branch_dag' retrieved from /home/airflow/.local/lib/python3.12/site-packages/airflow/example_dags/example_nested_branch_dag.py
[2025-03-30T11:31:32.720+0000] {logging_mixin.py:190} INFO - [2025-03-30T11:31:32.719+0000] {dag.py:3239} INFO - Sync 1 DAGs
[2025-03-30T11:31:32.728+0000] {logging_mixin.py:190} INFO - [2025-03-30T11:31:32.728+0000] {dag.py:4180} INFO - Setting next_dagrun for example_nested_branch_dag to 2025-03-29 00:00:00+00:00, run_after=2025-03-30 00:00:00+00:00
[2025-03-30T11:31:32.734+0000] {processor.py:208} INFO - Processing /home/airflow/.local/lib/python3.12/site-packages/airflow/example_dags/example_nested_branch_dag.py took 0.031 seconds
[2025-03-30T11:32:03.875+0000] {processor.py:186} INFO - Started process (PID=993) to work on /home/airflow/.local/lib/python3.12/site-packages/airflow/example_dags/example_nested_branch_dag.py
[2025-03-30T11:32:03.876+0000] {processor.py:914} INFO - Processing file /home/airflow/.local/lib/python3.12/site-packages/airflow/example_dags/example_nested_branch_dag.py for tasks to queue
[2025-03-30T11:32:03.877+0000] {logging_mixin.py:190} INFO - [2025-03-30T11:32:03.877+0000] {dagbag.py:588} INFO - Filling up the DagBag from /home/airflow/.local/lib/python3.12/site-packages/airflow/example_dags/example_nested_branch_dag.py
[2025-03-30T11:32:03.881+0000] {processor.py:925} INFO - DAG(s) 'example_nested_branch_dag' retrieved from /home/airflow/.local/lib/python3.12/site-packages/airflow/example_dags/example_nested_branch_dag.py
[2025-03-30T11:32:03.889+0000] {logging_mixin.py:190} INFO - [2025-03-30T11:32:03.888+0000] {dag.py:3239} INFO - Sync 1 DAGs
[2025-03-30T11:32:03.896+0000] {logging_mixin.py:190} INFO - [2025-03-30T11:32:03.896+0000] {dag.py:4180} INFO - Setting next_dagrun for example_nested_branch_dag to 2025-03-29 00:00:00+00:00, run_after=2025-03-30 00:00:00+00:00
[2025-03-30T11:32:03.903+0000] {processor.py:208} INFO - Processing /home/airflow/.local/lib/python3.12/site-packages/airflow/example_dags/example_nested_branch_dag.py took 0.030 seconds
[2025-03-30T11:32:35.155+0000] {processor.py:186} INFO - Started process (PID=1057) to work on /home/airflow/.local/lib/python3.12/site-packages/airflow/example_dags/example_nested_branch_dag.py
[2025-03-30T11:32:35.156+0000] {processor.py:914} INFO - Processing file /home/airflow/.local/lib/python3.12/site-packages/airflow/example_dags/example_nested_branch_dag.py for tasks to queue
[2025-03-30T11:32:35.156+0000] {logging_mixin.py:190} INFO - [2025-03-30T11:32:35.156+0000] {dagbag.py:588} INFO - Filling up the DagBag from /home/airflow/.local/lib/python3.12/site-packages/airflow/example_dags/example_nested_branch_dag.py
[2025-03-30T11:32:35.161+0000] {processor.py:925} INFO - DAG(s) 'example_nested_branch_dag' retrieved from /home/airflow/.local/lib/python3.12/site-packages/airflow/example_dags/example_nested_branch_dag.py
[2025-03-30T11:32:35.172+0000] {logging_mixin.py:190} INFO - [2025-03-30T11:32:35.171+0000] {dag.py:3239} INFO - Sync 1 DAGs
[2025-03-30T11:32:35.180+0000] {logging_mixin.py:190} INFO - [2025-03-30T11:32:35.180+0000] {dag.py:4180} INFO - Setting next_dagrun for example_nested_branch_dag to 2025-03-29 00:00:00+00:00, run_after=2025-03-30 00:00:00+00:00
[2025-03-30T11:32:35.186+0000] {processor.py:208} INFO - Processing /home/airflow/.local/lib/python3.12/site-packages/airflow/example_dags/example_nested_branch_dag.py took 0.033 seconds
[2025-03-30T11:33:06.274+0000] {processor.py:186} INFO - Started process (PID=1121) to work on /home/airflow/.local/lib/python3.12/site-packages/airflow/example_dags/example_nested_branch_dag.py
[2025-03-30T11:33:06.275+0000] {processor.py:914} INFO - Processing file /home/airflow/.local/lib/python3.12/site-packages/airflow/example_dags/example_nested_branch_dag.py for tasks to queue
[2025-03-30T11:33:06.276+0000] {logging_mixin.py:190} INFO - [2025-03-30T11:33:06.276+0000] {dagbag.py:588} INFO - Filling up the DagBag from /home/airflow/.local/lib/python3.12/site-packages/airflow/example_dags/example_nested_branch_dag.py
[2025-03-30T11:33:06.280+0000] {processor.py:925} INFO - DAG(s) 'example_nested_branch_dag' retrieved from /home/airflow/.local/lib/python3.12/site-packages/airflow/example_dags/example_nested_branch_dag.py
[2025-03-30T11:33:06.288+0000] {logging_mixin.py:190} INFO - [2025-03-30T11:33:06.287+0000] {dag.py:3239} INFO - Sync 1 DAGs
[2025-03-30T11:33:06.296+0000] {logging_mixin.py:190} INFO - [2025-03-30T11:33:06.296+0000] {dag.py:4180} INFO - Setting next_dagrun for example_nested_branch_dag to 2025-03-29 00:00:00+00:00, run_after=2025-03-30 00:00:00+00:00
[2025-03-30T11:33:06.305+0000] {processor.py:208} INFO - Processing /home/airflow/.local/lib/python3.12/site-packages/airflow/example_dags/example_nested_branch_dag.py took 0.033 seconds
[2025-03-30T11:33:37.424+0000] {processor.py:186} INFO - Started process (PID=1185) to work on /home/airflow/.local/lib/python3.12/site-packages/airflow/example_dags/example_nested_branch_dag.py
[2025-03-30T11:33:37.425+0000] {processor.py:914} INFO - Processing file /home/airflow/.local/lib/python3.12/site-packages/airflow/example_dags/example_nested_branch_dag.py for tasks to queue
[2025-03-30T11:33:37.426+0000] {logging_mixin.py:190} INFO - [2025-03-30T11:33:37.426+0000] {dagbag.py:588} INFO - Filling up the DagBag from /home/airflow/.local/lib/python3.12/site-packages/airflow/example_dags/example_nested_branch_dag.py
[2025-03-30T11:33:37.430+0000] {processor.py:925} INFO - DAG(s) 'example_nested_branch_dag' retrieved from /home/airflow/.local/lib/python3.12/site-packages/airflow/example_dags/example_nested_branch_dag.py
[2025-03-30T11:33:37.440+0000] {logging_mixin.py:190} INFO - [2025-03-30T11:33:37.440+0000] {dag.py:3239} INFO - Sync 1 DAGs
[2025-03-30T11:33:37.449+0000] {logging_mixin.py:190} INFO - [2025-03-30T11:33:37.448+0000] {dag.py:4180} INFO - Setting next_dagrun for example_nested_branch_dag to 2025-03-29 00:00:00+00:00, run_after=2025-03-30 00:00:00+00:00
[2025-03-30T11:33:37.454+0000] {processor.py:208} INFO - Processing /home/airflow/.local/lib/python3.12/site-packages/airflow/example_dags/example_nested_branch_dag.py took 0.032 seconds
[2025-03-30T11:34:08.744+0000] {processor.py:186} INFO - Started process (PID=1249) to work on /home/airflow/.local/lib/python3.12/site-packages/airflow/example_dags/example_nested_branch_dag.py
[2025-03-30T11:34:08.744+0000] {processor.py:914} INFO - Processing file /home/airflow/.local/lib/python3.12/site-packages/airflow/example_dags/example_nested_branch_dag.py for tasks to queue
[2025-03-30T11:34:08.745+0000] {logging_mixin.py:190} INFO - [2025-03-30T11:34:08.745+0000] {dagbag.py:588} INFO - Filling up the DagBag from /home/airflow/.local/lib/python3.12/site-packages/airflow/example_dags/example_nested_branch_dag.py
[2025-03-30T11:34:08.750+0000] {processor.py:925} INFO - DAG(s) 'example_nested_branch_dag' retrieved from /home/airflow/.local/lib/python3.12/site-packages/airflow/example_dags/example_nested_branch_dag.py
[2025-03-30T11:34:08.759+0000] {logging_mixin.py:190} INFO - [2025-03-30T11:34:08.759+0000] {dag.py:3239} INFO - Sync 1 DAGs
[2025-03-30T11:34:08.769+0000] {logging_mixin.py:190} INFO - [2025-03-30T11:34:08.769+0000] {dag.py:4180} INFO - Setting next_dagrun for example_nested_branch_dag to 2025-03-29 00:00:00+00:00, run_after=2025-03-30 00:00:00+00:00
[2025-03-30T11:34:08.778+0000] {processor.py:208} INFO - Processing /home/airflow/.local/lib/python3.12/site-packages/airflow/example_dags/example_nested_branch_dag.py took 0.037 seconds
[2025-03-30T11:34:40.121+0000] {processor.py:186} INFO - Started process (PID=1313) to work on /home/airflow/.local/lib/python3.12/site-packages/airflow/example_dags/example_nested_branch_dag.py
[2025-03-30T11:34:40.121+0000] {processor.py:914} INFO - Processing file /home/airflow/.local/lib/python3.12/site-packages/airflow/example_dags/example_nested_branch_dag.py for tasks to queue
[2025-03-30T11:34:40.122+0000] {logging_mixin.py:190} INFO - [2025-03-30T11:34:40.122+0000] {dagbag.py:588} INFO - Filling up the DagBag from /home/airflow/.local/lib/python3.12/site-packages/airflow/example_dags/example_nested_branch_dag.py
[2025-03-30T11:34:40.128+0000] {processor.py:925} INFO - DAG(s) 'example_nested_branch_dag' retrieved from /home/airflow/.local/lib/python3.12/site-packages/airflow/example_dags/example_nested_branch_dag.py
[2025-03-30T11:34:40.138+0000] {logging_mixin.py:190} INFO - [2025-03-30T11:34:40.138+0000] {dag.py:3239} INFO - Sync 1 DAGs
[2025-03-30T11:34:40.147+0000] {logging_mixin.py:190} INFO - [2025-03-30T11:34:40.147+0000] {dag.py:4180} INFO - Setting next_dagrun for example_nested_branch_dag to 2025-03-29 00:00:00+00:00, run_after=2025-03-30 00:00:00+00:00
[2025-03-30T11:34:40.154+0000] {processor.py:208} INFO - Processing /home/airflow/.local/lib/python3.12/site-packages/airflow/example_dags/example_nested_branch_dag.py took 0.035 seconds
[2025-03-30T11:35:10.758+0000] {processor.py:186} INFO - Started process (PID=1377) to work on /home/airflow/.local/lib/python3.12/site-packages/airflow/example_dags/example_nested_branch_dag.py
[2025-03-30T11:35:10.759+0000] {processor.py:914} INFO - Processing file /home/airflow/.local/lib/python3.12/site-packages/airflow/example_dags/example_nested_branch_dag.py for tasks to queue
[2025-03-30T11:35:10.760+0000] {logging_mixin.py:190} INFO - [2025-03-30T11:35:10.760+0000] {dagbag.py:588} INFO - Filling up the DagBag from /home/airflow/.local/lib/python3.12/site-packages/airflow/example_dags/example_nested_branch_dag.py
[2025-03-30T11:35:10.765+0000] {processor.py:925} INFO - DAG(s) 'example_nested_branch_dag' retrieved from /home/airflow/.local/lib/python3.12/site-packages/airflow/example_dags/example_nested_branch_dag.py
[2025-03-30T11:35:10.774+0000] {logging_mixin.py:190} INFO - [2025-03-30T11:35:10.774+0000] {dag.py:3239} INFO - Sync 1 DAGs
[2025-03-30T11:35:10.785+0000] {logging_mixin.py:190} INFO - [2025-03-30T11:35:10.784+0000] {dag.py:4180} INFO - Setting next_dagrun for example_nested_branch_dag to 2025-03-29 00:00:00+00:00, run_after=2025-03-30 00:00:00+00:00
[2025-03-30T11:35:10.797+0000] {processor.py:208} INFO - Processing /home/airflow/.local/lib/python3.12/site-packages/airflow/example_dags/example_nested_branch_dag.py took 0.041 seconds
[2025-03-30T11:35:41.078+0000] {processor.py:186} INFO - Started process (PID=1441) to work on /home/airflow/.local/lib/python3.12/site-packages/airflow/example_dags/example_nested_branch_dag.py
[2025-03-30T11:35:41.079+0000] {processor.py:914} INFO - Processing file /home/airflow/.local/lib/python3.12/site-packages/airflow/example_dags/example_nested_branch_dag.py for tasks to queue
[2025-03-30T11:35:41.080+0000] {logging_mixin.py:190} INFO - [2025-03-30T11:35:41.080+0000] {dagbag.py:588} INFO - Filling up the DagBag from /home/airflow/.local/lib/python3.12/site-packages/airflow/example_dags/example_nested_branch_dag.py
[2025-03-30T11:35:41.084+0000] {processor.py:925} INFO - DAG(s) 'example_nested_branch_dag' retrieved from /home/airflow/.local/lib/python3.12/site-packages/airflow/example_dags/example_nested_branch_dag.py
[2025-03-30T11:35:41.092+0000] {logging_mixin.py:190} INFO - [2025-03-30T11:35:41.092+0000] {dag.py:3239} INFO - Sync 1 DAGs
[2025-03-30T11:35:41.104+0000] {logging_mixin.py:190} INFO - [2025-03-30T11:35:41.103+0000] {dag.py:4180} INFO - Setting next_dagrun for example_nested_branch_dag to 2025-03-29 00:00:00+00:00, run_after=2025-03-30 00:00:00+00:00
[2025-03-30T11:35:41.112+0000] {processor.py:208} INFO - Processing /home/airflow/.local/lib/python3.12/site-packages/airflow/example_dags/example_nested_branch_dag.py took 0.037 seconds
[2025-03-30T11:36:12.517+0000] {processor.py:186} INFO - Started process (PID=1505) to work on /home/airflow/.local/lib/python3.12/site-packages/airflow/example_dags/example_nested_branch_dag.py
[2025-03-30T11:36:12.517+0000] {processor.py:914} INFO - Processing file /home/airflow/.local/lib/python3.12/site-packages/airflow/example_dags/example_nested_branch_dag.py for tasks to queue
[2025-03-30T11:36:12.518+0000] {logging_mixin.py:190} INFO - [2025-03-30T11:36:12.518+0000] {dagbag.py:588} INFO - Filling up the DagBag from /home/airflow/.local/lib/python3.12/site-packages/airflow/example_dags/example_nested_branch_dag.py
[2025-03-30T11:36:12.522+0000] {processor.py:925} INFO - DAG(s) 'example_nested_branch_dag' retrieved from /home/airflow/.local/lib/python3.12/site-packages/airflow/example_dags/example_nested_branch_dag.py
[2025-03-30T11:36:12.531+0000] {logging_mixin.py:190} INFO - [2025-03-30T11:36:12.531+0000] {dag.py:3239} INFO - Sync 1 DAGs
[2025-03-30T11:36:12.541+0000] {logging_mixin.py:190} INFO - [2025-03-30T11:36:12.541+0000] {dag.py:4180} INFO - Setting next_dagrun for example_nested_branch_dag to 2025-03-29 00:00:00+00:00, run_after=2025-03-30 00:00:00+00:00
[2025-03-30T11:36:12.547+0000] {processor.py:208} INFO - Processing /home/airflow/.local/lib/python3.12/site-packages/airflow/example_dags/example_nested_branch_dag.py took 0.032 seconds
[2025-03-30T11:36:42.819+0000] {processor.py:186} INFO - Started process (PID=1569) to work on /home/airflow/.local/lib/python3.12/site-packages/airflow/example_dags/example_nested_branch_dag.py
[2025-03-30T11:36:42.820+0000] {processor.py:914} INFO - Processing file /home/airflow/.local/lib/python3.12/site-packages/airflow/example_dags/example_nested_branch_dag.py for tasks to queue
[2025-03-30T11:36:42.822+0000] {logging_mixin.py:190} INFO - [2025-03-30T11:36:42.821+0000] {dagbag.py:588} INFO - Filling up the DagBag from /home/airflow/.local/lib/python3.12/site-packages/airflow/example_dags/example_nested_branch_dag.py
[2025-03-30T11:36:42.827+0000] {processor.py:925} INFO - DAG(s) 'example_nested_branch_dag' retrieved from /home/airflow/.local/lib/python3.12/site-packages/airflow/example_dags/example_nested_branch_dag.py
[2025-03-30T11:36:42.836+0000] {logging_mixin.py:190} INFO - [2025-03-30T11:36:42.836+0000] {dag.py:3239} INFO - Sync 1 DAGs
[2025-03-30T11:36:42.843+0000] {logging_mixin.py:190} INFO - [2025-03-30T11:36:42.843+0000] {dag.py:4180} INFO - Setting next_dagrun for example_nested_branch_dag to 2025-03-29 00:00:00+00:00, run_after=2025-03-30 00:00:00+00:00
[2025-03-30T11:36:42.855+0000] {processor.py:208} INFO - Processing /home/airflow/.local/lib/python3.12/site-packages/airflow/example_dags/example_nested_branch_dag.py took 0.038 seconds
[2025-03-30T11:37:13.976+0000] {processor.py:186} INFO - Started process (PID=1633) to work on /home/airflow/.local/lib/python3.12/site-packages/airflow/example_dags/example_nested_branch_dag.py
[2025-03-30T11:37:13.976+0000] {processor.py:914} INFO - Processing file /home/airflow/.local/lib/python3.12/site-packages/airflow/example_dags/example_nested_branch_dag.py for tasks to queue
[2025-03-30T11:37:13.977+0000] {logging_mixin.py:190} INFO - [2025-03-30T11:37:13.977+0000] {dagbag.py:588} INFO - Filling up the DagBag from /home/airflow/.local/lib/python3.12/site-packages/airflow/example_dags/example_nested_branch_dag.py
[2025-03-30T11:37:13.981+0000] {processor.py:925} INFO - DAG(s) 'example_nested_branch_dag' retrieved from /home/airflow/.local/lib/python3.12/site-packages/airflow/example_dags/example_nested_branch_dag.py
[2025-03-30T11:37:13.988+0000] {logging_mixin.py:190} INFO - [2025-03-30T11:37:13.988+0000] {dag.py:3239} INFO - Sync 1 DAGs
[2025-03-30T11:37:13.995+0000] {logging_mixin.py:190} INFO - [2025-03-30T11:37:13.995+0000] {dag.py:4180} INFO - Setting next_dagrun for example_nested_branch_dag to 2025-03-29 00:00:00+00:00, run_after=2025-03-30 00:00:00+00:00
[2025-03-30T11:37:14.000+0000] {processor.py:208} INFO - Processing /home/airflow/.local/lib/python3.12/site-packages/airflow/example_dags/example_nested_branch_dag.py took 0.026 seconds
[2025-03-30T11:37:45.201+0000] {processor.py:186} INFO - Started process (PID=1697) to work on /home/airflow/.local/lib/python3.12/site-packages/airflow/example_dags/example_nested_branch_dag.py
[2025-03-30T11:37:45.201+0000] {processor.py:914} INFO - Processing file /home/airflow/.local/lib/python3.12/site-packages/airflow/example_dags/example_nested_branch_dag.py for tasks to queue
[2025-03-30T11:37:45.202+0000] {logging_mixin.py:190} INFO - [2025-03-30T11:37:45.202+0000] {dagbag.py:588} INFO - Filling up the DagBag from /home/airflow/.local/lib/python3.12/site-packages/airflow/example_dags/example_nested_branch_dag.py
[2025-03-30T11:37:45.206+0000] {processor.py:925} INFO - DAG(s) 'example_nested_branch_dag' retrieved from /home/airflow/.local/lib/python3.12/site-packages/airflow/example_dags/example_nested_branch_dag.py
[2025-03-30T11:37:45.216+0000] {logging_mixin.py:190} INFO - [2025-03-30T11:37:45.216+0000] {dag.py:3239} INFO - Sync 1 DAGs
[2025-03-30T11:37:45.224+0000] {logging_mixin.py:190} INFO - [2025-03-30T11:37:45.224+0000] {dag.py:4180} INFO - Setting next_dagrun for example_nested_branch_dag to 2025-03-29 00:00:00+00:00, run_after=2025-03-30 00:00:00+00:00
[2025-03-30T11:37:45.233+0000] {processor.py:208} INFO - Processing /home/airflow/.local/lib/python3.12/site-packages/airflow/example_dags/example_nested_branch_dag.py took 0.035 seconds
[2025-03-30T11:38:16.651+0000] {processor.py:186} INFO - Started process (PID=1761) to work on /home/airflow/.local/lib/python3.12/site-packages/airflow/example_dags/example_nested_branch_dag.py
[2025-03-30T11:38:16.652+0000] {processor.py:914} INFO - Processing file /home/airflow/.local/lib/python3.12/site-packages/airflow/example_dags/example_nested_branch_dag.py for tasks to queue
[2025-03-30T11:38:16.653+0000] {logging_mixin.py:190} INFO - [2025-03-30T11:38:16.653+0000] {dagbag.py:588} INFO - Filling up the DagBag from /home/airflow/.local/lib/python3.12/site-packages/airflow/example_dags/example_nested_branch_dag.py
[2025-03-30T11:38:16.658+0000] {processor.py:925} INFO - DAG(s) 'example_nested_branch_dag' retrieved from /home/airflow/.local/lib/python3.12/site-packages/airflow/example_dags/example_nested_branch_dag.py
[2025-03-30T11:38:16.665+0000] {logging_mixin.py:190} INFO - [2025-03-30T11:38:16.665+0000] {dag.py:3239} INFO - Sync 1 DAGs
[2025-03-30T11:38:16.673+0000] {logging_mixin.py:190} INFO - [2025-03-30T11:38:16.673+0000] {dag.py:4180} INFO - Setting next_dagrun for example_nested_branch_dag to 2025-03-29 00:00:00+00:00, run_after=2025-03-30 00:00:00+00:00
[2025-03-30T11:38:16.682+0000] {processor.py:208} INFO - Processing /home/airflow/.local/lib/python3.12/site-packages/airflow/example_dags/example_nested_branch_dag.py took 0.033 seconds
[2025-03-30T11:38:46.791+0000] {processor.py:186} INFO - Started process (PID=1825) to work on /home/airflow/.local/lib/python3.12/site-packages/airflow/example_dags/example_nested_branch_dag.py
[2025-03-30T11:38:46.792+0000] {processor.py:914} INFO - Processing file /home/airflow/.local/lib/python3.12/site-packages/airflow/example_dags/example_nested_branch_dag.py for tasks to queue
[2025-03-30T11:38:46.793+0000] {logging_mixin.py:190} INFO - [2025-03-30T11:38:46.793+0000] {dagbag.py:588} INFO - Filling up the DagBag from /home/airflow/.local/lib/python3.12/site-packages/airflow/example_dags/example_nested_branch_dag.py
[2025-03-30T11:38:46.797+0000] {processor.py:925} INFO - DAG(s) 'example_nested_branch_dag' retrieved from /home/airflow/.local/lib/python3.12/site-packages/airflow/example_dags/example_nested_branch_dag.py
[2025-03-30T11:38:46.808+0000] {logging_mixin.py:190} INFO - [2025-03-30T11:38:46.808+0000] {dag.py:3239} INFO - Sync 1 DAGs
[2025-03-30T11:38:46.817+0000] {logging_mixin.py:190} INFO - [2025-03-30T11:38:46.816+0000] {dag.py:4180} INFO - Setting next_dagrun for example_nested_branch_dag to 2025-03-29 00:00:00+00:00, run_after=2025-03-30 00:00:00+00:00
[2025-03-30T11:38:46.824+0000] {processor.py:208} INFO - Processing /home/airflow/.local/lib/python3.12/site-packages/airflow/example_dags/example_nested_branch_dag.py took 0.035 seconds
[2025-03-30T11:39:17.984+0000] {processor.py:186} INFO - Started process (PID=1889) to work on /home/airflow/.local/lib/python3.12/site-packages/airflow/example_dags/example_nested_branch_dag.py
[2025-03-30T11:39:17.985+0000] {processor.py:914} INFO - Processing file /home/airflow/.local/lib/python3.12/site-packages/airflow/example_dags/example_nested_branch_dag.py for tasks to queue
[2025-03-30T11:39:17.988+0000] {logging_mixin.py:190} INFO - [2025-03-30T11:39:17.988+0000] {dagbag.py:588} INFO - Filling up the DagBag from /home/airflow/.local/lib/python3.12/site-packages/airflow/example_dags/example_nested_branch_dag.py
[2025-03-30T11:39:17.993+0000] {processor.py:925} INFO - DAG(s) 'example_nested_branch_dag' retrieved from /home/airflow/.local/lib/python3.12/site-packages/airflow/example_dags/example_nested_branch_dag.py
[2025-03-30T11:39:18.001+0000] {logging_mixin.py:190} INFO - [2025-03-30T11:39:18.001+0000] {dag.py:3239} INFO - Sync 1 DAGs
[2025-03-30T11:39:18.011+0000] {logging_mixin.py:190} INFO - [2025-03-30T11:39:18.010+0000] {dag.py:4180} INFO - Setting next_dagrun for example_nested_branch_dag to 2025-03-29 00:00:00+00:00, run_after=2025-03-30 00:00:00+00:00
[2025-03-30T11:39:18.020+0000] {processor.py:208} INFO - Processing /home/airflow/.local/lib/python3.12/site-packages/airflow/example_dags/example_nested_branch_dag.py took 0.039 seconds
[2025-03-30T11:39:49.148+0000] {processor.py:186} INFO - Started process (PID=1953) to work on /home/airflow/.local/lib/python3.12/site-packages/airflow/example_dags/example_nested_branch_dag.py
[2025-03-30T11:39:49.149+0000] {processor.py:914} INFO - Processing file /home/airflow/.local/lib/python3.12/site-packages/airflow/example_dags/example_nested_branch_dag.py for tasks to queue
[2025-03-30T11:39:49.150+0000] {logging_mixin.py:190} INFO - [2025-03-30T11:39:49.149+0000] {dagbag.py:588} INFO - Filling up the DagBag from /home/airflow/.local/lib/python3.12/site-packages/airflow/example_dags/example_nested_branch_dag.py
[2025-03-30T11:39:49.154+0000] {processor.py:925} INFO - DAG(s) 'example_nested_branch_dag' retrieved from /home/airflow/.local/lib/python3.12/site-packages/airflow/example_dags/example_nested_branch_dag.py
[2025-03-30T11:39:49.162+0000] {logging_mixin.py:190} INFO - [2025-03-30T11:39:49.162+0000] {dag.py:3239} INFO - Sync 1 DAGs
[2025-03-30T11:39:49.171+0000] {logging_mixin.py:190} INFO - [2025-03-30T11:39:49.171+0000] {dag.py:4180} INFO - Setting next_dagrun for example_nested_branch_dag to 2025-03-29 00:00:00+00:00, run_after=2025-03-30 00:00:00+00:00
[2025-03-30T11:39:49.179+0000] {processor.py:208} INFO - Processing /home/airflow/.local/lib/python3.12/site-packages/airflow/example_dags/example_nested_branch_dag.py took 0.033 seconds
[2025-03-30T11:40:20.369+0000] {processor.py:186} INFO - Started process (PID=2017) to work on /home/airflow/.local/lib/python3.12/site-packages/airflow/example_dags/example_nested_branch_dag.py
[2025-03-30T11:40:20.369+0000] {processor.py:914} INFO - Processing file /home/airflow/.local/lib/python3.12/site-packages/airflow/example_dags/example_nested_branch_dag.py for tasks to queue
[2025-03-30T11:40:20.370+0000] {logging_mixin.py:190} INFO - [2025-03-30T11:40:20.370+0000] {dagbag.py:588} INFO - Filling up the DagBag from /home/airflow/.local/lib/python3.12/site-packages/airflow/example_dags/example_nested_branch_dag.py
[2025-03-30T11:40:20.374+0000] {processor.py:925} INFO - DAG(s) 'example_nested_branch_dag' retrieved from /home/airflow/.local/lib/python3.12/site-packages/airflow/example_dags/example_nested_branch_dag.py
[2025-03-30T11:40:20.382+0000] {logging_mixin.py:190} INFO - [2025-03-30T11:40:20.382+0000] {dag.py:3239} INFO - Sync 1 DAGs
[2025-03-30T11:40:20.390+0000] {logging_mixin.py:190} INFO - [2025-03-30T11:40:20.390+0000] {dag.py:4180} INFO - Setting next_dagrun for example_nested_branch_dag to 2025-03-29 00:00:00+00:00, run_after=2025-03-30 00:00:00+00:00
[2025-03-30T11:40:20.398+0000] {processor.py:208} INFO - Processing /home/airflow/.local/lib/python3.12/site-packages/airflow/example_dags/example_nested_branch_dag.py took 0.032 seconds
[2025-03-30T11:40:51.715+0000] {processor.py:186} INFO - Started process (PID=2081) to work on /home/airflow/.local/lib/python3.12/site-packages/airflow/example_dags/example_nested_branch_dag.py
[2025-03-30T11:40:51.716+0000] {processor.py:914} INFO - Processing file /home/airflow/.local/lib/python3.12/site-packages/airflow/example_dags/example_nested_branch_dag.py for tasks to queue
[2025-03-30T11:40:51.717+0000] {logging_mixin.py:190} INFO - [2025-03-30T11:40:51.716+0000] {dagbag.py:588} INFO - Filling up the DagBag from /home/airflow/.local/lib/python3.12/site-packages/airflow/example_dags/example_nested_branch_dag.py
[2025-03-30T11:40:51.723+0000] {processor.py:925} INFO - DAG(s) 'example_nested_branch_dag' retrieved from /home/airflow/.local/lib/python3.12/site-packages/airflow/example_dags/example_nested_branch_dag.py
[2025-03-30T11:40:51.730+0000] {logging_mixin.py:190} INFO - [2025-03-30T11:40:51.730+0000] {dag.py:3239} INFO - Sync 1 DAGs
[2025-03-30T11:40:51.738+0000] {logging_mixin.py:190} INFO - [2025-03-30T11:40:51.738+0000] {dag.py:4180} INFO - Setting next_dagrun for example_nested_branch_dag to 2025-03-29 00:00:00+00:00, run_after=2025-03-30 00:00:00+00:00
[2025-03-30T11:40:51.747+0000] {processor.py:208} INFO - Processing /home/airflow/.local/lib/python3.12/site-packages/airflow/example_dags/example_nested_branch_dag.py took 0.035 seconds
[2025-03-30T11:41:22.917+0000] {processor.py:186} INFO - Started process (PID=2145) to work on /home/airflow/.local/lib/python3.12/site-packages/airflow/example_dags/example_nested_branch_dag.py
[2025-03-30T11:41:22.917+0000] {processor.py:914} INFO - Processing file /home/airflow/.local/lib/python3.12/site-packages/airflow/example_dags/example_nested_branch_dag.py for tasks to queue
[2025-03-30T11:41:22.918+0000] {logging_mixin.py:190} INFO - [2025-03-30T11:41:22.918+0000] {dagbag.py:588} INFO - Filling up the DagBag from /home/airflow/.local/lib/python3.12/site-packages/airflow/example_dags/example_nested_branch_dag.py
[2025-03-30T11:41:22.923+0000] {processor.py:925} INFO - DAG(s) 'example_nested_branch_dag' retrieved from /home/airflow/.local/lib/python3.12/site-packages/airflow/example_dags/example_nested_branch_dag.py
[2025-03-30T11:41:22.931+0000] {logging_mixin.py:190} INFO - [2025-03-30T11:41:22.931+0000] {dag.py:3239} INFO - Sync 1 DAGs
[2025-03-30T11:41:22.939+0000] {logging_mixin.py:190} INFO - [2025-03-30T11:41:22.939+0000] {dag.py:4180} INFO - Setting next_dagrun for example_nested_branch_dag to 2025-03-29 00:00:00+00:00, run_after=2025-03-30 00:00:00+00:00
[2025-03-30T11:41:22.947+0000] {processor.py:208} INFO - Processing /home/airflow/.local/lib/python3.12/site-packages/airflow/example_dags/example_nested_branch_dag.py took 0.033 seconds
[2025-03-30T11:41:54.006+0000] {processor.py:186} INFO - Started process (PID=2209) to work on /home/airflow/.local/lib/python3.12/site-packages/airflow/example_dags/example_nested_branch_dag.py
[2025-03-30T11:41:54.007+0000] {processor.py:914} INFO - Processing file /home/airflow/.local/lib/python3.12/site-packages/airflow/example_dags/example_nested_branch_dag.py for tasks to queue
[2025-03-30T11:41:54.009+0000] {logging_mixin.py:190} INFO - [2025-03-30T11:41:54.009+0000] {dagbag.py:588} INFO - Filling up the DagBag from /home/airflow/.local/lib/python3.12/site-packages/airflow/example_dags/example_nested_branch_dag.py
[2025-03-30T11:41:54.013+0000] {processor.py:925} INFO - DAG(s) 'example_nested_branch_dag' retrieved from /home/airflow/.local/lib/python3.12/site-packages/airflow/example_dags/example_nested_branch_dag.py
[2025-03-30T11:41:54.021+0000] {logging_mixin.py:190} INFO - [2025-03-30T11:41:54.021+0000] {dag.py:3239} INFO - Sync 1 DAGs
[2025-03-30T11:41:54.028+0000] {logging_mixin.py:190} INFO - [2025-03-30T11:41:54.028+0000] {dag.py:4180} INFO - Setting next_dagrun for example_nested_branch_dag to 2025-03-29 00:00:00+00:00, run_after=2025-03-30 00:00:00+00:00
[2025-03-30T11:41:54.038+0000] {processor.py:208} INFO - Processing /home/airflow/.local/lib/python3.12/site-packages/airflow/example_dags/example_nested_branch_dag.py took 0.034 seconds
[2025-03-30T11:42:25.232+0000] {processor.py:186} INFO - Started process (PID=2279) to work on /home/airflow/.local/lib/python3.12/site-packages/airflow/example_dags/example_nested_branch_dag.py
[2025-03-30T11:42:25.234+0000] {processor.py:914} INFO - Processing file /home/airflow/.local/lib/python3.12/site-packages/airflow/example_dags/example_nested_branch_dag.py for tasks to queue
[2025-03-30T11:42:25.235+0000] {logging_mixin.py:190} INFO - [2025-03-30T11:42:25.235+0000] {dagbag.py:588} INFO - Filling up the DagBag from /home/airflow/.local/lib/python3.12/site-packages/airflow/example_dags/example_nested_branch_dag.py
[2025-03-30T11:42:25.240+0000] {processor.py:925} INFO - DAG(s) 'example_nested_branch_dag' retrieved from /home/airflow/.local/lib/python3.12/site-packages/airflow/example_dags/example_nested_branch_dag.py
[2025-03-30T11:42:25.249+0000] {logging_mixin.py:190} INFO - [2025-03-30T11:42:25.249+0000] {dag.py:3239} INFO - Sync 1 DAGs
[2025-03-30T11:42:25.258+0000] {logging_mixin.py:190} INFO - [2025-03-30T11:42:25.258+0000] {dag.py:4180} INFO - Setting next_dagrun for example_nested_branch_dag to 2025-03-29 00:00:00+00:00, run_after=2025-03-30 00:00:00+00:00
[2025-03-30T11:42:25.265+0000] {processor.py:208} INFO - Processing /home/airflow/.local/lib/python3.12/site-packages/airflow/example_dags/example_nested_branch_dag.py took 0.036 seconds
[2025-03-30T11:42:56.352+0000] {processor.py:186} INFO - Started process (PID=2342) to work on /home/airflow/.local/lib/python3.12/site-packages/airflow/example_dags/example_nested_branch_dag.py
[2025-03-30T11:42:56.356+0000] {processor.py:914} INFO - Processing file /home/airflow/.local/lib/python3.12/site-packages/airflow/example_dags/example_nested_branch_dag.py for tasks to queue
[2025-03-30T11:42:56.358+0000] {logging_mixin.py:190} INFO - [2025-03-30T11:42:56.357+0000] {dagbag.py:588} INFO - Filling up the DagBag from /home/airflow/.local/lib/python3.12/site-packages/airflow/example_dags/example_nested_branch_dag.py
[2025-03-30T11:42:56.362+0000] {processor.py:925} INFO - DAG(s) 'example_nested_branch_dag' retrieved from /home/airflow/.local/lib/python3.12/site-packages/airflow/example_dags/example_nested_branch_dag.py
[2025-03-30T11:42:56.371+0000] {logging_mixin.py:190} INFO - [2025-03-30T11:42:56.371+0000] {dag.py:3239} INFO - Sync 1 DAGs
[2025-03-30T11:42:56.381+0000] {logging_mixin.py:190} INFO - [2025-03-30T11:42:56.381+0000] {dag.py:4180} INFO - Setting next_dagrun for example_nested_branch_dag to 2025-03-29 00:00:00+00:00, run_after=2025-03-30 00:00:00+00:00
[2025-03-30T11:42:56.388+0000] {processor.py:208} INFO - Processing /home/airflow/.local/lib/python3.12/site-packages/airflow/example_dags/example_nested_branch_dag.py took 0.038 seconds
[2025-03-30T11:43:27.411+0000] {processor.py:186} INFO - Started process (PID=2405) to work on /home/airflow/.local/lib/python3.12/site-packages/airflow/example_dags/example_nested_branch_dag.py
[2025-03-30T11:43:27.412+0000] {processor.py:914} INFO - Processing file /home/airflow/.local/lib/python3.12/site-packages/airflow/example_dags/example_nested_branch_dag.py for tasks to queue
[2025-03-30T11:43:27.413+0000] {logging_mixin.py:190} INFO - [2025-03-30T11:43:27.413+0000] {dagbag.py:588} INFO - Filling up the DagBag from /home/airflow/.local/lib/python3.12/site-packages/airflow/example_dags/example_nested_branch_dag.py
[2025-03-30T11:43:27.418+0000] {processor.py:925} INFO - DAG(s) 'example_nested_branch_dag' retrieved from /home/airflow/.local/lib/python3.12/site-packages/airflow/example_dags/example_nested_branch_dag.py
[2025-03-30T11:43:27.428+0000] {logging_mixin.py:190} INFO - [2025-03-30T11:43:27.428+0000] {dag.py:3239} INFO - Sync 1 DAGs
[2025-03-30T11:43:27.436+0000] {logging_mixin.py:190} INFO - [2025-03-30T11:43:27.436+0000] {dag.py:4180} INFO - Setting next_dagrun for example_nested_branch_dag to 2025-03-29 00:00:00+00:00, run_after=2025-03-30 00:00:00+00:00
[2025-03-30T11:43:27.442+0000] {processor.py:208} INFO - Processing /home/airflow/.local/lib/python3.12/site-packages/airflow/example_dags/example_nested_branch_dag.py took 0.033 seconds
[2025-03-30T11:43:58.540+0000] {processor.py:186} INFO - Started process (PID=2468) to work on /home/airflow/.local/lib/python3.12/site-packages/airflow/example_dags/example_nested_branch_dag.py
[2025-03-30T11:43:58.541+0000] {processor.py:914} INFO - Processing file /home/airflow/.local/lib/python3.12/site-packages/airflow/example_dags/example_nested_branch_dag.py for tasks to queue
[2025-03-30T11:43:58.541+0000] {logging_mixin.py:190} INFO - [2025-03-30T11:43:58.541+0000] {dagbag.py:588} INFO - Filling up the DagBag from /home/airflow/.local/lib/python3.12/site-packages/airflow/example_dags/example_nested_branch_dag.py
[2025-03-30T11:43:58.545+0000] {processor.py:925} INFO - DAG(s) 'example_nested_branch_dag' retrieved from /home/airflow/.local/lib/python3.12/site-packages/airflow/example_dags/example_nested_branch_dag.py
[2025-03-30T11:43:58.552+0000] {logging_mixin.py:190} INFO - [2025-03-30T11:43:58.552+0000] {dag.py:3239} INFO - Sync 1 DAGs
[2025-03-30T11:43:58.559+0000] {logging_mixin.py:190} INFO - [2025-03-30T11:43:58.559+0000] {dag.py:4180} INFO - Setting next_dagrun for example_nested_branch_dag to 2025-03-29 00:00:00+00:00, run_after=2025-03-30 00:00:00+00:00
[2025-03-30T11:43:58.564+0000] {processor.py:208} INFO - Processing /home/airflow/.local/lib/python3.12/site-packages/airflow/example_dags/example_nested_branch_dag.py took 0.026 seconds
[2025-03-30T11:44:29.578+0000] {processor.py:186} INFO - Started process (PID=2532) to work on /home/airflow/.local/lib/python3.12/site-packages/airflow/example_dags/example_nested_branch_dag.py
[2025-03-30T11:44:29.579+0000] {processor.py:914} INFO - Processing file /home/airflow/.local/lib/python3.12/site-packages/airflow/example_dags/example_nested_branch_dag.py for tasks to queue
[2025-03-30T11:44:29.580+0000] {logging_mixin.py:190} INFO - [2025-03-30T11:44:29.579+0000] {dagbag.py:588} INFO - Filling up the DagBag from /home/airflow/.local/lib/python3.12/site-packages/airflow/example_dags/example_nested_branch_dag.py
[2025-03-30T11:44:29.584+0000] {processor.py:925} INFO - DAG(s) 'example_nested_branch_dag' retrieved from /home/airflow/.local/lib/python3.12/site-packages/airflow/example_dags/example_nested_branch_dag.py
[2025-03-30T11:44:29.592+0000] {logging_mixin.py:190} INFO - [2025-03-30T11:44:29.592+0000] {dag.py:3239} INFO - Sync 1 DAGs
[2025-03-30T11:44:29.600+0000] {logging_mixin.py:190} INFO - [2025-03-30T11:44:29.600+0000] {dag.py:4180} INFO - Setting next_dagrun for example_nested_branch_dag to 2025-03-29 00:00:00+00:00, run_after=2025-03-30 00:00:00+00:00
[2025-03-30T11:44:29.609+0000] {processor.py:208} INFO - Processing /home/airflow/.local/lib/python3.12/site-packages/airflow/example_dags/example_nested_branch_dag.py took 0.034 seconds
