[2025-03-30T03:32:21.221+0000] {processor.py:186} INFO - Started process (PID=87) to work on /home/airflow/.local/lib/python3.12/site-packages/airflow/example_dags/example_sensors.py
[2025-03-30T03:32:21.222+0000] {processor.py:914} INFO - Processing file /home/airflow/.local/lib/python3.12/site-packages/airflow/example_dags/example_sensors.py for tasks to queue
[2025-03-30T03:32:21.222+0000] {logging_mixin.py:190} INFO - [2025-03-30T03:32:21.222+0000] {dagbag.py:588} INFO - Filling up the DagBag from /home/airflow/.local/lib/python3.12/site-packages/airflow/example_dags/example_sensors.py
[2025-03-30T03:32:21.228+0000] {processor.py:925} INFO - DAG(s) 'example_sensors' retrieved from /home/airflow/.local/lib/python3.12/site-packages/airflow/example_dags/example_sensors.py
[2025-03-30T03:32:21.238+0000] {logging_mixin.py:190} INFO - [2025-03-30T03:32:21.238+0000] {dag.py:3239} INFO - Sync 1 DAGs
[2025-03-30T03:32:21.243+0000] {logging_mixin.py:190} INFO - [2025-03-30T03:32:21.243+0000] {dag.py:4180} INFO - Setting next_dagrun for example_sensors to None, run_after=None
[2025-03-30T03:32:21.250+0000] {processor.py:208} INFO - Processing /home/airflow/.local/lib/python3.12/site-packages/airflow/example_dags/example_sensors.py took 0.031 seconds
[2025-03-30T03:32:51.386+0000] {processor.py:186} INFO - Started process (PID=150) to work on /home/airflow/.local/lib/python3.12/site-packages/airflow/example_dags/example_sensors.py
[2025-03-30T03:32:51.387+0000] {processor.py:914} INFO - Processing file /home/airflow/.local/lib/python3.12/site-packages/airflow/example_dags/example_sensors.py for tasks to queue
[2025-03-30T03:32:51.388+0000] {logging_mixin.py:190} INFO - [2025-03-30T03:32:51.388+0000] {dagbag.py:588} INFO - Filling up the DagBag from /home/airflow/.local/lib/python3.12/site-packages/airflow/example_dags/example_sensors.py
[2025-03-30T03:32:51.392+0000] {processor.py:925} INFO - DAG(s) 'example_sensors' retrieved from /home/airflow/.local/lib/python3.12/site-packages/airflow/example_dags/example_sensors.py
[2025-03-30T03:32:51.401+0000] {logging_mixin.py:190} INFO - [2025-03-30T03:32:51.401+0000] {dag.py:3239} INFO - Sync 1 DAGs
[2025-03-30T03:32:51.406+0000] {logging_mixin.py:190} INFO - [2025-03-30T03:32:51.406+0000] {dag.py:4180} INFO - Setting next_dagrun for example_sensors to None, run_after=None
[2025-03-30T03:32:51.412+0000] {processor.py:208} INFO - Processing /home/airflow/.local/lib/python3.12/site-packages/airflow/example_dags/example_sensors.py took 0.028 seconds
[2025-03-30T03:33:22.451+0000] {processor.py:186} INFO - Started process (PID=213) to work on /home/airflow/.local/lib/python3.12/site-packages/airflow/example_dags/example_sensors.py
[2025-03-30T03:33:22.452+0000] {processor.py:914} INFO - Processing file /home/airflow/.local/lib/python3.12/site-packages/airflow/example_dags/example_sensors.py for tasks to queue
[2025-03-30T03:33:22.453+0000] {logging_mixin.py:190} INFO - [2025-03-30T03:33:22.452+0000] {dagbag.py:588} INFO - Filling up the DagBag from /home/airflow/.local/lib/python3.12/site-packages/airflow/example_dags/example_sensors.py
[2025-03-30T03:33:22.457+0000] {processor.py:925} INFO - DAG(s) 'example_sensors' retrieved from /home/airflow/.local/lib/python3.12/site-packages/airflow/example_dags/example_sensors.py
[2025-03-30T03:33:22.470+0000] {logging_mixin.py:190} INFO - [2025-03-30T03:33:22.470+0000] {dag.py:3239} INFO - Sync 1 DAGs
[2025-03-30T03:33:22.475+0000] {logging_mixin.py:190} INFO - [2025-03-30T03:33:22.475+0000] {dag.py:4180} INFO - Setting next_dagrun for example_sensors to None, run_after=None
[2025-03-30T03:33:22.481+0000] {processor.py:208} INFO - Processing /home/airflow/.local/lib/python3.12/site-packages/airflow/example_dags/example_sensors.py took 0.032 seconds
[2025-03-30T03:33:53.368+0000] {processor.py:186} INFO - Started process (PID=276) to work on /home/airflow/.local/lib/python3.12/site-packages/airflow/example_dags/example_sensors.py
[2025-03-30T03:33:53.368+0000] {processor.py:914} INFO - Processing file /home/airflow/.local/lib/python3.12/site-packages/airflow/example_dags/example_sensors.py for tasks to queue
[2025-03-30T03:33:53.371+0000] {logging_mixin.py:190} INFO - [2025-03-30T03:33:53.371+0000] {dagbag.py:588} INFO - Filling up the DagBag from /home/airflow/.local/lib/python3.12/site-packages/airflow/example_dags/example_sensors.py
[2025-03-30T03:33:53.375+0000] {processor.py:925} INFO - DAG(s) 'example_sensors' retrieved from /home/airflow/.local/lib/python3.12/site-packages/airflow/example_dags/example_sensors.py
[2025-03-30T03:33:53.387+0000] {logging_mixin.py:190} INFO - [2025-03-30T03:33:53.387+0000] {dag.py:3239} INFO - Sync 1 DAGs
[2025-03-30T03:33:53.391+0000] {logging_mixin.py:190} INFO - [2025-03-30T03:33:53.391+0000] {dag.py:4180} INFO - Setting next_dagrun for example_sensors to None, run_after=None
[2025-03-30T03:33:53.397+0000] {processor.py:208} INFO - Processing /home/airflow/.local/lib/python3.12/site-packages/airflow/example_dags/example_sensors.py took 0.032 seconds
[2025-03-30T03:34:24.471+0000] {processor.py:186} INFO - Started process (PID=339) to work on /home/airflow/.local/lib/python3.12/site-packages/airflow/example_dags/example_sensors.py
[2025-03-30T03:34:24.473+0000] {processor.py:914} INFO - Processing file /home/airflow/.local/lib/python3.12/site-packages/airflow/example_dags/example_sensors.py for tasks to queue
[2025-03-30T03:34:24.475+0000] {logging_mixin.py:190} INFO - [2025-03-30T03:34:24.475+0000] {dagbag.py:588} INFO - Filling up the DagBag from /home/airflow/.local/lib/python3.12/site-packages/airflow/example_dags/example_sensors.py
[2025-03-30T03:34:24.479+0000] {processor.py:925} INFO - DAG(s) 'example_sensors' retrieved from /home/airflow/.local/lib/python3.12/site-packages/airflow/example_dags/example_sensors.py
[2025-03-30T03:34:24.488+0000] {logging_mixin.py:190} INFO - [2025-03-30T03:34:24.488+0000] {dag.py:3239} INFO - Sync 1 DAGs
[2025-03-30T03:34:24.493+0000] {logging_mixin.py:190} INFO - [2025-03-30T03:34:24.493+0000] {dag.py:4180} INFO - Setting next_dagrun for example_sensors to None, run_after=None
[2025-03-30T03:34:24.499+0000] {processor.py:208} INFO - Processing /home/airflow/.local/lib/python3.12/site-packages/airflow/example_dags/example_sensors.py took 0.031 seconds
[2025-03-30T03:34:55.629+0000] {processor.py:186} INFO - Started process (PID=402) to work on /home/airflow/.local/lib/python3.12/site-packages/airflow/example_dags/example_sensors.py
[2025-03-30T03:34:55.631+0000] {processor.py:914} INFO - Processing file /home/airflow/.local/lib/python3.12/site-packages/airflow/example_dags/example_sensors.py for tasks to queue
[2025-03-30T03:34:55.632+0000] {logging_mixin.py:190} INFO - [2025-03-30T03:34:55.632+0000] {dagbag.py:588} INFO - Filling up the DagBag from /home/airflow/.local/lib/python3.12/site-packages/airflow/example_dags/example_sensors.py
[2025-03-30T03:34:55.638+0000] {processor.py:925} INFO - DAG(s) 'example_sensors' retrieved from /home/airflow/.local/lib/python3.12/site-packages/airflow/example_dags/example_sensors.py
[2025-03-30T03:34:55.647+0000] {logging_mixin.py:190} INFO - [2025-03-30T03:34:55.647+0000] {dag.py:3239} INFO - Sync 1 DAGs
[2025-03-30T03:34:55.651+0000] {logging_mixin.py:190} INFO - [2025-03-30T03:34:55.651+0000] {dag.py:4180} INFO - Setting next_dagrun for example_sensors to None, run_after=None
[2025-03-30T03:34:55.658+0000] {processor.py:208} INFO - Processing /home/airflow/.local/lib/python3.12/site-packages/airflow/example_dags/example_sensors.py took 0.031 seconds
[2025-03-30T03:35:26.765+0000] {processor.py:186} INFO - Started process (PID=465) to work on /home/airflow/.local/lib/python3.12/site-packages/airflow/example_dags/example_sensors.py
[2025-03-30T03:35:26.765+0000] {processor.py:914} INFO - Processing file /home/airflow/.local/lib/python3.12/site-packages/airflow/example_dags/example_sensors.py for tasks to queue
[2025-03-30T03:35:26.769+0000] {logging_mixin.py:190} INFO - [2025-03-30T03:35:26.769+0000] {dagbag.py:588} INFO - Filling up the DagBag from /home/airflow/.local/lib/python3.12/site-packages/airflow/example_dags/example_sensors.py
[2025-03-30T03:35:26.773+0000] {processor.py:925} INFO - DAG(s) 'example_sensors' retrieved from /home/airflow/.local/lib/python3.12/site-packages/airflow/example_dags/example_sensors.py
[2025-03-30T03:35:26.783+0000] {logging_mixin.py:190} INFO - [2025-03-30T03:35:26.783+0000] {dag.py:3239} INFO - Sync 1 DAGs
[2025-03-30T03:35:26.788+0000] {logging_mixin.py:190} INFO - [2025-03-30T03:35:26.788+0000] {dag.py:4180} INFO - Setting next_dagrun for example_sensors to None, run_after=None
[2025-03-30T03:35:26.798+0000] {processor.py:208} INFO - Processing /home/airflow/.local/lib/python3.12/site-packages/airflow/example_dags/example_sensors.py took 0.036 seconds
[2025-03-30T03:35:57.882+0000] {processor.py:186} INFO - Started process (PID=527) to work on /home/airflow/.local/lib/python3.12/site-packages/airflow/example_dags/example_sensors.py
[2025-03-30T03:35:57.882+0000] {processor.py:914} INFO - Processing file /home/airflow/.local/lib/python3.12/site-packages/airflow/example_dags/example_sensors.py for tasks to queue
[2025-03-30T03:35:57.883+0000] {logging_mixin.py:190} INFO - [2025-03-30T03:35:57.883+0000] {dagbag.py:588} INFO - Filling up the DagBag from /home/airflow/.local/lib/python3.12/site-packages/airflow/example_dags/example_sensors.py
[2025-03-30T03:35:57.887+0000] {processor.py:925} INFO - DAG(s) 'example_sensors' retrieved from /home/airflow/.local/lib/python3.12/site-packages/airflow/example_dags/example_sensors.py
[2025-03-30T03:35:57.898+0000] {logging_mixin.py:190} INFO - [2025-03-30T03:35:57.898+0000] {dag.py:3239} INFO - Sync 1 DAGs
[2025-03-30T03:35:57.903+0000] {logging_mixin.py:190} INFO - [2025-03-30T03:35:57.903+0000] {dag.py:4180} INFO - Setting next_dagrun for example_sensors to None, run_after=None
[2025-03-30T03:35:57.909+0000] {processor.py:208} INFO - Processing /home/airflow/.local/lib/python3.12/site-packages/airflow/example_dags/example_sensors.py took 0.029 seconds
[2025-03-30T03:36:28.964+0000] {processor.py:186} INFO - Started process (PID=590) to work on /home/airflow/.local/lib/python3.12/site-packages/airflow/example_dags/example_sensors.py
[2025-03-30T03:36:28.965+0000] {processor.py:914} INFO - Processing file /home/airflow/.local/lib/python3.12/site-packages/airflow/example_dags/example_sensors.py for tasks to queue
[2025-03-30T03:36:28.966+0000] {logging_mixin.py:190} INFO - [2025-03-30T03:36:28.966+0000] {dagbag.py:588} INFO - Filling up the DagBag from /home/airflow/.local/lib/python3.12/site-packages/airflow/example_dags/example_sensors.py
[2025-03-30T03:36:28.971+0000] {processor.py:925} INFO - DAG(s) 'example_sensors' retrieved from /home/airflow/.local/lib/python3.12/site-packages/airflow/example_dags/example_sensors.py
[2025-03-30T03:36:28.982+0000] {logging_mixin.py:190} INFO - [2025-03-30T03:36:28.982+0000] {dag.py:3239} INFO - Sync 1 DAGs
[2025-03-30T03:36:28.988+0000] {logging_mixin.py:190} INFO - [2025-03-30T03:36:28.987+0000] {dag.py:4180} INFO - Setting next_dagrun for example_sensors to None, run_after=None
[2025-03-30T03:36:28.993+0000] {processor.py:208} INFO - Processing /home/airflow/.local/lib/python3.12/site-packages/airflow/example_dags/example_sensors.py took 0.032 seconds
[2025-03-30T03:37:00.180+0000] {processor.py:186} INFO - Started process (PID=653) to work on /home/airflow/.local/lib/python3.12/site-packages/airflow/example_dags/example_sensors.py
[2025-03-30T03:37:00.181+0000] {processor.py:914} INFO - Processing file /home/airflow/.local/lib/python3.12/site-packages/airflow/example_dags/example_sensors.py for tasks to queue
[2025-03-30T03:37:00.182+0000] {logging_mixin.py:190} INFO - [2025-03-30T03:37:00.182+0000] {dagbag.py:588} INFO - Filling up the DagBag from /home/airflow/.local/lib/python3.12/site-packages/airflow/example_dags/example_sensors.py
[2025-03-30T03:37:00.186+0000] {processor.py:925} INFO - DAG(s) 'example_sensors' retrieved from /home/airflow/.local/lib/python3.12/site-packages/airflow/example_dags/example_sensors.py
[2025-03-30T03:37:00.197+0000] {logging_mixin.py:190} INFO - [2025-03-30T03:37:00.197+0000] {dag.py:3239} INFO - Sync 1 DAGs
[2025-03-30T03:37:00.202+0000] {logging_mixin.py:190} INFO - [2025-03-30T03:37:00.202+0000] {dag.py:4180} INFO - Setting next_dagrun for example_sensors to None, run_after=None
[2025-03-30T03:37:00.207+0000] {processor.py:208} INFO - Processing /home/airflow/.local/lib/python3.12/site-packages/airflow/example_dags/example_sensors.py took 0.029 seconds
[2025-03-30T03:37:31.216+0000] {processor.py:186} INFO - Started process (PID=716) to work on /home/airflow/.local/lib/python3.12/site-packages/airflow/example_dags/example_sensors.py
[2025-03-30T03:37:31.217+0000] {processor.py:914} INFO - Processing file /home/airflow/.local/lib/python3.12/site-packages/airflow/example_dags/example_sensors.py for tasks to queue
[2025-03-30T03:37:31.218+0000] {logging_mixin.py:190} INFO - [2025-03-30T03:37:31.218+0000] {dagbag.py:588} INFO - Filling up the DagBag from /home/airflow/.local/lib/python3.12/site-packages/airflow/example_dags/example_sensors.py
[2025-03-30T03:37:31.222+0000] {processor.py:925} INFO - DAG(s) 'example_sensors' retrieved from /home/airflow/.local/lib/python3.12/site-packages/airflow/example_dags/example_sensors.py
[2025-03-30T03:37:31.232+0000] {logging_mixin.py:190} INFO - [2025-03-30T03:37:31.232+0000] {dag.py:3239} INFO - Sync 1 DAGs
[2025-03-30T03:37:31.237+0000] {logging_mixin.py:190} INFO - [2025-03-30T03:37:31.237+0000] {dag.py:4180} INFO - Setting next_dagrun for example_sensors to None, run_after=None
[2025-03-30T03:37:31.243+0000] {processor.py:208} INFO - Processing /home/airflow/.local/lib/python3.12/site-packages/airflow/example_dags/example_sensors.py took 0.029 seconds
[2025-03-30T03:38:02.299+0000] {processor.py:186} INFO - Started process (PID=779) to work on /home/airflow/.local/lib/python3.12/site-packages/airflow/example_dags/example_sensors.py
[2025-03-30T03:38:02.299+0000] {processor.py:914} INFO - Processing file /home/airflow/.local/lib/python3.12/site-packages/airflow/example_dags/example_sensors.py for tasks to queue
[2025-03-30T03:38:02.300+0000] {logging_mixin.py:190} INFO - [2025-03-30T03:38:02.300+0000] {dagbag.py:588} INFO - Filling up the DagBag from /home/airflow/.local/lib/python3.12/site-packages/airflow/example_dags/example_sensors.py
[2025-03-30T03:38:02.304+0000] {processor.py:925} INFO - DAG(s) 'example_sensors' retrieved from /home/airflow/.local/lib/python3.12/site-packages/airflow/example_dags/example_sensors.py
[2025-03-30T03:38:02.316+0000] {logging_mixin.py:190} INFO - [2025-03-30T03:38:02.315+0000] {dag.py:3239} INFO - Sync 1 DAGs
[2025-03-30T03:38:02.320+0000] {logging_mixin.py:190} INFO - [2025-03-30T03:38:02.320+0000] {dag.py:4180} INFO - Setting next_dagrun for example_sensors to None, run_after=None
[2025-03-30T03:38:02.326+0000] {processor.py:208} INFO - Processing /home/airflow/.local/lib/python3.12/site-packages/airflow/example_dags/example_sensors.py took 0.029 seconds
[2025-03-30T11:24:53.728+0000] {processor.py:186} INFO - Started process (PID=88) to work on /home/airflow/.local/lib/python3.12/site-packages/airflow/example_dags/example_sensors.py
[2025-03-30T11:24:53.729+0000] {processor.py:914} INFO - Processing file /home/airflow/.local/lib/python3.12/site-packages/airflow/example_dags/example_sensors.py for tasks to queue
[2025-03-30T11:24:53.731+0000] {logging_mixin.py:190} INFO - [2025-03-30T11:24:53.730+0000] {dagbag.py:588} INFO - Filling up the DagBag from /home/airflow/.local/lib/python3.12/site-packages/airflow/example_dags/example_sensors.py
[2025-03-30T11:24:53.736+0000] {processor.py:925} INFO - DAG(s) 'example_sensors' retrieved from /home/airflow/.local/lib/python3.12/site-packages/airflow/example_dags/example_sensors.py
[2025-03-30T11:24:53.747+0000] {logging_mixin.py:190} INFO - [2025-03-30T11:24:53.746+0000] {dag.py:3239} INFO - Sync 1 DAGs
[2025-03-30T11:24:53.754+0000] {logging_mixin.py:190} INFO - [2025-03-30T11:24:53.754+0000] {dag.py:4180} INFO - Setting next_dagrun for example_sensors to None, run_after=None
[2025-03-30T11:24:53.762+0000] {processor.py:208} INFO - Processing /home/airflow/.local/lib/python3.12/site-packages/airflow/example_dags/example_sensors.py took 0.037 seconds
[2025-03-30T11:25:23.957+0000] {processor.py:186} INFO - Started process (PID=152) to work on /home/airflow/.local/lib/python3.12/site-packages/airflow/example_dags/example_sensors.py
[2025-03-30T11:25:23.958+0000] {processor.py:914} INFO - Processing file /home/airflow/.local/lib/python3.12/site-packages/airflow/example_dags/example_sensors.py for tasks to queue
[2025-03-30T11:25:23.958+0000] {logging_mixin.py:190} INFO - [2025-03-30T11:25:23.958+0000] {dagbag.py:588} INFO - Filling up the DagBag from /home/airflow/.local/lib/python3.12/site-packages/airflow/example_dags/example_sensors.py
[2025-03-30T11:25:23.963+0000] {processor.py:925} INFO - DAG(s) 'example_sensors' retrieved from /home/airflow/.local/lib/python3.12/site-packages/airflow/example_dags/example_sensors.py
[2025-03-30T11:25:23.980+0000] {logging_mixin.py:190} INFO - [2025-03-30T11:25:23.980+0000] {dag.py:3239} INFO - Sync 1 DAGs
[2025-03-30T11:25:23.986+0000] {logging_mixin.py:190} INFO - [2025-03-30T11:25:23.985+0000] {dag.py:4180} INFO - Setting next_dagrun for example_sensors to None, run_after=None
[2025-03-30T11:25:23.993+0000] {processor.py:208} INFO - Processing /home/airflow/.local/lib/python3.12/site-packages/airflow/example_dags/example_sensors.py took 0.038 seconds
[2025-03-30T11:25:54.296+0000] {processor.py:186} INFO - Started process (PID=216) to work on /home/airflow/.local/lib/python3.12/site-packages/airflow/example_dags/example_sensors.py
[2025-03-30T11:25:54.296+0000] {processor.py:914} INFO - Processing file /home/airflow/.local/lib/python3.12/site-packages/airflow/example_dags/example_sensors.py for tasks to queue
[2025-03-30T11:25:54.297+0000] {logging_mixin.py:190} INFO - [2025-03-30T11:25:54.297+0000] {dagbag.py:588} INFO - Filling up the DagBag from /home/airflow/.local/lib/python3.12/site-packages/airflow/example_dags/example_sensors.py
[2025-03-30T11:25:54.302+0000] {processor.py:925} INFO - DAG(s) 'example_sensors' retrieved from /home/airflow/.local/lib/python3.12/site-packages/airflow/example_dags/example_sensors.py
[2025-03-30T11:25:54.311+0000] {logging_mixin.py:190} INFO - [2025-03-30T11:25:54.311+0000] {dag.py:3239} INFO - Sync 1 DAGs
[2025-03-30T11:25:54.317+0000] {logging_mixin.py:190} INFO - [2025-03-30T11:25:54.317+0000] {dag.py:4180} INFO - Setting next_dagrun for example_sensors to None, run_after=None
[2025-03-30T11:25:54.327+0000] {processor.py:208} INFO - Processing /home/airflow/.local/lib/python3.12/site-packages/airflow/example_dags/example_sensors.py took 0.034 seconds
[2025-03-30T11:26:25.637+0000] {processor.py:186} INFO - Started process (PID=280) to work on /home/airflow/.local/lib/python3.12/site-packages/airflow/example_dags/example_sensors.py
[2025-03-30T11:26:25.638+0000] {processor.py:914} INFO - Processing file /home/airflow/.local/lib/python3.12/site-packages/airflow/example_dags/example_sensors.py for tasks to queue
[2025-03-30T11:26:25.640+0000] {logging_mixin.py:190} INFO - [2025-03-30T11:26:25.639+0000] {dagbag.py:588} INFO - Filling up the DagBag from /home/airflow/.local/lib/python3.12/site-packages/airflow/example_dags/example_sensors.py
[2025-03-30T11:26:25.645+0000] {processor.py:925} INFO - DAG(s) 'example_sensors' retrieved from /home/airflow/.local/lib/python3.12/site-packages/airflow/example_dags/example_sensors.py
[2025-03-30T11:26:25.658+0000] {logging_mixin.py:190} INFO - [2025-03-30T11:26:25.658+0000] {dag.py:3239} INFO - Sync 1 DAGs
[2025-03-30T11:26:25.663+0000] {logging_mixin.py:190} INFO - [2025-03-30T11:26:25.663+0000] {dag.py:4180} INFO - Setting next_dagrun for example_sensors to None, run_after=None
[2025-03-30T11:26:25.669+0000] {processor.py:208} INFO - Processing /home/airflow/.local/lib/python3.12/site-packages/airflow/example_dags/example_sensors.py took 0.035 seconds
[2025-03-30T11:26:56.021+0000] {processor.py:186} INFO - Started process (PID=344) to work on /home/airflow/.local/lib/python3.12/site-packages/airflow/example_dags/example_sensors.py
[2025-03-30T11:26:56.022+0000] {processor.py:914} INFO - Processing file /home/airflow/.local/lib/python3.12/site-packages/airflow/example_dags/example_sensors.py for tasks to queue
[2025-03-30T11:26:56.023+0000] {logging_mixin.py:190} INFO - [2025-03-30T11:26:56.022+0000] {dagbag.py:588} INFO - Filling up the DagBag from /home/airflow/.local/lib/python3.12/site-packages/airflow/example_dags/example_sensors.py
[2025-03-30T11:26:56.027+0000] {processor.py:925} INFO - DAG(s) 'example_sensors' retrieved from /home/airflow/.local/lib/python3.12/site-packages/airflow/example_dags/example_sensors.py
[2025-03-30T11:26:56.036+0000] {logging_mixin.py:190} INFO - [2025-03-30T11:26:56.036+0000] {dag.py:3239} INFO - Sync 1 DAGs
[2025-03-30T11:26:56.041+0000] {logging_mixin.py:190} INFO - [2025-03-30T11:26:56.041+0000] {dag.py:4180} INFO - Setting next_dagrun for example_sensors to None, run_after=None
[2025-03-30T11:26:56.049+0000] {processor.py:208} INFO - Processing /home/airflow/.local/lib/python3.12/site-packages/airflow/example_dags/example_sensors.py took 0.030 seconds
[2025-03-30T11:27:26.308+0000] {processor.py:186} INFO - Started process (PID=408) to work on /home/airflow/.local/lib/python3.12/site-packages/airflow/example_dags/example_sensors.py
[2025-03-30T11:27:26.309+0000] {processor.py:914} INFO - Processing file /home/airflow/.local/lib/python3.12/site-packages/airflow/example_dags/example_sensors.py for tasks to queue
[2025-03-30T11:27:26.309+0000] {logging_mixin.py:190} INFO - [2025-03-30T11:27:26.309+0000] {dagbag.py:588} INFO - Filling up the DagBag from /home/airflow/.local/lib/python3.12/site-packages/airflow/example_dags/example_sensors.py
[2025-03-30T11:27:26.313+0000] {processor.py:925} INFO - DAG(s) 'example_sensors' retrieved from /home/airflow/.local/lib/python3.12/site-packages/airflow/example_dags/example_sensors.py
[2025-03-30T11:27:26.324+0000] {logging_mixin.py:190} INFO - [2025-03-30T11:27:26.323+0000] {dag.py:3239} INFO - Sync 1 DAGs
[2025-03-30T11:27:26.330+0000] {logging_mixin.py:190} INFO - [2025-03-30T11:27:26.330+0000] {dag.py:4180} INFO - Setting next_dagrun for example_sensors to None, run_after=None
[2025-03-30T11:27:26.340+0000] {processor.py:208} INFO - Processing /home/airflow/.local/lib/python3.12/site-packages/airflow/example_dags/example_sensors.py took 0.034 seconds
[2025-03-30T11:27:57.491+0000] {processor.py:186} INFO - Started process (PID=472) to work on /home/airflow/.local/lib/python3.12/site-packages/airflow/example_dags/example_sensors.py
[2025-03-30T11:27:57.495+0000] {processor.py:914} INFO - Processing file /home/airflow/.local/lib/python3.12/site-packages/airflow/example_dags/example_sensors.py for tasks to queue
[2025-03-30T11:27:57.497+0000] {logging_mixin.py:190} INFO - [2025-03-30T11:27:57.497+0000] {dagbag.py:588} INFO - Filling up the DagBag from /home/airflow/.local/lib/python3.12/site-packages/airflow/example_dags/example_sensors.py
[2025-03-30T11:27:57.501+0000] {processor.py:925} INFO - DAG(s) 'example_sensors' retrieved from /home/airflow/.local/lib/python3.12/site-packages/airflow/example_dags/example_sensors.py
[2025-03-30T11:27:57.523+0000] {logging_mixin.py:190} INFO - [2025-03-30T11:27:57.521+0000] {dag.py:3239} INFO - Sync 1 DAGs
[2025-03-30T11:27:57.532+0000] {logging_mixin.py:190} INFO - [2025-03-30T11:27:57.532+0000] {dag.py:4180} INFO - Setting next_dagrun for example_sensors to None, run_after=None
[2025-03-30T11:27:57.543+0000] {processor.py:208} INFO - Processing /home/airflow/.local/lib/python3.12/site-packages/airflow/example_dags/example_sensors.py took 0.055 seconds
[2025-03-30T11:28:28.118+0000] {processor.py:186} INFO - Started process (PID=537) to work on /home/airflow/.local/lib/python3.12/site-packages/airflow/example_dags/example_sensors.py
[2025-03-30T11:28:28.119+0000] {processor.py:914} INFO - Processing file /home/airflow/.local/lib/python3.12/site-packages/airflow/example_dags/example_sensors.py for tasks to queue
[2025-03-30T11:28:28.120+0000] {logging_mixin.py:190} INFO - [2025-03-30T11:28:28.120+0000] {dagbag.py:588} INFO - Filling up the DagBag from /home/airflow/.local/lib/python3.12/site-packages/airflow/example_dags/example_sensors.py
[2025-03-30T11:28:28.124+0000] {processor.py:925} INFO - DAG(s) 'example_sensors' retrieved from /home/airflow/.local/lib/python3.12/site-packages/airflow/example_dags/example_sensors.py
[2025-03-30T11:28:28.133+0000] {logging_mixin.py:190} INFO - [2025-03-30T11:28:28.133+0000] {dag.py:3239} INFO - Sync 1 DAGs
[2025-03-30T11:28:28.138+0000] {logging_mixin.py:190} INFO - [2025-03-30T11:28:28.138+0000] {dag.py:4180} INFO - Setting next_dagrun for example_sensors to None, run_after=None
[2025-03-30T11:28:28.148+0000] {processor.py:208} INFO - Processing /home/airflow/.local/lib/python3.12/site-packages/airflow/example_dags/example_sensors.py took 0.032 seconds
[2025-03-30T11:28:58.668+0000] {processor.py:186} INFO - Started process (PID=601) to work on /home/airflow/.local/lib/python3.12/site-packages/airflow/example_dags/example_sensors.py
[2025-03-30T11:28:58.671+0000] {processor.py:914} INFO - Processing file /home/airflow/.local/lib/python3.12/site-packages/airflow/example_dags/example_sensors.py for tasks to queue
[2025-03-30T11:28:58.672+0000] {logging_mixin.py:190} INFO - [2025-03-30T11:28:58.672+0000] {dagbag.py:588} INFO - Filling up the DagBag from /home/airflow/.local/lib/python3.12/site-packages/airflow/example_dags/example_sensors.py
[2025-03-30T11:28:58.678+0000] {processor.py:925} INFO - DAG(s) 'example_sensors' retrieved from /home/airflow/.local/lib/python3.12/site-packages/airflow/example_dags/example_sensors.py
[2025-03-30T11:28:58.698+0000] {logging_mixin.py:190} INFO - [2025-03-30T11:28:58.697+0000] {dag.py:3239} INFO - Sync 1 DAGs
[2025-03-30T11:28:58.706+0000] {logging_mixin.py:190} INFO - [2025-03-30T11:28:58.706+0000] {dag.py:4180} INFO - Setting next_dagrun for example_sensors to None, run_after=None
[2025-03-30T11:28:58.727+0000] {processor.py:208} INFO - Processing /home/airflow/.local/lib/python3.12/site-packages/airflow/example_dags/example_sensors.py took 0.062 seconds
[2025-03-30T11:29:29.200+0000] {processor.py:186} INFO - Started process (PID=665) to work on /home/airflow/.local/lib/python3.12/site-packages/airflow/example_dags/example_sensors.py
[2025-03-30T11:29:29.200+0000] {processor.py:914} INFO - Processing file /home/airflow/.local/lib/python3.12/site-packages/airflow/example_dags/example_sensors.py for tasks to queue
[2025-03-30T11:29:29.201+0000] {logging_mixin.py:190} INFO - [2025-03-30T11:29:29.201+0000] {dagbag.py:588} INFO - Filling up the DagBag from /home/airflow/.local/lib/python3.12/site-packages/airflow/example_dags/example_sensors.py
[2025-03-30T11:29:29.205+0000] {processor.py:925} INFO - DAG(s) 'example_sensors' retrieved from /home/airflow/.local/lib/python3.12/site-packages/airflow/example_dags/example_sensors.py
[2025-03-30T11:29:29.215+0000] {logging_mixin.py:190} INFO - [2025-03-30T11:29:29.215+0000] {dag.py:3239} INFO - Sync 1 DAGs
[2025-03-30T11:29:29.220+0000] {logging_mixin.py:190} INFO - [2025-03-30T11:29:29.220+0000] {dag.py:4180} INFO - Setting next_dagrun for example_sensors to None, run_after=None
[2025-03-30T11:29:29.229+0000] {processor.py:208} INFO - Processing /home/airflow/.local/lib/python3.12/site-packages/airflow/example_dags/example_sensors.py took 0.031 seconds
[2025-03-30T11:29:59.696+0000] {processor.py:186} INFO - Started process (PID=729) to work on /home/airflow/.local/lib/python3.12/site-packages/airflow/example_dags/example_sensors.py
[2025-03-30T11:29:59.697+0000] {processor.py:914} INFO - Processing file /home/airflow/.local/lib/python3.12/site-packages/airflow/example_dags/example_sensors.py for tasks to queue
[2025-03-30T11:29:59.698+0000] {logging_mixin.py:190} INFO - [2025-03-30T11:29:59.698+0000] {dagbag.py:588} INFO - Filling up the DagBag from /home/airflow/.local/lib/python3.12/site-packages/airflow/example_dags/example_sensors.py
[2025-03-30T11:29:59.702+0000] {processor.py:925} INFO - DAG(s) 'example_sensors' retrieved from /home/airflow/.local/lib/python3.12/site-packages/airflow/example_dags/example_sensors.py
[2025-03-30T11:29:59.713+0000] {logging_mixin.py:190} INFO - [2025-03-30T11:29:59.713+0000] {dag.py:3239} INFO - Sync 1 DAGs
[2025-03-30T11:29:59.718+0000] {logging_mixin.py:190} INFO - [2025-03-30T11:29:59.717+0000] {dag.py:4180} INFO - Setting next_dagrun for example_sensors to None, run_after=None
[2025-03-30T11:29:59.723+0000] {processor.py:208} INFO - Processing /home/airflow/.local/lib/python3.12/site-packages/airflow/example_dags/example_sensors.py took 0.029 seconds
[2025-03-30T11:30:30.915+0000] {processor.py:186} INFO - Started process (PID=793) to work on /home/airflow/.local/lib/python3.12/site-packages/airflow/example_dags/example_sensors.py
[2025-03-30T11:30:30.915+0000] {processor.py:914} INFO - Processing file /home/airflow/.local/lib/python3.12/site-packages/airflow/example_dags/example_sensors.py for tasks to queue
[2025-03-30T11:30:30.916+0000] {logging_mixin.py:190} INFO - [2025-03-30T11:30:30.916+0000] {dagbag.py:588} INFO - Filling up the DagBag from /home/airflow/.local/lib/python3.12/site-packages/airflow/example_dags/example_sensors.py
[2025-03-30T11:30:30.920+0000] {processor.py:925} INFO - DAG(s) 'example_sensors' retrieved from /home/airflow/.local/lib/python3.12/site-packages/airflow/example_dags/example_sensors.py
[2025-03-30T11:30:30.931+0000] {logging_mixin.py:190} INFO - [2025-03-30T11:30:30.931+0000] {dag.py:3239} INFO - Sync 1 DAGs
[2025-03-30T11:30:30.936+0000] {logging_mixin.py:190} INFO - [2025-03-30T11:30:30.935+0000] {dag.py:4180} INFO - Setting next_dagrun for example_sensors to None, run_after=None
[2025-03-30T11:30:30.942+0000] {processor.py:208} INFO - Processing /home/airflow/.local/lib/python3.12/site-packages/airflow/example_dags/example_sensors.py took 0.029 seconds
[2025-03-30T11:31:02.163+0000] {processor.py:186} INFO - Started process (PID=857) to work on /home/airflow/.local/lib/python3.12/site-packages/airflow/example_dags/example_sensors.py
[2025-03-30T11:31:02.163+0000] {processor.py:914} INFO - Processing file /home/airflow/.local/lib/python3.12/site-packages/airflow/example_dags/example_sensors.py for tasks to queue
[2025-03-30T11:31:02.164+0000] {logging_mixin.py:190} INFO - [2025-03-30T11:31:02.164+0000] {dagbag.py:588} INFO - Filling up the DagBag from /home/airflow/.local/lib/python3.12/site-packages/airflow/example_dags/example_sensors.py
[2025-03-30T11:31:02.168+0000] {processor.py:925} INFO - DAG(s) 'example_sensors' retrieved from /home/airflow/.local/lib/python3.12/site-packages/airflow/example_dags/example_sensors.py
[2025-03-30T11:31:02.177+0000] {logging_mixin.py:190} INFO - [2025-03-30T11:31:02.177+0000] {dag.py:3239} INFO - Sync 1 DAGs
[2025-03-30T11:31:02.182+0000] {logging_mixin.py:190} INFO - [2025-03-30T11:31:02.182+0000] {dag.py:4180} INFO - Setting next_dagrun for example_sensors to None, run_after=None
[2025-03-30T11:31:02.188+0000] {processor.py:208} INFO - Processing /home/airflow/.local/lib/python3.12/site-packages/airflow/example_dags/example_sensors.py took 0.027 seconds
[2025-03-30T11:31:32.443+0000] {processor.py:186} INFO - Started process (PID=921) to work on /home/airflow/.local/lib/python3.12/site-packages/airflow/example_dags/example_sensors.py
[2025-03-30T11:31:32.447+0000] {processor.py:914} INFO - Processing file /home/airflow/.local/lib/python3.12/site-packages/airflow/example_dags/example_sensors.py for tasks to queue
[2025-03-30T11:31:32.448+0000] {logging_mixin.py:190} INFO - [2025-03-30T11:31:32.448+0000] {dagbag.py:588} INFO - Filling up the DagBag from /home/airflow/.local/lib/python3.12/site-packages/airflow/example_dags/example_sensors.py
[2025-03-30T11:31:32.453+0000] {processor.py:925} INFO - DAG(s) 'example_sensors' retrieved from /home/airflow/.local/lib/python3.12/site-packages/airflow/example_dags/example_sensors.py
[2025-03-30T11:31:32.465+0000] {logging_mixin.py:190} INFO - [2025-03-30T11:31:32.464+0000] {dag.py:3239} INFO - Sync 1 DAGs
[2025-03-30T11:31:32.471+0000] {logging_mixin.py:190} INFO - [2025-03-30T11:31:32.471+0000] {dag.py:4180} INFO - Setting next_dagrun for example_sensors to None, run_after=None
[2025-03-30T11:31:32.482+0000] {processor.py:208} INFO - Processing /home/airflow/.local/lib/python3.12/site-packages/airflow/example_dags/example_sensors.py took 0.041 seconds
[2025-03-30T11:32:03.657+0000] {processor.py:186} INFO - Started process (PID=984) to work on /home/airflow/.local/lib/python3.12/site-packages/airflow/example_dags/example_sensors.py
[2025-03-30T11:32:03.660+0000] {processor.py:914} INFO - Processing file /home/airflow/.local/lib/python3.12/site-packages/airflow/example_dags/example_sensors.py for tasks to queue
[2025-03-30T11:32:03.662+0000] {logging_mixin.py:190} INFO - [2025-03-30T11:32:03.661+0000] {dagbag.py:588} INFO - Filling up the DagBag from /home/airflow/.local/lib/python3.12/site-packages/airflow/example_dags/example_sensors.py
[2025-03-30T11:32:03.666+0000] {processor.py:925} INFO - DAG(s) 'example_sensors' retrieved from /home/airflow/.local/lib/python3.12/site-packages/airflow/example_dags/example_sensors.py
[2025-03-30T11:32:03.677+0000] {logging_mixin.py:190} INFO - [2025-03-30T11:32:03.677+0000] {dag.py:3239} INFO - Sync 1 DAGs
[2025-03-30T11:32:03.682+0000] {logging_mixin.py:190} INFO - [2025-03-30T11:32:03.681+0000] {dag.py:4180} INFO - Setting next_dagrun for example_sensors to None, run_after=None
[2025-03-30T11:32:03.687+0000] {processor.py:208} INFO - Processing /home/airflow/.local/lib/python3.12/site-packages/airflow/example_dags/example_sensors.py took 0.033 seconds
[2025-03-30T11:32:34.932+0000] {processor.py:186} INFO - Started process (PID=1048) to work on /home/airflow/.local/lib/python3.12/site-packages/airflow/example_dags/example_sensors.py
[2025-03-30T11:32:34.933+0000] {processor.py:914} INFO - Processing file /home/airflow/.local/lib/python3.12/site-packages/airflow/example_dags/example_sensors.py for tasks to queue
[2025-03-30T11:32:34.934+0000] {logging_mixin.py:190} INFO - [2025-03-30T11:32:34.934+0000] {dagbag.py:588} INFO - Filling up the DagBag from /home/airflow/.local/lib/python3.12/site-packages/airflow/example_dags/example_sensors.py
[2025-03-30T11:32:34.938+0000] {processor.py:925} INFO - DAG(s) 'example_sensors' retrieved from /home/airflow/.local/lib/python3.12/site-packages/airflow/example_dags/example_sensors.py
[2025-03-30T11:32:34.949+0000] {logging_mixin.py:190} INFO - [2025-03-30T11:32:34.949+0000] {dag.py:3239} INFO - Sync 1 DAGs
[2025-03-30T11:32:34.955+0000] {logging_mixin.py:190} INFO - [2025-03-30T11:32:34.955+0000] {dag.py:4180} INFO - Setting next_dagrun for example_sensors to None, run_after=None
[2025-03-30T11:32:34.963+0000] {processor.py:208} INFO - Processing /home/airflow/.local/lib/python3.12/site-packages/airflow/example_dags/example_sensors.py took 0.033 seconds
[2025-03-30T11:33:06.059+0000] {processor.py:186} INFO - Started process (PID=1112) to work on /home/airflow/.local/lib/python3.12/site-packages/airflow/example_dags/example_sensors.py
[2025-03-30T11:33:06.060+0000] {processor.py:914} INFO - Processing file /home/airflow/.local/lib/python3.12/site-packages/airflow/example_dags/example_sensors.py for tasks to queue
[2025-03-30T11:33:06.061+0000] {logging_mixin.py:190} INFO - [2025-03-30T11:33:06.060+0000] {dagbag.py:588} INFO - Filling up the DagBag from /home/airflow/.local/lib/python3.12/site-packages/airflow/example_dags/example_sensors.py
[2025-03-30T11:33:06.064+0000] {processor.py:925} INFO - DAG(s) 'example_sensors' retrieved from /home/airflow/.local/lib/python3.12/site-packages/airflow/example_dags/example_sensors.py
[2025-03-30T11:33:06.075+0000] {logging_mixin.py:190} INFO - [2025-03-30T11:33:06.075+0000] {dag.py:3239} INFO - Sync 1 DAGs
[2025-03-30T11:33:06.080+0000] {logging_mixin.py:190} INFO - [2025-03-30T11:33:06.080+0000] {dag.py:4180} INFO - Setting next_dagrun for example_sensors to None, run_after=None
[2025-03-30T11:33:06.089+0000] {processor.py:208} INFO - Processing /home/airflow/.local/lib/python3.12/site-packages/airflow/example_dags/example_sensors.py took 0.032 seconds
[2025-03-30T11:33:37.213+0000] {processor.py:186} INFO - Started process (PID=1176) to work on /home/airflow/.local/lib/python3.12/site-packages/airflow/example_dags/example_sensors.py
[2025-03-30T11:33:37.213+0000] {processor.py:914} INFO - Processing file /home/airflow/.local/lib/python3.12/site-packages/airflow/example_dags/example_sensors.py for tasks to queue
[2025-03-30T11:33:37.214+0000] {logging_mixin.py:190} INFO - [2025-03-30T11:33:37.214+0000] {dagbag.py:588} INFO - Filling up the DagBag from /home/airflow/.local/lib/python3.12/site-packages/airflow/example_dags/example_sensors.py
[2025-03-30T11:33:37.222+0000] {processor.py:925} INFO - DAG(s) 'example_sensors' retrieved from /home/airflow/.local/lib/python3.12/site-packages/airflow/example_dags/example_sensors.py
[2025-03-30T11:33:37.232+0000] {logging_mixin.py:190} INFO - [2025-03-30T11:33:37.232+0000] {dag.py:3239} INFO - Sync 1 DAGs
[2025-03-30T11:33:37.236+0000] {logging_mixin.py:190} INFO - [2025-03-30T11:33:37.236+0000] {dag.py:4180} INFO - Setting next_dagrun for example_sensors to None, run_after=None
[2025-03-30T11:33:37.242+0000] {processor.py:208} INFO - Processing /home/airflow/.local/lib/python3.12/site-packages/airflow/example_dags/example_sensors.py took 0.031 seconds
[2025-03-30T11:34:08.508+0000] {processor.py:186} INFO - Started process (PID=1240) to work on /home/airflow/.local/lib/python3.12/site-packages/airflow/example_dags/example_sensors.py
[2025-03-30T11:34:08.509+0000] {processor.py:914} INFO - Processing file /home/airflow/.local/lib/python3.12/site-packages/airflow/example_dags/example_sensors.py for tasks to queue
[2025-03-30T11:34:08.509+0000] {logging_mixin.py:190} INFO - [2025-03-30T11:34:08.509+0000] {dagbag.py:588} INFO - Filling up the DagBag from /home/airflow/.local/lib/python3.12/site-packages/airflow/example_dags/example_sensors.py
[2025-03-30T11:34:08.513+0000] {processor.py:925} INFO - DAG(s) 'example_sensors' retrieved from /home/airflow/.local/lib/python3.12/site-packages/airflow/example_dags/example_sensors.py
[2025-03-30T11:34:08.522+0000] {logging_mixin.py:190} INFO - [2025-03-30T11:34:08.521+0000] {dag.py:3239} INFO - Sync 1 DAGs
[2025-03-30T11:34:08.526+0000] {logging_mixin.py:190} INFO - [2025-03-30T11:34:08.525+0000] {dag.py:4180} INFO - Setting next_dagrun for example_sensors to None, run_after=None
[2025-03-30T11:34:08.531+0000] {processor.py:208} INFO - Processing /home/airflow/.local/lib/python3.12/site-packages/airflow/example_dags/example_sensors.py took 0.024 seconds
[2025-03-30T11:34:39.888+0000] {processor.py:186} INFO - Started process (PID=1304) to work on /home/airflow/.local/lib/python3.12/site-packages/airflow/example_dags/example_sensors.py
[2025-03-30T11:34:39.888+0000] {processor.py:914} INFO - Processing file /home/airflow/.local/lib/python3.12/site-packages/airflow/example_dags/example_sensors.py for tasks to queue
[2025-03-30T11:34:39.889+0000] {logging_mixin.py:190} INFO - [2025-03-30T11:34:39.889+0000] {dagbag.py:588} INFO - Filling up the DagBag from /home/airflow/.local/lib/python3.12/site-packages/airflow/example_dags/example_sensors.py
[2025-03-30T11:34:39.894+0000] {processor.py:925} INFO - DAG(s) 'example_sensors' retrieved from /home/airflow/.local/lib/python3.12/site-packages/airflow/example_dags/example_sensors.py
[2025-03-30T11:34:39.907+0000] {logging_mixin.py:190} INFO - [2025-03-30T11:34:39.907+0000] {dag.py:3239} INFO - Sync 1 DAGs
[2025-03-30T11:34:39.912+0000] {logging_mixin.py:190} INFO - [2025-03-30T11:34:39.912+0000] {dag.py:4180} INFO - Setting next_dagrun for example_sensors to None, run_after=None
[2025-03-30T11:34:39.918+0000] {processor.py:208} INFO - Processing /home/airflow/.local/lib/python3.12/site-packages/airflow/example_dags/example_sensors.py took 0.033 seconds
[2025-03-30T11:35:10.468+0000] {processor.py:186} INFO - Started process (PID=1368) to work on /home/airflow/.local/lib/python3.12/site-packages/airflow/example_dags/example_sensors.py
[2025-03-30T11:35:10.469+0000] {processor.py:914} INFO - Processing file /home/airflow/.local/lib/python3.12/site-packages/airflow/example_dags/example_sensors.py for tasks to queue
[2025-03-30T11:35:10.470+0000] {logging_mixin.py:190} INFO - [2025-03-30T11:35:10.469+0000] {dagbag.py:588} INFO - Filling up the DagBag from /home/airflow/.local/lib/python3.12/site-packages/airflow/example_dags/example_sensors.py
[2025-03-30T11:35:10.474+0000] {processor.py:925} INFO - DAG(s) 'example_sensors' retrieved from /home/airflow/.local/lib/python3.12/site-packages/airflow/example_dags/example_sensors.py
[2025-03-30T11:35:10.491+0000] {logging_mixin.py:190} INFO - [2025-03-30T11:35:10.491+0000] {dag.py:3239} INFO - Sync 1 DAGs
[2025-03-30T11:35:10.504+0000] {logging_mixin.py:190} INFO - [2025-03-30T11:35:10.504+0000] {dag.py:4180} INFO - Setting next_dagrun for example_sensors to None, run_after=None
[2025-03-30T11:35:10.519+0000] {processor.py:208} INFO - Processing /home/airflow/.local/lib/python3.12/site-packages/airflow/example_dags/example_sensors.py took 0.053 seconds
[2025-03-30T11:35:40.840+0000] {processor.py:186} INFO - Started process (PID=1432) to work on /home/airflow/.local/lib/python3.12/site-packages/airflow/example_dags/example_sensors.py
[2025-03-30T11:35:40.840+0000] {processor.py:914} INFO - Processing file /home/airflow/.local/lib/python3.12/site-packages/airflow/example_dags/example_sensors.py for tasks to queue
[2025-03-30T11:35:40.842+0000] {logging_mixin.py:190} INFO - [2025-03-30T11:35:40.842+0000] {dagbag.py:588} INFO - Filling up the DagBag from /home/airflow/.local/lib/python3.12/site-packages/airflow/example_dags/example_sensors.py
[2025-03-30T11:35:40.846+0000] {processor.py:925} INFO - DAG(s) 'example_sensors' retrieved from /home/airflow/.local/lib/python3.12/site-packages/airflow/example_dags/example_sensors.py
[2025-03-30T11:35:40.858+0000] {logging_mixin.py:190} INFO - [2025-03-30T11:35:40.858+0000] {dag.py:3239} INFO - Sync 1 DAGs
[2025-03-30T11:35:40.862+0000] {logging_mixin.py:190} INFO - [2025-03-30T11:35:40.862+0000] {dag.py:4180} INFO - Setting next_dagrun for example_sensors to None, run_after=None
[2025-03-30T11:35:40.874+0000] {processor.py:208} INFO - Processing /home/airflow/.local/lib/python3.12/site-packages/airflow/example_dags/example_sensors.py took 0.037 seconds
[2025-03-30T11:36:12.266+0000] {processor.py:186} INFO - Started process (PID=1496) to work on /home/airflow/.local/lib/python3.12/site-packages/airflow/example_dags/example_sensors.py
[2025-03-30T11:36:12.266+0000] {processor.py:914} INFO - Processing file /home/airflow/.local/lib/python3.12/site-packages/airflow/example_dags/example_sensors.py for tasks to queue
[2025-03-30T11:36:12.267+0000] {logging_mixin.py:190} INFO - [2025-03-30T11:36:12.267+0000] {dagbag.py:588} INFO - Filling up the DagBag from /home/airflow/.local/lib/python3.12/site-packages/airflow/example_dags/example_sensors.py
[2025-03-30T11:36:12.271+0000] {processor.py:925} INFO - DAG(s) 'example_sensors' retrieved from /home/airflow/.local/lib/python3.12/site-packages/airflow/example_dags/example_sensors.py
[2025-03-30T11:36:12.282+0000] {logging_mixin.py:190} INFO - [2025-03-30T11:36:12.282+0000] {dag.py:3239} INFO - Sync 1 DAGs
[2025-03-30T11:36:12.288+0000] {logging_mixin.py:190} INFO - [2025-03-30T11:36:12.288+0000] {dag.py:4180} INFO - Setting next_dagrun for example_sensors to None, run_after=None
[2025-03-30T11:36:12.302+0000] {processor.py:208} INFO - Processing /home/airflow/.local/lib/python3.12/site-packages/airflow/example_dags/example_sensors.py took 0.038 seconds
[2025-03-30T11:36:42.579+0000] {processor.py:186} INFO - Started process (PID=1560) to work on /home/airflow/.local/lib/python3.12/site-packages/airflow/example_dags/example_sensors.py
[2025-03-30T11:36:42.579+0000] {processor.py:914} INFO - Processing file /home/airflow/.local/lib/python3.12/site-packages/airflow/example_dags/example_sensors.py for tasks to queue
[2025-03-30T11:36:42.580+0000] {logging_mixin.py:190} INFO - [2025-03-30T11:36:42.580+0000] {dagbag.py:588} INFO - Filling up the DagBag from /home/airflow/.local/lib/python3.12/site-packages/airflow/example_dags/example_sensors.py
[2025-03-30T11:36:42.585+0000] {processor.py:925} INFO - DAG(s) 'example_sensors' retrieved from /home/airflow/.local/lib/python3.12/site-packages/airflow/example_dags/example_sensors.py
[2025-03-30T11:36:42.594+0000] {logging_mixin.py:190} INFO - [2025-03-30T11:36:42.594+0000] {dag.py:3239} INFO - Sync 1 DAGs
[2025-03-30T11:36:42.600+0000] {logging_mixin.py:190} INFO - [2025-03-30T11:36:42.600+0000] {dag.py:4180} INFO - Setting next_dagrun for example_sensors to None, run_after=None
[2025-03-30T11:36:42.607+0000] {processor.py:208} INFO - Processing /home/airflow/.local/lib/python3.12/site-packages/airflow/example_dags/example_sensors.py took 0.031 seconds
[2025-03-30T11:37:13.722+0000] {processor.py:186} INFO - Started process (PID=1624) to work on /home/airflow/.local/lib/python3.12/site-packages/airflow/example_dags/example_sensors.py
[2025-03-30T11:37:13.723+0000] {processor.py:914} INFO - Processing file /home/airflow/.local/lib/python3.12/site-packages/airflow/example_dags/example_sensors.py for tasks to queue
[2025-03-30T11:37:13.724+0000] {logging_mixin.py:190} INFO - [2025-03-30T11:37:13.724+0000] {dagbag.py:588} INFO - Filling up the DagBag from /home/airflow/.local/lib/python3.12/site-packages/airflow/example_dags/example_sensors.py
[2025-03-30T11:37:13.729+0000] {processor.py:925} INFO - DAG(s) 'example_sensors' retrieved from /home/airflow/.local/lib/python3.12/site-packages/airflow/example_dags/example_sensors.py
[2025-03-30T11:37:13.745+0000] {logging_mixin.py:190} INFO - [2025-03-30T11:37:13.744+0000] {dag.py:3239} INFO - Sync 1 DAGs
[2025-03-30T11:37:13.750+0000] {logging_mixin.py:190} INFO - [2025-03-30T11:37:13.750+0000] {dag.py:4180} INFO - Setting next_dagrun for example_sensors to None, run_after=None
[2025-03-30T11:37:13.760+0000] {processor.py:208} INFO - Processing /home/airflow/.local/lib/python3.12/site-packages/airflow/example_dags/example_sensors.py took 0.040 seconds
[2025-03-30T11:37:44.984+0000] {processor.py:186} INFO - Started process (PID=1688) to work on /home/airflow/.local/lib/python3.12/site-packages/airflow/example_dags/example_sensors.py
[2025-03-30T11:37:44.984+0000] {processor.py:914} INFO - Processing file /home/airflow/.local/lib/python3.12/site-packages/airflow/example_dags/example_sensors.py for tasks to queue
[2025-03-30T11:37:44.985+0000] {logging_mixin.py:190} INFO - [2025-03-30T11:37:44.985+0000] {dagbag.py:588} INFO - Filling up the DagBag from /home/airflow/.local/lib/python3.12/site-packages/airflow/example_dags/example_sensors.py
[2025-03-30T11:37:44.989+0000] {processor.py:925} INFO - DAG(s) 'example_sensors' retrieved from /home/airflow/.local/lib/python3.12/site-packages/airflow/example_dags/example_sensors.py
[2025-03-30T11:37:44.999+0000] {logging_mixin.py:190} INFO - [2025-03-30T11:37:44.999+0000] {dag.py:3239} INFO - Sync 1 DAGs
[2025-03-30T11:37:45.004+0000] {logging_mixin.py:190} INFO - [2025-03-30T11:37:45.004+0000] {dag.py:4180} INFO - Setting next_dagrun for example_sensors to None, run_after=None
[2025-03-30T11:37:45.014+0000] {processor.py:208} INFO - Processing /home/airflow/.local/lib/python3.12/site-packages/airflow/example_dags/example_sensors.py took 0.033 seconds
[2025-03-30T11:38:16.417+0000] {processor.py:186} INFO - Started process (PID=1752) to work on /home/airflow/.local/lib/python3.12/site-packages/airflow/example_dags/example_sensors.py
[2025-03-30T11:38:16.419+0000] {processor.py:914} INFO - Processing file /home/airflow/.local/lib/python3.12/site-packages/airflow/example_dags/example_sensors.py for tasks to queue
[2025-03-30T11:38:16.420+0000] {logging_mixin.py:190} INFO - [2025-03-30T11:38:16.420+0000] {dagbag.py:588} INFO - Filling up the DagBag from /home/airflow/.local/lib/python3.12/site-packages/airflow/example_dags/example_sensors.py
[2025-03-30T11:38:16.425+0000] {processor.py:925} INFO - DAG(s) 'example_sensors' retrieved from /home/airflow/.local/lib/python3.12/site-packages/airflow/example_dags/example_sensors.py
[2025-03-30T11:38:16.437+0000] {logging_mixin.py:190} INFO - [2025-03-30T11:38:16.437+0000] {dag.py:3239} INFO - Sync 1 DAGs
[2025-03-30T11:38:16.442+0000] {logging_mixin.py:190} INFO - [2025-03-30T11:38:16.442+0000] {dag.py:4180} INFO - Setting next_dagrun for example_sensors to None, run_after=None
[2025-03-30T11:38:16.452+0000] {processor.py:208} INFO - Processing /home/airflow/.local/lib/python3.12/site-packages/airflow/example_dags/example_sensors.py took 0.038 seconds
[2025-03-30T11:38:46.577+0000] {processor.py:186} INFO - Started process (PID=1816) to work on /home/airflow/.local/lib/python3.12/site-packages/airflow/example_dags/example_sensors.py
[2025-03-30T11:38:46.578+0000] {processor.py:914} INFO - Processing file /home/airflow/.local/lib/python3.12/site-packages/airflow/example_dags/example_sensors.py for tasks to queue
[2025-03-30T11:38:46.579+0000] {logging_mixin.py:190} INFO - [2025-03-30T11:38:46.579+0000] {dagbag.py:588} INFO - Filling up the DagBag from /home/airflow/.local/lib/python3.12/site-packages/airflow/example_dags/example_sensors.py
[2025-03-30T11:38:46.583+0000] {processor.py:925} INFO - DAG(s) 'example_sensors' retrieved from /home/airflow/.local/lib/python3.12/site-packages/airflow/example_dags/example_sensors.py
[2025-03-30T11:38:46.593+0000] {logging_mixin.py:190} INFO - [2025-03-30T11:38:46.593+0000] {dag.py:3239} INFO - Sync 1 DAGs
[2025-03-30T11:38:46.598+0000] {logging_mixin.py:190} INFO - [2025-03-30T11:38:46.598+0000] {dag.py:4180} INFO - Setting next_dagrun for example_sensors to None, run_after=None
[2025-03-30T11:38:46.611+0000] {processor.py:208} INFO - Processing /home/airflow/.local/lib/python3.12/site-packages/airflow/example_dags/example_sensors.py took 0.036 seconds
[2025-03-30T11:39:17.755+0000] {processor.py:186} INFO - Started process (PID=1880) to work on /home/airflow/.local/lib/python3.12/site-packages/airflow/example_dags/example_sensors.py
[2025-03-30T11:39:17.756+0000] {processor.py:914} INFO - Processing file /home/airflow/.local/lib/python3.12/site-packages/airflow/example_dags/example_sensors.py for tasks to queue
[2025-03-30T11:39:17.757+0000] {logging_mixin.py:190} INFO - [2025-03-30T11:39:17.757+0000] {dagbag.py:588} INFO - Filling up the DagBag from /home/airflow/.local/lib/python3.12/site-packages/airflow/example_dags/example_sensors.py
[2025-03-30T11:39:17.761+0000] {processor.py:925} INFO - DAG(s) 'example_sensors' retrieved from /home/airflow/.local/lib/python3.12/site-packages/airflow/example_dags/example_sensors.py
[2025-03-30T11:39:17.772+0000] {logging_mixin.py:190} INFO - [2025-03-30T11:39:17.772+0000] {dag.py:3239} INFO - Sync 1 DAGs
[2025-03-30T11:39:17.777+0000] {logging_mixin.py:190} INFO - [2025-03-30T11:39:17.777+0000] {dag.py:4180} INFO - Setting next_dagrun for example_sensors to None, run_after=None
[2025-03-30T11:39:17.783+0000] {processor.py:208} INFO - Processing /home/airflow/.local/lib/python3.12/site-packages/airflow/example_dags/example_sensors.py took 0.030 seconds
[2025-03-30T11:39:48.931+0000] {processor.py:186} INFO - Started process (PID=1944) to work on /home/airflow/.local/lib/python3.12/site-packages/airflow/example_dags/example_sensors.py
[2025-03-30T11:39:48.932+0000] {processor.py:914} INFO - Processing file /home/airflow/.local/lib/python3.12/site-packages/airflow/example_dags/example_sensors.py for tasks to queue
[2025-03-30T11:39:48.934+0000] {logging_mixin.py:190} INFO - [2025-03-30T11:39:48.934+0000] {dagbag.py:588} INFO - Filling up the DagBag from /home/airflow/.local/lib/python3.12/site-packages/airflow/example_dags/example_sensors.py
[2025-03-30T11:39:48.939+0000] {processor.py:925} INFO - DAG(s) 'example_sensors' retrieved from /home/airflow/.local/lib/python3.12/site-packages/airflow/example_dags/example_sensors.py
[2025-03-30T11:39:48.948+0000] {logging_mixin.py:190} INFO - [2025-03-30T11:39:48.948+0000] {dag.py:3239} INFO - Sync 1 DAGs
[2025-03-30T11:39:48.953+0000] {logging_mixin.py:190} INFO - [2025-03-30T11:39:48.953+0000] {dag.py:4180} INFO - Setting next_dagrun for example_sensors to None, run_after=None
[2025-03-30T11:39:48.959+0000] {processor.py:208} INFO - Processing /home/airflow/.local/lib/python3.12/site-packages/airflow/example_dags/example_sensors.py took 0.030 seconds
[2025-03-30T11:40:20.122+0000] {processor.py:186} INFO - Started process (PID=2008) to work on /home/airflow/.local/lib/python3.12/site-packages/airflow/example_dags/example_sensors.py
[2025-03-30T11:40:20.126+0000] {processor.py:914} INFO - Processing file /home/airflow/.local/lib/python3.12/site-packages/airflow/example_dags/example_sensors.py for tasks to queue
[2025-03-30T11:40:20.129+0000] {logging_mixin.py:190} INFO - [2025-03-30T11:40:20.129+0000] {dagbag.py:588} INFO - Filling up the DagBag from /home/airflow/.local/lib/python3.12/site-packages/airflow/example_dags/example_sensors.py
[2025-03-30T11:40:20.135+0000] {processor.py:925} INFO - DAG(s) 'example_sensors' retrieved from /home/airflow/.local/lib/python3.12/site-packages/airflow/example_dags/example_sensors.py
[2025-03-30T11:40:20.147+0000] {logging_mixin.py:190} INFO - [2025-03-30T11:40:20.147+0000] {dag.py:3239} INFO - Sync 1 DAGs
[2025-03-30T11:40:20.154+0000] {logging_mixin.py:190} INFO - [2025-03-30T11:40:20.154+0000] {dag.py:4180} INFO - Setting next_dagrun for example_sensors to None, run_after=None
[2025-03-30T11:40:20.162+0000] {processor.py:208} INFO - Processing /home/airflow/.local/lib/python3.12/site-packages/airflow/example_dags/example_sensors.py took 0.042 seconds
[2025-03-30T11:40:51.519+0000] {processor.py:186} INFO - Started process (PID=2072) to work on /home/airflow/.local/lib/python3.12/site-packages/airflow/example_dags/example_sensors.py
[2025-03-30T11:40:51.519+0000] {processor.py:914} INFO - Processing file /home/airflow/.local/lib/python3.12/site-packages/airflow/example_dags/example_sensors.py for tasks to queue
[2025-03-30T11:40:51.520+0000] {logging_mixin.py:190} INFO - [2025-03-30T11:40:51.520+0000] {dagbag.py:588} INFO - Filling up the DagBag from /home/airflow/.local/lib/python3.12/site-packages/airflow/example_dags/example_sensors.py
[2025-03-30T11:40:51.524+0000] {processor.py:925} INFO - DAG(s) 'example_sensors' retrieved from /home/airflow/.local/lib/python3.12/site-packages/airflow/example_dags/example_sensors.py
[2025-03-30T11:40:51.535+0000] {logging_mixin.py:190} INFO - [2025-03-30T11:40:51.535+0000] {dag.py:3239} INFO - Sync 1 DAGs
[2025-03-30T11:40:51.540+0000] {logging_mixin.py:190} INFO - [2025-03-30T11:40:51.540+0000] {dag.py:4180} INFO - Setting next_dagrun for example_sensors to None, run_after=None
[2025-03-30T11:40:51.550+0000] {processor.py:208} INFO - Processing /home/airflow/.local/lib/python3.12/site-packages/airflow/example_dags/example_sensors.py took 0.033 seconds
[2025-03-30T11:41:22.661+0000] {processor.py:186} INFO - Started process (PID=2136) to work on /home/airflow/.local/lib/python3.12/site-packages/airflow/example_dags/example_sensors.py
[2025-03-30T11:41:22.661+0000] {processor.py:914} INFO - Processing file /home/airflow/.local/lib/python3.12/site-packages/airflow/example_dags/example_sensors.py for tasks to queue
[2025-03-30T11:41:22.662+0000] {logging_mixin.py:190} INFO - [2025-03-30T11:41:22.662+0000] {dagbag.py:588} INFO - Filling up the DagBag from /home/airflow/.local/lib/python3.12/site-packages/airflow/example_dags/example_sensors.py
[2025-03-30T11:41:22.666+0000] {processor.py:925} INFO - DAG(s) 'example_sensors' retrieved from /home/airflow/.local/lib/python3.12/site-packages/airflow/example_dags/example_sensors.py
[2025-03-30T11:41:22.674+0000] {logging_mixin.py:190} INFO - [2025-03-30T11:41:22.674+0000] {dag.py:3239} INFO - Sync 1 DAGs
[2025-03-30T11:41:22.678+0000] {logging_mixin.py:190} INFO - [2025-03-30T11:41:22.678+0000] {dag.py:4180} INFO - Setting next_dagrun for example_sensors to None, run_after=None
[2025-03-30T11:41:22.683+0000] {processor.py:208} INFO - Processing /home/airflow/.local/lib/python3.12/site-packages/airflow/example_dags/example_sensors.py took 0.025 seconds
[2025-03-30T11:41:53.776+0000] {processor.py:186} INFO - Started process (PID=2200) to work on /home/airflow/.local/lib/python3.12/site-packages/airflow/example_dags/example_sensors.py
[2025-03-30T11:41:53.777+0000] {processor.py:914} INFO - Processing file /home/airflow/.local/lib/python3.12/site-packages/airflow/example_dags/example_sensors.py for tasks to queue
[2025-03-30T11:41:53.777+0000] {logging_mixin.py:190} INFO - [2025-03-30T11:41:53.777+0000] {dagbag.py:588} INFO - Filling up the DagBag from /home/airflow/.local/lib/python3.12/site-packages/airflow/example_dags/example_sensors.py
[2025-03-30T11:41:53.782+0000] {processor.py:925} INFO - DAG(s) 'example_sensors' retrieved from /home/airflow/.local/lib/python3.12/site-packages/airflow/example_dags/example_sensors.py
[2025-03-30T11:41:53.791+0000] {logging_mixin.py:190} INFO - [2025-03-30T11:41:53.791+0000] {dag.py:3239} INFO - Sync 1 DAGs
[2025-03-30T11:41:53.795+0000] {logging_mixin.py:190} INFO - [2025-03-30T11:41:53.795+0000] {dag.py:4180} INFO - Setting next_dagrun for example_sensors to None, run_after=None
[2025-03-30T11:41:53.801+0000] {processor.py:208} INFO - Processing /home/airflow/.local/lib/python3.12/site-packages/airflow/example_dags/example_sensors.py took 0.027 seconds
[2025-03-30T11:42:25.010+0000] {processor.py:186} INFO - Started process (PID=2270) to work on /home/airflow/.local/lib/python3.12/site-packages/airflow/example_dags/example_sensors.py
[2025-03-30T11:42:25.010+0000] {processor.py:914} INFO - Processing file /home/airflow/.local/lib/python3.12/site-packages/airflow/example_dags/example_sensors.py for tasks to queue
[2025-03-30T11:42:25.011+0000] {logging_mixin.py:190} INFO - [2025-03-30T11:42:25.011+0000] {dagbag.py:588} INFO - Filling up the DagBag from /home/airflow/.local/lib/python3.12/site-packages/airflow/example_dags/example_sensors.py
[2025-03-30T11:42:25.015+0000] {processor.py:925} INFO - DAG(s) 'example_sensors' retrieved from /home/airflow/.local/lib/python3.12/site-packages/airflow/example_dags/example_sensors.py
[2025-03-30T11:42:25.026+0000] {logging_mixin.py:190} INFO - [2025-03-30T11:42:25.026+0000] {dag.py:3239} INFO - Sync 1 DAGs
[2025-03-30T11:42:25.031+0000] {logging_mixin.py:190} INFO - [2025-03-30T11:42:25.030+0000] {dag.py:4180} INFO - Setting next_dagrun for example_sensors to None, run_after=None
[2025-03-30T11:42:25.038+0000] {processor.py:208} INFO - Processing /home/airflow/.local/lib/python3.12/site-packages/airflow/example_dags/example_sensors.py took 0.031 seconds
[2025-03-30T11:42:56.140+0000] {processor.py:186} INFO - Started process (PID=2333) to work on /home/airflow/.local/lib/python3.12/site-packages/airflow/example_dags/example_sensors.py
[2025-03-30T11:42:56.140+0000] {processor.py:914} INFO - Processing file /home/airflow/.local/lib/python3.12/site-packages/airflow/example_dags/example_sensors.py for tasks to queue
[2025-03-30T11:42:56.141+0000] {logging_mixin.py:190} INFO - [2025-03-30T11:42:56.141+0000] {dagbag.py:588} INFO - Filling up the DagBag from /home/airflow/.local/lib/python3.12/site-packages/airflow/example_dags/example_sensors.py
[2025-03-30T11:42:56.145+0000] {processor.py:925} INFO - DAG(s) 'example_sensors' retrieved from /home/airflow/.local/lib/python3.12/site-packages/airflow/example_dags/example_sensors.py
[2025-03-30T11:42:56.154+0000] {logging_mixin.py:190} INFO - [2025-03-30T11:42:56.153+0000] {dag.py:3239} INFO - Sync 1 DAGs
[2025-03-30T11:42:56.158+0000] {logging_mixin.py:190} INFO - [2025-03-30T11:42:56.158+0000] {dag.py:4180} INFO - Setting next_dagrun for example_sensors to None, run_after=None
[2025-03-30T11:42:56.170+0000] {processor.py:208} INFO - Processing /home/airflow/.local/lib/python3.12/site-packages/airflow/example_dags/example_sensors.py took 0.032 seconds
[2025-03-30T11:43:27.231+0000] {processor.py:186} INFO - Started process (PID=2397) to work on /home/airflow/.local/lib/python3.12/site-packages/airflow/example_dags/example_sensors.py
[2025-03-30T11:43:27.235+0000] {processor.py:914} INFO - Processing file /home/airflow/.local/lib/python3.12/site-packages/airflow/example_dags/example_sensors.py for tasks to queue
[2025-03-30T11:43:27.239+0000] {logging_mixin.py:190} INFO - [2025-03-30T11:43:27.239+0000] {dagbag.py:588} INFO - Filling up the DagBag from /home/airflow/.local/lib/python3.12/site-packages/airflow/example_dags/example_sensors.py
[2025-03-30T11:43:27.244+0000] {processor.py:925} INFO - DAG(s) 'example_sensors' retrieved from /home/airflow/.local/lib/python3.12/site-packages/airflow/example_dags/example_sensors.py
[2025-03-30T11:43:27.257+0000] {logging_mixin.py:190} INFO - [2025-03-30T11:43:27.257+0000] {dag.py:3239} INFO - Sync 1 DAGs
[2025-03-30T11:43:27.263+0000] {logging_mixin.py:190} INFO - [2025-03-30T11:43:27.263+0000] {dag.py:4180} INFO - Setting next_dagrun for example_sensors to None, run_after=None
[2025-03-30T11:43:27.270+0000] {processor.py:208} INFO - Processing /home/airflow/.local/lib/python3.12/site-packages/airflow/example_dags/example_sensors.py took 0.041 seconds
[2025-03-30T11:43:58.361+0000] {processor.py:186} INFO - Started process (PID=2460) to work on /home/airflow/.local/lib/python3.12/site-packages/airflow/example_dags/example_sensors.py
[2025-03-30T11:43:58.362+0000] {processor.py:914} INFO - Processing file /home/airflow/.local/lib/python3.12/site-packages/airflow/example_dags/example_sensors.py for tasks to queue
[2025-03-30T11:43:58.363+0000] {logging_mixin.py:190} INFO - [2025-03-30T11:43:58.363+0000] {dagbag.py:588} INFO - Filling up the DagBag from /home/airflow/.local/lib/python3.12/site-packages/airflow/example_dags/example_sensors.py
[2025-03-30T11:43:58.367+0000] {processor.py:925} INFO - DAG(s) 'example_sensors' retrieved from /home/airflow/.local/lib/python3.12/site-packages/airflow/example_dags/example_sensors.py
[2025-03-30T11:43:58.376+0000] {logging_mixin.py:190} INFO - [2025-03-30T11:43:58.376+0000] {dag.py:3239} INFO - Sync 1 DAGs
[2025-03-30T11:43:58.381+0000] {logging_mixin.py:190} INFO - [2025-03-30T11:43:58.381+0000] {dag.py:4180} INFO - Setting next_dagrun for example_sensors to None, run_after=None
[2025-03-30T11:43:58.392+0000] {processor.py:208} INFO - Processing /home/airflow/.local/lib/python3.12/site-packages/airflow/example_dags/example_sensors.py took 0.033 seconds
[2025-03-30T11:44:29.406+0000] {processor.py:186} INFO - Started process (PID=2524) to work on /home/airflow/.local/lib/python3.12/site-packages/airflow/example_dags/example_sensors.py
[2025-03-30T11:44:29.407+0000] {processor.py:914} INFO - Processing file /home/airflow/.local/lib/python3.12/site-packages/airflow/example_dags/example_sensors.py for tasks to queue
[2025-03-30T11:44:29.408+0000] {logging_mixin.py:190} INFO - [2025-03-30T11:44:29.408+0000] {dagbag.py:588} INFO - Filling up the DagBag from /home/airflow/.local/lib/python3.12/site-packages/airflow/example_dags/example_sensors.py
[2025-03-30T11:44:29.412+0000] {processor.py:925} INFO - DAG(s) 'example_sensors' retrieved from /home/airflow/.local/lib/python3.12/site-packages/airflow/example_dags/example_sensors.py
[2025-03-30T11:44:29.422+0000] {logging_mixin.py:190} INFO - [2025-03-30T11:44:29.422+0000] {dag.py:3239} INFO - Sync 1 DAGs
[2025-03-30T11:44:29.428+0000] {logging_mixin.py:190} INFO - [2025-03-30T11:44:29.428+0000] {dag.py:4180} INFO - Setting next_dagrun for example_sensors to None, run_after=None
[2025-03-30T11:44:29.436+0000] {processor.py:208} INFO - Processing /home/airflow/.local/lib/python3.12/site-packages/airflow/example_dags/example_sensors.py took 0.032 seconds
