[2025-03-30T03:32:20.885+0000] {processor.py:186} INFO - Started process (PID=74) to work on /home/airflow/.local/lib/python3.12/site-packages/airflow/example_dags/example_latest_only.py
[2025-03-30T03:32:20.885+0000] {processor.py:914} INFO - Processing file /home/airflow/.local/lib/python3.12/site-packages/airflow/example_dags/example_latest_only.py for tasks to queue
[2025-03-30T03:32:20.887+0000] {logging_mixin.py:190} INFO - [2025-03-30T03:32:20.887+0000] {dagbag.py:588} INFO - Filling up the DagBag from /home/airflow/.local/lib/python3.12/site-packages/airflow/example_dags/example_latest_only.py
[2025-03-30T03:32:20.892+0000] {processor.py:925} INFO - DAG(s) 'latest_only' retrieved from /home/airflow/.local/lib/python3.12/site-packages/airflow/example_dags/example_latest_only.py
[2025-03-30T03:32:20.900+0000] {logging_mixin.py:190} INFO - [2025-03-30T03:32:20.900+0000] {dag.py:3239} INFO - Sync 1 DAGs
[2025-03-30T03:32:20.910+0000] {logging_mixin.py:190} INFO - [2025-03-30T03:32:20.910+0000] {dag.py:4180} INFO - Setting next_dagrun for latest_only to 2025-03-29 20:00:00+00:00, run_after=2025-03-30 00:00:00+00:00
[2025-03-30T03:32:20.916+0000] {processor.py:208} INFO - Processing /home/airflow/.local/lib/python3.12/site-packages/airflow/example_dags/example_latest_only.py took 0.033 seconds
[2025-03-30T03:32:51.070+0000] {processor.py:186} INFO - Started process (PID=137) to work on /home/airflow/.local/lib/python3.12/site-packages/airflow/example_dags/example_latest_only.py
[2025-03-30T03:32:51.070+0000] {processor.py:914} INFO - Processing file /home/airflow/.local/lib/python3.12/site-packages/airflow/example_dags/example_latest_only.py for tasks to queue
[2025-03-30T03:32:51.071+0000] {logging_mixin.py:190} INFO - [2025-03-30T03:32:51.071+0000] {dagbag.py:588} INFO - Filling up the DagBag from /home/airflow/.local/lib/python3.12/site-packages/airflow/example_dags/example_latest_only.py
[2025-03-30T03:32:51.074+0000] {processor.py:925} INFO - DAG(s) 'latest_only' retrieved from /home/airflow/.local/lib/python3.12/site-packages/airflow/example_dags/example_latest_only.py
[2025-03-30T03:32:51.082+0000] {logging_mixin.py:190} INFO - [2025-03-30T03:32:51.082+0000] {dag.py:3239} INFO - Sync 1 DAGs
[2025-03-30T03:32:51.090+0000] {logging_mixin.py:190} INFO - [2025-03-30T03:32:51.090+0000] {dag.py:4180} INFO - Setting next_dagrun for latest_only to 2025-03-29 20:00:00+00:00, run_after=2025-03-30 00:00:00+00:00
[2025-03-30T03:32:51.096+0000] {processor.py:208} INFO - Processing /home/airflow/.local/lib/python3.12/site-packages/airflow/example_dags/example_latest_only.py took 0.028 seconds
[2025-03-30T03:33:22.171+0000] {processor.py:186} INFO - Started process (PID=200) to work on /home/airflow/.local/lib/python3.12/site-packages/airflow/example_dags/example_latest_only.py
[2025-03-30T03:33:22.172+0000] {processor.py:914} INFO - Processing file /home/airflow/.local/lib/python3.12/site-packages/airflow/example_dags/example_latest_only.py for tasks to queue
[2025-03-30T03:33:22.173+0000] {logging_mixin.py:190} INFO - [2025-03-30T03:33:22.173+0000] {dagbag.py:588} INFO - Filling up the DagBag from /home/airflow/.local/lib/python3.12/site-packages/airflow/example_dags/example_latest_only.py
[2025-03-30T03:33:22.176+0000] {processor.py:925} INFO - DAG(s) 'latest_only' retrieved from /home/airflow/.local/lib/python3.12/site-packages/airflow/example_dags/example_latest_only.py
[2025-03-30T03:33:22.183+0000] {logging_mixin.py:190} INFO - [2025-03-30T03:33:22.183+0000] {dag.py:3239} INFO - Sync 1 DAGs
[2025-03-30T03:33:22.191+0000] {logging_mixin.py:190} INFO - [2025-03-30T03:33:22.191+0000] {dag.py:4180} INFO - Setting next_dagrun for latest_only to 2025-03-29 20:00:00+00:00, run_after=2025-03-30 00:00:00+00:00
[2025-03-30T03:33:22.196+0000] {processor.py:208} INFO - Processing /home/airflow/.local/lib/python3.12/site-packages/airflow/example_dags/example_latest_only.py took 0.027 seconds
[2025-03-30T03:33:53.077+0000] {processor.py:186} INFO - Started process (PID=263) to work on /home/airflow/.local/lib/python3.12/site-packages/airflow/example_dags/example_latest_only.py
[2025-03-30T03:33:53.078+0000] {processor.py:914} INFO - Processing file /home/airflow/.local/lib/python3.12/site-packages/airflow/example_dags/example_latest_only.py for tasks to queue
[2025-03-30T03:33:53.078+0000] {logging_mixin.py:190} INFO - [2025-03-30T03:33:53.078+0000] {dagbag.py:588} INFO - Filling up the DagBag from /home/airflow/.local/lib/python3.12/site-packages/airflow/example_dags/example_latest_only.py
[2025-03-30T03:33:53.081+0000] {processor.py:925} INFO - DAG(s) 'latest_only' retrieved from /home/airflow/.local/lib/python3.12/site-packages/airflow/example_dags/example_latest_only.py
[2025-03-30T03:33:53.089+0000] {logging_mixin.py:190} INFO - [2025-03-30T03:33:53.089+0000] {dag.py:3239} INFO - Sync 1 DAGs
[2025-03-30T03:33:53.097+0000] {logging_mixin.py:190} INFO - [2025-03-30T03:33:53.097+0000] {dag.py:4180} INFO - Setting next_dagrun for latest_only to 2025-03-29 20:00:00+00:00, run_after=2025-03-30 00:00:00+00:00
[2025-03-30T03:33:53.102+0000] {processor.py:208} INFO - Processing /home/airflow/.local/lib/python3.12/site-packages/airflow/example_dags/example_latest_only.py took 0.027 seconds
[2025-03-30T03:34:24.160+0000] {processor.py:186} INFO - Started process (PID=326) to work on /home/airflow/.local/lib/python3.12/site-packages/airflow/example_dags/example_latest_only.py
[2025-03-30T03:34:24.160+0000] {processor.py:914} INFO - Processing file /home/airflow/.local/lib/python3.12/site-packages/airflow/example_dags/example_latest_only.py for tasks to queue
[2025-03-30T03:34:24.161+0000] {logging_mixin.py:190} INFO - [2025-03-30T03:34:24.161+0000] {dagbag.py:588} INFO - Filling up the DagBag from /home/airflow/.local/lib/python3.12/site-packages/airflow/example_dags/example_latest_only.py
[2025-03-30T03:34:24.164+0000] {processor.py:925} INFO - DAG(s) 'latest_only' retrieved from /home/airflow/.local/lib/python3.12/site-packages/airflow/example_dags/example_latest_only.py
[2025-03-30T03:34:24.172+0000] {logging_mixin.py:190} INFO - [2025-03-30T03:34:24.172+0000] {dag.py:3239} INFO - Sync 1 DAGs
[2025-03-30T03:34:24.180+0000] {logging_mixin.py:190} INFO - [2025-03-30T03:34:24.180+0000] {dag.py:4180} INFO - Setting next_dagrun for latest_only to 2025-03-29 20:00:00+00:00, run_after=2025-03-30 00:00:00+00:00
[2025-03-30T03:34:24.186+0000] {processor.py:208} INFO - Processing /home/airflow/.local/lib/python3.12/site-packages/airflow/example_dags/example_latest_only.py took 0.029 seconds
[2025-03-30T03:34:55.321+0000] {processor.py:186} INFO - Started process (PID=389) to work on /home/airflow/.local/lib/python3.12/site-packages/airflow/example_dags/example_latest_only.py
[2025-03-30T03:34:55.321+0000] {processor.py:914} INFO - Processing file /home/airflow/.local/lib/python3.12/site-packages/airflow/example_dags/example_latest_only.py for tasks to queue
[2025-03-30T03:34:55.323+0000] {logging_mixin.py:190} INFO - [2025-03-30T03:34:55.323+0000] {dagbag.py:588} INFO - Filling up the DagBag from /home/airflow/.local/lib/python3.12/site-packages/airflow/example_dags/example_latest_only.py
[2025-03-30T03:34:55.326+0000] {processor.py:925} INFO - DAG(s) 'latest_only' retrieved from /home/airflow/.local/lib/python3.12/site-packages/airflow/example_dags/example_latest_only.py
[2025-03-30T03:34:55.333+0000] {logging_mixin.py:190} INFO - [2025-03-30T03:34:55.333+0000] {dag.py:3239} INFO - Sync 1 DAGs
[2025-03-30T03:34:55.341+0000] {logging_mixin.py:190} INFO - [2025-03-30T03:34:55.341+0000] {dag.py:4180} INFO - Setting next_dagrun for latest_only to 2025-03-29 20:00:00+00:00, run_after=2025-03-30 00:00:00+00:00
[2025-03-30T03:34:55.348+0000] {processor.py:208} INFO - Processing /home/airflow/.local/lib/python3.12/site-packages/airflow/example_dags/example_latest_only.py took 0.031 seconds
[2025-03-30T03:35:26.468+0000] {processor.py:186} INFO - Started process (PID=452) to work on /home/airflow/.local/lib/python3.12/site-packages/airflow/example_dags/example_latest_only.py
[2025-03-30T03:35:26.469+0000] {processor.py:914} INFO - Processing file /home/airflow/.local/lib/python3.12/site-packages/airflow/example_dags/example_latest_only.py for tasks to queue
[2025-03-30T03:35:26.469+0000] {logging_mixin.py:190} INFO - [2025-03-30T03:35:26.469+0000] {dagbag.py:588} INFO - Filling up the DagBag from /home/airflow/.local/lib/python3.12/site-packages/airflow/example_dags/example_latest_only.py
[2025-03-30T03:35:26.472+0000] {processor.py:925} INFO - DAG(s) 'latest_only' retrieved from /home/airflow/.local/lib/python3.12/site-packages/airflow/example_dags/example_latest_only.py
[2025-03-30T03:35:26.481+0000] {logging_mixin.py:190} INFO - [2025-03-30T03:35:26.481+0000] {dag.py:3239} INFO - Sync 1 DAGs
[2025-03-30T03:35:26.489+0000] {logging_mixin.py:190} INFO - [2025-03-30T03:35:26.489+0000] {dag.py:4180} INFO - Setting next_dagrun for latest_only to 2025-03-29 20:00:00+00:00, run_after=2025-03-30 00:00:00+00:00
[2025-03-30T03:35:26.494+0000] {processor.py:208} INFO - Processing /home/airflow/.local/lib/python3.12/site-packages/airflow/example_dags/example_latest_only.py took 0.028 seconds
[2025-03-30T03:35:57.586+0000] {processor.py:186} INFO - Started process (PID=514) to work on /home/airflow/.local/lib/python3.12/site-packages/airflow/example_dags/example_latest_only.py
[2025-03-30T03:35:57.586+0000] {processor.py:914} INFO - Processing file /home/airflow/.local/lib/python3.12/site-packages/airflow/example_dags/example_latest_only.py for tasks to queue
[2025-03-30T03:35:57.587+0000] {logging_mixin.py:190} INFO - [2025-03-30T03:35:57.587+0000] {dagbag.py:588} INFO - Filling up the DagBag from /home/airflow/.local/lib/python3.12/site-packages/airflow/example_dags/example_latest_only.py
[2025-03-30T03:35:57.590+0000] {processor.py:925} INFO - DAG(s) 'latest_only' retrieved from /home/airflow/.local/lib/python3.12/site-packages/airflow/example_dags/example_latest_only.py
[2025-03-30T03:35:57.598+0000] {logging_mixin.py:190} INFO - [2025-03-30T03:35:57.598+0000] {dag.py:3239} INFO - Sync 1 DAGs
[2025-03-30T03:35:57.605+0000] {logging_mixin.py:190} INFO - [2025-03-30T03:35:57.605+0000] {dag.py:4180} INFO - Setting next_dagrun for latest_only to 2025-03-29 20:00:00+00:00, run_after=2025-03-30 00:00:00+00:00
[2025-03-30T03:35:57.611+0000] {processor.py:208} INFO - Processing /home/airflow/.local/lib/python3.12/site-packages/airflow/example_dags/example_latest_only.py took 0.027 seconds
[2025-03-30T03:36:28.660+0000] {processor.py:186} INFO - Started process (PID=577) to work on /home/airflow/.local/lib/python3.12/site-packages/airflow/example_dags/example_latest_only.py
[2025-03-30T03:36:28.660+0000] {processor.py:914} INFO - Processing file /home/airflow/.local/lib/python3.12/site-packages/airflow/example_dags/example_latest_only.py for tasks to queue
[2025-03-30T03:36:28.661+0000] {logging_mixin.py:190} INFO - [2025-03-30T03:36:28.661+0000] {dagbag.py:588} INFO - Filling up the DagBag from /home/airflow/.local/lib/python3.12/site-packages/airflow/example_dags/example_latest_only.py
[2025-03-30T03:36:28.664+0000] {processor.py:925} INFO - DAG(s) 'latest_only' retrieved from /home/airflow/.local/lib/python3.12/site-packages/airflow/example_dags/example_latest_only.py
[2025-03-30T03:36:28.672+0000] {logging_mixin.py:190} INFO - [2025-03-30T03:36:28.671+0000] {dag.py:3239} INFO - Sync 1 DAGs
[2025-03-30T03:36:28.679+0000] {logging_mixin.py:190} INFO - [2025-03-30T03:36:28.679+0000] {dag.py:4180} INFO - Setting next_dagrun for latest_only to 2025-03-29 20:00:00+00:00, run_after=2025-03-30 00:00:00+00:00
[2025-03-30T03:36:28.685+0000] {processor.py:208} INFO - Processing /home/airflow/.local/lib/python3.12/site-packages/airflow/example_dags/example_latest_only.py took 0.028 seconds
[2025-03-30T03:36:59.856+0000] {processor.py:186} INFO - Started process (PID=640) to work on /home/airflow/.local/lib/python3.12/site-packages/airflow/example_dags/example_latest_only.py
[2025-03-30T03:36:59.856+0000] {processor.py:914} INFO - Processing file /home/airflow/.local/lib/python3.12/site-packages/airflow/example_dags/example_latest_only.py for tasks to queue
[2025-03-30T03:36:59.857+0000] {logging_mixin.py:190} INFO - [2025-03-30T03:36:59.857+0000] {dagbag.py:588} INFO - Filling up the DagBag from /home/airflow/.local/lib/python3.12/site-packages/airflow/example_dags/example_latest_only.py
[2025-03-30T03:36:59.860+0000] {processor.py:925} INFO - DAG(s) 'latest_only' retrieved from /home/airflow/.local/lib/python3.12/site-packages/airflow/example_dags/example_latest_only.py
[2025-03-30T03:36:59.867+0000] {logging_mixin.py:190} INFO - [2025-03-30T03:36:59.867+0000] {dag.py:3239} INFO - Sync 1 DAGs
[2025-03-30T03:36:59.875+0000] {logging_mixin.py:190} INFO - [2025-03-30T03:36:59.875+0000] {dag.py:4180} INFO - Setting next_dagrun for latest_only to 2025-03-29 20:00:00+00:00, run_after=2025-03-30 00:00:00+00:00
[2025-03-30T03:36:59.881+0000] {processor.py:208} INFO - Processing /home/airflow/.local/lib/python3.12/site-packages/airflow/example_dags/example_latest_only.py took 0.028 seconds
[2025-03-30T03:37:30.924+0000] {processor.py:186} INFO - Started process (PID=703) to work on /home/airflow/.local/lib/python3.12/site-packages/airflow/example_dags/example_latest_only.py
[2025-03-30T03:37:30.925+0000] {processor.py:914} INFO - Processing file /home/airflow/.local/lib/python3.12/site-packages/airflow/example_dags/example_latest_only.py for tasks to queue
[2025-03-30T03:37:30.926+0000] {logging_mixin.py:190} INFO - [2025-03-30T03:37:30.925+0000] {dagbag.py:588} INFO - Filling up the DagBag from /home/airflow/.local/lib/python3.12/site-packages/airflow/example_dags/example_latest_only.py
[2025-03-30T03:37:30.928+0000] {processor.py:925} INFO - DAG(s) 'latest_only' retrieved from /home/airflow/.local/lib/python3.12/site-packages/airflow/example_dags/example_latest_only.py
[2025-03-30T03:37:30.936+0000] {logging_mixin.py:190} INFO - [2025-03-30T03:37:30.936+0000] {dag.py:3239} INFO - Sync 1 DAGs
[2025-03-30T03:37:30.943+0000] {logging_mixin.py:190} INFO - [2025-03-30T03:37:30.943+0000] {dag.py:4180} INFO - Setting next_dagrun for latest_only to 2025-03-29 20:00:00+00:00, run_after=2025-03-30 00:00:00+00:00
[2025-03-30T03:37:30.949+0000] {processor.py:208} INFO - Processing /home/airflow/.local/lib/python3.12/site-packages/airflow/example_dags/example_latest_only.py took 0.027 seconds
[2025-03-30T03:38:02.007+0000] {processor.py:186} INFO - Started process (PID=766) to work on /home/airflow/.local/lib/python3.12/site-packages/airflow/example_dags/example_latest_only.py
[2025-03-30T03:38:02.008+0000] {processor.py:914} INFO - Processing file /home/airflow/.local/lib/python3.12/site-packages/airflow/example_dags/example_latest_only.py for tasks to queue
[2025-03-30T03:38:02.009+0000] {logging_mixin.py:190} INFO - [2025-03-30T03:38:02.009+0000] {dagbag.py:588} INFO - Filling up the DagBag from /home/airflow/.local/lib/python3.12/site-packages/airflow/example_dags/example_latest_only.py
[2025-03-30T03:38:02.012+0000] {processor.py:925} INFO - DAG(s) 'latest_only' retrieved from /home/airflow/.local/lib/python3.12/site-packages/airflow/example_dags/example_latest_only.py
[2025-03-30T03:38:02.019+0000] {logging_mixin.py:190} INFO - [2025-03-30T03:38:02.019+0000] {dag.py:3239} INFO - Sync 1 DAGs
[2025-03-30T03:38:02.027+0000] {logging_mixin.py:190} INFO - [2025-03-30T03:38:02.026+0000] {dag.py:4180} INFO - Setting next_dagrun for latest_only to 2025-03-29 20:00:00+00:00, run_after=2025-03-30 00:00:00+00:00
[2025-03-30T03:38:02.032+0000] {processor.py:208} INFO - Processing /home/airflow/.local/lib/python3.12/site-packages/airflow/example_dags/example_latest_only.py took 0.027 seconds
