[2025-03-30T03:32:19.865+0000] {processor.py:186} INFO - Started process (PID=53) to work on /home/airflow/.local/lib/python3.12/site-packages/airflow/example_dags/example_external_task_marker_dag.py
[2025-03-30T03:32:19.865+0000] {processor.py:914} INFO - Processing file /home/airflow/.local/lib/python3.12/site-packages/airflow/example_dags/example_external_task_marker_dag.py for tasks to queue
[2025-03-30T03:32:19.867+0000] {logging_mixin.py:190} INFO - [2025-03-30T03:32:19.867+0000] {dagbag.py:588} INFO - Filling up the DagBag from /home/airflow/.local/lib/python3.12/site-packages/airflow/example_dags/example_external_task_marker_dag.py
[2025-03-30T03:32:19.871+0000] {processor.py:925} INFO - DAG(s) 'example_external_task_marker_parent', 'example_external_task_marker_child' retrieved from /home/airflow/.local/lib/python3.12/site-packages/airflow/example_dags/example_external_task_marker_dag.py
[2025-03-30T03:32:19.882+0000] {logging_mixin.py:190} INFO - [2025-03-30T03:32:19.882+0000] {dag.py:3239} INFO - Sync 2 DAGs
[2025-03-30T03:32:19.890+0000] {logging_mixin.py:190} INFO - [2025-03-30T03:32:19.889+0000] {dag.py:4180} INFO - Setting next_dagrun for example_external_task_marker_child to None, run_after=None
[2025-03-30T03:32:19.891+0000] {logging_mixin.py:190} INFO - [2025-03-30T03:32:19.891+0000] {dag.py:4180} INFO - Setting next_dagrun for example_external_task_marker_parent to None, run_after=None
[2025-03-30T03:32:19.896+0000] {processor.py:208} INFO - Processing /home/airflow/.local/lib/python3.12/site-packages/airflow/example_dags/example_external_task_marker_dag.py took 0.033 seconds
[2025-03-30T03:32:50.337+0000] {processor.py:186} INFO - Started process (PID=115) to work on /home/airflow/.local/lib/python3.12/site-packages/airflow/example_dags/example_external_task_marker_dag.py
[2025-03-30T03:32:50.338+0000] {processor.py:914} INFO - Processing file /home/airflow/.local/lib/python3.12/site-packages/airflow/example_dags/example_external_task_marker_dag.py for tasks to queue
[2025-03-30T03:32:50.339+0000] {logging_mixin.py:190} INFO - [2025-03-30T03:32:50.339+0000] {dagbag.py:588} INFO - Filling up the DagBag from /home/airflow/.local/lib/python3.12/site-packages/airflow/example_dags/example_external_task_marker_dag.py
[2025-03-30T03:32:50.342+0000] {processor.py:925} INFO - DAG(s) 'example_external_task_marker_child', 'example_external_task_marker_parent' retrieved from /home/airflow/.local/lib/python3.12/site-packages/airflow/example_dags/example_external_task_marker_dag.py
[2025-03-30T03:32:50.350+0000] {logging_mixin.py:190} INFO - [2025-03-30T03:32:50.350+0000] {dag.py:3239} INFO - Sync 2 DAGs
[2025-03-30T03:32:50.355+0000] {logging_mixin.py:190} INFO - [2025-03-30T03:32:50.355+0000] {dag.py:4180} INFO - Setting next_dagrun for example_external_task_marker_child to None, run_after=None
[2025-03-30T03:32:50.356+0000] {logging_mixin.py:190} INFO - [2025-03-30T03:32:50.356+0000] {dag.py:4180} INFO - Setting next_dagrun for example_external_task_marker_parent to None, run_after=None
[2025-03-30T03:32:50.361+0000] {processor.py:208} INFO - Processing /home/airflow/.local/lib/python3.12/site-packages/airflow/example_dags/example_external_task_marker_dag.py took 0.026 seconds
[2025-03-30T03:33:20.486+0000] {processor.py:186} INFO - Started process (PID=178) to work on /home/airflow/.local/lib/python3.12/site-packages/airflow/example_dags/example_external_task_marker_dag.py
[2025-03-30T03:33:20.487+0000] {processor.py:914} INFO - Processing file /home/airflow/.local/lib/python3.12/site-packages/airflow/example_dags/example_external_task_marker_dag.py for tasks to queue
[2025-03-30T03:33:20.490+0000] {logging_mixin.py:190} INFO - [2025-03-30T03:33:20.490+0000] {dagbag.py:588} INFO - Filling up the DagBag from /home/airflow/.local/lib/python3.12/site-packages/airflow/example_dags/example_external_task_marker_dag.py
[2025-03-30T03:33:20.493+0000] {processor.py:925} INFO - DAG(s) 'example_external_task_marker_child', 'example_external_task_marker_parent' retrieved from /home/airflow/.local/lib/python3.12/site-packages/airflow/example_dags/example_external_task_marker_dag.py
[2025-03-30T03:33:20.502+0000] {logging_mixin.py:190} INFO - [2025-03-30T03:33:20.502+0000] {dag.py:3239} INFO - Sync 2 DAGs
[2025-03-30T03:33:20.507+0000] {logging_mixin.py:190} INFO - [2025-03-30T03:33:20.507+0000] {dag.py:4180} INFO - Setting next_dagrun for example_external_task_marker_child to None, run_after=None
[2025-03-30T03:33:20.508+0000] {logging_mixin.py:190} INFO - [2025-03-30T03:33:20.508+0000] {dag.py:4180} INFO - Setting next_dagrun for example_external_task_marker_parent to None, run_after=None
[2025-03-30T03:33:20.514+0000] {processor.py:208} INFO - Processing /home/airflow/.local/lib/python3.12/site-packages/airflow/example_dags/example_external_task_marker_dag.py took 0.031 seconds
[2025-03-30T03:33:51.466+0000] {processor.py:186} INFO - Started process (PID=247) to work on /home/airflow/.local/lib/python3.12/site-packages/airflow/example_dags/example_external_task_marker_dag.py
[2025-03-30T03:33:51.467+0000] {processor.py:914} INFO - Processing file /home/airflow/.local/lib/python3.12/site-packages/airflow/example_dags/example_external_task_marker_dag.py for tasks to queue
[2025-03-30T03:33:51.468+0000] {logging_mixin.py:190} INFO - [2025-03-30T03:33:51.468+0000] {dagbag.py:588} INFO - Filling up the DagBag from /home/airflow/.local/lib/python3.12/site-packages/airflow/example_dags/example_external_task_marker_dag.py
[2025-03-30T03:33:51.471+0000] {processor.py:925} INFO - DAG(s) 'example_external_task_marker_parent', 'example_external_task_marker_child' retrieved from /home/airflow/.local/lib/python3.12/site-packages/airflow/example_dags/example_external_task_marker_dag.py
[2025-03-30T03:33:51.479+0000] {logging_mixin.py:190} INFO - [2025-03-30T03:33:51.479+0000] {dag.py:3239} INFO - Sync 2 DAGs
[2025-03-30T03:33:51.484+0000] {logging_mixin.py:190} INFO - [2025-03-30T03:33:51.483+0000] {dag.py:4180} INFO - Setting next_dagrun for example_external_task_marker_child to None, run_after=None
[2025-03-30T03:33:51.485+0000] {logging_mixin.py:190} INFO - [2025-03-30T03:33:51.485+0000] {dag.py:4180} INFO - Setting next_dagrun for example_external_task_marker_parent to None, run_after=None
[2025-03-30T03:33:51.490+0000] {processor.py:208} INFO - Processing /home/airflow/.local/lib/python3.12/site-packages/airflow/example_dags/example_external_task_marker_dag.py took 0.026 seconds
[2025-03-30T03:34:22.409+0000] {processor.py:186} INFO - Started process (PID=310) to work on /home/airflow/.local/lib/python3.12/site-packages/airflow/example_dags/example_external_task_marker_dag.py
[2025-03-30T03:34:22.409+0000] {processor.py:914} INFO - Processing file /home/airflow/.local/lib/python3.12/site-packages/airflow/example_dags/example_external_task_marker_dag.py for tasks to queue
[2025-03-30T03:34:22.410+0000] {logging_mixin.py:190} INFO - [2025-03-30T03:34:22.410+0000] {dagbag.py:588} INFO - Filling up the DagBag from /home/airflow/.local/lib/python3.12/site-packages/airflow/example_dags/example_external_task_marker_dag.py
[2025-03-30T03:34:22.413+0000] {processor.py:925} INFO - DAG(s) 'example_external_task_marker_child', 'example_external_task_marker_parent' retrieved from /home/airflow/.local/lib/python3.12/site-packages/airflow/example_dags/example_external_task_marker_dag.py
[2025-03-30T03:34:22.424+0000] {logging_mixin.py:190} INFO - [2025-03-30T03:34:22.424+0000] {dag.py:3239} INFO - Sync 2 DAGs
[2025-03-30T03:34:22.429+0000] {logging_mixin.py:190} INFO - [2025-03-30T03:34:22.429+0000] {dag.py:4180} INFO - Setting next_dagrun for example_external_task_marker_child to None, run_after=None
[2025-03-30T03:34:22.430+0000] {logging_mixin.py:190} INFO - [2025-03-30T03:34:22.430+0000] {dag.py:4180} INFO - Setting next_dagrun for example_external_task_marker_parent to None, run_after=None
[2025-03-30T03:34:22.435+0000] {processor.py:208} INFO - Processing /home/airflow/.local/lib/python3.12/site-packages/airflow/example_dags/example_external_task_marker_dag.py took 0.028 seconds
[2025-03-30T03:34:52.646+0000] {processor.py:186} INFO - Started process (PID=373) to work on /home/airflow/.local/lib/python3.12/site-packages/airflow/example_dags/example_external_task_marker_dag.py
[2025-03-30T03:34:52.646+0000] {processor.py:914} INFO - Processing file /home/airflow/.local/lib/python3.12/site-packages/airflow/example_dags/example_external_task_marker_dag.py for tasks to queue
[2025-03-30T03:34:52.647+0000] {logging_mixin.py:190} INFO - [2025-03-30T03:34:52.647+0000] {dagbag.py:588} INFO - Filling up the DagBag from /home/airflow/.local/lib/python3.12/site-packages/airflow/example_dags/example_external_task_marker_dag.py
[2025-03-30T03:34:52.650+0000] {processor.py:925} INFO - DAG(s) 'example_external_task_marker_parent', 'example_external_task_marker_child' retrieved from /home/airflow/.local/lib/python3.12/site-packages/airflow/example_dags/example_external_task_marker_dag.py
[2025-03-30T03:34:52.659+0000] {logging_mixin.py:190} INFO - [2025-03-30T03:34:52.659+0000] {dag.py:3239} INFO - Sync 2 DAGs
[2025-03-30T03:34:52.666+0000] {logging_mixin.py:190} INFO - [2025-03-30T03:34:52.666+0000] {dag.py:4180} INFO - Setting next_dagrun for example_external_task_marker_child to None, run_after=None
[2025-03-30T03:34:52.667+0000] {logging_mixin.py:190} INFO - [2025-03-30T03:34:52.667+0000] {dag.py:4180} INFO - Setting next_dagrun for example_external_task_marker_parent to None, run_after=None
[2025-03-30T03:34:52.672+0000] {processor.py:208} INFO - Processing /home/airflow/.local/lib/python3.12/site-packages/airflow/example_dags/example_external_task_marker_dag.py took 0.029 seconds
[2025-03-30T03:35:22.748+0000] {processor.py:186} INFO - Started process (PID=436) to work on /home/airflow/.local/lib/python3.12/site-packages/airflow/example_dags/example_external_task_marker_dag.py
[2025-03-30T03:35:22.748+0000] {processor.py:914} INFO - Processing file /home/airflow/.local/lib/python3.12/site-packages/airflow/example_dags/example_external_task_marker_dag.py for tasks to queue
[2025-03-30T03:35:22.749+0000] {logging_mixin.py:190} INFO - [2025-03-30T03:35:22.749+0000] {dagbag.py:588} INFO - Filling up the DagBag from /home/airflow/.local/lib/python3.12/site-packages/airflow/example_dags/example_external_task_marker_dag.py
[2025-03-30T03:35:22.752+0000] {processor.py:925} INFO - DAG(s) 'example_external_task_marker_child', 'example_external_task_marker_parent' retrieved from /home/airflow/.local/lib/python3.12/site-packages/airflow/example_dags/example_external_task_marker_dag.py
[2025-03-30T03:35:22.760+0000] {logging_mixin.py:190} INFO - [2025-03-30T03:35:22.760+0000] {dag.py:3239} INFO - Sync 2 DAGs
[2025-03-30T03:35:22.765+0000] {logging_mixin.py:190} INFO - [2025-03-30T03:35:22.765+0000] {dag.py:4180} INFO - Setting next_dagrun for example_external_task_marker_child to None, run_after=None
[2025-03-30T03:35:22.766+0000] {logging_mixin.py:190} INFO - [2025-03-30T03:35:22.766+0000] {dag.py:4180} INFO - Setting next_dagrun for example_external_task_marker_parent to None, run_after=None
[2025-03-30T03:35:22.772+0000] {processor.py:208} INFO - Processing /home/airflow/.local/lib/python3.12/site-packages/airflow/example_dags/example_external_task_marker_dag.py took 0.026 seconds
[2025-03-30T03:35:52.865+0000] {processor.py:186} INFO - Started process (PID=498) to work on /home/airflow/.local/lib/python3.12/site-packages/airflow/example_dags/example_external_task_marker_dag.py
[2025-03-30T03:35:52.866+0000] {processor.py:914} INFO - Processing file /home/airflow/.local/lib/python3.12/site-packages/airflow/example_dags/example_external_task_marker_dag.py for tasks to queue
[2025-03-30T03:35:52.867+0000] {logging_mixin.py:190} INFO - [2025-03-30T03:35:52.866+0000] {dagbag.py:588} INFO - Filling up the DagBag from /home/airflow/.local/lib/python3.12/site-packages/airflow/example_dags/example_external_task_marker_dag.py
[2025-03-30T03:35:52.870+0000] {processor.py:925} INFO - DAG(s) 'example_external_task_marker_parent', 'example_external_task_marker_child' retrieved from /home/airflow/.local/lib/python3.12/site-packages/airflow/example_dags/example_external_task_marker_dag.py
[2025-03-30T03:35:52.878+0000] {logging_mixin.py:190} INFO - [2025-03-30T03:35:52.878+0000] {dag.py:3239} INFO - Sync 2 DAGs
[2025-03-30T03:35:52.882+0000] {logging_mixin.py:190} INFO - [2025-03-30T03:35:52.882+0000] {dag.py:4180} INFO - Setting next_dagrun for example_external_task_marker_child to None, run_after=None
[2025-03-30T03:35:52.884+0000] {logging_mixin.py:190} INFO - [2025-03-30T03:35:52.884+0000] {dag.py:4180} INFO - Setting next_dagrun for example_external_task_marker_parent to None, run_after=None
[2025-03-30T03:35:52.889+0000] {processor.py:208} INFO - Processing /home/airflow/.local/lib/python3.12/site-packages/airflow/example_dags/example_external_task_marker_dag.py took 0.025 seconds
[2025-03-30T03:36:22.956+0000] {processor.py:186} INFO - Started process (PID=561) to work on /home/airflow/.local/lib/python3.12/site-packages/airflow/example_dags/example_external_task_marker_dag.py
[2025-03-30T03:36:22.956+0000] {processor.py:914} INFO - Processing file /home/airflow/.local/lib/python3.12/site-packages/airflow/example_dags/example_external_task_marker_dag.py for tasks to queue
[2025-03-30T03:36:22.957+0000] {logging_mixin.py:190} INFO - [2025-03-30T03:36:22.957+0000] {dagbag.py:588} INFO - Filling up the DagBag from /home/airflow/.local/lib/python3.12/site-packages/airflow/example_dags/example_external_task_marker_dag.py
[2025-03-30T03:36:22.960+0000] {processor.py:925} INFO - DAG(s) 'example_external_task_marker_child', 'example_external_task_marker_parent' retrieved from /home/airflow/.local/lib/python3.12/site-packages/airflow/example_dags/example_external_task_marker_dag.py
[2025-03-30T03:36:22.968+0000] {logging_mixin.py:190} INFO - [2025-03-30T03:36:22.968+0000] {dag.py:3239} INFO - Sync 2 DAGs
[2025-03-30T03:36:22.975+0000] {logging_mixin.py:190} INFO - [2025-03-30T03:36:22.975+0000] {dag.py:4180} INFO - Setting next_dagrun for example_external_task_marker_child to None, run_after=None
[2025-03-30T03:36:22.976+0000] {logging_mixin.py:190} INFO - [2025-03-30T03:36:22.976+0000] {dag.py:4180} INFO - Setting next_dagrun for example_external_task_marker_parent to None, run_after=None
[2025-03-30T03:36:22.981+0000] {processor.py:208} INFO - Processing /home/airflow/.local/lib/python3.12/site-packages/airflow/example_dags/example_external_task_marker_dag.py took 0.027 seconds
[2025-03-30T03:36:53.088+0000] {processor.py:186} INFO - Started process (PID=624) to work on /home/airflow/.local/lib/python3.12/site-packages/airflow/example_dags/example_external_task_marker_dag.py
[2025-03-30T03:36:53.088+0000] {processor.py:914} INFO - Processing file /home/airflow/.local/lib/python3.12/site-packages/airflow/example_dags/example_external_task_marker_dag.py for tasks to queue
[2025-03-30T03:36:53.089+0000] {logging_mixin.py:190} INFO - [2025-03-30T03:36:53.089+0000] {dagbag.py:588} INFO - Filling up the DagBag from /home/airflow/.local/lib/python3.12/site-packages/airflow/example_dags/example_external_task_marker_dag.py
[2025-03-30T03:36:53.093+0000] {processor.py:925} INFO - DAG(s) 'example_external_task_marker_parent', 'example_external_task_marker_child' retrieved from /home/airflow/.local/lib/python3.12/site-packages/airflow/example_dags/example_external_task_marker_dag.py
[2025-03-30T03:36:53.101+0000] {logging_mixin.py:190} INFO - [2025-03-30T03:36:53.101+0000] {dag.py:3239} INFO - Sync 2 DAGs
[2025-03-30T03:36:53.108+0000] {logging_mixin.py:190} INFO - [2025-03-30T03:36:53.108+0000] {dag.py:4180} INFO - Setting next_dagrun for example_external_task_marker_child to None, run_after=None
[2025-03-30T03:36:53.111+0000] {logging_mixin.py:190} INFO - [2025-03-30T03:36:53.111+0000] {dag.py:4180} INFO - Setting next_dagrun for example_external_task_marker_parent to None, run_after=None
[2025-03-30T03:36:53.118+0000] {processor.py:208} INFO - Processing /home/airflow/.local/lib/python3.12/site-packages/airflow/example_dags/example_external_task_marker_dag.py took 0.032 seconds
[2025-03-30T03:37:23.210+0000] {processor.py:186} INFO - Started process (PID=687) to work on /home/airflow/.local/lib/python3.12/site-packages/airflow/example_dags/example_external_task_marker_dag.py
[2025-03-30T03:37:23.211+0000] {processor.py:914} INFO - Processing file /home/airflow/.local/lib/python3.12/site-packages/airflow/example_dags/example_external_task_marker_dag.py for tasks to queue
[2025-03-30T03:37:23.211+0000] {logging_mixin.py:190} INFO - [2025-03-30T03:37:23.211+0000] {dagbag.py:588} INFO - Filling up the DagBag from /home/airflow/.local/lib/python3.12/site-packages/airflow/example_dags/example_external_task_marker_dag.py
[2025-03-30T03:37:23.215+0000] {processor.py:925} INFO - DAG(s) 'example_external_task_marker_parent', 'example_external_task_marker_child' retrieved from /home/airflow/.local/lib/python3.12/site-packages/airflow/example_dags/example_external_task_marker_dag.py
[2025-03-30T03:37:23.224+0000] {logging_mixin.py:190} INFO - [2025-03-30T03:37:23.223+0000] {dag.py:3239} INFO - Sync 2 DAGs
[2025-03-30T03:37:23.229+0000] {logging_mixin.py:190} INFO - [2025-03-30T03:37:23.229+0000] {dag.py:4180} INFO - Setting next_dagrun for example_external_task_marker_child to None, run_after=None
[2025-03-30T03:37:23.230+0000] {logging_mixin.py:190} INFO - [2025-03-30T03:37:23.230+0000] {dag.py:4180} INFO - Setting next_dagrun for example_external_task_marker_parent to None, run_after=None
[2025-03-30T03:37:23.235+0000] {processor.py:208} INFO - Processing /home/airflow/.local/lib/python3.12/site-packages/airflow/example_dags/example_external_task_marker_dag.py took 0.027 seconds
[2025-03-30T03:37:54.226+0000] {processor.py:186} INFO - Started process (PID=750) to work on /home/airflow/.local/lib/python3.12/site-packages/airflow/example_dags/example_external_task_marker_dag.py
[2025-03-30T03:37:54.227+0000] {processor.py:914} INFO - Processing file /home/airflow/.local/lib/python3.12/site-packages/airflow/example_dags/example_external_task_marker_dag.py for tasks to queue
[2025-03-30T03:37:54.228+0000] {logging_mixin.py:190} INFO - [2025-03-30T03:37:54.228+0000] {dagbag.py:588} INFO - Filling up the DagBag from /home/airflow/.local/lib/python3.12/site-packages/airflow/example_dags/example_external_task_marker_dag.py
[2025-03-30T03:37:54.232+0000] {processor.py:925} INFO - DAG(s) 'example_external_task_marker_parent', 'example_external_task_marker_child' retrieved from /home/airflow/.local/lib/python3.12/site-packages/airflow/example_dags/example_external_task_marker_dag.py
[2025-03-30T03:37:54.240+0000] {logging_mixin.py:190} INFO - [2025-03-30T03:37:54.240+0000] {dag.py:3239} INFO - Sync 2 DAGs
[2025-03-30T03:37:54.245+0000] {logging_mixin.py:190} INFO - [2025-03-30T03:37:54.245+0000] {dag.py:4180} INFO - Setting next_dagrun for example_external_task_marker_child to None, run_after=None
[2025-03-30T03:37:54.246+0000] {logging_mixin.py:190} INFO - [2025-03-30T03:37:54.246+0000] {dag.py:4180} INFO - Setting next_dagrun for example_external_task_marker_parent to None, run_after=None
[2025-03-30T03:37:54.252+0000] {processor.py:208} INFO - Processing /home/airflow/.local/lib/python3.12/site-packages/airflow/example_dags/example_external_task_marker_dag.py took 0.028 seconds
