[2025-03-30T03:32:19.580+0000] {processor.py:186} INFO - Started process (PID=49) to work on /home/airflow/.local/lib/python3.12/site-packages/airflow/example_dags/example_display_name.py
[2025-03-30T03:32:19.581+0000] {processor.py:914} INFO - Processing file /home/airflow/.local/lib/python3.12/site-packages/airflow/example_dags/example_display_name.py for tasks to queue
[2025-03-30T03:32:19.585+0000] {logging_mixin.py:190} INFO - [2025-03-30T03:32:19.584+0000] {dagbag.py:588} INFO - Filling up the DagBag from /home/airflow/.local/lib/python3.12/site-packages/airflow/example_dags/example_display_name.py
[2025-03-30T03:32:19.598+0000] {processor.py:925} INFO - DAG(s) 'example_display_name' retrieved from /home/airflow/.local/lib/python3.12/site-packages/airflow/example_dags/example_display_name.py
[2025-03-30T03:32:19.616+0000] {logging_mixin.py:190} INFO - [2025-03-30T03:32:19.616+0000] {dag.py:3239} INFO - Sync 1 DAGs
[2025-03-30T03:32:19.629+0000] {logging_mixin.py:190} INFO - [2025-03-30T03:32:19.628+0000] {dag.py:4180} INFO - Setting next_dagrun for example_display_name to None, run_after=None
[2025-03-30T03:32:19.638+0000] {processor.py:208} INFO - Processing /home/airflow/.local/lib/python3.12/site-packages/airflow/example_dags/example_display_name.py took 0.065 seconds
[2025-03-30T03:32:50.238+0000] {processor.py:186} INFO - Started process (PID=111) to work on /home/airflow/.local/lib/python3.12/site-packages/airflow/example_dags/example_display_name.py
[2025-03-30T03:32:50.238+0000] {processor.py:914} INFO - Processing file /home/airflow/.local/lib/python3.12/site-packages/airflow/example_dags/example_display_name.py for tasks to queue
[2025-03-30T03:32:50.239+0000] {logging_mixin.py:190} INFO - [2025-03-30T03:32:50.239+0000] {dagbag.py:588} INFO - Filling up the DagBag from /home/airflow/.local/lib/python3.12/site-packages/airflow/example_dags/example_display_name.py
[2025-03-30T03:32:50.242+0000] {processor.py:925} INFO - DAG(s) 'example_display_name' retrieved from /home/airflow/.local/lib/python3.12/site-packages/airflow/example_dags/example_display_name.py
[2025-03-30T03:32:50.250+0000] {logging_mixin.py:190} INFO - [2025-03-30T03:32:50.249+0000] {dag.py:3239} INFO - Sync 1 DAGs
[2025-03-30T03:32:50.254+0000] {logging_mixin.py:190} INFO - [2025-03-30T03:32:50.254+0000] {dag.py:4180} INFO - Setting next_dagrun for example_display_name to None, run_after=None
[2025-03-30T03:32:50.261+0000] {processor.py:208} INFO - Processing /home/airflow/.local/lib/python3.12/site-packages/airflow/example_dags/example_display_name.py took 0.026 seconds
[2025-03-30T03:33:20.405+0000] {processor.py:186} INFO - Started process (PID=174) to work on /home/airflow/.local/lib/python3.12/site-packages/airflow/example_dags/example_display_name.py
[2025-03-30T03:33:20.406+0000] {processor.py:914} INFO - Processing file /home/airflow/.local/lib/python3.12/site-packages/airflow/example_dags/example_display_name.py for tasks to queue
[2025-03-30T03:33:20.407+0000] {logging_mixin.py:190} INFO - [2025-03-30T03:33:20.407+0000] {dagbag.py:588} INFO - Filling up the DagBag from /home/airflow/.local/lib/python3.12/site-packages/airflow/example_dags/example_display_name.py
[2025-03-30T03:33:20.410+0000] {processor.py:925} INFO - DAG(s) 'example_display_name' retrieved from /home/airflow/.local/lib/python3.12/site-packages/airflow/example_dags/example_display_name.py
[2025-03-30T03:33:20.418+0000] {logging_mixin.py:190} INFO - [2025-03-30T03:33:20.418+0000] {dag.py:3239} INFO - Sync 1 DAGs
[2025-03-30T03:33:20.423+0000] {logging_mixin.py:190} INFO - [2025-03-30T03:33:20.423+0000] {dag.py:4180} INFO - Setting next_dagrun for example_display_name to None, run_after=None
[2025-03-30T03:33:20.429+0000] {processor.py:208} INFO - Processing /home/airflow/.local/lib/python3.12/site-packages/airflow/example_dags/example_display_name.py took 0.025 seconds
[2025-03-30T03:33:51.375+0000] {processor.py:186} INFO - Started process (PID=243) to work on /home/airflow/.local/lib/python3.12/site-packages/airflow/example_dags/example_display_name.py
[2025-03-30T03:33:51.378+0000] {processor.py:914} INFO - Processing file /home/airflow/.local/lib/python3.12/site-packages/airflow/example_dags/example_display_name.py for tasks to queue
[2025-03-30T03:33:51.382+0000] {logging_mixin.py:190} INFO - [2025-03-30T03:33:51.382+0000] {dagbag.py:588} INFO - Filling up the DagBag from /home/airflow/.local/lib/python3.12/site-packages/airflow/example_dags/example_display_name.py
[2025-03-30T03:33:51.385+0000] {processor.py:925} INFO - DAG(s) 'example_display_name' retrieved from /home/airflow/.local/lib/python3.12/site-packages/airflow/example_dags/example_display_name.py
[2025-03-30T03:33:51.393+0000] {logging_mixin.py:190} INFO - [2025-03-30T03:33:51.393+0000] {dag.py:3239} INFO - Sync 1 DAGs
[2025-03-30T03:33:51.399+0000] {logging_mixin.py:190} INFO - [2025-03-30T03:33:51.399+0000] {dag.py:4180} INFO - Setting next_dagrun for example_display_name to None, run_after=None
[2025-03-30T03:33:51.404+0000] {processor.py:208} INFO - Processing /home/airflow/.local/lib/python3.12/site-packages/airflow/example_dags/example_display_name.py took 0.031 seconds
[2025-03-30T03:34:22.325+0000] {processor.py:186} INFO - Started process (PID=306) to work on /home/airflow/.local/lib/python3.12/site-packages/airflow/example_dags/example_display_name.py
[2025-03-30T03:34:22.327+0000] {processor.py:914} INFO - Processing file /home/airflow/.local/lib/python3.12/site-packages/airflow/example_dags/example_display_name.py for tasks to queue
[2025-03-30T03:34:22.331+0000] {logging_mixin.py:190} INFO - [2025-03-30T03:34:22.331+0000] {dagbag.py:588} INFO - Filling up the DagBag from /home/airflow/.local/lib/python3.12/site-packages/airflow/example_dags/example_display_name.py
[2025-03-30T03:34:22.334+0000] {processor.py:925} INFO - DAG(s) 'example_display_name' retrieved from /home/airflow/.local/lib/python3.12/site-packages/airflow/example_dags/example_display_name.py
[2025-03-30T03:34:22.341+0000] {logging_mixin.py:190} INFO - [2025-03-30T03:34:22.341+0000] {dag.py:3239} INFO - Sync 1 DAGs
[2025-03-30T03:34:22.346+0000] {logging_mixin.py:190} INFO - [2025-03-30T03:34:22.346+0000] {dag.py:4180} INFO - Setting next_dagrun for example_display_name to None, run_after=None
[2025-03-30T03:34:22.353+0000] {processor.py:208} INFO - Processing /home/airflow/.local/lib/python3.12/site-packages/airflow/example_dags/example_display_name.py took 0.030 seconds
[2025-03-30T03:34:52.565+0000] {processor.py:186} INFO - Started process (PID=369) to work on /home/airflow/.local/lib/python3.12/site-packages/airflow/example_dags/example_display_name.py
[2025-03-30T03:34:52.566+0000] {processor.py:914} INFO - Processing file /home/airflow/.local/lib/python3.12/site-packages/airflow/example_dags/example_display_name.py for tasks to queue
[2025-03-30T03:34:52.567+0000] {logging_mixin.py:190} INFO - [2025-03-30T03:34:52.567+0000] {dagbag.py:588} INFO - Filling up the DagBag from /home/airflow/.local/lib/python3.12/site-packages/airflow/example_dags/example_display_name.py
[2025-03-30T03:34:52.571+0000] {processor.py:925} INFO - DAG(s) 'example_display_name' retrieved from /home/airflow/.local/lib/python3.12/site-packages/airflow/example_dags/example_display_name.py
[2025-03-30T03:34:52.579+0000] {logging_mixin.py:190} INFO - [2025-03-30T03:34:52.578+0000] {dag.py:3239} INFO - Sync 1 DAGs
[2025-03-30T03:34:52.583+0000] {logging_mixin.py:190} INFO - [2025-03-30T03:34:52.583+0000] {dag.py:4180} INFO - Setting next_dagrun for example_display_name to None, run_after=None
[2025-03-30T03:34:52.589+0000] {processor.py:208} INFO - Processing /home/airflow/.local/lib/python3.12/site-packages/airflow/example_dags/example_display_name.py took 0.026 seconds
[2025-03-30T03:35:22.668+0000] {processor.py:186} INFO - Started process (PID=432) to work on /home/airflow/.local/lib/python3.12/site-packages/airflow/example_dags/example_display_name.py
[2025-03-30T03:35:22.668+0000] {processor.py:914} INFO - Processing file /home/airflow/.local/lib/python3.12/site-packages/airflow/example_dags/example_display_name.py for tasks to queue
[2025-03-30T03:35:22.669+0000] {logging_mixin.py:190} INFO - [2025-03-30T03:35:22.669+0000] {dagbag.py:588} INFO - Filling up the DagBag from /home/airflow/.local/lib/python3.12/site-packages/airflow/example_dags/example_display_name.py
[2025-03-30T03:35:22.672+0000] {processor.py:925} INFO - DAG(s) 'example_display_name' retrieved from /home/airflow/.local/lib/python3.12/site-packages/airflow/example_dags/example_display_name.py
[2025-03-30T03:35:22.679+0000] {logging_mixin.py:190} INFO - [2025-03-30T03:35:22.679+0000] {dag.py:3239} INFO - Sync 1 DAGs
[2025-03-30T03:35:22.685+0000] {logging_mixin.py:190} INFO - [2025-03-30T03:35:22.685+0000] {dag.py:4180} INFO - Setting next_dagrun for example_display_name to None, run_after=None
[2025-03-30T03:35:22.690+0000] {processor.py:208} INFO - Processing /home/airflow/.local/lib/python3.12/site-packages/airflow/example_dags/example_display_name.py took 0.025 seconds
[2025-03-30T03:35:52.759+0000] {processor.py:186} INFO - Started process (PID=494) to work on /home/airflow/.local/lib/python3.12/site-packages/airflow/example_dags/example_display_name.py
[2025-03-30T03:35:52.759+0000] {processor.py:914} INFO - Processing file /home/airflow/.local/lib/python3.12/site-packages/airflow/example_dags/example_display_name.py for tasks to queue
[2025-03-30T03:35:52.760+0000] {logging_mixin.py:190} INFO - [2025-03-30T03:35:52.760+0000] {dagbag.py:588} INFO - Filling up the DagBag from /home/airflow/.local/lib/python3.12/site-packages/airflow/example_dags/example_display_name.py
[2025-03-30T03:35:52.764+0000] {processor.py:925} INFO - DAG(s) 'example_display_name' retrieved from /home/airflow/.local/lib/python3.12/site-packages/airflow/example_dags/example_display_name.py
[2025-03-30T03:35:52.771+0000] {logging_mixin.py:190} INFO - [2025-03-30T03:35:52.771+0000] {dag.py:3239} INFO - Sync 1 DAGs
[2025-03-30T03:35:52.776+0000] {logging_mixin.py:190} INFO - [2025-03-30T03:35:52.776+0000] {dag.py:4180} INFO - Setting next_dagrun for example_display_name to None, run_after=None
[2025-03-30T03:35:52.783+0000] {processor.py:208} INFO - Processing /home/airflow/.local/lib/python3.12/site-packages/airflow/example_dags/example_display_name.py took 0.027 seconds
[2025-03-30T03:36:22.884+0000] {processor.py:186} INFO - Started process (PID=557) to work on /home/airflow/.local/lib/python3.12/site-packages/airflow/example_dags/example_display_name.py
[2025-03-30T03:36:22.884+0000] {processor.py:914} INFO - Processing file /home/airflow/.local/lib/python3.12/site-packages/airflow/example_dags/example_display_name.py for tasks to queue
[2025-03-30T03:36:22.885+0000] {logging_mixin.py:190} INFO - [2025-03-30T03:36:22.885+0000] {dagbag.py:588} INFO - Filling up the DagBag from /home/airflow/.local/lib/python3.12/site-packages/airflow/example_dags/example_display_name.py
[2025-03-30T03:36:22.888+0000] {processor.py:925} INFO - DAG(s) 'example_display_name' retrieved from /home/airflow/.local/lib/python3.12/site-packages/airflow/example_dags/example_display_name.py
[2025-03-30T03:36:22.895+0000] {logging_mixin.py:190} INFO - [2025-03-30T03:36:22.895+0000] {dag.py:3239} INFO - Sync 1 DAGs
[2025-03-30T03:36:22.899+0000] {logging_mixin.py:190} INFO - [2025-03-30T03:36:22.899+0000] {dag.py:4180} INFO - Setting next_dagrun for example_display_name to None, run_after=None
[2025-03-30T03:36:22.905+0000] {processor.py:208} INFO - Processing /home/airflow/.local/lib/python3.12/site-packages/airflow/example_dags/example_display_name.py took 0.024 seconds
[2025-03-30T03:36:52.992+0000] {processor.py:186} INFO - Started process (PID=620) to work on /home/airflow/.local/lib/python3.12/site-packages/airflow/example_dags/example_display_name.py
[2025-03-30T03:36:52.993+0000] {processor.py:914} INFO - Processing file /home/airflow/.local/lib/python3.12/site-packages/airflow/example_dags/example_display_name.py for tasks to queue
[2025-03-30T03:36:52.994+0000] {logging_mixin.py:190} INFO - [2025-03-30T03:36:52.994+0000] {dagbag.py:588} INFO - Filling up the DagBag from /home/airflow/.local/lib/python3.12/site-packages/airflow/example_dags/example_display_name.py
[2025-03-30T03:36:52.997+0000] {processor.py:925} INFO - DAG(s) 'example_display_name' retrieved from /home/airflow/.local/lib/python3.12/site-packages/airflow/example_dags/example_display_name.py
[2025-03-30T03:36:53.004+0000] {logging_mixin.py:190} INFO - [2025-03-30T03:36:53.004+0000] {dag.py:3239} INFO - Sync 1 DAGs
[2025-03-30T03:36:53.010+0000] {logging_mixin.py:190} INFO - [2025-03-30T03:36:53.009+0000] {dag.py:4180} INFO - Setting next_dagrun for example_display_name to None, run_after=None
[2025-03-30T03:36:53.016+0000] {processor.py:208} INFO - Processing /home/airflow/.local/lib/python3.12/site-packages/airflow/example_dags/example_display_name.py took 0.026 seconds
[2025-03-30T03:37:23.133+0000] {processor.py:186} INFO - Started process (PID=683) to work on /home/airflow/.local/lib/python3.12/site-packages/airflow/example_dags/example_display_name.py
[2025-03-30T03:37:23.134+0000] {processor.py:914} INFO - Processing file /home/airflow/.local/lib/python3.12/site-packages/airflow/example_dags/example_display_name.py for tasks to queue
[2025-03-30T03:37:23.134+0000] {logging_mixin.py:190} INFO - [2025-03-30T03:37:23.134+0000] {dagbag.py:588} INFO - Filling up the DagBag from /home/airflow/.local/lib/python3.12/site-packages/airflow/example_dags/example_display_name.py
[2025-03-30T03:37:23.137+0000] {processor.py:925} INFO - DAG(s) 'example_display_name' retrieved from /home/airflow/.local/lib/python3.12/site-packages/airflow/example_dags/example_display_name.py
[2025-03-30T03:37:23.143+0000] {logging_mixin.py:190} INFO - [2025-03-30T03:37:23.143+0000] {dag.py:3239} INFO - Sync 1 DAGs
[2025-03-30T03:37:23.148+0000] {logging_mixin.py:190} INFO - [2025-03-30T03:37:23.148+0000] {dag.py:4180} INFO - Setting next_dagrun for example_display_name to None, run_after=None
[2025-03-30T03:37:23.152+0000] {processor.py:208} INFO - Processing /home/airflow/.local/lib/python3.12/site-packages/airflow/example_dags/example_display_name.py took 0.021 seconds
[2025-03-30T03:37:54.135+0000] {processor.py:186} INFO - Started process (PID=746) to work on /home/airflow/.local/lib/python3.12/site-packages/airflow/example_dags/example_display_name.py
[2025-03-30T03:37:54.136+0000] {processor.py:914} INFO - Processing file /home/airflow/.local/lib/python3.12/site-packages/airflow/example_dags/example_display_name.py for tasks to queue
[2025-03-30T03:37:54.137+0000] {logging_mixin.py:190} INFO - [2025-03-30T03:37:54.137+0000] {dagbag.py:588} INFO - Filling up the DagBag from /home/airflow/.local/lib/python3.12/site-packages/airflow/example_dags/example_display_name.py
[2025-03-30T03:37:54.143+0000] {processor.py:925} INFO - DAG(s) 'example_display_name' retrieved from /home/airflow/.local/lib/python3.12/site-packages/airflow/example_dags/example_display_name.py
[2025-03-30T03:37:54.150+0000] {logging_mixin.py:190} INFO - [2025-03-30T03:37:54.150+0000] {dag.py:3239} INFO - Sync 1 DAGs
[2025-03-30T03:37:54.156+0000] {logging_mixin.py:190} INFO - [2025-03-30T03:37:54.156+0000] {dag.py:4180} INFO - Setting next_dagrun for example_display_name to None, run_after=None
[2025-03-30T03:37:54.162+0000] {processor.py:208} INFO - Processing /home/airflow/.local/lib/python3.12/site-packages/airflow/example_dags/example_display_name.py took 0.030 seconds
[2025-03-30T11:24:51.888+0000] {processor.py:186} INFO - Started process (PID=50) to work on /home/airflow/.local/lib/python3.12/site-packages/airflow/example_dags/example_display_name.py
[2025-03-30T11:24:51.888+0000] {processor.py:914} INFO - Processing file /home/airflow/.local/lib/python3.12/site-packages/airflow/example_dags/example_display_name.py for tasks to queue
[2025-03-30T11:24:51.889+0000] {logging_mixin.py:190} INFO - [2025-03-30T11:24:51.889+0000] {dagbag.py:588} INFO - Filling up the DagBag from /home/airflow/.local/lib/python3.12/site-packages/airflow/example_dags/example_display_name.py
[2025-03-30T11:24:51.894+0000] {processor.py:925} INFO - DAG(s) 'example_display_name' retrieved from /home/airflow/.local/lib/python3.12/site-packages/airflow/example_dags/example_display_name.py
[2025-03-30T11:24:51.908+0000] {logging_mixin.py:190} INFO - [2025-03-30T11:24:51.908+0000] {dag.py:3239} INFO - Sync 1 DAGs
[2025-03-30T11:24:51.919+0000] {logging_mixin.py:190} INFO - [2025-03-30T11:24:51.918+0000] {dag.py:4180} INFO - Setting next_dagrun for example_display_name to None, run_after=None
[2025-03-30T11:24:51.938+0000] {processor.py:208} INFO - Processing /home/airflow/.local/lib/python3.12/site-packages/airflow/example_dags/example_display_name.py took 0.055 seconds
[2025-03-30T11:25:22.836+0000] {processor.py:186} INFO - Started process (PID=119) to work on /home/airflow/.local/lib/python3.12/site-packages/airflow/example_dags/example_display_name.py
[2025-03-30T11:25:22.837+0000] {processor.py:914} INFO - Processing file /home/airflow/.local/lib/python3.12/site-packages/airflow/example_dags/example_display_name.py for tasks to queue
[2025-03-30T11:25:22.838+0000] {logging_mixin.py:190} INFO - [2025-03-30T11:25:22.837+0000] {dagbag.py:588} INFO - Filling up the DagBag from /home/airflow/.local/lib/python3.12/site-packages/airflow/example_dags/example_display_name.py
[2025-03-30T11:25:22.841+0000] {processor.py:925} INFO - DAG(s) 'example_display_name' retrieved from /home/airflow/.local/lib/python3.12/site-packages/airflow/example_dags/example_display_name.py
[2025-03-30T11:25:22.847+0000] {logging_mixin.py:190} INFO - [2025-03-30T11:25:22.847+0000] {dag.py:3239} INFO - Sync 1 DAGs
[2025-03-30T11:25:22.852+0000] {logging_mixin.py:190} INFO - [2025-03-30T11:25:22.852+0000] {dag.py:4180} INFO - Setting next_dagrun for example_display_name to None, run_after=None
[2025-03-30T11:25:22.857+0000] {processor.py:208} INFO - Processing /home/airflow/.local/lib/python3.12/site-packages/airflow/example_dags/example_display_name.py took 0.023 seconds
[2025-03-30T11:25:53.078+0000] {processor.py:186} INFO - Started process (PID=183) to work on /home/airflow/.local/lib/python3.12/site-packages/airflow/example_dags/example_display_name.py
[2025-03-30T11:25:53.078+0000] {processor.py:914} INFO - Processing file /home/airflow/.local/lib/python3.12/site-packages/airflow/example_dags/example_display_name.py for tasks to queue
[2025-03-30T11:25:53.079+0000] {logging_mixin.py:190} INFO - [2025-03-30T11:25:53.079+0000] {dagbag.py:588} INFO - Filling up the DagBag from /home/airflow/.local/lib/python3.12/site-packages/airflow/example_dags/example_display_name.py
[2025-03-30T11:25:53.082+0000] {processor.py:925} INFO - DAG(s) 'example_display_name' retrieved from /home/airflow/.local/lib/python3.12/site-packages/airflow/example_dags/example_display_name.py
[2025-03-30T11:25:53.089+0000] {logging_mixin.py:190} INFO - [2025-03-30T11:25:53.089+0000] {dag.py:3239} INFO - Sync 1 DAGs
[2025-03-30T11:25:53.094+0000] {logging_mixin.py:190} INFO - [2025-03-30T11:25:53.093+0000] {dag.py:4180} INFO - Setting next_dagrun for example_display_name to None, run_after=None
[2025-03-30T11:25:53.099+0000] {processor.py:208} INFO - Processing /home/airflow/.local/lib/python3.12/site-packages/airflow/example_dags/example_display_name.py took 0.023 seconds
[2025-03-30T11:26:23.284+0000] {processor.py:186} INFO - Started process (PID=247) to work on /home/airflow/.local/lib/python3.12/site-packages/airflow/example_dags/example_display_name.py
[2025-03-30T11:26:23.284+0000] {processor.py:914} INFO - Processing file /home/airflow/.local/lib/python3.12/site-packages/airflow/example_dags/example_display_name.py for tasks to queue
[2025-03-30T11:26:23.285+0000] {logging_mixin.py:190} INFO - [2025-03-30T11:26:23.285+0000] {dagbag.py:588} INFO - Filling up the DagBag from /home/airflow/.local/lib/python3.12/site-packages/airflow/example_dags/example_display_name.py
[2025-03-30T11:26:23.288+0000] {processor.py:925} INFO - DAG(s) 'example_display_name' retrieved from /home/airflow/.local/lib/python3.12/site-packages/airflow/example_dags/example_display_name.py
[2025-03-30T11:26:23.296+0000] {logging_mixin.py:190} INFO - [2025-03-30T11:26:23.296+0000] {dag.py:3239} INFO - Sync 1 DAGs
[2025-03-30T11:26:23.300+0000] {logging_mixin.py:190} INFO - [2025-03-30T11:26:23.300+0000] {dag.py:4180} INFO - Setting next_dagrun for example_display_name to None, run_after=None
[2025-03-30T11:26:23.306+0000] {processor.py:208} INFO - Processing /home/airflow/.local/lib/python3.12/site-packages/airflow/example_dags/example_display_name.py took 0.024 seconds
[2025-03-30T11:26:53.716+0000] {processor.py:186} INFO - Started process (PID=310) to work on /home/airflow/.local/lib/python3.12/site-packages/airflow/example_dags/example_display_name.py
[2025-03-30T11:26:53.717+0000] {processor.py:914} INFO - Processing file /home/airflow/.local/lib/python3.12/site-packages/airflow/example_dags/example_display_name.py for tasks to queue
[2025-03-30T11:26:53.718+0000] {logging_mixin.py:190} INFO - [2025-03-30T11:26:53.718+0000] {dagbag.py:588} INFO - Filling up the DagBag from /home/airflow/.local/lib/python3.12/site-packages/airflow/example_dags/example_display_name.py
[2025-03-30T11:26:53.722+0000] {processor.py:925} INFO - DAG(s) 'example_display_name' retrieved from /home/airflow/.local/lib/python3.12/site-packages/airflow/example_dags/example_display_name.py
[2025-03-30T11:26:53.729+0000] {logging_mixin.py:190} INFO - [2025-03-30T11:26:53.729+0000] {dag.py:3239} INFO - Sync 1 DAGs
[2025-03-30T11:26:53.735+0000] {logging_mixin.py:190} INFO - [2025-03-30T11:26:53.735+0000] {dag.py:4180} INFO - Setting next_dagrun for example_display_name to None, run_after=None
[2025-03-30T11:26:53.741+0000] {processor.py:208} INFO - Processing /home/airflow/.local/lib/python3.12/site-packages/airflow/example_dags/example_display_name.py took 0.028 seconds
[2025-03-30T11:27:24.105+0000] {processor.py:186} INFO - Started process (PID=375) to work on /home/airflow/.local/lib/python3.12/site-packages/airflow/example_dags/example_display_name.py
[2025-03-30T11:27:24.106+0000] {processor.py:914} INFO - Processing file /home/airflow/.local/lib/python3.12/site-packages/airflow/example_dags/example_display_name.py for tasks to queue
[2025-03-30T11:27:24.107+0000] {logging_mixin.py:190} INFO - [2025-03-30T11:27:24.106+0000] {dagbag.py:588} INFO - Filling up the DagBag from /home/airflow/.local/lib/python3.12/site-packages/airflow/example_dags/example_display_name.py
[2025-03-30T11:27:24.109+0000] {processor.py:925} INFO - DAG(s) 'example_display_name' retrieved from /home/airflow/.local/lib/python3.12/site-packages/airflow/example_dags/example_display_name.py
[2025-03-30T11:27:24.117+0000] {logging_mixin.py:190} INFO - [2025-03-30T11:27:24.117+0000] {dag.py:3239} INFO - Sync 1 DAGs
[2025-03-30T11:27:24.122+0000] {logging_mixin.py:190} INFO - [2025-03-30T11:27:24.122+0000] {dag.py:4180} INFO - Setting next_dagrun for example_display_name to None, run_after=None
[2025-03-30T11:27:24.127+0000] {processor.py:208} INFO - Processing /home/airflow/.local/lib/python3.12/site-packages/airflow/example_dags/example_display_name.py took 0.025 seconds
[2025-03-30T11:27:54.328+0000] {processor.py:186} INFO - Started process (PID=439) to work on /home/airflow/.local/lib/python3.12/site-packages/airflow/example_dags/example_display_name.py
[2025-03-30T11:27:54.329+0000] {processor.py:914} INFO - Processing file /home/airflow/.local/lib/python3.12/site-packages/airflow/example_dags/example_display_name.py for tasks to queue
[2025-03-30T11:27:54.330+0000] {logging_mixin.py:190} INFO - [2025-03-30T11:27:54.329+0000] {dagbag.py:588} INFO - Filling up the DagBag from /home/airflow/.local/lib/python3.12/site-packages/airflow/example_dags/example_display_name.py
[2025-03-30T11:27:54.332+0000] {processor.py:925} INFO - DAG(s) 'example_display_name' retrieved from /home/airflow/.local/lib/python3.12/site-packages/airflow/example_dags/example_display_name.py
[2025-03-30T11:27:54.339+0000] {logging_mixin.py:190} INFO - [2025-03-30T11:27:54.339+0000] {dag.py:3239} INFO - Sync 1 DAGs
[2025-03-30T11:27:54.344+0000] {logging_mixin.py:190} INFO - [2025-03-30T11:27:54.344+0000] {dag.py:4180} INFO - Setting next_dagrun for example_display_name to None, run_after=None
[2025-03-30T11:27:54.349+0000] {processor.py:208} INFO - Processing /home/airflow/.local/lib/python3.12/site-packages/airflow/example_dags/example_display_name.py took 0.023 seconds
[2025-03-30T11:28:24.738+0000] {processor.py:186} INFO - Started process (PID=503) to work on /home/airflow/.local/lib/python3.12/site-packages/airflow/example_dags/example_display_name.py
[2025-03-30T11:28:24.738+0000] {processor.py:914} INFO - Processing file /home/airflow/.local/lib/python3.12/site-packages/airflow/example_dags/example_display_name.py for tasks to queue
[2025-03-30T11:28:24.739+0000] {logging_mixin.py:190} INFO - [2025-03-30T11:28:24.739+0000] {dagbag.py:588} INFO - Filling up the DagBag from /home/airflow/.local/lib/python3.12/site-packages/airflow/example_dags/example_display_name.py
[2025-03-30T11:28:24.742+0000] {processor.py:925} INFO - DAG(s) 'example_display_name' retrieved from /home/airflow/.local/lib/python3.12/site-packages/airflow/example_dags/example_display_name.py
[2025-03-30T11:28:24.750+0000] {logging_mixin.py:190} INFO - [2025-03-30T11:28:24.750+0000] {dag.py:3239} INFO - Sync 1 DAGs
[2025-03-30T11:28:24.756+0000] {logging_mixin.py:190} INFO - [2025-03-30T11:28:24.756+0000] {dag.py:4180} INFO - Setting next_dagrun for example_display_name to None, run_after=None
[2025-03-30T11:28:24.761+0000] {processor.py:208} INFO - Processing /home/airflow/.local/lib/python3.12/site-packages/airflow/example_dags/example_display_name.py took 0.026 seconds
[2025-03-30T11:28:55.256+0000] {processor.py:186} INFO - Started process (PID=567) to work on /home/airflow/.local/lib/python3.12/site-packages/airflow/example_dags/example_display_name.py
[2025-03-30T11:28:55.256+0000] {processor.py:914} INFO - Processing file /home/airflow/.local/lib/python3.12/site-packages/airflow/example_dags/example_display_name.py for tasks to queue
[2025-03-30T11:28:55.257+0000] {logging_mixin.py:190} INFO - [2025-03-30T11:28:55.257+0000] {dagbag.py:588} INFO - Filling up the DagBag from /home/airflow/.local/lib/python3.12/site-packages/airflow/example_dags/example_display_name.py
[2025-03-30T11:28:55.259+0000] {processor.py:925} INFO - DAG(s) 'example_display_name' retrieved from /home/airflow/.local/lib/python3.12/site-packages/airflow/example_dags/example_display_name.py
[2025-03-30T11:28:55.266+0000] {logging_mixin.py:190} INFO - [2025-03-30T11:28:55.266+0000] {dag.py:3239} INFO - Sync 1 DAGs
[2025-03-30T11:28:55.270+0000] {logging_mixin.py:190} INFO - [2025-03-30T11:28:55.270+0000] {dag.py:4180} INFO - Setting next_dagrun for example_display_name to None, run_after=None
[2025-03-30T11:28:55.276+0000] {processor.py:208} INFO - Processing /home/airflow/.local/lib/python3.12/site-packages/airflow/example_dags/example_display_name.py took 0.023 seconds
[2025-03-30T11:29:25.903+0000] {processor.py:186} INFO - Started process (PID=631) to work on /home/airflow/.local/lib/python3.12/site-packages/airflow/example_dags/example_display_name.py
[2025-03-30T11:29:25.903+0000] {processor.py:914} INFO - Processing file /home/airflow/.local/lib/python3.12/site-packages/airflow/example_dags/example_display_name.py for tasks to queue
[2025-03-30T11:29:25.904+0000] {logging_mixin.py:190} INFO - [2025-03-30T11:29:25.904+0000] {dagbag.py:588} INFO - Filling up the DagBag from /home/airflow/.local/lib/python3.12/site-packages/airflow/example_dags/example_display_name.py
[2025-03-30T11:29:25.907+0000] {processor.py:925} INFO - DAG(s) 'example_display_name' retrieved from /home/airflow/.local/lib/python3.12/site-packages/airflow/example_dags/example_display_name.py
[2025-03-30T11:29:25.914+0000] {logging_mixin.py:190} INFO - [2025-03-30T11:29:25.914+0000] {dag.py:3239} INFO - Sync 1 DAGs
[2025-03-30T11:29:25.919+0000] {logging_mixin.py:190} INFO - [2025-03-30T11:29:25.918+0000] {dag.py:4180} INFO - Setting next_dagrun for example_display_name to None, run_after=None
[2025-03-30T11:29:25.924+0000] {processor.py:208} INFO - Processing /home/airflow/.local/lib/python3.12/site-packages/airflow/example_dags/example_display_name.py took 0.023 seconds
[2025-03-30T11:29:56.325+0000] {processor.py:186} INFO - Started process (PID=695) to work on /home/airflow/.local/lib/python3.12/site-packages/airflow/example_dags/example_display_name.py
[2025-03-30T11:29:56.325+0000] {processor.py:914} INFO - Processing file /home/airflow/.local/lib/python3.12/site-packages/airflow/example_dags/example_display_name.py for tasks to queue
[2025-03-30T11:29:56.326+0000] {logging_mixin.py:190} INFO - [2025-03-30T11:29:56.326+0000] {dagbag.py:588} INFO - Filling up the DagBag from /home/airflow/.local/lib/python3.12/site-packages/airflow/example_dags/example_display_name.py
[2025-03-30T11:29:56.329+0000] {processor.py:925} INFO - DAG(s) 'example_display_name' retrieved from /home/airflow/.local/lib/python3.12/site-packages/airflow/example_dags/example_display_name.py
[2025-03-30T11:29:56.335+0000] {logging_mixin.py:190} INFO - [2025-03-30T11:29:56.335+0000] {dag.py:3239} INFO - Sync 1 DAGs
[2025-03-30T11:29:56.339+0000] {logging_mixin.py:190} INFO - [2025-03-30T11:29:56.339+0000] {dag.py:4180} INFO - Setting next_dagrun for example_display_name to None, run_after=None
[2025-03-30T11:29:56.344+0000] {processor.py:208} INFO - Processing /home/airflow/.local/lib/python3.12/site-packages/airflow/example_dags/example_display_name.py took 0.022 seconds
[2025-03-30T11:30:26.712+0000] {processor.py:186} INFO - Started process (PID=759) to work on /home/airflow/.local/lib/python3.12/site-packages/airflow/example_dags/example_display_name.py
[2025-03-30T11:30:26.713+0000] {processor.py:914} INFO - Processing file /home/airflow/.local/lib/python3.12/site-packages/airflow/example_dags/example_display_name.py for tasks to queue
[2025-03-30T11:30:26.714+0000] {logging_mixin.py:190} INFO - [2025-03-30T11:30:26.714+0000] {dagbag.py:588} INFO - Filling up the DagBag from /home/airflow/.local/lib/python3.12/site-packages/airflow/example_dags/example_display_name.py
[2025-03-30T11:30:26.717+0000] {processor.py:925} INFO - DAG(s) 'example_display_name' retrieved from /home/airflow/.local/lib/python3.12/site-packages/airflow/example_dags/example_display_name.py
[2025-03-30T11:30:26.727+0000] {logging_mixin.py:190} INFO - [2025-03-30T11:30:26.727+0000] {dag.py:3239} INFO - Sync 1 DAGs
[2025-03-30T11:30:26.733+0000] {logging_mixin.py:190} INFO - [2025-03-30T11:30:26.733+0000] {dag.py:4180} INFO - Setting next_dagrun for example_display_name to None, run_after=None
[2025-03-30T11:30:26.740+0000] {processor.py:208} INFO - Processing /home/airflow/.local/lib/python3.12/site-packages/airflow/example_dags/example_display_name.py took 0.031 seconds
[2025-03-30T11:30:56.961+0000] {processor.py:186} INFO - Started process (PID=823) to work on /home/airflow/.local/lib/python3.12/site-packages/airflow/example_dags/example_display_name.py
[2025-03-30T11:30:56.962+0000] {processor.py:914} INFO - Processing file /home/airflow/.local/lib/python3.12/site-packages/airflow/example_dags/example_display_name.py for tasks to queue
[2025-03-30T11:30:56.962+0000] {logging_mixin.py:190} INFO - [2025-03-30T11:30:56.962+0000] {dagbag.py:588} INFO - Filling up the DagBag from /home/airflow/.local/lib/python3.12/site-packages/airflow/example_dags/example_display_name.py
[2025-03-30T11:30:56.965+0000] {processor.py:925} INFO - DAG(s) 'example_display_name' retrieved from /home/airflow/.local/lib/python3.12/site-packages/airflow/example_dags/example_display_name.py
[2025-03-30T11:30:56.973+0000] {logging_mixin.py:190} INFO - [2025-03-30T11:30:56.973+0000] {dag.py:3239} INFO - Sync 1 DAGs
[2025-03-30T11:30:56.977+0000] {logging_mixin.py:190} INFO - [2025-03-30T11:30:56.977+0000] {dag.py:4180} INFO - Setting next_dagrun for example_display_name to None, run_after=None
[2025-03-30T11:30:56.983+0000] {processor.py:208} INFO - Processing /home/airflow/.local/lib/python3.12/site-packages/airflow/example_dags/example_display_name.py took 0.025 seconds
[2025-03-30T11:31:27.293+0000] {processor.py:186} INFO - Started process (PID=887) to work on /home/airflow/.local/lib/python3.12/site-packages/airflow/example_dags/example_display_name.py
[2025-03-30T11:31:27.293+0000] {processor.py:914} INFO - Processing file /home/airflow/.local/lib/python3.12/site-packages/airflow/example_dags/example_display_name.py for tasks to queue
[2025-03-30T11:31:27.294+0000] {logging_mixin.py:190} INFO - [2025-03-30T11:31:27.294+0000] {dagbag.py:588} INFO - Filling up the DagBag from /home/airflow/.local/lib/python3.12/site-packages/airflow/example_dags/example_display_name.py
[2025-03-30T11:31:27.297+0000] {processor.py:925} INFO - DAG(s) 'example_display_name' retrieved from /home/airflow/.local/lib/python3.12/site-packages/airflow/example_dags/example_display_name.py
[2025-03-30T11:31:27.304+0000] {logging_mixin.py:190} INFO - [2025-03-30T11:31:27.304+0000] {dag.py:3239} INFO - Sync 1 DAGs
[2025-03-30T11:31:27.308+0000] {logging_mixin.py:190} INFO - [2025-03-30T11:31:27.308+0000] {dag.py:4180} INFO - Setting next_dagrun for example_display_name to None, run_after=None
[2025-03-30T11:31:27.314+0000] {processor.py:208} INFO - Processing /home/airflow/.local/lib/python3.12/site-packages/airflow/example_dags/example_display_name.py took 0.023 seconds
[2025-03-30T11:31:57.518+0000] {processor.py:186} INFO - Started process (PID=950) to work on /home/airflow/.local/lib/python3.12/site-packages/airflow/example_dags/example_display_name.py
[2025-03-30T11:31:57.518+0000] {processor.py:914} INFO - Processing file /home/airflow/.local/lib/python3.12/site-packages/airflow/example_dags/example_display_name.py for tasks to queue
[2025-03-30T11:31:57.519+0000] {logging_mixin.py:190} INFO - [2025-03-30T11:31:57.519+0000] {dagbag.py:588} INFO - Filling up the DagBag from /home/airflow/.local/lib/python3.12/site-packages/airflow/example_dags/example_display_name.py
[2025-03-30T11:31:57.522+0000] {processor.py:925} INFO - DAG(s) 'example_display_name' retrieved from /home/airflow/.local/lib/python3.12/site-packages/airflow/example_dags/example_display_name.py
[2025-03-30T11:31:57.528+0000] {logging_mixin.py:190} INFO - [2025-03-30T11:31:57.528+0000] {dag.py:3239} INFO - Sync 1 DAGs
[2025-03-30T11:31:57.533+0000] {logging_mixin.py:190} INFO - [2025-03-30T11:31:57.533+0000] {dag.py:4180} INFO - Setting next_dagrun for example_display_name to None, run_after=None
[2025-03-30T11:31:57.538+0000] {processor.py:208} INFO - Processing /home/airflow/.local/lib/python3.12/site-packages/airflow/example_dags/example_display_name.py took 0.023 seconds
[2025-03-30T11:32:27.728+0000] {processor.py:186} INFO - Started process (PID=1014) to work on /home/airflow/.local/lib/python3.12/site-packages/airflow/example_dags/example_display_name.py
[2025-03-30T11:32:27.729+0000] {processor.py:914} INFO - Processing file /home/airflow/.local/lib/python3.12/site-packages/airflow/example_dags/example_display_name.py for tasks to queue
[2025-03-30T11:32:27.729+0000] {logging_mixin.py:190} INFO - [2025-03-30T11:32:27.729+0000] {dagbag.py:588} INFO - Filling up the DagBag from /home/airflow/.local/lib/python3.12/site-packages/airflow/example_dags/example_display_name.py
[2025-03-30T11:32:27.732+0000] {processor.py:925} INFO - DAG(s) 'example_display_name' retrieved from /home/airflow/.local/lib/python3.12/site-packages/airflow/example_dags/example_display_name.py
[2025-03-30T11:32:27.739+0000] {logging_mixin.py:190} INFO - [2025-03-30T11:32:27.739+0000] {dag.py:3239} INFO - Sync 1 DAGs
[2025-03-30T11:32:27.744+0000] {logging_mixin.py:190} INFO - [2025-03-30T11:32:27.744+0000] {dag.py:4180} INFO - Setting next_dagrun for example_display_name to None, run_after=None
[2025-03-30T11:32:27.749+0000] {processor.py:208} INFO - Processing /home/airflow/.local/lib/python3.12/site-packages/airflow/example_dags/example_display_name.py took 0.023 seconds
[2025-03-30T11:32:57.937+0000] {processor.py:186} INFO - Started process (PID=1078) to work on /home/airflow/.local/lib/python3.12/site-packages/airflow/example_dags/example_display_name.py
[2025-03-30T11:32:57.937+0000] {processor.py:914} INFO - Processing file /home/airflow/.local/lib/python3.12/site-packages/airflow/example_dags/example_display_name.py for tasks to queue
[2025-03-30T11:32:57.938+0000] {logging_mixin.py:190} INFO - [2025-03-30T11:32:57.938+0000] {dagbag.py:588} INFO - Filling up the DagBag from /home/airflow/.local/lib/python3.12/site-packages/airflow/example_dags/example_display_name.py
[2025-03-30T11:32:57.941+0000] {processor.py:925} INFO - DAG(s) 'example_display_name' retrieved from /home/airflow/.local/lib/python3.12/site-packages/airflow/example_dags/example_display_name.py
[2025-03-30T11:32:57.947+0000] {logging_mixin.py:190} INFO - [2025-03-30T11:32:57.947+0000] {dag.py:3239} INFO - Sync 1 DAGs
[2025-03-30T11:32:57.952+0000] {logging_mixin.py:190} INFO - [2025-03-30T11:32:57.952+0000] {dag.py:4180} INFO - Setting next_dagrun for example_display_name to None, run_after=None
[2025-03-30T11:32:57.957+0000] {processor.py:208} INFO - Processing /home/airflow/.local/lib/python3.12/site-packages/airflow/example_dags/example_display_name.py took 0.023 seconds
[2025-03-30T11:33:28.051+0000] {processor.py:186} INFO - Started process (PID=1142) to work on /home/airflow/.local/lib/python3.12/site-packages/airflow/example_dags/example_display_name.py
[2025-03-30T11:33:28.051+0000] {processor.py:914} INFO - Processing file /home/airflow/.local/lib/python3.12/site-packages/airflow/example_dags/example_display_name.py for tasks to queue
[2025-03-30T11:33:28.052+0000] {logging_mixin.py:190} INFO - [2025-03-30T11:33:28.052+0000] {dagbag.py:588} INFO - Filling up the DagBag from /home/airflow/.local/lib/python3.12/site-packages/airflow/example_dags/example_display_name.py
[2025-03-30T11:33:28.055+0000] {processor.py:925} INFO - DAG(s) 'example_display_name' retrieved from /home/airflow/.local/lib/python3.12/site-packages/airflow/example_dags/example_display_name.py
[2025-03-30T11:33:28.063+0000] {logging_mixin.py:190} INFO - [2025-03-30T11:33:28.063+0000] {dag.py:3239} INFO - Sync 1 DAGs
[2025-03-30T11:33:28.070+0000] {logging_mixin.py:190} INFO - [2025-03-30T11:33:28.069+0000] {dag.py:4180} INFO - Setting next_dagrun for example_display_name to None, run_after=None
[2025-03-30T11:33:28.075+0000] {processor.py:208} INFO - Processing /home/airflow/.local/lib/python3.12/site-packages/airflow/example_dags/example_display_name.py took 0.028 seconds
[2025-03-30T11:33:58.239+0000] {processor.py:186} INFO - Started process (PID=1206) to work on /home/airflow/.local/lib/python3.12/site-packages/airflow/example_dags/example_display_name.py
[2025-03-30T11:33:58.239+0000] {processor.py:914} INFO - Processing file /home/airflow/.local/lib/python3.12/site-packages/airflow/example_dags/example_display_name.py for tasks to queue
[2025-03-30T11:33:58.240+0000] {logging_mixin.py:190} INFO - [2025-03-30T11:33:58.240+0000] {dagbag.py:588} INFO - Filling up the DagBag from /home/airflow/.local/lib/python3.12/site-packages/airflow/example_dags/example_display_name.py
[2025-03-30T11:33:58.243+0000] {processor.py:925} INFO - DAG(s) 'example_display_name' retrieved from /home/airflow/.local/lib/python3.12/site-packages/airflow/example_dags/example_display_name.py
[2025-03-30T11:33:58.250+0000] {logging_mixin.py:190} INFO - [2025-03-30T11:33:58.250+0000] {dag.py:3239} INFO - Sync 1 DAGs
[2025-03-30T11:33:58.255+0000] {logging_mixin.py:190} INFO - [2025-03-30T11:33:58.255+0000] {dag.py:4180} INFO - Setting next_dagrun for example_display_name to None, run_after=None
[2025-03-30T11:33:58.261+0000] {processor.py:208} INFO - Processing /home/airflow/.local/lib/python3.12/site-packages/airflow/example_dags/example_display_name.py took 0.024 seconds
[2025-03-30T11:34:28.470+0000] {processor.py:186} INFO - Started process (PID=1270) to work on /home/airflow/.local/lib/python3.12/site-packages/airflow/example_dags/example_display_name.py
[2025-03-30T11:34:28.470+0000] {processor.py:914} INFO - Processing file /home/airflow/.local/lib/python3.12/site-packages/airflow/example_dags/example_display_name.py for tasks to queue
[2025-03-30T11:34:28.471+0000] {logging_mixin.py:190} INFO - [2025-03-30T11:34:28.471+0000] {dagbag.py:588} INFO - Filling up the DagBag from /home/airflow/.local/lib/python3.12/site-packages/airflow/example_dags/example_display_name.py
[2025-03-30T11:34:28.474+0000] {processor.py:925} INFO - DAG(s) 'example_display_name' retrieved from /home/airflow/.local/lib/python3.12/site-packages/airflow/example_dags/example_display_name.py
[2025-03-30T11:34:28.481+0000] {logging_mixin.py:190} INFO - [2025-03-30T11:34:28.481+0000] {dag.py:3239} INFO - Sync 1 DAGs
[2025-03-30T11:34:28.485+0000] {logging_mixin.py:190} INFO - [2025-03-30T11:34:28.485+0000] {dag.py:4180} INFO - Setting next_dagrun for example_display_name to None, run_after=None
[2025-03-30T11:34:28.490+0000] {processor.py:208} INFO - Processing /home/airflow/.local/lib/python3.12/site-packages/airflow/example_dags/example_display_name.py took 0.022 seconds
[2025-03-30T11:34:58.918+0000] {processor.py:186} INFO - Started process (PID=1334) to work on /home/airflow/.local/lib/python3.12/site-packages/airflow/example_dags/example_display_name.py
[2025-03-30T11:34:58.918+0000] {processor.py:914} INFO - Processing file /home/airflow/.local/lib/python3.12/site-packages/airflow/example_dags/example_display_name.py for tasks to queue
[2025-03-30T11:34:58.919+0000] {logging_mixin.py:190} INFO - [2025-03-30T11:34:58.919+0000] {dagbag.py:588} INFO - Filling up the DagBag from /home/airflow/.local/lib/python3.12/site-packages/airflow/example_dags/example_display_name.py
[2025-03-30T11:34:58.924+0000] {processor.py:925} INFO - DAG(s) 'example_display_name' retrieved from /home/airflow/.local/lib/python3.12/site-packages/airflow/example_dags/example_display_name.py
[2025-03-30T11:34:58.933+0000] {logging_mixin.py:190} INFO - [2025-03-30T11:34:58.933+0000] {dag.py:3239} INFO - Sync 1 DAGs
[2025-03-30T11:34:58.944+0000] {logging_mixin.py:190} INFO - [2025-03-30T11:34:58.944+0000] {dag.py:4180} INFO - Setting next_dagrun for example_display_name to None, run_after=None
[2025-03-30T11:34:58.953+0000] {processor.py:208} INFO - Processing /home/airflow/.local/lib/python3.12/site-packages/airflow/example_dags/example_display_name.py took 0.038 seconds
[2025-03-30T11:35:29.593+0000] {processor.py:186} INFO - Started process (PID=1398) to work on /home/airflow/.local/lib/python3.12/site-packages/airflow/example_dags/example_display_name.py
[2025-03-30T11:35:29.594+0000] {processor.py:914} INFO - Processing file /home/airflow/.local/lib/python3.12/site-packages/airflow/example_dags/example_display_name.py for tasks to queue
[2025-03-30T11:35:29.595+0000] {logging_mixin.py:190} INFO - [2025-03-30T11:35:29.595+0000] {dagbag.py:588} INFO - Filling up the DagBag from /home/airflow/.local/lib/python3.12/site-packages/airflow/example_dags/example_display_name.py
[2025-03-30T11:35:29.598+0000] {processor.py:925} INFO - DAG(s) 'example_display_name' retrieved from /home/airflow/.local/lib/python3.12/site-packages/airflow/example_dags/example_display_name.py
[2025-03-30T11:35:29.606+0000] {logging_mixin.py:190} INFO - [2025-03-30T11:35:29.606+0000] {dag.py:3239} INFO - Sync 1 DAGs
[2025-03-30T11:35:29.612+0000] {logging_mixin.py:190} INFO - [2025-03-30T11:35:29.612+0000] {dag.py:4180} INFO - Setting next_dagrun for example_display_name to None, run_after=None
[2025-03-30T11:35:29.623+0000] {processor.py:208} INFO - Processing /home/airflow/.local/lib/python3.12/site-packages/airflow/example_dags/example_display_name.py took 0.032 seconds
[2025-03-30T11:35:59.892+0000] {processor.py:186} INFO - Started process (PID=1462) to work on /home/airflow/.local/lib/python3.12/site-packages/airflow/example_dags/example_display_name.py
[2025-03-30T11:35:59.892+0000] {processor.py:914} INFO - Processing file /home/airflow/.local/lib/python3.12/site-packages/airflow/example_dags/example_display_name.py for tasks to queue
[2025-03-30T11:35:59.893+0000] {logging_mixin.py:190} INFO - [2025-03-30T11:35:59.893+0000] {dagbag.py:588} INFO - Filling up the DagBag from /home/airflow/.local/lib/python3.12/site-packages/airflow/example_dags/example_display_name.py
[2025-03-30T11:35:59.895+0000] {processor.py:925} INFO - DAG(s) 'example_display_name' retrieved from /home/airflow/.local/lib/python3.12/site-packages/airflow/example_dags/example_display_name.py
[2025-03-30T11:35:59.902+0000] {logging_mixin.py:190} INFO - [2025-03-30T11:35:59.902+0000] {dag.py:3239} INFO - Sync 1 DAGs
[2025-03-30T11:35:59.907+0000] {logging_mixin.py:190} INFO - [2025-03-30T11:35:59.906+0000] {dag.py:4180} INFO - Setting next_dagrun for example_display_name to None, run_after=None
[2025-03-30T11:35:59.912+0000] {processor.py:208} INFO - Processing /home/airflow/.local/lib/python3.12/site-packages/airflow/example_dags/example_display_name.py took 0.022 seconds
[2025-03-30T11:36:30.288+0000] {processor.py:186} INFO - Started process (PID=1526) to work on /home/airflow/.local/lib/python3.12/site-packages/airflow/example_dags/example_display_name.py
[2025-03-30T11:36:30.288+0000] {processor.py:914} INFO - Processing file /home/airflow/.local/lib/python3.12/site-packages/airflow/example_dags/example_display_name.py for tasks to queue
[2025-03-30T11:36:30.289+0000] {logging_mixin.py:190} INFO - [2025-03-30T11:36:30.289+0000] {dagbag.py:588} INFO - Filling up the DagBag from /home/airflow/.local/lib/python3.12/site-packages/airflow/example_dags/example_display_name.py
[2025-03-30T11:36:30.292+0000] {processor.py:925} INFO - DAG(s) 'example_display_name' retrieved from /home/airflow/.local/lib/python3.12/site-packages/airflow/example_dags/example_display_name.py
[2025-03-30T11:36:30.298+0000] {logging_mixin.py:190} INFO - [2025-03-30T11:36:30.298+0000] {dag.py:3239} INFO - Sync 1 DAGs
[2025-03-30T11:36:30.303+0000] {logging_mixin.py:190} INFO - [2025-03-30T11:36:30.303+0000] {dag.py:4180} INFO - Setting next_dagrun for example_display_name to None, run_after=None
[2025-03-30T11:36:30.308+0000] {processor.py:208} INFO - Processing /home/airflow/.local/lib/python3.12/site-packages/airflow/example_dags/example_display_name.py took 0.022 seconds
[2025-03-30T11:37:00.566+0000] {processor.py:186} INFO - Started process (PID=1590) to work on /home/airflow/.local/lib/python3.12/site-packages/airflow/example_dags/example_display_name.py
[2025-03-30T11:37:00.566+0000] {processor.py:914} INFO - Processing file /home/airflow/.local/lib/python3.12/site-packages/airflow/example_dags/example_display_name.py for tasks to queue
[2025-03-30T11:37:00.567+0000] {logging_mixin.py:190} INFO - [2025-03-30T11:37:00.567+0000] {dagbag.py:588} INFO - Filling up the DagBag from /home/airflow/.local/lib/python3.12/site-packages/airflow/example_dags/example_display_name.py
[2025-03-30T11:37:00.570+0000] {processor.py:925} INFO - DAG(s) 'example_display_name' retrieved from /home/airflow/.local/lib/python3.12/site-packages/airflow/example_dags/example_display_name.py
[2025-03-30T11:37:00.577+0000] {logging_mixin.py:190} INFO - [2025-03-30T11:37:00.576+0000] {dag.py:3239} INFO - Sync 1 DAGs
[2025-03-30T11:37:00.581+0000] {logging_mixin.py:190} INFO - [2025-03-30T11:37:00.581+0000] {dag.py:4180} INFO - Setting next_dagrun for example_display_name to None, run_after=None
[2025-03-30T11:37:00.586+0000] {processor.py:208} INFO - Processing /home/airflow/.local/lib/python3.12/site-packages/airflow/example_dags/example_display_name.py took 0.022 seconds
[2025-03-30T11:37:30.738+0000] {processor.py:186} INFO - Started process (PID=1654) to work on /home/airflow/.local/lib/python3.12/site-packages/airflow/example_dags/example_display_name.py
[2025-03-30T11:37:30.739+0000] {processor.py:914} INFO - Processing file /home/airflow/.local/lib/python3.12/site-packages/airflow/example_dags/example_display_name.py for tasks to queue
[2025-03-30T11:37:30.739+0000] {logging_mixin.py:190} INFO - [2025-03-30T11:37:30.739+0000] {dagbag.py:588} INFO - Filling up the DagBag from /home/airflow/.local/lib/python3.12/site-packages/airflow/example_dags/example_display_name.py
[2025-03-30T11:37:30.742+0000] {processor.py:925} INFO - DAG(s) 'example_display_name' retrieved from /home/airflow/.local/lib/python3.12/site-packages/airflow/example_dags/example_display_name.py
[2025-03-30T11:37:30.749+0000] {logging_mixin.py:190} INFO - [2025-03-30T11:37:30.749+0000] {dag.py:3239} INFO - Sync 1 DAGs
[2025-03-30T11:37:30.753+0000] {logging_mixin.py:190} INFO - [2025-03-30T11:37:30.753+0000] {dag.py:4180} INFO - Setting next_dagrun for example_display_name to None, run_after=None
[2025-03-30T11:37:30.758+0000] {processor.py:208} INFO - Processing /home/airflow/.local/lib/python3.12/site-packages/airflow/example_dags/example_display_name.py took 0.022 seconds
[2025-03-30T11:38:00.921+0000] {processor.py:186} INFO - Started process (PID=1718) to work on /home/airflow/.local/lib/python3.12/site-packages/airflow/example_dags/example_display_name.py
[2025-03-30T11:38:00.921+0000] {processor.py:914} INFO - Processing file /home/airflow/.local/lib/python3.12/site-packages/airflow/example_dags/example_display_name.py for tasks to queue
[2025-03-30T11:38:00.922+0000] {logging_mixin.py:190} INFO - [2025-03-30T11:38:00.922+0000] {dagbag.py:588} INFO - Filling up the DagBag from /home/airflow/.local/lib/python3.12/site-packages/airflow/example_dags/example_display_name.py
[2025-03-30T11:38:00.925+0000] {processor.py:925} INFO - DAG(s) 'example_display_name' retrieved from /home/airflow/.local/lib/python3.12/site-packages/airflow/example_dags/example_display_name.py
[2025-03-30T11:38:00.935+0000] {logging_mixin.py:190} INFO - [2025-03-30T11:38:00.935+0000] {dag.py:3239} INFO - Sync 1 DAGs
[2025-03-30T11:38:00.940+0000] {logging_mixin.py:190} INFO - [2025-03-30T11:38:00.940+0000] {dag.py:4180} INFO - Setting next_dagrun for example_display_name to None, run_after=None
[2025-03-30T11:38:00.950+0000] {processor.py:208} INFO - Processing /home/airflow/.local/lib/python3.12/site-packages/airflow/example_dags/example_display_name.py took 0.032 seconds
[2025-03-30T11:38:31.368+0000] {processor.py:186} INFO - Started process (PID=1782) to work on /home/airflow/.local/lib/python3.12/site-packages/airflow/example_dags/example_display_name.py
[2025-03-30T11:38:31.369+0000] {processor.py:914} INFO - Processing file /home/airflow/.local/lib/python3.12/site-packages/airflow/example_dags/example_display_name.py for tasks to queue
[2025-03-30T11:38:31.370+0000] {logging_mixin.py:190} INFO - [2025-03-30T11:38:31.369+0000] {dagbag.py:588} INFO - Filling up the DagBag from /home/airflow/.local/lib/python3.12/site-packages/airflow/example_dags/example_display_name.py
[2025-03-30T11:38:31.372+0000] {processor.py:925} INFO - DAG(s) 'example_display_name' retrieved from /home/airflow/.local/lib/python3.12/site-packages/airflow/example_dags/example_display_name.py
[2025-03-30T11:38:31.379+0000] {logging_mixin.py:190} INFO - [2025-03-30T11:38:31.379+0000] {dag.py:3239} INFO - Sync 1 DAGs
[2025-03-30T11:38:31.383+0000] {logging_mixin.py:190} INFO - [2025-03-30T11:38:31.383+0000] {dag.py:4180} INFO - Setting next_dagrun for example_display_name to None, run_after=None
[2025-03-30T11:38:31.388+0000] {processor.py:208} INFO - Processing /home/airflow/.local/lib/python3.12/site-packages/airflow/example_dags/example_display_name.py took 0.022 seconds
[2025-03-30T11:39:01.515+0000] {processor.py:186} INFO - Started process (PID=1846) to work on /home/airflow/.local/lib/python3.12/site-packages/airflow/example_dags/example_display_name.py
[2025-03-30T11:39:01.516+0000] {processor.py:914} INFO - Processing file /home/airflow/.local/lib/python3.12/site-packages/airflow/example_dags/example_display_name.py for tasks to queue
[2025-03-30T11:39:01.517+0000] {logging_mixin.py:190} INFO - [2025-03-30T11:39:01.517+0000] {dagbag.py:588} INFO - Filling up the DagBag from /home/airflow/.local/lib/python3.12/site-packages/airflow/example_dags/example_display_name.py
[2025-03-30T11:39:01.519+0000] {processor.py:925} INFO - DAG(s) 'example_display_name' retrieved from /home/airflow/.local/lib/python3.12/site-packages/airflow/example_dags/example_display_name.py
[2025-03-30T11:39:01.526+0000] {logging_mixin.py:190} INFO - [2025-03-30T11:39:01.526+0000] {dag.py:3239} INFO - Sync 1 DAGs
[2025-03-30T11:39:01.530+0000] {logging_mixin.py:190} INFO - [2025-03-30T11:39:01.530+0000] {dag.py:4180} INFO - Setting next_dagrun for example_display_name to None, run_after=None
[2025-03-30T11:39:01.535+0000] {processor.py:208} INFO - Processing /home/airflow/.local/lib/python3.12/site-packages/airflow/example_dags/example_display_name.py took 0.022 seconds
[2025-03-30T11:39:31.698+0000] {processor.py:186} INFO - Started process (PID=1910) to work on /home/airflow/.local/lib/python3.12/site-packages/airflow/example_dags/example_display_name.py
[2025-03-30T11:39:31.699+0000] {processor.py:914} INFO - Processing file /home/airflow/.local/lib/python3.12/site-packages/airflow/example_dags/example_display_name.py for tasks to queue
[2025-03-30T11:39:31.700+0000] {logging_mixin.py:190} INFO - [2025-03-30T11:39:31.700+0000] {dagbag.py:588} INFO - Filling up the DagBag from /home/airflow/.local/lib/python3.12/site-packages/airflow/example_dags/example_display_name.py
[2025-03-30T11:39:31.703+0000] {processor.py:925} INFO - DAG(s) 'example_display_name' retrieved from /home/airflow/.local/lib/python3.12/site-packages/airflow/example_dags/example_display_name.py
[2025-03-30T11:39:31.709+0000] {logging_mixin.py:190} INFO - [2025-03-30T11:39:31.709+0000] {dag.py:3239} INFO - Sync 1 DAGs
[2025-03-30T11:39:31.714+0000] {logging_mixin.py:190} INFO - [2025-03-30T11:39:31.714+0000] {dag.py:4180} INFO - Setting next_dagrun for example_display_name to None, run_after=None
[2025-03-30T11:39:31.719+0000] {processor.py:208} INFO - Processing /home/airflow/.local/lib/python3.12/site-packages/airflow/example_dags/example_display_name.py took 0.023 seconds
[2025-03-30T11:40:01.778+0000] {processor.py:186} INFO - Started process (PID=1974) to work on /home/airflow/.local/lib/python3.12/site-packages/airflow/example_dags/example_display_name.py
[2025-03-30T11:40:01.778+0000] {processor.py:914} INFO - Processing file /home/airflow/.local/lib/python3.12/site-packages/airflow/example_dags/example_display_name.py for tasks to queue
[2025-03-30T11:40:01.779+0000] {logging_mixin.py:190} INFO - [2025-03-30T11:40:01.779+0000] {dagbag.py:588} INFO - Filling up the DagBag from /home/airflow/.local/lib/python3.12/site-packages/airflow/example_dags/example_display_name.py
[2025-03-30T11:40:01.782+0000] {processor.py:925} INFO - DAG(s) 'example_display_name' retrieved from /home/airflow/.local/lib/python3.12/site-packages/airflow/example_dags/example_display_name.py
[2025-03-30T11:40:01.789+0000] {logging_mixin.py:190} INFO - [2025-03-30T11:40:01.789+0000] {dag.py:3239} INFO - Sync 1 DAGs
[2025-03-30T11:40:01.794+0000] {logging_mixin.py:190} INFO - [2025-03-30T11:40:01.794+0000] {dag.py:4180} INFO - Setting next_dagrun for example_display_name to None, run_after=None
[2025-03-30T11:40:01.801+0000] {processor.py:208} INFO - Processing /home/airflow/.local/lib/python3.12/site-packages/airflow/example_dags/example_display_name.py took 0.025 seconds
[2025-03-30T11:40:32.042+0000] {processor.py:186} INFO - Started process (PID=2038) to work on /home/airflow/.local/lib/python3.12/site-packages/airflow/example_dags/example_display_name.py
[2025-03-30T11:40:32.042+0000] {processor.py:914} INFO - Processing file /home/airflow/.local/lib/python3.12/site-packages/airflow/example_dags/example_display_name.py for tasks to queue
[2025-03-30T11:40:32.043+0000] {logging_mixin.py:190} INFO - [2025-03-30T11:40:32.043+0000] {dagbag.py:588} INFO - Filling up the DagBag from /home/airflow/.local/lib/python3.12/site-packages/airflow/example_dags/example_display_name.py
[2025-03-30T11:40:32.047+0000] {processor.py:925} INFO - DAG(s) 'example_display_name' retrieved from /home/airflow/.local/lib/python3.12/site-packages/airflow/example_dags/example_display_name.py
[2025-03-30T11:40:32.060+0000] {logging_mixin.py:190} INFO - [2025-03-30T11:40:32.060+0000] {dag.py:3239} INFO - Sync 1 DAGs
[2025-03-30T11:40:32.066+0000] {logging_mixin.py:190} INFO - [2025-03-30T11:40:32.066+0000] {dag.py:4180} INFO - Setting next_dagrun for example_display_name to None, run_after=None
[2025-03-30T11:40:32.075+0000] {processor.py:208} INFO - Processing /home/airflow/.local/lib/python3.12/site-packages/airflow/example_dags/example_display_name.py took 0.036 seconds
[2025-03-30T11:41:02.275+0000] {processor.py:186} INFO - Started process (PID=2102) to work on /home/airflow/.local/lib/python3.12/site-packages/airflow/example_dags/example_display_name.py
[2025-03-30T11:41:02.276+0000] {processor.py:914} INFO - Processing file /home/airflow/.local/lib/python3.12/site-packages/airflow/example_dags/example_display_name.py for tasks to queue
[2025-03-30T11:41:02.276+0000] {logging_mixin.py:190} INFO - [2025-03-30T11:41:02.276+0000] {dagbag.py:588} INFO - Filling up the DagBag from /home/airflow/.local/lib/python3.12/site-packages/airflow/example_dags/example_display_name.py
[2025-03-30T11:41:02.279+0000] {processor.py:925} INFO - DAG(s) 'example_display_name' retrieved from /home/airflow/.local/lib/python3.12/site-packages/airflow/example_dags/example_display_name.py
[2025-03-30T11:41:02.286+0000] {logging_mixin.py:190} INFO - [2025-03-30T11:41:02.286+0000] {dag.py:3239} INFO - Sync 1 DAGs
[2025-03-30T11:41:02.290+0000] {logging_mixin.py:190} INFO - [2025-03-30T11:41:02.290+0000] {dag.py:4180} INFO - Setting next_dagrun for example_display_name to None, run_after=None
[2025-03-30T11:41:02.295+0000] {processor.py:208} INFO - Processing /home/airflow/.local/lib/python3.12/site-packages/airflow/example_dags/example_display_name.py took 0.022 seconds
[2025-03-30T11:41:32.512+0000] {processor.py:186} INFO - Started process (PID=2166) to work on /home/airflow/.local/lib/python3.12/site-packages/airflow/example_dags/example_display_name.py
[2025-03-30T11:41:32.512+0000] {processor.py:914} INFO - Processing file /home/airflow/.local/lib/python3.12/site-packages/airflow/example_dags/example_display_name.py for tasks to queue
[2025-03-30T11:41:32.513+0000] {logging_mixin.py:190} INFO - [2025-03-30T11:41:32.513+0000] {dagbag.py:588} INFO - Filling up the DagBag from /home/airflow/.local/lib/python3.12/site-packages/airflow/example_dags/example_display_name.py
[2025-03-30T11:41:32.517+0000] {processor.py:925} INFO - DAG(s) 'example_display_name' retrieved from /home/airflow/.local/lib/python3.12/site-packages/airflow/example_dags/example_display_name.py
[2025-03-30T11:41:32.524+0000] {logging_mixin.py:190} INFO - [2025-03-30T11:41:32.524+0000] {dag.py:3239} INFO - Sync 1 DAGs
[2025-03-30T11:41:32.529+0000] {logging_mixin.py:190} INFO - [2025-03-30T11:41:32.529+0000] {dag.py:4180} INFO - Setting next_dagrun for example_display_name to None, run_after=None
[2025-03-30T11:41:32.536+0000] {processor.py:208} INFO - Processing /home/airflow/.local/lib/python3.12/site-packages/airflow/example_dags/example_display_name.py took 0.026 seconds
[2025-03-30T11:42:02.643+0000] {processor.py:186} INFO - Started process (PID=2230) to work on /home/airflow/.local/lib/python3.12/site-packages/airflow/example_dags/example_display_name.py
[2025-03-30T11:42:02.644+0000] {processor.py:914} INFO - Processing file /home/airflow/.local/lib/python3.12/site-packages/airflow/example_dags/example_display_name.py for tasks to queue
[2025-03-30T11:42:02.644+0000] {logging_mixin.py:190} INFO - [2025-03-30T11:42:02.644+0000] {dagbag.py:588} INFO - Filling up the DagBag from /home/airflow/.local/lib/python3.12/site-packages/airflow/example_dags/example_display_name.py
[2025-03-30T11:42:02.647+0000] {processor.py:925} INFO - DAG(s) 'example_display_name' retrieved from /home/airflow/.local/lib/python3.12/site-packages/airflow/example_dags/example_display_name.py
[2025-03-30T11:42:02.654+0000] {logging_mixin.py:190} INFO - [2025-03-30T11:42:02.654+0000] {dag.py:3239} INFO - Sync 1 DAGs
[2025-03-30T11:42:02.659+0000] {logging_mixin.py:190} INFO - [2025-03-30T11:42:02.659+0000] {dag.py:4180} INFO - Setting next_dagrun for example_display_name to None, run_after=None
[2025-03-30T11:42:02.664+0000] {processor.py:208} INFO - Processing /home/airflow/.local/lib/python3.12/site-packages/airflow/example_dags/example_display_name.py took 0.023 seconds
[2025-03-30T11:42:32.850+0000] {processor.py:186} INFO - Started process (PID=2294) to work on /home/airflow/.local/lib/python3.12/site-packages/airflow/example_dags/example_display_name.py
[2025-03-30T11:42:32.850+0000] {processor.py:914} INFO - Processing file /home/airflow/.local/lib/python3.12/site-packages/airflow/example_dags/example_display_name.py for tasks to queue
[2025-03-30T11:42:32.852+0000] {logging_mixin.py:190} INFO - [2025-03-30T11:42:32.851+0000] {dagbag.py:588} INFO - Filling up the DagBag from /home/airflow/.local/lib/python3.12/site-packages/airflow/example_dags/example_display_name.py
[2025-03-30T11:42:32.855+0000] {processor.py:925} INFO - DAG(s) 'example_display_name' retrieved from /home/airflow/.local/lib/python3.12/site-packages/airflow/example_dags/example_display_name.py
[2025-03-30T11:42:32.862+0000] {logging_mixin.py:190} INFO - [2025-03-30T11:42:32.862+0000] {dag.py:3239} INFO - Sync 1 DAGs
[2025-03-30T11:42:32.870+0000] {logging_mixin.py:190} INFO - [2025-03-30T11:42:32.870+0000] {dag.py:4180} INFO - Setting next_dagrun for example_display_name to None, run_after=None
[2025-03-30T11:42:32.875+0000] {processor.py:208} INFO - Processing /home/airflow/.local/lib/python3.12/site-packages/airflow/example_dags/example_display_name.py took 0.027 seconds
[2025-03-30T11:43:02.932+0000] {processor.py:186} INFO - Started process (PID=2357) to work on /home/airflow/.local/lib/python3.12/site-packages/airflow/example_dags/example_display_name.py
[2025-03-30T11:43:02.932+0000] {processor.py:914} INFO - Processing file /home/airflow/.local/lib/python3.12/site-packages/airflow/example_dags/example_display_name.py for tasks to queue
[2025-03-30T11:43:02.933+0000] {logging_mixin.py:190} INFO - [2025-03-30T11:43:02.933+0000] {dagbag.py:588} INFO - Filling up the DagBag from /home/airflow/.local/lib/python3.12/site-packages/airflow/example_dags/example_display_name.py
[2025-03-30T11:43:02.936+0000] {processor.py:925} INFO - DAG(s) 'example_display_name' retrieved from /home/airflow/.local/lib/python3.12/site-packages/airflow/example_dags/example_display_name.py
[2025-03-30T11:43:02.943+0000] {logging_mixin.py:190} INFO - [2025-03-30T11:43:02.943+0000] {dag.py:3239} INFO - Sync 1 DAGs
[2025-03-30T11:43:02.948+0000] {logging_mixin.py:190} INFO - [2025-03-30T11:43:02.948+0000] {dag.py:4180} INFO - Setting next_dagrun for example_display_name to None, run_after=None
[2025-03-30T11:43:02.953+0000] {processor.py:208} INFO - Processing /home/airflow/.local/lib/python3.12/site-packages/airflow/example_dags/example_display_name.py took 0.024 seconds
[2025-03-30T11:43:33.055+0000] {processor.py:186} INFO - Started process (PID=2421) to work on /home/airflow/.local/lib/python3.12/site-packages/airflow/example_dags/example_display_name.py
[2025-03-30T11:43:33.056+0000] {processor.py:914} INFO - Processing file /home/airflow/.local/lib/python3.12/site-packages/airflow/example_dags/example_display_name.py for tasks to queue
[2025-03-30T11:43:33.056+0000] {logging_mixin.py:190} INFO - [2025-03-30T11:43:33.056+0000] {dagbag.py:588} INFO - Filling up the DagBag from /home/airflow/.local/lib/python3.12/site-packages/airflow/example_dags/example_display_name.py
[2025-03-30T11:43:33.059+0000] {processor.py:925} INFO - DAG(s) 'example_display_name' retrieved from /home/airflow/.local/lib/python3.12/site-packages/airflow/example_dags/example_display_name.py
[2025-03-30T11:43:33.066+0000] {logging_mixin.py:190} INFO - [2025-03-30T11:43:33.066+0000] {dag.py:3239} INFO - Sync 1 DAGs
[2025-03-30T11:43:33.071+0000] {logging_mixin.py:190} INFO - [2025-03-30T11:43:33.071+0000] {dag.py:4180} INFO - Setting next_dagrun for example_display_name to None, run_after=None
[2025-03-30T11:43:33.076+0000] {processor.py:208} INFO - Processing /home/airflow/.local/lib/python3.12/site-packages/airflow/example_dags/example_display_name.py took 0.022 seconds
[2025-03-30T11:44:03.133+0000] {processor.py:186} INFO - Started process (PID=2484) to work on /home/airflow/.local/lib/python3.12/site-packages/airflow/example_dags/example_display_name.py
[2025-03-30T11:44:03.134+0000] {processor.py:914} INFO - Processing file /home/airflow/.local/lib/python3.12/site-packages/airflow/example_dags/example_display_name.py for tasks to queue
[2025-03-30T11:44:03.134+0000] {logging_mixin.py:190} INFO - [2025-03-30T11:44:03.134+0000] {dagbag.py:588} INFO - Filling up the DagBag from /home/airflow/.local/lib/python3.12/site-packages/airflow/example_dags/example_display_name.py
[2025-03-30T11:44:03.137+0000] {processor.py:925} INFO - DAG(s) 'example_display_name' retrieved from /home/airflow/.local/lib/python3.12/site-packages/airflow/example_dags/example_display_name.py
[2025-03-30T11:44:03.145+0000] {logging_mixin.py:190} INFO - [2025-03-30T11:44:03.145+0000] {dag.py:3239} INFO - Sync 1 DAGs
[2025-03-30T11:44:03.149+0000] {logging_mixin.py:190} INFO - [2025-03-30T11:44:03.149+0000] {dag.py:4180} INFO - Setting next_dagrun for example_display_name to None, run_after=None
[2025-03-30T11:44:03.155+0000] {processor.py:208} INFO - Processing /home/airflow/.local/lib/python3.12/site-packages/airflow/example_dags/example_display_name.py took 0.024 seconds
[2025-03-30T11:44:33.215+0000] {processor.py:186} INFO - Started process (PID=2548) to work on /home/airflow/.local/lib/python3.12/site-packages/airflow/example_dags/example_display_name.py
[2025-03-30T11:44:33.215+0000] {processor.py:914} INFO - Processing file /home/airflow/.local/lib/python3.12/site-packages/airflow/example_dags/example_display_name.py for tasks to queue
[2025-03-30T11:44:33.216+0000] {logging_mixin.py:190} INFO - [2025-03-30T11:44:33.216+0000] {dagbag.py:588} INFO - Filling up the DagBag from /home/airflow/.local/lib/python3.12/site-packages/airflow/example_dags/example_display_name.py
[2025-03-30T11:44:33.219+0000] {processor.py:925} INFO - DAG(s) 'example_display_name' retrieved from /home/airflow/.local/lib/python3.12/site-packages/airflow/example_dags/example_display_name.py
[2025-03-30T11:44:33.226+0000] {logging_mixin.py:190} INFO - [2025-03-30T11:44:33.226+0000] {dag.py:3239} INFO - Sync 1 DAGs
[2025-03-30T11:44:33.231+0000] {logging_mixin.py:190} INFO - [2025-03-30T11:44:33.231+0000] {dag.py:4180} INFO - Setting next_dagrun for example_display_name to None, run_after=None
[2025-03-30T11:44:33.237+0000] {processor.py:208} INFO - Processing /home/airflow/.local/lib/python3.12/site-packages/airflow/example_dags/example_display_name.py took 0.024 seconds
