[2025-03-30T03:32:21.333+0000] {processor.py:186} INFO - Started process (PID=92) to work on /home/airflow/.local/lib/python3.12/site-packages/airflow/example_dags/example_task_group.py
[2025-03-30T03:32:21.334+0000] {processor.py:914} INFO - Processing file /home/airflow/.local/lib/python3.12/site-packages/airflow/example_dags/example_task_group.py for tasks to queue
[2025-03-30T03:32:21.335+0000] {logging_mixin.py:190} INFO - [2025-03-30T03:32:21.335+0000] {dagbag.py:588} INFO - Filling up the DagBag from /home/airflow/.local/lib/python3.12/site-packages/airflow/example_dags/example_task_group.py
[2025-03-30T03:32:21.339+0000] {processor.py:925} INFO - DAG(s) 'example_task_group' retrieved from /home/airflow/.local/lib/python3.12/site-packages/airflow/example_dags/example_task_group.py
[2025-03-30T03:32:21.347+0000] {logging_mixin.py:190} INFO - [2025-03-30T03:32:21.347+0000] {dag.py:3239} INFO - Sync 1 DAGs
[2025-03-30T03:32:21.354+0000] {logging_mixin.py:190} INFO - [2025-03-30T03:32:21.353+0000] {dag.py:4180} INFO - Setting next_dagrun for example_task_group to None, run_after=None
[2025-03-30T03:32:21.359+0000] {processor.py:208} INFO - Processing /home/airflow/.local/lib/python3.12/site-packages/airflow/example_dags/example_task_group.py took 0.028 seconds
[2025-03-30T03:32:51.463+0000] {processor.py:186} INFO - Started process (PID=154) to work on /home/airflow/.local/lib/python3.12/site-packages/airflow/example_dags/example_task_group.py
[2025-03-30T03:32:51.463+0000] {processor.py:914} INFO - Processing file /home/airflow/.local/lib/python3.12/site-packages/airflow/example_dags/example_task_group.py for tasks to queue
[2025-03-30T03:32:51.464+0000] {logging_mixin.py:190} INFO - [2025-03-30T03:32:51.464+0000] {dagbag.py:588} INFO - Filling up the DagBag from /home/airflow/.local/lib/python3.12/site-packages/airflow/example_dags/example_task_group.py
[2025-03-30T03:32:51.468+0000] {processor.py:925} INFO - DAG(s) 'example_task_group' retrieved from /home/airflow/.local/lib/python3.12/site-packages/airflow/example_dags/example_task_group.py
[2025-03-30T03:32:51.477+0000] {logging_mixin.py:190} INFO - [2025-03-30T03:32:51.477+0000] {dag.py:3239} INFO - Sync 1 DAGs
[2025-03-30T03:32:51.482+0000] {logging_mixin.py:190} INFO - [2025-03-30T03:32:51.482+0000] {dag.py:4180} INFO - Setting next_dagrun for example_task_group to None, run_after=None
[2025-03-30T03:32:51.487+0000] {processor.py:208} INFO - Processing /home/airflow/.local/lib/python3.12/site-packages/airflow/example_dags/example_task_group.py took 0.027 seconds
[2025-03-30T03:33:22.531+0000] {processor.py:186} INFO - Started process (PID=217) to work on /home/airflow/.local/lib/python3.12/site-packages/airflow/example_dags/example_task_group.py
[2025-03-30T03:33:22.533+0000] {processor.py:914} INFO - Processing file /home/airflow/.local/lib/python3.12/site-packages/airflow/example_dags/example_task_group.py for tasks to queue
[2025-03-30T03:33:22.534+0000] {logging_mixin.py:190} INFO - [2025-03-30T03:33:22.534+0000] {dagbag.py:588} INFO - Filling up the DagBag from /home/airflow/.local/lib/python3.12/site-packages/airflow/example_dags/example_task_group.py
[2025-03-30T03:33:22.537+0000] {processor.py:925} INFO - DAG(s) 'example_task_group' retrieved from /home/airflow/.local/lib/python3.12/site-packages/airflow/example_dags/example_task_group.py
[2025-03-30T03:33:22.545+0000] {logging_mixin.py:190} INFO - [2025-03-30T03:33:22.545+0000] {dag.py:3239} INFO - Sync 1 DAGs
[2025-03-30T03:33:22.550+0000] {logging_mixin.py:190} INFO - [2025-03-30T03:33:22.550+0000] {dag.py:4180} INFO - Setting next_dagrun for example_task_group to None, run_after=None
[2025-03-30T03:33:22.556+0000] {processor.py:208} INFO - Processing /home/airflow/.local/lib/python3.12/site-packages/airflow/example_dags/example_task_group.py took 0.027 seconds
[2025-03-30T03:33:53.442+0000] {processor.py:186} INFO - Started process (PID=280) to work on /home/airflow/.local/lib/python3.12/site-packages/airflow/example_dags/example_task_group.py
[2025-03-30T03:33:53.445+0000] {processor.py:914} INFO - Processing file /home/airflow/.local/lib/python3.12/site-packages/airflow/example_dags/example_task_group.py for tasks to queue
[2025-03-30T03:33:53.447+0000] {logging_mixin.py:190} INFO - [2025-03-30T03:33:53.447+0000] {dagbag.py:588} INFO - Filling up the DagBag from /home/airflow/.local/lib/python3.12/site-packages/airflow/example_dags/example_task_group.py
[2025-03-30T03:33:53.451+0000] {processor.py:925} INFO - DAG(s) 'example_task_group' retrieved from /home/airflow/.local/lib/python3.12/site-packages/airflow/example_dags/example_task_group.py
[2025-03-30T03:33:53.459+0000] {logging_mixin.py:190} INFO - [2025-03-30T03:33:53.459+0000] {dag.py:3239} INFO - Sync 1 DAGs
[2025-03-30T03:33:53.465+0000] {logging_mixin.py:190} INFO - [2025-03-30T03:33:53.465+0000] {dag.py:4180} INFO - Setting next_dagrun for example_task_group to None, run_after=None
[2025-03-30T03:33:53.471+0000] {processor.py:208} INFO - Processing /home/airflow/.local/lib/python3.12/site-packages/airflow/example_dags/example_task_group.py took 0.031 seconds
[2025-03-30T03:34:24.555+0000] {processor.py:186} INFO - Started process (PID=343) to work on /home/airflow/.local/lib/python3.12/site-packages/airflow/example_dags/example_task_group.py
[2025-03-30T03:34:24.557+0000] {processor.py:914} INFO - Processing file /home/airflow/.local/lib/python3.12/site-packages/airflow/example_dags/example_task_group.py for tasks to queue
[2025-03-30T03:34:24.558+0000] {logging_mixin.py:190} INFO - [2025-03-30T03:34:24.558+0000] {dagbag.py:588} INFO - Filling up the DagBag from /home/airflow/.local/lib/python3.12/site-packages/airflow/example_dags/example_task_group.py
[2025-03-30T03:34:24.561+0000] {processor.py:925} INFO - DAG(s) 'example_task_group' retrieved from /home/airflow/.local/lib/python3.12/site-packages/airflow/example_dags/example_task_group.py
[2025-03-30T03:34:24.571+0000] {logging_mixin.py:190} INFO - [2025-03-30T03:34:24.571+0000] {dag.py:3239} INFO - Sync 1 DAGs
[2025-03-30T03:34:24.576+0000] {logging_mixin.py:190} INFO - [2025-03-30T03:34:24.576+0000] {dag.py:4180} INFO - Setting next_dagrun for example_task_group to None, run_after=None
[2025-03-30T03:34:24.582+0000] {processor.py:208} INFO - Processing /home/airflow/.local/lib/python3.12/site-packages/airflow/example_dags/example_task_group.py took 0.029 seconds
[2025-03-30T03:34:55.709+0000] {processor.py:186} INFO - Started process (PID=406) to work on /home/airflow/.local/lib/python3.12/site-packages/airflow/example_dags/example_task_group.py
[2025-03-30T03:34:55.711+0000] {processor.py:914} INFO - Processing file /home/airflow/.local/lib/python3.12/site-packages/airflow/example_dags/example_task_group.py for tasks to queue
[2025-03-30T03:34:55.712+0000] {logging_mixin.py:190} INFO - [2025-03-30T03:34:55.712+0000] {dagbag.py:588} INFO - Filling up the DagBag from /home/airflow/.local/lib/python3.12/site-packages/airflow/example_dags/example_task_group.py
[2025-03-30T03:34:55.715+0000] {processor.py:925} INFO - DAG(s) 'example_task_group' retrieved from /home/airflow/.local/lib/python3.12/site-packages/airflow/example_dags/example_task_group.py
[2025-03-30T03:34:55.724+0000] {logging_mixin.py:190} INFO - [2025-03-30T03:34:55.724+0000] {dag.py:3239} INFO - Sync 1 DAGs
[2025-03-30T03:34:55.729+0000] {logging_mixin.py:190} INFO - [2025-03-30T03:34:55.729+0000] {dag.py:4180} INFO - Setting next_dagrun for example_task_group to None, run_after=None
[2025-03-30T03:34:55.735+0000] {processor.py:208} INFO - Processing /home/airflow/.local/lib/python3.12/site-packages/airflow/example_dags/example_task_group.py took 0.028 seconds
[2025-03-30T03:35:26.847+0000] {processor.py:186} INFO - Started process (PID=469) to work on /home/airflow/.local/lib/python3.12/site-packages/airflow/example_dags/example_task_group.py
[2025-03-30T03:35:26.848+0000] {processor.py:914} INFO - Processing file /home/airflow/.local/lib/python3.12/site-packages/airflow/example_dags/example_task_group.py for tasks to queue
[2025-03-30T03:35:26.849+0000] {logging_mixin.py:190} INFO - [2025-03-30T03:35:26.849+0000] {dagbag.py:588} INFO - Filling up the DagBag from /home/airflow/.local/lib/python3.12/site-packages/airflow/example_dags/example_task_group.py
[2025-03-30T03:35:26.852+0000] {processor.py:925} INFO - DAG(s) 'example_task_group' retrieved from /home/airflow/.local/lib/python3.12/site-packages/airflow/example_dags/example_task_group.py
[2025-03-30T03:35:26.862+0000] {logging_mixin.py:190} INFO - [2025-03-30T03:35:26.862+0000] {dag.py:3239} INFO - Sync 1 DAGs
[2025-03-30T03:35:26.867+0000] {logging_mixin.py:190} INFO - [2025-03-30T03:35:26.867+0000] {dag.py:4180} INFO - Setting next_dagrun for example_task_group to None, run_after=None
[2025-03-30T03:35:26.873+0000] {processor.py:208} INFO - Processing /home/airflow/.local/lib/python3.12/site-packages/airflow/example_dags/example_task_group.py took 0.028 seconds
[2025-03-30T03:35:57.956+0000] {processor.py:186} INFO - Started process (PID=531) to work on /home/airflow/.local/lib/python3.12/site-packages/airflow/example_dags/example_task_group.py
[2025-03-30T03:35:57.957+0000] {processor.py:914} INFO - Processing file /home/airflow/.local/lib/python3.12/site-packages/airflow/example_dags/example_task_group.py for tasks to queue
[2025-03-30T03:35:57.961+0000] {logging_mixin.py:190} INFO - [2025-03-30T03:35:57.961+0000] {dagbag.py:588} INFO - Filling up the DagBag from /home/airflow/.local/lib/python3.12/site-packages/airflow/example_dags/example_task_group.py
[2025-03-30T03:35:57.964+0000] {processor.py:925} INFO - DAG(s) 'example_task_group' retrieved from /home/airflow/.local/lib/python3.12/site-packages/airflow/example_dags/example_task_group.py
[2025-03-30T03:35:57.972+0000] {logging_mixin.py:190} INFO - [2025-03-30T03:35:57.972+0000] {dag.py:3239} INFO - Sync 1 DAGs
[2025-03-30T03:35:57.978+0000] {logging_mixin.py:190} INFO - [2025-03-30T03:35:57.978+0000] {dag.py:4180} INFO - Setting next_dagrun for example_task_group to None, run_after=None
[2025-03-30T03:35:57.984+0000] {processor.py:208} INFO - Processing /home/airflow/.local/lib/python3.12/site-packages/airflow/example_dags/example_task_group.py took 0.030 seconds
[2025-03-30T03:36:29.052+0000] {processor.py:186} INFO - Started process (PID=594) to work on /home/airflow/.local/lib/python3.12/site-packages/airflow/example_dags/example_task_group.py
[2025-03-30T03:36:29.052+0000] {processor.py:914} INFO - Processing file /home/airflow/.local/lib/python3.12/site-packages/airflow/example_dags/example_task_group.py for tasks to queue
[2025-03-30T03:36:29.055+0000] {logging_mixin.py:190} INFO - [2025-03-30T03:36:29.055+0000] {dagbag.py:588} INFO - Filling up the DagBag from /home/airflow/.local/lib/python3.12/site-packages/airflow/example_dags/example_task_group.py
[2025-03-30T03:36:29.061+0000] {processor.py:925} INFO - DAG(s) 'example_task_group' retrieved from /home/airflow/.local/lib/python3.12/site-packages/airflow/example_dags/example_task_group.py
[2025-03-30T03:36:29.069+0000] {logging_mixin.py:190} INFO - [2025-03-30T03:36:29.069+0000] {dag.py:3239} INFO - Sync 1 DAGs
[2025-03-30T03:36:29.074+0000] {logging_mixin.py:190} INFO - [2025-03-30T03:36:29.074+0000] {dag.py:4180} INFO - Setting next_dagrun for example_task_group to None, run_after=None
[2025-03-30T03:36:29.079+0000] {processor.py:208} INFO - Processing /home/airflow/.local/lib/python3.12/site-packages/airflow/example_dags/example_task_group.py took 0.030 seconds
[2025-03-30T03:37:00.254+0000] {processor.py:186} INFO - Started process (PID=657) to work on /home/airflow/.local/lib/python3.12/site-packages/airflow/example_dags/example_task_group.py
[2025-03-30T03:37:00.255+0000] {processor.py:914} INFO - Processing file /home/airflow/.local/lib/python3.12/site-packages/airflow/example_dags/example_task_group.py for tasks to queue
[2025-03-30T03:37:00.256+0000] {logging_mixin.py:190} INFO - [2025-03-30T03:37:00.256+0000] {dagbag.py:588} INFO - Filling up the DagBag from /home/airflow/.local/lib/python3.12/site-packages/airflow/example_dags/example_task_group.py
[2025-03-30T03:37:00.259+0000] {processor.py:925} INFO - DAG(s) 'example_task_group' retrieved from /home/airflow/.local/lib/python3.12/site-packages/airflow/example_dags/example_task_group.py
[2025-03-30T03:37:00.267+0000] {logging_mixin.py:190} INFO - [2025-03-30T03:37:00.267+0000] {dag.py:3239} INFO - Sync 1 DAGs
[2025-03-30T03:37:00.272+0000] {logging_mixin.py:190} INFO - [2025-03-30T03:37:00.272+0000] {dag.py:4180} INFO - Setting next_dagrun for example_task_group to None, run_after=None
[2025-03-30T03:37:00.278+0000] {processor.py:208} INFO - Processing /home/airflow/.local/lib/python3.12/site-packages/airflow/example_dags/example_task_group.py took 0.026 seconds
[2025-03-30T03:37:31.286+0000] {processor.py:186} INFO - Started process (PID=720) to work on /home/airflow/.local/lib/python3.12/site-packages/airflow/example_dags/example_task_group.py
[2025-03-30T03:37:31.288+0000] {processor.py:914} INFO - Processing file /home/airflow/.local/lib/python3.12/site-packages/airflow/example_dags/example_task_group.py for tasks to queue
[2025-03-30T03:37:31.292+0000] {logging_mixin.py:190} INFO - [2025-03-30T03:37:31.292+0000] {dagbag.py:588} INFO - Filling up the DagBag from /home/airflow/.local/lib/python3.12/site-packages/airflow/example_dags/example_task_group.py
[2025-03-30T03:37:31.296+0000] {processor.py:925} INFO - DAG(s) 'example_task_group' retrieved from /home/airflow/.local/lib/python3.12/site-packages/airflow/example_dags/example_task_group.py
[2025-03-30T03:37:31.304+0000] {logging_mixin.py:190} INFO - [2025-03-30T03:37:31.304+0000] {dag.py:3239} INFO - Sync 1 DAGs
[2025-03-30T03:37:31.310+0000] {logging_mixin.py:190} INFO - [2025-03-30T03:37:31.310+0000] {dag.py:4180} INFO - Setting next_dagrun for example_task_group to None, run_after=None
[2025-03-30T03:37:31.319+0000] {processor.py:208} INFO - Processing /home/airflow/.local/lib/python3.12/site-packages/airflow/example_dags/example_task_group.py took 0.036 seconds
[2025-03-30T03:38:02.373+0000] {processor.py:186} INFO - Started process (PID=783) to work on /home/airflow/.local/lib/python3.12/site-packages/airflow/example_dags/example_task_group.py
[2025-03-30T03:38:02.375+0000] {processor.py:914} INFO - Processing file /home/airflow/.local/lib/python3.12/site-packages/airflow/example_dags/example_task_group.py for tasks to queue
[2025-03-30T03:38:02.379+0000] {logging_mixin.py:190} INFO - [2025-03-30T03:38:02.379+0000] {dagbag.py:588} INFO - Filling up the DagBag from /home/airflow/.local/lib/python3.12/site-packages/airflow/example_dags/example_task_group.py
[2025-03-30T03:38:02.383+0000] {processor.py:925} INFO - DAG(s) 'example_task_group' retrieved from /home/airflow/.local/lib/python3.12/site-packages/airflow/example_dags/example_task_group.py
[2025-03-30T03:38:02.391+0000] {logging_mixin.py:190} INFO - [2025-03-30T03:38:02.391+0000] {dag.py:3239} INFO - Sync 1 DAGs
[2025-03-30T03:38:02.397+0000] {logging_mixin.py:190} INFO - [2025-03-30T03:38:02.397+0000] {dag.py:4180} INFO - Setting next_dagrun for example_task_group to None, run_after=None
[2025-03-30T03:38:02.403+0000] {processor.py:208} INFO - Processing /home/airflow/.local/lib/python3.12/site-packages/airflow/example_dags/example_task_group.py took 0.033 seconds
