[2025-03-30T03:32:21.041+0000] {processor.py:186} INFO - Started process (PID=81) to work on /home/airflow/.local/lib/python3.12/site-packages/airflow/example_dags/example_complex.py
[2025-03-30T03:32:21.042+0000] {processor.py:914} INFO - Processing file /home/airflow/.local/lib/python3.12/site-packages/airflow/example_dags/example_complex.py for tasks to queue
[2025-03-30T03:32:21.044+0000] {logging_mixin.py:190} INFO - [2025-03-30T03:32:21.044+0000] {dagbag.py:588} INFO - Filling up the DagBag from /home/airflow/.local/lib/python3.12/site-packages/airflow/example_dags/example_complex.py
[2025-03-30T03:32:21.050+0000] {processor.py:925} INFO - DAG(s) 'example_complex' retrieved from /home/airflow/.local/lib/python3.12/site-packages/airflow/example_dags/example_complex.py
[2025-03-30T03:32:21.064+0000] {logging_mixin.py:190} INFO - [2025-03-30T03:32:21.064+0000] {dag.py:3239} INFO - Sync 1 DAGs
[2025-03-30T03:32:21.071+0000] {logging_mixin.py:190} INFO - [2025-03-30T03:32:21.070+0000] {dag.py:4180} INFO - Setting next_dagrun for example_complex to None, run_after=None
[2025-03-30T03:32:21.078+0000] {processor.py:208} INFO - Processing /home/airflow/.local/lib/python3.12/site-packages/airflow/example_dags/example_complex.py took 0.041 seconds
[2025-03-30T03:32:51.257+0000] {processor.py:186} INFO - Started process (PID=144) to work on /home/airflow/.local/lib/python3.12/site-packages/airflow/example_dags/example_complex.py
[2025-03-30T03:32:51.258+0000] {processor.py:914} INFO - Processing file /home/airflow/.local/lib/python3.12/site-packages/airflow/example_dags/example_complex.py for tasks to queue
[2025-03-30T03:32:51.260+0000] {logging_mixin.py:190} INFO - [2025-03-30T03:32:51.260+0000] {dagbag.py:588} INFO - Filling up the DagBag from /home/airflow/.local/lib/python3.12/site-packages/airflow/example_dags/example_complex.py
[2025-03-30T03:32:51.264+0000] {processor.py:925} INFO - DAG(s) 'example_complex' retrieved from /home/airflow/.local/lib/python3.12/site-packages/airflow/example_dags/example_complex.py
[2025-03-30T03:32:51.274+0000] {logging_mixin.py:190} INFO - [2025-03-30T03:32:51.274+0000] {dag.py:3239} INFO - Sync 1 DAGs
[2025-03-30T03:32:51.279+0000] {logging_mixin.py:190} INFO - [2025-03-30T03:32:51.279+0000] {dag.py:4180} INFO - Setting next_dagrun for example_complex to None, run_after=None
[2025-03-30T03:32:51.286+0000] {processor.py:208} INFO - Processing /home/airflow/.local/lib/python3.12/site-packages/airflow/example_dags/example_complex.py took 0.032 seconds
[2025-03-30T03:33:22.325+0000] {processor.py:186} INFO - Started process (PID=207) to work on /home/airflow/.local/lib/python3.12/site-packages/airflow/example_dags/example_complex.py
[2025-03-30T03:33:22.326+0000] {processor.py:914} INFO - Processing file /home/airflow/.local/lib/python3.12/site-packages/airflow/example_dags/example_complex.py for tasks to queue
[2025-03-30T03:33:22.327+0000] {logging_mixin.py:190} INFO - [2025-03-30T03:33:22.326+0000] {dagbag.py:588} INFO - Filling up the DagBag from /home/airflow/.local/lib/python3.12/site-packages/airflow/example_dags/example_complex.py
[2025-03-30T03:33:22.331+0000] {processor.py:925} INFO - DAG(s) 'example_complex' retrieved from /home/airflow/.local/lib/python3.12/site-packages/airflow/example_dags/example_complex.py
[2025-03-30T03:33:22.342+0000] {logging_mixin.py:190} INFO - [2025-03-30T03:33:22.341+0000] {dag.py:3239} INFO - Sync 1 DAGs
[2025-03-30T03:33:22.346+0000] {logging_mixin.py:190} INFO - [2025-03-30T03:33:22.346+0000] {dag.py:4180} INFO - Setting next_dagrun for example_complex to None, run_after=None
[2025-03-30T03:33:22.353+0000] {processor.py:208} INFO - Processing /home/airflow/.local/lib/python3.12/site-packages/airflow/example_dags/example_complex.py took 0.030 seconds
[2025-03-30T03:33:53.249+0000] {processor.py:186} INFO - Started process (PID=270) to work on /home/airflow/.local/lib/python3.12/site-packages/airflow/example_dags/example_complex.py
[2025-03-30T03:33:53.252+0000] {processor.py:914} INFO - Processing file /home/airflow/.local/lib/python3.12/site-packages/airflow/example_dags/example_complex.py for tasks to queue
[2025-03-30T03:33:53.253+0000] {logging_mixin.py:190} INFO - [2025-03-30T03:33:53.253+0000] {dagbag.py:588} INFO - Filling up the DagBag from /home/airflow/.local/lib/python3.12/site-packages/airflow/example_dags/example_complex.py
[2025-03-30T03:33:53.258+0000] {processor.py:925} INFO - DAG(s) 'example_complex' retrieved from /home/airflow/.local/lib/python3.12/site-packages/airflow/example_dags/example_complex.py
[2025-03-30T03:33:53.268+0000] {logging_mixin.py:190} INFO - [2025-03-30T03:33:53.268+0000] {dag.py:3239} INFO - Sync 1 DAGs
[2025-03-30T03:33:53.274+0000] {logging_mixin.py:190} INFO - [2025-03-30T03:33:53.274+0000] {dag.py:4180} INFO - Setting next_dagrun for example_complex to None, run_after=None
[2025-03-30T03:33:53.280+0000] {processor.py:208} INFO - Processing /home/airflow/.local/lib/python3.12/site-packages/airflow/example_dags/example_complex.py took 0.034 seconds
[2025-03-30T03:34:24.336+0000] {processor.py:186} INFO - Started process (PID=333) to work on /home/airflow/.local/lib/python3.12/site-packages/airflow/example_dags/example_complex.py
[2025-03-30T03:34:24.336+0000] {processor.py:914} INFO - Processing file /home/airflow/.local/lib/python3.12/site-packages/airflow/example_dags/example_complex.py for tasks to queue
[2025-03-30T03:34:24.337+0000] {logging_mixin.py:190} INFO - [2025-03-30T03:34:24.337+0000] {dagbag.py:588} INFO - Filling up the DagBag from /home/airflow/.local/lib/python3.12/site-packages/airflow/example_dags/example_complex.py
[2025-03-30T03:34:24.341+0000] {processor.py:925} INFO - DAG(s) 'example_complex' retrieved from /home/airflow/.local/lib/python3.12/site-packages/airflow/example_dags/example_complex.py
[2025-03-30T03:34:24.352+0000] {logging_mixin.py:190} INFO - [2025-03-30T03:34:24.352+0000] {dag.py:3239} INFO - Sync 1 DAGs
[2025-03-30T03:34:24.357+0000] {logging_mixin.py:190} INFO - [2025-03-30T03:34:24.357+0000] {dag.py:4180} INFO - Setting next_dagrun for example_complex to None, run_after=None
[2025-03-30T03:34:24.363+0000] {processor.py:208} INFO - Processing /home/airflow/.local/lib/python3.12/site-packages/airflow/example_dags/example_complex.py took 0.029 seconds
[2025-03-30T03:34:55.497+0000] {processor.py:186} INFO - Started process (PID=396) to work on /home/airflow/.local/lib/python3.12/site-packages/airflow/example_dags/example_complex.py
[2025-03-30T03:34:55.499+0000] {processor.py:914} INFO - Processing file /home/airflow/.local/lib/python3.12/site-packages/airflow/example_dags/example_complex.py for tasks to queue
[2025-03-30T03:34:55.499+0000] {logging_mixin.py:190} INFO - [2025-03-30T03:34:55.499+0000] {dagbag.py:588} INFO - Filling up the DagBag from /home/airflow/.local/lib/python3.12/site-packages/airflow/example_dags/example_complex.py
[2025-03-30T03:34:55.504+0000] {processor.py:925} INFO - DAG(s) 'example_complex' retrieved from /home/airflow/.local/lib/python3.12/site-packages/airflow/example_dags/example_complex.py
[2025-03-30T03:34:55.516+0000] {logging_mixin.py:190} INFO - [2025-03-30T03:34:55.516+0000] {dag.py:3239} INFO - Sync 1 DAGs
[2025-03-30T03:34:55.521+0000] {logging_mixin.py:190} INFO - [2025-03-30T03:34:55.521+0000] {dag.py:4180} INFO - Setting next_dagrun for example_complex to None, run_after=None
[2025-03-30T03:34:55.528+0000] {processor.py:208} INFO - Processing /home/airflow/.local/lib/python3.12/site-packages/airflow/example_dags/example_complex.py took 0.033 seconds
[2025-03-30T03:35:26.649+0000] {processor.py:186} INFO - Started process (PID=459) to work on /home/airflow/.local/lib/python3.12/site-packages/airflow/example_dags/example_complex.py
[2025-03-30T03:35:26.650+0000] {processor.py:914} INFO - Processing file /home/airflow/.local/lib/python3.12/site-packages/airflow/example_dags/example_complex.py for tasks to queue
[2025-03-30T03:35:26.651+0000] {logging_mixin.py:190} INFO - [2025-03-30T03:35:26.651+0000] {dagbag.py:588} INFO - Filling up the DagBag from /home/airflow/.local/lib/python3.12/site-packages/airflow/example_dags/example_complex.py
[2025-03-30T03:35:26.656+0000] {processor.py:925} INFO - DAG(s) 'example_complex' retrieved from /home/airflow/.local/lib/python3.12/site-packages/airflow/example_dags/example_complex.py
[2025-03-30T03:35:26.668+0000] {logging_mixin.py:190} INFO - [2025-03-30T03:35:26.668+0000] {dag.py:3239} INFO - Sync 1 DAGs
[2025-03-30T03:35:26.673+0000] {logging_mixin.py:190} INFO - [2025-03-30T03:35:26.673+0000] {dag.py:4180} INFO - Setting next_dagrun for example_complex to None, run_after=None
[2025-03-30T03:35:26.679+0000] {processor.py:208} INFO - Processing /home/airflow/.local/lib/python3.12/site-packages/airflow/example_dags/example_complex.py took 0.032 seconds
[2025-03-30T03:35:57.753+0000] {processor.py:186} INFO - Started process (PID=521) to work on /home/airflow/.local/lib/python3.12/site-packages/airflow/example_dags/example_complex.py
[2025-03-30T03:35:57.756+0000] {processor.py:914} INFO - Processing file /home/airflow/.local/lib/python3.12/site-packages/airflow/example_dags/example_complex.py for tasks to queue
[2025-03-30T03:35:57.757+0000] {logging_mixin.py:190} INFO - [2025-03-30T03:35:57.757+0000] {dagbag.py:588} INFO - Filling up the DagBag from /home/airflow/.local/lib/python3.12/site-packages/airflow/example_dags/example_complex.py
[2025-03-30T03:35:57.764+0000] {processor.py:925} INFO - DAG(s) 'example_complex' retrieved from /home/airflow/.local/lib/python3.12/site-packages/airflow/example_dags/example_complex.py
[2025-03-30T03:35:57.775+0000] {logging_mixin.py:190} INFO - [2025-03-30T03:35:57.775+0000] {dag.py:3239} INFO - Sync 1 DAGs
[2025-03-30T03:35:57.780+0000] {logging_mixin.py:190} INFO - [2025-03-30T03:35:57.780+0000] {dag.py:4180} INFO - Setting next_dagrun for example_complex to None, run_after=None
[2025-03-30T03:35:57.789+0000] {processor.py:208} INFO - Processing /home/airflow/.local/lib/python3.12/site-packages/airflow/example_dags/example_complex.py took 0.038 seconds
[2025-03-30T03:36:28.840+0000] {processor.py:186} INFO - Started process (PID=584) to work on /home/airflow/.local/lib/python3.12/site-packages/airflow/example_dags/example_complex.py
[2025-03-30T03:36:28.840+0000] {processor.py:914} INFO - Processing file /home/airflow/.local/lib/python3.12/site-packages/airflow/example_dags/example_complex.py for tasks to queue
[2025-03-30T03:36:28.841+0000] {logging_mixin.py:190} INFO - [2025-03-30T03:36:28.841+0000] {dagbag.py:588} INFO - Filling up the DagBag from /home/airflow/.local/lib/python3.12/site-packages/airflow/example_dags/example_complex.py
[2025-03-30T03:36:28.846+0000] {processor.py:925} INFO - DAG(s) 'example_complex' retrieved from /home/airflow/.local/lib/python3.12/site-packages/airflow/example_dags/example_complex.py
[2025-03-30T03:36:28.857+0000] {logging_mixin.py:190} INFO - [2025-03-30T03:36:28.857+0000] {dag.py:3239} INFO - Sync 1 DAGs
[2025-03-30T03:36:28.862+0000] {logging_mixin.py:190} INFO - [2025-03-30T03:36:28.862+0000] {dag.py:4180} INFO - Setting next_dagrun for example_complex to None, run_after=None
[2025-03-30T03:36:28.868+0000] {processor.py:208} INFO - Processing /home/airflow/.local/lib/python3.12/site-packages/airflow/example_dags/example_complex.py took 0.031 seconds
[2025-03-30T03:37:00.034+0000] {processor.py:186} INFO - Started process (PID=647) to work on /home/airflow/.local/lib/python3.12/site-packages/airflow/example_dags/example_complex.py
[2025-03-30T03:37:00.037+0000] {processor.py:914} INFO - Processing file /home/airflow/.local/lib/python3.12/site-packages/airflow/example_dags/example_complex.py for tasks to queue
[2025-03-30T03:37:00.038+0000] {logging_mixin.py:190} INFO - [2025-03-30T03:37:00.038+0000] {dagbag.py:588} INFO - Filling up the DagBag from /home/airflow/.local/lib/python3.12/site-packages/airflow/example_dags/example_complex.py
[2025-03-30T03:37:00.044+0000] {processor.py:925} INFO - DAG(s) 'example_complex' retrieved from /home/airflow/.local/lib/python3.12/site-packages/airflow/example_dags/example_complex.py
[2025-03-30T03:37:00.056+0000] {logging_mixin.py:190} INFO - [2025-03-30T03:37:00.056+0000] {dag.py:3239} INFO - Sync 1 DAGs
[2025-03-30T03:37:00.062+0000] {logging_mixin.py:190} INFO - [2025-03-30T03:37:00.062+0000] {dag.py:4180} INFO - Setting next_dagrun for example_complex to None, run_after=None
[2025-03-30T03:37:00.076+0000] {processor.py:208} INFO - Processing /home/airflow/.local/lib/python3.12/site-packages/airflow/example_dags/example_complex.py took 0.045 seconds
[2025-03-30T03:37:31.095+0000] {processor.py:186} INFO - Started process (PID=710) to work on /home/airflow/.local/lib/python3.12/site-packages/airflow/example_dags/example_complex.py
[2025-03-30T03:37:31.096+0000] {processor.py:914} INFO - Processing file /home/airflow/.local/lib/python3.12/site-packages/airflow/example_dags/example_complex.py for tasks to queue
[2025-03-30T03:37:31.097+0000] {logging_mixin.py:190} INFO - [2025-03-30T03:37:31.097+0000] {dagbag.py:588} INFO - Filling up the DagBag from /home/airflow/.local/lib/python3.12/site-packages/airflow/example_dags/example_complex.py
[2025-03-30T03:37:31.102+0000] {processor.py:925} INFO - DAG(s) 'example_complex' retrieved from /home/airflow/.local/lib/python3.12/site-packages/airflow/example_dags/example_complex.py
[2025-03-30T03:37:31.113+0000] {logging_mixin.py:190} INFO - [2025-03-30T03:37:31.113+0000] {dag.py:3239} INFO - Sync 1 DAGs
[2025-03-30T03:37:31.118+0000] {logging_mixin.py:190} INFO - [2025-03-30T03:37:31.118+0000] {dag.py:4180} INFO - Setting next_dagrun for example_complex to None, run_after=None
[2025-03-30T03:37:31.127+0000] {processor.py:208} INFO - Processing /home/airflow/.local/lib/python3.12/site-packages/airflow/example_dags/example_complex.py took 0.034 seconds
[2025-03-30T03:38:02.180+0000] {processor.py:186} INFO - Started process (PID=773) to work on /home/airflow/.local/lib/python3.12/site-packages/airflow/example_dags/example_complex.py
[2025-03-30T03:38:02.181+0000] {processor.py:914} INFO - Processing file /home/airflow/.local/lib/python3.12/site-packages/airflow/example_dags/example_complex.py for tasks to queue
[2025-03-30T03:38:02.182+0000] {logging_mixin.py:190} INFO - [2025-03-30T03:38:02.182+0000] {dagbag.py:588} INFO - Filling up the DagBag from /home/airflow/.local/lib/python3.12/site-packages/airflow/example_dags/example_complex.py
[2025-03-30T03:38:02.187+0000] {processor.py:925} INFO - DAG(s) 'example_complex' retrieved from /home/airflow/.local/lib/python3.12/site-packages/airflow/example_dags/example_complex.py
[2025-03-30T03:38:02.199+0000] {logging_mixin.py:190} INFO - [2025-03-30T03:38:02.199+0000] {dag.py:3239} INFO - Sync 1 DAGs
[2025-03-30T03:38:02.204+0000] {logging_mixin.py:190} INFO - [2025-03-30T03:38:02.204+0000] {dag.py:4180} INFO - Setting next_dagrun for example_complex to None, run_after=None
[2025-03-30T03:38:02.209+0000] {processor.py:208} INFO - Processing /home/airflow/.local/lib/python3.12/site-packages/airflow/example_dags/example_complex.py took 0.032 seconds
