[2025-03-30T03:32:19.806+0000] {processor.py:186} INFO - Started process (PID=52) to work on /home/airflow/.local/lib/python3.12/site-packages/airflow/example_dags/example_sla_dag.py
[2025-03-30T03:32:19.809+0000] {processor.py:914} INFO - Processing file /home/airflow/.local/lib/python3.12/site-packages/airflow/example_dags/example_sla_dag.py for tasks to queue
[2025-03-30T03:32:19.810+0000] {logging_mixin.py:190} INFO - [2025-03-30T03:32:19.810+0000] {dagbag.py:588} INFO - Filling up the DagBag from /home/airflow/.local/lib/python3.12/site-packages/airflow/example_dags/example_sla_dag.py
[2025-03-30T03:32:19.816+0000] {processor.py:925} INFO - DAG(s) 'example_sla_dag' retrieved from /home/airflow/.local/lib/python3.12/site-packages/airflow/example_dags/example_sla_dag.py
[2025-03-30T03:32:19.829+0000] {logging_mixin.py:190} INFO - [2025-03-30T03:32:19.829+0000] {dag.py:3239} INFO - Sync 1 DAGs
[2025-03-30T03:32:19.843+0000] {logging_mixin.py:190} INFO - [2025-03-30T03:32:19.843+0000] {dag.py:4180} INFO - Setting next_dagrun for example_sla_dag to 2025-03-30 03:30:00+00:00, run_after=2025-03-30 03:32:00+00:00
[2025-03-30T03:32:19.852+0000] {processor.py:208} INFO - Processing /home/airflow/.local/lib/python3.12/site-packages/airflow/example_dags/example_sla_dag.py took 0.049 seconds
[2025-03-30T03:32:50.300+0000] {processor.py:186} INFO - Started process (PID=114) to work on /home/airflow/.local/lib/python3.12/site-packages/airflow/example_dags/example_sla_dag.py
[2025-03-30T03:32:50.303+0000] {processor.py:914} INFO - Processing file /home/airflow/.local/lib/python3.12/site-packages/airflow/example_dags/example_sla_dag.py for tasks to queue
[2025-03-30T03:32:50.304+0000] {logging_mixin.py:190} INFO - [2025-03-30T03:32:50.304+0000] {dagbag.py:588} INFO - Filling up the DagBag from /home/airflow/.local/lib/python3.12/site-packages/airflow/example_dags/example_sla_dag.py
[2025-03-30T03:32:50.308+0000] {processor.py:925} INFO - DAG(s) 'example_sla_dag' retrieved from /home/airflow/.local/lib/python3.12/site-packages/airflow/example_dags/example_sla_dag.py
[2025-03-30T03:32:50.314+0000] {logging_mixin.py:190} INFO - [2025-03-30T03:32:50.314+0000] {dag.py:3239} INFO - Sync 1 DAGs
[2025-03-30T03:32:50.323+0000] {logging_mixin.py:190} INFO - [2025-03-30T03:32:50.323+0000] {dag.py:4180} INFO - Setting next_dagrun for example_sla_dag to 2025-03-30 03:30:00+00:00, run_after=2025-03-30 03:32:00+00:00
[2025-03-30T03:32:50.329+0000] {processor.py:208} INFO - Processing /home/airflow/.local/lib/python3.12/site-packages/airflow/example_dags/example_sla_dag.py took 0.031 seconds
[2025-03-30T03:33:20.453+0000] {processor.py:186} INFO - Started process (PID=177) to work on /home/airflow/.local/lib/python3.12/site-packages/airflow/example_dags/example_sla_dag.py
[2025-03-30T03:33:20.458+0000] {processor.py:914} INFO - Processing file /home/airflow/.local/lib/python3.12/site-packages/airflow/example_dags/example_sla_dag.py for tasks to queue
[2025-03-30T03:33:20.458+0000] {logging_mixin.py:190} INFO - [2025-03-30T03:33:20.458+0000] {dagbag.py:588} INFO - Filling up the DagBag from /home/airflow/.local/lib/python3.12/site-packages/airflow/example_dags/example_sla_dag.py
[2025-03-30T03:33:20.463+0000] {processor.py:925} INFO - DAG(s) 'example_sla_dag' retrieved from /home/airflow/.local/lib/python3.12/site-packages/airflow/example_dags/example_sla_dag.py
[2025-03-30T03:33:20.472+0000] {logging_mixin.py:190} INFO - [2025-03-30T03:33:20.471+0000] {dag.py:3239} INFO - Sync 1 DAGs
[2025-03-30T03:33:20.481+0000] {logging_mixin.py:190} INFO - [2025-03-30T03:33:20.481+0000] {dag.py:4180} INFO - Setting next_dagrun for example_sla_dag to 2025-03-30 03:30:00+00:00, run_after=2025-03-30 03:32:00+00:00
[2025-03-30T03:33:20.487+0000] {processor.py:208} INFO - Processing /home/airflow/.local/lib/python3.12/site-packages/airflow/example_dags/example_sla_dag.py took 0.036 seconds
[2025-03-30T03:33:51.434+0000] {processor.py:186} INFO - Started process (PID=246) to work on /home/airflow/.local/lib/python3.12/site-packages/airflow/example_dags/example_sla_dag.py
[2025-03-30T03:33:51.435+0000] {processor.py:914} INFO - Processing file /home/airflow/.local/lib/python3.12/site-packages/airflow/example_dags/example_sla_dag.py for tasks to queue
[2025-03-30T03:33:51.435+0000] {logging_mixin.py:190} INFO - [2025-03-30T03:33:51.435+0000] {dagbag.py:588} INFO - Filling up the DagBag from /home/airflow/.local/lib/python3.12/site-packages/airflow/example_dags/example_sla_dag.py
[2025-03-30T03:33:51.439+0000] {processor.py:925} INFO - DAG(s) 'example_sla_dag' retrieved from /home/airflow/.local/lib/python3.12/site-packages/airflow/example_dags/example_sla_dag.py
[2025-03-30T03:33:51.446+0000] {logging_mixin.py:190} INFO - [2025-03-30T03:33:51.446+0000] {dag.py:3239} INFO - Sync 1 DAGs
[2025-03-30T03:33:51.453+0000] {logging_mixin.py:190} INFO - [2025-03-30T03:33:51.453+0000] {dag.py:4180} INFO - Setting next_dagrun for example_sla_dag to 2025-03-30 03:30:00+00:00, run_after=2025-03-30 03:32:00+00:00
[2025-03-30T03:33:51.462+0000] {processor.py:208} INFO - Processing /home/airflow/.local/lib/python3.12/site-packages/airflow/example_dags/example_sla_dag.py took 0.030 seconds
[2025-03-30T03:34:22.383+0000] {processor.py:186} INFO - Started process (PID=309) to work on /home/airflow/.local/lib/python3.12/site-packages/airflow/example_dags/example_sla_dag.py
[2025-03-30T03:34:22.383+0000] {processor.py:914} INFO - Processing file /home/airflow/.local/lib/python3.12/site-packages/airflow/example_dags/example_sla_dag.py for tasks to queue
[2025-03-30T03:34:22.384+0000] {logging_mixin.py:190} INFO - [2025-03-30T03:34:22.384+0000] {dagbag.py:588} INFO - Filling up the DagBag from /home/airflow/.local/lib/python3.12/site-packages/airflow/example_dags/example_sla_dag.py
[2025-03-30T03:34:22.388+0000] {processor.py:925} INFO - DAG(s) 'example_sla_dag' retrieved from /home/airflow/.local/lib/python3.12/site-packages/airflow/example_dags/example_sla_dag.py
[2025-03-30T03:34:22.396+0000] {logging_mixin.py:190} INFO - [2025-03-30T03:34:22.396+0000] {dag.py:3239} INFO - Sync 1 DAGs
[2025-03-30T03:34:22.405+0000] {logging_mixin.py:190} INFO - [2025-03-30T03:34:22.405+0000] {dag.py:4180} INFO - Setting next_dagrun for example_sla_dag to 2025-03-30 03:32:00+00:00, run_after=2025-03-30 03:34:00+00:00
[2025-03-30T03:34:22.411+0000] {processor.py:208} INFO - Processing /home/airflow/.local/lib/python3.12/site-packages/airflow/example_dags/example_sla_dag.py took 0.030 seconds
[2025-03-30T03:34:52.627+0000] {processor.py:186} INFO - Started process (PID=372) to work on /home/airflow/.local/lib/python3.12/site-packages/airflow/example_dags/example_sla_dag.py
[2025-03-30T03:34:52.627+0000] {processor.py:914} INFO - Processing file /home/airflow/.local/lib/python3.12/site-packages/airflow/example_dags/example_sla_dag.py for tasks to queue
[2025-03-30T03:34:52.628+0000] {logging_mixin.py:190} INFO - [2025-03-30T03:34:52.628+0000] {dagbag.py:588} INFO - Filling up the DagBag from /home/airflow/.local/lib/python3.12/site-packages/airflow/example_dags/example_sla_dag.py
[2025-03-30T03:34:52.633+0000] {processor.py:925} INFO - DAG(s) 'example_sla_dag' retrieved from /home/airflow/.local/lib/python3.12/site-packages/airflow/example_dags/example_sla_dag.py
[2025-03-30T03:34:52.640+0000] {logging_mixin.py:190} INFO - [2025-03-30T03:34:52.640+0000] {dag.py:3239} INFO - Sync 1 DAGs
[2025-03-30T03:34:52.647+0000] {logging_mixin.py:190} INFO - [2025-03-30T03:34:52.647+0000] {dag.py:4180} INFO - Setting next_dagrun for example_sla_dag to 2025-03-30 03:32:00+00:00, run_after=2025-03-30 03:34:00+00:00
[2025-03-30T03:34:52.656+0000] {processor.py:208} INFO - Processing /home/airflow/.local/lib/python3.12/site-packages/airflow/example_dags/example_sla_dag.py took 0.032 seconds
[2025-03-30T03:35:22.711+0000] {processor.py:186} INFO - Started process (PID=435) to work on /home/airflow/.local/lib/python3.12/site-packages/airflow/example_dags/example_sla_dag.py
[2025-03-30T03:35:22.711+0000] {processor.py:914} INFO - Processing file /home/airflow/.local/lib/python3.12/site-packages/airflow/example_dags/example_sla_dag.py for tasks to queue
[2025-03-30T03:35:22.712+0000] {logging_mixin.py:190} INFO - [2025-03-30T03:35:22.712+0000] {dagbag.py:588} INFO - Filling up the DagBag from /home/airflow/.local/lib/python3.12/site-packages/airflow/example_dags/example_sla_dag.py
[2025-03-30T03:35:22.717+0000] {processor.py:925} INFO - DAG(s) 'example_sla_dag' retrieved from /home/airflow/.local/lib/python3.12/site-packages/airflow/example_dags/example_sla_dag.py
[2025-03-30T03:35:22.724+0000] {logging_mixin.py:190} INFO - [2025-03-30T03:35:22.724+0000] {dag.py:3239} INFO - Sync 1 DAGs
[2025-03-30T03:35:22.733+0000] {logging_mixin.py:190} INFO - [2025-03-30T03:35:22.733+0000] {dag.py:4180} INFO - Setting next_dagrun for example_sla_dag to 2025-03-30 03:32:00+00:00, run_after=2025-03-30 03:34:00+00:00
[2025-03-30T03:35:22.739+0000] {processor.py:208} INFO - Processing /home/airflow/.local/lib/python3.12/site-packages/airflow/example_dags/example_sla_dag.py took 0.030 seconds
[2025-03-30T03:35:52.824+0000] {processor.py:186} INFO - Started process (PID=497) to work on /home/airflow/.local/lib/python3.12/site-packages/airflow/example_dags/example_sla_dag.py
[2025-03-30T03:35:52.824+0000] {processor.py:914} INFO - Processing file /home/airflow/.local/lib/python3.12/site-packages/airflow/example_dags/example_sla_dag.py for tasks to queue
[2025-03-30T03:35:52.825+0000] {logging_mixin.py:190} INFO - [2025-03-30T03:35:52.825+0000] {dagbag.py:588} INFO - Filling up the DagBag from /home/airflow/.local/lib/python3.12/site-packages/airflow/example_dags/example_sla_dag.py
[2025-03-30T03:35:52.829+0000] {processor.py:925} INFO - DAG(s) 'example_sla_dag' retrieved from /home/airflow/.local/lib/python3.12/site-packages/airflow/example_dags/example_sla_dag.py
[2025-03-30T03:35:52.838+0000] {logging_mixin.py:190} INFO - [2025-03-30T03:35:52.838+0000] {dag.py:3239} INFO - Sync 1 DAGs
[2025-03-30T03:35:52.851+0000] {logging_mixin.py:190} INFO - [2025-03-30T03:35:52.851+0000] {dag.py:4180} INFO - Setting next_dagrun for example_sla_dag to 2025-03-30 03:32:00+00:00, run_after=2025-03-30 03:34:00+00:00
[2025-03-30T03:35:52.857+0000] {processor.py:208} INFO - Processing /home/airflow/.local/lib/python3.12/site-packages/airflow/example_dags/example_sla_dag.py took 0.035 seconds
[2025-03-30T03:36:22.955+0000] {processor.py:186} INFO - Started process (PID=560) to work on /home/airflow/.local/lib/python3.12/site-packages/airflow/example_dags/example_sla_dag.py
[2025-03-30T03:36:22.956+0000] {processor.py:914} INFO - Processing file /home/airflow/.local/lib/python3.12/site-packages/airflow/example_dags/example_sla_dag.py for tasks to queue
[2025-03-30T03:36:22.957+0000] {logging_mixin.py:190} INFO - [2025-03-30T03:36:22.956+0000] {dagbag.py:588} INFO - Filling up the DagBag from /home/airflow/.local/lib/python3.12/site-packages/airflow/example_dags/example_sla_dag.py
[2025-03-30T03:36:22.960+0000] {processor.py:925} INFO - DAG(s) 'example_sla_dag' retrieved from /home/airflow/.local/lib/python3.12/site-packages/airflow/example_dags/example_sla_dag.py
[2025-03-30T03:36:22.967+0000] {logging_mixin.py:190} INFO - [2025-03-30T03:36:22.967+0000] {dag.py:3239} INFO - Sync 1 DAGs
[2025-03-30T03:36:22.975+0000] {logging_mixin.py:190} INFO - [2025-03-30T03:36:22.975+0000] {dag.py:4180} INFO - Setting next_dagrun for example_sla_dag to 2025-03-30 03:34:00+00:00, run_after=2025-03-30 03:36:00+00:00
[2025-03-30T03:36:22.980+0000] {processor.py:208} INFO - Processing /home/airflow/.local/lib/python3.12/site-packages/airflow/example_dags/example_sla_dag.py took 0.027 seconds
[2025-03-30T03:36:53.040+0000] {processor.py:186} INFO - Started process (PID=623) to work on /home/airflow/.local/lib/python3.12/site-packages/airflow/example_dags/example_sla_dag.py
[2025-03-30T03:36:53.041+0000] {processor.py:914} INFO - Processing file /home/airflow/.local/lib/python3.12/site-packages/airflow/example_dags/example_sla_dag.py for tasks to queue
[2025-03-30T03:36:53.042+0000] {logging_mixin.py:190} INFO - [2025-03-30T03:36:53.041+0000] {dagbag.py:588} INFO - Filling up the DagBag from /home/airflow/.local/lib/python3.12/site-packages/airflow/example_dags/example_sla_dag.py
[2025-03-30T03:36:53.046+0000] {processor.py:925} INFO - DAG(s) 'example_sla_dag' retrieved from /home/airflow/.local/lib/python3.12/site-packages/airflow/example_dags/example_sla_dag.py
[2025-03-30T03:36:53.054+0000] {logging_mixin.py:190} INFO - [2025-03-30T03:36:53.054+0000] {dag.py:3239} INFO - Sync 1 DAGs
[2025-03-30T03:36:53.072+0000] {logging_mixin.py:190} INFO - [2025-03-30T03:36:53.072+0000] {dag.py:4180} INFO - Setting next_dagrun for example_sla_dag to 2025-03-30 03:34:00+00:00, run_after=2025-03-30 03:36:00+00:00
[2025-03-30T03:36:53.080+0000] {processor.py:208} INFO - Processing /home/airflow/.local/lib/python3.12/site-packages/airflow/example_dags/example_sla_dag.py took 0.042 seconds
[2025-03-30T03:37:23.193+0000] {processor.py:186} INFO - Started process (PID=686) to work on /home/airflow/.local/lib/python3.12/site-packages/airflow/example_dags/example_sla_dag.py
[2025-03-30T03:37:23.193+0000] {processor.py:914} INFO - Processing file /home/airflow/.local/lib/python3.12/site-packages/airflow/example_dags/example_sla_dag.py for tasks to queue
[2025-03-30T03:37:23.195+0000] {logging_mixin.py:190} INFO - [2025-03-30T03:37:23.194+0000] {dagbag.py:588} INFO - Filling up the DagBag from /home/airflow/.local/lib/python3.12/site-packages/airflow/example_dags/example_sla_dag.py
[2025-03-30T03:37:23.199+0000] {processor.py:925} INFO - DAG(s) 'example_sla_dag' retrieved from /home/airflow/.local/lib/python3.12/site-packages/airflow/example_dags/example_sla_dag.py
[2025-03-30T03:37:23.207+0000] {logging_mixin.py:190} INFO - [2025-03-30T03:37:23.207+0000] {dag.py:3239} INFO - Sync 1 DAGs
[2025-03-30T03:37:23.216+0000] {logging_mixin.py:190} INFO - [2025-03-30T03:37:23.216+0000] {dag.py:4180} INFO - Setting next_dagrun for example_sla_dag to 2025-03-30 03:34:00+00:00, run_after=2025-03-30 03:36:00+00:00
[2025-03-30T03:37:23.221+0000] {processor.py:208} INFO - Processing /home/airflow/.local/lib/python3.12/site-packages/airflow/example_dags/example_sla_dag.py took 0.031 seconds
[2025-03-30T03:37:54.195+0000] {processor.py:186} INFO - Started process (PID=749) to work on /home/airflow/.local/lib/python3.12/site-packages/airflow/example_dags/example_sla_dag.py
[2025-03-30T03:37:54.195+0000] {processor.py:914} INFO - Processing file /home/airflow/.local/lib/python3.12/site-packages/airflow/example_dags/example_sla_dag.py for tasks to queue
[2025-03-30T03:37:54.196+0000] {logging_mixin.py:190} INFO - [2025-03-30T03:37:54.196+0000] {dagbag.py:588} INFO - Filling up the DagBag from /home/airflow/.local/lib/python3.12/site-packages/airflow/example_dags/example_sla_dag.py
[2025-03-30T03:37:54.200+0000] {processor.py:925} INFO - DAG(s) 'example_sla_dag' retrieved from /home/airflow/.local/lib/python3.12/site-packages/airflow/example_dags/example_sla_dag.py
[2025-03-30T03:37:54.206+0000] {logging_mixin.py:190} INFO - [2025-03-30T03:37:54.206+0000] {dag.py:3239} INFO - Sync 1 DAGs
[2025-03-30T03:37:54.214+0000] {logging_mixin.py:190} INFO - [2025-03-30T03:37:54.214+0000] {dag.py:4180} INFO - Setting next_dagrun for example_sla_dag to 2025-03-30 03:34:00+00:00, run_after=2025-03-30 03:36:00+00:00
[2025-03-30T03:37:54.221+0000] {processor.py:208} INFO - Processing /home/airflow/.local/lib/python3.12/site-packages/airflow/example_dags/example_sla_dag.py took 0.029 seconds
