[2025-03-30T03:32:20.990+0000] {processor.py:186} INFO - Started process (PID=79) to work on /home/airflow/.local/lib/python3.12/site-packages/airflow/example_dags/example_latest_only_with_trigger.py
[2025-03-30T03:32:20.991+0000] {processor.py:914} INFO - Processing file /home/airflow/.local/lib/python3.12/site-packages/airflow/example_dags/example_latest_only_with_trigger.py for tasks to queue
[2025-03-30T03:32:20.991+0000] {logging_mixin.py:190} INFO - [2025-03-30T03:32:20.991+0000] {dagbag.py:588} INFO - Filling up the DagBag from /home/airflow/.local/lib/python3.12/site-packages/airflow/example_dags/example_latest_only_with_trigger.py
[2025-03-30T03:32:20.995+0000] {processor.py:925} INFO - DAG(s) 'latest_only_with_trigger' retrieved from /home/airflow/.local/lib/python3.12/site-packages/airflow/example_dags/example_latest_only_with_trigger.py
[2025-03-30T03:32:21.003+0000] {logging_mixin.py:190} INFO - [2025-03-30T03:32:21.003+0000] {dag.py:3239} INFO - Sync 1 DAGs
[2025-03-30T03:32:21.015+0000] {logging_mixin.py:190} INFO - [2025-03-30T03:32:21.015+0000] {dag.py:4180} INFO - Setting next_dagrun for latest_only_with_trigger to 2025-03-29 20:00:00+00:00, run_after=2025-03-30 00:00:00+00:00
[2025-03-30T03:32:21.022+0000] {processor.py:208} INFO - Processing /home/airflow/.local/lib/python3.12/site-packages/airflow/example_dags/example_latest_only_with_trigger.py took 0.034 seconds
[2025-03-30T03:32:51.209+0000] {processor.py:186} INFO - Started process (PID=142) to work on /home/airflow/.local/lib/python3.12/site-packages/airflow/example_dags/example_latest_only_with_trigger.py
[2025-03-30T03:32:51.212+0000] {processor.py:914} INFO - Processing file /home/airflow/.local/lib/python3.12/site-packages/airflow/example_dags/example_latest_only_with_trigger.py for tasks to queue
[2025-03-30T03:32:51.214+0000] {logging_mixin.py:190} INFO - [2025-03-30T03:32:51.214+0000] {dagbag.py:588} INFO - Filling up the DagBag from /home/airflow/.local/lib/python3.12/site-packages/airflow/example_dags/example_latest_only_with_trigger.py
[2025-03-30T03:32:51.218+0000] {processor.py:925} INFO - DAG(s) 'latest_only_with_trigger' retrieved from /home/airflow/.local/lib/python3.12/site-packages/airflow/example_dags/example_latest_only_with_trigger.py
[2025-03-30T03:32:51.226+0000] {logging_mixin.py:190} INFO - [2025-03-30T03:32:51.226+0000] {dag.py:3239} INFO - Sync 1 DAGs
[2025-03-30T03:32:51.234+0000] {logging_mixin.py:190} INFO - [2025-03-30T03:32:51.234+0000] {dag.py:4180} INFO - Setting next_dagrun for latest_only_with_trigger to 2025-03-29 20:00:00+00:00, run_after=2025-03-30 00:00:00+00:00
[2025-03-30T03:32:51.241+0000] {processor.py:208} INFO - Processing /home/airflow/.local/lib/python3.12/site-packages/airflow/example_dags/example_latest_only_with_trigger.py took 0.034 seconds
[2025-03-30T03:33:22.286+0000] {processor.py:186} INFO - Started process (PID=205) to work on /home/airflow/.local/lib/python3.12/site-packages/airflow/example_dags/example_latest_only_with_trigger.py
[2025-03-30T03:33:22.286+0000] {processor.py:914} INFO - Processing file /home/airflow/.local/lib/python3.12/site-packages/airflow/example_dags/example_latest_only_with_trigger.py for tasks to queue
[2025-03-30T03:33:22.287+0000] {logging_mixin.py:190} INFO - [2025-03-30T03:33:22.287+0000] {dagbag.py:588} INFO - Filling up the DagBag from /home/airflow/.local/lib/python3.12/site-packages/airflow/example_dags/example_latest_only_with_trigger.py
[2025-03-30T03:33:22.291+0000] {processor.py:925} INFO - DAG(s) 'latest_only_with_trigger' retrieved from /home/airflow/.local/lib/python3.12/site-packages/airflow/example_dags/example_latest_only_with_trigger.py
[2025-03-30T03:33:22.301+0000] {logging_mixin.py:190} INFO - [2025-03-30T03:33:22.301+0000] {dag.py:3239} INFO - Sync 1 DAGs
[2025-03-30T03:33:22.309+0000] {logging_mixin.py:190} INFO - [2025-03-30T03:33:22.309+0000] {dag.py:4180} INFO - Setting next_dagrun for latest_only_with_trigger to 2025-03-29 20:00:00+00:00, run_after=2025-03-30 00:00:00+00:00
[2025-03-30T03:33:22.315+0000] {processor.py:208} INFO - Processing /home/airflow/.local/lib/python3.12/site-packages/airflow/example_dags/example_latest_only_with_trigger.py took 0.031 seconds
[2025-03-30T03:33:53.210+0000] {processor.py:186} INFO - Started process (PID=268) to work on /home/airflow/.local/lib/python3.12/site-packages/airflow/example_dags/example_latest_only_with_trigger.py
[2025-03-30T03:33:53.211+0000] {processor.py:914} INFO - Processing file /home/airflow/.local/lib/python3.12/site-packages/airflow/example_dags/example_latest_only_with_trigger.py for tasks to queue
[2025-03-30T03:33:53.212+0000] {logging_mixin.py:190} INFO - [2025-03-30T03:33:53.212+0000] {dagbag.py:588} INFO - Filling up the DagBag from /home/airflow/.local/lib/python3.12/site-packages/airflow/example_dags/example_latest_only_with_trigger.py
[2025-03-30T03:33:53.215+0000] {processor.py:925} INFO - DAG(s) 'latest_only_with_trigger' retrieved from /home/airflow/.local/lib/python3.12/site-packages/airflow/example_dags/example_latest_only_with_trigger.py
[2025-03-30T03:33:53.223+0000] {logging_mixin.py:190} INFO - [2025-03-30T03:33:53.223+0000] {dag.py:3239} INFO - Sync 1 DAGs
[2025-03-30T03:33:53.232+0000] {logging_mixin.py:190} INFO - [2025-03-30T03:33:53.232+0000] {dag.py:4180} INFO - Setting next_dagrun for latest_only_with_trigger to 2025-03-29 20:00:00+00:00, run_after=2025-03-30 00:00:00+00:00
[2025-03-30T03:33:53.238+0000] {processor.py:208} INFO - Processing /home/airflow/.local/lib/python3.12/site-packages/airflow/example_dags/example_latest_only_with_trigger.py took 0.030 seconds
[2025-03-30T03:34:24.298+0000] {processor.py:186} INFO - Started process (PID=331) to work on /home/airflow/.local/lib/python3.12/site-packages/airflow/example_dags/example_latest_only_with_trigger.py
[2025-03-30T03:34:24.298+0000] {processor.py:914} INFO - Processing file /home/airflow/.local/lib/python3.12/site-packages/airflow/example_dags/example_latest_only_with_trigger.py for tasks to queue
[2025-03-30T03:34:24.299+0000] {logging_mixin.py:190} INFO - [2025-03-30T03:34:24.299+0000] {dagbag.py:588} INFO - Filling up the DagBag from /home/airflow/.local/lib/python3.12/site-packages/airflow/example_dags/example_latest_only_with_trigger.py
[2025-03-30T03:34:24.302+0000] {processor.py:925} INFO - DAG(s) 'latest_only_with_trigger' retrieved from /home/airflow/.local/lib/python3.12/site-packages/airflow/example_dags/example_latest_only_with_trigger.py
[2025-03-30T03:34:24.312+0000] {logging_mixin.py:190} INFO - [2025-03-30T03:34:24.312+0000] {dag.py:3239} INFO - Sync 1 DAGs
[2025-03-30T03:34:24.320+0000] {logging_mixin.py:190} INFO - [2025-03-30T03:34:24.320+0000] {dag.py:4180} INFO - Setting next_dagrun for latest_only_with_trigger to 2025-03-29 20:00:00+00:00, run_after=2025-03-30 00:00:00+00:00
[2025-03-30T03:34:24.326+0000] {processor.py:208} INFO - Processing /home/airflow/.local/lib/python3.12/site-packages/airflow/example_dags/example_latest_only_with_trigger.py took 0.031 seconds
[2025-03-30T03:34:55.454+0000] {processor.py:186} INFO - Started process (PID=394) to work on /home/airflow/.local/lib/python3.12/site-packages/airflow/example_dags/example_latest_only_with_trigger.py
[2025-03-30T03:34:55.456+0000] {processor.py:914} INFO - Processing file /home/airflow/.local/lib/python3.12/site-packages/airflow/example_dags/example_latest_only_with_trigger.py for tasks to queue
[2025-03-30T03:34:55.457+0000] {logging_mixin.py:190} INFO - [2025-03-30T03:34:55.457+0000] {dagbag.py:588} INFO - Filling up the DagBag from /home/airflow/.local/lib/python3.12/site-packages/airflow/example_dags/example_latest_only_with_trigger.py
[2025-03-30T03:34:55.460+0000] {processor.py:925} INFO - DAG(s) 'latest_only_with_trigger' retrieved from /home/airflow/.local/lib/python3.12/site-packages/airflow/example_dags/example_latest_only_with_trigger.py
[2025-03-30T03:34:55.467+0000] {logging_mixin.py:190} INFO - [2025-03-30T03:34:55.467+0000] {dag.py:3239} INFO - Sync 1 DAGs
[2025-03-30T03:34:55.477+0000] {logging_mixin.py:190} INFO - [2025-03-30T03:34:55.477+0000] {dag.py:4180} INFO - Setting next_dagrun for latest_only_with_trigger to 2025-03-29 20:00:00+00:00, run_after=2025-03-30 00:00:00+00:00
[2025-03-30T03:34:55.483+0000] {processor.py:208} INFO - Processing /home/airflow/.local/lib/python3.12/site-packages/airflow/example_dags/example_latest_only_with_trigger.py took 0.032 seconds
[2025-03-30T03:35:26.604+0000] {processor.py:186} INFO - Started process (PID=457) to work on /home/airflow/.local/lib/python3.12/site-packages/airflow/example_dags/example_latest_only_with_trigger.py
[2025-03-30T03:35:26.607+0000] {processor.py:914} INFO - Processing file /home/airflow/.local/lib/python3.12/site-packages/airflow/example_dags/example_latest_only_with_trigger.py for tasks to queue
[2025-03-30T03:35:26.607+0000] {logging_mixin.py:190} INFO - [2025-03-30T03:35:26.607+0000] {dagbag.py:588} INFO - Filling up the DagBag from /home/airflow/.local/lib/python3.12/site-packages/airflow/example_dags/example_latest_only_with_trigger.py
[2025-03-30T03:35:26.611+0000] {processor.py:925} INFO - DAG(s) 'latest_only_with_trigger' retrieved from /home/airflow/.local/lib/python3.12/site-packages/airflow/example_dags/example_latest_only_with_trigger.py
[2025-03-30T03:35:26.618+0000] {logging_mixin.py:190} INFO - [2025-03-30T03:35:26.618+0000] {dag.py:3239} INFO - Sync 1 DAGs
[2025-03-30T03:35:26.628+0000] {logging_mixin.py:190} INFO - [2025-03-30T03:35:26.628+0000] {dag.py:4180} INFO - Setting next_dagrun for latest_only_with_trigger to 2025-03-29 20:00:00+00:00, run_after=2025-03-30 00:00:00+00:00
[2025-03-30T03:35:26.635+0000] {processor.py:208} INFO - Processing /home/airflow/.local/lib/python3.12/site-packages/airflow/example_dags/example_latest_only_with_trigger.py took 0.033 seconds
[2025-03-30T03:35:57.714+0000] {processor.py:186} INFO - Started process (PID=519) to work on /home/airflow/.local/lib/python3.12/site-packages/airflow/example_dags/example_latest_only_with_trigger.py
[2025-03-30T03:35:57.716+0000] {processor.py:914} INFO - Processing file /home/airflow/.local/lib/python3.12/site-packages/airflow/example_dags/example_latest_only_with_trigger.py for tasks to queue
[2025-03-30T03:35:57.717+0000] {logging_mixin.py:190} INFO - [2025-03-30T03:35:57.717+0000] {dagbag.py:588} INFO - Filling up the DagBag from /home/airflow/.local/lib/python3.12/site-packages/airflow/example_dags/example_latest_only_with_trigger.py
[2025-03-30T03:35:57.720+0000] {processor.py:925} INFO - DAG(s) 'latest_only_with_trigger' retrieved from /home/airflow/.local/lib/python3.12/site-packages/airflow/example_dags/example_latest_only_with_trigger.py
[2025-03-30T03:35:57.728+0000] {logging_mixin.py:190} INFO - [2025-03-30T03:35:57.728+0000] {dag.py:3239} INFO - Sync 1 DAGs
[2025-03-30T03:35:57.737+0000] {logging_mixin.py:190} INFO - [2025-03-30T03:35:57.737+0000] {dag.py:4180} INFO - Setting next_dagrun for latest_only_with_trigger to 2025-03-29 20:00:00+00:00, run_after=2025-03-30 00:00:00+00:00
[2025-03-30T03:35:57.743+0000] {processor.py:208} INFO - Processing /home/airflow/.local/lib/python3.12/site-packages/airflow/example_dags/example_latest_only_with_trigger.py took 0.031 seconds
[2025-03-30T03:36:28.790+0000] {processor.py:186} INFO - Started process (PID=582) to work on /home/airflow/.local/lib/python3.12/site-packages/airflow/example_dags/example_latest_only_with_trigger.py
[2025-03-30T03:36:28.790+0000] {processor.py:914} INFO - Processing file /home/airflow/.local/lib/python3.12/site-packages/airflow/example_dags/example_latest_only_with_trigger.py for tasks to queue
[2025-03-30T03:36:28.792+0000] {logging_mixin.py:190} INFO - [2025-03-30T03:36:28.792+0000] {dagbag.py:588} INFO - Filling up the DagBag from /home/airflow/.local/lib/python3.12/site-packages/airflow/example_dags/example_latest_only_with_trigger.py
[2025-03-30T03:36:28.798+0000] {processor.py:925} INFO - DAG(s) 'latest_only_with_trigger' retrieved from /home/airflow/.local/lib/python3.12/site-packages/airflow/example_dags/example_latest_only_with_trigger.py
[2025-03-30T03:36:28.806+0000] {logging_mixin.py:190} INFO - [2025-03-30T03:36:28.806+0000] {dag.py:3239} INFO - Sync 1 DAGs
[2025-03-30T03:36:28.816+0000] {logging_mixin.py:190} INFO - [2025-03-30T03:36:28.816+0000] {dag.py:4180} INFO - Setting next_dagrun for latest_only_with_trigger to 2025-03-29 20:00:00+00:00, run_after=2025-03-30 00:00:00+00:00
[2025-03-30T03:36:28.823+0000] {processor.py:208} INFO - Processing /home/airflow/.local/lib/python3.12/site-packages/airflow/example_dags/example_latest_only_with_trigger.py took 0.035 seconds
[2025-03-30T03:36:59.992+0000] {processor.py:186} INFO - Started process (PID=645) to work on /home/airflow/.local/lib/python3.12/site-packages/airflow/example_dags/example_latest_only_with_trigger.py
[2025-03-30T03:36:59.995+0000] {processor.py:914} INFO - Processing file /home/airflow/.local/lib/python3.12/site-packages/airflow/example_dags/example_latest_only_with_trigger.py for tasks to queue
[2025-03-30T03:36:59.997+0000] {logging_mixin.py:190} INFO - [2025-03-30T03:36:59.996+0000] {dagbag.py:588} INFO - Filling up the DagBag from /home/airflow/.local/lib/python3.12/site-packages/airflow/example_dags/example_latest_only_with_trigger.py
[2025-03-30T03:36:59.999+0000] {processor.py:925} INFO - DAG(s) 'latest_only_with_trigger' retrieved from /home/airflow/.local/lib/python3.12/site-packages/airflow/example_dags/example_latest_only_with_trigger.py
[2025-03-30T03:37:00.007+0000] {logging_mixin.py:190} INFO - [2025-03-30T03:37:00.007+0000] {dag.py:3239} INFO - Sync 1 DAGs
[2025-03-30T03:37:00.017+0000] {logging_mixin.py:190} INFO - [2025-03-30T03:37:00.017+0000] {dag.py:4180} INFO - Setting next_dagrun for latest_only_with_trigger to 2025-03-29 20:00:00+00:00, run_after=2025-03-30 00:00:00+00:00
[2025-03-30T03:37:00.023+0000] {processor.py:208} INFO - Processing /home/airflow/.local/lib/python3.12/site-packages/airflow/example_dags/example_latest_only_with_trigger.py took 0.033 seconds
[2025-03-30T03:37:31.048+0000] {processor.py:186} INFO - Started process (PID=708) to work on /home/airflow/.local/lib/python3.12/site-packages/airflow/example_dags/example_latest_only_with_trigger.py
[2025-03-30T03:37:31.049+0000] {processor.py:914} INFO - Processing file /home/airflow/.local/lib/python3.12/site-packages/airflow/example_dags/example_latest_only_with_trigger.py for tasks to queue
[2025-03-30T03:37:31.053+0000] {logging_mixin.py:190} INFO - [2025-03-30T03:37:31.053+0000] {dagbag.py:588} INFO - Filling up the DagBag from /home/airflow/.local/lib/python3.12/site-packages/airflow/example_dags/example_latest_only_with_trigger.py
[2025-03-30T03:37:31.056+0000] {processor.py:925} INFO - DAG(s) 'latest_only_with_trigger' retrieved from /home/airflow/.local/lib/python3.12/site-packages/airflow/example_dags/example_latest_only_with_trigger.py
[2025-03-30T03:37:31.063+0000] {logging_mixin.py:190} INFO - [2025-03-30T03:37:31.063+0000] {dag.py:3239} INFO - Sync 1 DAGs
[2025-03-30T03:37:31.073+0000] {logging_mixin.py:190} INFO - [2025-03-30T03:37:31.073+0000] {dag.py:4180} INFO - Setting next_dagrun for latest_only_with_trigger to 2025-03-29 20:00:00+00:00, run_after=2025-03-30 00:00:00+00:00
[2025-03-30T03:37:31.079+0000] {processor.py:208} INFO - Processing /home/airflow/.local/lib/python3.12/site-packages/airflow/example_dags/example_latest_only_with_trigger.py took 0.034 seconds
[2025-03-30T03:38:02.135+0000] {processor.py:186} INFO - Started process (PID=771) to work on /home/airflow/.local/lib/python3.12/site-packages/airflow/example_dags/example_latest_only_with_trigger.py
[2025-03-30T03:38:02.135+0000] {processor.py:914} INFO - Processing file /home/airflow/.local/lib/python3.12/site-packages/airflow/example_dags/example_latest_only_with_trigger.py for tasks to queue
[2025-03-30T03:38:02.136+0000] {logging_mixin.py:190} INFO - [2025-03-30T03:38:02.136+0000] {dagbag.py:588} INFO - Filling up the DagBag from /home/airflow/.local/lib/python3.12/site-packages/airflow/example_dags/example_latest_only_with_trigger.py
[2025-03-30T03:38:02.140+0000] {processor.py:925} INFO - DAG(s) 'latest_only_with_trigger' retrieved from /home/airflow/.local/lib/python3.12/site-packages/airflow/example_dags/example_latest_only_with_trigger.py
[2025-03-30T03:38:02.147+0000] {logging_mixin.py:190} INFO - [2025-03-30T03:38:02.147+0000] {dag.py:3239} INFO - Sync 1 DAGs
[2025-03-30T03:38:02.156+0000] {logging_mixin.py:190} INFO - [2025-03-30T03:38:02.156+0000] {dag.py:4180} INFO - Setting next_dagrun for latest_only_with_trigger to 2025-03-29 20:00:00+00:00, run_after=2025-03-30 00:00:00+00:00
[2025-03-30T03:38:02.162+0000] {processor.py:208} INFO - Processing /home/airflow/.local/lib/python3.12/site-packages/airflow/example_dags/example_latest_only_with_trigger.py took 0.029 seconds
[2025-03-30T11:24:53.441+0000] {processor.py:186} INFO - Started process (PID=80) to work on /home/airflow/.local/lib/python3.12/site-packages/airflow/example_dags/example_latest_only_with_trigger.py
[2025-03-30T11:24:53.442+0000] {processor.py:914} INFO - Processing file /home/airflow/.local/lib/python3.12/site-packages/airflow/example_dags/example_latest_only_with_trigger.py for tasks to queue
[2025-03-30T11:24:53.444+0000] {logging_mixin.py:190} INFO - [2025-03-30T11:24:53.444+0000] {dagbag.py:588} INFO - Filling up the DagBag from /home/airflow/.local/lib/python3.12/site-packages/airflow/example_dags/example_latest_only_with_trigger.py
[2025-03-30T11:24:53.449+0000] {processor.py:925} INFO - DAG(s) 'latest_only_with_trigger' retrieved from /home/airflow/.local/lib/python3.12/site-packages/airflow/example_dags/example_latest_only_with_trigger.py
[2025-03-30T11:24:53.457+0000] {logging_mixin.py:190} INFO - [2025-03-30T11:24:53.457+0000] {dag.py:3239} INFO - Sync 1 DAGs
[2025-03-30T11:24:53.466+0000] {logging_mixin.py:190} INFO - [2025-03-30T11:24:53.466+0000] {dag.py:4180} INFO - Setting next_dagrun for latest_only_with_trigger to 2025-03-30 04:00:00+00:00, run_after=2025-03-30 08:00:00+00:00
[2025-03-30T11:24:53.475+0000] {processor.py:208} INFO - Processing /home/airflow/.local/lib/python3.12/site-packages/airflow/example_dags/example_latest_only_with_trigger.py took 0.036 seconds
[2025-03-30T11:25:23.758+0000] {processor.py:186} INFO - Started process (PID=144) to work on /home/airflow/.local/lib/python3.12/site-packages/airflow/example_dags/example_latest_only_with_trigger.py
[2025-03-30T11:25:23.760+0000] {processor.py:914} INFO - Processing file /home/airflow/.local/lib/python3.12/site-packages/airflow/example_dags/example_latest_only_with_trigger.py for tasks to queue
[2025-03-30T11:25:23.761+0000] {logging_mixin.py:190} INFO - [2025-03-30T11:25:23.761+0000] {dagbag.py:588} INFO - Filling up the DagBag from /home/airflow/.local/lib/python3.12/site-packages/airflow/example_dags/example_latest_only_with_trigger.py
[2025-03-30T11:25:23.765+0000] {processor.py:925} INFO - DAG(s) 'latest_only_with_trigger' retrieved from /home/airflow/.local/lib/python3.12/site-packages/airflow/example_dags/example_latest_only_with_trigger.py
[2025-03-30T11:25:23.775+0000] {logging_mixin.py:190} INFO - [2025-03-30T11:25:23.775+0000] {dag.py:3239} INFO - Sync 1 DAGs
[2025-03-30T11:25:23.789+0000] {logging_mixin.py:190} INFO - [2025-03-30T11:25:23.789+0000] {dag.py:4180} INFO - Setting next_dagrun for latest_only_with_trigger to 2025-03-30 04:00:00+00:00, run_after=2025-03-30 08:00:00+00:00
[2025-03-30T11:25:23.796+0000] {processor.py:208} INFO - Processing /home/airflow/.local/lib/python3.12/site-packages/airflow/example_dags/example_latest_only_with_trigger.py took 0.041 seconds
[2025-03-30T11:25:54.094+0000] {processor.py:186} INFO - Started process (PID=208) to work on /home/airflow/.local/lib/python3.12/site-packages/airflow/example_dags/example_latest_only_with_trigger.py
[2025-03-30T11:25:54.095+0000] {processor.py:914} INFO - Processing file /home/airflow/.local/lib/python3.12/site-packages/airflow/example_dags/example_latest_only_with_trigger.py for tasks to queue
[2025-03-30T11:25:54.096+0000] {logging_mixin.py:190} INFO - [2025-03-30T11:25:54.095+0000] {dagbag.py:588} INFO - Filling up the DagBag from /home/airflow/.local/lib/python3.12/site-packages/airflow/example_dags/example_latest_only_with_trigger.py
[2025-03-30T11:25:54.099+0000] {processor.py:925} INFO - DAG(s) 'latest_only_with_trigger' retrieved from /home/airflow/.local/lib/python3.12/site-packages/airflow/example_dags/example_latest_only_with_trigger.py
[2025-03-30T11:25:54.106+0000] {logging_mixin.py:190} INFO - [2025-03-30T11:25:54.106+0000] {dag.py:3239} INFO - Sync 1 DAGs
[2025-03-30T11:25:54.114+0000] {logging_mixin.py:190} INFO - [2025-03-30T11:25:54.114+0000] {dag.py:4180} INFO - Setting next_dagrun for latest_only_with_trigger to 2025-03-30 04:00:00+00:00, run_after=2025-03-30 08:00:00+00:00
[2025-03-30T11:25:54.126+0000] {processor.py:208} INFO - Processing /home/airflow/.local/lib/python3.12/site-packages/airflow/example_dags/example_latest_only_with_trigger.py took 0.033 seconds
[2025-03-30T11:26:25.457+0000] {processor.py:186} INFO - Started process (PID=272) to work on /home/airflow/.local/lib/python3.12/site-packages/airflow/example_dags/example_latest_only_with_trigger.py
[2025-03-30T11:26:25.458+0000] {processor.py:914} INFO - Processing file /home/airflow/.local/lib/python3.12/site-packages/airflow/example_dags/example_latest_only_with_trigger.py for tasks to queue
[2025-03-30T11:26:25.459+0000] {logging_mixin.py:190} INFO - [2025-03-30T11:26:25.458+0000] {dagbag.py:588} INFO - Filling up the DagBag from /home/airflow/.local/lib/python3.12/site-packages/airflow/example_dags/example_latest_only_with_trigger.py
[2025-03-30T11:26:25.461+0000] {processor.py:925} INFO - DAG(s) 'latest_only_with_trigger' retrieved from /home/airflow/.local/lib/python3.12/site-packages/airflow/example_dags/example_latest_only_with_trigger.py
[2025-03-30T11:26:25.473+0000] {logging_mixin.py:190} INFO - [2025-03-30T11:26:25.473+0000] {dag.py:3239} INFO - Sync 1 DAGs
[2025-03-30T11:26:25.483+0000] {logging_mixin.py:190} INFO - [2025-03-30T11:26:25.483+0000] {dag.py:4180} INFO - Setting next_dagrun for latest_only_with_trigger to 2025-03-30 04:00:00+00:00, run_after=2025-03-30 08:00:00+00:00
[2025-03-30T11:26:25.495+0000] {processor.py:208} INFO - Processing /home/airflow/.local/lib/python3.12/site-packages/airflow/example_dags/example_latest_only_with_trigger.py took 0.040 seconds
[2025-03-30T11:26:55.802+0000] {processor.py:186} INFO - Started process (PID=336) to work on /home/airflow/.local/lib/python3.12/site-packages/airflow/example_dags/example_latest_only_with_trigger.py
[2025-03-30T11:26:55.802+0000] {processor.py:914} INFO - Processing file /home/airflow/.local/lib/python3.12/site-packages/airflow/example_dags/example_latest_only_with_trigger.py for tasks to queue
[2025-03-30T11:26:55.803+0000] {logging_mixin.py:190} INFO - [2025-03-30T11:26:55.803+0000] {dagbag.py:588} INFO - Filling up the DagBag from /home/airflow/.local/lib/python3.12/site-packages/airflow/example_dags/example_latest_only_with_trigger.py
[2025-03-30T11:26:55.806+0000] {processor.py:925} INFO - DAG(s) 'latest_only_with_trigger' retrieved from /home/airflow/.local/lib/python3.12/site-packages/airflow/example_dags/example_latest_only_with_trigger.py
[2025-03-30T11:26:55.819+0000] {logging_mixin.py:190} INFO - [2025-03-30T11:26:55.819+0000] {dag.py:3239} INFO - Sync 1 DAGs
[2025-03-30T11:26:55.827+0000] {logging_mixin.py:190} INFO - [2025-03-30T11:26:55.827+0000] {dag.py:4180} INFO - Setting next_dagrun for latest_only_with_trigger to 2025-03-30 04:00:00+00:00, run_after=2025-03-30 08:00:00+00:00
[2025-03-30T11:26:55.839+0000] {processor.py:208} INFO - Processing /home/airflow/.local/lib/python3.12/site-packages/airflow/example_dags/example_latest_only_with_trigger.py took 0.040 seconds
[2025-03-30T11:27:26.118+0000] {processor.py:186} INFO - Started process (PID=400) to work on /home/airflow/.local/lib/python3.12/site-packages/airflow/example_dags/example_latest_only_with_trigger.py
[2025-03-30T11:27:26.119+0000] {processor.py:914} INFO - Processing file /home/airflow/.local/lib/python3.12/site-packages/airflow/example_dags/example_latest_only_with_trigger.py for tasks to queue
[2025-03-30T11:27:26.119+0000] {logging_mixin.py:190} INFO - [2025-03-30T11:27:26.119+0000] {dagbag.py:588} INFO - Filling up the DagBag from /home/airflow/.local/lib/python3.12/site-packages/airflow/example_dags/example_latest_only_with_trigger.py
[2025-03-30T11:27:26.122+0000] {processor.py:925} INFO - DAG(s) 'latest_only_with_trigger' retrieved from /home/airflow/.local/lib/python3.12/site-packages/airflow/example_dags/example_latest_only_with_trigger.py
[2025-03-30T11:27:26.129+0000] {logging_mixin.py:190} INFO - [2025-03-30T11:27:26.129+0000] {dag.py:3239} INFO - Sync 1 DAGs
[2025-03-30T11:27:26.136+0000] {logging_mixin.py:190} INFO - [2025-03-30T11:27:26.136+0000] {dag.py:4180} INFO - Setting next_dagrun for latest_only_with_trigger to 2025-03-30 04:00:00+00:00, run_after=2025-03-30 08:00:00+00:00
[2025-03-30T11:27:26.141+0000] {processor.py:208} INFO - Processing /home/airflow/.local/lib/python3.12/site-packages/airflow/example_dags/example_latest_only_with_trigger.py took 0.025 seconds
[2025-03-30T11:27:57.267+0000] {processor.py:186} INFO - Started process (PID=464) to work on /home/airflow/.local/lib/python3.12/site-packages/airflow/example_dags/example_latest_only_with_trigger.py
[2025-03-30T11:27:57.269+0000] {processor.py:914} INFO - Processing file /home/airflow/.local/lib/python3.12/site-packages/airflow/example_dags/example_latest_only_with_trigger.py for tasks to queue
[2025-03-30T11:27:57.271+0000] {logging_mixin.py:190} INFO - [2025-03-30T11:27:57.271+0000] {dagbag.py:588} INFO - Filling up the DagBag from /home/airflow/.local/lib/python3.12/site-packages/airflow/example_dags/example_latest_only_with_trigger.py
[2025-03-30T11:27:57.274+0000] {processor.py:925} INFO - DAG(s) 'latest_only_with_trigger' retrieved from /home/airflow/.local/lib/python3.12/site-packages/airflow/example_dags/example_latest_only_with_trigger.py
[2025-03-30T11:27:57.284+0000] {logging_mixin.py:190} INFO - [2025-03-30T11:27:57.284+0000] {dag.py:3239} INFO - Sync 1 DAGs
[2025-03-30T11:27:57.293+0000] {logging_mixin.py:190} INFO - [2025-03-30T11:27:57.293+0000] {dag.py:4180} INFO - Setting next_dagrun for latest_only_with_trigger to 2025-03-30 04:00:00+00:00, run_after=2025-03-30 08:00:00+00:00
[2025-03-30T11:27:57.300+0000] {processor.py:208} INFO - Processing /home/airflow/.local/lib/python3.12/site-packages/airflow/example_dags/example_latest_only_with_trigger.py took 0.035 seconds
[2025-03-30T11:28:27.916+0000] {processor.py:186} INFO - Started process (PID=528) to work on /home/airflow/.local/lib/python3.12/site-packages/airflow/example_dags/example_latest_only_with_trigger.py
[2025-03-30T11:28:27.918+0000] {processor.py:914} INFO - Processing file /home/airflow/.local/lib/python3.12/site-packages/airflow/example_dags/example_latest_only_with_trigger.py for tasks to queue
[2025-03-30T11:28:27.919+0000] {logging_mixin.py:190} INFO - [2025-03-30T11:28:27.919+0000] {dagbag.py:588} INFO - Filling up the DagBag from /home/airflow/.local/lib/python3.12/site-packages/airflow/example_dags/example_latest_only_with_trigger.py
[2025-03-30T11:28:27.923+0000] {processor.py:925} INFO - DAG(s) 'latest_only_with_trigger' retrieved from /home/airflow/.local/lib/python3.12/site-packages/airflow/example_dags/example_latest_only_with_trigger.py
[2025-03-30T11:28:27.933+0000] {logging_mixin.py:190} INFO - [2025-03-30T11:28:27.933+0000] {dag.py:3239} INFO - Sync 1 DAGs
[2025-03-30T11:28:27.940+0000] {logging_mixin.py:190} INFO - [2025-03-30T11:28:27.940+0000] {dag.py:4180} INFO - Setting next_dagrun for latest_only_with_trigger to 2025-03-30 04:00:00+00:00, run_after=2025-03-30 08:00:00+00:00
[2025-03-30T11:28:27.948+0000] {processor.py:208} INFO - Processing /home/airflow/.local/lib/python3.12/site-packages/airflow/example_dags/example_latest_only_with_trigger.py took 0.034 seconds
[2025-03-30T11:28:58.373+0000] {processor.py:186} INFO - Started process (PID=593) to work on /home/airflow/.local/lib/python3.12/site-packages/airflow/example_dags/example_latest_only_with_trigger.py
[2025-03-30T11:28:58.375+0000] {processor.py:914} INFO - Processing file /home/airflow/.local/lib/python3.12/site-packages/airflow/example_dags/example_latest_only_with_trigger.py for tasks to queue
[2025-03-30T11:28:58.378+0000] {logging_mixin.py:190} INFO - [2025-03-30T11:28:58.378+0000] {dagbag.py:588} INFO - Filling up the DagBag from /home/airflow/.local/lib/python3.12/site-packages/airflow/example_dags/example_latest_only_with_trigger.py
[2025-03-30T11:28:58.386+0000] {processor.py:925} INFO - DAG(s) 'latest_only_with_trigger' retrieved from /home/airflow/.local/lib/python3.12/site-packages/airflow/example_dags/example_latest_only_with_trigger.py
[2025-03-30T11:28:58.405+0000] {logging_mixin.py:190} INFO - [2025-03-30T11:28:58.405+0000] {dag.py:3239} INFO - Sync 1 DAGs
[2025-03-30T11:28:58.440+0000] {logging_mixin.py:190} INFO - [2025-03-30T11:28:58.440+0000] {dag.py:4180} INFO - Setting next_dagrun for latest_only_with_trigger to 2025-03-30 04:00:00+00:00, run_after=2025-03-30 08:00:00+00:00
[2025-03-30T11:28:58.458+0000] {processor.py:208} INFO - Processing /home/airflow/.local/lib/python3.12/site-packages/airflow/example_dags/example_latest_only_with_trigger.py took 0.089 seconds
[2025-03-30T11:29:29.011+0000] {processor.py:186} INFO - Started process (PID=657) to work on /home/airflow/.local/lib/python3.12/site-packages/airflow/example_dags/example_latest_only_with_trigger.py
[2025-03-30T11:29:29.012+0000] {processor.py:914} INFO - Processing file /home/airflow/.local/lib/python3.12/site-packages/airflow/example_dags/example_latest_only_with_trigger.py for tasks to queue
[2025-03-30T11:29:29.013+0000] {logging_mixin.py:190} INFO - [2025-03-30T11:29:29.012+0000] {dagbag.py:588} INFO - Filling up the DagBag from /home/airflow/.local/lib/python3.12/site-packages/airflow/example_dags/example_latest_only_with_trigger.py
[2025-03-30T11:29:29.015+0000] {processor.py:925} INFO - DAG(s) 'latest_only_with_trigger' retrieved from /home/airflow/.local/lib/python3.12/site-packages/airflow/example_dags/example_latest_only_with_trigger.py
[2025-03-30T11:29:29.024+0000] {logging_mixin.py:190} INFO - [2025-03-30T11:29:29.024+0000] {dag.py:3239} INFO - Sync 1 DAGs
[2025-03-30T11:29:29.031+0000] {logging_mixin.py:190} INFO - [2025-03-30T11:29:29.031+0000] {dag.py:4180} INFO - Setting next_dagrun for latest_only_with_trigger to 2025-03-30 04:00:00+00:00, run_after=2025-03-30 08:00:00+00:00
[2025-03-30T11:29:29.036+0000] {processor.py:208} INFO - Processing /home/airflow/.local/lib/python3.12/site-packages/airflow/example_dags/example_latest_only_with_trigger.py took 0.027 seconds
[2025-03-30T11:29:59.518+0000] {processor.py:186} INFO - Started process (PID=721) to work on /home/airflow/.local/lib/python3.12/site-packages/airflow/example_dags/example_latest_only_with_trigger.py
[2025-03-30T11:29:59.519+0000] {processor.py:914} INFO - Processing file /home/airflow/.local/lib/python3.12/site-packages/airflow/example_dags/example_latest_only_with_trigger.py for tasks to queue
[2025-03-30T11:29:59.519+0000] {logging_mixin.py:190} INFO - [2025-03-30T11:29:59.519+0000] {dagbag.py:588} INFO - Filling up the DagBag from /home/airflow/.local/lib/python3.12/site-packages/airflow/example_dags/example_latest_only_with_trigger.py
[2025-03-30T11:29:59.522+0000] {processor.py:925} INFO - DAG(s) 'latest_only_with_trigger' retrieved from /home/airflow/.local/lib/python3.12/site-packages/airflow/example_dags/example_latest_only_with_trigger.py
[2025-03-30T11:29:59.529+0000] {logging_mixin.py:190} INFO - [2025-03-30T11:29:59.529+0000] {dag.py:3239} INFO - Sync 1 DAGs
[2025-03-30T11:29:59.536+0000] {logging_mixin.py:190} INFO - [2025-03-30T11:29:59.536+0000] {dag.py:4180} INFO - Setting next_dagrun for latest_only_with_trigger to 2025-03-30 04:00:00+00:00, run_after=2025-03-30 08:00:00+00:00
[2025-03-30T11:29:59.541+0000] {processor.py:208} INFO - Processing /home/airflow/.local/lib/python3.12/site-packages/airflow/example_dags/example_latest_only_with_trigger.py took 0.025 seconds
[2025-03-30T11:30:30.745+0000] {processor.py:186} INFO - Started process (PID=785) to work on /home/airflow/.local/lib/python3.12/site-packages/airflow/example_dags/example_latest_only_with_trigger.py
[2025-03-30T11:30:30.747+0000] {processor.py:914} INFO - Processing file /home/airflow/.local/lib/python3.12/site-packages/airflow/example_dags/example_latest_only_with_trigger.py for tasks to queue
[2025-03-30T11:30:30.749+0000] {logging_mixin.py:190} INFO - [2025-03-30T11:30:30.749+0000] {dagbag.py:588} INFO - Filling up the DagBag from /home/airflow/.local/lib/python3.12/site-packages/airflow/example_dags/example_latest_only_with_trigger.py
[2025-03-30T11:30:30.754+0000] {processor.py:925} INFO - DAG(s) 'latest_only_with_trigger' retrieved from /home/airflow/.local/lib/python3.12/site-packages/airflow/example_dags/example_latest_only_with_trigger.py
[2025-03-30T11:30:30.763+0000] {logging_mixin.py:190} INFO - [2025-03-30T11:30:30.763+0000] {dag.py:3239} INFO - Sync 1 DAGs
[2025-03-30T11:30:30.772+0000] {logging_mixin.py:190} INFO - [2025-03-30T11:30:30.772+0000] {dag.py:4180} INFO - Setting next_dagrun for latest_only_with_trigger to 2025-03-30 04:00:00+00:00, run_after=2025-03-30 08:00:00+00:00
[2025-03-30T11:30:30.778+0000] {processor.py:208} INFO - Processing /home/airflow/.local/lib/python3.12/site-packages/airflow/example_dags/example_latest_only_with_trigger.py took 0.036 seconds
[2025-03-30T11:31:01.967+0000] {processor.py:186} INFO - Started process (PID=849) to work on /home/airflow/.local/lib/python3.12/site-packages/airflow/example_dags/example_latest_only_with_trigger.py
[2025-03-30T11:31:01.968+0000] {processor.py:914} INFO - Processing file /home/airflow/.local/lib/python3.12/site-packages/airflow/example_dags/example_latest_only_with_trigger.py for tasks to queue
[2025-03-30T11:31:01.969+0000] {logging_mixin.py:190} INFO - [2025-03-30T11:31:01.969+0000] {dagbag.py:588} INFO - Filling up the DagBag from /home/airflow/.local/lib/python3.12/site-packages/airflow/example_dags/example_latest_only_with_trigger.py
[2025-03-30T11:31:01.973+0000] {processor.py:925} INFO - DAG(s) 'latest_only_with_trigger' retrieved from /home/airflow/.local/lib/python3.12/site-packages/airflow/example_dags/example_latest_only_with_trigger.py
[2025-03-30T11:31:01.984+0000] {logging_mixin.py:190} INFO - [2025-03-30T11:31:01.984+0000] {dag.py:3239} INFO - Sync 1 DAGs
[2025-03-30T11:31:01.992+0000] {logging_mixin.py:190} INFO - [2025-03-30T11:31:01.992+0000] {dag.py:4180} INFO - Setting next_dagrun for latest_only_with_trigger to 2025-03-30 04:00:00+00:00, run_after=2025-03-30 08:00:00+00:00
[2025-03-30T11:31:01.998+0000] {processor.py:208} INFO - Processing /home/airflow/.local/lib/python3.12/site-packages/airflow/example_dags/example_latest_only_with_trigger.py took 0.033 seconds
[2025-03-30T11:31:32.258+0000] {processor.py:186} INFO - Started process (PID=913) to work on /home/airflow/.local/lib/python3.12/site-packages/airflow/example_dags/example_latest_only_with_trigger.py
[2025-03-30T11:31:32.258+0000] {processor.py:914} INFO - Processing file /home/airflow/.local/lib/python3.12/site-packages/airflow/example_dags/example_latest_only_with_trigger.py for tasks to queue
[2025-03-30T11:31:32.260+0000] {logging_mixin.py:190} INFO - [2025-03-30T11:31:32.260+0000] {dagbag.py:588} INFO - Filling up the DagBag from /home/airflow/.local/lib/python3.12/site-packages/airflow/example_dags/example_latest_only_with_trigger.py
[2025-03-30T11:31:32.263+0000] {processor.py:925} INFO - DAG(s) 'latest_only_with_trigger' retrieved from /home/airflow/.local/lib/python3.12/site-packages/airflow/example_dags/example_latest_only_with_trigger.py
[2025-03-30T11:31:32.273+0000] {logging_mixin.py:190} INFO - [2025-03-30T11:31:32.273+0000] {dag.py:3239} INFO - Sync 1 DAGs
[2025-03-30T11:31:32.284+0000] {logging_mixin.py:190} INFO - [2025-03-30T11:31:32.284+0000] {dag.py:4180} INFO - Setting next_dagrun for latest_only_with_trigger to 2025-03-30 04:00:00+00:00, run_after=2025-03-30 08:00:00+00:00
[2025-03-30T11:31:32.292+0000] {processor.py:208} INFO - Processing /home/airflow/.local/lib/python3.12/site-packages/airflow/example_dags/example_latest_only_with_trigger.py took 0.037 seconds
[2025-03-30T11:32:03.496+0000] {processor.py:186} INFO - Started process (PID=976) to work on /home/airflow/.local/lib/python3.12/site-packages/airflow/example_dags/example_latest_only_with_trigger.py
[2025-03-30T11:32:03.499+0000] {processor.py:914} INFO - Processing file /home/airflow/.local/lib/python3.12/site-packages/airflow/example_dags/example_latest_only_with_trigger.py for tasks to queue
[2025-03-30T11:32:03.500+0000] {logging_mixin.py:190} INFO - [2025-03-30T11:32:03.500+0000] {dagbag.py:588} INFO - Filling up the DagBag from /home/airflow/.local/lib/python3.12/site-packages/airflow/example_dags/example_latest_only_with_trigger.py
[2025-03-30T11:32:03.505+0000] {processor.py:925} INFO - DAG(s) 'latest_only_with_trigger' retrieved from /home/airflow/.local/lib/python3.12/site-packages/airflow/example_dags/example_latest_only_with_trigger.py
[2025-03-30T11:32:03.513+0000] {logging_mixin.py:190} INFO - [2025-03-30T11:32:03.512+0000] {dag.py:3239} INFO - Sync 1 DAGs
[2025-03-30T11:32:03.521+0000] {logging_mixin.py:190} INFO - [2025-03-30T11:32:03.521+0000] {dag.py:4180} INFO - Setting next_dagrun for latest_only_with_trigger to 2025-03-30 04:00:00+00:00, run_after=2025-03-30 08:00:00+00:00
[2025-03-30T11:32:03.529+0000] {processor.py:208} INFO - Processing /home/airflow/.local/lib/python3.12/site-packages/airflow/example_dags/example_latest_only_with_trigger.py took 0.036 seconds
[2025-03-30T11:32:34.746+0000] {processor.py:186} INFO - Started process (PID=1040) to work on /home/airflow/.local/lib/python3.12/site-packages/airflow/example_dags/example_latest_only_with_trigger.py
[2025-03-30T11:32:34.747+0000] {processor.py:914} INFO - Processing file /home/airflow/.local/lib/python3.12/site-packages/airflow/example_dags/example_latest_only_with_trigger.py for tasks to queue
[2025-03-30T11:32:34.748+0000] {logging_mixin.py:190} INFO - [2025-03-30T11:32:34.747+0000] {dagbag.py:588} INFO - Filling up the DagBag from /home/airflow/.local/lib/python3.12/site-packages/airflow/example_dags/example_latest_only_with_trigger.py
[2025-03-30T11:32:34.751+0000] {processor.py:925} INFO - DAG(s) 'latest_only_with_trigger' retrieved from /home/airflow/.local/lib/python3.12/site-packages/airflow/example_dags/example_latest_only_with_trigger.py
[2025-03-30T11:32:34.760+0000] {logging_mixin.py:190} INFO - [2025-03-30T11:32:34.760+0000] {dag.py:3239} INFO - Sync 1 DAGs
[2025-03-30T11:32:34.771+0000] {logging_mixin.py:190} INFO - [2025-03-30T11:32:34.771+0000] {dag.py:4180} INFO - Setting next_dagrun for latest_only_with_trigger to 2025-03-30 04:00:00+00:00, run_after=2025-03-30 08:00:00+00:00
[2025-03-30T11:32:34.780+0000] {processor.py:208} INFO - Processing /home/airflow/.local/lib/python3.12/site-packages/airflow/example_dags/example_latest_only_with_trigger.py took 0.036 seconds
[2025-03-30T11:33:05.898+0000] {processor.py:186} INFO - Started process (PID=1104) to work on /home/airflow/.local/lib/python3.12/site-packages/airflow/example_dags/example_latest_only_with_trigger.py
[2025-03-30T11:33:05.898+0000] {processor.py:914} INFO - Processing file /home/airflow/.local/lib/python3.12/site-packages/airflow/example_dags/example_latest_only_with_trigger.py for tasks to queue
[2025-03-30T11:33:05.899+0000] {logging_mixin.py:190} INFO - [2025-03-30T11:33:05.899+0000] {dagbag.py:588} INFO - Filling up the DagBag from /home/airflow/.local/lib/python3.12/site-packages/airflow/example_dags/example_latest_only_with_trigger.py
[2025-03-30T11:33:05.902+0000] {processor.py:925} INFO - DAG(s) 'latest_only_with_trigger' retrieved from /home/airflow/.local/lib/python3.12/site-packages/airflow/example_dags/example_latest_only_with_trigger.py
[2025-03-30T11:33:05.909+0000] {logging_mixin.py:190} INFO - [2025-03-30T11:33:05.909+0000] {dag.py:3239} INFO - Sync 1 DAGs
[2025-03-30T11:33:05.917+0000] {logging_mixin.py:190} INFO - [2025-03-30T11:33:05.917+0000] {dag.py:4180} INFO - Setting next_dagrun for latest_only_with_trigger to 2025-03-30 04:00:00+00:00, run_after=2025-03-30 08:00:00+00:00
[2025-03-30T11:33:05.925+0000] {processor.py:208} INFO - Processing /home/airflow/.local/lib/python3.12/site-packages/airflow/example_dags/example_latest_only_with_trigger.py took 0.030 seconds
[2025-03-30T11:33:37.057+0000] {processor.py:186} INFO - Started process (PID=1168) to work on /home/airflow/.local/lib/python3.12/site-packages/airflow/example_dags/example_latest_only_with_trigger.py
[2025-03-30T11:33:37.057+0000] {processor.py:914} INFO - Processing file /home/airflow/.local/lib/python3.12/site-packages/airflow/example_dags/example_latest_only_with_trigger.py for tasks to queue
[2025-03-30T11:33:37.058+0000] {logging_mixin.py:190} INFO - [2025-03-30T11:33:37.058+0000] {dagbag.py:588} INFO - Filling up the DagBag from /home/airflow/.local/lib/python3.12/site-packages/airflow/example_dags/example_latest_only_with_trigger.py
[2025-03-30T11:33:37.061+0000] {processor.py:925} INFO - DAG(s) 'latest_only_with_trigger' retrieved from /home/airflow/.local/lib/python3.12/site-packages/airflow/example_dags/example_latest_only_with_trigger.py
[2025-03-30T11:33:37.070+0000] {logging_mixin.py:190} INFO - [2025-03-30T11:33:37.070+0000] {dag.py:3239} INFO - Sync 1 DAGs
[2025-03-30T11:33:37.077+0000] {logging_mixin.py:190} INFO - [2025-03-30T11:33:37.077+0000] {dag.py:4180} INFO - Setting next_dagrun for latest_only_with_trigger to 2025-03-30 04:00:00+00:00, run_after=2025-03-30 08:00:00+00:00
[2025-03-30T11:33:37.083+0000] {processor.py:208} INFO - Processing /home/airflow/.local/lib/python3.12/site-packages/airflow/example_dags/example_latest_only_with_trigger.py took 0.028 seconds
[2025-03-30T11:34:08.326+0000] {processor.py:186} INFO - Started process (PID=1232) to work on /home/airflow/.local/lib/python3.12/site-packages/airflow/example_dags/example_latest_only_with_trigger.py
[2025-03-30T11:34:08.328+0000] {processor.py:914} INFO - Processing file /home/airflow/.local/lib/python3.12/site-packages/airflow/example_dags/example_latest_only_with_trigger.py for tasks to queue
[2025-03-30T11:34:08.330+0000] {logging_mixin.py:190} INFO - [2025-03-30T11:34:08.330+0000] {dagbag.py:588} INFO - Filling up the DagBag from /home/airflow/.local/lib/python3.12/site-packages/airflow/example_dags/example_latest_only_with_trigger.py
[2025-03-30T11:34:08.333+0000] {processor.py:925} INFO - DAG(s) 'latest_only_with_trigger' retrieved from /home/airflow/.local/lib/python3.12/site-packages/airflow/example_dags/example_latest_only_with_trigger.py
[2025-03-30T11:34:08.342+0000] {logging_mixin.py:190} INFO - [2025-03-30T11:34:08.342+0000] {dag.py:3239} INFO - Sync 1 DAGs
[2025-03-30T11:34:08.350+0000] {logging_mixin.py:190} INFO - [2025-03-30T11:34:08.350+0000] {dag.py:4180} INFO - Setting next_dagrun for latest_only_with_trigger to 2025-03-30 04:00:00+00:00, run_after=2025-03-30 08:00:00+00:00
[2025-03-30T11:34:08.357+0000] {processor.py:208} INFO - Processing /home/airflow/.local/lib/python3.12/site-packages/airflow/example_dags/example_latest_only_with_trigger.py took 0.033 seconds
[2025-03-30T11:34:39.694+0000] {processor.py:186} INFO - Started process (PID=1296) to work on /home/airflow/.local/lib/python3.12/site-packages/airflow/example_dags/example_latest_only_with_trigger.py
[2025-03-30T11:34:39.695+0000] {processor.py:914} INFO - Processing file /home/airflow/.local/lib/python3.12/site-packages/airflow/example_dags/example_latest_only_with_trigger.py for tasks to queue
[2025-03-30T11:34:39.696+0000] {logging_mixin.py:190} INFO - [2025-03-30T11:34:39.696+0000] {dagbag.py:588} INFO - Filling up the DagBag from /home/airflow/.local/lib/python3.12/site-packages/airflow/example_dags/example_latest_only_with_trigger.py
[2025-03-30T11:34:39.703+0000] {processor.py:925} INFO - DAG(s) 'latest_only_with_trigger' retrieved from /home/airflow/.local/lib/python3.12/site-packages/airflow/example_dags/example_latest_only_with_trigger.py
[2025-03-30T11:34:39.716+0000] {logging_mixin.py:190} INFO - [2025-03-30T11:34:39.716+0000] {dag.py:3239} INFO - Sync 1 DAGs
[2025-03-30T11:34:39.728+0000] {logging_mixin.py:190} INFO - [2025-03-30T11:34:39.728+0000] {dag.py:4180} INFO - Setting next_dagrun for latest_only_with_trigger to 2025-03-30 04:00:00+00:00, run_after=2025-03-30 08:00:00+00:00
[2025-03-30T11:34:39.738+0000] {processor.py:208} INFO - Processing /home/airflow/.local/lib/python3.12/site-packages/airflow/example_dags/example_latest_only_with_trigger.py took 0.047 seconds
[2025-03-30T11:35:10.270+0000] {processor.py:186} INFO - Started process (PID=1360) to work on /home/airflow/.local/lib/python3.12/site-packages/airflow/example_dags/example_latest_only_with_trigger.py
[2025-03-30T11:35:10.271+0000] {processor.py:914} INFO - Processing file /home/airflow/.local/lib/python3.12/site-packages/airflow/example_dags/example_latest_only_with_trigger.py for tasks to queue
[2025-03-30T11:35:10.272+0000] {logging_mixin.py:190} INFO - [2025-03-30T11:35:10.272+0000] {dagbag.py:588} INFO - Filling up the DagBag from /home/airflow/.local/lib/python3.12/site-packages/airflow/example_dags/example_latest_only_with_trigger.py
[2025-03-30T11:35:10.275+0000] {processor.py:925} INFO - DAG(s) 'latest_only_with_trigger' retrieved from /home/airflow/.local/lib/python3.12/site-packages/airflow/example_dags/example_latest_only_with_trigger.py
[2025-03-30T11:35:10.282+0000] {logging_mixin.py:190} INFO - [2025-03-30T11:35:10.282+0000] {dag.py:3239} INFO - Sync 1 DAGs
[2025-03-30T11:35:10.290+0000] {logging_mixin.py:190} INFO - [2025-03-30T11:35:10.290+0000] {dag.py:4180} INFO - Setting next_dagrun for latest_only_with_trigger to 2025-03-30 04:00:00+00:00, run_after=2025-03-30 08:00:00+00:00
[2025-03-30T11:35:10.295+0000] {processor.py:208} INFO - Processing /home/airflow/.local/lib/python3.12/site-packages/airflow/example_dags/example_latest_only_with_trigger.py took 0.027 seconds
[2025-03-30T11:35:40.649+0000] {processor.py:186} INFO - Started process (PID=1424) to work on /home/airflow/.local/lib/python3.12/site-packages/airflow/example_dags/example_latest_only_with_trigger.py
[2025-03-30T11:35:40.651+0000] {processor.py:914} INFO - Processing file /home/airflow/.local/lib/python3.12/site-packages/airflow/example_dags/example_latest_only_with_trigger.py for tasks to queue
[2025-03-30T11:35:40.653+0000] {logging_mixin.py:190} INFO - [2025-03-30T11:35:40.653+0000] {dagbag.py:588} INFO - Filling up the DagBag from /home/airflow/.local/lib/python3.12/site-packages/airflow/example_dags/example_latest_only_with_trigger.py
[2025-03-30T11:35:40.657+0000] {processor.py:925} INFO - DAG(s) 'latest_only_with_trigger' retrieved from /home/airflow/.local/lib/python3.12/site-packages/airflow/example_dags/example_latest_only_with_trigger.py
[2025-03-30T11:35:40.667+0000] {logging_mixin.py:190} INFO - [2025-03-30T11:35:40.667+0000] {dag.py:3239} INFO - Sync 1 DAGs
[2025-03-30T11:35:40.676+0000] {logging_mixin.py:190} INFO - [2025-03-30T11:35:40.676+0000] {dag.py:4180} INFO - Setting next_dagrun for latest_only_with_trigger to 2025-03-30 04:00:00+00:00, run_after=2025-03-30 08:00:00+00:00
[2025-03-30T11:35:40.682+0000] {processor.py:208} INFO - Processing /home/airflow/.local/lib/python3.12/site-packages/airflow/example_dags/example_latest_only_with_trigger.py took 0.035 seconds
[2025-03-30T11:36:12.061+0000] {processor.py:186} INFO - Started process (PID=1488) to work on /home/airflow/.local/lib/python3.12/site-packages/airflow/example_dags/example_latest_only_with_trigger.py
[2025-03-30T11:36:12.061+0000] {processor.py:914} INFO - Processing file /home/airflow/.local/lib/python3.12/site-packages/airflow/example_dags/example_latest_only_with_trigger.py for tasks to queue
[2025-03-30T11:36:12.062+0000] {logging_mixin.py:190} INFO - [2025-03-30T11:36:12.062+0000] {dagbag.py:588} INFO - Filling up the DagBag from /home/airflow/.local/lib/python3.12/site-packages/airflow/example_dags/example_latest_only_with_trigger.py
[2025-03-30T11:36:12.065+0000] {processor.py:925} INFO - DAG(s) 'latest_only_with_trigger' retrieved from /home/airflow/.local/lib/python3.12/site-packages/airflow/example_dags/example_latest_only_with_trigger.py
[2025-03-30T11:36:12.072+0000] {logging_mixin.py:190} INFO - [2025-03-30T11:36:12.072+0000] {dag.py:3239} INFO - Sync 1 DAGs
[2025-03-30T11:36:12.079+0000] {logging_mixin.py:190} INFO - [2025-03-30T11:36:12.079+0000] {dag.py:4180} INFO - Setting next_dagrun for latest_only_with_trigger to 2025-03-30 04:00:00+00:00, run_after=2025-03-30 08:00:00+00:00
[2025-03-30T11:36:12.085+0000] {processor.py:208} INFO - Processing /home/airflow/.local/lib/python3.12/site-packages/airflow/example_dags/example_latest_only_with_trigger.py took 0.026 seconds
[2025-03-30T11:36:42.404+0000] {processor.py:186} INFO - Started process (PID=1552) to work on /home/airflow/.local/lib/python3.12/site-packages/airflow/example_dags/example_latest_only_with_trigger.py
[2025-03-30T11:36:42.405+0000] {processor.py:914} INFO - Processing file /home/airflow/.local/lib/python3.12/site-packages/airflow/example_dags/example_latest_only_with_trigger.py for tasks to queue
[2025-03-30T11:36:42.405+0000] {logging_mixin.py:190} INFO - [2025-03-30T11:36:42.405+0000] {dagbag.py:588} INFO - Filling up the DagBag from /home/airflow/.local/lib/python3.12/site-packages/airflow/example_dags/example_latest_only_with_trigger.py
[2025-03-30T11:36:42.408+0000] {processor.py:925} INFO - DAG(s) 'latest_only_with_trigger' retrieved from /home/airflow/.local/lib/python3.12/site-packages/airflow/example_dags/example_latest_only_with_trigger.py
[2025-03-30T11:36:42.416+0000] {logging_mixin.py:190} INFO - [2025-03-30T11:36:42.416+0000] {dag.py:3239} INFO - Sync 1 DAGs
[2025-03-30T11:36:42.424+0000] {logging_mixin.py:190} INFO - [2025-03-30T11:36:42.424+0000] {dag.py:4180} INFO - Setting next_dagrun for latest_only_with_trigger to 2025-03-30 04:00:00+00:00, run_after=2025-03-30 08:00:00+00:00
[2025-03-30T11:36:42.437+0000] {processor.py:208} INFO - Processing /home/airflow/.local/lib/python3.12/site-packages/airflow/example_dags/example_latest_only_with_trigger.py took 0.035 seconds
[2025-03-30T11:37:13.559+0000] {processor.py:186} INFO - Started process (PID=1616) to work on /home/airflow/.local/lib/python3.12/site-packages/airflow/example_dags/example_latest_only_with_trigger.py
[2025-03-30T11:37:13.559+0000] {processor.py:914} INFO - Processing file /home/airflow/.local/lib/python3.12/site-packages/airflow/example_dags/example_latest_only_with_trigger.py for tasks to queue
[2025-03-30T11:37:13.560+0000] {logging_mixin.py:190} INFO - [2025-03-30T11:37:13.560+0000] {dagbag.py:588} INFO - Filling up the DagBag from /home/airflow/.local/lib/python3.12/site-packages/airflow/example_dags/example_latest_only_with_trigger.py
[2025-03-30T11:37:13.564+0000] {processor.py:925} INFO - DAG(s) 'latest_only_with_trigger' retrieved from /home/airflow/.local/lib/python3.12/site-packages/airflow/example_dags/example_latest_only_with_trigger.py
[2025-03-30T11:37:13.576+0000] {logging_mixin.py:190} INFO - [2025-03-30T11:37:13.576+0000] {dag.py:3239} INFO - Sync 1 DAGs
[2025-03-30T11:37:13.586+0000] {logging_mixin.py:190} INFO - [2025-03-30T11:37:13.586+0000] {dag.py:4180} INFO - Setting next_dagrun for latest_only_with_trigger to 2025-03-30 04:00:00+00:00, run_after=2025-03-30 08:00:00+00:00
[2025-03-30T11:37:13.592+0000] {processor.py:208} INFO - Processing /home/airflow/.local/lib/python3.12/site-packages/airflow/example_dags/example_latest_only_with_trigger.py took 0.036 seconds
[2025-03-30T11:37:44.811+0000] {processor.py:186} INFO - Started process (PID=1680) to work on /home/airflow/.local/lib/python3.12/site-packages/airflow/example_dags/example_latest_only_with_trigger.py
[2025-03-30T11:37:44.811+0000] {processor.py:914} INFO - Processing file /home/airflow/.local/lib/python3.12/site-packages/airflow/example_dags/example_latest_only_with_trigger.py for tasks to queue
[2025-03-30T11:37:44.812+0000] {logging_mixin.py:190} INFO - [2025-03-30T11:37:44.812+0000] {dagbag.py:588} INFO - Filling up the DagBag from /home/airflow/.local/lib/python3.12/site-packages/airflow/example_dags/example_latest_only_with_trigger.py
[2025-03-30T11:37:44.815+0000] {processor.py:925} INFO - DAG(s) 'latest_only_with_trigger' retrieved from /home/airflow/.local/lib/python3.12/site-packages/airflow/example_dags/example_latest_only_with_trigger.py
[2025-03-30T11:37:44.823+0000] {logging_mixin.py:190} INFO - [2025-03-30T11:37:44.823+0000] {dag.py:3239} INFO - Sync 1 DAGs
[2025-03-30T11:37:44.832+0000] {logging_mixin.py:190} INFO - [2025-03-30T11:37:44.832+0000] {dag.py:4180} INFO - Setting next_dagrun for latest_only_with_trigger to 2025-03-30 04:00:00+00:00, run_after=2025-03-30 08:00:00+00:00
[2025-03-30T11:37:44.846+0000] {processor.py:208} INFO - Processing /home/airflow/.local/lib/python3.12/site-packages/airflow/example_dags/example_latest_only_with_trigger.py took 0.038 seconds
[2025-03-30T11:38:16.244+0000] {processor.py:186} INFO - Started process (PID=1744) to work on /home/airflow/.local/lib/python3.12/site-packages/airflow/example_dags/example_latest_only_with_trigger.py
[2025-03-30T11:38:16.245+0000] {processor.py:914} INFO - Processing file /home/airflow/.local/lib/python3.12/site-packages/airflow/example_dags/example_latest_only_with_trigger.py for tasks to queue
[2025-03-30T11:38:16.246+0000] {logging_mixin.py:190} INFO - [2025-03-30T11:38:16.246+0000] {dagbag.py:588} INFO - Filling up the DagBag from /home/airflow/.local/lib/python3.12/site-packages/airflow/example_dags/example_latest_only_with_trigger.py
[2025-03-30T11:38:16.252+0000] {processor.py:925} INFO - DAG(s) 'latest_only_with_trigger' retrieved from /home/airflow/.local/lib/python3.12/site-packages/airflow/example_dags/example_latest_only_with_trigger.py
[2025-03-30T11:38:16.261+0000] {logging_mixin.py:190} INFO - [2025-03-30T11:38:16.260+0000] {dag.py:3239} INFO - Sync 1 DAGs
[2025-03-30T11:38:16.268+0000] {logging_mixin.py:190} INFO - [2025-03-30T11:38:16.268+0000] {dag.py:4180} INFO - Setting next_dagrun for latest_only_with_trigger to 2025-03-30 04:00:00+00:00, run_after=2025-03-30 08:00:00+00:00
[2025-03-30T11:38:16.274+0000] {processor.py:208} INFO - Processing /home/airflow/.local/lib/python3.12/site-packages/airflow/example_dags/example_latest_only_with_trigger.py took 0.033 seconds
[2025-03-30T11:38:46.401+0000] {processor.py:186} INFO - Started process (PID=1808) to work on /home/airflow/.local/lib/python3.12/site-packages/airflow/example_dags/example_latest_only_with_trigger.py
[2025-03-30T11:38:46.402+0000] {processor.py:914} INFO - Processing file /home/airflow/.local/lib/python3.12/site-packages/airflow/example_dags/example_latest_only_with_trigger.py for tasks to queue
[2025-03-30T11:38:46.405+0000] {logging_mixin.py:190} INFO - [2025-03-30T11:38:46.405+0000] {dagbag.py:588} INFO - Filling up the DagBag from /home/airflow/.local/lib/python3.12/site-packages/airflow/example_dags/example_latest_only_with_trigger.py
[2025-03-30T11:38:46.408+0000] {processor.py:925} INFO - DAG(s) 'latest_only_with_trigger' retrieved from /home/airflow/.local/lib/python3.12/site-packages/airflow/example_dags/example_latest_only_with_trigger.py
[2025-03-30T11:38:46.417+0000] {logging_mixin.py:190} INFO - [2025-03-30T11:38:46.417+0000] {dag.py:3239} INFO - Sync 1 DAGs
[2025-03-30T11:38:46.425+0000] {logging_mixin.py:190} INFO - [2025-03-30T11:38:46.425+0000] {dag.py:4180} INFO - Setting next_dagrun for latest_only_with_trigger to 2025-03-30 04:00:00+00:00, run_after=2025-03-30 08:00:00+00:00
[2025-03-30T11:38:46.431+0000] {processor.py:208} INFO - Processing /home/airflow/.local/lib/python3.12/site-packages/airflow/example_dags/example_latest_only_with_trigger.py took 0.032 seconds
[2025-03-30T11:39:17.596+0000] {processor.py:186} INFO - Started process (PID=1872) to work on /home/airflow/.local/lib/python3.12/site-packages/airflow/example_dags/example_latest_only_with_trigger.py
[2025-03-30T11:39:17.597+0000] {processor.py:914} INFO - Processing file /home/airflow/.local/lib/python3.12/site-packages/airflow/example_dags/example_latest_only_with_trigger.py for tasks to queue
[2025-03-30T11:39:17.597+0000] {logging_mixin.py:190} INFO - [2025-03-30T11:39:17.597+0000] {dagbag.py:588} INFO - Filling up the DagBag from /home/airflow/.local/lib/python3.12/site-packages/airflow/example_dags/example_latest_only_with_trigger.py
[2025-03-30T11:39:17.601+0000] {processor.py:925} INFO - DAG(s) 'latest_only_with_trigger' retrieved from /home/airflow/.local/lib/python3.12/site-packages/airflow/example_dags/example_latest_only_with_trigger.py
[2025-03-30T11:39:17.608+0000] {logging_mixin.py:190} INFO - [2025-03-30T11:39:17.608+0000] {dag.py:3239} INFO - Sync 1 DAGs
[2025-03-30T11:39:17.616+0000] {logging_mixin.py:190} INFO - [2025-03-30T11:39:17.616+0000] {dag.py:4180} INFO - Setting next_dagrun for latest_only_with_trigger to 2025-03-30 04:00:00+00:00, run_after=2025-03-30 08:00:00+00:00
[2025-03-30T11:39:17.623+0000] {processor.py:208} INFO - Processing /home/airflow/.local/lib/python3.12/site-packages/airflow/example_dags/example_latest_only_with_trigger.py took 0.030 seconds
[2025-03-30T11:39:48.759+0000] {processor.py:186} INFO - Started process (PID=1936) to work on /home/airflow/.local/lib/python3.12/site-packages/airflow/example_dags/example_latest_only_with_trigger.py
[2025-03-30T11:39:48.760+0000] {processor.py:914} INFO - Processing file /home/airflow/.local/lib/python3.12/site-packages/airflow/example_dags/example_latest_only_with_trigger.py for tasks to queue
[2025-03-30T11:39:48.761+0000] {logging_mixin.py:190} INFO - [2025-03-30T11:39:48.761+0000] {dagbag.py:588} INFO - Filling up the DagBag from /home/airflow/.local/lib/python3.12/site-packages/airflow/example_dags/example_latest_only_with_trigger.py
[2025-03-30T11:39:48.764+0000] {processor.py:925} INFO - DAG(s) 'latest_only_with_trigger' retrieved from /home/airflow/.local/lib/python3.12/site-packages/airflow/example_dags/example_latest_only_with_trigger.py
[2025-03-30T11:39:48.773+0000] {logging_mixin.py:190} INFO - [2025-03-30T11:39:48.773+0000] {dag.py:3239} INFO - Sync 1 DAGs
[2025-03-30T11:39:48.782+0000] {logging_mixin.py:190} INFO - [2025-03-30T11:39:48.782+0000] {dag.py:4180} INFO - Setting next_dagrun for latest_only_with_trigger to 2025-03-30 04:00:00+00:00, run_after=2025-03-30 08:00:00+00:00
[2025-03-30T11:39:48.791+0000] {processor.py:208} INFO - Processing /home/airflow/.local/lib/python3.12/site-packages/airflow/example_dags/example_latest_only_with_trigger.py took 0.034 seconds
[2025-03-30T11:40:19.939+0000] {processor.py:186} INFO - Started process (PID=2000) to work on /home/airflow/.local/lib/python3.12/site-packages/airflow/example_dags/example_latest_only_with_trigger.py
[2025-03-30T11:40:19.942+0000] {processor.py:914} INFO - Processing file /home/airflow/.local/lib/python3.12/site-packages/airflow/example_dags/example_latest_only_with_trigger.py for tasks to queue
[2025-03-30T11:40:19.944+0000] {logging_mixin.py:190} INFO - [2025-03-30T11:40:19.944+0000] {dagbag.py:588} INFO - Filling up the DagBag from /home/airflow/.local/lib/python3.12/site-packages/airflow/example_dags/example_latest_only_with_trigger.py
[2025-03-30T11:40:19.948+0000] {processor.py:925} INFO - DAG(s) 'latest_only_with_trigger' retrieved from /home/airflow/.local/lib/python3.12/site-packages/airflow/example_dags/example_latest_only_with_trigger.py
[2025-03-30T11:40:19.956+0000] {logging_mixin.py:190} INFO - [2025-03-30T11:40:19.955+0000] {dag.py:3239} INFO - Sync 1 DAGs
[2025-03-30T11:40:19.964+0000] {logging_mixin.py:190} INFO - [2025-03-30T11:40:19.963+0000] {dag.py:4180} INFO - Setting next_dagrun for latest_only_with_trigger to 2025-03-30 04:00:00+00:00, run_after=2025-03-30 08:00:00+00:00
[2025-03-30T11:40:19.970+0000] {processor.py:208} INFO - Processing /home/airflow/.local/lib/python3.12/site-packages/airflow/example_dags/example_latest_only_with_trigger.py took 0.033 seconds
[2025-03-30T11:40:51.327+0000] {processor.py:186} INFO - Started process (PID=2064) to work on /home/airflow/.local/lib/python3.12/site-packages/airflow/example_dags/example_latest_only_with_trigger.py
[2025-03-30T11:40:51.327+0000] {processor.py:914} INFO - Processing file /home/airflow/.local/lib/python3.12/site-packages/airflow/example_dags/example_latest_only_with_trigger.py for tasks to queue
[2025-03-30T11:40:51.328+0000] {logging_mixin.py:190} INFO - [2025-03-30T11:40:51.328+0000] {dagbag.py:588} INFO - Filling up the DagBag from /home/airflow/.local/lib/python3.12/site-packages/airflow/example_dags/example_latest_only_with_trigger.py
[2025-03-30T11:40:51.331+0000] {processor.py:925} INFO - DAG(s) 'latest_only_with_trigger' retrieved from /home/airflow/.local/lib/python3.12/site-packages/airflow/example_dags/example_latest_only_with_trigger.py
[2025-03-30T11:40:51.339+0000] {logging_mixin.py:190} INFO - [2025-03-30T11:40:51.339+0000] {dag.py:3239} INFO - Sync 1 DAGs
[2025-03-30T11:40:51.348+0000] {logging_mixin.py:190} INFO - [2025-03-30T11:40:51.348+0000] {dag.py:4180} INFO - Setting next_dagrun for latest_only_with_trigger to 2025-03-30 04:00:00+00:00, run_after=2025-03-30 08:00:00+00:00
[2025-03-30T11:40:51.360+0000] {processor.py:208} INFO - Processing /home/airflow/.local/lib/python3.12/site-packages/airflow/example_dags/example_latest_only_with_trigger.py took 0.035 seconds
[2025-03-30T11:41:22.472+0000] {processor.py:186} INFO - Started process (PID=2128) to work on /home/airflow/.local/lib/python3.12/site-packages/airflow/example_dags/example_latest_only_with_trigger.py
[2025-03-30T11:41:22.473+0000] {processor.py:914} INFO - Processing file /home/airflow/.local/lib/python3.12/site-packages/airflow/example_dags/example_latest_only_with_trigger.py for tasks to queue
[2025-03-30T11:41:22.474+0000] {logging_mixin.py:190} INFO - [2025-03-30T11:41:22.474+0000] {dagbag.py:588} INFO - Filling up the DagBag from /home/airflow/.local/lib/python3.12/site-packages/airflow/example_dags/example_latest_only_with_trigger.py
[2025-03-30T11:41:22.477+0000] {processor.py:925} INFO - DAG(s) 'latest_only_with_trigger' retrieved from /home/airflow/.local/lib/python3.12/site-packages/airflow/example_dags/example_latest_only_with_trigger.py
[2025-03-30T11:41:22.487+0000] {logging_mixin.py:190} INFO - [2025-03-30T11:41:22.487+0000] {dag.py:3239} INFO - Sync 1 DAGs
[2025-03-30T11:41:22.494+0000] {logging_mixin.py:190} INFO - [2025-03-30T11:41:22.494+0000] {dag.py:4180} INFO - Setting next_dagrun for latest_only_with_trigger to 2025-03-30 04:00:00+00:00, run_after=2025-03-30 08:00:00+00:00
[2025-03-30T11:41:22.502+0000] {processor.py:208} INFO - Processing /home/airflow/.local/lib/python3.12/site-packages/airflow/example_dags/example_latest_only_with_trigger.py took 0.032 seconds
[2025-03-30T11:41:53.608+0000] {processor.py:186} INFO - Started process (PID=2192) to work on /home/airflow/.local/lib/python3.12/site-packages/airflow/example_dags/example_latest_only_with_trigger.py
[2025-03-30T11:41:53.610+0000] {processor.py:914} INFO - Processing file /home/airflow/.local/lib/python3.12/site-packages/airflow/example_dags/example_latest_only_with_trigger.py for tasks to queue
[2025-03-30T11:41:53.611+0000] {logging_mixin.py:190} INFO - [2025-03-30T11:41:53.610+0000] {dagbag.py:588} INFO - Filling up the DagBag from /home/airflow/.local/lib/python3.12/site-packages/airflow/example_dags/example_latest_only_with_trigger.py
[2025-03-30T11:41:53.614+0000] {processor.py:925} INFO - DAG(s) 'latest_only_with_trigger' retrieved from /home/airflow/.local/lib/python3.12/site-packages/airflow/example_dags/example_latest_only_with_trigger.py
[2025-03-30T11:41:53.621+0000] {logging_mixin.py:190} INFO - [2025-03-30T11:41:53.621+0000] {dag.py:3239} INFO - Sync 1 DAGs
[2025-03-30T11:41:53.628+0000] {logging_mixin.py:190} INFO - [2025-03-30T11:41:53.628+0000] {dag.py:4180} INFO - Setting next_dagrun for latest_only_with_trigger to 2025-03-30 04:00:00+00:00, run_after=2025-03-30 08:00:00+00:00
[2025-03-30T11:41:53.634+0000] {processor.py:208} INFO - Processing /home/airflow/.local/lib/python3.12/site-packages/airflow/example_dags/example_latest_only_with_trigger.py took 0.029 seconds
[2025-03-30T11:42:24.820+0000] {processor.py:186} INFO - Started process (PID=2262) to work on /home/airflow/.local/lib/python3.12/site-packages/airflow/example_dags/example_latest_only_with_trigger.py
[2025-03-30T11:42:24.822+0000] {processor.py:914} INFO - Processing file /home/airflow/.local/lib/python3.12/site-packages/airflow/example_dags/example_latest_only_with_trigger.py for tasks to queue
[2025-03-30T11:42:24.823+0000] {logging_mixin.py:190} INFO - [2025-03-30T11:42:24.823+0000] {dagbag.py:588} INFO - Filling up the DagBag from /home/airflow/.local/lib/python3.12/site-packages/airflow/example_dags/example_latest_only_with_trigger.py
[2025-03-30T11:42:24.827+0000] {processor.py:925} INFO - DAG(s) 'latest_only_with_trigger' retrieved from /home/airflow/.local/lib/python3.12/site-packages/airflow/example_dags/example_latest_only_with_trigger.py
[2025-03-30T11:42:24.836+0000] {logging_mixin.py:190} INFO - [2025-03-30T11:42:24.836+0000] {dag.py:3239} INFO - Sync 1 DAGs
[2025-03-30T11:42:24.844+0000] {logging_mixin.py:190} INFO - [2025-03-30T11:42:24.844+0000] {dag.py:4180} INFO - Setting next_dagrun for latest_only_with_trigger to 2025-03-30 04:00:00+00:00, run_after=2025-03-30 08:00:00+00:00
[2025-03-30T11:42:24.849+0000] {processor.py:208} INFO - Processing /home/airflow/.local/lib/python3.12/site-packages/airflow/example_dags/example_latest_only_with_trigger.py took 0.031 seconds
[2025-03-30T11:42:55.950+0000] {processor.py:186} INFO - Started process (PID=2325) to work on /home/airflow/.local/lib/python3.12/site-packages/airflow/example_dags/example_latest_only_with_trigger.py
[2025-03-30T11:42:55.951+0000] {processor.py:914} INFO - Processing file /home/airflow/.local/lib/python3.12/site-packages/airflow/example_dags/example_latest_only_with_trigger.py for tasks to queue
[2025-03-30T11:42:55.953+0000] {logging_mixin.py:190} INFO - [2025-03-30T11:42:55.953+0000] {dagbag.py:588} INFO - Filling up the DagBag from /home/airflow/.local/lib/python3.12/site-packages/airflow/example_dags/example_latest_only_with_trigger.py
[2025-03-30T11:42:55.956+0000] {processor.py:925} INFO - DAG(s) 'latest_only_with_trigger' retrieved from /home/airflow/.local/lib/python3.12/site-packages/airflow/example_dags/example_latest_only_with_trigger.py
[2025-03-30T11:42:55.965+0000] {logging_mixin.py:190} INFO - [2025-03-30T11:42:55.965+0000] {dag.py:3239} INFO - Sync 1 DAGs
[2025-03-30T11:42:55.973+0000] {logging_mixin.py:190} INFO - [2025-03-30T11:42:55.973+0000] {dag.py:4180} INFO - Setting next_dagrun for latest_only_with_trigger to 2025-03-30 04:00:00+00:00, run_after=2025-03-30 08:00:00+00:00
[2025-03-30T11:42:55.982+0000] {processor.py:208} INFO - Processing /home/airflow/.local/lib/python3.12/site-packages/airflow/example_dags/example_latest_only_with_trigger.py took 0.034 seconds
[2025-03-30T11:43:27.060+0000] {processor.py:186} INFO - Started process (PID=2389) to work on /home/airflow/.local/lib/python3.12/site-packages/airflow/example_dags/example_latest_only_with_trigger.py
[2025-03-30T11:43:27.062+0000] {processor.py:914} INFO - Processing file /home/airflow/.local/lib/python3.12/site-packages/airflow/example_dags/example_latest_only_with_trigger.py for tasks to queue
[2025-03-30T11:43:27.064+0000] {logging_mixin.py:190} INFO - [2025-03-30T11:43:27.064+0000] {dagbag.py:588} INFO - Filling up the DagBag from /home/airflow/.local/lib/python3.12/site-packages/airflow/example_dags/example_latest_only_with_trigger.py
[2025-03-30T11:43:27.067+0000] {processor.py:925} INFO - DAG(s) 'latest_only_with_trigger' retrieved from /home/airflow/.local/lib/python3.12/site-packages/airflow/example_dags/example_latest_only_with_trigger.py
[2025-03-30T11:43:27.075+0000] {logging_mixin.py:190} INFO - [2025-03-30T11:43:27.074+0000] {dag.py:3239} INFO - Sync 1 DAGs
[2025-03-30T11:43:27.082+0000] {logging_mixin.py:190} INFO - [2025-03-30T11:43:27.082+0000] {dag.py:4180} INFO - Setting next_dagrun for latest_only_with_trigger to 2025-03-30 04:00:00+00:00, run_after=2025-03-30 08:00:00+00:00
[2025-03-30T11:43:27.088+0000] {processor.py:208} INFO - Processing /home/airflow/.local/lib/python3.12/site-packages/airflow/example_dags/example_latest_only_with_trigger.py took 0.030 seconds
[2025-03-30T11:43:58.184+0000] {processor.py:186} INFO - Started process (PID=2452) to work on /home/airflow/.local/lib/python3.12/site-packages/airflow/example_dags/example_latest_only_with_trigger.py
[2025-03-30T11:43:58.184+0000] {processor.py:914} INFO - Processing file /home/airflow/.local/lib/python3.12/site-packages/airflow/example_dags/example_latest_only_with_trigger.py for tasks to queue
[2025-03-30T11:43:58.185+0000] {logging_mixin.py:190} INFO - [2025-03-30T11:43:58.185+0000] {dagbag.py:588} INFO - Filling up the DagBag from /home/airflow/.local/lib/python3.12/site-packages/airflow/example_dags/example_latest_only_with_trigger.py
[2025-03-30T11:43:58.188+0000] {processor.py:925} INFO - DAG(s) 'latest_only_with_trigger' retrieved from /home/airflow/.local/lib/python3.12/site-packages/airflow/example_dags/example_latest_only_with_trigger.py
[2025-03-30T11:43:58.194+0000] {logging_mixin.py:190} INFO - [2025-03-30T11:43:58.194+0000] {dag.py:3239} INFO - Sync 1 DAGs
[2025-03-30T11:43:58.201+0000] {logging_mixin.py:190} INFO - [2025-03-30T11:43:58.201+0000] {dag.py:4180} INFO - Setting next_dagrun for latest_only_with_trigger to 2025-03-30 04:00:00+00:00, run_after=2025-03-30 08:00:00+00:00
[2025-03-30T11:43:58.206+0000] {processor.py:208} INFO - Processing /home/airflow/.local/lib/python3.12/site-packages/airflow/example_dags/example_latest_only_with_trigger.py took 0.024 seconds
[2025-03-30T11:44:29.243+0000] {processor.py:186} INFO - Started process (PID=2516) to work on /home/airflow/.local/lib/python3.12/site-packages/airflow/example_dags/example_latest_only_with_trigger.py
[2025-03-30T11:44:29.244+0000] {processor.py:914} INFO - Processing file /home/airflow/.local/lib/python3.12/site-packages/airflow/example_dags/example_latest_only_with_trigger.py for tasks to queue
[2025-03-30T11:44:29.245+0000] {logging_mixin.py:190} INFO - [2025-03-30T11:44:29.244+0000] {dagbag.py:588} INFO - Filling up the DagBag from /home/airflow/.local/lib/python3.12/site-packages/airflow/example_dags/example_latest_only_with_trigger.py
[2025-03-30T11:44:29.248+0000] {processor.py:925} INFO - DAG(s) 'latest_only_with_trigger' retrieved from /home/airflow/.local/lib/python3.12/site-packages/airflow/example_dags/example_latest_only_with_trigger.py
[2025-03-30T11:44:29.255+0000] {logging_mixin.py:190} INFO - [2025-03-30T11:44:29.255+0000] {dag.py:3239} INFO - Sync 1 DAGs
[2025-03-30T11:44:29.263+0000] {logging_mixin.py:190} INFO - [2025-03-30T11:44:29.262+0000] {dag.py:4180} INFO - Setting next_dagrun for latest_only_with_trigger to 2025-03-30 04:00:00+00:00, run_after=2025-03-30 08:00:00+00:00
[2025-03-30T11:44:29.271+0000] {processor.py:208} INFO - Processing /home/airflow/.local/lib/python3.12/site-packages/airflow/example_dags/example_latest_only_with_trigger.py took 0.030 seconds
