[2025-03-30T03:32:21.406+0000] {processor.py:186} INFO - Started process (PID=94) to work on /home/airflow/.local/lib/python3.12/site-packages/airflow/example_dags/example_workday_timetable.py
[2025-03-30T03:32:21.407+0000] {processor.py:914} INFO - Processing file /home/airflow/.local/lib/python3.12/site-packages/airflow/example_dags/example_workday_timetable.py for tasks to queue
[2025-03-30T03:32:21.408+0000] {logging_mixin.py:190} INFO - [2025-03-30T03:32:21.407+0000] {dagbag.py:588} INFO - Filling up the DagBag from /home/airflow/.local/lib/python3.12/site-packages/airflow/example_dags/example_workday_timetable.py
[2025-03-30T03:32:21.411+0000] {processor.py:925} INFO - DAG(s) 'example_workday_timetable' retrieved from /home/airflow/.local/lib/python3.12/site-packages/airflow/example_dags/example_workday_timetable.py
[2025-03-30T03:32:21.418+0000] {logging_mixin.py:190} INFO - [2025-03-30T03:32:21.418+0000] {dag.py:3239} INFO - Sync 1 DAGs
[2025-03-30T03:32:21.441+0000] {logging_mixin.py:190} INFO - [2025-03-30T03:32:21.441+0000] {dag.py:4180} INFO - Setting next_dagrun for example_workday_timetable to 2021-01-04 00:00:00+00:00, run_after=2021-01-05 00:00:00+00:00
[2025-03-30T03:32:21.448+0000] {processor.py:208} INFO - Processing /home/airflow/.local/lib/python3.12/site-packages/airflow/example_dags/example_workday_timetable.py took 0.044 seconds
[2025-03-30T03:32:51.497+0000] {processor.py:186} INFO - Started process (PID=156) to work on /home/airflow/.local/lib/python3.12/site-packages/airflow/example_dags/example_workday_timetable.py
[2025-03-30T03:32:51.497+0000] {processor.py:914} INFO - Processing file /home/airflow/.local/lib/python3.12/site-packages/airflow/example_dags/example_workday_timetable.py for tasks to queue
[2025-03-30T03:32:51.499+0000] {logging_mixin.py:190} INFO - [2025-03-30T03:32:51.499+0000] {dagbag.py:588} INFO - Filling up the DagBag from /home/airflow/.local/lib/python3.12/site-packages/airflow/example_dags/example_workday_timetable.py
[2025-03-30T03:32:51.501+0000] {processor.py:925} INFO - DAG(s) 'example_workday_timetable' retrieved from /home/airflow/.local/lib/python3.12/site-packages/airflow/example_dags/example_workday_timetable.py
[2025-03-30T03:32:51.509+0000] {logging_mixin.py:190} INFO - [2025-03-30T03:32:51.509+0000] {dag.py:3239} INFO - Sync 1 DAGs
[2025-03-30T03:32:51.527+0000] {logging_mixin.py:190} INFO - [2025-03-30T03:32:51.527+0000] {dag.py:4180} INFO - Setting next_dagrun for example_workday_timetable to 2021-01-04 00:00:00+00:00, run_after=2021-01-05 00:00:00+00:00
[2025-03-30T03:32:51.533+0000] {processor.py:208} INFO - Processing /home/airflow/.local/lib/python3.12/site-packages/airflow/example_dags/example_workday_timetable.py took 0.038 seconds
[2025-03-30T03:33:22.569+0000] {processor.py:186} INFO - Started process (PID=219) to work on /home/airflow/.local/lib/python3.12/site-packages/airflow/example_dags/example_workday_timetable.py
[2025-03-30T03:33:22.570+0000] {processor.py:914} INFO - Processing file /home/airflow/.local/lib/python3.12/site-packages/airflow/example_dags/example_workday_timetable.py for tasks to queue
[2025-03-30T03:33:22.571+0000] {logging_mixin.py:190} INFO - [2025-03-30T03:33:22.571+0000] {dagbag.py:588} INFO - Filling up the DagBag from /home/airflow/.local/lib/python3.12/site-packages/airflow/example_dags/example_workday_timetable.py
[2025-03-30T03:33:22.573+0000] {processor.py:925} INFO - DAG(s) 'example_workday_timetable' retrieved from /home/airflow/.local/lib/python3.12/site-packages/airflow/example_dags/example_workday_timetable.py
[2025-03-30T03:33:22.580+0000] {logging_mixin.py:190} INFO - [2025-03-30T03:33:22.580+0000] {dag.py:3239} INFO - Sync 1 DAGs
[2025-03-30T03:33:22.597+0000] {logging_mixin.py:190} INFO - [2025-03-30T03:33:22.597+0000] {dag.py:4180} INFO - Setting next_dagrun for example_workday_timetable to 2021-01-04 00:00:00+00:00, run_after=2021-01-05 00:00:00+00:00
[2025-03-30T03:33:22.603+0000] {processor.py:208} INFO - Processing /home/airflow/.local/lib/python3.12/site-packages/airflow/example_dags/example_workday_timetable.py took 0.036 seconds
[2025-03-30T03:33:53.480+0000] {processor.py:186} INFO - Started process (PID=282) to work on /home/airflow/.local/lib/python3.12/site-packages/airflow/example_dags/example_workday_timetable.py
[2025-03-30T03:33:53.481+0000] {processor.py:914} INFO - Processing file /home/airflow/.local/lib/python3.12/site-packages/airflow/example_dags/example_workday_timetable.py for tasks to queue
[2025-03-30T03:33:53.482+0000] {logging_mixin.py:190} INFO - [2025-03-30T03:33:53.482+0000] {dagbag.py:588} INFO - Filling up the DagBag from /home/airflow/.local/lib/python3.12/site-packages/airflow/example_dags/example_workday_timetable.py
[2025-03-30T03:33:53.484+0000] {processor.py:925} INFO - DAG(s) 'example_workday_timetable' retrieved from /home/airflow/.local/lib/python3.12/site-packages/airflow/example_dags/example_workday_timetable.py
[2025-03-30T03:33:53.491+0000] {logging_mixin.py:190} INFO - [2025-03-30T03:33:53.491+0000] {dag.py:3239} INFO - Sync 1 DAGs
[2025-03-30T03:33:53.509+0000] {logging_mixin.py:190} INFO - [2025-03-30T03:33:53.509+0000] {dag.py:4180} INFO - Setting next_dagrun for example_workday_timetable to 2021-01-04 00:00:00+00:00, run_after=2021-01-05 00:00:00+00:00
[2025-03-30T03:33:53.514+0000] {processor.py:208} INFO - Processing /home/airflow/.local/lib/python3.12/site-packages/airflow/example_dags/example_workday_timetable.py took 0.036 seconds
[2025-03-30T03:34:24.591+0000] {processor.py:186} INFO - Started process (PID=345) to work on /home/airflow/.local/lib/python3.12/site-packages/airflow/example_dags/example_workday_timetable.py
[2025-03-30T03:34:24.591+0000] {processor.py:914} INFO - Processing file /home/airflow/.local/lib/python3.12/site-packages/airflow/example_dags/example_workday_timetable.py for tasks to queue
[2025-03-30T03:34:24.592+0000] {logging_mixin.py:190} INFO - [2025-03-30T03:34:24.592+0000] {dagbag.py:588} INFO - Filling up the DagBag from /home/airflow/.local/lib/python3.12/site-packages/airflow/example_dags/example_workday_timetable.py
[2025-03-30T03:34:24.594+0000] {processor.py:925} INFO - DAG(s) 'example_workday_timetable' retrieved from /home/airflow/.local/lib/python3.12/site-packages/airflow/example_dags/example_workday_timetable.py
[2025-03-30T03:34:24.602+0000] {logging_mixin.py:190} INFO - [2025-03-30T03:34:24.602+0000] {dag.py:3239} INFO - Sync 1 DAGs
[2025-03-30T03:34:24.621+0000] {logging_mixin.py:190} INFO - [2025-03-30T03:34:24.621+0000] {dag.py:4180} INFO - Setting next_dagrun for example_workday_timetable to 2021-01-04 00:00:00+00:00, run_after=2021-01-05 00:00:00+00:00
[2025-03-30T03:34:24.626+0000] {processor.py:208} INFO - Processing /home/airflow/.local/lib/python3.12/site-packages/airflow/example_dags/example_workday_timetable.py took 0.037 seconds
[2025-03-30T03:34:55.750+0000] {processor.py:186} INFO - Started process (PID=408) to work on /home/airflow/.local/lib/python3.12/site-packages/airflow/example_dags/example_workday_timetable.py
[2025-03-30T03:34:55.751+0000] {processor.py:914} INFO - Processing file /home/airflow/.local/lib/python3.12/site-packages/airflow/example_dags/example_workday_timetable.py for tasks to queue
[2025-03-30T03:34:55.753+0000] {logging_mixin.py:190} INFO - [2025-03-30T03:34:55.753+0000] {dagbag.py:588} INFO - Filling up the DagBag from /home/airflow/.local/lib/python3.12/site-packages/airflow/example_dags/example_workday_timetable.py
[2025-03-30T03:34:55.756+0000] {processor.py:925} INFO - DAG(s) 'example_workday_timetable' retrieved from /home/airflow/.local/lib/python3.12/site-packages/airflow/example_dags/example_workday_timetable.py
[2025-03-30T03:34:55.763+0000] {logging_mixin.py:190} INFO - [2025-03-30T03:34:55.763+0000] {dag.py:3239} INFO - Sync 1 DAGs
[2025-03-30T03:34:55.782+0000] {logging_mixin.py:190} INFO - [2025-03-30T03:34:55.782+0000] {dag.py:4180} INFO - Setting next_dagrun for example_workday_timetable to 2021-01-04 00:00:00+00:00, run_after=2021-01-05 00:00:00+00:00
[2025-03-30T03:34:55.788+0000] {processor.py:208} INFO - Processing /home/airflow/.local/lib/python3.12/site-packages/airflow/example_dags/example_workday_timetable.py took 0.040 seconds
[2025-03-30T03:35:26.883+0000] {processor.py:186} INFO - Started process (PID=471) to work on /home/airflow/.local/lib/python3.12/site-packages/airflow/example_dags/example_workday_timetable.py
[2025-03-30T03:35:26.885+0000] {processor.py:914} INFO - Processing file /home/airflow/.local/lib/python3.12/site-packages/airflow/example_dags/example_workday_timetable.py for tasks to queue
[2025-03-30T03:35:26.886+0000] {logging_mixin.py:190} INFO - [2025-03-30T03:35:26.886+0000] {dagbag.py:588} INFO - Filling up the DagBag from /home/airflow/.local/lib/python3.12/site-packages/airflow/example_dags/example_workday_timetable.py
[2025-03-30T03:35:26.889+0000] {processor.py:925} INFO - DAG(s) 'example_workday_timetable' retrieved from /home/airflow/.local/lib/python3.12/site-packages/airflow/example_dags/example_workday_timetable.py
[2025-03-30T03:35:26.896+0000] {logging_mixin.py:190} INFO - [2025-03-30T03:35:26.896+0000] {dag.py:3239} INFO - Sync 1 DAGs
[2025-03-30T03:35:26.917+0000] {logging_mixin.py:190} INFO - [2025-03-30T03:35:26.916+0000] {dag.py:4180} INFO - Setting next_dagrun for example_workday_timetable to 2021-01-04 00:00:00+00:00, run_after=2021-01-05 00:00:00+00:00
[2025-03-30T03:35:26.922+0000] {processor.py:208} INFO - Processing /home/airflow/.local/lib/python3.12/site-packages/airflow/example_dags/example_workday_timetable.py took 0.042 seconds
[2025-03-30T03:35:57.997+0000] {processor.py:186} INFO - Started process (PID=533) to work on /home/airflow/.local/lib/python3.12/site-packages/airflow/example_dags/example_workday_timetable.py
[2025-03-30T03:35:57.999+0000] {processor.py:914} INFO - Processing file /home/airflow/.local/lib/python3.12/site-packages/airflow/example_dags/example_workday_timetable.py for tasks to queue
[2025-03-30T03:35:58.000+0000] {logging_mixin.py:190} INFO - [2025-03-30T03:35:58.000+0000] {dagbag.py:588} INFO - Filling up the DagBag from /home/airflow/.local/lib/python3.12/site-packages/airflow/example_dags/example_workday_timetable.py
[2025-03-30T03:35:58.002+0000] {processor.py:925} INFO - DAG(s) 'example_workday_timetable' retrieved from /home/airflow/.local/lib/python3.12/site-packages/airflow/example_dags/example_workday_timetable.py
[2025-03-30T03:35:58.011+0000] {logging_mixin.py:190} INFO - [2025-03-30T03:35:58.011+0000] {dag.py:3239} INFO - Sync 1 DAGs
[2025-03-30T03:35:58.030+0000] {logging_mixin.py:190} INFO - [2025-03-30T03:35:58.030+0000] {dag.py:4180} INFO - Setting next_dagrun for example_workday_timetable to 2021-01-04 00:00:00+00:00, run_after=2021-01-05 00:00:00+00:00
[2025-03-30T03:35:58.040+0000] {processor.py:208} INFO - Processing /home/airflow/.local/lib/python3.12/site-packages/airflow/example_dags/example_workday_timetable.py took 0.045 seconds
[2025-03-30T03:36:29.090+0000] {processor.py:186} INFO - Started process (PID=596) to work on /home/airflow/.local/lib/python3.12/site-packages/airflow/example_dags/example_workday_timetable.py
[2025-03-30T03:36:29.090+0000] {processor.py:914} INFO - Processing file /home/airflow/.local/lib/python3.12/site-packages/airflow/example_dags/example_workday_timetable.py for tasks to queue
[2025-03-30T03:36:29.092+0000] {logging_mixin.py:190} INFO - [2025-03-30T03:36:29.091+0000] {dagbag.py:588} INFO - Filling up the DagBag from /home/airflow/.local/lib/python3.12/site-packages/airflow/example_dags/example_workday_timetable.py
[2025-03-30T03:36:29.094+0000] {processor.py:925} INFO - DAG(s) 'example_workday_timetable' retrieved from /home/airflow/.local/lib/python3.12/site-packages/airflow/example_dags/example_workday_timetable.py
[2025-03-30T03:36:29.103+0000] {logging_mixin.py:190} INFO - [2025-03-30T03:36:29.103+0000] {dag.py:3239} INFO - Sync 1 DAGs
[2025-03-30T03:36:29.125+0000] {logging_mixin.py:190} INFO - [2025-03-30T03:36:29.125+0000] {dag.py:4180} INFO - Setting next_dagrun for example_workday_timetable to 2021-01-04 00:00:00+00:00, run_after=2021-01-05 00:00:00+00:00
[2025-03-30T03:36:29.132+0000] {processor.py:208} INFO - Processing /home/airflow/.local/lib/python3.12/site-packages/airflow/example_dags/example_workday_timetable.py took 0.044 seconds
[2025-03-30T03:37:00.288+0000] {processor.py:186} INFO - Started process (PID=659) to work on /home/airflow/.local/lib/python3.12/site-packages/airflow/example_dags/example_workday_timetable.py
[2025-03-30T03:37:00.291+0000] {processor.py:914} INFO - Processing file /home/airflow/.local/lib/python3.12/site-packages/airflow/example_dags/example_workday_timetable.py for tasks to queue
[2025-03-30T03:37:00.293+0000] {logging_mixin.py:190} INFO - [2025-03-30T03:37:00.293+0000] {dagbag.py:588} INFO - Filling up the DagBag from /home/airflow/.local/lib/python3.12/site-packages/airflow/example_dags/example_workday_timetable.py
[2025-03-30T03:37:00.295+0000] {processor.py:925} INFO - DAG(s) 'example_workday_timetable' retrieved from /home/airflow/.local/lib/python3.12/site-packages/airflow/example_dags/example_workday_timetable.py
[2025-03-30T03:37:00.303+0000] {logging_mixin.py:190} INFO - [2025-03-30T03:37:00.303+0000] {dag.py:3239} INFO - Sync 1 DAGs
[2025-03-30T03:37:00.322+0000] {logging_mixin.py:190} INFO - [2025-03-30T03:37:00.322+0000] {dag.py:4180} INFO - Setting next_dagrun for example_workday_timetable to 2021-01-04 00:00:00+00:00, run_after=2021-01-05 00:00:00+00:00
[2025-03-30T03:37:00.328+0000] {processor.py:208} INFO - Processing /home/airflow/.local/lib/python3.12/site-packages/airflow/example_dags/example_workday_timetable.py took 0.042 seconds
[2025-03-30T03:37:31.333+0000] {processor.py:186} INFO - Started process (PID=722) to work on /home/airflow/.local/lib/python3.12/site-packages/airflow/example_dags/example_workday_timetable.py
[2025-03-30T03:37:31.335+0000] {processor.py:914} INFO - Processing file /home/airflow/.local/lib/python3.12/site-packages/airflow/example_dags/example_workday_timetable.py for tasks to queue
[2025-03-30T03:37:31.336+0000] {logging_mixin.py:190} INFO - [2025-03-30T03:37:31.336+0000] {dagbag.py:588} INFO - Filling up the DagBag from /home/airflow/.local/lib/python3.12/site-packages/airflow/example_dags/example_workday_timetable.py
[2025-03-30T03:37:31.339+0000] {processor.py:925} INFO - DAG(s) 'example_workday_timetable' retrieved from /home/airflow/.local/lib/python3.12/site-packages/airflow/example_dags/example_workday_timetable.py
[2025-03-30T03:37:31.347+0000] {logging_mixin.py:190} INFO - [2025-03-30T03:37:31.346+0000] {dag.py:3239} INFO - Sync 1 DAGs
[2025-03-30T03:37:31.366+0000] {logging_mixin.py:190} INFO - [2025-03-30T03:37:31.366+0000] {dag.py:4180} INFO - Setting next_dagrun for example_workday_timetable to 2021-01-04 00:00:00+00:00, run_after=2021-01-05 00:00:00+00:00
[2025-03-30T03:37:31.372+0000] {processor.py:208} INFO - Processing /home/airflow/.local/lib/python3.12/site-packages/airflow/example_dags/example_workday_timetable.py took 0.041 seconds
[2025-03-30T03:38:02.414+0000] {processor.py:186} INFO - Started process (PID=785) to work on /home/airflow/.local/lib/python3.12/site-packages/airflow/example_dags/example_workday_timetable.py
[2025-03-30T03:38:02.417+0000] {processor.py:914} INFO - Processing file /home/airflow/.local/lib/python3.12/site-packages/airflow/example_dags/example_workday_timetable.py for tasks to queue
[2025-03-30T03:38:02.418+0000] {logging_mixin.py:190} INFO - [2025-03-30T03:38:02.417+0000] {dagbag.py:588} INFO - Filling up the DagBag from /home/airflow/.local/lib/python3.12/site-packages/airflow/example_dags/example_workday_timetable.py
[2025-03-30T03:38:02.420+0000] {processor.py:925} INFO - DAG(s) 'example_workday_timetable' retrieved from /home/airflow/.local/lib/python3.12/site-packages/airflow/example_dags/example_workday_timetable.py
[2025-03-30T03:38:02.427+0000] {logging_mixin.py:190} INFO - [2025-03-30T03:38:02.427+0000] {dag.py:3239} INFO - Sync 1 DAGs
[2025-03-30T03:38:02.448+0000] {logging_mixin.py:190} INFO - [2025-03-30T03:38:02.448+0000] {dag.py:4180} INFO - Setting next_dagrun for example_workday_timetable to 2021-01-04 00:00:00+00:00, run_after=2021-01-05 00:00:00+00:00
[2025-03-30T03:38:02.454+0000] {processor.py:208} INFO - Processing /home/airflow/.local/lib/python3.12/site-packages/airflow/example_dags/example_workday_timetable.py took 0.042 seconds
