[2025-03-30T03:32:20.644+0000] {processor.py:186} INFO - Started process (PID=70) to work on /home/airflow/.local/lib/python3.12/site-packages/airflow/example_dags/example_subdag_operator.py
[2025-03-30T03:32:20.645+0000] {processor.py:914} INFO - Processing file /home/airflow/.local/lib/python3.12/site-packages/airflow/example_dags/example_subdag_operator.py for tasks to queue
[2025-03-30T03:32:20.646+0000] {logging_mixin.py:190} INFO - [2025-03-30T03:32:20.646+0000] {dagbag.py:588} INFO - Filling up the DagBag from /home/airflow/.local/lib/python3.12/site-packages/airflow/example_dags/example_subdag_operator.py
[2025-03-30T03:32:20.660+0000] {processor.py:925} INFO - DAG(s) 'example_subdag_operator.section-1', 'example_subdag_operator.section-2', 'example_subdag_operator' retrieved from /home/airflow/.local/lib/python3.12/site-packages/airflow/example_dags/example_subdag_operator.py
[2025-03-30T03:32:20.666+0000] {logging_mixin.py:190} INFO - [2025-03-30T03:32:20.666+0000] {dag.py:3239} INFO - Sync 3 DAGs
[2025-03-30T03:32:20.676+0000] {logging_mixin.py:190} INFO - [2025-03-30T03:32:20.676+0000] {dag.py:4180} INFO - Setting next_dagrun for example_subdag_operator to 2022-01-01 00:00:00+00:00, run_after=2022-01-01 00:00:00+00:00
[2025-03-30T03:32:20.677+0000] {logging_mixin.py:190} INFO - [2025-03-30T03:32:20.677+0000] {dag.py:4180} INFO - Setting next_dagrun for example_subdag_operator.section-1 to None, run_after=None
[2025-03-30T03:32:20.678+0000] {logging_mixin.py:190} INFO - [2025-03-30T03:32:20.678+0000] {dag.py:4180} INFO - Setting next_dagrun for example_subdag_operator.section-2 to None, run_after=None
[2025-03-30T03:32:20.681+0000] {logging_mixin.py:190} INFO - [2025-03-30T03:32:20.680+0000] {dag.py:3239} INFO - Sync 2 DAGs
[2025-03-30T03:32:20.683+0000] {logging_mixin.py:190} INFO - [2025-03-30T03:32:20.683+0000] {dag.py:4180} INFO - Setting next_dagrun for example_subdag_operator.section-1 to None, run_after=None
[2025-03-30T03:32:20.684+0000] {logging_mixin.py:190} INFO - [2025-03-30T03:32:20.684+0000] {dag.py:4180} INFO - Setting next_dagrun for example_subdag_operator.section-2 to None, run_after=None
[2025-03-30T03:32:20.692+0000] {processor.py:208} INFO - Processing /home/airflow/.local/lib/python3.12/site-packages/airflow/example_dags/example_subdag_operator.py took 0.051 seconds
[2025-03-30T03:32:50.914+0000] {processor.py:186} INFO - Started process (PID=133) to work on /home/airflow/.local/lib/python3.12/site-packages/airflow/example_dags/example_subdag_operator.py
[2025-03-30T03:32:50.914+0000] {processor.py:914} INFO - Processing file /home/airflow/.local/lib/python3.12/site-packages/airflow/example_dags/example_subdag_operator.py for tasks to queue
[2025-03-30T03:32:50.915+0000] {logging_mixin.py:190} INFO - [2025-03-30T03:32:50.915+0000] {dagbag.py:588} INFO - Filling up the DagBag from /home/airflow/.local/lib/python3.12/site-packages/airflow/example_dags/example_subdag_operator.py
[2025-03-30T03:32:50.924+0000] {processor.py:925} INFO - DAG(s) 'example_subdag_operator.section-1', 'example_subdag_operator.section-2', 'example_subdag_operator' retrieved from /home/airflow/.local/lib/python3.12/site-packages/airflow/example_dags/example_subdag_operator.py
[2025-03-30T03:32:50.929+0000] {logging_mixin.py:190} INFO - [2025-03-30T03:32:50.929+0000] {dag.py:3239} INFO - Sync 3 DAGs
[2025-03-30T03:32:50.936+0000] {logging_mixin.py:190} INFO - [2025-03-30T03:32:50.936+0000] {dag.py:4180} INFO - Setting next_dagrun for example_subdag_operator to 2022-01-01 00:00:00+00:00, run_after=2022-01-01 00:00:00+00:00
[2025-03-30T03:32:50.938+0000] {logging_mixin.py:190} INFO - [2025-03-30T03:32:50.938+0000] {dag.py:4180} INFO - Setting next_dagrun for example_subdag_operator.section-1 to None, run_after=None
[2025-03-30T03:32:50.938+0000] {logging_mixin.py:190} INFO - [2025-03-30T03:32:50.938+0000] {dag.py:4180} INFO - Setting next_dagrun for example_subdag_operator.section-2 to None, run_after=None
[2025-03-30T03:32:50.940+0000] {logging_mixin.py:190} INFO - [2025-03-30T03:32:50.940+0000] {dag.py:3239} INFO - Sync 2 DAGs
[2025-03-30T03:32:50.942+0000] {logging_mixin.py:190} INFO - [2025-03-30T03:32:50.942+0000] {dag.py:4180} INFO - Setting next_dagrun for example_subdag_operator.section-1 to None, run_after=None
[2025-03-30T03:32:50.942+0000] {logging_mixin.py:190} INFO - [2025-03-30T03:32:50.942+0000] {dag.py:4180} INFO - Setting next_dagrun for example_subdag_operator.section-2 to None, run_after=None
[2025-03-30T03:32:50.945+0000] {processor.py:208} INFO - Processing /home/airflow/.local/lib/python3.12/site-packages/airflow/example_dags/example_subdag_operator.py took 0.034 seconds
[2025-03-30T03:33:22.005+0000] {processor.py:186} INFO - Started process (PID=196) to work on /home/airflow/.local/lib/python3.12/site-packages/airflow/example_dags/example_subdag_operator.py
[2025-03-30T03:33:22.006+0000] {processor.py:914} INFO - Processing file /home/airflow/.local/lib/python3.12/site-packages/airflow/example_dags/example_subdag_operator.py for tasks to queue
[2025-03-30T03:33:22.007+0000] {logging_mixin.py:190} INFO - [2025-03-30T03:33:22.006+0000] {dagbag.py:588} INFO - Filling up the DagBag from /home/airflow/.local/lib/python3.12/site-packages/airflow/example_dags/example_subdag_operator.py
[2025-03-30T03:33:22.017+0000] {processor.py:925} INFO - DAG(s) 'example_subdag_operator.section-1', 'example_subdag_operator.section-2', 'example_subdag_operator' retrieved from /home/airflow/.local/lib/python3.12/site-packages/airflow/example_dags/example_subdag_operator.py
[2025-03-30T03:33:22.022+0000] {logging_mixin.py:190} INFO - [2025-03-30T03:33:22.021+0000] {dag.py:3239} INFO - Sync 3 DAGs
[2025-03-30T03:33:22.029+0000] {logging_mixin.py:190} INFO - [2025-03-30T03:33:22.029+0000] {dag.py:4180} INFO - Setting next_dagrun for example_subdag_operator to 2022-01-01 00:00:00+00:00, run_after=2022-01-01 00:00:00+00:00
[2025-03-30T03:33:22.030+0000] {logging_mixin.py:190} INFO - [2025-03-30T03:33:22.030+0000] {dag.py:4180} INFO - Setting next_dagrun for example_subdag_operator.section-1 to None, run_after=None
[2025-03-30T03:33:22.031+0000] {logging_mixin.py:190} INFO - [2025-03-30T03:33:22.031+0000] {dag.py:4180} INFO - Setting next_dagrun for example_subdag_operator.section-2 to None, run_after=None
[2025-03-30T03:33:22.033+0000] {logging_mixin.py:190} INFO - [2025-03-30T03:33:22.033+0000] {dag.py:3239} INFO - Sync 2 DAGs
[2025-03-30T03:33:22.034+0000] {logging_mixin.py:190} INFO - [2025-03-30T03:33:22.034+0000] {dag.py:4180} INFO - Setting next_dagrun for example_subdag_operator.section-1 to None, run_after=None
[2025-03-30T03:33:22.035+0000] {logging_mixin.py:190} INFO - [2025-03-30T03:33:22.035+0000] {dag.py:4180} INFO - Setting next_dagrun for example_subdag_operator.section-2 to None, run_after=None
[2025-03-30T03:33:22.038+0000] {processor.py:208} INFO - Processing /home/airflow/.local/lib/python3.12/site-packages/airflow/example_dags/example_subdag_operator.py took 0.035 seconds
[2025-03-30T03:33:52.921+0000] {processor.py:186} INFO - Started process (PID=259) to work on /home/airflow/.local/lib/python3.12/site-packages/airflow/example_dags/example_subdag_operator.py
[2025-03-30T03:33:52.921+0000] {processor.py:914} INFO - Processing file /home/airflow/.local/lib/python3.12/site-packages/airflow/example_dags/example_subdag_operator.py for tasks to queue
[2025-03-30T03:33:52.922+0000] {logging_mixin.py:190} INFO - [2025-03-30T03:33:52.922+0000] {dagbag.py:588} INFO - Filling up the DagBag from /home/airflow/.local/lib/python3.12/site-packages/airflow/example_dags/example_subdag_operator.py
[2025-03-30T03:33:52.931+0000] {processor.py:925} INFO - DAG(s) 'example_subdag_operator.section-1', 'example_subdag_operator.section-2', 'example_subdag_operator' retrieved from /home/airflow/.local/lib/python3.12/site-packages/airflow/example_dags/example_subdag_operator.py
[2025-03-30T03:33:52.936+0000] {logging_mixin.py:190} INFO - [2025-03-30T03:33:52.936+0000] {dag.py:3239} INFO - Sync 3 DAGs
[2025-03-30T03:33:52.944+0000] {logging_mixin.py:190} INFO - [2025-03-30T03:33:52.944+0000] {dag.py:4180} INFO - Setting next_dagrun for example_subdag_operator to 2022-01-01 00:00:00+00:00, run_after=2022-01-01 00:00:00+00:00
[2025-03-30T03:33:52.945+0000] {logging_mixin.py:190} INFO - [2025-03-30T03:33:52.945+0000] {dag.py:4180} INFO - Setting next_dagrun for example_subdag_operator.section-1 to None, run_after=None
[2025-03-30T03:33:52.946+0000] {logging_mixin.py:190} INFO - [2025-03-30T03:33:52.946+0000] {dag.py:4180} INFO - Setting next_dagrun for example_subdag_operator.section-2 to None, run_after=None
[2025-03-30T03:33:52.948+0000] {logging_mixin.py:190} INFO - [2025-03-30T03:33:52.948+0000] {dag.py:3239} INFO - Sync 2 DAGs
[2025-03-30T03:33:52.950+0000] {logging_mixin.py:190} INFO - [2025-03-30T03:33:52.950+0000] {dag.py:4180} INFO - Setting next_dagrun for example_subdag_operator.section-1 to None, run_after=None
[2025-03-30T03:33:52.950+0000] {logging_mixin.py:190} INFO - [2025-03-30T03:33:52.950+0000] {dag.py:4180} INFO - Setting next_dagrun for example_subdag_operator.section-2 to None, run_after=None
[2025-03-30T03:33:52.953+0000] {processor.py:208} INFO - Processing /home/airflow/.local/lib/python3.12/site-packages/airflow/example_dags/example_subdag_operator.py took 0.034 seconds
[2025-03-30T03:34:23.992+0000] {processor.py:186} INFO - Started process (PID=322) to work on /home/airflow/.local/lib/python3.12/site-packages/airflow/example_dags/example_subdag_operator.py
[2025-03-30T03:34:23.993+0000] {processor.py:914} INFO - Processing file /home/airflow/.local/lib/python3.12/site-packages/airflow/example_dags/example_subdag_operator.py for tasks to queue
[2025-03-30T03:34:23.994+0000] {logging_mixin.py:190} INFO - [2025-03-30T03:34:23.994+0000] {dagbag.py:588} INFO - Filling up the DagBag from /home/airflow/.local/lib/python3.12/site-packages/airflow/example_dags/example_subdag_operator.py
[2025-03-30T03:34:24.004+0000] {processor.py:925} INFO - DAG(s) 'example_subdag_operator.section-1', 'example_subdag_operator.section-2', 'example_subdag_operator' retrieved from /home/airflow/.local/lib/python3.12/site-packages/airflow/example_dags/example_subdag_operator.py
[2025-03-30T03:34:24.008+0000] {logging_mixin.py:190} INFO - [2025-03-30T03:34:24.008+0000] {dag.py:3239} INFO - Sync 3 DAGs
[2025-03-30T03:34:24.016+0000] {logging_mixin.py:190} INFO - [2025-03-30T03:34:24.016+0000] {dag.py:4180} INFO - Setting next_dagrun for example_subdag_operator to 2022-01-01 00:00:00+00:00, run_after=2022-01-01 00:00:00+00:00
[2025-03-30T03:34:24.018+0000] {logging_mixin.py:190} INFO - [2025-03-30T03:34:24.018+0000] {dag.py:4180} INFO - Setting next_dagrun for example_subdag_operator.section-1 to None, run_after=None
[2025-03-30T03:34:24.018+0000] {logging_mixin.py:190} INFO - [2025-03-30T03:34:24.018+0000] {dag.py:4180} INFO - Setting next_dagrun for example_subdag_operator.section-2 to None, run_after=None
[2025-03-30T03:34:24.020+0000] {logging_mixin.py:190} INFO - [2025-03-30T03:34:24.020+0000] {dag.py:3239} INFO - Sync 2 DAGs
[2025-03-30T03:34:24.023+0000] {logging_mixin.py:190} INFO - [2025-03-30T03:34:24.023+0000] {dag.py:4180} INFO - Setting next_dagrun for example_subdag_operator.section-1 to None, run_after=None
[2025-03-30T03:34:24.023+0000] {logging_mixin.py:190} INFO - [2025-03-30T03:34:24.023+0000] {dag.py:4180} INFO - Setting next_dagrun for example_subdag_operator.section-2 to None, run_after=None
[2025-03-30T03:34:24.026+0000] {processor.py:208} INFO - Processing /home/airflow/.local/lib/python3.12/site-packages/airflow/example_dags/example_subdag_operator.py took 0.036 seconds
[2025-03-30T03:34:55.136+0000] {processor.py:186} INFO - Started process (PID=385) to work on /home/airflow/.local/lib/python3.12/site-packages/airflow/example_dags/example_subdag_operator.py
[2025-03-30T03:34:55.137+0000] {processor.py:914} INFO - Processing file /home/airflow/.local/lib/python3.12/site-packages/airflow/example_dags/example_subdag_operator.py for tasks to queue
[2025-03-30T03:34:55.138+0000] {logging_mixin.py:190} INFO - [2025-03-30T03:34:55.137+0000] {dagbag.py:588} INFO - Filling up the DagBag from /home/airflow/.local/lib/python3.12/site-packages/airflow/example_dags/example_subdag_operator.py
[2025-03-30T03:34:55.147+0000] {processor.py:925} INFO - DAG(s) 'example_subdag_operator.section-1', 'example_subdag_operator.section-2', 'example_subdag_operator' retrieved from /home/airflow/.local/lib/python3.12/site-packages/airflow/example_dags/example_subdag_operator.py
[2025-03-30T03:34:55.152+0000] {logging_mixin.py:190} INFO - [2025-03-30T03:34:55.152+0000] {dag.py:3239} INFO - Sync 3 DAGs
[2025-03-30T03:34:55.159+0000] {logging_mixin.py:190} INFO - [2025-03-30T03:34:55.159+0000] {dag.py:4180} INFO - Setting next_dagrun for example_subdag_operator to 2022-01-01 00:00:00+00:00, run_after=2022-01-01 00:00:00+00:00
[2025-03-30T03:34:55.160+0000] {logging_mixin.py:190} INFO - [2025-03-30T03:34:55.160+0000] {dag.py:4180} INFO - Setting next_dagrun for example_subdag_operator.section-1 to None, run_after=None
[2025-03-30T03:34:55.161+0000] {logging_mixin.py:190} INFO - [2025-03-30T03:34:55.161+0000] {dag.py:4180} INFO - Setting next_dagrun for example_subdag_operator.section-2 to None, run_after=None
[2025-03-30T03:34:55.163+0000] {logging_mixin.py:190} INFO - [2025-03-30T03:34:55.163+0000] {dag.py:3239} INFO - Sync 2 DAGs
[2025-03-30T03:34:55.165+0000] {logging_mixin.py:190} INFO - [2025-03-30T03:34:55.165+0000] {dag.py:4180} INFO - Setting next_dagrun for example_subdag_operator.section-1 to None, run_after=None
[2025-03-30T03:34:55.165+0000] {logging_mixin.py:190} INFO - [2025-03-30T03:34:55.165+0000] {dag.py:4180} INFO - Setting next_dagrun for example_subdag_operator.section-2 to None, run_after=None
[2025-03-30T03:34:55.168+0000] {processor.py:208} INFO - Processing /home/airflow/.local/lib/python3.12/site-packages/airflow/example_dags/example_subdag_operator.py took 0.035 seconds
[2025-03-30T03:35:26.293+0000] {processor.py:186} INFO - Started process (PID=448) to work on /home/airflow/.local/lib/python3.12/site-packages/airflow/example_dags/example_subdag_operator.py
[2025-03-30T03:35:26.294+0000] {processor.py:914} INFO - Processing file /home/airflow/.local/lib/python3.12/site-packages/airflow/example_dags/example_subdag_operator.py for tasks to queue
[2025-03-30T03:35:26.295+0000] {logging_mixin.py:190} INFO - [2025-03-30T03:35:26.295+0000] {dagbag.py:588} INFO - Filling up the DagBag from /home/airflow/.local/lib/python3.12/site-packages/airflow/example_dags/example_subdag_operator.py
[2025-03-30T03:35:26.305+0000] {processor.py:925} INFO - DAG(s) 'example_subdag_operator.section-1', 'example_subdag_operator.section-2', 'example_subdag_operator' retrieved from /home/airflow/.local/lib/python3.12/site-packages/airflow/example_dags/example_subdag_operator.py
[2025-03-30T03:35:26.310+0000] {logging_mixin.py:190} INFO - [2025-03-30T03:35:26.310+0000] {dag.py:3239} INFO - Sync 3 DAGs
[2025-03-30T03:35:26.319+0000] {logging_mixin.py:190} INFO - [2025-03-30T03:35:26.319+0000] {dag.py:4180} INFO - Setting next_dagrun for example_subdag_operator to 2022-01-01 00:00:00+00:00, run_after=2022-01-01 00:00:00+00:00
[2025-03-30T03:35:26.320+0000] {logging_mixin.py:190} INFO - [2025-03-30T03:35:26.320+0000] {dag.py:4180} INFO - Setting next_dagrun for example_subdag_operator.section-1 to None, run_after=None
[2025-03-30T03:35:26.321+0000] {logging_mixin.py:190} INFO - [2025-03-30T03:35:26.321+0000] {dag.py:4180} INFO - Setting next_dagrun for example_subdag_operator.section-2 to None, run_after=None
[2025-03-30T03:35:26.323+0000] {logging_mixin.py:190} INFO - [2025-03-30T03:35:26.323+0000] {dag.py:3239} INFO - Sync 2 DAGs
[2025-03-30T03:35:26.325+0000] {logging_mixin.py:190} INFO - [2025-03-30T03:35:26.325+0000] {dag.py:4180} INFO - Setting next_dagrun for example_subdag_operator.section-1 to None, run_after=None
[2025-03-30T03:35:26.325+0000] {logging_mixin.py:190} INFO - [2025-03-30T03:35:26.325+0000] {dag.py:4180} INFO - Setting next_dagrun for example_subdag_operator.section-2 to None, run_after=None
[2025-03-30T03:35:26.328+0000] {processor.py:208} INFO - Processing /home/airflow/.local/lib/python3.12/site-packages/airflow/example_dags/example_subdag_operator.py took 0.037 seconds
[2025-03-30T03:35:57.411+0000] {processor.py:186} INFO - Started process (PID=510) to work on /home/airflow/.local/lib/python3.12/site-packages/airflow/example_dags/example_subdag_operator.py
[2025-03-30T03:35:57.411+0000] {processor.py:914} INFO - Processing file /home/airflow/.local/lib/python3.12/site-packages/airflow/example_dags/example_subdag_operator.py for tasks to queue
[2025-03-30T03:35:57.412+0000] {logging_mixin.py:190} INFO - [2025-03-30T03:35:57.412+0000] {dagbag.py:588} INFO - Filling up the DagBag from /home/airflow/.local/lib/python3.12/site-packages/airflow/example_dags/example_subdag_operator.py
[2025-03-30T03:35:57.428+0000] {processor.py:925} INFO - DAG(s) 'example_subdag_operator.section-1', 'example_subdag_operator.section-2', 'example_subdag_operator' retrieved from /home/airflow/.local/lib/python3.12/site-packages/airflow/example_dags/example_subdag_operator.py
[2025-03-30T03:35:57.436+0000] {logging_mixin.py:190} INFO - [2025-03-30T03:35:57.436+0000] {dag.py:3239} INFO - Sync 3 DAGs
[2025-03-30T03:35:57.446+0000] {logging_mixin.py:190} INFO - [2025-03-30T03:35:57.446+0000] {dag.py:4180} INFO - Setting next_dagrun for example_subdag_operator to 2022-01-01 00:00:00+00:00, run_after=2022-01-01 00:00:00+00:00
[2025-03-30T03:35:57.447+0000] {logging_mixin.py:190} INFO - [2025-03-30T03:35:57.447+0000] {dag.py:4180} INFO - Setting next_dagrun for example_subdag_operator.section-1 to None, run_after=None
[2025-03-30T03:35:57.448+0000] {logging_mixin.py:190} INFO - [2025-03-30T03:35:57.448+0000] {dag.py:4180} INFO - Setting next_dagrun for example_subdag_operator.section-2 to None, run_after=None
[2025-03-30T03:35:57.451+0000] {logging_mixin.py:190} INFO - [2025-03-30T03:35:57.451+0000] {dag.py:3239} INFO - Sync 2 DAGs
[2025-03-30T03:35:57.453+0000] {logging_mixin.py:190} INFO - [2025-03-30T03:35:57.453+0000] {dag.py:4180} INFO - Setting next_dagrun for example_subdag_operator.section-1 to None, run_after=None
[2025-03-30T03:35:57.454+0000] {logging_mixin.py:190} INFO - [2025-03-30T03:35:57.454+0000] {dag.py:4180} INFO - Setting next_dagrun for example_subdag_operator.section-2 to None, run_after=None
[2025-03-30T03:35:57.458+0000] {processor.py:208} INFO - Processing /home/airflow/.local/lib/python3.12/site-packages/airflow/example_dags/example_subdag_operator.py took 0.050 seconds
[2025-03-30T03:36:28.495+0000] {processor.py:186} INFO - Started process (PID=573) to work on /home/airflow/.local/lib/python3.12/site-packages/airflow/example_dags/example_subdag_operator.py
[2025-03-30T03:36:28.495+0000] {processor.py:914} INFO - Processing file /home/airflow/.local/lib/python3.12/site-packages/airflow/example_dags/example_subdag_operator.py for tasks to queue
[2025-03-30T03:36:28.497+0000] {logging_mixin.py:190} INFO - [2025-03-30T03:36:28.496+0000] {dagbag.py:588} INFO - Filling up the DagBag from /home/airflow/.local/lib/python3.12/site-packages/airflow/example_dags/example_subdag_operator.py
[2025-03-30T03:36:28.506+0000] {processor.py:925} INFO - DAG(s) 'example_subdag_operator.section-1', 'example_subdag_operator.section-2', 'example_subdag_operator' retrieved from /home/airflow/.local/lib/python3.12/site-packages/airflow/example_dags/example_subdag_operator.py
[2025-03-30T03:36:28.513+0000] {logging_mixin.py:190} INFO - [2025-03-30T03:36:28.512+0000] {dag.py:3239} INFO - Sync 3 DAGs
[2025-03-30T03:36:28.521+0000] {logging_mixin.py:190} INFO - [2025-03-30T03:36:28.521+0000] {dag.py:4180} INFO - Setting next_dagrun for example_subdag_operator to 2022-01-01 00:00:00+00:00, run_after=2022-01-01 00:00:00+00:00
[2025-03-30T03:36:28.522+0000] {logging_mixin.py:190} INFO - [2025-03-30T03:36:28.522+0000] {dag.py:4180} INFO - Setting next_dagrun for example_subdag_operator.section-1 to None, run_after=None
[2025-03-30T03:36:28.523+0000] {logging_mixin.py:190} INFO - [2025-03-30T03:36:28.523+0000] {dag.py:4180} INFO - Setting next_dagrun for example_subdag_operator.section-2 to None, run_after=None
[2025-03-30T03:36:28.525+0000] {logging_mixin.py:190} INFO - [2025-03-30T03:36:28.525+0000] {dag.py:3239} INFO - Sync 2 DAGs
[2025-03-30T03:36:28.527+0000] {logging_mixin.py:190} INFO - [2025-03-30T03:36:28.527+0000] {dag.py:4180} INFO - Setting next_dagrun for example_subdag_operator.section-1 to None, run_after=None
[2025-03-30T03:36:28.527+0000] {logging_mixin.py:190} INFO - [2025-03-30T03:36:28.527+0000] {dag.py:4180} INFO - Setting next_dagrun for example_subdag_operator.section-2 to None, run_after=None
[2025-03-30T03:36:28.530+0000] {processor.py:208} INFO - Processing /home/airflow/.local/lib/python3.12/site-packages/airflow/example_dags/example_subdag_operator.py took 0.037 seconds
[2025-03-30T03:36:59.700+0000] {processor.py:186} INFO - Started process (PID=636) to work on /home/airflow/.local/lib/python3.12/site-packages/airflow/example_dags/example_subdag_operator.py
[2025-03-30T03:36:59.700+0000] {processor.py:914} INFO - Processing file /home/airflow/.local/lib/python3.12/site-packages/airflow/example_dags/example_subdag_operator.py for tasks to queue
[2025-03-30T03:36:59.701+0000] {logging_mixin.py:190} INFO - [2025-03-30T03:36:59.701+0000] {dagbag.py:588} INFO - Filling up the DagBag from /home/airflow/.local/lib/python3.12/site-packages/airflow/example_dags/example_subdag_operator.py
[2025-03-30T03:36:59.711+0000] {processor.py:925} INFO - DAG(s) 'example_subdag_operator.section-1', 'example_subdag_operator.section-2', 'example_subdag_operator' retrieved from /home/airflow/.local/lib/python3.12/site-packages/airflow/example_dags/example_subdag_operator.py
[2025-03-30T03:36:59.715+0000] {logging_mixin.py:190} INFO - [2025-03-30T03:36:59.715+0000] {dag.py:3239} INFO - Sync 3 DAGs
[2025-03-30T03:36:59.723+0000] {logging_mixin.py:190} INFO - [2025-03-30T03:36:59.723+0000] {dag.py:4180} INFO - Setting next_dagrun for example_subdag_operator to 2022-01-01 00:00:00+00:00, run_after=2022-01-01 00:00:00+00:00
[2025-03-30T03:36:59.724+0000] {logging_mixin.py:190} INFO - [2025-03-30T03:36:59.724+0000] {dag.py:4180} INFO - Setting next_dagrun for example_subdag_operator.section-1 to None, run_after=None
[2025-03-30T03:36:59.725+0000] {logging_mixin.py:190} INFO - [2025-03-30T03:36:59.725+0000] {dag.py:4180} INFO - Setting next_dagrun for example_subdag_operator.section-2 to None, run_after=None
[2025-03-30T03:36:59.727+0000] {logging_mixin.py:190} INFO - [2025-03-30T03:36:59.727+0000] {dag.py:3239} INFO - Sync 2 DAGs
[2025-03-30T03:36:59.729+0000] {logging_mixin.py:190} INFO - [2025-03-30T03:36:59.729+0000] {dag.py:4180} INFO - Setting next_dagrun for example_subdag_operator.section-1 to None, run_after=None
[2025-03-30T03:36:59.729+0000] {logging_mixin.py:190} INFO - [2025-03-30T03:36:59.729+0000] {dag.py:4180} INFO - Setting next_dagrun for example_subdag_operator.section-2 to None, run_after=None
[2025-03-30T03:36:59.732+0000] {processor.py:208} INFO - Processing /home/airflow/.local/lib/python3.12/site-packages/airflow/example_dags/example_subdag_operator.py took 0.034 seconds
[2025-03-30T03:37:30.754+0000] {processor.py:186} INFO - Started process (PID=699) to work on /home/airflow/.local/lib/python3.12/site-packages/airflow/example_dags/example_subdag_operator.py
[2025-03-30T03:37:30.754+0000] {processor.py:914} INFO - Processing file /home/airflow/.local/lib/python3.12/site-packages/airflow/example_dags/example_subdag_operator.py for tasks to queue
[2025-03-30T03:37:30.755+0000] {logging_mixin.py:190} INFO - [2025-03-30T03:37:30.755+0000] {dagbag.py:588} INFO - Filling up the DagBag from /home/airflow/.local/lib/python3.12/site-packages/airflow/example_dags/example_subdag_operator.py
[2025-03-30T03:37:30.766+0000] {processor.py:925} INFO - DAG(s) 'example_subdag_operator.section-1', 'example_subdag_operator.section-2', 'example_subdag_operator' retrieved from /home/airflow/.local/lib/python3.12/site-packages/airflow/example_dags/example_subdag_operator.py
[2025-03-30T03:37:30.770+0000] {logging_mixin.py:190} INFO - [2025-03-30T03:37:30.770+0000] {dag.py:3239} INFO - Sync 3 DAGs
[2025-03-30T03:37:30.778+0000] {logging_mixin.py:190} INFO - [2025-03-30T03:37:30.778+0000] {dag.py:4180} INFO - Setting next_dagrun for example_subdag_operator to 2022-01-01 00:00:00+00:00, run_after=2022-01-01 00:00:00+00:00
[2025-03-30T03:37:30.779+0000] {logging_mixin.py:190} INFO - [2025-03-30T03:37:30.779+0000] {dag.py:4180} INFO - Setting next_dagrun for example_subdag_operator.section-1 to None, run_after=None
[2025-03-30T03:37:30.780+0000] {logging_mixin.py:190} INFO - [2025-03-30T03:37:30.780+0000] {dag.py:4180} INFO - Setting next_dagrun for example_subdag_operator.section-2 to None, run_after=None
[2025-03-30T03:37:30.782+0000] {logging_mixin.py:190} INFO - [2025-03-30T03:37:30.782+0000] {dag.py:3239} INFO - Sync 2 DAGs
[2025-03-30T03:37:30.783+0000] {logging_mixin.py:190} INFO - [2025-03-30T03:37:30.783+0000] {dag.py:4180} INFO - Setting next_dagrun for example_subdag_operator.section-1 to None, run_after=None
[2025-03-30T03:37:30.784+0000] {logging_mixin.py:190} INFO - [2025-03-30T03:37:30.783+0000] {dag.py:4180} INFO - Setting next_dagrun for example_subdag_operator.section-2 to None, run_after=None
[2025-03-30T03:37:30.787+0000] {processor.py:208} INFO - Processing /home/airflow/.local/lib/python3.12/site-packages/airflow/example_dags/example_subdag_operator.py took 0.036 seconds
[2025-03-30T03:38:01.845+0000] {processor.py:186} INFO - Started process (PID=762) to work on /home/airflow/.local/lib/python3.12/site-packages/airflow/example_dags/example_subdag_operator.py
[2025-03-30T03:38:01.846+0000] {processor.py:914} INFO - Processing file /home/airflow/.local/lib/python3.12/site-packages/airflow/example_dags/example_subdag_operator.py for tasks to queue
[2025-03-30T03:38:01.847+0000] {logging_mixin.py:190} INFO - [2025-03-30T03:38:01.847+0000] {dagbag.py:588} INFO - Filling up the DagBag from /home/airflow/.local/lib/python3.12/site-packages/airflow/example_dags/example_subdag_operator.py
[2025-03-30T03:38:01.857+0000] {processor.py:925} INFO - DAG(s) 'example_subdag_operator.section-1', 'example_subdag_operator.section-2', 'example_subdag_operator' retrieved from /home/airflow/.local/lib/python3.12/site-packages/airflow/example_dags/example_subdag_operator.py
[2025-03-30T03:38:01.862+0000] {logging_mixin.py:190} INFO - [2025-03-30T03:38:01.862+0000] {dag.py:3239} INFO - Sync 3 DAGs
[2025-03-30T03:38:01.869+0000] {logging_mixin.py:190} INFO - [2025-03-30T03:38:01.869+0000] {dag.py:4180} INFO - Setting next_dagrun for example_subdag_operator to 2022-01-01 00:00:00+00:00, run_after=2022-01-01 00:00:00+00:00
[2025-03-30T03:38:01.870+0000] {logging_mixin.py:190} INFO - [2025-03-30T03:38:01.870+0000] {dag.py:4180} INFO - Setting next_dagrun for example_subdag_operator.section-1 to None, run_after=None
[2025-03-30T03:38:01.871+0000] {logging_mixin.py:190} INFO - [2025-03-30T03:38:01.871+0000] {dag.py:4180} INFO - Setting next_dagrun for example_subdag_operator.section-2 to None, run_after=None
[2025-03-30T03:38:01.873+0000] {logging_mixin.py:190} INFO - [2025-03-30T03:38:01.873+0000] {dag.py:3239} INFO - Sync 2 DAGs
[2025-03-30T03:38:01.875+0000] {logging_mixin.py:190} INFO - [2025-03-30T03:38:01.875+0000] {dag.py:4180} INFO - Setting next_dagrun for example_subdag_operator.section-1 to None, run_after=None
[2025-03-30T03:38:01.875+0000] {logging_mixin.py:190} INFO - [2025-03-30T03:38:01.875+0000] {dag.py:4180} INFO - Setting next_dagrun for example_subdag_operator.section-2 to None, run_after=None
[2025-03-30T03:38:01.878+0000] {processor.py:208} INFO - Processing /home/airflow/.local/lib/python3.12/site-packages/airflow/example_dags/example_subdag_operator.py took 0.035 seconds
