[2025-03-30T03:32:19.499+0000] {processor.py:186} INFO - Started process (PID=48) to work on /home/airflow/.local/lib/python3.12/site-packages/airflow/example_dags/example_branch_python_dop_operator_3.py
[2025-03-30T03:32:19.500+0000] {processor.py:914} INFO - Processing file /home/airflow/.local/lib/python3.12/site-packages/airflow/example_dags/example_branch_python_dop_operator_3.py for tasks to queue
[2025-03-30T03:32:19.502+0000] {logging_mixin.py:190} INFO - [2025-03-30T03:32:19.501+0000] {dagbag.py:588} INFO - Filling up the DagBag from /home/airflow/.local/lib/python3.12/site-packages/airflow/example_dags/example_branch_python_dop_operator_3.py
[2025-03-30T03:32:19.509+0000] {processor.py:925} INFO - DAG(s) 'example_branch_dop_operator_v3' retrieved from /home/airflow/.local/lib/python3.12/site-packages/airflow/example_dags/example_branch_python_dop_operator_3.py
[2025-03-30T03:32:19.522+0000] {logging_mixin.py:190} INFO - [2025-03-30T03:32:19.522+0000] {dag.py:3239} INFO - Sync 1 DAGs
[2025-03-30T03:32:19.532+0000] {logging_mixin.py:190} INFO - [2025-03-30T03:32:19.532+0000] {dag.py:4180} INFO - Setting next_dagrun for example_branch_dop_operator_v3 to 2025-03-30 03:31:00+00:00, run_after=2025-03-30 03:32:00+00:00
[2025-03-30T03:32:19.547+0000] {processor.py:208} INFO - Processing /home/airflow/.local/lib/python3.12/site-packages/airflow/example_dags/example_branch_python_dop_operator_3.py took 0.053 seconds
[2025-03-30T03:32:50.237+0000] {processor.py:186} INFO - Started process (PID=110) to work on /home/airflow/.local/lib/python3.12/site-packages/airflow/example_dags/example_branch_python_dop_operator_3.py
[2025-03-30T03:32:50.238+0000] {processor.py:914} INFO - Processing file /home/airflow/.local/lib/python3.12/site-packages/airflow/example_dags/example_branch_python_dop_operator_3.py for tasks to queue
[2025-03-30T03:32:50.239+0000] {logging_mixin.py:190} INFO - [2025-03-30T03:32:50.239+0000] {dagbag.py:588} INFO - Filling up the DagBag from /home/airflow/.local/lib/python3.12/site-packages/airflow/example_dags/example_branch_python_dop_operator_3.py
[2025-03-30T03:32:50.243+0000] {processor.py:925} INFO - DAG(s) 'example_branch_dop_operator_v3' retrieved from /home/airflow/.local/lib/python3.12/site-packages/airflow/example_dags/example_branch_python_dop_operator_3.py
[2025-03-30T03:32:50.250+0000] {logging_mixin.py:190} INFO - [2025-03-30T03:32:50.249+0000] {dag.py:3239} INFO - Sync 1 DAGs
[2025-03-30T03:32:50.258+0000] {logging_mixin.py:190} INFO - [2025-03-30T03:32:50.258+0000] {dag.py:4180} INFO - Setting next_dagrun for example_branch_dop_operator_v3 to 2025-03-30 03:31:00+00:00, run_after=2025-03-30 03:32:00+00:00
[2025-03-30T03:32:50.263+0000] {processor.py:208} INFO - Processing /home/airflow/.local/lib/python3.12/site-packages/airflow/example_dags/example_branch_python_dop_operator_3.py took 0.028 seconds
[2025-03-30T03:33:20.373+0000] {processor.py:186} INFO - Started process (PID=173) to work on /home/airflow/.local/lib/python3.12/site-packages/airflow/example_dags/example_branch_python_dop_operator_3.py
[2025-03-30T03:33:20.374+0000] {processor.py:914} INFO - Processing file /home/airflow/.local/lib/python3.12/site-packages/airflow/example_dags/example_branch_python_dop_operator_3.py for tasks to queue
[2025-03-30T03:33:20.375+0000] {logging_mixin.py:190} INFO - [2025-03-30T03:33:20.374+0000] {dagbag.py:588} INFO - Filling up the DagBag from /home/airflow/.local/lib/python3.12/site-packages/airflow/example_dags/example_branch_python_dop_operator_3.py
[2025-03-30T03:33:20.382+0000] {processor.py:925} INFO - DAG(s) 'example_branch_dop_operator_v3' retrieved from /home/airflow/.local/lib/python3.12/site-packages/airflow/example_dags/example_branch_python_dop_operator_3.py
[2025-03-30T03:33:20.390+0000] {logging_mixin.py:190} INFO - [2025-03-30T03:33:20.390+0000] {dag.py:3239} INFO - Sync 1 DAGs
[2025-03-30T03:33:20.399+0000] {logging_mixin.py:190} INFO - [2025-03-30T03:33:20.399+0000] {dag.py:4180} INFO - Setting next_dagrun for example_branch_dop_operator_v3 to 2025-03-30 03:32:00+00:00, run_after=2025-03-30 03:33:00+00:00
[2025-03-30T03:33:20.407+0000] {processor.py:208} INFO - Processing /home/airflow/.local/lib/python3.12/site-packages/airflow/example_dags/example_branch_python_dop_operator_3.py took 0.036 seconds
[2025-03-30T03:33:51.364+0000] {processor.py:186} INFO - Started process (PID=242) to work on /home/airflow/.local/lib/python3.12/site-packages/airflow/example_dags/example_branch_python_dop_operator_3.py
[2025-03-30T03:33:51.365+0000] {processor.py:914} INFO - Processing file /home/airflow/.local/lib/python3.12/site-packages/airflow/example_dags/example_branch_python_dop_operator_3.py for tasks to queue
[2025-03-30T03:33:51.367+0000] {logging_mixin.py:190} INFO - [2025-03-30T03:33:51.367+0000] {dagbag.py:588} INFO - Filling up the DagBag from /home/airflow/.local/lib/python3.12/site-packages/airflow/example_dags/example_branch_python_dop_operator_3.py
[2025-03-30T03:33:51.371+0000] {processor.py:925} INFO - DAG(s) 'example_branch_dop_operator_v3' retrieved from /home/airflow/.local/lib/python3.12/site-packages/airflow/example_dags/example_branch_python_dop_operator_3.py
[2025-03-30T03:33:51.378+0000] {logging_mixin.py:190} INFO - [2025-03-30T03:33:51.378+0000] {dag.py:3239} INFO - Sync 1 DAGs
[2025-03-30T03:33:51.386+0000] {logging_mixin.py:190} INFO - [2025-03-30T03:33:51.386+0000] {dag.py:4180} INFO - Setting next_dagrun for example_branch_dop_operator_v3 to 2025-03-30 03:32:00+00:00, run_after=2025-03-30 03:33:00+00:00
[2025-03-30T03:33:51.392+0000] {processor.py:208} INFO - Processing /home/airflow/.local/lib/python3.12/site-packages/airflow/example_dags/example_branch_python_dop_operator_3.py took 0.030 seconds
[2025-03-30T03:34:22.315+0000] {processor.py:186} INFO - Started process (PID=305) to work on /home/airflow/.local/lib/python3.12/site-packages/airflow/example_dags/example_branch_python_dop_operator_3.py
[2025-03-30T03:34:22.316+0000] {processor.py:914} INFO - Processing file /home/airflow/.local/lib/python3.12/site-packages/airflow/example_dags/example_branch_python_dop_operator_3.py for tasks to queue
[2025-03-30T03:34:22.317+0000] {logging_mixin.py:190} INFO - [2025-03-30T03:34:22.316+0000] {dagbag.py:588} INFO - Filling up the DagBag from /home/airflow/.local/lib/python3.12/site-packages/airflow/example_dags/example_branch_python_dop_operator_3.py
[2025-03-30T03:34:22.321+0000] {processor.py:925} INFO - DAG(s) 'example_branch_dop_operator_v3' retrieved from /home/airflow/.local/lib/python3.12/site-packages/airflow/example_dags/example_branch_python_dop_operator_3.py
[2025-03-30T03:34:22.328+0000] {logging_mixin.py:190} INFO - [2025-03-30T03:34:22.327+0000] {dag.py:3239} INFO - Sync 1 DAGs
[2025-03-30T03:34:22.336+0000] {logging_mixin.py:190} INFO - [2025-03-30T03:34:22.336+0000] {dag.py:4180} INFO - Setting next_dagrun for example_branch_dop_operator_v3 to 2025-03-30 03:33:00+00:00, run_after=2025-03-30 03:34:00+00:00
[2025-03-30T03:34:22.341+0000] {processor.py:208} INFO - Processing /home/airflow/.local/lib/python3.12/site-packages/airflow/example_dags/example_branch_python_dop_operator_3.py took 0.030 seconds
[2025-03-30T03:34:52.530+0000] {processor.py:186} INFO - Started process (PID=368) to work on /home/airflow/.local/lib/python3.12/site-packages/airflow/example_dags/example_branch_python_dop_operator_3.py
[2025-03-30T03:34:52.530+0000] {processor.py:914} INFO - Processing file /home/airflow/.local/lib/python3.12/site-packages/airflow/example_dags/example_branch_python_dop_operator_3.py for tasks to queue
[2025-03-30T03:34:52.531+0000] {logging_mixin.py:190} INFO - [2025-03-30T03:34:52.531+0000] {dagbag.py:588} INFO - Filling up the DagBag from /home/airflow/.local/lib/python3.12/site-packages/airflow/example_dags/example_branch_python_dop_operator_3.py
[2025-03-30T03:34:52.536+0000] {processor.py:925} INFO - DAG(s) 'example_branch_dop_operator_v3' retrieved from /home/airflow/.local/lib/python3.12/site-packages/airflow/example_dags/example_branch_python_dop_operator_3.py
[2025-03-30T03:34:52.545+0000] {logging_mixin.py:190} INFO - [2025-03-30T03:34:52.545+0000] {dag.py:3239} INFO - Sync 1 DAGs
[2025-03-30T03:34:52.556+0000] {logging_mixin.py:190} INFO - [2025-03-30T03:34:52.556+0000] {dag.py:4180} INFO - Setting next_dagrun for example_branch_dop_operator_v3 to 2025-03-30 03:33:00+00:00, run_after=2025-03-30 03:34:00+00:00
[2025-03-30T03:34:52.563+0000] {processor.py:208} INFO - Processing /home/airflow/.local/lib/python3.12/site-packages/airflow/example_dags/example_branch_python_dop_operator_3.py took 0.035 seconds
[2025-03-30T03:35:22.632+0000] {processor.py:186} INFO - Started process (PID=431) to work on /home/airflow/.local/lib/python3.12/site-packages/airflow/example_dags/example_branch_python_dop_operator_3.py
[2025-03-30T03:35:22.633+0000] {processor.py:914} INFO - Processing file /home/airflow/.local/lib/python3.12/site-packages/airflow/example_dags/example_branch_python_dop_operator_3.py for tasks to queue
[2025-03-30T03:35:22.634+0000] {logging_mixin.py:190} INFO - [2025-03-30T03:35:22.633+0000] {dagbag.py:588} INFO - Filling up the DagBag from /home/airflow/.local/lib/python3.12/site-packages/airflow/example_dags/example_branch_python_dop_operator_3.py
[2025-03-30T03:35:22.638+0000] {processor.py:925} INFO - DAG(s) 'example_branch_dop_operator_v3' retrieved from /home/airflow/.local/lib/python3.12/site-packages/airflow/example_dags/example_branch_python_dop_operator_3.py
[2025-03-30T03:35:22.645+0000] {logging_mixin.py:190} INFO - [2025-03-30T03:35:22.644+0000] {dag.py:3239} INFO - Sync 1 DAGs
[2025-03-30T03:35:22.652+0000] {logging_mixin.py:190} INFO - [2025-03-30T03:35:22.652+0000] {dag.py:4180} INFO - Setting next_dagrun for example_branch_dop_operator_v3 to 2025-03-30 03:34:00+00:00, run_after=2025-03-30 03:35:00+00:00
[2025-03-30T03:35:22.658+0000] {processor.py:208} INFO - Processing /home/airflow/.local/lib/python3.12/site-packages/airflow/example_dags/example_branch_python_dop_operator_3.py took 0.028 seconds
[2025-03-30T03:35:52.758+0000] {processor.py:186} INFO - Started process (PID=493) to work on /home/airflow/.local/lib/python3.12/site-packages/airflow/example_dags/example_branch_python_dop_operator_3.py
[2025-03-30T03:35:52.759+0000] {processor.py:914} INFO - Processing file /home/airflow/.local/lib/python3.12/site-packages/airflow/example_dags/example_branch_python_dop_operator_3.py for tasks to queue
[2025-03-30T03:35:52.760+0000] {logging_mixin.py:190} INFO - [2025-03-30T03:35:52.760+0000] {dagbag.py:588} INFO - Filling up the DagBag from /home/airflow/.local/lib/python3.12/site-packages/airflow/example_dags/example_branch_python_dop_operator_3.py
[2025-03-30T03:35:52.764+0000] {processor.py:925} INFO - DAG(s) 'example_branch_dop_operator_v3' retrieved from /home/airflow/.local/lib/python3.12/site-packages/airflow/example_dags/example_branch_python_dop_operator_3.py
[2025-03-30T03:35:52.771+0000] {logging_mixin.py:190} INFO - [2025-03-30T03:35:52.771+0000] {dag.py:3239} INFO - Sync 1 DAGs
[2025-03-30T03:35:52.780+0000] {logging_mixin.py:190} INFO - [2025-03-30T03:35:52.779+0000] {dag.py:4180} INFO - Setting next_dagrun for example_branch_dop_operator_v3 to 2025-03-30 03:34:00+00:00, run_after=2025-03-30 03:35:00+00:00
[2025-03-30T03:35:52.785+0000] {processor.py:208} INFO - Processing /home/airflow/.local/lib/python3.12/site-packages/airflow/example_dags/example_branch_python_dop_operator_3.py took 0.029 seconds
[2025-03-30T03:36:22.845+0000] {processor.py:186} INFO - Started process (PID=556) to work on /home/airflow/.local/lib/python3.12/site-packages/airflow/example_dags/example_branch_python_dop_operator_3.py
[2025-03-30T03:36:22.846+0000] {processor.py:914} INFO - Processing file /home/airflow/.local/lib/python3.12/site-packages/airflow/example_dags/example_branch_python_dop_operator_3.py for tasks to queue
[2025-03-30T03:36:22.847+0000] {logging_mixin.py:190} INFO - [2025-03-30T03:36:22.847+0000] {dagbag.py:588} INFO - Filling up the DagBag from /home/airflow/.local/lib/python3.12/site-packages/airflow/example_dags/example_branch_python_dop_operator_3.py
[2025-03-30T03:36:22.851+0000] {processor.py:925} INFO - DAG(s) 'example_branch_dop_operator_v3' retrieved from /home/airflow/.local/lib/python3.12/site-packages/airflow/example_dags/example_branch_python_dop_operator_3.py
[2025-03-30T03:36:22.858+0000] {logging_mixin.py:190} INFO - [2025-03-30T03:36:22.858+0000] {dag.py:3239} INFO - Sync 1 DAGs
[2025-03-30T03:36:22.867+0000] {logging_mixin.py:190} INFO - [2025-03-30T03:36:22.867+0000] {dag.py:4180} INFO - Setting next_dagrun for example_branch_dop_operator_v3 to 2025-03-30 03:35:00+00:00, run_after=2025-03-30 03:36:00+00:00
[2025-03-30T03:36:22.874+0000] {processor.py:208} INFO - Processing /home/airflow/.local/lib/python3.12/site-packages/airflow/example_dags/example_branch_python_dop_operator_3.py took 0.031 seconds
[2025-03-30T03:36:52.953+0000] {processor.py:186} INFO - Started process (PID=619) to work on /home/airflow/.local/lib/python3.12/site-packages/airflow/example_dags/example_branch_python_dop_operator_3.py
[2025-03-30T03:36:52.954+0000] {processor.py:914} INFO - Processing file /home/airflow/.local/lib/python3.12/site-packages/airflow/example_dags/example_branch_python_dop_operator_3.py for tasks to queue
[2025-03-30T03:36:52.958+0000] {logging_mixin.py:190} INFO - [2025-03-30T03:36:52.958+0000] {dagbag.py:588} INFO - Filling up the DagBag from /home/airflow/.local/lib/python3.12/site-packages/airflow/example_dags/example_branch_python_dop_operator_3.py
[2025-03-30T03:36:52.962+0000] {processor.py:925} INFO - DAG(s) 'example_branch_dop_operator_v3' retrieved from /home/airflow/.local/lib/python3.12/site-packages/airflow/example_dags/example_branch_python_dop_operator_3.py
[2025-03-30T03:36:52.969+0000] {logging_mixin.py:190} INFO - [2025-03-30T03:36:52.969+0000] {dag.py:3239} INFO - Sync 1 DAGs
[2025-03-30T03:36:52.978+0000] {logging_mixin.py:190} INFO - [2025-03-30T03:36:52.978+0000] {dag.py:4180} INFO - Setting next_dagrun for example_branch_dop_operator_v3 to 2025-03-30 03:35:00+00:00, run_after=2025-03-30 03:36:00+00:00
[2025-03-30T03:36:52.984+0000] {processor.py:208} INFO - Processing /home/airflow/.local/lib/python3.12/site-packages/airflow/example_dags/example_branch_python_dop_operator_3.py took 0.033 seconds
[2025-03-30T03:37:23.097+0000] {processor.py:186} INFO - Started process (PID=682) to work on /home/airflow/.local/lib/python3.12/site-packages/airflow/example_dags/example_branch_python_dop_operator_3.py
[2025-03-30T03:37:23.098+0000] {processor.py:914} INFO - Processing file /home/airflow/.local/lib/python3.12/site-packages/airflow/example_dags/example_branch_python_dop_operator_3.py for tasks to queue
[2025-03-30T03:37:23.102+0000] {logging_mixin.py:190} INFO - [2025-03-30T03:37:23.102+0000] {dagbag.py:588} INFO - Filling up the DagBag from /home/airflow/.local/lib/python3.12/site-packages/airflow/example_dags/example_branch_python_dop_operator_3.py
[2025-03-30T03:37:23.106+0000] {processor.py:925} INFO - DAG(s) 'example_branch_dop_operator_v3' retrieved from /home/airflow/.local/lib/python3.12/site-packages/airflow/example_dags/example_branch_python_dop_operator_3.py
[2025-03-30T03:37:23.112+0000] {logging_mixin.py:190} INFO - [2025-03-30T03:37:23.112+0000] {dag.py:3239} INFO - Sync 1 DAGs
[2025-03-30T03:37:23.120+0000] {logging_mixin.py:190} INFO - [2025-03-30T03:37:23.120+0000] {dag.py:4180} INFO - Setting next_dagrun for example_branch_dop_operator_v3 to 2025-03-30 03:36:00+00:00, run_after=2025-03-30 03:37:00+00:00
[2025-03-30T03:37:23.126+0000] {processor.py:208} INFO - Processing /home/airflow/.local/lib/python3.12/site-packages/airflow/example_dags/example_branch_python_dop_operator_3.py took 0.030 seconds
[2025-03-30T03:37:54.125+0000] {processor.py:186} INFO - Started process (PID=745) to work on /home/airflow/.local/lib/python3.12/site-packages/airflow/example_dags/example_branch_python_dop_operator_3.py
[2025-03-30T03:37:54.126+0000] {processor.py:914} INFO - Processing file /home/airflow/.local/lib/python3.12/site-packages/airflow/example_dags/example_branch_python_dop_operator_3.py for tasks to queue
[2025-03-30T03:37:54.127+0000] {logging_mixin.py:190} INFO - [2025-03-30T03:37:54.127+0000] {dagbag.py:588} INFO - Filling up the DagBag from /home/airflow/.local/lib/python3.12/site-packages/airflow/example_dags/example_branch_python_dop_operator_3.py
[2025-03-30T03:37:54.132+0000] {processor.py:925} INFO - DAG(s) 'example_branch_dop_operator_v3' retrieved from /home/airflow/.local/lib/python3.12/site-packages/airflow/example_dags/example_branch_python_dop_operator_3.py
[2025-03-30T03:37:54.139+0000] {logging_mixin.py:190} INFO - [2025-03-30T03:37:54.139+0000] {dag.py:3239} INFO - Sync 1 DAGs
[2025-03-30T03:37:54.148+0000] {logging_mixin.py:190} INFO - [2025-03-30T03:37:54.148+0000] {dag.py:4180} INFO - Setting next_dagrun for example_branch_dop_operator_v3 to 2025-03-30 03:36:00+00:00, run_after=2025-03-30 03:37:00+00:00
[2025-03-30T03:37:54.154+0000] {processor.py:208} INFO - Processing /home/airflow/.local/lib/python3.12/site-packages/airflow/example_dags/example_branch_python_dop_operator_3.py took 0.031 seconds
