[2025-03-30T03:32:21.460+0000] {processor.py:186} INFO - Started process (PID=95) to work on /home/airflow/.local/lib/python3.12/site-packages/airflow/example_dags/example_dag_decorator.py
[2025-03-30T03:32:21.461+0000] {processor.py:914} INFO - Processing file /home/airflow/.local/lib/python3.12/site-packages/airflow/example_dags/example_dag_decorator.py for tasks to queue
[2025-03-30T03:32:21.462+0000] {logging_mixin.py:190} INFO - [2025-03-30T03:32:21.462+0000] {dagbag.py:588} INFO - Filling up the DagBag from /home/airflow/.local/lib/python3.12/site-packages/airflow/example_dags/example_dag_decorator.py
[2025-03-30T03:32:21.614+0000] {processor.py:925} INFO - DAG(s) 'example_dag_decorator' retrieved from /home/airflow/.local/lib/python3.12/site-packages/airflow/example_dags/example_dag_decorator.py
[2025-03-30T03:32:21.658+0000] {logging_mixin.py:190} INFO - [2025-03-30T03:32:21.658+0000] {dag.py:3239} INFO - Sync 1 DAGs
[2025-03-30T03:32:21.663+0000] {logging_mixin.py:190} INFO - [2025-03-30T03:32:21.663+0000] {dag.py:4180} INFO - Setting next_dagrun for example_dag_decorator to None, run_after=None
[2025-03-30T03:32:21.670+0000] {processor.py:208} INFO - Processing /home/airflow/.local/lib/python3.12/site-packages/airflow/example_dags/example_dag_decorator.py took 0.212 seconds
[2025-03-30T03:32:52.550+0000] {processor.py:186} INFO - Started process (PID=158) to work on /home/airflow/.local/lib/python3.12/site-packages/airflow/example_dags/example_dag_decorator.py
[2025-03-30T03:32:52.551+0000] {processor.py:914} INFO - Processing file /home/airflow/.local/lib/python3.12/site-packages/airflow/example_dags/example_dag_decorator.py for tasks to queue
[2025-03-30T03:32:52.552+0000] {logging_mixin.py:190} INFO - [2025-03-30T03:32:52.552+0000] {dagbag.py:588} INFO - Filling up the DagBag from /home/airflow/.local/lib/python3.12/site-packages/airflow/example_dags/example_dag_decorator.py
[2025-03-30T03:32:52.596+0000] {processor.py:925} INFO - DAG(s) 'example_dag_decorator' retrieved from /home/airflow/.local/lib/python3.12/site-packages/airflow/example_dags/example_dag_decorator.py
[2025-03-30T03:32:52.640+0000] {logging_mixin.py:190} INFO - [2025-03-30T03:32:52.640+0000] {dag.py:3239} INFO - Sync 1 DAGs
[2025-03-30T03:32:52.644+0000] {logging_mixin.py:190} INFO - [2025-03-30T03:32:52.644+0000] {dag.py:4180} INFO - Setting next_dagrun for example_dag_decorator to None, run_after=None
[2025-03-30T03:32:52.651+0000] {processor.py:208} INFO - Processing /home/airflow/.local/lib/python3.12/site-packages/airflow/example_dags/example_dag_decorator.py took 0.106 seconds
[2025-03-30T03:33:23.602+0000] {processor.py:186} INFO - Started process (PID=221) to work on /home/airflow/.local/lib/python3.12/site-packages/airflow/example_dags/example_dag_decorator.py
[2025-03-30T03:33:23.603+0000] {processor.py:914} INFO - Processing file /home/airflow/.local/lib/python3.12/site-packages/airflow/example_dags/example_dag_decorator.py for tasks to queue
[2025-03-30T03:33:23.604+0000] {logging_mixin.py:190} INFO - [2025-03-30T03:33:23.604+0000] {dagbag.py:588} INFO - Filling up the DagBag from /home/airflow/.local/lib/python3.12/site-packages/airflow/example_dags/example_dag_decorator.py
[2025-03-30T03:33:23.646+0000] {processor.py:925} INFO - DAG(s) 'example_dag_decorator' retrieved from /home/airflow/.local/lib/python3.12/site-packages/airflow/example_dags/example_dag_decorator.py
[2025-03-30T03:33:23.682+0000] {logging_mixin.py:190} INFO - [2025-03-30T03:33:23.682+0000] {dag.py:3239} INFO - Sync 1 DAGs
[2025-03-30T03:33:23.686+0000] {logging_mixin.py:190} INFO - [2025-03-30T03:33:23.686+0000] {dag.py:4180} INFO - Setting next_dagrun for example_dag_decorator to None, run_after=None
[2025-03-30T03:33:23.692+0000] {processor.py:208} INFO - Processing /home/airflow/.local/lib/python3.12/site-packages/airflow/example_dags/example_dag_decorator.py took 0.094 seconds
[2025-03-30T03:33:54.530+0000] {processor.py:186} INFO - Started process (PID=284) to work on /home/airflow/.local/lib/python3.12/site-packages/airflow/example_dags/example_dag_decorator.py
[2025-03-30T03:33:54.531+0000] {processor.py:914} INFO - Processing file /home/airflow/.local/lib/python3.12/site-packages/airflow/example_dags/example_dag_decorator.py for tasks to queue
[2025-03-30T03:33:54.533+0000] {logging_mixin.py:190} INFO - [2025-03-30T03:33:54.533+0000] {dagbag.py:588} INFO - Filling up the DagBag from /home/airflow/.local/lib/python3.12/site-packages/airflow/example_dags/example_dag_decorator.py
[2025-03-30T03:33:54.575+0000] {processor.py:925} INFO - DAG(s) 'example_dag_decorator' retrieved from /home/airflow/.local/lib/python3.12/site-packages/airflow/example_dags/example_dag_decorator.py
[2025-03-30T03:33:54.612+0000] {logging_mixin.py:190} INFO - [2025-03-30T03:33:54.611+0000] {dag.py:3239} INFO - Sync 1 DAGs
[2025-03-30T03:33:54.616+0000] {logging_mixin.py:190} INFO - [2025-03-30T03:33:54.616+0000] {dag.py:4180} INFO - Setting next_dagrun for example_dag_decorator to None, run_after=None
[2025-03-30T03:33:54.623+0000] {processor.py:208} INFO - Processing /home/airflow/.local/lib/python3.12/site-packages/airflow/example_dags/example_dag_decorator.py took 0.098 seconds
[2025-03-30T03:34:24.635+0000] {processor.py:186} INFO - Started process (PID=346) to work on /home/airflow/.local/lib/python3.12/site-packages/airflow/example_dags/example_dag_decorator.py
[2025-03-30T03:34:24.635+0000] {processor.py:914} INFO - Processing file /home/airflow/.local/lib/python3.12/site-packages/airflow/example_dags/example_dag_decorator.py for tasks to queue
[2025-03-30T03:34:24.636+0000] {logging_mixin.py:190} INFO - [2025-03-30T03:34:24.636+0000] {dagbag.py:588} INFO - Filling up the DagBag from /home/airflow/.local/lib/python3.12/site-packages/airflow/example_dags/example_dag_decorator.py
[2025-03-30T03:34:24.666+0000] {processor.py:925} INFO - DAG(s) 'example_dag_decorator' retrieved from /home/airflow/.local/lib/python3.12/site-packages/airflow/example_dags/example_dag_decorator.py
[2025-03-30T03:34:24.699+0000] {logging_mixin.py:190} INFO - [2025-03-30T03:34:24.699+0000] {dag.py:3239} INFO - Sync 1 DAGs
[2025-03-30T03:34:24.702+0000] {logging_mixin.py:190} INFO - [2025-03-30T03:34:24.702+0000] {dag.py:4180} INFO - Setting next_dagrun for example_dag_decorator to None, run_after=None
[2025-03-30T03:34:24.708+0000] {processor.py:208} INFO - Processing /home/airflow/.local/lib/python3.12/site-packages/airflow/example_dags/example_dag_decorator.py took 0.075 seconds
[2025-03-30T03:34:55.760+0000] {processor.py:186} INFO - Started process (PID=409) to work on /home/airflow/.local/lib/python3.12/site-packages/airflow/example_dags/example_dag_decorator.py
[2025-03-30T03:34:55.761+0000] {processor.py:914} INFO - Processing file /home/airflow/.local/lib/python3.12/site-packages/airflow/example_dags/example_dag_decorator.py for tasks to queue
[2025-03-30T03:34:55.764+0000] {logging_mixin.py:190} INFO - [2025-03-30T03:34:55.763+0000] {dagbag.py:588} INFO - Filling up the DagBag from /home/airflow/.local/lib/python3.12/site-packages/airflow/example_dags/example_dag_decorator.py
[2025-03-30T03:34:55.799+0000] {processor.py:925} INFO - DAG(s) 'example_dag_decorator' retrieved from /home/airflow/.local/lib/python3.12/site-packages/airflow/example_dags/example_dag_decorator.py
[2025-03-30T03:34:55.835+0000] {logging_mixin.py:190} INFO - [2025-03-30T03:34:55.835+0000] {dag.py:3239} INFO - Sync 1 DAGs
[2025-03-30T03:34:55.839+0000] {logging_mixin.py:190} INFO - [2025-03-30T03:34:55.839+0000] {dag.py:4180} INFO - Setting next_dagrun for example_dag_decorator to None, run_after=None
[2025-03-30T03:34:55.845+0000] {processor.py:208} INFO - Processing /home/airflow/.local/lib/python3.12/site-packages/airflow/example_dags/example_dag_decorator.py took 0.087 seconds
[2025-03-30T03:35:26.911+0000] {processor.py:186} INFO - Started process (PID=472) to work on /home/airflow/.local/lib/python3.12/site-packages/airflow/example_dags/example_dag_decorator.py
[2025-03-30T03:35:26.911+0000] {processor.py:914} INFO - Processing file /home/airflow/.local/lib/python3.12/site-packages/airflow/example_dags/example_dag_decorator.py for tasks to queue
[2025-03-30T03:35:26.912+0000] {logging_mixin.py:190} INFO - [2025-03-30T03:35:26.912+0000] {dagbag.py:588} INFO - Filling up the DagBag from /home/airflow/.local/lib/python3.12/site-packages/airflow/example_dags/example_dag_decorator.py
[2025-03-30T03:35:26.946+0000] {processor.py:925} INFO - DAG(s) 'example_dag_decorator' retrieved from /home/airflow/.local/lib/python3.12/site-packages/airflow/example_dags/example_dag_decorator.py
[2025-03-30T03:35:26.982+0000] {logging_mixin.py:190} INFO - [2025-03-30T03:35:26.982+0000] {dag.py:3239} INFO - Sync 1 DAGs
[2025-03-30T03:35:26.986+0000] {logging_mixin.py:190} INFO - [2025-03-30T03:35:26.986+0000] {dag.py:4180} INFO - Setting next_dagrun for example_dag_decorator to None, run_after=None
[2025-03-30T03:35:26.994+0000] {processor.py:208} INFO - Processing /home/airflow/.local/lib/python3.12/site-packages/airflow/example_dags/example_dag_decorator.py took 0.086 seconds
[2025-03-30T03:35:58.012+0000] {processor.py:186} INFO - Started process (PID=534) to work on /home/airflow/.local/lib/python3.12/site-packages/airflow/example_dags/example_dag_decorator.py
[2025-03-30T03:35:58.015+0000] {processor.py:914} INFO - Processing file /home/airflow/.local/lib/python3.12/site-packages/airflow/example_dags/example_dag_decorator.py for tasks to queue
[2025-03-30T03:35:58.016+0000] {logging_mixin.py:190} INFO - [2025-03-30T03:35:58.016+0000] {dagbag.py:588} INFO - Filling up the DagBag from /home/airflow/.local/lib/python3.12/site-packages/airflow/example_dags/example_dag_decorator.py
[2025-03-30T03:35:58.053+0000] {processor.py:925} INFO - DAG(s) 'example_dag_decorator' retrieved from /home/airflow/.local/lib/python3.12/site-packages/airflow/example_dags/example_dag_decorator.py
[2025-03-30T03:35:58.090+0000] {logging_mixin.py:190} INFO - [2025-03-30T03:35:58.090+0000] {dag.py:3239} INFO - Sync 1 DAGs
[2025-03-30T03:35:58.094+0000] {logging_mixin.py:190} INFO - [2025-03-30T03:35:58.094+0000] {dag.py:4180} INFO - Setting next_dagrun for example_dag_decorator to None, run_after=None
[2025-03-30T03:35:58.102+0000] {processor.py:208} INFO - Processing /home/airflow/.local/lib/python3.12/site-packages/airflow/example_dags/example_dag_decorator.py took 0.092 seconds
[2025-03-30T03:36:29.105+0000] {processor.py:186} INFO - Started process (PID=597) to work on /home/airflow/.local/lib/python3.12/site-packages/airflow/example_dags/example_dag_decorator.py
[2025-03-30T03:36:29.107+0000] {processor.py:914} INFO - Processing file /home/airflow/.local/lib/python3.12/site-packages/airflow/example_dags/example_dag_decorator.py for tasks to queue
[2025-03-30T03:36:29.108+0000] {logging_mixin.py:190} INFO - [2025-03-30T03:36:29.108+0000] {dagbag.py:588} INFO - Filling up the DagBag from /home/airflow/.local/lib/python3.12/site-packages/airflow/example_dags/example_dag_decorator.py
[2025-03-30T03:36:29.144+0000] {processor.py:925} INFO - DAG(s) 'example_dag_decorator' retrieved from /home/airflow/.local/lib/python3.12/site-packages/airflow/example_dags/example_dag_decorator.py
[2025-03-30T03:36:29.185+0000] {logging_mixin.py:190} INFO - [2025-03-30T03:36:29.185+0000] {dag.py:3239} INFO - Sync 1 DAGs
[2025-03-30T03:36:29.193+0000] {logging_mixin.py:190} INFO - [2025-03-30T03:36:29.193+0000] {dag.py:4180} INFO - Setting next_dagrun for example_dag_decorator to None, run_after=None
[2025-03-30T03:36:29.202+0000] {processor.py:208} INFO - Processing /home/airflow/.local/lib/python3.12/site-packages/airflow/example_dags/example_dag_decorator.py took 0.099 seconds
[2025-03-30T03:37:00.317+0000] {processor.py:186} INFO - Started process (PID=660) to work on /home/airflow/.local/lib/python3.12/site-packages/airflow/example_dags/example_dag_decorator.py
[2025-03-30T03:37:00.317+0000] {processor.py:914} INFO - Processing file /home/airflow/.local/lib/python3.12/site-packages/airflow/example_dags/example_dag_decorator.py for tasks to queue
[2025-03-30T03:37:00.318+0000] {logging_mixin.py:190} INFO - [2025-03-30T03:37:00.318+0000] {dagbag.py:588} INFO - Filling up the DagBag from /home/airflow/.local/lib/python3.12/site-packages/airflow/example_dags/example_dag_decorator.py
[2025-03-30T03:37:00.351+0000] {processor.py:925} INFO - DAG(s) 'example_dag_decorator' retrieved from /home/airflow/.local/lib/python3.12/site-packages/airflow/example_dags/example_dag_decorator.py
[2025-03-30T03:37:00.387+0000] {logging_mixin.py:190} INFO - [2025-03-30T03:37:00.386+0000] {dag.py:3239} INFO - Sync 1 DAGs
[2025-03-30T03:37:00.391+0000] {logging_mixin.py:190} INFO - [2025-03-30T03:37:00.391+0000] {dag.py:4180} INFO - Setting next_dagrun for example_dag_decorator to None, run_after=None
[2025-03-30T03:37:00.397+0000] {processor.py:208} INFO - Processing /home/airflow/.local/lib/python3.12/site-packages/airflow/example_dags/example_dag_decorator.py took 0.083 seconds
[2025-03-30T03:37:31.345+0000] {processor.py:186} INFO - Started process (PID=723) to work on /home/airflow/.local/lib/python3.12/site-packages/airflow/example_dags/example_dag_decorator.py
[2025-03-30T03:37:31.346+0000] {processor.py:914} INFO - Processing file /home/airflow/.local/lib/python3.12/site-packages/airflow/example_dags/example_dag_decorator.py for tasks to queue
[2025-03-30T03:37:31.351+0000] {logging_mixin.py:190} INFO - [2025-03-30T03:37:31.350+0000] {dagbag.py:588} INFO - Filling up the DagBag from /home/airflow/.local/lib/python3.12/site-packages/airflow/example_dags/example_dag_decorator.py
[2025-03-30T03:37:31.385+0000] {processor.py:925} INFO - DAG(s) 'example_dag_decorator' retrieved from /home/airflow/.local/lib/python3.12/site-packages/airflow/example_dags/example_dag_decorator.py
[2025-03-30T03:37:31.423+0000] {logging_mixin.py:190} INFO - [2025-03-30T03:37:31.422+0000] {dag.py:3239} INFO - Sync 1 DAGs
[2025-03-30T03:37:31.427+0000] {logging_mixin.py:190} INFO - [2025-03-30T03:37:31.427+0000] {dag.py:4180} INFO - Setting next_dagrun for example_dag_decorator to None, run_after=None
[2025-03-30T03:37:31.433+0000] {processor.py:208} INFO - Processing /home/airflow/.local/lib/python3.12/site-packages/airflow/example_dags/example_dag_decorator.py took 0.091 seconds
[2025-03-30T03:38:02.441+0000] {processor.py:186} INFO - Started process (PID=786) to work on /home/airflow/.local/lib/python3.12/site-packages/airflow/example_dags/example_dag_decorator.py
[2025-03-30T03:38:02.442+0000] {processor.py:914} INFO - Processing file /home/airflow/.local/lib/python3.12/site-packages/airflow/example_dags/example_dag_decorator.py for tasks to queue
[2025-03-30T03:38:02.443+0000] {logging_mixin.py:190} INFO - [2025-03-30T03:38:02.443+0000] {dagbag.py:588} INFO - Filling up the DagBag from /home/airflow/.local/lib/python3.12/site-packages/airflow/example_dags/example_dag_decorator.py
[2025-03-30T03:38:02.478+0000] {processor.py:925} INFO - DAG(s) 'example_dag_decorator' retrieved from /home/airflow/.local/lib/python3.12/site-packages/airflow/example_dags/example_dag_decorator.py
[2025-03-30T03:38:02.514+0000] {logging_mixin.py:190} INFO - [2025-03-30T03:38:02.513+0000] {dag.py:3239} INFO - Sync 1 DAGs
[2025-03-30T03:38:02.520+0000] {logging_mixin.py:190} INFO - [2025-03-30T03:38:02.520+0000] {dag.py:4180} INFO - Setting next_dagrun for example_dag_decorator to None, run_after=None
[2025-03-30T03:38:02.527+0000] {processor.py:208} INFO - Processing /home/airflow/.local/lib/python3.12/site-packages/airflow/example_dags/example_dag_decorator.py took 0.087 seconds
[2025-03-30T11:24:53.998+0000] {processor.py:186} INFO - Started process (PID=96) to work on /home/airflow/.local/lib/python3.12/site-packages/airflow/example_dags/example_dag_decorator.py
[2025-03-30T11:24:53.999+0000] {processor.py:914} INFO - Processing file /home/airflow/.local/lib/python3.12/site-packages/airflow/example_dags/example_dag_decorator.py for tasks to queue
[2025-03-30T11:24:54.000+0000] {logging_mixin.py:190} INFO - [2025-03-30T11:24:53.999+0000] {dagbag.py:588} INFO - Filling up the DagBag from /home/airflow/.local/lib/python3.12/site-packages/airflow/example_dags/example_dag_decorator.py
[2025-03-30T11:24:54.158+0000] {processor.py:925} INFO - DAG(s) 'example_dag_decorator' retrieved from /home/airflow/.local/lib/python3.12/site-packages/airflow/example_dags/example_dag_decorator.py
[2025-03-30T11:24:54.203+0000] {logging_mixin.py:190} INFO - [2025-03-30T11:24:54.203+0000] {dag.py:3239} INFO - Sync 1 DAGs
[2025-03-30T11:24:54.207+0000] {logging_mixin.py:190} INFO - [2025-03-30T11:24:54.207+0000] {dag.py:4180} INFO - Setting next_dagrun for example_dag_decorator to None, run_after=None
[2025-03-30T11:24:54.217+0000] {processor.py:208} INFO - Processing /home/airflow/.local/lib/python3.12/site-packages/airflow/example_dags/example_dag_decorator.py took 0.221 seconds
[2025-03-30T11:25:24.353+0000] {processor.py:186} INFO - Started process (PID=160) to work on /home/airflow/.local/lib/python3.12/site-packages/airflow/example_dags/example_dag_decorator.py
[2025-03-30T11:25:24.353+0000] {processor.py:914} INFO - Processing file /home/airflow/.local/lib/python3.12/site-packages/airflow/example_dags/example_dag_decorator.py for tasks to queue
[2025-03-30T11:25:24.354+0000] {logging_mixin.py:190} INFO - [2025-03-30T11:25:24.354+0000] {dagbag.py:588} INFO - Filling up the DagBag from /home/airflow/.local/lib/python3.12/site-packages/airflow/example_dags/example_dag_decorator.py
[2025-03-30T11:25:24.392+0000] {processor.py:925} INFO - DAG(s) 'example_dag_decorator' retrieved from /home/airflow/.local/lib/python3.12/site-packages/airflow/example_dags/example_dag_decorator.py
[2025-03-30T11:25:24.437+0000] {logging_mixin.py:190} INFO - [2025-03-30T11:25:24.437+0000] {dag.py:3239} INFO - Sync 1 DAGs
[2025-03-30T11:25:24.443+0000] {logging_mixin.py:190} INFO - [2025-03-30T11:25:24.443+0000] {dag.py:4180} INFO - Setting next_dagrun for example_dag_decorator to None, run_after=None
[2025-03-30T11:25:24.451+0000] {processor.py:208} INFO - Processing /home/airflow/.local/lib/python3.12/site-packages/airflow/example_dags/example_dag_decorator.py took 0.101 seconds
[2025-03-30T11:25:54.517+0000] {processor.py:186} INFO - Started process (PID=225) to work on /home/airflow/.local/lib/python3.12/site-packages/airflow/example_dags/example_dag_decorator.py
[2025-03-30T11:25:54.517+0000] {processor.py:914} INFO - Processing file /home/airflow/.local/lib/python3.12/site-packages/airflow/example_dags/example_dag_decorator.py for tasks to queue
[2025-03-30T11:25:54.518+0000] {logging_mixin.py:190} INFO - [2025-03-30T11:25:54.518+0000] {dagbag.py:588} INFO - Filling up the DagBag from /home/airflow/.local/lib/python3.12/site-packages/airflow/example_dags/example_dag_decorator.py
[2025-03-30T11:25:54.558+0000] {processor.py:925} INFO - DAG(s) 'example_dag_decorator' retrieved from /home/airflow/.local/lib/python3.12/site-packages/airflow/example_dags/example_dag_decorator.py
[2025-03-30T11:25:54.605+0000] {logging_mixin.py:190} INFO - [2025-03-30T11:25:54.604+0000] {dag.py:3239} INFO - Sync 1 DAGs
[2025-03-30T11:25:54.609+0000] {logging_mixin.py:190} INFO - [2025-03-30T11:25:54.609+0000] {dag.py:4180} INFO - Setting next_dagrun for example_dag_decorator to None, run_after=None
[2025-03-30T11:25:54.615+0000] {processor.py:208} INFO - Processing /home/airflow/.local/lib/python3.12/site-packages/airflow/example_dags/example_dag_decorator.py took 0.100 seconds
[2025-03-30T11:26:25.860+0000] {processor.py:186} INFO - Started process (PID=289) to work on /home/airflow/.local/lib/python3.12/site-packages/airflow/example_dags/example_dag_decorator.py
[2025-03-30T11:26:25.864+0000] {processor.py:914} INFO - Processing file /home/airflow/.local/lib/python3.12/site-packages/airflow/example_dags/example_dag_decorator.py for tasks to queue
[2025-03-30T11:26:25.865+0000] {logging_mixin.py:190} INFO - [2025-03-30T11:26:25.865+0000] {dagbag.py:588} INFO - Filling up the DagBag from /home/airflow/.local/lib/python3.12/site-packages/airflow/example_dags/example_dag_decorator.py
[2025-03-30T11:26:25.902+0000] {processor.py:925} INFO - DAG(s) 'example_dag_decorator' retrieved from /home/airflow/.local/lib/python3.12/site-packages/airflow/example_dags/example_dag_decorator.py
[2025-03-30T11:26:25.938+0000] {logging_mixin.py:190} INFO - [2025-03-30T11:26:25.938+0000] {dag.py:3239} INFO - Sync 1 DAGs
[2025-03-30T11:26:25.942+0000] {logging_mixin.py:190} INFO - [2025-03-30T11:26:25.942+0000] {dag.py:4180} INFO - Setting next_dagrun for example_dag_decorator to None, run_after=None
[2025-03-30T11:26:25.947+0000] {processor.py:208} INFO - Processing /home/airflow/.local/lib/python3.12/site-packages/airflow/example_dags/example_dag_decorator.py took 0.089 seconds
[2025-03-30T11:26:56.153+0000] {processor.py:186} INFO - Started process (PID=351) to work on /home/airflow/.local/lib/python3.12/site-packages/airflow/example_dags/example_dag_decorator.py
[2025-03-30T11:26:56.155+0000] {processor.py:914} INFO - Processing file /home/airflow/.local/lib/python3.12/site-packages/airflow/example_dags/example_dag_decorator.py for tasks to queue
[2025-03-30T11:26:56.156+0000] {logging_mixin.py:190} INFO - [2025-03-30T11:26:56.156+0000] {dagbag.py:588} INFO - Filling up the DagBag from /home/airflow/.local/lib/python3.12/site-packages/airflow/example_dags/example_dag_decorator.py
[2025-03-30T11:26:56.197+0000] {processor.py:925} INFO - DAG(s) 'example_dag_decorator' retrieved from /home/airflow/.local/lib/python3.12/site-packages/airflow/example_dags/example_dag_decorator.py
[2025-03-30T11:26:56.234+0000] {logging_mixin.py:190} INFO - [2025-03-30T11:26:56.234+0000] {dag.py:3239} INFO - Sync 1 DAGs
[2025-03-30T11:26:56.239+0000] {logging_mixin.py:190} INFO - [2025-03-30T11:26:56.239+0000] {dag.py:4180} INFO - Setting next_dagrun for example_dag_decorator to None, run_after=None
[2025-03-30T11:26:56.248+0000] {processor.py:208} INFO - Processing /home/airflow/.local/lib/python3.12/site-packages/airflow/example_dags/example_dag_decorator.py took 0.097 seconds
[2025-03-30T11:27:26.446+0000] {processor.py:186} INFO - Started process (PID=415) to work on /home/airflow/.local/lib/python3.12/site-packages/airflow/example_dags/example_dag_decorator.py
[2025-03-30T11:27:26.446+0000] {processor.py:914} INFO - Processing file /home/airflow/.local/lib/python3.12/site-packages/airflow/example_dags/example_dag_decorator.py for tasks to queue
[2025-03-30T11:27:26.448+0000] {logging_mixin.py:190} INFO - [2025-03-30T11:27:26.448+0000] {dagbag.py:588} INFO - Filling up the DagBag from /home/airflow/.local/lib/python3.12/site-packages/airflow/example_dags/example_dag_decorator.py
[2025-03-30T11:27:26.486+0000] {processor.py:925} INFO - DAG(s) 'example_dag_decorator' retrieved from /home/airflow/.local/lib/python3.12/site-packages/airflow/example_dags/example_dag_decorator.py
[2025-03-30T11:27:26.527+0000] {logging_mixin.py:190} INFO - [2025-03-30T11:27:26.527+0000] {dag.py:3239} INFO - Sync 1 DAGs
[2025-03-30T11:27:26.533+0000] {logging_mixin.py:190} INFO - [2025-03-30T11:27:26.533+0000] {dag.py:4180} INFO - Setting next_dagrun for example_dag_decorator to None, run_after=None
[2025-03-30T11:27:26.540+0000] {processor.py:208} INFO - Processing /home/airflow/.local/lib/python3.12/site-packages/airflow/example_dags/example_dag_decorator.py took 0.096 seconds
[2025-03-30T11:27:57.675+0000] {processor.py:186} INFO - Started process (PID=479) to work on /home/airflow/.local/lib/python3.12/site-packages/airflow/example_dags/example_dag_decorator.py
[2025-03-30T11:27:57.676+0000] {processor.py:914} INFO - Processing file /home/airflow/.local/lib/python3.12/site-packages/airflow/example_dags/example_dag_decorator.py for tasks to queue
[2025-03-30T11:27:57.678+0000] {logging_mixin.py:190} INFO - [2025-03-30T11:27:57.677+0000] {dagbag.py:588} INFO - Filling up the DagBag from /home/airflow/.local/lib/python3.12/site-packages/airflow/example_dags/example_dag_decorator.py
[2025-03-30T11:27:57.715+0000] {processor.py:925} INFO - DAG(s) 'example_dag_decorator' retrieved from /home/airflow/.local/lib/python3.12/site-packages/airflow/example_dags/example_dag_decorator.py
[2025-03-30T11:27:57.761+0000] {logging_mixin.py:190} INFO - [2025-03-30T11:27:57.761+0000] {dag.py:3239} INFO - Sync 1 DAGs
[2025-03-30T11:27:57.765+0000] {logging_mixin.py:190} INFO - [2025-03-30T11:27:57.765+0000] {dag.py:4180} INFO - Setting next_dagrun for example_dag_decorator to None, run_after=None
[2025-03-30T11:27:57.779+0000] {processor.py:208} INFO - Processing /home/airflow/.local/lib/python3.12/site-packages/airflow/example_dags/example_dag_decorator.py took 0.107 seconds
[2025-03-30T11:28:28.248+0000] {processor.py:186} INFO - Started process (PID=544) to work on /home/airflow/.local/lib/python3.12/site-packages/airflow/example_dags/example_dag_decorator.py
[2025-03-30T11:28:28.250+0000] {processor.py:914} INFO - Processing file /home/airflow/.local/lib/python3.12/site-packages/airflow/example_dags/example_dag_decorator.py for tasks to queue
[2025-03-30T11:28:28.251+0000] {logging_mixin.py:190} INFO - [2025-03-30T11:28:28.251+0000] {dagbag.py:588} INFO - Filling up the DagBag from /home/airflow/.local/lib/python3.12/site-packages/airflow/example_dags/example_dag_decorator.py
[2025-03-30T11:28:28.290+0000] {processor.py:925} INFO - DAG(s) 'example_dag_decorator' retrieved from /home/airflow/.local/lib/python3.12/site-packages/airflow/example_dags/example_dag_decorator.py
[2025-03-30T11:28:28.327+0000] {logging_mixin.py:190} INFO - [2025-03-30T11:28:28.327+0000] {dag.py:3239} INFO - Sync 1 DAGs
[2025-03-30T11:28:28.331+0000] {logging_mixin.py:190} INFO - [2025-03-30T11:28:28.331+0000] {dag.py:4180} INFO - Setting next_dagrun for example_dag_decorator to None, run_after=None
[2025-03-30T11:28:28.338+0000] {processor.py:208} INFO - Processing /home/airflow/.local/lib/python3.12/site-packages/airflow/example_dags/example_dag_decorator.py took 0.091 seconds
[2025-03-30T11:28:58.981+0000] {processor.py:186} INFO - Started process (PID=609) to work on /home/airflow/.local/lib/python3.12/site-packages/airflow/example_dags/example_dag_decorator.py
[2025-03-30T11:28:58.982+0000] {processor.py:914} INFO - Processing file /home/airflow/.local/lib/python3.12/site-packages/airflow/example_dags/example_dag_decorator.py for tasks to queue
[2025-03-30T11:28:58.984+0000] {logging_mixin.py:190} INFO - [2025-03-30T11:28:58.984+0000] {dagbag.py:588} INFO - Filling up the DagBag from /home/airflow/.local/lib/python3.12/site-packages/airflow/example_dags/example_dag_decorator.py
[2025-03-30T11:28:59.035+0000] {processor.py:925} INFO - DAG(s) 'example_dag_decorator' retrieved from /home/airflow/.local/lib/python3.12/site-packages/airflow/example_dags/example_dag_decorator.py
[2025-03-30T11:28:59.091+0000] {logging_mixin.py:190} INFO - [2025-03-30T11:28:59.091+0000] {dag.py:3239} INFO - Sync 1 DAGs
[2025-03-30T11:28:59.097+0000] {logging_mixin.py:190} INFO - [2025-03-30T11:28:59.097+0000] {dag.py:4180} INFO - Setting next_dagrun for example_dag_decorator to None, run_after=None
[2025-03-30T11:28:59.109+0000] {processor.py:208} INFO - Processing /home/airflow/.local/lib/python3.12/site-packages/airflow/example_dags/example_dag_decorator.py took 0.130 seconds
[2025-03-30T11:29:29.333+0000] {processor.py:186} INFO - Started process (PID=672) to work on /home/airflow/.local/lib/python3.12/site-packages/airflow/example_dags/example_dag_decorator.py
[2025-03-30T11:29:29.335+0000] {processor.py:914} INFO - Processing file /home/airflow/.local/lib/python3.12/site-packages/airflow/example_dags/example_dag_decorator.py for tasks to queue
[2025-03-30T11:29:29.337+0000] {logging_mixin.py:190} INFO - [2025-03-30T11:29:29.337+0000] {dagbag.py:588} INFO - Filling up the DagBag from /home/airflow/.local/lib/python3.12/site-packages/airflow/example_dags/example_dag_decorator.py
[2025-03-30T11:29:29.378+0000] {processor.py:925} INFO - DAG(s) 'example_dag_decorator' retrieved from /home/airflow/.local/lib/python3.12/site-packages/airflow/example_dags/example_dag_decorator.py
[2025-03-30T11:29:29.423+0000] {logging_mixin.py:190} INFO - [2025-03-30T11:29:29.422+0000] {dag.py:3239} INFO - Sync 1 DAGs
[2025-03-30T11:29:29.427+0000] {logging_mixin.py:190} INFO - [2025-03-30T11:29:29.427+0000] {dag.py:4180} INFO - Setting next_dagrun for example_dag_decorator to None, run_after=None
[2025-03-30T11:29:29.437+0000] {processor.py:208} INFO - Processing /home/airflow/.local/lib/python3.12/site-packages/airflow/example_dags/example_dag_decorator.py took 0.107 seconds
[2025-03-30T11:29:59.846+0000] {processor.py:186} INFO - Started process (PID=736) to work on /home/airflow/.local/lib/python3.12/site-packages/airflow/example_dags/example_dag_decorator.py
[2025-03-30T11:29:59.847+0000] {processor.py:914} INFO - Processing file /home/airflow/.local/lib/python3.12/site-packages/airflow/example_dags/example_dag_decorator.py for tasks to queue
[2025-03-30T11:29:59.847+0000] {logging_mixin.py:190} INFO - [2025-03-30T11:29:59.847+0000] {dagbag.py:588} INFO - Filling up the DagBag from /home/airflow/.local/lib/python3.12/site-packages/airflow/example_dags/example_dag_decorator.py
[2025-03-30T11:29:59.885+0000] {processor.py:925} INFO - DAG(s) 'example_dag_decorator' retrieved from /home/airflow/.local/lib/python3.12/site-packages/airflow/example_dags/example_dag_decorator.py
[2025-03-30T11:29:59.920+0000] {logging_mixin.py:190} INFO - [2025-03-30T11:29:59.920+0000] {dag.py:3239} INFO - Sync 1 DAGs
[2025-03-30T11:29:59.925+0000] {logging_mixin.py:190} INFO - [2025-03-30T11:29:59.925+0000] {dag.py:4180} INFO - Setting next_dagrun for example_dag_decorator to None, run_after=None
[2025-03-30T11:29:59.933+0000] {processor.py:208} INFO - Processing /home/airflow/.local/lib/python3.12/site-packages/airflow/example_dags/example_dag_decorator.py took 0.090 seconds
[2025-03-30T11:30:31.048+0000] {processor.py:186} INFO - Started process (PID=800) to work on /home/airflow/.local/lib/python3.12/site-packages/airflow/example_dags/example_dag_decorator.py
[2025-03-30T11:30:31.049+0000] {processor.py:914} INFO - Processing file /home/airflow/.local/lib/python3.12/site-packages/airflow/example_dags/example_dag_decorator.py for tasks to queue
[2025-03-30T11:30:31.050+0000] {logging_mixin.py:190} INFO - [2025-03-30T11:30:31.050+0000] {dagbag.py:588} INFO - Filling up the DagBag from /home/airflow/.local/lib/python3.12/site-packages/airflow/example_dags/example_dag_decorator.py
[2025-03-30T11:30:31.085+0000] {processor.py:925} INFO - DAG(s) 'example_dag_decorator' retrieved from /home/airflow/.local/lib/python3.12/site-packages/airflow/example_dags/example_dag_decorator.py
[2025-03-30T11:30:31.126+0000] {logging_mixin.py:190} INFO - [2025-03-30T11:30:31.126+0000] {dag.py:3239} INFO - Sync 1 DAGs
[2025-03-30T11:30:31.130+0000] {logging_mixin.py:190} INFO - [2025-03-30T11:30:31.130+0000] {dag.py:4180} INFO - Setting next_dagrun for example_dag_decorator to None, run_after=None
[2025-03-30T11:30:31.137+0000] {processor.py:208} INFO - Processing /home/airflow/.local/lib/python3.12/site-packages/airflow/example_dags/example_dag_decorator.py took 0.090 seconds
[2025-03-30T11:31:02.343+0000] {processor.py:186} INFO - Started process (PID=864) to work on /home/airflow/.local/lib/python3.12/site-packages/airflow/example_dags/example_dag_decorator.py
[2025-03-30T11:31:02.345+0000] {processor.py:914} INFO - Processing file /home/airflow/.local/lib/python3.12/site-packages/airflow/example_dags/example_dag_decorator.py for tasks to queue
[2025-03-30T11:31:02.347+0000] {logging_mixin.py:190} INFO - [2025-03-30T11:31:02.346+0000] {dagbag.py:588} INFO - Filling up the DagBag from /home/airflow/.local/lib/python3.12/site-packages/airflow/example_dags/example_dag_decorator.py
[2025-03-30T11:31:02.382+0000] {processor.py:925} INFO - DAG(s) 'example_dag_decorator' retrieved from /home/airflow/.local/lib/python3.12/site-packages/airflow/example_dags/example_dag_decorator.py
[2025-03-30T11:31:02.425+0000] {logging_mixin.py:190} INFO - [2025-03-30T11:31:02.425+0000] {dag.py:3239} INFO - Sync 1 DAGs
[2025-03-30T11:31:02.429+0000] {logging_mixin.py:190} INFO - [2025-03-30T11:31:02.429+0000] {dag.py:4180} INFO - Setting next_dagrun for example_dag_decorator to None, run_after=None
[2025-03-30T11:31:02.436+0000] {processor.py:208} INFO - Processing /home/airflow/.local/lib/python3.12/site-packages/airflow/example_dags/example_dag_decorator.py took 0.096 seconds
[2025-03-30T11:31:32.638+0000] {processor.py:186} INFO - Started process (PID=928) to work on /home/airflow/.local/lib/python3.12/site-packages/airflow/example_dags/example_dag_decorator.py
[2025-03-30T11:31:32.640+0000] {processor.py:914} INFO - Processing file /home/airflow/.local/lib/python3.12/site-packages/airflow/example_dags/example_dag_decorator.py for tasks to queue
[2025-03-30T11:31:32.641+0000] {logging_mixin.py:190} INFO - [2025-03-30T11:31:32.641+0000] {dagbag.py:588} INFO - Filling up the DagBag from /home/airflow/.local/lib/python3.12/site-packages/airflow/example_dags/example_dag_decorator.py
[2025-03-30T11:31:32.678+0000] {processor.py:925} INFO - DAG(s) 'example_dag_decorator' retrieved from /home/airflow/.local/lib/python3.12/site-packages/airflow/example_dags/example_dag_decorator.py
[2025-03-30T11:31:32.720+0000] {logging_mixin.py:190} INFO - [2025-03-30T11:31:32.720+0000] {dag.py:3239} INFO - Sync 1 DAGs
[2025-03-30T11:31:32.727+0000] {logging_mixin.py:190} INFO - [2025-03-30T11:31:32.727+0000] {dag.py:4180} INFO - Setting next_dagrun for example_dag_decorator to None, run_after=None
[2025-03-30T11:31:32.733+0000] {processor.py:208} INFO - Processing /home/airflow/.local/lib/python3.12/site-packages/airflow/example_dags/example_dag_decorator.py took 0.097 seconds
[2025-03-30T11:32:03.809+0000] {processor.py:186} INFO - Started process (PID=991) to work on /home/airflow/.local/lib/python3.12/site-packages/airflow/example_dags/example_dag_decorator.py
[2025-03-30T11:32:03.812+0000] {processor.py:914} INFO - Processing file /home/airflow/.local/lib/python3.12/site-packages/airflow/example_dags/example_dag_decorator.py for tasks to queue
[2025-03-30T11:32:03.814+0000] {logging_mixin.py:190} INFO - [2025-03-30T11:32:03.813+0000] {dagbag.py:588} INFO - Filling up the DagBag from /home/airflow/.local/lib/python3.12/site-packages/airflow/example_dags/example_dag_decorator.py
[2025-03-30T11:32:03.850+0000] {processor.py:925} INFO - DAG(s) 'example_dag_decorator' retrieved from /home/airflow/.local/lib/python3.12/site-packages/airflow/example_dags/example_dag_decorator.py
[2025-03-30T11:32:03.886+0000] {logging_mixin.py:190} INFO - [2025-03-30T11:32:03.886+0000] {dag.py:3239} INFO - Sync 1 DAGs
[2025-03-30T11:32:03.890+0000] {logging_mixin.py:190} INFO - [2025-03-30T11:32:03.890+0000] {dag.py:4180} INFO - Setting next_dagrun for example_dag_decorator to None, run_after=None
[2025-03-30T11:32:03.898+0000] {processor.py:208} INFO - Processing /home/airflow/.local/lib/python3.12/site-packages/airflow/example_dags/example_dag_decorator.py took 0.091 seconds
[2025-03-30T11:32:35.057+0000] {processor.py:186} INFO - Started process (PID=1055) to work on /home/airflow/.local/lib/python3.12/site-packages/airflow/example_dags/example_dag_decorator.py
[2025-03-30T11:32:35.057+0000] {processor.py:914} INFO - Processing file /home/airflow/.local/lib/python3.12/site-packages/airflow/example_dags/example_dag_decorator.py for tasks to queue
[2025-03-30T11:32:35.058+0000] {logging_mixin.py:190} INFO - [2025-03-30T11:32:35.058+0000] {dagbag.py:588} INFO - Filling up the DagBag from /home/airflow/.local/lib/python3.12/site-packages/airflow/example_dags/example_dag_decorator.py
[2025-03-30T11:32:35.098+0000] {processor.py:925} INFO - DAG(s) 'example_dag_decorator' retrieved from /home/airflow/.local/lib/python3.12/site-packages/airflow/example_dags/example_dag_decorator.py
[2025-03-30T11:32:35.135+0000] {logging_mixin.py:190} INFO - [2025-03-30T11:32:35.135+0000] {dag.py:3239} INFO - Sync 1 DAGs
[2025-03-30T11:32:35.140+0000] {logging_mixin.py:190} INFO - [2025-03-30T11:32:35.140+0000] {dag.py:4180} INFO - Setting next_dagrun for example_dag_decorator to None, run_after=None
[2025-03-30T11:32:35.149+0000] {processor.py:208} INFO - Processing /home/airflow/.local/lib/python3.12/site-packages/airflow/example_dags/example_dag_decorator.py took 0.095 seconds
[2025-03-30T11:33:06.189+0000] {processor.py:186} INFO - Started process (PID=1119) to work on /home/airflow/.local/lib/python3.12/site-packages/airflow/example_dags/example_dag_decorator.py
[2025-03-30T11:33:06.191+0000] {processor.py:914} INFO - Processing file /home/airflow/.local/lib/python3.12/site-packages/airflow/example_dags/example_dag_decorator.py for tasks to queue
[2025-03-30T11:33:06.193+0000] {logging_mixin.py:190} INFO - [2025-03-30T11:33:06.193+0000] {dagbag.py:588} INFO - Filling up the DagBag from /home/airflow/.local/lib/python3.12/site-packages/airflow/example_dags/example_dag_decorator.py
[2025-03-30T11:33:06.227+0000] {processor.py:925} INFO - DAG(s) 'example_dag_decorator' retrieved from /home/airflow/.local/lib/python3.12/site-packages/airflow/example_dags/example_dag_decorator.py
[2025-03-30T11:33:06.262+0000] {logging_mixin.py:190} INFO - [2025-03-30T11:33:06.262+0000] {dag.py:3239} INFO - Sync 1 DAGs
[2025-03-30T11:33:06.267+0000] {logging_mixin.py:190} INFO - [2025-03-30T11:33:06.267+0000] {dag.py:4180} INFO - Setting next_dagrun for example_dag_decorator to None, run_after=None
[2025-03-30T11:33:06.272+0000] {processor.py:208} INFO - Processing /home/airflow/.local/lib/python3.12/site-packages/airflow/example_dags/example_dag_decorator.py took 0.086 seconds
[2025-03-30T11:33:37.351+0000] {processor.py:186} INFO - Started process (PID=1183) to work on /home/airflow/.local/lib/python3.12/site-packages/airflow/example_dags/example_dag_decorator.py
[2025-03-30T11:33:37.351+0000] {processor.py:914} INFO - Processing file /home/airflow/.local/lib/python3.12/site-packages/airflow/example_dags/example_dag_decorator.py for tasks to queue
[2025-03-30T11:33:37.354+0000] {logging_mixin.py:190} INFO - [2025-03-30T11:33:37.353+0000] {dagbag.py:588} INFO - Filling up the DagBag from /home/airflow/.local/lib/python3.12/site-packages/airflow/example_dags/example_dag_decorator.py
[2025-03-30T11:33:37.391+0000] {processor.py:925} INFO - DAG(s) 'example_dag_decorator' retrieved from /home/airflow/.local/lib/python3.12/site-packages/airflow/example_dags/example_dag_decorator.py
[2025-03-30T11:33:37.429+0000] {logging_mixin.py:190} INFO - [2025-03-30T11:33:37.429+0000] {dag.py:3239} INFO - Sync 1 DAGs
[2025-03-30T11:33:37.435+0000] {logging_mixin.py:190} INFO - [2025-03-30T11:33:37.435+0000] {dag.py:4180} INFO - Setting next_dagrun for example_dag_decorator to None, run_after=None
[2025-03-30T11:33:37.444+0000] {processor.py:208} INFO - Processing /home/airflow/.local/lib/python3.12/site-packages/airflow/example_dags/example_dag_decorator.py took 0.095 seconds
[2025-03-30T11:34:08.646+0000] {processor.py:186} INFO - Started process (PID=1247) to work on /home/airflow/.local/lib/python3.12/site-packages/airflow/example_dags/example_dag_decorator.py
[2025-03-30T11:34:08.647+0000] {processor.py:914} INFO - Processing file /home/airflow/.local/lib/python3.12/site-packages/airflow/example_dags/example_dag_decorator.py for tasks to queue
[2025-03-30T11:34:08.648+0000] {logging_mixin.py:190} INFO - [2025-03-30T11:34:08.648+0000] {dagbag.py:588} INFO - Filling up the DagBag from /home/airflow/.local/lib/python3.12/site-packages/airflow/example_dags/example_dag_decorator.py
[2025-03-30T11:34:08.684+0000] {processor.py:925} INFO - DAG(s) 'example_dag_decorator' retrieved from /home/airflow/.local/lib/python3.12/site-packages/airflow/example_dags/example_dag_decorator.py
[2025-03-30T11:34:08.724+0000] {logging_mixin.py:190} INFO - [2025-03-30T11:34:08.724+0000] {dag.py:3239} INFO - Sync 1 DAGs
[2025-03-30T11:34:08.728+0000] {logging_mixin.py:190} INFO - [2025-03-30T11:34:08.728+0000] {dag.py:4180} INFO - Setting next_dagrun for example_dag_decorator to None, run_after=None
[2025-03-30T11:34:08.737+0000] {processor.py:208} INFO - Processing /home/airflow/.local/lib/python3.12/site-packages/airflow/example_dags/example_dag_decorator.py took 0.093 seconds
[2025-03-30T11:34:40.041+0000] {processor.py:186} INFO - Started process (PID=1311) to work on /home/airflow/.local/lib/python3.12/site-packages/airflow/example_dags/example_dag_decorator.py
[2025-03-30T11:34:40.042+0000] {processor.py:914} INFO - Processing file /home/airflow/.local/lib/python3.12/site-packages/airflow/example_dags/example_dag_decorator.py for tasks to queue
[2025-03-30T11:34:40.043+0000] {logging_mixin.py:190} INFO - [2025-03-30T11:34:40.043+0000] {dagbag.py:588} INFO - Filling up the DagBag from /home/airflow/.local/lib/python3.12/site-packages/airflow/example_dags/example_dag_decorator.py
[2025-03-30T11:34:40.084+0000] {processor.py:925} INFO - DAG(s) 'example_dag_decorator' retrieved from /home/airflow/.local/lib/python3.12/site-packages/airflow/example_dags/example_dag_decorator.py
[2025-03-30T11:34:40.122+0000] {logging_mixin.py:190} INFO - [2025-03-30T11:34:40.122+0000] {dag.py:3239} INFO - Sync 1 DAGs
[2025-03-30T11:34:40.128+0000] {logging_mixin.py:190} INFO - [2025-03-30T11:34:40.128+0000] {dag.py:4180} INFO - Setting next_dagrun for example_dag_decorator to None, run_after=None
[2025-03-30T11:34:40.139+0000] {processor.py:208} INFO - Processing /home/airflow/.local/lib/python3.12/site-packages/airflow/example_dags/example_dag_decorator.py took 0.100 seconds
[2025-03-30T11:35:10.662+0000] {processor.py:186} INFO - Started process (PID=1375) to work on /home/airflow/.local/lib/python3.12/site-packages/airflow/example_dags/example_dag_decorator.py
[2025-03-30T11:35:10.664+0000] {processor.py:914} INFO - Processing file /home/airflow/.local/lib/python3.12/site-packages/airflow/example_dags/example_dag_decorator.py for tasks to queue
[2025-03-30T11:35:10.665+0000] {logging_mixin.py:190} INFO - [2025-03-30T11:35:10.665+0000] {dagbag.py:588} INFO - Filling up the DagBag from /home/airflow/.local/lib/python3.12/site-packages/airflow/example_dags/example_dag_decorator.py
[2025-03-30T11:35:10.708+0000] {processor.py:925} INFO - DAG(s) 'example_dag_decorator' retrieved from /home/airflow/.local/lib/python3.12/site-packages/airflow/example_dags/example_dag_decorator.py
[2025-03-30T11:35:10.752+0000] {logging_mixin.py:190} INFO - [2025-03-30T11:35:10.752+0000] {dag.py:3239} INFO - Sync 1 DAGs
[2025-03-30T11:35:10.757+0000] {logging_mixin.py:190} INFO - [2025-03-30T11:35:10.757+0000] {dag.py:4180} INFO - Setting next_dagrun for example_dag_decorator to None, run_after=None
[2025-03-30T11:35:10.763+0000] {processor.py:208} INFO - Processing /home/airflow/.local/lib/python3.12/site-packages/airflow/example_dags/example_dag_decorator.py took 0.103 seconds
[2025-03-30T11:35:40.982+0000] {processor.py:186} INFO - Started process (PID=1439) to work on /home/airflow/.local/lib/python3.12/site-packages/airflow/example_dags/example_dag_decorator.py
[2025-03-30T11:35:40.983+0000] {processor.py:914} INFO - Processing file /home/airflow/.local/lib/python3.12/site-packages/airflow/example_dags/example_dag_decorator.py for tasks to queue
[2025-03-30T11:35:40.984+0000] {logging_mixin.py:190} INFO - [2025-03-30T11:35:40.984+0000] {dagbag.py:588} INFO - Filling up the DagBag from /home/airflow/.local/lib/python3.12/site-packages/airflow/example_dags/example_dag_decorator.py
[2025-03-30T11:35:41.024+0000] {processor.py:925} INFO - DAG(s) 'example_dag_decorator' retrieved from /home/airflow/.local/lib/python3.12/site-packages/airflow/example_dags/example_dag_decorator.py
[2025-03-30T11:35:41.072+0000] {logging_mixin.py:190} INFO - [2025-03-30T11:35:41.072+0000] {dag.py:3239} INFO - Sync 1 DAGs
[2025-03-30T11:35:41.076+0000] {logging_mixin.py:190} INFO - [2025-03-30T11:35:41.076+0000] {dag.py:4180} INFO - Setting next_dagrun for example_dag_decorator to None, run_after=None
[2025-03-30T11:35:41.082+0000] {processor.py:208} INFO - Processing /home/airflow/.local/lib/python3.12/site-packages/airflow/example_dags/example_dag_decorator.py took 0.102 seconds
[2025-03-30T11:36:12.404+0000] {processor.py:186} INFO - Started process (PID=1503) to work on /home/airflow/.local/lib/python3.12/site-packages/airflow/example_dags/example_dag_decorator.py
[2025-03-30T11:36:12.406+0000] {processor.py:914} INFO - Processing file /home/airflow/.local/lib/python3.12/site-packages/airflow/example_dags/example_dag_decorator.py for tasks to queue
[2025-03-30T11:36:12.409+0000] {logging_mixin.py:190} INFO - [2025-03-30T11:36:12.409+0000] {dagbag.py:588} INFO - Filling up the DagBag from /home/airflow/.local/lib/python3.12/site-packages/airflow/example_dags/example_dag_decorator.py
[2025-03-30T11:36:12.451+0000] {processor.py:925} INFO - DAG(s) 'example_dag_decorator' retrieved from /home/airflow/.local/lib/python3.12/site-packages/airflow/example_dags/example_dag_decorator.py
[2025-03-30T11:36:12.494+0000] {logging_mixin.py:190} INFO - [2025-03-30T11:36:12.494+0000] {dag.py:3239} INFO - Sync 1 DAGs
[2025-03-30T11:36:12.499+0000] {logging_mixin.py:190} INFO - [2025-03-30T11:36:12.499+0000] {dag.py:4180} INFO - Setting next_dagrun for example_dag_decorator to None, run_after=None
[2025-03-30T11:36:12.507+0000] {processor.py:208} INFO - Processing /home/airflow/.local/lib/python3.12/site-packages/airflow/example_dags/example_dag_decorator.py took 0.106 seconds
[2025-03-30T11:36:42.732+0000] {processor.py:186} INFO - Started process (PID=1567) to work on /home/airflow/.local/lib/python3.12/site-packages/airflow/example_dags/example_dag_decorator.py
[2025-03-30T11:36:42.733+0000] {processor.py:914} INFO - Processing file /home/airflow/.local/lib/python3.12/site-packages/airflow/example_dags/example_dag_decorator.py for tasks to queue
[2025-03-30T11:36:42.734+0000] {logging_mixin.py:190} INFO - [2025-03-30T11:36:42.734+0000] {dagbag.py:588} INFO - Filling up the DagBag from /home/airflow/.local/lib/python3.12/site-packages/airflow/example_dags/example_dag_decorator.py
[2025-03-30T11:36:42.776+0000] {processor.py:925} INFO - DAG(s) 'example_dag_decorator' retrieved from /home/airflow/.local/lib/python3.12/site-packages/airflow/example_dags/example_dag_decorator.py
[2025-03-30T11:36:42.813+0000] {logging_mixin.py:190} INFO - [2025-03-30T11:36:42.813+0000] {dag.py:3239} INFO - Sync 1 DAGs
[2025-03-30T11:36:42.817+0000] {logging_mixin.py:190} INFO - [2025-03-30T11:36:42.817+0000] {dag.py:4180} INFO - Setting next_dagrun for example_dag_decorator to None, run_after=None
[2025-03-30T11:36:42.825+0000] {processor.py:208} INFO - Processing /home/airflow/.local/lib/python3.12/site-packages/airflow/example_dags/example_dag_decorator.py took 0.096 seconds
[2025-03-30T11:37:13.878+0000] {processor.py:186} INFO - Started process (PID=1631) to work on /home/airflow/.local/lib/python3.12/site-packages/airflow/example_dags/example_dag_decorator.py
[2025-03-30T11:37:13.879+0000] {processor.py:914} INFO - Processing file /home/airflow/.local/lib/python3.12/site-packages/airflow/example_dags/example_dag_decorator.py for tasks to queue
[2025-03-30T11:37:13.879+0000] {logging_mixin.py:190} INFO - [2025-03-30T11:37:13.879+0000] {dagbag.py:588} INFO - Filling up the DagBag from /home/airflow/.local/lib/python3.12/site-packages/airflow/example_dags/example_dag_decorator.py
[2025-03-30T11:37:13.917+0000] {processor.py:925} INFO - DAG(s) 'example_dag_decorator' retrieved from /home/airflow/.local/lib/python3.12/site-packages/airflow/example_dags/example_dag_decorator.py
[2025-03-30T11:37:13.955+0000] {logging_mixin.py:190} INFO - [2025-03-30T11:37:13.955+0000] {dag.py:3239} INFO - Sync 1 DAGs
[2025-03-30T11:37:13.960+0000] {logging_mixin.py:190} INFO - [2025-03-30T11:37:13.960+0000] {dag.py:4180} INFO - Setting next_dagrun for example_dag_decorator to None, run_after=None
[2025-03-30T11:37:13.967+0000] {processor.py:208} INFO - Processing /home/airflow/.local/lib/python3.12/site-packages/airflow/example_dags/example_dag_decorator.py took 0.091 seconds
[2025-03-30T11:37:45.126+0000] {processor.py:186} INFO - Started process (PID=1695) to work on /home/airflow/.local/lib/python3.12/site-packages/airflow/example_dags/example_dag_decorator.py
[2025-03-30T11:37:45.127+0000] {processor.py:914} INFO - Processing file /home/airflow/.local/lib/python3.12/site-packages/airflow/example_dags/example_dag_decorator.py for tasks to queue
[2025-03-30T11:37:45.129+0000] {logging_mixin.py:190} INFO - [2025-03-30T11:37:45.129+0000] {dagbag.py:588} INFO - Filling up the DagBag from /home/airflow/.local/lib/python3.12/site-packages/airflow/example_dags/example_dag_decorator.py
[2025-03-30T11:37:45.166+0000] {processor.py:925} INFO - DAG(s) 'example_dag_decorator' retrieved from /home/airflow/.local/lib/python3.12/site-packages/airflow/example_dags/example_dag_decorator.py
[2025-03-30T11:37:45.204+0000] {logging_mixin.py:190} INFO - [2025-03-30T11:37:45.204+0000] {dag.py:3239} INFO - Sync 1 DAGs
[2025-03-30T11:37:45.209+0000] {logging_mixin.py:190} INFO - [2025-03-30T11:37:45.209+0000] {dag.py:4180} INFO - Setting next_dagrun for example_dag_decorator to None, run_after=None
[2025-03-30T11:37:45.215+0000] {processor.py:208} INFO - Processing /home/airflow/.local/lib/python3.12/site-packages/airflow/example_dags/example_dag_decorator.py took 0.091 seconds
[2025-03-30T11:38:16.565+0000] {processor.py:186} INFO - Started process (PID=1759) to work on /home/airflow/.local/lib/python3.12/site-packages/airflow/example_dags/example_dag_decorator.py
[2025-03-30T11:38:16.566+0000] {processor.py:914} INFO - Processing file /home/airflow/.local/lib/python3.12/site-packages/airflow/example_dags/example_dag_decorator.py for tasks to queue
[2025-03-30T11:38:16.566+0000] {logging_mixin.py:190} INFO - [2025-03-30T11:38:16.566+0000] {dagbag.py:588} INFO - Filling up the DagBag from /home/airflow/.local/lib/python3.12/site-packages/airflow/example_dags/example_dag_decorator.py
[2025-03-30T11:38:16.604+0000] {processor.py:925} INFO - DAG(s) 'example_dag_decorator' retrieved from /home/airflow/.local/lib/python3.12/site-packages/airflow/example_dags/example_dag_decorator.py
[2025-03-30T11:38:16.645+0000] {logging_mixin.py:190} INFO - [2025-03-30T11:38:16.645+0000] {dag.py:3239} INFO - Sync 1 DAGs
[2025-03-30T11:38:16.650+0000] {logging_mixin.py:190} INFO - [2025-03-30T11:38:16.650+0000] {dag.py:4180} INFO - Setting next_dagrun for example_dag_decorator to None, run_after=None
[2025-03-30T11:38:16.656+0000] {processor.py:208} INFO - Processing /home/airflow/.local/lib/python3.12/site-packages/airflow/example_dags/example_dag_decorator.py took 0.093 seconds
[2025-03-30T11:38:46.706+0000] {processor.py:186} INFO - Started process (PID=1823) to work on /home/airflow/.local/lib/python3.12/site-packages/airflow/example_dags/example_dag_decorator.py
[2025-03-30T11:38:46.708+0000] {processor.py:914} INFO - Processing file /home/airflow/.local/lib/python3.12/site-packages/airflow/example_dags/example_dag_decorator.py for tasks to queue
[2025-03-30T11:38:46.710+0000] {logging_mixin.py:190} INFO - [2025-03-30T11:38:46.710+0000] {dagbag.py:588} INFO - Filling up the DagBag from /home/airflow/.local/lib/python3.12/site-packages/airflow/example_dags/example_dag_decorator.py
[2025-03-30T11:38:46.747+0000] {processor.py:925} INFO - DAG(s) 'example_dag_decorator' retrieved from /home/airflow/.local/lib/python3.12/site-packages/airflow/example_dags/example_dag_decorator.py
[2025-03-30T11:38:46.789+0000] {logging_mixin.py:190} INFO - [2025-03-30T11:38:46.789+0000] {dag.py:3239} INFO - Sync 1 DAGs
[2025-03-30T11:38:46.793+0000] {logging_mixin.py:190} INFO - [2025-03-30T11:38:46.793+0000] {dag.py:4180} INFO - Setting next_dagrun for example_dag_decorator to None, run_after=None
[2025-03-30T11:38:46.806+0000] {processor.py:208} INFO - Processing /home/airflow/.local/lib/python3.12/site-packages/airflow/example_dags/example_dag_decorator.py took 0.102 seconds
[2025-03-30T11:39:17.936+0000] {processor.py:186} INFO - Started process (PID=1887) to work on /home/airflow/.local/lib/python3.12/site-packages/airflow/example_dags/example_dag_decorator.py
[2025-03-30T11:39:17.936+0000] {processor.py:914} INFO - Processing file /home/airflow/.local/lib/python3.12/site-packages/airflow/example_dags/example_dag_decorator.py for tasks to queue
[2025-03-30T11:39:17.937+0000] {logging_mixin.py:190} INFO - [2025-03-30T11:39:17.937+0000] {dagbag.py:588} INFO - Filling up the DagBag from /home/airflow/.local/lib/python3.12/site-packages/airflow/example_dags/example_dag_decorator.py
[2025-03-30T11:39:17.972+0000] {processor.py:925} INFO - DAG(s) 'example_dag_decorator' retrieved from /home/airflow/.local/lib/python3.12/site-packages/airflow/example_dags/example_dag_decorator.py
[2025-03-30T11:39:18.009+0000] {logging_mixin.py:190} INFO - [2025-03-30T11:39:18.009+0000] {dag.py:3239} INFO - Sync 1 DAGs
[2025-03-30T11:39:18.013+0000] {logging_mixin.py:190} INFO - [2025-03-30T11:39:18.013+0000] {dag.py:4180} INFO - Setting next_dagrun for example_dag_decorator to None, run_after=None
[2025-03-30T11:39:18.023+0000] {processor.py:208} INFO - Processing /home/airflow/.local/lib/python3.12/site-packages/airflow/example_dags/example_dag_decorator.py took 0.089 seconds
[2025-03-30T11:39:49.065+0000] {processor.py:186} INFO - Started process (PID=1951) to work on /home/airflow/.local/lib/python3.12/site-packages/airflow/example_dags/example_dag_decorator.py
[2025-03-30T11:39:49.065+0000] {processor.py:914} INFO - Processing file /home/airflow/.local/lib/python3.12/site-packages/airflow/example_dags/example_dag_decorator.py for tasks to queue
[2025-03-30T11:39:49.066+0000] {logging_mixin.py:190} INFO - [2025-03-30T11:39:49.066+0000] {dagbag.py:588} INFO - Filling up the DagBag from /home/airflow/.local/lib/python3.12/site-packages/airflow/example_dags/example_dag_decorator.py
[2025-03-30T11:39:49.101+0000] {processor.py:925} INFO - DAG(s) 'example_dag_decorator' retrieved from /home/airflow/.local/lib/python3.12/site-packages/airflow/example_dags/example_dag_decorator.py
[2025-03-30T11:39:49.137+0000] {logging_mixin.py:190} INFO - [2025-03-30T11:39:49.137+0000] {dag.py:3239} INFO - Sync 1 DAGs
[2025-03-30T11:39:49.141+0000] {logging_mixin.py:190} INFO - [2025-03-30T11:39:49.141+0000] {dag.py:4180} INFO - Setting next_dagrun for example_dag_decorator to None, run_after=None
[2025-03-30T11:39:49.146+0000] {processor.py:208} INFO - Processing /home/airflow/.local/lib/python3.12/site-packages/airflow/example_dags/example_dag_decorator.py took 0.084 seconds
[2025-03-30T11:40:20.289+0000] {processor.py:186} INFO - Started process (PID=2015) to work on /home/airflow/.local/lib/python3.12/site-packages/airflow/example_dags/example_dag_decorator.py
[2025-03-30T11:40:20.291+0000] {processor.py:914} INFO - Processing file /home/airflow/.local/lib/python3.12/site-packages/airflow/example_dags/example_dag_decorator.py for tasks to queue
[2025-03-30T11:40:20.295+0000] {logging_mixin.py:190} INFO - [2025-03-30T11:40:20.295+0000] {dagbag.py:588} INFO - Filling up the DagBag from /home/airflow/.local/lib/python3.12/site-packages/airflow/example_dags/example_dag_decorator.py
[2025-03-30T11:40:20.338+0000] {processor.py:925} INFO - DAG(s) 'example_dag_decorator' retrieved from /home/airflow/.local/lib/python3.12/site-packages/airflow/example_dags/example_dag_decorator.py
[2025-03-30T11:40:20.380+0000] {logging_mixin.py:190} INFO - [2025-03-30T11:40:20.380+0000] {dag.py:3239} INFO - Sync 1 DAGs
[2025-03-30T11:40:20.386+0000] {logging_mixin.py:190} INFO - [2025-03-30T11:40:20.386+0000] {dag.py:4180} INFO - Setting next_dagrun for example_dag_decorator to None, run_after=None
[2025-03-30T11:40:20.393+0000] {processor.py:208} INFO - Processing /home/airflow/.local/lib/python3.12/site-packages/airflow/example_dags/example_dag_decorator.py took 0.106 seconds
[2025-03-30T11:40:51.643+0000] {processor.py:186} INFO - Started process (PID=2079) to work on /home/airflow/.local/lib/python3.12/site-packages/airflow/example_dags/example_dag_decorator.py
[2025-03-30T11:40:51.644+0000] {processor.py:914} INFO - Processing file /home/airflow/.local/lib/python3.12/site-packages/airflow/example_dags/example_dag_decorator.py for tasks to queue
[2025-03-30T11:40:51.645+0000] {logging_mixin.py:190} INFO - [2025-03-30T11:40:51.645+0000] {dagbag.py:588} INFO - Filling up the DagBag from /home/airflow/.local/lib/python3.12/site-packages/airflow/example_dags/example_dag_decorator.py
[2025-03-30T11:40:51.684+0000] {processor.py:925} INFO - DAG(s) 'example_dag_decorator' retrieved from /home/airflow/.local/lib/python3.12/site-packages/airflow/example_dags/example_dag_decorator.py
[2025-03-30T11:40:51.693+0000] {logging_mixin.py:190} INFO - [2025-03-30T11:40:51.693+0000] {dag.py:3239} INFO - Sync 1 DAGs
[2025-03-30T11:40:51.698+0000] {logging_mixin.py:190} INFO - [2025-03-30T11:40:51.698+0000] {dag.py:4180} INFO - Setting next_dagrun for example_dag_decorator to None, run_after=None
[2025-03-30T11:40:51.703+0000] {processor.py:208} INFO - Processing /home/airflow/.local/lib/python3.12/site-packages/airflow/example_dags/example_dag_decorator.py took 0.063 seconds
[2025-03-30T11:41:22.862+0000] {processor.py:186} INFO - Started process (PID=2143) to work on /home/airflow/.local/lib/python3.12/site-packages/airflow/example_dags/example_dag_decorator.py
[2025-03-30T11:41:22.862+0000] {processor.py:914} INFO - Processing file /home/airflow/.local/lib/python3.12/site-packages/airflow/example_dags/example_dag_decorator.py for tasks to queue
[2025-03-30T11:41:22.863+0000] {logging_mixin.py:190} INFO - [2025-03-30T11:41:22.863+0000] {dagbag.py:588} INFO - Filling up the DagBag from /home/airflow/.local/lib/python3.12/site-packages/airflow/example_dags/example_dag_decorator.py
[2025-03-30T11:41:22.902+0000] {processor.py:925} INFO - DAG(s) 'example_dag_decorator' retrieved from /home/airflow/.local/lib/python3.12/site-packages/airflow/example_dags/example_dag_decorator.py
[2025-03-30T11:41:22.941+0000] {logging_mixin.py:190} INFO - [2025-03-30T11:41:22.941+0000] {dag.py:3239} INFO - Sync 1 DAGs
[2025-03-30T11:41:22.945+0000] {logging_mixin.py:190} INFO - [2025-03-30T11:41:22.945+0000] {dag.py:4180} INFO - Setting next_dagrun for example_dag_decorator to None, run_after=None
[2025-03-30T11:41:22.952+0000] {processor.py:208} INFO - Processing /home/airflow/.local/lib/python3.12/site-packages/airflow/example_dags/example_dag_decorator.py took 0.093 seconds
[2025-03-30T11:41:53.957+0000] {processor.py:186} INFO - Started process (PID=2207) to work on /home/airflow/.local/lib/python3.12/site-packages/airflow/example_dags/example_dag_decorator.py
[2025-03-30T11:41:53.958+0000] {processor.py:914} INFO - Processing file /home/airflow/.local/lib/python3.12/site-packages/airflow/example_dags/example_dag_decorator.py for tasks to queue
[2025-03-30T11:41:53.959+0000] {logging_mixin.py:190} INFO - [2025-03-30T11:41:53.958+0000] {dagbag.py:588} INFO - Filling up the DagBag from /home/airflow/.local/lib/python3.12/site-packages/airflow/example_dags/example_dag_decorator.py
[2025-03-30T11:41:53.994+0000] {processor.py:925} INFO - DAG(s) 'example_dag_decorator' retrieved from /home/airflow/.local/lib/python3.12/site-packages/airflow/example_dags/example_dag_decorator.py
[2025-03-30T11:41:54.033+0000] {logging_mixin.py:190} INFO - [2025-03-30T11:41:54.033+0000] {dag.py:3239} INFO - Sync 1 DAGs
[2025-03-30T11:41:54.037+0000] {logging_mixin.py:190} INFO - [2025-03-30T11:41:54.037+0000] {dag.py:4180} INFO - Setting next_dagrun for example_dag_decorator to None, run_after=None
[2025-03-30T11:41:54.044+0000] {processor.py:208} INFO - Processing /home/airflow/.local/lib/python3.12/site-packages/airflow/example_dags/example_dag_decorator.py took 0.089 seconds
[2025-03-30T11:42:25.149+0000] {processor.py:186} INFO - Started process (PID=2277) to work on /home/airflow/.local/lib/python3.12/site-packages/airflow/example_dags/example_dag_decorator.py
[2025-03-30T11:42:25.151+0000] {processor.py:914} INFO - Processing file /home/airflow/.local/lib/python3.12/site-packages/airflow/example_dags/example_dag_decorator.py for tasks to queue
[2025-03-30T11:42:25.153+0000] {logging_mixin.py:190} INFO - [2025-03-30T11:42:25.153+0000] {dagbag.py:588} INFO - Filling up the DagBag from /home/airflow/.local/lib/python3.12/site-packages/airflow/example_dags/example_dag_decorator.py
[2025-03-30T11:42:25.192+0000] {processor.py:925} INFO - DAG(s) 'example_dag_decorator' retrieved from /home/airflow/.local/lib/python3.12/site-packages/airflow/example_dags/example_dag_decorator.py
[2025-03-30T11:42:25.231+0000] {logging_mixin.py:190} INFO - [2025-03-30T11:42:25.231+0000] {dag.py:3239} INFO - Sync 1 DAGs
[2025-03-30T11:42:25.235+0000] {logging_mixin.py:190} INFO - [2025-03-30T11:42:25.235+0000] {dag.py:4180} INFO - Setting next_dagrun for example_dag_decorator to None, run_after=None
[2025-03-30T11:42:25.245+0000] {processor.py:208} INFO - Processing /home/airflow/.local/lib/python3.12/site-packages/airflow/example_dags/example_dag_decorator.py took 0.098 seconds
[2025-03-30T11:42:56.271+0000] {processor.py:186} INFO - Started process (PID=2340) to work on /home/airflow/.local/lib/python3.12/site-packages/airflow/example_dags/example_dag_decorator.py
[2025-03-30T11:42:56.273+0000] {processor.py:914} INFO - Processing file /home/airflow/.local/lib/python3.12/site-packages/airflow/example_dags/example_dag_decorator.py for tasks to queue
[2025-03-30T11:42:56.274+0000] {logging_mixin.py:190} INFO - [2025-03-30T11:42:56.273+0000] {dagbag.py:588} INFO - Filling up the DagBag from /home/airflow/.local/lib/python3.12/site-packages/airflow/example_dags/example_dag_decorator.py
[2025-03-30T11:42:56.312+0000] {processor.py:925} INFO - DAG(s) 'example_dag_decorator' retrieved from /home/airflow/.local/lib/python3.12/site-packages/airflow/example_dags/example_dag_decorator.py
[2025-03-30T11:42:56.346+0000] {logging_mixin.py:190} INFO - [2025-03-30T11:42:56.346+0000] {dag.py:3239} INFO - Sync 1 DAGs
[2025-03-30T11:42:56.351+0000] {logging_mixin.py:190} INFO - [2025-03-30T11:42:56.351+0000] {dag.py:4180} INFO - Setting next_dagrun for example_dag_decorator to None, run_after=None
[2025-03-30T11:42:56.434+0000] {processor.py:208} INFO - Processing /home/airflow/.local/lib/python3.12/site-packages/airflow/example_dags/example_dag_decorator.py took 0.165 seconds
[2025-03-30T11:43:27.480+0000] {processor.py:186} INFO - Started process (PID=2408) to work on /home/airflow/.local/lib/python3.12/site-packages/airflow/example_dags/example_dag_decorator.py
[2025-03-30T11:43:27.480+0000] {processor.py:914} INFO - Processing file /home/airflow/.local/lib/python3.12/site-packages/airflow/example_dags/example_dag_decorator.py for tasks to queue
[2025-03-30T11:43:27.482+0000] {logging_mixin.py:190} INFO - [2025-03-30T11:43:27.482+0000] {dagbag.py:588} INFO - Filling up the DagBag from /home/airflow/.local/lib/python3.12/site-packages/airflow/example_dags/example_dag_decorator.py
[2025-03-30T11:43:27.494+0000] {processor.py:925} INFO - DAG(s) 'example_dag_decorator' retrieved from /home/airflow/.local/lib/python3.12/site-packages/airflow/example_dags/example_dag_decorator.py
[2025-03-30T11:43:27.536+0000] {logging_mixin.py:190} INFO - [2025-03-30T11:43:27.535+0000] {dag.py:3239} INFO - Sync 1 DAGs
[2025-03-30T11:43:27.540+0000] {logging_mixin.py:190} INFO - [2025-03-30T11:43:27.540+0000] {dag.py:4180} INFO - Setting next_dagrun for example_dag_decorator to None, run_after=None
[2025-03-30T11:43:27.618+0000] {processor.py:208} INFO - Processing /home/airflow/.local/lib/python3.12/site-packages/airflow/example_dags/example_dag_decorator.py took 0.163 seconds
[2025-03-30T11:43:58.606+0000] {processor.py:186} INFO - Started process (PID=2471) to work on /home/airflow/.local/lib/python3.12/site-packages/airflow/example_dags/example_dag_decorator.py
[2025-03-30T11:43:58.609+0000] {processor.py:914} INFO - Processing file /home/airflow/.local/lib/python3.12/site-packages/airflow/example_dags/example_dag_decorator.py for tasks to queue
[2025-03-30T11:43:58.609+0000] {logging_mixin.py:190} INFO - [2025-03-30T11:43:58.609+0000] {dagbag.py:588} INFO - Filling up the DagBag from /home/airflow/.local/lib/python3.12/site-packages/airflow/example_dags/example_dag_decorator.py
[2025-03-30T11:43:58.645+0000] {processor.py:925} INFO - DAG(s) 'example_dag_decorator' retrieved from /home/airflow/.local/lib/python3.12/site-packages/airflow/example_dags/example_dag_decorator.py
[2025-03-30T11:43:58.682+0000] {logging_mixin.py:190} INFO - [2025-03-30T11:43:58.682+0000] {dag.py:3239} INFO - Sync 1 DAGs
[2025-03-30T11:43:58.686+0000] {logging_mixin.py:190} INFO - [2025-03-30T11:43:58.686+0000] {dag.py:4180} INFO - Setting next_dagrun for example_dag_decorator to None, run_after=None
[2025-03-30T11:43:58.696+0000] {processor.py:208} INFO - Processing /home/airflow/.local/lib/python3.12/site-packages/airflow/example_dags/example_dag_decorator.py took 0.092 seconds
[2025-03-30T11:44:29.847+0000] {processor.py:186} INFO - Started process (PID=2535) to work on /home/airflow/.local/lib/python3.12/site-packages/airflow/example_dags/example_dag_decorator.py
[2025-03-30T11:44:29.848+0000] {processor.py:914} INFO - Processing file /home/airflow/.local/lib/python3.12/site-packages/airflow/example_dags/example_dag_decorator.py for tasks to queue
[2025-03-30T11:44:29.849+0000] {logging_mixin.py:190} INFO - [2025-03-30T11:44:29.849+0000] {dagbag.py:588} INFO - Filling up the DagBag from /home/airflow/.local/lib/python3.12/site-packages/airflow/example_dags/example_dag_decorator.py
[2025-03-30T11:44:29.888+0000] {processor.py:925} INFO - DAG(s) 'example_dag_decorator' retrieved from /home/airflow/.local/lib/python3.12/site-packages/airflow/example_dags/example_dag_decorator.py
[2025-03-30T11:44:29.927+0000] {logging_mixin.py:190} INFO - [2025-03-30T11:44:29.926+0000] {dag.py:3239} INFO - Sync 1 DAGs
[2025-03-30T11:44:29.930+0000] {logging_mixin.py:190} INFO - [2025-03-30T11:44:29.930+0000] {dag.py:4180} INFO - Setting next_dagrun for example_dag_decorator to None, run_after=None
[2025-03-30T11:44:29.936+0000] {processor.py:208} INFO - Processing /home/airflow/.local/lib/python3.12/site-packages/airflow/example_dags/example_dag_decorator.py took 0.091 seconds
