[2025-03-30T03:32:20.240+0000] {processor.py:186} INFO - Started process (PID=59) to work on /home/airflow/.local/lib/python3.12/site-packages/airflow/example_dags/example_dataset_alias.py
[2025-03-30T03:32:20.241+0000] {processor.py:914} INFO - Processing file /home/airflow/.local/lib/python3.12/site-packages/airflow/example_dags/example_dataset_alias.py for tasks to queue
[2025-03-30T03:32:20.243+0000] {logging_mixin.py:190} INFO - [2025-03-30T03:32:20.243+0000] {dagbag.py:588} INFO - Filling up the DagBag from /home/airflow/.local/lib/python3.12/site-packages/airflow/example_dags/example_dataset_alias.py
[2025-03-30T03:32:20.599+0000] {processor.py:925} INFO - DAG(s) 'dataset_alias_example_alias_consumer', 'dataset_s3_bucket_consumer', 'dataset_s3_bucket_producer', 'dataset_alias_example_alias_producer' retrieved from /home/airflow/.local/lib/python3.12/site-packages/airflow/example_dags/example_dataset_alias.py
[2025-03-30T03:32:20.608+0000] {logging_mixin.py:190} INFO - [2025-03-30T03:32:20.608+0000] {dag.py:3239} INFO - Sync 4 DAGs
[2025-03-30T03:32:20.617+0000] {logging_mixin.py:190} INFO - [2025-03-30T03:32:20.617+0000] {dag.py:4180} INFO - Setting next_dagrun for dataset_alias_example_alias_consumer to None, run_after=None
[2025-03-30T03:32:20.618+0000] {logging_mixin.py:190} INFO - [2025-03-30T03:32:20.618+0000] {dag.py:4180} INFO - Setting next_dagrun for dataset_alias_example_alias_producer to None, run_after=None
[2025-03-30T03:32:20.619+0000] {logging_mixin.py:190} INFO - [2025-03-30T03:32:20.619+0000] {dag.py:4180} INFO - Setting next_dagrun for dataset_s3_bucket_consumer to None, run_after=None
[2025-03-30T03:32:20.619+0000] {logging_mixin.py:190} INFO - [2025-03-30T03:32:20.619+0000] {dag.py:4180} INFO - Setting next_dagrun for dataset_s3_bucket_producer to None, run_after=None
[2025-03-30T03:32:20.626+0000] {processor.py:208} INFO - Processing /home/airflow/.local/lib/python3.12/site-packages/airflow/example_dags/example_dataset_alias.py took 0.391 seconds
[2025-03-30T03:32:50.698+0000] {processor.py:186} INFO - Started process (PID=131) to work on /home/airflow/.local/lib/python3.12/site-packages/airflow/example_dags/example_dataset_alias.py
[2025-03-30T03:32:50.698+0000] {processor.py:914} INFO - Processing file /home/airflow/.local/lib/python3.12/site-packages/airflow/example_dags/example_dataset_alias.py for tasks to queue
[2025-03-30T03:32:50.699+0000] {logging_mixin.py:190} INFO - [2025-03-30T03:32:50.699+0000] {dagbag.py:588} INFO - Filling up the DagBag from /home/airflow/.local/lib/python3.12/site-packages/airflow/example_dags/example_dataset_alias.py
[2025-03-30T03:32:50.884+0000] {processor.py:925} INFO - DAG(s) 'dataset_s3_bucket_consumer', 'dataset_alias_example_alias_consumer', 'dataset_alias_example_alias_producer', 'dataset_s3_bucket_producer' retrieved from /home/airflow/.local/lib/python3.12/site-packages/airflow/example_dags/example_dataset_alias.py
[2025-03-30T03:32:50.890+0000] {logging_mixin.py:190} INFO - [2025-03-30T03:32:50.889+0000] {dag.py:3239} INFO - Sync 4 DAGs
[2025-03-30T03:32:50.896+0000] {logging_mixin.py:190} INFO - [2025-03-30T03:32:50.896+0000] {dag.py:4180} INFO - Setting next_dagrun for dataset_alias_example_alias_consumer to None, run_after=None
[2025-03-30T03:32:50.896+0000] {logging_mixin.py:190} INFO - [2025-03-30T03:32:50.896+0000] {dag.py:4180} INFO - Setting next_dagrun for dataset_alias_example_alias_producer to None, run_after=None
[2025-03-30T03:32:50.897+0000] {logging_mixin.py:190} INFO - [2025-03-30T03:32:50.897+0000] {dag.py:4180} INFO - Setting next_dagrun for dataset_s3_bucket_consumer to None, run_after=None
[2025-03-30T03:32:50.897+0000] {logging_mixin.py:190} INFO - [2025-03-30T03:32:50.897+0000] {dag.py:4180} INFO - Setting next_dagrun for dataset_s3_bucket_producer to None, run_after=None
[2025-03-30T03:32:50.902+0000] {processor.py:208} INFO - Processing /home/airflow/.local/lib/python3.12/site-packages/airflow/example_dags/example_dataset_alias.py took 0.206 seconds
[2025-03-30T03:33:21.702+0000] {processor.py:186} INFO - Started process (PID=194) to work on /home/airflow/.local/lib/python3.12/site-packages/airflow/example_dags/example_dataset_alias.py
[2025-03-30T03:33:21.703+0000] {processor.py:914} INFO - Processing file /home/airflow/.local/lib/python3.12/site-packages/airflow/example_dags/example_dataset_alias.py for tasks to queue
[2025-03-30T03:33:21.707+0000] {logging_mixin.py:190} INFO - [2025-03-30T03:33:21.707+0000] {dagbag.py:588} INFO - Filling up the DagBag from /home/airflow/.local/lib/python3.12/site-packages/airflow/example_dags/example_dataset_alias.py
[2025-03-30T03:33:21.967+0000] {processor.py:925} INFO - DAG(s) 'dataset_s3_bucket_producer', 'dataset_s3_bucket_consumer', 'dataset_alias_example_alias_consumer', 'dataset_alias_example_alias_producer' retrieved from /home/airflow/.local/lib/python3.12/site-packages/airflow/example_dags/example_dataset_alias.py
[2025-03-30T03:33:21.974+0000] {logging_mixin.py:190} INFO - [2025-03-30T03:33:21.974+0000] {dag.py:3239} INFO - Sync 4 DAGs
[2025-03-30T03:33:21.981+0000] {logging_mixin.py:190} INFO - [2025-03-30T03:33:21.981+0000] {dag.py:4180} INFO - Setting next_dagrun for dataset_alias_example_alias_consumer to None, run_after=None
[2025-03-30T03:33:21.982+0000] {logging_mixin.py:190} INFO - [2025-03-30T03:33:21.982+0000] {dag.py:4180} INFO - Setting next_dagrun for dataset_alias_example_alias_producer to None, run_after=None
[2025-03-30T03:33:21.983+0000] {logging_mixin.py:190} INFO - [2025-03-30T03:33:21.983+0000] {dag.py:4180} INFO - Setting next_dagrun for dataset_s3_bucket_consumer to None, run_after=None
[2025-03-30T03:33:21.983+0000] {logging_mixin.py:190} INFO - [2025-03-30T03:33:21.983+0000] {dag.py:4180} INFO - Setting next_dagrun for dataset_s3_bucket_producer to None, run_after=None
[2025-03-30T03:33:21.990+0000] {processor.py:208} INFO - Processing /home/airflow/.local/lib/python3.12/site-packages/airflow/example_dags/example_dataset_alias.py took 0.292 seconds
[2025-03-30T03:33:52.630+0000] {processor.py:186} INFO - Started process (PID=257) to work on /home/airflow/.local/lib/python3.12/site-packages/airflow/example_dags/example_dataset_alias.py
[2025-03-30T03:33:52.631+0000] {processor.py:914} INFO - Processing file /home/airflow/.local/lib/python3.12/site-packages/airflow/example_dags/example_dataset_alias.py for tasks to queue
[2025-03-30T03:33:52.633+0000] {logging_mixin.py:190} INFO - [2025-03-30T03:33:52.632+0000] {dagbag.py:588} INFO - Filling up the DagBag from /home/airflow/.local/lib/python3.12/site-packages/airflow/example_dags/example_dataset_alias.py
[2025-03-30T03:33:52.879+0000] {processor.py:925} INFO - DAG(s) 'dataset_s3_bucket_consumer', 'dataset_alias_example_alias_producer', 'dataset_s3_bucket_producer', 'dataset_alias_example_alias_consumer' retrieved from /home/airflow/.local/lib/python3.12/site-packages/airflow/example_dags/example_dataset_alias.py
[2025-03-30T03:33:52.885+0000] {logging_mixin.py:190} INFO - [2025-03-30T03:33:52.885+0000] {dag.py:3239} INFO - Sync 4 DAGs
[2025-03-30T03:33:52.892+0000] {logging_mixin.py:190} INFO - [2025-03-30T03:33:52.892+0000] {dag.py:4180} INFO - Setting next_dagrun for dataset_alias_example_alias_consumer to None, run_after=None
[2025-03-30T03:33:52.893+0000] {logging_mixin.py:190} INFO - [2025-03-30T03:33:52.893+0000] {dag.py:4180} INFO - Setting next_dagrun for dataset_alias_example_alias_producer to None, run_after=None
[2025-03-30T03:33:52.894+0000] {logging_mixin.py:190} INFO - [2025-03-30T03:33:52.894+0000] {dag.py:4180} INFO - Setting next_dagrun for dataset_s3_bucket_consumer to None, run_after=None
[2025-03-30T03:33:52.897+0000] {logging_mixin.py:190} INFO - [2025-03-30T03:33:52.897+0000] {dag.py:4180} INFO - Setting next_dagrun for dataset_s3_bucket_producer to None, run_after=None
[2025-03-30T03:33:52.905+0000] {processor.py:208} INFO - Processing /home/airflow/.local/lib/python3.12/site-packages/airflow/example_dags/example_dataset_alias.py took 0.279 seconds
[2025-03-30T03:34:23.610+0000] {processor.py:186} INFO - Started process (PID=320) to work on /home/airflow/.local/lib/python3.12/site-packages/airflow/example_dags/example_dataset_alias.py
[2025-03-30T03:34:23.611+0000] {processor.py:914} INFO - Processing file /home/airflow/.local/lib/python3.12/site-packages/airflow/example_dags/example_dataset_alias.py for tasks to queue
[2025-03-30T03:34:23.612+0000] {logging_mixin.py:190} INFO - [2025-03-30T03:34:23.612+0000] {dagbag.py:588} INFO - Filling up the DagBag from /home/airflow/.local/lib/python3.12/site-packages/airflow/example_dags/example_dataset_alias.py
[2025-03-30T03:34:23.948+0000] {processor.py:925} INFO - DAG(s) 'dataset_alias_example_alias_producer', 'dataset_alias_example_alias_consumer', 'dataset_s3_bucket_producer', 'dataset_s3_bucket_consumer' retrieved from /home/airflow/.local/lib/python3.12/site-packages/airflow/example_dags/example_dataset_alias.py
[2025-03-30T03:34:23.956+0000] {logging_mixin.py:190} INFO - [2025-03-30T03:34:23.956+0000] {dag.py:3239} INFO - Sync 4 DAGs
[2025-03-30T03:34:23.966+0000] {logging_mixin.py:190} INFO - [2025-03-30T03:34:23.965+0000] {dag.py:4180} INFO - Setting next_dagrun for dataset_alias_example_alias_consumer to None, run_after=None
[2025-03-30T03:34:23.967+0000] {logging_mixin.py:190} INFO - [2025-03-30T03:34:23.966+0000] {dag.py:4180} INFO - Setting next_dagrun for dataset_alias_example_alias_producer to None, run_after=None
[2025-03-30T03:34:23.967+0000] {logging_mixin.py:190} INFO - [2025-03-30T03:34:23.967+0000] {dag.py:4180} INFO - Setting next_dagrun for dataset_s3_bucket_consumer to None, run_after=None
[2025-03-30T03:34:23.968+0000] {logging_mixin.py:190} INFO - [2025-03-30T03:34:23.967+0000] {dag.py:4180} INFO - Setting next_dagrun for dataset_s3_bucket_producer to None, run_after=None
[2025-03-30T03:34:23.974+0000] {processor.py:208} INFO - Processing /home/airflow/.local/lib/python3.12/site-packages/airflow/example_dags/example_dataset_alias.py took 0.370 seconds
[2025-03-30T03:34:54.866+0000] {processor.py:186} INFO - Started process (PID=383) to work on /home/airflow/.local/lib/python3.12/site-packages/airflow/example_dags/example_dataset_alias.py
[2025-03-30T03:34:54.867+0000] {processor.py:914} INFO - Processing file /home/airflow/.local/lib/python3.12/site-packages/airflow/example_dags/example_dataset_alias.py for tasks to queue
[2025-03-30T03:34:54.868+0000] {logging_mixin.py:190} INFO - [2025-03-30T03:34:54.868+0000] {dagbag.py:588} INFO - Filling up the DagBag from /home/airflow/.local/lib/python3.12/site-packages/airflow/example_dags/example_dataset_alias.py
[2025-03-30T03:34:55.094+0000] {processor.py:925} INFO - DAG(s) 'dataset_alias_example_alias_producer', 'dataset_s3_bucket_producer', 'dataset_alias_example_alias_consumer', 'dataset_s3_bucket_consumer' retrieved from /home/airflow/.local/lib/python3.12/site-packages/airflow/example_dags/example_dataset_alias.py
[2025-03-30T03:34:55.104+0000] {logging_mixin.py:190} INFO - [2025-03-30T03:34:55.104+0000] {dag.py:3239} INFO - Sync 4 DAGs
[2025-03-30T03:34:55.112+0000] {logging_mixin.py:190} INFO - [2025-03-30T03:34:55.112+0000] {dag.py:4180} INFO - Setting next_dagrun for dataset_alias_example_alias_consumer to None, run_after=None
[2025-03-30T03:34:55.113+0000] {logging_mixin.py:190} INFO - [2025-03-30T03:34:55.113+0000] {dag.py:4180} INFO - Setting next_dagrun for dataset_alias_example_alias_producer to None, run_after=None
[2025-03-30T03:34:55.115+0000] {logging_mixin.py:190} INFO - [2025-03-30T03:34:55.115+0000] {dag.py:4180} INFO - Setting next_dagrun for dataset_s3_bucket_consumer to None, run_after=None
[2025-03-30T03:34:55.115+0000] {logging_mixin.py:190} INFO - [2025-03-30T03:34:55.115+0000] {dag.py:4180} INFO - Setting next_dagrun for dataset_s3_bucket_producer to None, run_after=None
[2025-03-30T03:34:55.121+0000] {processor.py:208} INFO - Processing /home/airflow/.local/lib/python3.12/site-packages/airflow/example_dags/example_dataset_alias.py took 0.260 seconds
[2025-03-30T03:35:25.984+0000] {processor.py:186} INFO - Started process (PID=446) to work on /home/airflow/.local/lib/python3.12/site-packages/airflow/example_dags/example_dataset_alias.py
[2025-03-30T03:35:25.985+0000] {processor.py:914} INFO - Processing file /home/airflow/.local/lib/python3.12/site-packages/airflow/example_dags/example_dataset_alias.py for tasks to queue
[2025-03-30T03:35:25.989+0000] {logging_mixin.py:190} INFO - [2025-03-30T03:35:25.989+0000] {dagbag.py:588} INFO - Filling up the DagBag from /home/airflow/.local/lib/python3.12/site-packages/airflow/example_dags/example_dataset_alias.py
[2025-03-30T03:35:26.239+0000] {processor.py:925} INFO - DAG(s) 'dataset_s3_bucket_consumer', 'dataset_alias_example_alias_consumer', 'dataset_alias_example_alias_producer', 'dataset_s3_bucket_producer' retrieved from /home/airflow/.local/lib/python3.12/site-packages/airflow/example_dags/example_dataset_alias.py
[2025-03-30T03:35:26.253+0000] {logging_mixin.py:190} INFO - [2025-03-30T03:35:26.253+0000] {dag.py:3239} INFO - Sync 4 DAGs
[2025-03-30T03:35:26.264+0000] {logging_mixin.py:190} INFO - [2025-03-30T03:35:26.264+0000] {dag.py:4180} INFO - Setting next_dagrun for dataset_alias_example_alias_consumer to None, run_after=None
[2025-03-30T03:35:26.266+0000] {logging_mixin.py:190} INFO - [2025-03-30T03:35:26.266+0000] {dag.py:4180} INFO - Setting next_dagrun for dataset_alias_example_alias_producer to None, run_after=None
[2025-03-30T03:35:26.267+0000] {logging_mixin.py:190} INFO - [2025-03-30T03:35:26.267+0000] {dag.py:4180} INFO - Setting next_dagrun for dataset_s3_bucket_consumer to None, run_after=None
[2025-03-30T03:35:26.267+0000] {logging_mixin.py:190} INFO - [2025-03-30T03:35:26.267+0000] {dag.py:4180} INFO - Setting next_dagrun for dataset_s3_bucket_producer to None, run_after=None
[2025-03-30T03:35:26.278+0000] {processor.py:208} INFO - Processing /home/airflow/.local/lib/python3.12/site-packages/airflow/example_dags/example_dataset_alias.py took 0.297 seconds
[2025-03-30T03:35:57.113+0000] {processor.py:186} INFO - Started process (PID=508) to work on /home/airflow/.local/lib/python3.12/site-packages/airflow/example_dags/example_dataset_alias.py
[2025-03-30T03:35:57.117+0000] {processor.py:914} INFO - Processing file /home/airflow/.local/lib/python3.12/site-packages/airflow/example_dags/example_dataset_alias.py for tasks to queue
[2025-03-30T03:35:57.119+0000] {logging_mixin.py:190} INFO - [2025-03-30T03:35:57.119+0000] {dagbag.py:588} INFO - Filling up the DagBag from /home/airflow/.local/lib/python3.12/site-packages/airflow/example_dags/example_dataset_alias.py
[2025-03-30T03:35:57.361+0000] {processor.py:925} INFO - DAG(s) 'dataset_alias_example_alias_producer', 'dataset_s3_bucket_producer', 'dataset_alias_example_alias_consumer', 'dataset_s3_bucket_consumer' retrieved from /home/airflow/.local/lib/python3.12/site-packages/airflow/example_dags/example_dataset_alias.py
[2025-03-30T03:35:57.369+0000] {logging_mixin.py:190} INFO - [2025-03-30T03:35:57.369+0000] {dag.py:3239} INFO - Sync 4 DAGs
[2025-03-30T03:35:57.381+0000] {logging_mixin.py:190} INFO - [2025-03-30T03:35:57.381+0000] {dag.py:4180} INFO - Setting next_dagrun for dataset_alias_example_alias_consumer to None, run_after=None
[2025-03-30T03:35:57.382+0000] {logging_mixin.py:190} INFO - [2025-03-30T03:35:57.382+0000] {dag.py:4180} INFO - Setting next_dagrun for dataset_alias_example_alias_producer to None, run_after=None
[2025-03-30T03:35:57.386+0000] {logging_mixin.py:190} INFO - [2025-03-30T03:35:57.386+0000] {dag.py:4180} INFO - Setting next_dagrun for dataset_s3_bucket_consumer to None, run_after=None
[2025-03-30T03:35:57.387+0000] {logging_mixin.py:190} INFO - [2025-03-30T03:35:57.387+0000] {dag.py:4180} INFO - Setting next_dagrun for dataset_s3_bucket_producer to None, run_after=None
[2025-03-30T03:35:57.396+0000] {processor.py:208} INFO - Processing /home/airflow/.local/lib/python3.12/site-packages/airflow/example_dags/example_dataset_alias.py took 0.288 seconds
[2025-03-30T03:36:28.207+0000] {processor.py:186} INFO - Started process (PID=571) to work on /home/airflow/.local/lib/python3.12/site-packages/airflow/example_dags/example_dataset_alias.py
[2025-03-30T03:36:28.208+0000] {processor.py:914} INFO - Processing file /home/airflow/.local/lib/python3.12/site-packages/airflow/example_dags/example_dataset_alias.py for tasks to queue
[2025-03-30T03:36:28.209+0000] {logging_mixin.py:190} INFO - [2025-03-30T03:36:28.209+0000] {dagbag.py:588} INFO - Filling up the DagBag from /home/airflow/.local/lib/python3.12/site-packages/airflow/example_dags/example_dataset_alias.py
[2025-03-30T03:36:28.458+0000] {processor.py:925} INFO - DAG(s) 'dataset_s3_bucket_consumer', 'dataset_s3_bucket_producer', 'dataset_alias_example_alias_consumer', 'dataset_alias_example_alias_producer' retrieved from /home/airflow/.local/lib/python3.12/site-packages/airflow/example_dags/example_dataset_alias.py
[2025-03-30T03:36:28.465+0000] {logging_mixin.py:190} INFO - [2025-03-30T03:36:28.465+0000] {dag.py:3239} INFO - Sync 4 DAGs
[2025-03-30T03:36:28.474+0000] {logging_mixin.py:190} INFO - [2025-03-30T03:36:28.473+0000] {dag.py:4180} INFO - Setting next_dagrun for dataset_alias_example_alias_consumer to None, run_after=None
[2025-03-30T03:36:28.474+0000] {logging_mixin.py:190} INFO - [2025-03-30T03:36:28.474+0000] {dag.py:4180} INFO - Setting next_dagrun for dataset_alias_example_alias_producer to None, run_after=None
[2025-03-30T03:36:28.475+0000] {logging_mixin.py:190} INFO - [2025-03-30T03:36:28.475+0000] {dag.py:4180} INFO - Setting next_dagrun for dataset_s3_bucket_consumer to None, run_after=None
[2025-03-30T03:36:28.475+0000] {logging_mixin.py:190} INFO - [2025-03-30T03:36:28.475+0000] {dag.py:4180} INFO - Setting next_dagrun for dataset_s3_bucket_producer to None, run_after=None
[2025-03-30T03:36:28.482+0000] {processor.py:208} INFO - Processing /home/airflow/.local/lib/python3.12/site-packages/airflow/example_dags/example_dataset_alias.py took 0.278 seconds
[2025-03-30T03:36:59.440+0000] {processor.py:186} INFO - Started process (PID=634) to work on /home/airflow/.local/lib/python3.12/site-packages/airflow/example_dags/example_dataset_alias.py
[2025-03-30T03:36:59.441+0000] {processor.py:914} INFO - Processing file /home/airflow/.local/lib/python3.12/site-packages/airflow/example_dags/example_dataset_alias.py for tasks to queue
[2025-03-30T03:36:59.446+0000] {logging_mixin.py:190} INFO - [2025-03-30T03:36:59.445+0000] {dagbag.py:588} INFO - Filling up the DagBag from /home/airflow/.local/lib/python3.12/site-packages/airflow/example_dags/example_dataset_alias.py
[2025-03-30T03:36:59.662+0000] {processor.py:925} INFO - DAG(s) 'dataset_alias_example_alias_producer', 'dataset_alias_example_alias_consumer', 'dataset_s3_bucket_producer', 'dataset_s3_bucket_consumer' retrieved from /home/airflow/.local/lib/python3.12/site-packages/airflow/example_dags/example_dataset_alias.py
[2025-03-30T03:36:59.668+0000] {logging_mixin.py:190} INFO - [2025-03-30T03:36:59.668+0000] {dag.py:3239} INFO - Sync 4 DAGs
[2025-03-30T03:36:59.675+0000] {logging_mixin.py:190} INFO - [2025-03-30T03:36:59.674+0000] {dag.py:4180} INFO - Setting next_dagrun for dataset_alias_example_alias_consumer to None, run_after=None
[2025-03-30T03:36:59.675+0000] {logging_mixin.py:190} INFO - [2025-03-30T03:36:59.675+0000] {dag.py:4180} INFO - Setting next_dagrun for dataset_alias_example_alias_producer to None, run_after=None
[2025-03-30T03:36:59.677+0000] {logging_mixin.py:190} INFO - [2025-03-30T03:36:59.677+0000] {dag.py:4180} INFO - Setting next_dagrun for dataset_s3_bucket_consumer to None, run_after=None
[2025-03-30T03:36:59.680+0000] {logging_mixin.py:190} INFO - [2025-03-30T03:36:59.680+0000] {dag.py:4180} INFO - Setting next_dagrun for dataset_s3_bucket_producer to None, run_after=None
[2025-03-30T03:36:59.687+0000] {processor.py:208} INFO - Processing /home/airflow/.local/lib/python3.12/site-packages/airflow/example_dags/example_dataset_alias.py took 0.252 seconds
[2025-03-30T03:37:30.474+0000] {processor.py:186} INFO - Started process (PID=697) to work on /home/airflow/.local/lib/python3.12/site-packages/airflow/example_dags/example_dataset_alias.py
[2025-03-30T03:37:30.475+0000] {processor.py:914} INFO - Processing file /home/airflow/.local/lib/python3.12/site-packages/airflow/example_dags/example_dataset_alias.py for tasks to queue
[2025-03-30T03:37:30.481+0000] {logging_mixin.py:190} INFO - [2025-03-30T03:37:30.480+0000] {dagbag.py:588} INFO - Filling up the DagBag from /home/airflow/.local/lib/python3.12/site-packages/airflow/example_dags/example_dataset_alias.py
[2025-03-30T03:37:30.713+0000] {processor.py:925} INFO - DAG(s) 'dataset_alias_example_alias_consumer', 'dataset_s3_bucket_producer', 'dataset_s3_bucket_consumer', 'dataset_alias_example_alias_producer' retrieved from /home/airflow/.local/lib/python3.12/site-packages/airflow/example_dags/example_dataset_alias.py
[2025-03-30T03:37:30.720+0000] {logging_mixin.py:190} INFO - [2025-03-30T03:37:30.719+0000] {dag.py:3239} INFO - Sync 4 DAGs
[2025-03-30T03:37:30.727+0000] {logging_mixin.py:190} INFO - [2025-03-30T03:37:30.727+0000] {dag.py:4180} INFO - Setting next_dagrun for dataset_alias_example_alias_consumer to None, run_after=None
[2025-03-30T03:37:30.728+0000] {logging_mixin.py:190} INFO - [2025-03-30T03:37:30.728+0000] {dag.py:4180} INFO - Setting next_dagrun for dataset_alias_example_alias_producer to None, run_after=None
[2025-03-30T03:37:30.729+0000] {logging_mixin.py:190} INFO - [2025-03-30T03:37:30.729+0000] {dag.py:4180} INFO - Setting next_dagrun for dataset_s3_bucket_consumer to None, run_after=None
[2025-03-30T03:37:30.732+0000] {logging_mixin.py:190} INFO - [2025-03-30T03:37:30.732+0000] {dag.py:4180} INFO - Setting next_dagrun for dataset_s3_bucket_producer to None, run_after=None
[2025-03-30T03:37:30.740+0000] {processor.py:208} INFO - Processing /home/airflow/.local/lib/python3.12/site-packages/airflow/example_dags/example_dataset_alias.py took 0.271 seconds
[2025-03-30T03:38:01.539+0000] {processor.py:186} INFO - Started process (PID=760) to work on /home/airflow/.local/lib/python3.12/site-packages/airflow/example_dags/example_dataset_alias.py
[2025-03-30T03:38:01.540+0000] {processor.py:914} INFO - Processing file /home/airflow/.local/lib/python3.12/site-packages/airflow/example_dags/example_dataset_alias.py for tasks to queue
[2025-03-30T03:38:01.542+0000] {logging_mixin.py:190} INFO - [2025-03-30T03:38:01.542+0000] {dagbag.py:588} INFO - Filling up the DagBag from /home/airflow/.local/lib/python3.12/site-packages/airflow/example_dags/example_dataset_alias.py
[2025-03-30T03:38:01.805+0000] {processor.py:925} INFO - DAG(s) 'dataset_alias_example_alias_consumer', 'dataset_s3_bucket_consumer', 'dataset_s3_bucket_producer', 'dataset_alias_example_alias_producer' retrieved from /home/airflow/.local/lib/python3.12/site-packages/airflow/example_dags/example_dataset_alias.py
[2025-03-30T03:38:01.812+0000] {logging_mixin.py:190} INFO - [2025-03-30T03:38:01.811+0000] {dag.py:3239} INFO - Sync 4 DAGs
[2025-03-30T03:38:01.818+0000] {logging_mixin.py:190} INFO - [2025-03-30T03:38:01.818+0000] {dag.py:4180} INFO - Setting next_dagrun for dataset_alias_example_alias_consumer to None, run_after=None
[2025-03-30T03:38:01.819+0000] {logging_mixin.py:190} INFO - [2025-03-30T03:38:01.819+0000] {dag.py:4180} INFO - Setting next_dagrun for dataset_alias_example_alias_producer to None, run_after=None
[2025-03-30T03:38:01.820+0000] {logging_mixin.py:190} INFO - [2025-03-30T03:38:01.820+0000] {dag.py:4180} INFO - Setting next_dagrun for dataset_s3_bucket_consumer to None, run_after=None
[2025-03-30T03:38:01.824+0000] {logging_mixin.py:190} INFO - [2025-03-30T03:38:01.824+0000] {dag.py:4180} INFO - Setting next_dagrun for dataset_s3_bucket_producer to None, run_after=None
[2025-03-30T03:38:01.830+0000] {processor.py:208} INFO - Processing /home/airflow/.local/lib/python3.12/site-packages/airflow/example_dags/example_dataset_alias.py took 0.296 seconds
