[2025-03-30T03:32:20.367+0000] {processor.py:186} INFO - Started process (PID=60) to work on /home/airflow/.local/lib/python3.12/site-packages/airflow/example_dags/example_branch_labels.py
[2025-03-30T03:32:20.368+0000] {processor.py:914} INFO - Processing file /home/airflow/.local/lib/python3.12/site-packages/airflow/example_dags/example_branch_labels.py for tasks to queue
[2025-03-30T03:32:20.369+0000] {logging_mixin.py:190} INFO - [2025-03-30T03:32:20.369+0000] {dagbag.py:588} INFO - Filling up the DagBag from /home/airflow/.local/lib/python3.12/site-packages/airflow/example_dags/example_branch_labels.py
[2025-03-30T03:32:20.376+0000] {processor.py:925} INFO - DAG(s) 'example_branch_labels' retrieved from /home/airflow/.local/lib/python3.12/site-packages/airflow/example_dags/example_branch_labels.py
[2025-03-30T03:32:20.392+0000] {logging_mixin.py:190} INFO - [2025-03-30T03:32:20.391+0000] {dag.py:3239} INFO - Sync 1 DAGs
[2025-03-30T03:32:20.402+0000] {logging_mixin.py:190} INFO - [2025-03-30T03:32:20.402+0000] {dag.py:4180} INFO - Setting next_dagrun for example_branch_labels to 2025-03-29 00:00:00+00:00, run_after=2025-03-30 00:00:00+00:00
[2025-03-30T03:32:20.419+0000] {processor.py:208} INFO - Processing /home/airflow/.local/lib/python3.12/site-packages/airflow/example_dags/example_branch_labels.py took 0.055 seconds
[2025-03-30T03:32:50.507+0000] {processor.py:186} INFO - Started process (PID=122) to work on /home/airflow/.local/lib/python3.12/site-packages/airflow/example_dags/example_branch_labels.py
[2025-03-30T03:32:50.508+0000] {processor.py:914} INFO - Processing file /home/airflow/.local/lib/python3.12/site-packages/airflow/example_dags/example_branch_labels.py for tasks to queue
[2025-03-30T03:32:50.508+0000] {logging_mixin.py:190} INFO - [2025-03-30T03:32:50.508+0000] {dagbag.py:588} INFO - Filling up the DagBag from /home/airflow/.local/lib/python3.12/site-packages/airflow/example_dags/example_branch_labels.py
[2025-03-30T03:32:50.512+0000] {processor.py:925} INFO - DAG(s) 'example_branch_labels' retrieved from /home/airflow/.local/lib/python3.12/site-packages/airflow/example_dags/example_branch_labels.py
[2025-03-30T03:32:50.519+0000] {logging_mixin.py:190} INFO - [2025-03-30T03:32:50.519+0000] {dag.py:3239} INFO - Sync 1 DAGs
[2025-03-30T03:32:50.527+0000] {logging_mixin.py:190} INFO - [2025-03-30T03:32:50.527+0000] {dag.py:4180} INFO - Setting next_dagrun for example_branch_labels to 2025-03-29 00:00:00+00:00, run_after=2025-03-30 00:00:00+00:00
[2025-03-30T03:32:50.533+0000] {processor.py:208} INFO - Processing /home/airflow/.local/lib/python3.12/site-packages/airflow/example_dags/example_branch_labels.py took 0.028 seconds
[2025-03-30T03:33:20.601+0000] {processor.py:186} INFO - Started process (PID=190) to work on /home/airflow/.local/lib/python3.12/site-packages/airflow/example_dags/example_branch_labels.py
[2025-03-30T03:33:20.601+0000] {processor.py:914} INFO - Processing file /home/airflow/.local/lib/python3.12/site-packages/airflow/example_dags/example_branch_labels.py for tasks to queue
[2025-03-30T03:33:20.603+0000] {logging_mixin.py:190} INFO - [2025-03-30T03:33:20.603+0000] {dagbag.py:588} INFO - Filling up the DagBag from /home/airflow/.local/lib/python3.12/site-packages/airflow/example_dags/example_branch_labels.py
[2025-03-30T03:33:20.608+0000] {processor.py:925} INFO - DAG(s) 'example_branch_labels' retrieved from /home/airflow/.local/lib/python3.12/site-packages/airflow/example_dags/example_branch_labels.py
[2025-03-30T03:33:20.615+0000] {logging_mixin.py:190} INFO - [2025-03-30T03:33:20.615+0000] {dag.py:3239} INFO - Sync 1 DAGs
[2025-03-30T03:33:20.623+0000] {logging_mixin.py:190} INFO - [2025-03-30T03:33:20.623+0000] {dag.py:4180} INFO - Setting next_dagrun for example_branch_labels to 2025-03-29 00:00:00+00:00, run_after=2025-03-30 00:00:00+00:00
[2025-03-30T03:33:20.632+0000] {processor.py:208} INFO - Processing /home/airflow/.local/lib/python3.12/site-packages/airflow/example_dags/example_branch_labels.py took 0.033 seconds
[2025-03-30T03:33:51.560+0000] {processor.py:186} INFO - Started process (PID=253) to work on /home/airflow/.local/lib/python3.12/site-packages/airflow/example_dags/example_branch_labels.py
[2025-03-30T03:33:51.561+0000] {processor.py:914} INFO - Processing file /home/airflow/.local/lib/python3.12/site-packages/airflow/example_dags/example_branch_labels.py for tasks to queue
[2025-03-30T03:33:51.564+0000] {logging_mixin.py:190} INFO - [2025-03-30T03:33:51.564+0000] {dagbag.py:588} INFO - Filling up the DagBag from /home/airflow/.local/lib/python3.12/site-packages/airflow/example_dags/example_branch_labels.py
[2025-03-30T03:33:51.567+0000] {processor.py:925} INFO - DAG(s) 'example_branch_labels' retrieved from /home/airflow/.local/lib/python3.12/site-packages/airflow/example_dags/example_branch_labels.py
[2025-03-30T03:33:51.574+0000] {logging_mixin.py:190} INFO - [2025-03-30T03:33:51.574+0000] {dag.py:3239} INFO - Sync 1 DAGs
[2025-03-30T03:33:51.582+0000] {logging_mixin.py:190} INFO - [2025-03-30T03:33:51.582+0000] {dag.py:4180} INFO - Setting next_dagrun for example_branch_labels to 2025-03-29 00:00:00+00:00, run_after=2025-03-30 00:00:00+00:00
[2025-03-30T03:33:51.588+0000] {processor.py:208} INFO - Processing /home/airflow/.local/lib/python3.12/site-packages/airflow/example_dags/example_branch_labels.py took 0.029 seconds
[2025-03-30T03:34:22.521+0000] {processor.py:186} INFO - Started process (PID=316) to work on /home/airflow/.local/lib/python3.12/site-packages/airflow/example_dags/example_branch_labels.py
[2025-03-30T03:34:22.525+0000] {processor.py:914} INFO - Processing file /home/airflow/.local/lib/python3.12/site-packages/airflow/example_dags/example_branch_labels.py for tasks to queue
[2025-03-30T03:34:22.526+0000] {logging_mixin.py:190} INFO - [2025-03-30T03:34:22.526+0000] {dagbag.py:588} INFO - Filling up the DagBag from /home/airflow/.local/lib/python3.12/site-packages/airflow/example_dags/example_branch_labels.py
[2025-03-30T03:34:22.531+0000] {processor.py:925} INFO - DAG(s) 'example_branch_labels' retrieved from /home/airflow/.local/lib/python3.12/site-packages/airflow/example_dags/example_branch_labels.py
[2025-03-30T03:34:22.539+0000] {logging_mixin.py:190} INFO - [2025-03-30T03:34:22.539+0000] {dag.py:3239} INFO - Sync 1 DAGs
[2025-03-30T03:34:22.548+0000] {logging_mixin.py:190} INFO - [2025-03-30T03:34:22.548+0000] {dag.py:4180} INFO - Setting next_dagrun for example_branch_labels to 2025-03-29 00:00:00+00:00, run_after=2025-03-30 00:00:00+00:00
[2025-03-30T03:34:22.554+0000] {processor.py:208} INFO - Processing /home/airflow/.local/lib/python3.12/site-packages/airflow/example_dags/example_branch_labels.py took 0.035 seconds
[2025-03-30T03:34:52.757+0000] {processor.py:186} INFO - Started process (PID=379) to work on /home/airflow/.local/lib/python3.12/site-packages/airflow/example_dags/example_branch_labels.py
[2025-03-30T03:34:52.758+0000] {processor.py:914} INFO - Processing file /home/airflow/.local/lib/python3.12/site-packages/airflow/example_dags/example_branch_labels.py for tasks to queue
[2025-03-30T03:34:52.759+0000] {logging_mixin.py:190} INFO - [2025-03-30T03:34:52.758+0000] {dagbag.py:588} INFO - Filling up the DagBag from /home/airflow/.local/lib/python3.12/site-packages/airflow/example_dags/example_branch_labels.py
[2025-03-30T03:34:52.763+0000] {processor.py:925} INFO - DAG(s) 'example_branch_labels' retrieved from /home/airflow/.local/lib/python3.12/site-packages/airflow/example_dags/example_branch_labels.py
[2025-03-30T03:34:52.769+0000] {logging_mixin.py:190} INFO - [2025-03-30T03:34:52.769+0000] {dag.py:3239} INFO - Sync 1 DAGs
[2025-03-30T03:34:52.777+0000] {logging_mixin.py:190} INFO - [2025-03-30T03:34:52.777+0000] {dag.py:4180} INFO - Setting next_dagrun for example_branch_labels to 2025-03-29 00:00:00+00:00, run_after=2025-03-30 00:00:00+00:00
[2025-03-30T03:34:52.782+0000] {processor.py:208} INFO - Processing /home/airflow/.local/lib/python3.12/site-packages/airflow/example_dags/example_branch_labels.py took 0.027 seconds
[2025-03-30T03:35:22.884+0000] {processor.py:186} INFO - Started process (PID=442) to work on /home/airflow/.local/lib/python3.12/site-packages/airflow/example_dags/example_branch_labels.py
[2025-03-30T03:35:22.885+0000] {processor.py:914} INFO - Processing file /home/airflow/.local/lib/python3.12/site-packages/airflow/example_dags/example_branch_labels.py for tasks to queue
[2025-03-30T03:35:22.886+0000] {logging_mixin.py:190} INFO - [2025-03-30T03:35:22.886+0000] {dagbag.py:588} INFO - Filling up the DagBag from /home/airflow/.local/lib/python3.12/site-packages/airflow/example_dags/example_branch_labels.py
[2025-03-30T03:35:22.890+0000] {processor.py:925} INFO - DAG(s) 'example_branch_labels' retrieved from /home/airflow/.local/lib/python3.12/site-packages/airflow/example_dags/example_branch_labels.py
[2025-03-30T03:35:22.899+0000] {logging_mixin.py:190} INFO - [2025-03-30T03:35:22.899+0000] {dag.py:3239} INFO - Sync 1 DAGs
[2025-03-30T03:35:22.908+0000] {logging_mixin.py:190} INFO - [2025-03-30T03:35:22.908+0000] {dag.py:4180} INFO - Setting next_dagrun for example_branch_labels to 2025-03-29 00:00:00+00:00, run_after=2025-03-30 00:00:00+00:00
[2025-03-30T03:35:22.915+0000] {processor.py:208} INFO - Processing /home/airflow/.local/lib/python3.12/site-packages/airflow/example_dags/example_branch_labels.py took 0.034 seconds
[2025-03-30T03:35:52.984+0000] {processor.py:186} INFO - Started process (PID=504) to work on /home/airflow/.local/lib/python3.12/site-packages/airflow/example_dags/example_branch_labels.py
[2025-03-30T03:35:52.985+0000] {processor.py:914} INFO - Processing file /home/airflow/.local/lib/python3.12/site-packages/airflow/example_dags/example_branch_labels.py for tasks to queue
[2025-03-30T03:35:52.986+0000] {logging_mixin.py:190} INFO - [2025-03-30T03:35:52.986+0000] {dagbag.py:588} INFO - Filling up the DagBag from /home/airflow/.local/lib/python3.12/site-packages/airflow/example_dags/example_branch_labels.py
[2025-03-30T03:35:52.990+0000] {processor.py:925} INFO - DAG(s) 'example_branch_labels' retrieved from /home/airflow/.local/lib/python3.12/site-packages/airflow/example_dags/example_branch_labels.py
[2025-03-30T03:35:53.000+0000] {logging_mixin.py:190} INFO - [2025-03-30T03:35:53.000+0000] {dag.py:3239} INFO - Sync 1 DAGs
[2025-03-30T03:35:53.008+0000] {logging_mixin.py:190} INFO - [2025-03-30T03:35:53.008+0000] {dag.py:4180} INFO - Setting next_dagrun for example_branch_labels to 2025-03-29 00:00:00+00:00, run_after=2025-03-30 00:00:00+00:00
[2025-03-30T03:35:53.014+0000] {processor.py:208} INFO - Processing /home/airflow/.local/lib/python3.12/site-packages/airflow/example_dags/example_branch_labels.py took 0.031 seconds
[2025-03-30T03:36:23.086+0000] {processor.py:186} INFO - Started process (PID=567) to work on /home/airflow/.local/lib/python3.12/site-packages/airflow/example_dags/example_branch_labels.py
[2025-03-30T03:36:23.087+0000] {processor.py:914} INFO - Processing file /home/airflow/.local/lib/python3.12/site-packages/airflow/example_dags/example_branch_labels.py for tasks to queue
[2025-03-30T03:36:23.088+0000] {logging_mixin.py:190} INFO - [2025-03-30T03:36:23.088+0000] {dagbag.py:588} INFO - Filling up the DagBag from /home/airflow/.local/lib/python3.12/site-packages/airflow/example_dags/example_branch_labels.py
[2025-03-30T03:36:23.093+0000] {processor.py:925} INFO - DAG(s) 'example_branch_labels' retrieved from /home/airflow/.local/lib/python3.12/site-packages/airflow/example_dags/example_branch_labels.py
[2025-03-30T03:36:23.103+0000] {logging_mixin.py:190} INFO - [2025-03-30T03:36:23.103+0000] {dag.py:3239} INFO - Sync 1 DAGs
[2025-03-30T03:36:23.112+0000] {logging_mixin.py:190} INFO - [2025-03-30T03:36:23.112+0000] {dag.py:4180} INFO - Setting next_dagrun for example_branch_labels to 2025-03-29 00:00:00+00:00, run_after=2025-03-30 00:00:00+00:00
[2025-03-30T03:36:23.119+0000] {processor.py:208} INFO - Processing /home/airflow/.local/lib/python3.12/site-packages/airflow/example_dags/example_branch_labels.py took 0.035 seconds
[2025-03-30T03:36:53.280+0000] {processor.py:186} INFO - Started process (PID=630) to work on /home/airflow/.local/lib/python3.12/site-packages/airflow/example_dags/example_branch_labels.py
[2025-03-30T03:36:53.280+0000] {processor.py:914} INFO - Processing file /home/airflow/.local/lib/python3.12/site-packages/airflow/example_dags/example_branch_labels.py for tasks to queue
[2025-03-30T03:36:53.281+0000] {logging_mixin.py:190} INFO - [2025-03-30T03:36:53.281+0000] {dagbag.py:588} INFO - Filling up the DagBag from /home/airflow/.local/lib/python3.12/site-packages/airflow/example_dags/example_branch_labels.py
[2025-03-30T03:36:53.286+0000] {processor.py:925} INFO - DAG(s) 'example_branch_labels' retrieved from /home/airflow/.local/lib/python3.12/site-packages/airflow/example_dags/example_branch_labels.py
[2025-03-30T03:36:53.295+0000] {logging_mixin.py:190} INFO - [2025-03-30T03:36:53.295+0000] {dag.py:3239} INFO - Sync 1 DAGs
[2025-03-30T03:36:53.311+0000] {logging_mixin.py:190} INFO - [2025-03-30T03:36:53.311+0000] {dag.py:4180} INFO - Setting next_dagrun for example_branch_labels to 2025-03-29 00:00:00+00:00, run_after=2025-03-30 00:00:00+00:00
[2025-03-30T03:36:53.318+0000] {processor.py:208} INFO - Processing /home/airflow/.local/lib/python3.12/site-packages/airflow/example_dags/example_branch_labels.py took 0.041 seconds
[2025-03-30T03:37:23.341+0000] {processor.py:186} INFO - Started process (PID=693) to work on /home/airflow/.local/lib/python3.12/site-packages/airflow/example_dags/example_branch_labels.py
[2025-03-30T03:37:23.342+0000] {processor.py:914} INFO - Processing file /home/airflow/.local/lib/python3.12/site-packages/airflow/example_dags/example_branch_labels.py for tasks to queue
[2025-03-30T03:37:23.342+0000] {logging_mixin.py:190} INFO - [2025-03-30T03:37:23.342+0000] {dagbag.py:588} INFO - Filling up the DagBag from /home/airflow/.local/lib/python3.12/site-packages/airflow/example_dags/example_branch_labels.py
[2025-03-30T03:37:23.346+0000] {processor.py:925} INFO - DAG(s) 'example_branch_labels' retrieved from /home/airflow/.local/lib/python3.12/site-packages/airflow/example_dags/example_branch_labels.py
[2025-03-30T03:37:23.353+0000] {logging_mixin.py:190} INFO - [2025-03-30T03:37:23.353+0000] {dag.py:3239} INFO - Sync 1 DAGs
[2025-03-30T03:37:23.360+0000] {logging_mixin.py:190} INFO - [2025-03-30T03:37:23.360+0000] {dag.py:4180} INFO - Setting next_dagrun for example_branch_labels to 2025-03-29 00:00:00+00:00, run_after=2025-03-30 00:00:00+00:00
[2025-03-30T03:37:23.366+0000] {processor.py:208} INFO - Processing /home/airflow/.local/lib/python3.12/site-packages/airflow/example_dags/example_branch_labels.py took 0.027 seconds
[2025-03-30T03:37:54.330+0000] {processor.py:186} INFO - Started process (PID=756) to work on /home/airflow/.local/lib/python3.12/site-packages/airflow/example_dags/example_branch_labels.py
[2025-03-30T03:37:54.331+0000] {processor.py:914} INFO - Processing file /home/airflow/.local/lib/python3.12/site-packages/airflow/example_dags/example_branch_labels.py for tasks to queue
[2025-03-30T03:37:54.332+0000] {logging_mixin.py:190} INFO - [2025-03-30T03:37:54.332+0000] {dagbag.py:588} INFO - Filling up the DagBag from /home/airflow/.local/lib/python3.12/site-packages/airflow/example_dags/example_branch_labels.py
[2025-03-30T03:37:54.336+0000] {processor.py:925} INFO - DAG(s) 'example_branch_labels' retrieved from /home/airflow/.local/lib/python3.12/site-packages/airflow/example_dags/example_branch_labels.py
[2025-03-30T03:37:54.343+0000] {logging_mixin.py:190} INFO - [2025-03-30T03:37:54.343+0000] {dag.py:3239} INFO - Sync 1 DAGs
[2025-03-30T03:37:54.351+0000] {logging_mixin.py:190} INFO - [2025-03-30T03:37:54.351+0000] {dag.py:4180} INFO - Setting next_dagrun for example_branch_labels to 2025-03-29 00:00:00+00:00, run_after=2025-03-30 00:00:00+00:00
[2025-03-30T03:37:54.357+0000] {processor.py:208} INFO - Processing /home/airflow/.local/lib/python3.12/site-packages/airflow/example_dags/example_branch_labels.py took 0.029 seconds
[2025-03-30T11:24:52.863+0000] {processor.py:186} INFO - Started process (PID=67) to work on /home/airflow/.local/lib/python3.12/site-packages/airflow/example_dags/example_branch_labels.py
[2025-03-30T11:24:52.863+0000] {processor.py:914} INFO - Processing file /home/airflow/.local/lib/python3.12/site-packages/airflow/example_dags/example_branch_labels.py for tasks to queue
[2025-03-30T11:24:52.865+0000] {logging_mixin.py:190} INFO - [2025-03-30T11:24:52.865+0000] {dagbag.py:588} INFO - Filling up the DagBag from /home/airflow/.local/lib/python3.12/site-packages/airflow/example_dags/example_branch_labels.py
[2025-03-30T11:24:52.870+0000] {processor.py:925} INFO - DAG(s) 'example_branch_labels' retrieved from /home/airflow/.local/lib/python3.12/site-packages/airflow/example_dags/example_branch_labels.py
[2025-03-30T11:24:52.881+0000] {logging_mixin.py:190} INFO - [2025-03-30T11:24:52.881+0000] {dag.py:3239} INFO - Sync 1 DAGs
[2025-03-30T11:24:52.891+0000] {logging_mixin.py:190} INFO - [2025-03-30T11:24:52.891+0000] {dag.py:4180} INFO - Setting next_dagrun for example_branch_labels to 2025-03-29 00:00:00+00:00, run_after=2025-03-30 00:00:00+00:00
[2025-03-30T11:24:52.898+0000] {processor.py:208} INFO - Processing /home/airflow/.local/lib/python3.12/site-packages/airflow/example_dags/example_branch_labels.py took 0.038 seconds
[2025-03-30T11:25:23.101+0000] {processor.py:186} INFO - Started process (PID=130) to work on /home/airflow/.local/lib/python3.12/site-packages/airflow/example_dags/example_branch_labels.py
[2025-03-30T11:25:23.101+0000] {processor.py:914} INFO - Processing file /home/airflow/.local/lib/python3.12/site-packages/airflow/example_dags/example_branch_labels.py for tasks to queue
[2025-03-30T11:25:23.102+0000] {logging_mixin.py:190} INFO - [2025-03-30T11:25:23.102+0000] {dagbag.py:588} INFO - Filling up the DagBag from /home/airflow/.local/lib/python3.12/site-packages/airflow/example_dags/example_branch_labels.py
[2025-03-30T11:25:23.106+0000] {processor.py:925} INFO - DAG(s) 'example_branch_labels' retrieved from /home/airflow/.local/lib/python3.12/site-packages/airflow/example_dags/example_branch_labels.py
[2025-03-30T11:25:23.113+0000] {logging_mixin.py:190} INFO - [2025-03-30T11:25:23.113+0000] {dag.py:3239} INFO - Sync 1 DAGs
[2025-03-30T11:25:23.122+0000] {logging_mixin.py:190} INFO - [2025-03-30T11:25:23.122+0000] {dag.py:4180} INFO - Setting next_dagrun for example_branch_labels to 2025-03-29 00:00:00+00:00, run_after=2025-03-30 00:00:00+00:00
[2025-03-30T11:25:23.127+0000] {processor.py:208} INFO - Processing /home/airflow/.local/lib/python3.12/site-packages/airflow/example_dags/example_branch_labels.py took 0.029 seconds
[2025-03-30T11:25:53.307+0000] {processor.py:186} INFO - Started process (PID=193) to work on /home/airflow/.local/lib/python3.12/site-packages/airflow/example_dags/example_branch_labels.py
[2025-03-30T11:25:53.308+0000] {processor.py:914} INFO - Processing file /home/airflow/.local/lib/python3.12/site-packages/airflow/example_dags/example_branch_labels.py for tasks to queue
[2025-03-30T11:25:53.309+0000] {logging_mixin.py:190} INFO - [2025-03-30T11:25:53.309+0000] {dagbag.py:588} INFO - Filling up the DagBag from /home/airflow/.local/lib/python3.12/site-packages/airflow/example_dags/example_branch_labels.py
[2025-03-30T11:25:53.313+0000] {processor.py:925} INFO - DAG(s) 'example_branch_labels' retrieved from /home/airflow/.local/lib/python3.12/site-packages/airflow/example_dags/example_branch_labels.py
[2025-03-30T11:25:53.326+0000] {logging_mixin.py:190} INFO - [2025-03-30T11:25:53.326+0000] {dag.py:3239} INFO - Sync 1 DAGs
[2025-03-30T11:25:53.336+0000] {logging_mixin.py:190} INFO - [2025-03-30T11:25:53.336+0000] {dag.py:4180} INFO - Setting next_dagrun for example_branch_labels to 2025-03-29 00:00:00+00:00, run_after=2025-03-30 00:00:00+00:00
[2025-03-30T11:25:53.342+0000] {processor.py:208} INFO - Processing /home/airflow/.local/lib/python3.12/site-packages/airflow/example_dags/example_branch_labels.py took 0.037 seconds
[2025-03-30T11:26:23.554+0000] {processor.py:186} INFO - Started process (PID=257) to work on /home/airflow/.local/lib/python3.12/site-packages/airflow/example_dags/example_branch_labels.py
[2025-03-30T11:26:23.557+0000] {processor.py:914} INFO - Processing file /home/airflow/.local/lib/python3.12/site-packages/airflow/example_dags/example_branch_labels.py for tasks to queue
[2025-03-30T11:26:23.558+0000] {logging_mixin.py:190} INFO - [2025-03-30T11:26:23.557+0000] {dagbag.py:588} INFO - Filling up the DagBag from /home/airflow/.local/lib/python3.12/site-packages/airflow/example_dags/example_branch_labels.py
[2025-03-30T11:26:23.562+0000] {processor.py:925} INFO - DAG(s) 'example_branch_labels' retrieved from /home/airflow/.local/lib/python3.12/site-packages/airflow/example_dags/example_branch_labels.py
[2025-03-30T11:26:23.570+0000] {logging_mixin.py:190} INFO - [2025-03-30T11:26:23.570+0000] {dag.py:3239} INFO - Sync 1 DAGs
[2025-03-30T11:26:23.581+0000] {logging_mixin.py:190} INFO - [2025-03-30T11:26:23.581+0000] {dag.py:4180} INFO - Setting next_dagrun for example_branch_labels to 2025-03-29 00:00:00+00:00, run_after=2025-03-30 00:00:00+00:00
[2025-03-30T11:26:23.594+0000] {processor.py:208} INFO - Processing /home/airflow/.local/lib/python3.12/site-packages/airflow/example_dags/example_branch_labels.py took 0.042 seconds
[2025-03-30T11:26:53.942+0000] {processor.py:186} INFO - Started process (PID=320) to work on /home/airflow/.local/lib/python3.12/site-packages/airflow/example_dags/example_branch_labels.py
[2025-03-30T11:26:53.943+0000] {processor.py:914} INFO - Processing file /home/airflow/.local/lib/python3.12/site-packages/airflow/example_dags/example_branch_labels.py for tasks to queue
[2025-03-30T11:26:53.944+0000] {logging_mixin.py:190} INFO - [2025-03-30T11:26:53.944+0000] {dagbag.py:588} INFO - Filling up the DagBag from /home/airflow/.local/lib/python3.12/site-packages/airflow/example_dags/example_branch_labels.py
[2025-03-30T11:26:53.948+0000] {processor.py:925} INFO - DAG(s) 'example_branch_labels' retrieved from /home/airflow/.local/lib/python3.12/site-packages/airflow/example_dags/example_branch_labels.py
[2025-03-30T11:26:53.965+0000] {logging_mixin.py:190} INFO - [2025-03-30T11:26:53.965+0000] {dag.py:3239} INFO - Sync 1 DAGs
[2025-03-30T11:26:53.975+0000] {logging_mixin.py:190} INFO - [2025-03-30T11:26:53.975+0000] {dag.py:4180} INFO - Setting next_dagrun for example_branch_labels to 2025-03-29 00:00:00+00:00, run_after=2025-03-30 00:00:00+00:00
[2025-03-30T11:26:53.983+0000] {processor.py:208} INFO - Processing /home/airflow/.local/lib/python3.12/site-packages/airflow/example_dags/example_branch_labels.py took 0.043 seconds
[2025-03-30T11:27:24.332+0000] {processor.py:186} INFO - Started process (PID=385) to work on /home/airflow/.local/lib/python3.12/site-packages/airflow/example_dags/example_branch_labels.py
[2025-03-30T11:27:24.333+0000] {processor.py:914} INFO - Processing file /home/airflow/.local/lib/python3.12/site-packages/airflow/example_dags/example_branch_labels.py for tasks to queue
[2025-03-30T11:27:24.335+0000] {logging_mixin.py:190} INFO - [2025-03-30T11:27:24.335+0000] {dagbag.py:588} INFO - Filling up the DagBag from /home/airflow/.local/lib/python3.12/site-packages/airflow/example_dags/example_branch_labels.py
[2025-03-30T11:27:24.339+0000] {processor.py:925} INFO - DAG(s) 'example_branch_labels' retrieved from /home/airflow/.local/lib/python3.12/site-packages/airflow/example_dags/example_branch_labels.py
[2025-03-30T11:27:24.350+0000] {logging_mixin.py:190} INFO - [2025-03-30T11:27:24.350+0000] {dag.py:3239} INFO - Sync 1 DAGs
[2025-03-30T11:27:24.359+0000] {logging_mixin.py:190} INFO - [2025-03-30T11:27:24.358+0000] {dag.py:4180} INFO - Setting next_dagrun for example_branch_labels to 2025-03-29 00:00:00+00:00, run_after=2025-03-30 00:00:00+00:00
[2025-03-30T11:27:24.367+0000] {processor.py:208} INFO - Processing /home/airflow/.local/lib/python3.12/site-packages/airflow/example_dags/example_branch_labels.py took 0.037 seconds
[2025-03-30T11:27:54.536+0000] {processor.py:186} INFO - Started process (PID=449) to work on /home/airflow/.local/lib/python3.12/site-packages/airflow/example_dags/example_branch_labels.py
[2025-03-30T11:27:54.536+0000] {processor.py:914} INFO - Processing file /home/airflow/.local/lib/python3.12/site-packages/airflow/example_dags/example_branch_labels.py for tasks to queue
[2025-03-30T11:27:54.537+0000] {logging_mixin.py:190} INFO - [2025-03-30T11:27:54.537+0000] {dagbag.py:588} INFO - Filling up the DagBag from /home/airflow/.local/lib/python3.12/site-packages/airflow/example_dags/example_branch_labels.py
[2025-03-30T11:27:54.541+0000] {processor.py:925} INFO - DAG(s) 'example_branch_labels' retrieved from /home/airflow/.local/lib/python3.12/site-packages/airflow/example_dags/example_branch_labels.py
[2025-03-30T11:27:54.550+0000] {logging_mixin.py:190} INFO - [2025-03-30T11:27:54.550+0000] {dag.py:3239} INFO - Sync 1 DAGs
[2025-03-30T11:27:54.558+0000] {logging_mixin.py:190} INFO - [2025-03-30T11:27:54.558+0000] {dag.py:4180} INFO - Setting next_dagrun for example_branch_labels to 2025-03-29 00:00:00+00:00, run_after=2025-03-30 00:00:00+00:00
[2025-03-30T11:27:54.564+0000] {processor.py:208} INFO - Processing /home/airflow/.local/lib/python3.12/site-packages/airflow/example_dags/example_branch_labels.py took 0.031 seconds
[2025-03-30T11:28:24.970+0000] {processor.py:186} INFO - Started process (PID=513) to work on /home/airflow/.local/lib/python3.12/site-packages/airflow/example_dags/example_branch_labels.py
[2025-03-30T11:28:24.971+0000] {processor.py:914} INFO - Processing file /home/airflow/.local/lib/python3.12/site-packages/airflow/example_dags/example_branch_labels.py for tasks to queue
[2025-03-30T11:28:24.971+0000] {logging_mixin.py:190} INFO - [2025-03-30T11:28:24.971+0000] {dagbag.py:588} INFO - Filling up the DagBag from /home/airflow/.local/lib/python3.12/site-packages/airflow/example_dags/example_branch_labels.py
[2025-03-30T11:28:24.976+0000] {processor.py:925} INFO - DAG(s) 'example_branch_labels' retrieved from /home/airflow/.local/lib/python3.12/site-packages/airflow/example_dags/example_branch_labels.py
[2025-03-30T11:28:24.984+0000] {logging_mixin.py:190} INFO - [2025-03-30T11:28:24.984+0000] {dag.py:3239} INFO - Sync 1 DAGs
[2025-03-30T11:28:24.992+0000] {logging_mixin.py:190} INFO - [2025-03-30T11:28:24.992+0000] {dag.py:4180} INFO - Setting next_dagrun for example_branch_labels to 2025-03-29 00:00:00+00:00, run_after=2025-03-30 00:00:00+00:00
[2025-03-30T11:28:25.001+0000] {processor.py:208} INFO - Processing /home/airflow/.local/lib/python3.12/site-packages/airflow/example_dags/example_branch_labels.py took 0.034 seconds
[2025-03-30T11:28:55.451+0000] {processor.py:186} INFO - Started process (PID=577) to work on /home/airflow/.local/lib/python3.12/site-packages/airflow/example_dags/example_branch_labels.py
[2025-03-30T11:28:55.452+0000] {processor.py:914} INFO - Processing file /home/airflow/.local/lib/python3.12/site-packages/airflow/example_dags/example_branch_labels.py for tasks to queue
[2025-03-30T11:28:55.453+0000] {logging_mixin.py:190} INFO - [2025-03-30T11:28:55.453+0000] {dagbag.py:588} INFO - Filling up the DagBag from /home/airflow/.local/lib/python3.12/site-packages/airflow/example_dags/example_branch_labels.py
[2025-03-30T11:28:55.457+0000] {processor.py:925} INFO - DAG(s) 'example_branch_labels' retrieved from /home/airflow/.local/lib/python3.12/site-packages/airflow/example_dags/example_branch_labels.py
[2025-03-30T11:28:55.467+0000] {logging_mixin.py:190} INFO - [2025-03-30T11:28:55.467+0000] {dag.py:3239} INFO - Sync 1 DAGs
[2025-03-30T11:28:55.474+0000] {logging_mixin.py:190} INFO - [2025-03-30T11:28:55.474+0000] {dag.py:4180} INFO - Setting next_dagrun for example_branch_labels to 2025-03-29 00:00:00+00:00, run_after=2025-03-30 00:00:00+00:00
[2025-03-30T11:28:55.481+0000] {processor.py:208} INFO - Processing /home/airflow/.local/lib/python3.12/site-packages/airflow/example_dags/example_branch_labels.py took 0.031 seconds
[2025-03-30T11:29:26.125+0000] {processor.py:186} INFO - Started process (PID=641) to work on /home/airflow/.local/lib/python3.12/site-packages/airflow/example_dags/example_branch_labels.py
[2025-03-30T11:29:26.127+0000] {processor.py:914} INFO - Processing file /home/airflow/.local/lib/python3.12/site-packages/airflow/example_dags/example_branch_labels.py for tasks to queue
[2025-03-30T11:29:26.129+0000] {logging_mixin.py:190} INFO - [2025-03-30T11:29:26.129+0000] {dagbag.py:588} INFO - Filling up the DagBag from /home/airflow/.local/lib/python3.12/site-packages/airflow/example_dags/example_branch_labels.py
[2025-03-30T11:29:26.133+0000] {processor.py:925} INFO - DAG(s) 'example_branch_labels' retrieved from /home/airflow/.local/lib/python3.12/site-packages/airflow/example_dags/example_branch_labels.py
[2025-03-30T11:29:26.144+0000] {logging_mixin.py:190} INFO - [2025-03-30T11:29:26.144+0000] {dag.py:3239} INFO - Sync 1 DAGs
[2025-03-30T11:29:26.153+0000] {logging_mixin.py:190} INFO - [2025-03-30T11:29:26.153+0000] {dag.py:4180} INFO - Setting next_dagrun for example_branch_labels to 2025-03-29 00:00:00+00:00, run_after=2025-03-30 00:00:00+00:00
[2025-03-30T11:29:26.161+0000] {processor.py:208} INFO - Processing /home/airflow/.local/lib/python3.12/site-packages/airflow/example_dags/example_branch_labels.py took 0.038 seconds
[2025-03-30T11:29:56.536+0000] {processor.py:186} INFO - Started process (PID=705) to work on /home/airflow/.local/lib/python3.12/site-packages/airflow/example_dags/example_branch_labels.py
[2025-03-30T11:29:56.540+0000] {processor.py:914} INFO - Processing file /home/airflow/.local/lib/python3.12/site-packages/airflow/example_dags/example_branch_labels.py for tasks to queue
[2025-03-30T11:29:56.541+0000] {logging_mixin.py:190} INFO - [2025-03-30T11:29:56.541+0000] {dagbag.py:588} INFO - Filling up the DagBag from /home/airflow/.local/lib/python3.12/site-packages/airflow/example_dags/example_branch_labels.py
[2025-03-30T11:29:56.546+0000] {processor.py:925} INFO - DAG(s) 'example_branch_labels' retrieved from /home/airflow/.local/lib/python3.12/site-packages/airflow/example_dags/example_branch_labels.py
[2025-03-30T11:29:56.556+0000] {logging_mixin.py:190} INFO - [2025-03-30T11:29:56.556+0000] {dag.py:3239} INFO - Sync 1 DAGs
[2025-03-30T11:29:56.565+0000] {logging_mixin.py:190} INFO - [2025-03-30T11:29:56.565+0000] {dag.py:4180} INFO - Setting next_dagrun for example_branch_labels to 2025-03-29 00:00:00+00:00, run_after=2025-03-30 00:00:00+00:00
[2025-03-30T11:29:56.571+0000] {processor.py:208} INFO - Processing /home/airflow/.local/lib/python3.12/site-packages/airflow/example_dags/example_branch_labels.py took 0.037 seconds
[2025-03-30T11:30:26.942+0000] {processor.py:186} INFO - Started process (PID=769) to work on /home/airflow/.local/lib/python3.12/site-packages/airflow/example_dags/example_branch_labels.py
[2025-03-30T11:30:26.943+0000] {processor.py:914} INFO - Processing file /home/airflow/.local/lib/python3.12/site-packages/airflow/example_dags/example_branch_labels.py for tasks to queue
[2025-03-30T11:30:26.944+0000] {logging_mixin.py:190} INFO - [2025-03-30T11:30:26.944+0000] {dagbag.py:588} INFO - Filling up the DagBag from /home/airflow/.local/lib/python3.12/site-packages/airflow/example_dags/example_branch_labels.py
[2025-03-30T11:30:26.949+0000] {processor.py:925} INFO - DAG(s) 'example_branch_labels' retrieved from /home/airflow/.local/lib/python3.12/site-packages/airflow/example_dags/example_branch_labels.py
[2025-03-30T11:30:26.961+0000] {logging_mixin.py:190} INFO - [2025-03-30T11:30:26.961+0000] {dag.py:3239} INFO - Sync 1 DAGs
[2025-03-30T11:30:26.970+0000] {logging_mixin.py:190} INFO - [2025-03-30T11:30:26.970+0000] {dag.py:4180} INFO - Setting next_dagrun for example_branch_labels to 2025-03-29 00:00:00+00:00, run_after=2025-03-30 00:00:00+00:00
[2025-03-30T11:30:26.977+0000] {processor.py:208} INFO - Processing /home/airflow/.local/lib/python3.12/site-packages/airflow/example_dags/example_branch_labels.py took 0.038 seconds
[2025-03-30T11:30:57.162+0000] {processor.py:186} INFO - Started process (PID=833) to work on /home/airflow/.local/lib/python3.12/site-packages/airflow/example_dags/example_branch_labels.py
[2025-03-30T11:30:57.162+0000] {processor.py:914} INFO - Processing file /home/airflow/.local/lib/python3.12/site-packages/airflow/example_dags/example_branch_labels.py for tasks to queue
[2025-03-30T11:30:57.163+0000] {logging_mixin.py:190} INFO - [2025-03-30T11:30:57.163+0000] {dagbag.py:588} INFO - Filling up the DagBag from /home/airflow/.local/lib/python3.12/site-packages/airflow/example_dags/example_branch_labels.py
[2025-03-30T11:30:57.167+0000] {processor.py:925} INFO - DAG(s) 'example_branch_labels' retrieved from /home/airflow/.local/lib/python3.12/site-packages/airflow/example_dags/example_branch_labels.py
[2025-03-30T11:30:57.177+0000] {logging_mixin.py:190} INFO - [2025-03-30T11:30:57.177+0000] {dag.py:3239} INFO - Sync 1 DAGs
[2025-03-30T11:30:57.186+0000] {logging_mixin.py:190} INFO - [2025-03-30T11:30:57.186+0000] {dag.py:4180} INFO - Setting next_dagrun for example_branch_labels to 2025-03-29 00:00:00+00:00, run_after=2025-03-30 00:00:00+00:00
[2025-03-30T11:30:57.193+0000] {processor.py:208} INFO - Processing /home/airflow/.local/lib/python3.12/site-packages/airflow/example_dags/example_branch_labels.py took 0.034 seconds
[2025-03-30T11:31:27.494+0000] {processor.py:186} INFO - Started process (PID=897) to work on /home/airflow/.local/lib/python3.12/site-packages/airflow/example_dags/example_branch_labels.py
[2025-03-30T11:31:27.495+0000] {processor.py:914} INFO - Processing file /home/airflow/.local/lib/python3.12/site-packages/airflow/example_dags/example_branch_labels.py for tasks to queue
[2025-03-30T11:31:27.497+0000] {logging_mixin.py:190} INFO - [2025-03-30T11:31:27.497+0000] {dagbag.py:588} INFO - Filling up the DagBag from /home/airflow/.local/lib/python3.12/site-packages/airflow/example_dags/example_branch_labels.py
[2025-03-30T11:31:27.501+0000] {processor.py:925} INFO - DAG(s) 'example_branch_labels' retrieved from /home/airflow/.local/lib/python3.12/site-packages/airflow/example_dags/example_branch_labels.py
[2025-03-30T11:31:27.512+0000] {logging_mixin.py:190} INFO - [2025-03-30T11:31:27.512+0000] {dag.py:3239} INFO - Sync 1 DAGs
[2025-03-30T11:31:27.521+0000] {logging_mixin.py:190} INFO - [2025-03-30T11:31:27.521+0000] {dag.py:4180} INFO - Setting next_dagrun for example_branch_labels to 2025-03-29 00:00:00+00:00, run_after=2025-03-30 00:00:00+00:00
[2025-03-30T11:31:27.527+0000] {processor.py:208} INFO - Processing /home/airflow/.local/lib/python3.12/site-packages/airflow/example_dags/example_branch_labels.py took 0.036 seconds
[2025-03-30T11:31:57.714+0000] {processor.py:186} INFO - Started process (PID=960) to work on /home/airflow/.local/lib/python3.12/site-packages/airflow/example_dags/example_branch_labels.py
[2025-03-30T11:31:57.715+0000] {processor.py:914} INFO - Processing file /home/airflow/.local/lib/python3.12/site-packages/airflow/example_dags/example_branch_labels.py for tasks to queue
[2025-03-30T11:31:57.716+0000] {logging_mixin.py:190} INFO - [2025-03-30T11:31:57.716+0000] {dagbag.py:588} INFO - Filling up the DagBag from /home/airflow/.local/lib/python3.12/site-packages/airflow/example_dags/example_branch_labels.py
[2025-03-30T11:31:57.720+0000] {processor.py:925} INFO - DAG(s) 'example_branch_labels' retrieved from /home/airflow/.local/lib/python3.12/site-packages/airflow/example_dags/example_branch_labels.py
[2025-03-30T11:31:57.727+0000] {logging_mixin.py:190} INFO - [2025-03-30T11:31:57.727+0000] {dag.py:3239} INFO - Sync 1 DAGs
[2025-03-30T11:31:57.736+0000] {logging_mixin.py:190} INFO - [2025-03-30T11:31:57.736+0000] {dag.py:4180} INFO - Setting next_dagrun for example_branch_labels to 2025-03-29 00:00:00+00:00, run_after=2025-03-30 00:00:00+00:00
[2025-03-30T11:31:57.743+0000] {processor.py:208} INFO - Processing /home/airflow/.local/lib/python3.12/site-packages/airflow/example_dags/example_branch_labels.py took 0.031 seconds
[2025-03-30T11:32:27.930+0000] {processor.py:186} INFO - Started process (PID=1024) to work on /home/airflow/.local/lib/python3.12/site-packages/airflow/example_dags/example_branch_labels.py
[2025-03-30T11:32:27.931+0000] {processor.py:914} INFO - Processing file /home/airflow/.local/lib/python3.12/site-packages/airflow/example_dags/example_branch_labels.py for tasks to queue
[2025-03-30T11:32:27.931+0000] {logging_mixin.py:190} INFO - [2025-03-30T11:32:27.931+0000] {dagbag.py:588} INFO - Filling up the DagBag from /home/airflow/.local/lib/python3.12/site-packages/airflow/example_dags/example_branch_labels.py
[2025-03-30T11:32:27.935+0000] {processor.py:925} INFO - DAG(s) 'example_branch_labels' retrieved from /home/airflow/.local/lib/python3.12/site-packages/airflow/example_dags/example_branch_labels.py
[2025-03-30T11:32:27.942+0000] {logging_mixin.py:190} INFO - [2025-03-30T11:32:27.942+0000] {dag.py:3239} INFO - Sync 1 DAGs
[2025-03-30T11:32:27.950+0000] {logging_mixin.py:190} INFO - [2025-03-30T11:32:27.950+0000] {dag.py:4180} INFO - Setting next_dagrun for example_branch_labels to 2025-03-29 00:00:00+00:00, run_after=2025-03-30 00:00:00+00:00
[2025-03-30T11:32:27.957+0000] {processor.py:208} INFO - Processing /home/airflow/.local/lib/python3.12/site-packages/airflow/example_dags/example_branch_labels.py took 0.029 seconds
[2025-03-30T11:32:58.138+0000] {processor.py:186} INFO - Started process (PID=1088) to work on /home/airflow/.local/lib/python3.12/site-packages/airflow/example_dags/example_branch_labels.py
[2025-03-30T11:32:58.138+0000] {processor.py:914} INFO - Processing file /home/airflow/.local/lib/python3.12/site-packages/airflow/example_dags/example_branch_labels.py for tasks to queue
[2025-03-30T11:32:58.140+0000] {logging_mixin.py:190} INFO - [2025-03-30T11:32:58.140+0000] {dagbag.py:588} INFO - Filling up the DagBag from /home/airflow/.local/lib/python3.12/site-packages/airflow/example_dags/example_branch_labels.py
[2025-03-30T11:32:58.144+0000] {processor.py:925} INFO - DAG(s) 'example_branch_labels' retrieved from /home/airflow/.local/lib/python3.12/site-packages/airflow/example_dags/example_branch_labels.py
[2025-03-30T11:32:58.152+0000] {logging_mixin.py:190} INFO - [2025-03-30T11:32:58.152+0000] {dag.py:3239} INFO - Sync 1 DAGs
[2025-03-30T11:32:58.163+0000] {logging_mixin.py:190} INFO - [2025-03-30T11:32:58.163+0000] {dag.py:4180} INFO - Setting next_dagrun for example_branch_labels to 2025-03-29 00:00:00+00:00, run_after=2025-03-30 00:00:00+00:00
[2025-03-30T11:32:58.171+0000] {processor.py:208} INFO - Processing /home/airflow/.local/lib/python3.12/site-packages/airflow/example_dags/example_branch_labels.py took 0.035 seconds
[2025-03-30T11:33:28.253+0000] {processor.py:186} INFO - Started process (PID=1151) to work on /home/airflow/.local/lib/python3.12/site-packages/airflow/example_dags/example_branch_labels.py
[2025-03-30T11:33:28.254+0000] {processor.py:914} INFO - Processing file /home/airflow/.local/lib/python3.12/site-packages/airflow/example_dags/example_branch_labels.py for tasks to queue
[2025-03-30T11:33:28.256+0000] {logging_mixin.py:190} INFO - [2025-03-30T11:33:28.256+0000] {dagbag.py:588} INFO - Filling up the DagBag from /home/airflow/.local/lib/python3.12/site-packages/airflow/example_dags/example_branch_labels.py
[2025-03-30T11:33:28.260+0000] {processor.py:925} INFO - DAG(s) 'example_branch_labels' retrieved from /home/airflow/.local/lib/python3.12/site-packages/airflow/example_dags/example_branch_labels.py
[2025-03-30T11:33:28.268+0000] {logging_mixin.py:190} INFO - [2025-03-30T11:33:28.268+0000] {dag.py:3239} INFO - Sync 1 DAGs
[2025-03-30T11:33:28.279+0000] {logging_mixin.py:190} INFO - [2025-03-30T11:33:28.279+0000] {dag.py:4180} INFO - Setting next_dagrun for example_branch_labels to 2025-03-29 00:00:00+00:00, run_after=2025-03-30 00:00:00+00:00
[2025-03-30T11:33:28.288+0000] {processor.py:208} INFO - Processing /home/airflow/.local/lib/python3.12/site-packages/airflow/example_dags/example_branch_labels.py took 0.037 seconds
[2025-03-30T11:33:58.454+0000] {processor.py:186} INFO - Started process (PID=1216) to work on /home/airflow/.local/lib/python3.12/site-packages/airflow/example_dags/example_branch_labels.py
[2025-03-30T11:33:58.455+0000] {processor.py:914} INFO - Processing file /home/airflow/.local/lib/python3.12/site-packages/airflow/example_dags/example_branch_labels.py for tasks to queue
[2025-03-30T11:33:58.457+0000] {logging_mixin.py:190} INFO - [2025-03-30T11:33:58.457+0000] {dagbag.py:588} INFO - Filling up the DagBag from /home/airflow/.local/lib/python3.12/site-packages/airflow/example_dags/example_branch_labels.py
[2025-03-30T11:33:58.460+0000] {processor.py:925} INFO - DAG(s) 'example_branch_labels' retrieved from /home/airflow/.local/lib/python3.12/site-packages/airflow/example_dags/example_branch_labels.py
[2025-03-30T11:33:58.469+0000] {logging_mixin.py:190} INFO - [2025-03-30T11:33:58.469+0000] {dag.py:3239} INFO - Sync 1 DAGs
[2025-03-30T11:33:58.481+0000] {logging_mixin.py:190} INFO - [2025-03-30T11:33:58.480+0000] {dag.py:4180} INFO - Setting next_dagrun for example_branch_labels to 2025-03-29 00:00:00+00:00, run_after=2025-03-30 00:00:00+00:00
[2025-03-30T11:33:58.490+0000] {processor.py:208} INFO - Processing /home/airflow/.local/lib/python3.12/site-packages/airflow/example_dags/example_branch_labels.py took 0.038 seconds
[2025-03-30T11:34:28.659+0000] {processor.py:186} INFO - Started process (PID=1280) to work on /home/airflow/.local/lib/python3.12/site-packages/airflow/example_dags/example_branch_labels.py
[2025-03-30T11:34:28.662+0000] {processor.py:914} INFO - Processing file /home/airflow/.local/lib/python3.12/site-packages/airflow/example_dags/example_branch_labels.py for tasks to queue
[2025-03-30T11:34:28.663+0000] {logging_mixin.py:190} INFO - [2025-03-30T11:34:28.663+0000] {dagbag.py:588} INFO - Filling up the DagBag from /home/airflow/.local/lib/python3.12/site-packages/airflow/example_dags/example_branch_labels.py
[2025-03-30T11:34:28.667+0000] {processor.py:925} INFO - DAG(s) 'example_branch_labels' retrieved from /home/airflow/.local/lib/python3.12/site-packages/airflow/example_dags/example_branch_labels.py
[2025-03-30T11:34:28.675+0000] {logging_mixin.py:190} INFO - [2025-03-30T11:34:28.675+0000] {dag.py:3239} INFO - Sync 1 DAGs
[2025-03-30T11:34:28.683+0000] {logging_mixin.py:190} INFO - [2025-03-30T11:34:28.683+0000] {dag.py:4180} INFO - Setting next_dagrun for example_branch_labels to 2025-03-29 00:00:00+00:00, run_after=2025-03-30 00:00:00+00:00
[2025-03-30T11:34:28.688+0000] {processor.py:208} INFO - Processing /home/airflow/.local/lib/python3.12/site-packages/airflow/example_dags/example_branch_labels.py took 0.031 seconds
[2025-03-30T11:34:59.197+0000] {processor.py:186} INFO - Started process (PID=1344) to work on /home/airflow/.local/lib/python3.12/site-packages/airflow/example_dags/example_branch_labels.py
[2025-03-30T11:34:59.197+0000] {processor.py:914} INFO - Processing file /home/airflow/.local/lib/python3.12/site-packages/airflow/example_dags/example_branch_labels.py for tasks to queue
[2025-03-30T11:34:59.198+0000] {logging_mixin.py:190} INFO - [2025-03-30T11:34:59.198+0000] {dagbag.py:588} INFO - Filling up the DagBag from /home/airflow/.local/lib/python3.12/site-packages/airflow/example_dags/example_branch_labels.py
[2025-03-30T11:34:59.203+0000] {processor.py:925} INFO - DAG(s) 'example_branch_labels' retrieved from /home/airflow/.local/lib/python3.12/site-packages/airflow/example_dags/example_branch_labels.py
[2025-03-30T11:34:59.212+0000] {logging_mixin.py:190} INFO - [2025-03-30T11:34:59.212+0000] {dag.py:3239} INFO - Sync 1 DAGs
[2025-03-30T11:34:59.224+0000] {logging_mixin.py:190} INFO - [2025-03-30T11:34:59.224+0000] {dag.py:4180} INFO - Setting next_dagrun for example_branch_labels to 2025-03-29 00:00:00+00:00, run_after=2025-03-30 00:00:00+00:00
[2025-03-30T11:34:59.230+0000] {processor.py:208} INFO - Processing /home/airflow/.local/lib/python3.12/site-packages/airflow/example_dags/example_branch_labels.py took 0.036 seconds
[2025-03-30T11:35:29.834+0000] {processor.py:186} INFO - Started process (PID=1408) to work on /home/airflow/.local/lib/python3.12/site-packages/airflow/example_dags/example_branch_labels.py
[2025-03-30T11:35:29.836+0000] {processor.py:914} INFO - Processing file /home/airflow/.local/lib/python3.12/site-packages/airflow/example_dags/example_branch_labels.py for tasks to queue
[2025-03-30T11:35:29.837+0000] {logging_mixin.py:190} INFO - [2025-03-30T11:35:29.837+0000] {dagbag.py:588} INFO - Filling up the DagBag from /home/airflow/.local/lib/python3.12/site-packages/airflow/example_dags/example_branch_labels.py
[2025-03-30T11:35:29.841+0000] {processor.py:925} INFO - DAG(s) 'example_branch_labels' retrieved from /home/airflow/.local/lib/python3.12/site-packages/airflow/example_dags/example_branch_labels.py
[2025-03-30T11:35:29.849+0000] {logging_mixin.py:190} INFO - [2025-03-30T11:35:29.849+0000] {dag.py:3239} INFO - Sync 1 DAGs
[2025-03-30T11:35:29.858+0000] {logging_mixin.py:190} INFO - [2025-03-30T11:35:29.858+0000] {dag.py:4180} INFO - Setting next_dagrun for example_branch_labels to 2025-03-29 00:00:00+00:00, run_after=2025-03-30 00:00:00+00:00
[2025-03-30T11:35:29.870+0000] {processor.py:208} INFO - Processing /home/airflow/.local/lib/python3.12/site-packages/airflow/example_dags/example_branch_labels.py took 0.038 seconds
[2025-03-30T11:36:00.115+0000] {processor.py:186} INFO - Started process (PID=1472) to work on /home/airflow/.local/lib/python3.12/site-packages/airflow/example_dags/example_branch_labels.py
[2025-03-30T11:36:00.116+0000] {processor.py:914} INFO - Processing file /home/airflow/.local/lib/python3.12/site-packages/airflow/example_dags/example_branch_labels.py for tasks to queue
[2025-03-30T11:36:00.116+0000] {logging_mixin.py:190} INFO - [2025-03-30T11:36:00.116+0000] {dagbag.py:588} INFO - Filling up the DagBag from /home/airflow/.local/lib/python3.12/site-packages/airflow/example_dags/example_branch_labels.py
[2025-03-30T11:36:00.120+0000] {processor.py:925} INFO - DAG(s) 'example_branch_labels' retrieved from /home/airflow/.local/lib/python3.12/site-packages/airflow/example_dags/example_branch_labels.py
[2025-03-30T11:36:00.131+0000] {logging_mixin.py:190} INFO - [2025-03-30T11:36:00.131+0000] {dag.py:3239} INFO - Sync 1 DAGs
[2025-03-30T11:36:00.139+0000] {logging_mixin.py:190} INFO - [2025-03-30T11:36:00.139+0000] {dag.py:4180} INFO - Setting next_dagrun for example_branch_labels to 2025-03-29 00:00:00+00:00, run_after=2025-03-30 00:00:00+00:00
[2025-03-30T11:36:00.148+0000] {processor.py:208} INFO - Processing /home/airflow/.local/lib/python3.12/site-packages/airflow/example_dags/example_branch_labels.py took 0.036 seconds
[2025-03-30T11:36:30.513+0000] {processor.py:186} INFO - Started process (PID=1536) to work on /home/airflow/.local/lib/python3.12/site-packages/airflow/example_dags/example_branch_labels.py
[2025-03-30T11:36:30.516+0000] {processor.py:914} INFO - Processing file /home/airflow/.local/lib/python3.12/site-packages/airflow/example_dags/example_branch_labels.py for tasks to queue
[2025-03-30T11:36:30.519+0000] {logging_mixin.py:190} INFO - [2025-03-30T11:36:30.519+0000] {dagbag.py:588} INFO - Filling up the DagBag from /home/airflow/.local/lib/python3.12/site-packages/airflow/example_dags/example_branch_labels.py
[2025-03-30T11:36:30.525+0000] {processor.py:925} INFO - DAG(s) 'example_branch_labels' retrieved from /home/airflow/.local/lib/python3.12/site-packages/airflow/example_dags/example_branch_labels.py
[2025-03-30T11:36:30.534+0000] {logging_mixin.py:190} INFO - [2025-03-30T11:36:30.533+0000] {dag.py:3239} INFO - Sync 1 DAGs
[2025-03-30T11:36:30.542+0000] {logging_mixin.py:190} INFO - [2025-03-30T11:36:30.541+0000] {dag.py:4180} INFO - Setting next_dagrun for example_branch_labels to 2025-03-29 00:00:00+00:00, run_after=2025-03-30 00:00:00+00:00
[2025-03-30T11:36:30.547+0000] {processor.py:208} INFO - Processing /home/airflow/.local/lib/python3.12/site-packages/airflow/example_dags/example_branch_labels.py took 0.036 seconds
[2025-03-30T11:37:00.773+0000] {processor.py:186} INFO - Started process (PID=1600) to work on /home/airflow/.local/lib/python3.12/site-packages/airflow/example_dags/example_branch_labels.py
[2025-03-30T11:37:00.773+0000] {processor.py:914} INFO - Processing file /home/airflow/.local/lib/python3.12/site-packages/airflow/example_dags/example_branch_labels.py for tasks to queue
[2025-03-30T11:37:00.775+0000] {logging_mixin.py:190} INFO - [2025-03-30T11:37:00.775+0000] {dagbag.py:588} INFO - Filling up the DagBag from /home/airflow/.local/lib/python3.12/site-packages/airflow/example_dags/example_branch_labels.py
[2025-03-30T11:37:00.780+0000] {processor.py:925} INFO - DAG(s) 'example_branch_labels' retrieved from /home/airflow/.local/lib/python3.12/site-packages/airflow/example_dags/example_branch_labels.py
[2025-03-30T11:37:00.795+0000] {logging_mixin.py:190} INFO - [2025-03-30T11:37:00.795+0000] {dag.py:3239} INFO - Sync 1 DAGs
[2025-03-30T11:37:00.803+0000] {logging_mixin.py:190} INFO - [2025-03-30T11:37:00.803+0000] {dag.py:4180} INFO - Setting next_dagrun for example_branch_labels to 2025-03-29 00:00:00+00:00, run_after=2025-03-30 00:00:00+00:00
[2025-03-30T11:37:00.811+0000] {processor.py:208} INFO - Processing /home/airflow/.local/lib/python3.12/site-packages/airflow/example_dags/example_branch_labels.py took 0.040 seconds
[2025-03-30T11:37:30.949+0000] {processor.py:186} INFO - Started process (PID=1664) to work on /home/airflow/.local/lib/python3.12/site-packages/airflow/example_dags/example_branch_labels.py
[2025-03-30T11:37:30.950+0000] {processor.py:914} INFO - Processing file /home/airflow/.local/lib/python3.12/site-packages/airflow/example_dags/example_branch_labels.py for tasks to queue
[2025-03-30T11:37:30.951+0000] {logging_mixin.py:190} INFO - [2025-03-30T11:37:30.951+0000] {dagbag.py:588} INFO - Filling up the DagBag from /home/airflow/.local/lib/python3.12/site-packages/airflow/example_dags/example_branch_labels.py
[2025-03-30T11:37:30.955+0000] {processor.py:925} INFO - DAG(s) 'example_branch_labels' retrieved from /home/airflow/.local/lib/python3.12/site-packages/airflow/example_dags/example_branch_labels.py
[2025-03-30T11:37:30.965+0000] {logging_mixin.py:190} INFO - [2025-03-30T11:37:30.965+0000] {dag.py:3239} INFO - Sync 1 DAGs
[2025-03-30T11:37:30.974+0000] {logging_mixin.py:190} INFO - [2025-03-30T11:37:30.973+0000] {dag.py:4180} INFO - Setting next_dagrun for example_branch_labels to 2025-03-29 00:00:00+00:00, run_after=2025-03-30 00:00:00+00:00
[2025-03-30T11:37:30.981+0000] {processor.py:208} INFO - Processing /home/airflow/.local/lib/python3.12/site-packages/airflow/example_dags/example_branch_labels.py took 0.035 seconds
[2025-03-30T11:38:01.137+0000] {processor.py:186} INFO - Started process (PID=1728) to work on /home/airflow/.local/lib/python3.12/site-packages/airflow/example_dags/example_branch_labels.py
[2025-03-30T11:38:01.138+0000] {processor.py:914} INFO - Processing file /home/airflow/.local/lib/python3.12/site-packages/airflow/example_dags/example_branch_labels.py for tasks to queue
[2025-03-30T11:38:01.138+0000] {logging_mixin.py:190} INFO - [2025-03-30T11:38:01.138+0000] {dagbag.py:588} INFO - Filling up the DagBag from /home/airflow/.local/lib/python3.12/site-packages/airflow/example_dags/example_branch_labels.py
[2025-03-30T11:38:01.144+0000] {processor.py:925} INFO - DAG(s) 'example_branch_labels' retrieved from /home/airflow/.local/lib/python3.12/site-packages/airflow/example_dags/example_branch_labels.py
[2025-03-30T11:38:01.152+0000] {logging_mixin.py:190} INFO - [2025-03-30T11:38:01.152+0000] {dag.py:3239} INFO - Sync 1 DAGs
[2025-03-30T11:38:01.160+0000] {logging_mixin.py:190} INFO - [2025-03-30T11:38:01.160+0000] {dag.py:4180} INFO - Setting next_dagrun for example_branch_labels to 2025-03-29 00:00:00+00:00, run_after=2025-03-30 00:00:00+00:00
[2025-03-30T11:38:01.168+0000] {processor.py:208} INFO - Processing /home/airflow/.local/lib/python3.12/site-packages/airflow/example_dags/example_branch_labels.py took 0.033 seconds
[2025-03-30T11:38:31.570+0000] {processor.py:186} INFO - Started process (PID=1792) to work on /home/airflow/.local/lib/python3.12/site-packages/airflow/example_dags/example_branch_labels.py
[2025-03-30T11:38:31.571+0000] {processor.py:914} INFO - Processing file /home/airflow/.local/lib/python3.12/site-packages/airflow/example_dags/example_branch_labels.py for tasks to queue
[2025-03-30T11:38:31.572+0000] {logging_mixin.py:190} INFO - [2025-03-30T11:38:31.572+0000] {dagbag.py:588} INFO - Filling up the DagBag from /home/airflow/.local/lib/python3.12/site-packages/airflow/example_dags/example_branch_labels.py
[2025-03-30T11:38:31.577+0000] {processor.py:925} INFO - DAG(s) 'example_branch_labels' retrieved from /home/airflow/.local/lib/python3.12/site-packages/airflow/example_dags/example_branch_labels.py
[2025-03-30T11:38:31.589+0000] {logging_mixin.py:190} INFO - [2025-03-30T11:38:31.588+0000] {dag.py:3239} INFO - Sync 1 DAGs
[2025-03-30T11:38:31.596+0000] {logging_mixin.py:190} INFO - [2025-03-30T11:38:31.596+0000] {dag.py:4180} INFO - Setting next_dagrun for example_branch_labels to 2025-03-29 00:00:00+00:00, run_after=2025-03-30 00:00:00+00:00
[2025-03-30T11:38:31.606+0000] {processor.py:208} INFO - Processing /home/airflow/.local/lib/python3.12/site-packages/airflow/example_dags/example_branch_labels.py took 0.038 seconds
[2025-03-30T11:39:01.744+0000] {processor.py:186} INFO - Started process (PID=1856) to work on /home/airflow/.local/lib/python3.12/site-packages/airflow/example_dags/example_branch_labels.py
[2025-03-30T11:39:01.745+0000] {processor.py:914} INFO - Processing file /home/airflow/.local/lib/python3.12/site-packages/airflow/example_dags/example_branch_labels.py for tasks to queue
[2025-03-30T11:39:01.746+0000] {logging_mixin.py:190} INFO - [2025-03-30T11:39:01.746+0000] {dagbag.py:588} INFO - Filling up the DagBag from /home/airflow/.local/lib/python3.12/site-packages/airflow/example_dags/example_branch_labels.py
[2025-03-30T11:39:01.751+0000] {processor.py:925} INFO - DAG(s) 'example_branch_labels' retrieved from /home/airflow/.local/lib/python3.12/site-packages/airflow/example_dags/example_branch_labels.py
[2025-03-30T11:39:01.760+0000] {logging_mixin.py:190} INFO - [2025-03-30T11:39:01.760+0000] {dag.py:3239} INFO - Sync 1 DAGs
[2025-03-30T11:39:01.767+0000] {logging_mixin.py:190} INFO - [2025-03-30T11:39:01.767+0000] {dag.py:4180} INFO - Setting next_dagrun for example_branch_labels to 2025-03-29 00:00:00+00:00, run_after=2025-03-30 00:00:00+00:00
[2025-03-30T11:39:01.773+0000] {processor.py:208} INFO - Processing /home/airflow/.local/lib/python3.12/site-packages/airflow/example_dags/example_branch_labels.py took 0.031 seconds
[2025-03-30T11:39:31.905+0000] {processor.py:186} INFO - Started process (PID=1920) to work on /home/airflow/.local/lib/python3.12/site-packages/airflow/example_dags/example_branch_labels.py
[2025-03-30T11:39:31.907+0000] {processor.py:914} INFO - Processing file /home/airflow/.local/lib/python3.12/site-packages/airflow/example_dags/example_branch_labels.py for tasks to queue
[2025-03-30T11:39:31.908+0000] {logging_mixin.py:190} INFO - [2025-03-30T11:39:31.908+0000] {dagbag.py:588} INFO - Filling up the DagBag from /home/airflow/.local/lib/python3.12/site-packages/airflow/example_dags/example_branch_labels.py
[2025-03-30T11:39:31.912+0000] {processor.py:925} INFO - DAG(s) 'example_branch_labels' retrieved from /home/airflow/.local/lib/python3.12/site-packages/airflow/example_dags/example_branch_labels.py
[2025-03-30T11:39:31.920+0000] {logging_mixin.py:190} INFO - [2025-03-30T11:39:31.920+0000] {dag.py:3239} INFO - Sync 1 DAGs
[2025-03-30T11:39:31.928+0000] {logging_mixin.py:190} INFO - [2025-03-30T11:39:31.928+0000] {dag.py:4180} INFO - Setting next_dagrun for example_branch_labels to 2025-03-29 00:00:00+00:00, run_after=2025-03-30 00:00:00+00:00
[2025-03-30T11:39:31.937+0000] {processor.py:208} INFO - Processing /home/airflow/.local/lib/python3.12/site-packages/airflow/example_dags/example_branch_labels.py took 0.034 seconds
[2025-03-30T11:40:02.001+0000] {processor.py:186} INFO - Started process (PID=1984) to work on /home/airflow/.local/lib/python3.12/site-packages/airflow/example_dags/example_branch_labels.py
[2025-03-30T11:40:02.001+0000] {processor.py:914} INFO - Processing file /home/airflow/.local/lib/python3.12/site-packages/airflow/example_dags/example_branch_labels.py for tasks to queue
[2025-03-30T11:40:02.003+0000] {logging_mixin.py:190} INFO - [2025-03-30T11:40:02.003+0000] {dagbag.py:588} INFO - Filling up the DagBag from /home/airflow/.local/lib/python3.12/site-packages/airflow/example_dags/example_branch_labels.py
[2025-03-30T11:40:02.006+0000] {processor.py:925} INFO - DAG(s) 'example_branch_labels' retrieved from /home/airflow/.local/lib/python3.12/site-packages/airflow/example_dags/example_branch_labels.py
[2025-03-30T11:40:02.015+0000] {logging_mixin.py:190} INFO - [2025-03-30T11:40:02.015+0000] {dag.py:3239} INFO - Sync 1 DAGs
[2025-03-30T11:40:02.022+0000] {logging_mixin.py:190} INFO - [2025-03-30T11:40:02.022+0000] {dag.py:4180} INFO - Setting next_dagrun for example_branch_labels to 2025-03-29 00:00:00+00:00, run_after=2025-03-30 00:00:00+00:00
[2025-03-30T11:40:02.031+0000] {processor.py:208} INFO - Processing /home/airflow/.local/lib/python3.12/site-packages/airflow/example_dags/example_branch_labels.py took 0.032 seconds
[2025-03-30T11:40:32.279+0000] {processor.py:186} INFO - Started process (PID=2048) to work on /home/airflow/.local/lib/python3.12/site-packages/airflow/example_dags/example_branch_labels.py
[2025-03-30T11:40:32.281+0000] {processor.py:914} INFO - Processing file /home/airflow/.local/lib/python3.12/site-packages/airflow/example_dags/example_branch_labels.py for tasks to queue
[2025-03-30T11:40:32.282+0000] {logging_mixin.py:190} INFO - [2025-03-30T11:40:32.282+0000] {dagbag.py:588} INFO - Filling up the DagBag from /home/airflow/.local/lib/python3.12/site-packages/airflow/example_dags/example_branch_labels.py
[2025-03-30T11:40:32.286+0000] {processor.py:925} INFO - DAG(s) 'example_branch_labels' retrieved from /home/airflow/.local/lib/python3.12/site-packages/airflow/example_dags/example_branch_labels.py
[2025-03-30T11:40:32.296+0000] {logging_mixin.py:190} INFO - [2025-03-30T11:40:32.296+0000] {dag.py:3239} INFO - Sync 1 DAGs
[2025-03-30T11:40:32.307+0000] {logging_mixin.py:190} INFO - [2025-03-30T11:40:32.306+0000] {dag.py:4180} INFO - Setting next_dagrun for example_branch_labels to 2025-03-29 00:00:00+00:00, run_after=2025-03-30 00:00:00+00:00
[2025-03-30T11:40:32.315+0000] {processor.py:208} INFO - Processing /home/airflow/.local/lib/python3.12/site-packages/airflow/example_dags/example_branch_labels.py took 0.038 seconds
[2025-03-30T11:41:02.485+0000] {processor.py:186} INFO - Started process (PID=2112) to work on /home/airflow/.local/lib/python3.12/site-packages/airflow/example_dags/example_branch_labels.py
[2025-03-30T11:41:02.487+0000] {processor.py:914} INFO - Processing file /home/airflow/.local/lib/python3.12/site-packages/airflow/example_dags/example_branch_labels.py for tasks to queue
[2025-03-30T11:41:02.489+0000] {logging_mixin.py:190} INFO - [2025-03-30T11:41:02.489+0000] {dagbag.py:588} INFO - Filling up the DagBag from /home/airflow/.local/lib/python3.12/site-packages/airflow/example_dags/example_branch_labels.py
[2025-03-30T11:41:02.494+0000] {processor.py:925} INFO - DAG(s) 'example_branch_labels' retrieved from /home/airflow/.local/lib/python3.12/site-packages/airflow/example_dags/example_branch_labels.py
[2025-03-30T11:41:02.502+0000] {logging_mixin.py:190} INFO - [2025-03-30T11:41:02.502+0000] {dag.py:3239} INFO - Sync 1 DAGs
[2025-03-30T11:41:02.510+0000] {logging_mixin.py:190} INFO - [2025-03-30T11:41:02.510+0000] {dag.py:4180} INFO - Setting next_dagrun for example_branch_labels to 2025-03-29 00:00:00+00:00, run_after=2025-03-30 00:00:00+00:00
[2025-03-30T11:41:02.519+0000] {processor.py:208} INFO - Processing /home/airflow/.local/lib/python3.12/site-packages/airflow/example_dags/example_branch_labels.py took 0.036 seconds
[2025-03-30T11:41:32.722+0000] {processor.py:186} INFO - Started process (PID=2176) to work on /home/airflow/.local/lib/python3.12/site-packages/airflow/example_dags/example_branch_labels.py
[2025-03-30T11:41:32.723+0000] {processor.py:914} INFO - Processing file /home/airflow/.local/lib/python3.12/site-packages/airflow/example_dags/example_branch_labels.py for tasks to queue
[2025-03-30T11:41:32.725+0000] {logging_mixin.py:190} INFO - [2025-03-30T11:41:32.725+0000] {dagbag.py:588} INFO - Filling up the DagBag from /home/airflow/.local/lib/python3.12/site-packages/airflow/example_dags/example_branch_labels.py
[2025-03-30T11:41:32.729+0000] {processor.py:925} INFO - DAG(s) 'example_branch_labels' retrieved from /home/airflow/.local/lib/python3.12/site-packages/airflow/example_dags/example_branch_labels.py
[2025-03-30T11:41:32.739+0000] {logging_mixin.py:190} INFO - [2025-03-30T11:41:32.739+0000] {dag.py:3239} INFO - Sync 1 DAGs
[2025-03-30T11:41:32.747+0000] {logging_mixin.py:190} INFO - [2025-03-30T11:41:32.747+0000] {dag.py:4180} INFO - Setting next_dagrun for example_branch_labels to 2025-03-29 00:00:00+00:00, run_after=2025-03-30 00:00:00+00:00
[2025-03-30T11:41:32.756+0000] {processor.py:208} INFO - Processing /home/airflow/.local/lib/python3.12/site-packages/airflow/example_dags/example_branch_labels.py took 0.036 seconds
[2025-03-30T11:42:02.886+0000] {processor.py:186} INFO - Started process (PID=2240) to work on /home/airflow/.local/lib/python3.12/site-packages/airflow/example_dags/example_branch_labels.py
[2025-03-30T11:42:02.889+0000] {processor.py:914} INFO - Processing file /home/airflow/.local/lib/python3.12/site-packages/airflow/example_dags/example_branch_labels.py for tasks to queue
[2025-03-30T11:42:02.890+0000] {logging_mixin.py:190} INFO - [2025-03-30T11:42:02.890+0000] {dagbag.py:588} INFO - Filling up the DagBag from /home/airflow/.local/lib/python3.12/site-packages/airflow/example_dags/example_branch_labels.py
[2025-03-30T11:42:02.894+0000] {processor.py:925} INFO - DAG(s) 'example_branch_labels' retrieved from /home/airflow/.local/lib/python3.12/site-packages/airflow/example_dags/example_branch_labels.py
[2025-03-30T11:42:02.902+0000] {logging_mixin.py:190} INFO - [2025-03-30T11:42:02.901+0000] {dag.py:3239} INFO - Sync 1 DAGs
[2025-03-30T11:42:02.913+0000] {logging_mixin.py:190} INFO - [2025-03-30T11:42:02.913+0000] {dag.py:4180} INFO - Setting next_dagrun for example_branch_labels to 2025-03-29 00:00:00+00:00, run_after=2025-03-30 00:00:00+00:00
[2025-03-30T11:42:02.923+0000] {processor.py:208} INFO - Processing /home/airflow/.local/lib/python3.12/site-packages/airflow/example_dags/example_branch_labels.py took 0.039 seconds
[2025-03-30T11:42:33.057+0000] {processor.py:186} INFO - Started process (PID=2304) to work on /home/airflow/.local/lib/python3.12/site-packages/airflow/example_dags/example_branch_labels.py
[2025-03-30T11:42:33.060+0000] {processor.py:914} INFO - Processing file /home/airflow/.local/lib/python3.12/site-packages/airflow/example_dags/example_branch_labels.py for tasks to queue
[2025-03-30T11:42:33.061+0000] {logging_mixin.py:190} INFO - [2025-03-30T11:42:33.061+0000] {dagbag.py:588} INFO - Filling up the DagBag from /home/airflow/.local/lib/python3.12/site-packages/airflow/example_dags/example_branch_labels.py
[2025-03-30T11:42:33.065+0000] {processor.py:925} INFO - DAG(s) 'example_branch_labels' retrieved from /home/airflow/.local/lib/python3.12/site-packages/airflow/example_dags/example_branch_labels.py
[2025-03-30T11:42:33.074+0000] {logging_mixin.py:190} INFO - [2025-03-30T11:42:33.074+0000] {dag.py:3239} INFO - Sync 1 DAGs
[2025-03-30T11:42:33.083+0000] {logging_mixin.py:190} INFO - [2025-03-30T11:42:33.083+0000] {dag.py:4180} INFO - Setting next_dagrun for example_branch_labels to 2025-03-29 00:00:00+00:00, run_after=2025-03-30 00:00:00+00:00
[2025-03-30T11:42:33.089+0000] {processor.py:208} INFO - Processing /home/airflow/.local/lib/python3.12/site-packages/airflow/example_dags/example_branch_labels.py took 0.035 seconds
[2025-03-30T11:43:03.119+0000] {processor.py:186} INFO - Started process (PID=2367) to work on /home/airflow/.local/lib/python3.12/site-packages/airflow/example_dags/example_branch_labels.py
[2025-03-30T11:43:03.120+0000] {processor.py:914} INFO - Processing file /home/airflow/.local/lib/python3.12/site-packages/airflow/example_dags/example_branch_labels.py for tasks to queue
[2025-03-30T11:43:03.121+0000] {logging_mixin.py:190} INFO - [2025-03-30T11:43:03.121+0000] {dagbag.py:588} INFO - Filling up the DagBag from /home/airflow/.local/lib/python3.12/site-packages/airflow/example_dags/example_branch_labels.py
[2025-03-30T11:43:03.125+0000] {processor.py:925} INFO - DAG(s) 'example_branch_labels' retrieved from /home/airflow/.local/lib/python3.12/site-packages/airflow/example_dags/example_branch_labels.py
[2025-03-30T11:43:03.132+0000] {logging_mixin.py:190} INFO - [2025-03-30T11:43:03.132+0000] {dag.py:3239} INFO - Sync 1 DAGs
[2025-03-30T11:43:03.141+0000] {logging_mixin.py:190} INFO - [2025-03-30T11:43:03.141+0000] {dag.py:4180} INFO - Setting next_dagrun for example_branch_labels to 2025-03-29 00:00:00+00:00, run_after=2025-03-30 00:00:00+00:00
[2025-03-30T11:43:03.146+0000] {processor.py:208} INFO - Processing /home/airflow/.local/lib/python3.12/site-packages/airflow/example_dags/example_branch_labels.py took 0.029 seconds
[2025-03-30T11:43:33.259+0000] {processor.py:186} INFO - Started process (PID=2431) to work on /home/airflow/.local/lib/python3.12/site-packages/airflow/example_dags/example_branch_labels.py
[2025-03-30T11:43:33.260+0000] {processor.py:914} INFO - Processing file /home/airflow/.local/lib/python3.12/site-packages/airflow/example_dags/example_branch_labels.py for tasks to queue
[2025-03-30T11:43:33.261+0000] {logging_mixin.py:190} INFO - [2025-03-30T11:43:33.261+0000] {dagbag.py:588} INFO - Filling up the DagBag from /home/airflow/.local/lib/python3.12/site-packages/airflow/example_dags/example_branch_labels.py
[2025-03-30T11:43:33.265+0000] {processor.py:925} INFO - DAG(s) 'example_branch_labels' retrieved from /home/airflow/.local/lib/python3.12/site-packages/airflow/example_dags/example_branch_labels.py
[2025-03-30T11:43:33.275+0000] {logging_mixin.py:190} INFO - [2025-03-30T11:43:33.275+0000] {dag.py:3239} INFO - Sync 1 DAGs
[2025-03-30T11:43:33.283+0000] {logging_mixin.py:190} INFO - [2025-03-30T11:43:33.283+0000] {dag.py:4180} INFO - Setting next_dagrun for example_branch_labels to 2025-03-29 00:00:00+00:00, run_after=2025-03-30 00:00:00+00:00
[2025-03-30T11:43:33.291+0000] {processor.py:208} INFO - Processing /home/airflow/.local/lib/python3.12/site-packages/airflow/example_dags/example_branch_labels.py took 0.035 seconds
[2025-03-30T11:44:03.346+0000] {processor.py:186} INFO - Started process (PID=2494) to work on /home/airflow/.local/lib/python3.12/site-packages/airflow/example_dags/example_branch_labels.py
[2025-03-30T11:44:03.348+0000] {processor.py:914} INFO - Processing file /home/airflow/.local/lib/python3.12/site-packages/airflow/example_dags/example_branch_labels.py for tasks to queue
[2025-03-30T11:44:03.348+0000] {logging_mixin.py:190} INFO - [2025-03-30T11:44:03.348+0000] {dagbag.py:588} INFO - Filling up the DagBag from /home/airflow/.local/lib/python3.12/site-packages/airflow/example_dags/example_branch_labels.py
[2025-03-30T11:44:03.352+0000] {processor.py:925} INFO - DAG(s) 'example_branch_labels' retrieved from /home/airflow/.local/lib/python3.12/site-packages/airflow/example_dags/example_branch_labels.py
[2025-03-30T11:44:03.361+0000] {logging_mixin.py:190} INFO - [2025-03-30T11:44:03.361+0000] {dag.py:3239} INFO - Sync 1 DAGs
[2025-03-30T11:44:03.369+0000] {logging_mixin.py:190} INFO - [2025-03-30T11:44:03.369+0000] {dag.py:4180} INFO - Setting next_dagrun for example_branch_labels to 2025-03-29 00:00:00+00:00, run_after=2025-03-30 00:00:00+00:00
[2025-03-30T11:44:03.375+0000] {processor.py:208} INFO - Processing /home/airflow/.local/lib/python3.12/site-packages/airflow/example_dags/example_branch_labels.py took 0.032 seconds
[2025-03-30T11:44:33.423+0000] {processor.py:186} INFO - Started process (PID=2558) to work on /home/airflow/.local/lib/python3.12/site-packages/airflow/example_dags/example_branch_labels.py
[2025-03-30T11:44:33.423+0000] {processor.py:914} INFO - Processing file /home/airflow/.local/lib/python3.12/site-packages/airflow/example_dags/example_branch_labels.py for tasks to queue
[2025-03-30T11:44:33.425+0000] {logging_mixin.py:190} INFO - [2025-03-30T11:44:33.425+0000] {dagbag.py:588} INFO - Filling up the DagBag from /home/airflow/.local/lib/python3.12/site-packages/airflow/example_dags/example_branch_labels.py
[2025-03-30T11:44:33.431+0000] {processor.py:925} INFO - DAG(s) 'example_branch_labels' retrieved from /home/airflow/.local/lib/python3.12/site-packages/airflow/example_dags/example_branch_labels.py
[2025-03-30T11:44:33.442+0000] {logging_mixin.py:190} INFO - [2025-03-30T11:44:33.442+0000] {dag.py:3239} INFO - Sync 1 DAGs
[2025-03-30T11:44:33.451+0000] {logging_mixin.py:190} INFO - [2025-03-30T11:44:33.451+0000] {dag.py:4180} INFO - Setting next_dagrun for example_branch_labels to 2025-03-29 00:00:00+00:00, run_after=2025-03-30 00:00:00+00:00
[2025-03-30T11:44:33.459+0000] {processor.py:208} INFO - Processing /home/airflow/.local/lib/python3.12/site-packages/airflow/example_dags/example_branch_labels.py took 0.038 seconds
