[2025-03-30T03:32:19.652+0000] {processor.py:186} INFO - Started process (PID=50) to work on /home/airflow/.local/lib/python3.12/site-packages/airflow/example_dags/tutorial_taskflow_api.py
[2025-03-30T03:32:19.653+0000] {processor.py:914} INFO - Processing file /home/airflow/.local/lib/python3.12/site-packages/airflow/example_dags/tutorial_taskflow_api.py for tasks to queue
[2025-03-30T03:32:19.654+0000] {logging_mixin.py:190} INFO - [2025-03-30T03:32:19.653+0000] {dagbag.py:588} INFO - Filling up the DagBag from /home/airflow/.local/lib/python3.12/site-packages/airflow/example_dags/tutorial_taskflow_api.py
[2025-03-30T03:32:19.657+0000] {processor.py:925} INFO - DAG(s) 'tutorial_taskflow_api' retrieved from /home/airflow/.local/lib/python3.12/site-packages/airflow/example_dags/tutorial_taskflow_api.py
[2025-03-30T03:32:19.672+0000] {logging_mixin.py:190} INFO - [2025-03-30T03:32:19.672+0000] {dag.py:3239} INFO - Sync 1 DAGs
[2025-03-30T03:32:19.678+0000] {logging_mixin.py:190} INFO - [2025-03-30T03:32:19.678+0000] {dag.py:4180} INFO - Setting next_dagrun for tutorial_taskflow_api to None, run_after=None
[2025-03-30T03:32:19.686+0000] {processor.py:208} INFO - Processing /home/airflow/.local/lib/python3.12/site-packages/airflow/example_dags/tutorial_taskflow_api.py took 0.037 seconds
[2025-03-30T03:32:50.271+0000] {processor.py:186} INFO - Started process (PID=112) to work on /home/airflow/.local/lib/python3.12/site-packages/airflow/example_dags/tutorial_taskflow_api.py
[2025-03-30T03:32:50.271+0000] {processor.py:914} INFO - Processing file /home/airflow/.local/lib/python3.12/site-packages/airflow/example_dags/tutorial_taskflow_api.py for tasks to queue
[2025-03-30T03:32:50.271+0000] {logging_mixin.py:190} INFO - [2025-03-30T03:32:50.271+0000] {dagbag.py:588} INFO - Filling up the DagBag from /home/airflow/.local/lib/python3.12/site-packages/airflow/example_dags/tutorial_taskflow_api.py
[2025-03-30T03:32:50.274+0000] {processor.py:925} INFO - DAG(s) 'tutorial_taskflow_api' retrieved from /home/airflow/.local/lib/python3.12/site-packages/airflow/example_dags/tutorial_taskflow_api.py
[2025-03-30T03:32:50.281+0000] {logging_mixin.py:190} INFO - [2025-03-30T03:32:50.281+0000] {dag.py:3239} INFO - Sync 1 DAGs
[2025-03-30T03:32:50.285+0000] {logging_mixin.py:190} INFO - [2025-03-30T03:32:50.285+0000] {dag.py:4180} INFO - Setting next_dagrun for tutorial_taskflow_api to None, run_after=None
[2025-03-30T03:32:50.290+0000] {processor.py:208} INFO - Processing /home/airflow/.local/lib/python3.12/site-packages/airflow/example_dags/tutorial_taskflow_api.py took 0.021 seconds
[2025-03-30T03:33:20.417+0000] {processor.py:186} INFO - Started process (PID=175) to work on /home/airflow/.local/lib/python3.12/site-packages/airflow/example_dags/tutorial_taskflow_api.py
[2025-03-30T03:33:20.418+0000] {processor.py:914} INFO - Processing file /home/airflow/.local/lib/python3.12/site-packages/airflow/example_dags/tutorial_taskflow_api.py for tasks to queue
[2025-03-30T03:33:20.418+0000] {logging_mixin.py:190} INFO - [2025-03-30T03:33:20.418+0000] {dagbag.py:588} INFO - Filling up the DagBag from /home/airflow/.local/lib/python3.12/site-packages/airflow/example_dags/tutorial_taskflow_api.py
[2025-03-30T03:33:20.424+0000] {processor.py:925} INFO - DAG(s) 'tutorial_taskflow_api' retrieved from /home/airflow/.local/lib/python3.12/site-packages/airflow/example_dags/tutorial_taskflow_api.py
[2025-03-30T03:33:20.432+0000] {logging_mixin.py:190} INFO - [2025-03-30T03:33:20.432+0000] {dag.py:3239} INFO - Sync 1 DAGs
[2025-03-30T03:33:20.437+0000] {logging_mixin.py:190} INFO - [2025-03-30T03:33:20.436+0000] {dag.py:4180} INFO - Setting next_dagrun for tutorial_taskflow_api to None, run_after=None
[2025-03-30T03:33:20.443+0000] {processor.py:208} INFO - Processing /home/airflow/.local/lib/python3.12/site-packages/airflow/example_dags/tutorial_taskflow_api.py took 0.028 seconds
[2025-03-30T03:33:51.402+0000] {processor.py:186} INFO - Started process (PID=244) to work on /home/airflow/.local/lib/python3.12/site-packages/airflow/example_dags/tutorial_taskflow_api.py
[2025-03-30T03:33:51.402+0000] {processor.py:914} INFO - Processing file /home/airflow/.local/lib/python3.12/site-packages/airflow/example_dags/tutorial_taskflow_api.py for tasks to queue
[2025-03-30T03:33:51.403+0000] {logging_mixin.py:190} INFO - [2025-03-30T03:33:51.403+0000] {dagbag.py:588} INFO - Filling up the DagBag from /home/airflow/.local/lib/python3.12/site-packages/airflow/example_dags/tutorial_taskflow_api.py
[2025-03-30T03:33:51.407+0000] {processor.py:925} INFO - DAG(s) 'tutorial_taskflow_api' retrieved from /home/airflow/.local/lib/python3.12/site-packages/airflow/example_dags/tutorial_taskflow_api.py
[2025-03-30T03:33:51.415+0000] {logging_mixin.py:190} INFO - [2025-03-30T03:33:51.415+0000] {dag.py:3239} INFO - Sync 1 DAGs
[2025-03-30T03:33:51.419+0000] {logging_mixin.py:190} INFO - [2025-03-30T03:33:51.419+0000] {dag.py:4180} INFO - Setting next_dagrun for tutorial_taskflow_api to None, run_after=None
[2025-03-30T03:33:51.425+0000] {processor.py:208} INFO - Processing /home/airflow/.local/lib/python3.12/site-packages/airflow/example_dags/tutorial_taskflow_api.py took 0.025 seconds
[2025-03-30T03:34:22.352+0000] {processor.py:186} INFO - Started process (PID=307) to work on /home/airflow/.local/lib/python3.12/site-packages/airflow/example_dags/tutorial_taskflow_api.py
[2025-03-30T03:34:22.352+0000] {processor.py:914} INFO - Processing file /home/airflow/.local/lib/python3.12/site-packages/airflow/example_dags/tutorial_taskflow_api.py for tasks to queue
[2025-03-30T03:34:22.353+0000] {logging_mixin.py:190} INFO - [2025-03-30T03:34:22.353+0000] {dagbag.py:588} INFO - Filling up the DagBag from /home/airflow/.local/lib/python3.12/site-packages/airflow/example_dags/tutorial_taskflow_api.py
[2025-03-30T03:34:22.357+0000] {processor.py:925} INFO - DAG(s) 'tutorial_taskflow_api' retrieved from /home/airflow/.local/lib/python3.12/site-packages/airflow/example_dags/tutorial_taskflow_api.py
[2025-03-30T03:34:22.364+0000] {logging_mixin.py:190} INFO - [2025-03-30T03:34:22.363+0000] {dag.py:3239} INFO - Sync 1 DAGs
[2025-03-30T03:34:22.368+0000] {logging_mixin.py:190} INFO - [2025-03-30T03:34:22.368+0000] {dag.py:4180} INFO - Setting next_dagrun for tutorial_taskflow_api to None, run_after=None
[2025-03-30T03:34:22.373+0000] {processor.py:208} INFO - Processing /home/airflow/.local/lib/python3.12/site-packages/airflow/example_dags/tutorial_taskflow_api.py took 0.024 seconds
[2025-03-30T03:34:52.577+0000] {processor.py:186} INFO - Started process (PID=370) to work on /home/airflow/.local/lib/python3.12/site-packages/airflow/example_dags/tutorial_taskflow_api.py
[2025-03-30T03:34:52.578+0000] {processor.py:914} INFO - Processing file /home/airflow/.local/lib/python3.12/site-packages/airflow/example_dags/tutorial_taskflow_api.py for tasks to queue
[2025-03-30T03:34:52.582+0000] {logging_mixin.py:190} INFO - [2025-03-30T03:34:52.582+0000] {dagbag.py:588} INFO - Filling up the DagBag from /home/airflow/.local/lib/python3.12/site-packages/airflow/example_dags/tutorial_taskflow_api.py
[2025-03-30T03:34:52.585+0000] {processor.py:925} INFO - DAG(s) 'tutorial_taskflow_api' retrieved from /home/airflow/.local/lib/python3.12/site-packages/airflow/example_dags/tutorial_taskflow_api.py
[2025-03-30T03:34:52.593+0000] {logging_mixin.py:190} INFO - [2025-03-30T03:34:52.593+0000] {dag.py:3239} INFO - Sync 1 DAGs
[2025-03-30T03:34:52.600+0000] {logging_mixin.py:190} INFO - [2025-03-30T03:34:52.600+0000] {dag.py:4180} INFO - Setting next_dagrun for tutorial_taskflow_api to None, run_after=None
[2025-03-30T03:34:52.609+0000] {processor.py:208} INFO - Processing /home/airflow/.local/lib/python3.12/site-packages/airflow/example_dags/tutorial_taskflow_api.py took 0.034 seconds
[2025-03-30T03:35:22.670+0000] {processor.py:186} INFO - Started process (PID=433) to work on /home/airflow/.local/lib/python3.12/site-packages/airflow/example_dags/tutorial_taskflow_api.py
[2025-03-30T03:35:22.672+0000] {processor.py:914} INFO - Processing file /home/airflow/.local/lib/python3.12/site-packages/airflow/example_dags/tutorial_taskflow_api.py for tasks to queue
[2025-03-30T03:35:22.673+0000] {logging_mixin.py:190} INFO - [2025-03-30T03:35:22.673+0000] {dagbag.py:588} INFO - Filling up the DagBag from /home/airflow/.local/lib/python3.12/site-packages/airflow/example_dags/tutorial_taskflow_api.py
[2025-03-30T03:35:22.677+0000] {processor.py:925} INFO - DAG(s) 'tutorial_taskflow_api' retrieved from /home/airflow/.local/lib/python3.12/site-packages/airflow/example_dags/tutorial_taskflow_api.py
[2025-03-30T03:35:22.686+0000] {logging_mixin.py:190} INFO - [2025-03-30T03:35:22.686+0000] {dag.py:3239} INFO - Sync 1 DAGs
[2025-03-30T03:35:22.692+0000] {logging_mixin.py:190} INFO - [2025-03-30T03:35:22.692+0000] {dag.py:4180} INFO - Setting next_dagrun for tutorial_taskflow_api to None, run_after=None
[2025-03-30T03:35:22.699+0000] {processor.py:208} INFO - Processing /home/airflow/.local/lib/python3.12/site-packages/airflow/example_dags/tutorial_taskflow_api.py took 0.031 seconds
[2025-03-30T03:35:52.794+0000] {processor.py:186} INFO - Started process (PID=495) to work on /home/airflow/.local/lib/python3.12/site-packages/airflow/example_dags/tutorial_taskflow_api.py
[2025-03-30T03:35:52.794+0000] {processor.py:914} INFO - Processing file /home/airflow/.local/lib/python3.12/site-packages/airflow/example_dags/tutorial_taskflow_api.py for tasks to queue
[2025-03-30T03:35:52.795+0000] {logging_mixin.py:190} INFO - [2025-03-30T03:35:52.795+0000] {dagbag.py:588} INFO - Filling up the DagBag from /home/airflow/.local/lib/python3.12/site-packages/airflow/example_dags/tutorial_taskflow_api.py
[2025-03-30T03:35:52.798+0000] {processor.py:925} INFO - DAG(s) 'tutorial_taskflow_api' retrieved from /home/airflow/.local/lib/python3.12/site-packages/airflow/example_dags/tutorial_taskflow_api.py
[2025-03-30T03:35:52.805+0000] {logging_mixin.py:190} INFO - [2025-03-30T03:35:52.804+0000] {dag.py:3239} INFO - Sync 1 DAGs
[2025-03-30T03:35:52.809+0000] {logging_mixin.py:190} INFO - [2025-03-30T03:35:52.809+0000] {dag.py:4180} INFO - Setting next_dagrun for tutorial_taskflow_api to None, run_after=None
[2025-03-30T03:35:52.814+0000] {processor.py:208} INFO - Processing /home/airflow/.local/lib/python3.12/site-packages/airflow/example_dags/tutorial_taskflow_api.py took 0.022 seconds
[2025-03-30T03:36:22.885+0000] {processor.py:186} INFO - Started process (PID=558) to work on /home/airflow/.local/lib/python3.12/site-packages/airflow/example_dags/tutorial_taskflow_api.py
[2025-03-30T03:36:22.888+0000] {processor.py:914} INFO - Processing file /home/airflow/.local/lib/python3.12/site-packages/airflow/example_dags/tutorial_taskflow_api.py for tasks to queue
[2025-03-30T03:36:22.889+0000] {logging_mixin.py:190} INFO - [2025-03-30T03:36:22.888+0000] {dagbag.py:588} INFO - Filling up the DagBag from /home/airflow/.local/lib/python3.12/site-packages/airflow/example_dags/tutorial_taskflow_api.py
[2025-03-30T03:36:22.892+0000] {processor.py:925} INFO - DAG(s) 'tutorial_taskflow_api' retrieved from /home/airflow/.local/lib/python3.12/site-packages/airflow/example_dags/tutorial_taskflow_api.py
[2025-03-30T03:36:22.898+0000] {logging_mixin.py:190} INFO - [2025-03-30T03:36:22.898+0000] {dag.py:3239} INFO - Sync 1 DAGs
[2025-03-30T03:36:22.903+0000] {logging_mixin.py:190} INFO - [2025-03-30T03:36:22.902+0000] {dag.py:4180} INFO - Setting next_dagrun for tutorial_taskflow_api to None, run_after=None
[2025-03-30T03:36:22.908+0000] {processor.py:208} INFO - Processing /home/airflow/.local/lib/python3.12/site-packages/airflow/example_dags/tutorial_taskflow_api.py took 0.025 seconds
[2025-03-30T03:36:52.999+0000] {processor.py:186} INFO - Started process (PID=621) to work on /home/airflow/.local/lib/python3.12/site-packages/airflow/example_dags/tutorial_taskflow_api.py
[2025-03-30T03:36:52.999+0000] {processor.py:914} INFO - Processing file /home/airflow/.local/lib/python3.12/site-packages/airflow/example_dags/tutorial_taskflow_api.py for tasks to queue
[2025-03-30T03:36:53.000+0000] {logging_mixin.py:190} INFO - [2025-03-30T03:36:53.000+0000] {dagbag.py:588} INFO - Filling up the DagBag from /home/airflow/.local/lib/python3.12/site-packages/airflow/example_dags/tutorial_taskflow_api.py
[2025-03-30T03:36:53.004+0000] {processor.py:925} INFO - DAG(s) 'tutorial_taskflow_api' retrieved from /home/airflow/.local/lib/python3.12/site-packages/airflow/example_dags/tutorial_taskflow_api.py
[2025-03-30T03:36:53.012+0000] {logging_mixin.py:190} INFO - [2025-03-30T03:36:53.012+0000] {dag.py:3239} INFO - Sync 1 DAGs
[2025-03-30T03:36:53.018+0000] {logging_mixin.py:190} INFO - [2025-03-30T03:36:53.018+0000] {dag.py:4180} INFO - Setting next_dagrun for tutorial_taskflow_api to None, run_after=None
[2025-03-30T03:36:53.025+0000] {processor.py:208} INFO - Processing /home/airflow/.local/lib/python3.12/site-packages/airflow/example_dags/tutorial_taskflow_api.py took 0.028 seconds
[2025-03-30T03:37:23.162+0000] {processor.py:186} INFO - Started process (PID=684) to work on /home/airflow/.local/lib/python3.12/site-packages/airflow/example_dags/tutorial_taskflow_api.py
[2025-03-30T03:37:23.162+0000] {processor.py:914} INFO - Processing file /home/airflow/.local/lib/python3.12/site-packages/airflow/example_dags/tutorial_taskflow_api.py for tasks to queue
[2025-03-30T03:37:23.163+0000] {logging_mixin.py:190} INFO - [2025-03-30T03:37:23.163+0000] {dagbag.py:588} INFO - Filling up the DagBag from /home/airflow/.local/lib/python3.12/site-packages/airflow/example_dags/tutorial_taskflow_api.py
[2025-03-30T03:37:23.166+0000] {processor.py:925} INFO - DAG(s) 'tutorial_taskflow_api' retrieved from /home/airflow/.local/lib/python3.12/site-packages/airflow/example_dags/tutorial_taskflow_api.py
[2025-03-30T03:37:23.173+0000] {logging_mixin.py:190} INFO - [2025-03-30T03:37:23.173+0000] {dag.py:3239} INFO - Sync 1 DAGs
[2025-03-30T03:37:23.178+0000] {logging_mixin.py:190} INFO - [2025-03-30T03:37:23.178+0000] {dag.py:4180} INFO - Setting next_dagrun for tutorial_taskflow_api to None, run_after=None
[2025-03-30T03:37:23.184+0000] {processor.py:208} INFO - Processing /home/airflow/.local/lib/python3.12/site-packages/airflow/example_dags/tutorial_taskflow_api.py took 0.024 seconds
[2025-03-30T03:37:54.164+0000] {processor.py:186} INFO - Started process (PID=747) to work on /home/airflow/.local/lib/python3.12/site-packages/airflow/example_dags/tutorial_taskflow_api.py
[2025-03-30T03:37:54.164+0000] {processor.py:914} INFO - Processing file /home/airflow/.local/lib/python3.12/site-packages/airflow/example_dags/tutorial_taskflow_api.py for tasks to queue
[2025-03-30T03:37:54.165+0000] {logging_mixin.py:190} INFO - [2025-03-30T03:37:54.165+0000] {dagbag.py:588} INFO - Filling up the DagBag from /home/airflow/.local/lib/python3.12/site-packages/airflow/example_dags/tutorial_taskflow_api.py
[2025-03-30T03:37:54.169+0000] {processor.py:925} INFO - DAG(s) 'tutorial_taskflow_api' retrieved from /home/airflow/.local/lib/python3.12/site-packages/airflow/example_dags/tutorial_taskflow_api.py
[2025-03-30T03:37:54.175+0000] {logging_mixin.py:190} INFO - [2025-03-30T03:37:54.175+0000] {dag.py:3239} INFO - Sync 1 DAGs
[2025-03-30T03:37:54.180+0000] {logging_mixin.py:190} INFO - [2025-03-30T03:37:54.180+0000] {dag.py:4180} INFO - Setting next_dagrun for tutorial_taskflow_api to None, run_after=None
[2025-03-30T03:37:54.185+0000] {processor.py:208} INFO - Processing /home/airflow/.local/lib/python3.12/site-packages/airflow/example_dags/tutorial_taskflow_api.py took 0.024 seconds
