[2025-03-30T03:32:19.198+0000] {processor.py:186} INFO - Started process (PID=44) to work on /home/airflow/.local/lib/python3.12/site-packages/airflow/example_dags/tutorial.py
[2025-03-30T03:32:19.198+0000] {processor.py:914} INFO - Processing file /home/airflow/.local/lib/python3.12/site-packages/airflow/example_dags/tutorial.py for tasks to queue
[2025-03-30T03:32:19.201+0000] {logging_mixin.py:190} INFO - [2025-03-30T03:32:19.200+0000] {dagbag.py:588} INFO - Filling up the DagBag from /home/airflow/.local/lib/python3.12/site-packages/airflow/example_dags/tutorial.py
[2025-03-30T03:32:19.209+0000] {processor.py:925} INFO - DAG(s) 'tutorial' retrieved from /home/airflow/.local/lib/python3.12/site-packages/airflow/example_dags/tutorial.py
[2025-03-30T03:32:19.260+0000] {logging_mixin.py:190} INFO - [2025-03-30T03:32:19.259+0000] {dag.py:3239} INFO - Sync 1 DAGs
[2025-03-30T03:32:19.277+0000] {logging_mixin.py:190} INFO - [2025-03-30T03:32:19.277+0000] {dag.py:4180} INFO - Setting next_dagrun for tutorial to 2025-03-29 00:00:00+00:00, run_after=2025-03-30 00:00:00+00:00
[2025-03-30T03:32:19.299+0000] {processor.py:208} INFO - Processing /home/airflow/.local/lib/python3.12/site-packages/airflow/example_dags/tutorial.py took 0.106 seconds
[2025-03-30T03:32:50.165+0000] {processor.py:186} INFO - Started process (PID=107) to work on /home/airflow/.local/lib/python3.12/site-packages/airflow/example_dags/tutorial.py
[2025-03-30T03:32:50.165+0000] {processor.py:914} INFO - Processing file /home/airflow/.local/lib/python3.12/site-packages/airflow/example_dags/tutorial.py for tasks to queue
[2025-03-30T03:32:50.166+0000] {logging_mixin.py:190} INFO - [2025-03-30T03:32:50.166+0000] {dagbag.py:588} INFO - Filling up the DagBag from /home/airflow/.local/lib/python3.12/site-packages/airflow/example_dags/tutorial.py
[2025-03-30T03:32:50.169+0000] {processor.py:925} INFO - DAG(s) 'tutorial' retrieved from /home/airflow/.local/lib/python3.12/site-packages/airflow/example_dags/tutorial.py
[2025-03-30T03:32:50.177+0000] {logging_mixin.py:190} INFO - [2025-03-30T03:32:50.177+0000] {dag.py:3239} INFO - Sync 1 DAGs
[2025-03-30T03:32:50.185+0000] {logging_mixin.py:190} INFO - [2025-03-30T03:32:50.185+0000] {dag.py:4180} INFO - Setting next_dagrun for tutorial to 2025-03-29 00:00:00+00:00, run_after=2025-03-30 00:00:00+00:00
[2025-03-30T03:32:50.192+0000] {processor.py:208} INFO - Processing /home/airflow/.local/lib/python3.12/site-packages/airflow/example_dags/tutorial.py took 0.029 seconds
[2025-03-30T03:33:20.329+0000] {processor.py:186} INFO - Started process (PID=170) to work on /home/airflow/.local/lib/python3.12/site-packages/airflow/example_dags/tutorial.py
[2025-03-30T03:33:20.329+0000] {processor.py:914} INFO - Processing file /home/airflow/.local/lib/python3.12/site-packages/airflow/example_dags/tutorial.py for tasks to queue
[2025-03-30T03:33:20.330+0000] {logging_mixin.py:190} INFO - [2025-03-30T03:33:20.330+0000] {dagbag.py:588} INFO - Filling up the DagBag from /home/airflow/.local/lib/python3.12/site-packages/airflow/example_dags/tutorial.py
[2025-03-30T03:33:20.334+0000] {processor.py:925} INFO - DAG(s) 'tutorial' retrieved from /home/airflow/.local/lib/python3.12/site-packages/airflow/example_dags/tutorial.py
[2025-03-30T03:33:20.341+0000] {logging_mixin.py:190} INFO - [2025-03-30T03:33:20.341+0000] {dag.py:3239} INFO - Sync 1 DAGs
[2025-03-30T03:33:20.348+0000] {logging_mixin.py:190} INFO - [2025-03-30T03:33:20.348+0000] {dag.py:4180} INFO - Setting next_dagrun for tutorial to 2025-03-29 00:00:00+00:00, run_after=2025-03-30 00:00:00+00:00
[2025-03-30T03:33:20.354+0000] {processor.py:208} INFO - Processing /home/airflow/.local/lib/python3.12/site-packages/airflow/example_dags/tutorial.py took 0.028 seconds
[2025-03-30T03:33:51.301+0000] {processor.py:186} INFO - Started process (PID=239) to work on /home/airflow/.local/lib/python3.12/site-packages/airflow/example_dags/tutorial.py
[2025-03-30T03:33:51.302+0000] {processor.py:914} INFO - Processing file /home/airflow/.local/lib/python3.12/site-packages/airflow/example_dags/tutorial.py for tasks to queue
[2025-03-30T03:33:51.302+0000] {logging_mixin.py:190} INFO - [2025-03-30T03:33:51.302+0000] {dagbag.py:588} INFO - Filling up the DagBag from /home/airflow/.local/lib/python3.12/site-packages/airflow/example_dags/tutorial.py
[2025-03-30T03:33:51.305+0000] {processor.py:925} INFO - DAG(s) 'tutorial' retrieved from /home/airflow/.local/lib/python3.12/site-packages/airflow/example_dags/tutorial.py
[2025-03-30T03:33:51.312+0000] {logging_mixin.py:190} INFO - [2025-03-30T03:33:51.312+0000] {dag.py:3239} INFO - Sync 1 DAGs
[2025-03-30T03:33:51.319+0000] {logging_mixin.py:190} INFO - [2025-03-30T03:33:51.319+0000] {dag.py:4180} INFO - Setting next_dagrun for tutorial to 2025-03-29 00:00:00+00:00, run_after=2025-03-30 00:00:00+00:00
[2025-03-30T03:33:51.324+0000] {processor.py:208} INFO - Processing /home/airflow/.local/lib/python3.12/site-packages/airflow/example_dags/tutorial.py took 0.025 seconds
[2025-03-30T03:34:22.250+0000] {processor.py:186} INFO - Started process (PID=302) to work on /home/airflow/.local/lib/python3.12/site-packages/airflow/example_dags/tutorial.py
[2025-03-30T03:34:22.250+0000] {processor.py:914} INFO - Processing file /home/airflow/.local/lib/python3.12/site-packages/airflow/example_dags/tutorial.py for tasks to queue
[2025-03-30T03:34:22.251+0000] {logging_mixin.py:190} INFO - [2025-03-30T03:34:22.251+0000] {dagbag.py:588} INFO - Filling up the DagBag from /home/airflow/.local/lib/python3.12/site-packages/airflow/example_dags/tutorial.py
[2025-03-30T03:34:22.255+0000] {processor.py:925} INFO - DAG(s) 'tutorial' retrieved from /home/airflow/.local/lib/python3.12/site-packages/airflow/example_dags/tutorial.py
[2025-03-30T03:34:22.261+0000] {logging_mixin.py:190} INFO - [2025-03-30T03:34:22.261+0000] {dag.py:3239} INFO - Sync 1 DAGs
[2025-03-30T03:34:22.268+0000] {logging_mixin.py:190} INFO - [2025-03-30T03:34:22.268+0000] {dag.py:4180} INFO - Setting next_dagrun for tutorial to 2025-03-29 00:00:00+00:00, run_after=2025-03-30 00:00:00+00:00
[2025-03-30T03:34:22.273+0000] {processor.py:208} INFO - Processing /home/airflow/.local/lib/python3.12/site-packages/airflow/example_dags/tutorial.py took 0.026 seconds
[2025-03-30T03:34:52.478+0000] {processor.py:186} INFO - Started process (PID=365) to work on /home/airflow/.local/lib/python3.12/site-packages/airflow/example_dags/tutorial.py
[2025-03-30T03:34:52.479+0000] {processor.py:914} INFO - Processing file /home/airflow/.local/lib/python3.12/site-packages/airflow/example_dags/tutorial.py for tasks to queue
[2025-03-30T03:34:52.481+0000] {logging_mixin.py:190} INFO - [2025-03-30T03:34:52.481+0000] {dagbag.py:588} INFO - Filling up the DagBag from /home/airflow/.local/lib/python3.12/site-packages/airflow/example_dags/tutorial.py
[2025-03-30T03:34:52.488+0000] {processor.py:925} INFO - DAG(s) 'tutorial' retrieved from /home/airflow/.local/lib/python3.12/site-packages/airflow/example_dags/tutorial.py
[2025-03-30T03:34:52.496+0000] {logging_mixin.py:190} INFO - [2025-03-30T03:34:52.496+0000] {dag.py:3239} INFO - Sync 1 DAGs
[2025-03-30T03:34:52.505+0000] {logging_mixin.py:190} INFO - [2025-03-30T03:34:52.505+0000] {dag.py:4180} INFO - Setting next_dagrun for tutorial to 2025-03-29 00:00:00+00:00, run_after=2025-03-30 00:00:00+00:00
[2025-03-30T03:34:52.511+0000] {processor.py:208} INFO - Processing /home/airflow/.local/lib/python3.12/site-packages/airflow/example_dags/tutorial.py took 0.036 seconds
[2025-03-30T03:35:22.552+0000] {processor.py:186} INFO - Started process (PID=428) to work on /home/airflow/.local/lib/python3.12/site-packages/airflow/example_dags/tutorial.py
[2025-03-30T03:35:22.553+0000] {processor.py:914} INFO - Processing file /home/airflow/.local/lib/python3.12/site-packages/airflow/example_dags/tutorial.py for tasks to queue
[2025-03-30T03:35:22.555+0000] {logging_mixin.py:190} INFO - [2025-03-30T03:35:22.555+0000] {dagbag.py:588} INFO - Filling up the DagBag from /home/airflow/.local/lib/python3.12/site-packages/airflow/example_dags/tutorial.py
[2025-03-30T03:35:22.559+0000] {processor.py:925} INFO - DAG(s) 'tutorial' retrieved from /home/airflow/.local/lib/python3.12/site-packages/airflow/example_dags/tutorial.py
[2025-03-30T03:35:22.567+0000] {logging_mixin.py:190} INFO - [2025-03-30T03:35:22.567+0000] {dag.py:3239} INFO - Sync 1 DAGs
[2025-03-30T03:35:22.575+0000] {logging_mixin.py:190} INFO - [2025-03-30T03:35:22.575+0000] {dag.py:4180} INFO - Setting next_dagrun for tutorial to 2025-03-29 00:00:00+00:00, run_after=2025-03-30 00:00:00+00:00
[2025-03-30T03:35:22.581+0000] {processor.py:208} INFO - Processing /home/airflow/.local/lib/python3.12/site-packages/airflow/example_dags/tutorial.py took 0.031 seconds
[2025-03-30T03:35:52.685+0000] {processor.py:186} INFO - Started process (PID=490) to work on /home/airflow/.local/lib/python3.12/site-packages/airflow/example_dags/tutorial.py
[2025-03-30T03:35:52.686+0000] {processor.py:914} INFO - Processing file /home/airflow/.local/lib/python3.12/site-packages/airflow/example_dags/tutorial.py for tasks to queue
[2025-03-30T03:35:52.687+0000] {logging_mixin.py:190} INFO - [2025-03-30T03:35:52.687+0000] {dagbag.py:588} INFO - Filling up the DagBag from /home/airflow/.local/lib/python3.12/site-packages/airflow/example_dags/tutorial.py
[2025-03-30T03:35:52.690+0000] {processor.py:925} INFO - DAG(s) 'tutorial' retrieved from /home/airflow/.local/lib/python3.12/site-packages/airflow/example_dags/tutorial.py
[2025-03-30T03:35:52.698+0000] {logging_mixin.py:190} INFO - [2025-03-30T03:35:52.698+0000] {dag.py:3239} INFO - Sync 1 DAGs
[2025-03-30T03:35:52.706+0000] {logging_mixin.py:190} INFO - [2025-03-30T03:35:52.706+0000] {dag.py:4180} INFO - Setting next_dagrun for tutorial to 2025-03-29 00:00:00+00:00, run_after=2025-03-30 00:00:00+00:00
[2025-03-30T03:35:52.713+0000] {processor.py:208} INFO - Processing /home/airflow/.local/lib/python3.12/site-packages/airflow/example_dags/tutorial.py took 0.030 seconds
[2025-03-30T03:36:22.783+0000] {processor.py:186} INFO - Started process (PID=553) to work on /home/airflow/.local/lib/python3.12/site-packages/airflow/example_dags/tutorial.py
[2025-03-30T03:36:22.783+0000] {processor.py:914} INFO - Processing file /home/airflow/.local/lib/python3.12/site-packages/airflow/example_dags/tutorial.py for tasks to queue
[2025-03-30T03:36:22.784+0000] {logging_mixin.py:190} INFO - [2025-03-30T03:36:22.784+0000] {dagbag.py:588} INFO - Filling up the DagBag from /home/airflow/.local/lib/python3.12/site-packages/airflow/example_dags/tutorial.py
[2025-03-30T03:36:22.787+0000] {processor.py:925} INFO - DAG(s) 'tutorial' retrieved from /home/airflow/.local/lib/python3.12/site-packages/airflow/example_dags/tutorial.py
[2025-03-30T03:36:22.794+0000] {logging_mixin.py:190} INFO - [2025-03-30T03:36:22.794+0000] {dag.py:3239} INFO - Sync 1 DAGs
[2025-03-30T03:36:22.802+0000] {logging_mixin.py:190} INFO - [2025-03-30T03:36:22.802+0000] {dag.py:4180} INFO - Setting next_dagrun for tutorial to 2025-03-29 00:00:00+00:00, run_after=2025-03-30 00:00:00+00:00
[2025-03-30T03:36:22.807+0000] {processor.py:208} INFO - Processing /home/airflow/.local/lib/python3.12/site-packages/airflow/example_dags/tutorial.py took 0.027 seconds
[2025-03-30T03:36:52.915+0000] {processor.py:186} INFO - Started process (PID=616) to work on /home/airflow/.local/lib/python3.12/site-packages/airflow/example_dags/tutorial.py
[2025-03-30T03:36:52.916+0000] {processor.py:914} INFO - Processing file /home/airflow/.local/lib/python3.12/site-packages/airflow/example_dags/tutorial.py for tasks to queue
[2025-03-30T03:36:52.917+0000] {logging_mixin.py:190} INFO - [2025-03-30T03:36:52.917+0000] {dagbag.py:588} INFO - Filling up the DagBag from /home/airflow/.local/lib/python3.12/site-packages/airflow/example_dags/tutorial.py
[2025-03-30T03:36:52.920+0000] {processor.py:925} INFO - DAG(s) 'tutorial' retrieved from /home/airflow/.local/lib/python3.12/site-packages/airflow/example_dags/tutorial.py
[2025-03-30T03:36:52.928+0000] {logging_mixin.py:190} INFO - [2025-03-30T03:36:52.928+0000] {dag.py:3239} INFO - Sync 1 DAGs
[2025-03-30T03:36:52.936+0000] {logging_mixin.py:190} INFO - [2025-03-30T03:36:52.936+0000] {dag.py:4180} INFO - Setting next_dagrun for tutorial to 2025-03-29 00:00:00+00:00, run_after=2025-03-30 00:00:00+00:00
[2025-03-30T03:36:52.942+0000] {processor.py:208} INFO - Processing /home/airflow/.local/lib/python3.12/site-packages/airflow/example_dags/tutorial.py took 0.029 seconds
[2025-03-30T03:37:23.063+0000] {processor.py:186} INFO - Started process (PID=679) to work on /home/airflow/.local/lib/python3.12/site-packages/airflow/example_dags/tutorial.py
[2025-03-30T03:37:23.063+0000] {processor.py:914} INFO - Processing file /home/airflow/.local/lib/python3.12/site-packages/airflow/example_dags/tutorial.py for tasks to queue
[2025-03-30T03:37:23.064+0000] {logging_mixin.py:190} INFO - [2025-03-30T03:37:23.064+0000] {dagbag.py:588} INFO - Filling up the DagBag from /home/airflow/.local/lib/python3.12/site-packages/airflow/example_dags/tutorial.py
[2025-03-30T03:37:23.067+0000] {processor.py:925} INFO - DAG(s) 'tutorial' retrieved from /home/airflow/.local/lib/python3.12/site-packages/airflow/example_dags/tutorial.py
[2025-03-30T03:37:23.074+0000] {logging_mixin.py:190} INFO - [2025-03-30T03:37:23.074+0000] {dag.py:3239} INFO - Sync 1 DAGs
[2025-03-30T03:37:23.082+0000] {logging_mixin.py:190} INFO - [2025-03-30T03:37:23.082+0000] {dag.py:4180} INFO - Setting next_dagrun for tutorial to 2025-03-29 00:00:00+00:00, run_after=2025-03-30 00:00:00+00:00
[2025-03-30T03:37:23.087+0000] {processor.py:208} INFO - Processing /home/airflow/.local/lib/python3.12/site-packages/airflow/example_dags/tutorial.py took 0.026 seconds
[2025-03-30T03:37:54.057+0000] {processor.py:186} INFO - Started process (PID=742) to work on /home/airflow/.local/lib/python3.12/site-packages/airflow/example_dags/tutorial.py
[2025-03-30T03:37:54.058+0000] {processor.py:914} INFO - Processing file /home/airflow/.local/lib/python3.12/site-packages/airflow/example_dags/tutorial.py for tasks to queue
[2025-03-30T03:37:54.058+0000] {logging_mixin.py:190} INFO - [2025-03-30T03:37:54.058+0000] {dagbag.py:588} INFO - Filling up the DagBag from /home/airflow/.local/lib/python3.12/site-packages/airflow/example_dags/tutorial.py
[2025-03-30T03:37:54.061+0000] {processor.py:925} INFO - DAG(s) 'tutorial' retrieved from /home/airflow/.local/lib/python3.12/site-packages/airflow/example_dags/tutorial.py
[2025-03-30T03:37:54.068+0000] {logging_mixin.py:190} INFO - [2025-03-30T03:37:54.068+0000] {dag.py:3239} INFO - Sync 1 DAGs
[2025-03-30T03:37:54.074+0000] {logging_mixin.py:190} INFO - [2025-03-30T03:37:54.074+0000] {dag.py:4180} INFO - Setting next_dagrun for tutorial to 2025-03-29 00:00:00+00:00, run_after=2025-03-30 00:00:00+00:00
[2025-03-30T03:37:54.079+0000] {processor.py:208} INFO - Processing /home/airflow/.local/lib/python3.12/site-packages/airflow/example_dags/tutorial.py took 0.025 seconds
