[2025-03-30T03:32:19.906+0000] {processor.py:186} INFO - Started process (PID=54) to work on /home/airflow/.local/lib/python3.12/site-packages/airflow/example_dags/tutorial_dag.py
[2025-03-30T03:32:19.906+0000] {processor.py:914} INFO - Processing file /home/airflow/.local/lib/python3.12/site-packages/airflow/example_dags/tutorial_dag.py for tasks to queue
[2025-03-30T03:32:19.907+0000] {logging_mixin.py:190} INFO - [2025-03-30T03:32:19.907+0000] {dagbag.py:588} INFO - Filling up the DagBag from /home/airflow/.local/lib/python3.12/site-packages/airflow/example_dags/tutorial_dag.py
[2025-03-30T03:32:19.911+0000] {processor.py:925} INFO - DAG(s) 'tutorial_dag' retrieved from /home/airflow/.local/lib/python3.12/site-packages/airflow/example_dags/tutorial_dag.py
[2025-03-30T03:32:19.919+0000] {logging_mixin.py:190} INFO - [2025-03-30T03:32:19.919+0000] {dag.py:3239} INFO - Sync 1 DAGs
[2025-03-30T03:32:19.924+0000] {logging_mixin.py:190} INFO - [2025-03-30T03:32:19.924+0000] {dag.py:4180} INFO - Setting next_dagrun for tutorial_dag to None, run_after=None
[2025-03-30T03:32:19.931+0000] {processor.py:208} INFO - Processing /home/airflow/.local/lib/python3.12/site-packages/airflow/example_dags/tutorial_dag.py took 0.028 seconds
[2025-03-30T03:32:50.339+0000] {processor.py:186} INFO - Started process (PID=116) to work on /home/airflow/.local/lib/python3.12/site-packages/airflow/example_dags/tutorial_dag.py
[2025-03-30T03:32:50.342+0000] {processor.py:914} INFO - Processing file /home/airflow/.local/lib/python3.12/site-packages/airflow/example_dags/tutorial_dag.py for tasks to queue
[2025-03-30T03:32:50.342+0000] {logging_mixin.py:190} INFO - [2025-03-30T03:32:50.342+0000] {dagbag.py:588} INFO - Filling up the DagBag from /home/airflow/.local/lib/python3.12/site-packages/airflow/example_dags/tutorial_dag.py
[2025-03-30T03:32:50.345+0000] {processor.py:925} INFO - DAG(s) 'tutorial_dag' retrieved from /home/airflow/.local/lib/python3.12/site-packages/airflow/example_dags/tutorial_dag.py
[2025-03-30T03:32:50.352+0000] {logging_mixin.py:190} INFO - [2025-03-30T03:32:50.352+0000] {dag.py:3239} INFO - Sync 1 DAGs
[2025-03-30T03:32:50.358+0000] {logging_mixin.py:190} INFO - [2025-03-30T03:32:50.358+0000] {dag.py:4180} INFO - Setting next_dagrun for tutorial_dag to None, run_after=None
[2025-03-30T03:32:50.363+0000] {processor.py:208} INFO - Processing /home/airflow/.local/lib/python3.12/site-packages/airflow/example_dags/tutorial_dag.py took 0.026 seconds
[2025-03-30T03:33:20.498+0000] {processor.py:186} INFO - Started process (PID=179) to work on /home/airflow/.local/lib/python3.12/site-packages/airflow/example_dags/tutorial_dag.py
[2025-03-30T03:33:20.498+0000] {processor.py:914} INFO - Processing file /home/airflow/.local/lib/python3.12/site-packages/airflow/example_dags/tutorial_dag.py for tasks to queue
[2025-03-30T03:33:20.499+0000] {logging_mixin.py:190} INFO - [2025-03-30T03:33:20.499+0000] {dagbag.py:588} INFO - Filling up the DagBag from /home/airflow/.local/lib/python3.12/site-packages/airflow/example_dags/tutorial_dag.py
[2025-03-30T03:33:20.502+0000] {processor.py:925} INFO - DAG(s) 'tutorial_dag' retrieved from /home/airflow/.local/lib/python3.12/site-packages/airflow/example_dags/tutorial_dag.py
[2025-03-30T03:33:20.509+0000] {logging_mixin.py:190} INFO - [2025-03-30T03:33:20.509+0000] {dag.py:3239} INFO - Sync 1 DAGs
[2025-03-30T03:33:20.514+0000] {logging_mixin.py:190} INFO - [2025-03-30T03:33:20.514+0000] {dag.py:4180} INFO - Setting next_dagrun for tutorial_dag to None, run_after=None
[2025-03-30T03:33:20.522+0000] {processor.py:208} INFO - Processing /home/airflow/.local/lib/python3.12/site-packages/airflow/example_dags/tutorial_dag.py took 0.026 seconds
[2025-03-30T03:33:51.471+0000] {processor.py:186} INFO - Started process (PID=248) to work on /home/airflow/.local/lib/python3.12/site-packages/airflow/example_dags/tutorial_dag.py
[2025-03-30T03:33:51.471+0000] {processor.py:914} INFO - Processing file /home/airflow/.local/lib/python3.12/site-packages/airflow/example_dags/tutorial_dag.py for tasks to queue
[2025-03-30T03:33:51.472+0000] {logging_mixin.py:190} INFO - [2025-03-30T03:33:51.472+0000] {dagbag.py:588} INFO - Filling up the DagBag from /home/airflow/.local/lib/python3.12/site-packages/airflow/example_dags/tutorial_dag.py
[2025-03-30T03:33:51.475+0000] {processor.py:925} INFO - DAG(s) 'tutorial_dag' retrieved from /home/airflow/.local/lib/python3.12/site-packages/airflow/example_dags/tutorial_dag.py
[2025-03-30T03:33:51.483+0000] {logging_mixin.py:190} INFO - [2025-03-30T03:33:51.483+0000] {dag.py:3239} INFO - Sync 1 DAGs
[2025-03-30T03:33:51.488+0000] {logging_mixin.py:190} INFO - [2025-03-30T03:33:51.488+0000] {dag.py:4180} INFO - Setting next_dagrun for tutorial_dag to None, run_after=None
[2025-03-30T03:33:51.493+0000] {processor.py:208} INFO - Processing /home/airflow/.local/lib/python3.12/site-packages/airflow/example_dags/tutorial_dag.py took 0.025 seconds
[2025-03-30T03:34:22.423+0000] {processor.py:186} INFO - Started process (PID=311) to work on /home/airflow/.local/lib/python3.12/site-packages/airflow/example_dags/tutorial_dag.py
[2025-03-30T03:34:22.424+0000] {processor.py:914} INFO - Processing file /home/airflow/.local/lib/python3.12/site-packages/airflow/example_dags/tutorial_dag.py for tasks to queue
[2025-03-30T03:34:22.427+0000] {logging_mixin.py:190} INFO - [2025-03-30T03:34:22.427+0000] {dagbag.py:588} INFO - Filling up the DagBag from /home/airflow/.local/lib/python3.12/site-packages/airflow/example_dags/tutorial_dag.py
[2025-03-30T03:34:22.431+0000] {processor.py:925} INFO - DAG(s) 'tutorial_dag' retrieved from /home/airflow/.local/lib/python3.12/site-packages/airflow/example_dags/tutorial_dag.py
[2025-03-30T03:34:22.438+0000] {logging_mixin.py:190} INFO - [2025-03-30T03:34:22.438+0000] {dag.py:3239} INFO - Sync 1 DAGs
[2025-03-30T03:34:22.443+0000] {logging_mixin.py:190} INFO - [2025-03-30T03:34:22.443+0000] {dag.py:4180} INFO - Setting next_dagrun for tutorial_dag to None, run_after=None
[2025-03-30T03:34:22.448+0000] {processor.py:208} INFO - Processing /home/airflow/.local/lib/python3.12/site-packages/airflow/example_dags/tutorial_dag.py took 0.027 seconds
[2025-03-30T03:34:52.669+0000] {processor.py:186} INFO - Started process (PID=374) to work on /home/airflow/.local/lib/python3.12/site-packages/airflow/example_dags/tutorial_dag.py
[2025-03-30T03:34:52.670+0000] {processor.py:914} INFO - Processing file /home/airflow/.local/lib/python3.12/site-packages/airflow/example_dags/tutorial_dag.py for tasks to queue
[2025-03-30T03:34:52.670+0000] {logging_mixin.py:190} INFO - [2025-03-30T03:34:52.670+0000] {dagbag.py:588} INFO - Filling up the DagBag from /home/airflow/.local/lib/python3.12/site-packages/airflow/example_dags/tutorial_dag.py
[2025-03-30T03:34:52.674+0000] {processor.py:925} INFO - DAG(s) 'tutorial_dag' retrieved from /home/airflow/.local/lib/python3.12/site-packages/airflow/example_dags/tutorial_dag.py
[2025-03-30T03:34:52.681+0000] {logging_mixin.py:190} INFO - [2025-03-30T03:34:52.681+0000] {dag.py:3239} INFO - Sync 1 DAGs
[2025-03-30T03:34:52.685+0000] {logging_mixin.py:190} INFO - [2025-03-30T03:34:52.685+0000] {dag.py:4180} INFO - Setting next_dagrun for tutorial_dag to None, run_after=None
[2025-03-30T03:34:52.692+0000] {processor.py:208} INFO - Processing /home/airflow/.local/lib/python3.12/site-packages/airflow/example_dags/tutorial_dag.py took 0.025 seconds
[2025-03-30T03:35:22.782+0000] {processor.py:186} INFO - Started process (PID=437) to work on /home/airflow/.local/lib/python3.12/site-packages/airflow/example_dags/tutorial_dag.py
[2025-03-30T03:35:22.782+0000] {processor.py:914} INFO - Processing file /home/airflow/.local/lib/python3.12/site-packages/airflow/example_dags/tutorial_dag.py for tasks to queue
[2025-03-30T03:35:22.783+0000] {logging_mixin.py:190} INFO - [2025-03-30T03:35:22.783+0000] {dagbag.py:588} INFO - Filling up the DagBag from /home/airflow/.local/lib/python3.12/site-packages/airflow/example_dags/tutorial_dag.py
[2025-03-30T03:35:22.786+0000] {processor.py:925} INFO - DAG(s) 'tutorial_dag' retrieved from /home/airflow/.local/lib/python3.12/site-packages/airflow/example_dags/tutorial_dag.py
[2025-03-30T03:35:22.794+0000] {logging_mixin.py:190} INFO - [2025-03-30T03:35:22.794+0000] {dag.py:3239} INFO - Sync 1 DAGs
[2025-03-30T03:35:22.799+0000] {logging_mixin.py:190} INFO - [2025-03-30T03:35:22.799+0000] {dag.py:4180} INFO - Setting next_dagrun for tutorial_dag to None, run_after=None
[2025-03-30T03:35:22.806+0000] {processor.py:208} INFO - Processing /home/airflow/.local/lib/python3.12/site-packages/airflow/example_dags/tutorial_dag.py took 0.026 seconds
[2025-03-30T03:35:52.899+0000] {processor.py:186} INFO - Started process (PID=499) to work on /home/airflow/.local/lib/python3.12/site-packages/airflow/example_dags/tutorial_dag.py
[2025-03-30T03:35:52.899+0000] {processor.py:914} INFO - Processing file /home/airflow/.local/lib/python3.12/site-packages/airflow/example_dags/tutorial_dag.py for tasks to queue
[2025-03-30T03:35:52.901+0000] {logging_mixin.py:190} INFO - [2025-03-30T03:35:52.901+0000] {dagbag.py:588} INFO - Filling up the DagBag from /home/airflow/.local/lib/python3.12/site-packages/airflow/example_dags/tutorial_dag.py
[2025-03-30T03:35:52.905+0000] {processor.py:925} INFO - DAG(s) 'tutorial_dag' retrieved from /home/airflow/.local/lib/python3.12/site-packages/airflow/example_dags/tutorial_dag.py
[2025-03-30T03:35:52.912+0000] {logging_mixin.py:190} INFO - [2025-03-30T03:35:52.912+0000] {dag.py:3239} INFO - Sync 1 DAGs
[2025-03-30T03:35:52.917+0000] {logging_mixin.py:190} INFO - [2025-03-30T03:35:52.917+0000] {dag.py:4180} INFO - Setting next_dagrun for tutorial_dag to None, run_after=None
[2025-03-30T03:35:52.923+0000] {processor.py:208} INFO - Processing /home/airflow/.local/lib/python3.12/site-packages/airflow/example_dags/tutorial_dag.py took 0.026 seconds
[2025-03-30T03:36:22.989+0000] {processor.py:186} INFO - Started process (PID=562) to work on /home/airflow/.local/lib/python3.12/site-packages/airflow/example_dags/tutorial_dag.py
[2025-03-30T03:36:22.990+0000] {processor.py:914} INFO - Processing file /home/airflow/.local/lib/python3.12/site-packages/airflow/example_dags/tutorial_dag.py for tasks to queue
[2025-03-30T03:36:22.990+0000] {logging_mixin.py:190} INFO - [2025-03-30T03:36:22.990+0000] {dagbag.py:588} INFO - Filling up the DagBag from /home/airflow/.local/lib/python3.12/site-packages/airflow/example_dags/tutorial_dag.py
[2025-03-30T03:36:22.993+0000] {processor.py:925} INFO - DAG(s) 'tutorial_dag' retrieved from /home/airflow/.local/lib/python3.12/site-packages/airflow/example_dags/tutorial_dag.py
[2025-03-30T03:36:22.999+0000] {logging_mixin.py:190} INFO - [2025-03-30T03:36:22.999+0000] {dag.py:3239} INFO - Sync 1 DAGs
[2025-03-30T03:36:23.003+0000] {logging_mixin.py:190} INFO - [2025-03-30T03:36:23.003+0000] {dag.py:4180} INFO - Setting next_dagrun for tutorial_dag to None, run_after=None
[2025-03-30T03:36:23.008+0000] {processor.py:208} INFO - Processing /home/airflow/.local/lib/python3.12/site-packages/airflow/example_dags/tutorial_dag.py took 0.021 seconds
[2025-03-30T03:36:53.129+0000] {processor.py:186} INFO - Started process (PID=625) to work on /home/airflow/.local/lib/python3.12/site-packages/airflow/example_dags/tutorial_dag.py
[2025-03-30T03:36:53.130+0000] {processor.py:914} INFO - Processing file /home/airflow/.local/lib/python3.12/site-packages/airflow/example_dags/tutorial_dag.py for tasks to queue
[2025-03-30T03:36:53.130+0000] {logging_mixin.py:190} INFO - [2025-03-30T03:36:53.130+0000] {dagbag.py:588} INFO - Filling up the DagBag from /home/airflow/.local/lib/python3.12/site-packages/airflow/example_dags/tutorial_dag.py
[2025-03-30T03:36:53.134+0000] {processor.py:925} INFO - DAG(s) 'tutorial_dag' retrieved from /home/airflow/.local/lib/python3.12/site-packages/airflow/example_dags/tutorial_dag.py
[2025-03-30T03:36:53.157+0000] {logging_mixin.py:190} INFO - [2025-03-30T03:36:53.157+0000] {dag.py:3239} INFO - Sync 1 DAGs
[2025-03-30T03:36:53.169+0000] {logging_mixin.py:190} INFO - [2025-03-30T03:36:53.168+0000] {dag.py:4180} INFO - Setting next_dagrun for tutorial_dag to None, run_after=None
[2025-03-30T03:36:53.183+0000] {processor.py:208} INFO - Processing /home/airflow/.local/lib/python3.12/site-packages/airflow/example_dags/tutorial_dag.py took 0.056 seconds
[2025-03-30T03:37:23.232+0000] {processor.py:186} INFO - Started process (PID=688) to work on /home/airflow/.local/lib/python3.12/site-packages/airflow/example_dags/tutorial_dag.py
[2025-03-30T03:37:23.232+0000] {processor.py:914} INFO - Processing file /home/airflow/.local/lib/python3.12/site-packages/airflow/example_dags/tutorial_dag.py for tasks to queue
[2025-03-30T03:37:23.233+0000] {logging_mixin.py:190} INFO - [2025-03-30T03:37:23.233+0000] {dagbag.py:588} INFO - Filling up the DagBag from /home/airflow/.local/lib/python3.12/site-packages/airflow/example_dags/tutorial_dag.py
[2025-03-30T03:37:23.236+0000] {processor.py:925} INFO - DAG(s) 'tutorial_dag' retrieved from /home/airflow/.local/lib/python3.12/site-packages/airflow/example_dags/tutorial_dag.py
[2025-03-30T03:37:23.243+0000] {logging_mixin.py:190} INFO - [2025-03-30T03:37:23.243+0000] {dag.py:3239} INFO - Sync 1 DAGs
[2025-03-30T03:37:23.248+0000] {logging_mixin.py:190} INFO - [2025-03-30T03:37:23.248+0000] {dag.py:4180} INFO - Setting next_dagrun for tutorial_dag to None, run_after=None
[2025-03-30T03:37:23.256+0000] {processor.py:208} INFO - Processing /home/airflow/.local/lib/python3.12/site-packages/airflow/example_dags/tutorial_dag.py took 0.026 seconds
[2025-03-30T03:37:54.231+0000] {processor.py:186} INFO - Started process (PID=751) to work on /home/airflow/.local/lib/python3.12/site-packages/airflow/example_dags/tutorial_dag.py
[2025-03-30T03:37:54.232+0000] {processor.py:914} INFO - Processing file /home/airflow/.local/lib/python3.12/site-packages/airflow/example_dags/tutorial_dag.py for tasks to queue
[2025-03-30T03:37:54.233+0000] {logging_mixin.py:190} INFO - [2025-03-30T03:37:54.233+0000] {dagbag.py:588} INFO - Filling up the DagBag from /home/airflow/.local/lib/python3.12/site-packages/airflow/example_dags/tutorial_dag.py
[2025-03-30T03:37:54.236+0000] {processor.py:925} INFO - DAG(s) 'tutorial_dag' retrieved from /home/airflow/.local/lib/python3.12/site-packages/airflow/example_dags/tutorial_dag.py
[2025-03-30T03:37:54.245+0000] {logging_mixin.py:190} INFO - [2025-03-30T03:37:54.245+0000] {dag.py:3239} INFO - Sync 1 DAGs
[2025-03-30T03:37:54.250+0000] {logging_mixin.py:190} INFO - [2025-03-30T03:37:54.250+0000] {dag.py:4180} INFO - Setting next_dagrun for tutorial_dag to None, run_after=None
[2025-03-30T03:37:54.255+0000] {processor.py:208} INFO - Processing /home/airflow/.local/lib/python3.12/site-packages/airflow/example_dags/tutorial_dag.py took 0.027 seconds
