[2025-03-30T03:32:21.173+0000] {processor.py:186} INFO - Started process (PID=85) to work on /home/airflow/.local/lib/python3.12/site-packages/airflow/example_dags/tutorial_taskflow_templates.py
[2025-03-30T03:32:21.174+0000] {processor.py:914} INFO - Processing file /home/airflow/.local/lib/python3.12/site-packages/airflow/example_dags/tutorial_taskflow_templates.py for tasks to queue
[2025-03-30T03:32:21.175+0000] {logging_mixin.py:190} INFO - [2025-03-30T03:32:21.175+0000] {dagbag.py:588} INFO - Filling up the DagBag from /home/airflow/.local/lib/python3.12/site-packages/airflow/example_dags/tutorial_taskflow_templates.py
[2025-03-30T03:32:21.181+0000] {processor.py:925} INFO - DAG(s) 'tutorial_taskflow_templates' retrieved from /home/airflow/.local/lib/python3.12/site-packages/airflow/example_dags/tutorial_taskflow_templates.py
[2025-03-30T03:32:21.189+0000] {logging_mixin.py:190} INFO - [2025-03-30T03:32:21.189+0000] {dag.py:3239} INFO - Sync 1 DAGs
[2025-03-30T03:32:21.199+0000] {logging_mixin.py:190} INFO - [2025-03-30T03:32:21.199+0000] {dag.py:4180} INFO - Setting next_dagrun for tutorial_taskflow_templates to 2025-03-29 00:00:00+00:00, run_after=2025-03-30 00:00:00+00:00
[2025-03-30T03:32:21.205+0000] {processor.py:208} INFO - Processing /home/airflow/.local/lib/python3.12/site-packages/airflow/example_dags/tutorial_taskflow_templates.py took 0.035 seconds
[2025-03-30T03:32:51.341+0000] {processor.py:186} INFO - Started process (PID=148) to work on /home/airflow/.local/lib/python3.12/site-packages/airflow/example_dags/tutorial_taskflow_templates.py
[2025-03-30T03:32:51.342+0000] {processor.py:914} INFO - Processing file /home/airflow/.local/lib/python3.12/site-packages/airflow/example_dags/tutorial_taskflow_templates.py for tasks to queue
[2025-03-30T03:32:51.343+0000] {logging_mixin.py:190} INFO - [2025-03-30T03:32:51.343+0000] {dagbag.py:588} INFO - Filling up the DagBag from /home/airflow/.local/lib/python3.12/site-packages/airflow/example_dags/tutorial_taskflow_templates.py
[2025-03-30T03:32:51.350+0000] {processor.py:925} INFO - DAG(s) 'tutorial_taskflow_templates' retrieved from /home/airflow/.local/lib/python3.12/site-packages/airflow/example_dags/tutorial_taskflow_templates.py
[2025-03-30T03:32:51.359+0000] {logging_mixin.py:190} INFO - [2025-03-30T03:32:51.359+0000] {dag.py:3239} INFO - Sync 1 DAGs
[2025-03-30T03:32:51.367+0000] {logging_mixin.py:190} INFO - [2025-03-30T03:32:51.367+0000] {dag.py:4180} INFO - Setting next_dagrun for tutorial_taskflow_templates to 2025-03-29 00:00:00+00:00, run_after=2025-03-30 00:00:00+00:00
[2025-03-30T03:32:51.373+0000] {processor.py:208} INFO - Processing /home/airflow/.local/lib/python3.12/site-packages/airflow/example_dags/tutorial_taskflow_templates.py took 0.035 seconds
[2025-03-30T03:33:22.409+0000] {processor.py:186} INFO - Started process (PID=211) to work on /home/airflow/.local/lib/python3.12/site-packages/airflow/example_dags/tutorial_taskflow_templates.py
[2025-03-30T03:33:22.411+0000] {processor.py:914} INFO - Processing file /home/airflow/.local/lib/python3.12/site-packages/airflow/example_dags/tutorial_taskflow_templates.py for tasks to queue
[2025-03-30T03:33:22.412+0000] {logging_mixin.py:190} INFO - [2025-03-30T03:33:22.412+0000] {dagbag.py:588} INFO - Filling up the DagBag from /home/airflow/.local/lib/python3.12/site-packages/airflow/example_dags/tutorial_taskflow_templates.py
[2025-03-30T03:33:22.417+0000] {processor.py:925} INFO - DAG(s) 'tutorial_taskflow_templates' retrieved from /home/airflow/.local/lib/python3.12/site-packages/airflow/example_dags/tutorial_taskflow_templates.py
[2025-03-30T03:33:22.425+0000] {logging_mixin.py:190} INFO - [2025-03-30T03:33:22.425+0000] {dag.py:3239} INFO - Sync 1 DAGs
[2025-03-30T03:33:22.433+0000] {logging_mixin.py:190} INFO - [2025-03-30T03:33:22.433+0000] {dag.py:4180} INFO - Setting next_dagrun for tutorial_taskflow_templates to 2025-03-29 00:00:00+00:00, run_after=2025-03-30 00:00:00+00:00
[2025-03-30T03:33:22.439+0000] {processor.py:208} INFO - Processing /home/airflow/.local/lib/python3.12/site-packages/airflow/example_dags/tutorial_taskflow_templates.py took 0.032 seconds
[2025-03-30T03:33:53.330+0000] {processor.py:186} INFO - Started process (PID=274) to work on /home/airflow/.local/lib/python3.12/site-packages/airflow/example_dags/tutorial_taskflow_templates.py
[2025-03-30T03:33:53.331+0000] {processor.py:914} INFO - Processing file /home/airflow/.local/lib/python3.12/site-packages/airflow/example_dags/tutorial_taskflow_templates.py for tasks to queue
[2025-03-30T03:33:53.332+0000] {logging_mixin.py:190} INFO - [2025-03-30T03:33:53.332+0000] {dagbag.py:588} INFO - Filling up the DagBag from /home/airflow/.local/lib/python3.12/site-packages/airflow/example_dags/tutorial_taskflow_templates.py
[2025-03-30T03:33:53.336+0000] {processor.py:925} INFO - DAG(s) 'tutorial_taskflow_templates' retrieved from /home/airflow/.local/lib/python3.12/site-packages/airflow/example_dags/tutorial_taskflow_templates.py
[2025-03-30T03:33:53.344+0000] {logging_mixin.py:190} INFO - [2025-03-30T03:33:53.344+0000] {dag.py:3239} INFO - Sync 1 DAGs
[2025-03-30T03:33:53.352+0000] {logging_mixin.py:190} INFO - [2025-03-30T03:33:53.352+0000] {dag.py:4180} INFO - Setting next_dagrun for tutorial_taskflow_templates to 2025-03-29 00:00:00+00:00, run_after=2025-03-30 00:00:00+00:00
[2025-03-30T03:33:53.358+0000] {processor.py:208} INFO - Processing /home/airflow/.local/lib/python3.12/site-packages/airflow/example_dags/tutorial_taskflow_templates.py took 0.030 seconds
[2025-03-30T03:34:24.425+0000] {processor.py:186} INFO - Started process (PID=337) to work on /home/airflow/.local/lib/python3.12/site-packages/airflow/example_dags/tutorial_taskflow_templates.py
[2025-03-30T03:34:24.426+0000] {processor.py:914} INFO - Processing file /home/airflow/.local/lib/python3.12/site-packages/airflow/example_dags/tutorial_taskflow_templates.py for tasks to queue
[2025-03-30T03:34:24.427+0000] {logging_mixin.py:190} INFO - [2025-03-30T03:34:24.426+0000] {dagbag.py:588} INFO - Filling up the DagBag from /home/airflow/.local/lib/python3.12/site-packages/airflow/example_dags/tutorial_taskflow_templates.py
[2025-03-30T03:34:24.432+0000] {processor.py:925} INFO - DAG(s) 'tutorial_taskflow_templates' retrieved from /home/airflow/.local/lib/python3.12/site-packages/airflow/example_dags/tutorial_taskflow_templates.py
[2025-03-30T03:34:24.443+0000] {logging_mixin.py:190} INFO - [2025-03-30T03:34:24.443+0000] {dag.py:3239} INFO - Sync 1 DAGs
[2025-03-30T03:34:24.452+0000] {logging_mixin.py:190} INFO - [2025-03-30T03:34:24.452+0000] {dag.py:4180} INFO - Setting next_dagrun for tutorial_taskflow_templates to 2025-03-29 00:00:00+00:00, run_after=2025-03-30 00:00:00+00:00
[2025-03-30T03:34:24.458+0000] {processor.py:208} INFO - Processing /home/airflow/.local/lib/python3.12/site-packages/airflow/example_dags/tutorial_taskflow_templates.py took 0.035 seconds
[2025-03-30T03:34:55.587+0000] {processor.py:186} INFO - Started process (PID=400) to work on /home/airflow/.local/lib/python3.12/site-packages/airflow/example_dags/tutorial_taskflow_templates.py
[2025-03-30T03:34:55.587+0000] {processor.py:914} INFO - Processing file /home/airflow/.local/lib/python3.12/site-packages/airflow/example_dags/tutorial_taskflow_templates.py for tasks to queue
[2025-03-30T03:34:55.588+0000] {logging_mixin.py:190} INFO - [2025-03-30T03:34:55.588+0000] {dagbag.py:588} INFO - Filling up the DagBag from /home/airflow/.local/lib/python3.12/site-packages/airflow/example_dags/tutorial_taskflow_templates.py
[2025-03-30T03:34:55.593+0000] {processor.py:925} INFO - DAG(s) 'tutorial_taskflow_templates' retrieved from /home/airflow/.local/lib/python3.12/site-packages/airflow/example_dags/tutorial_taskflow_templates.py
[2025-03-30T03:34:55.603+0000] {logging_mixin.py:190} INFO - [2025-03-30T03:34:55.603+0000] {dag.py:3239} INFO - Sync 1 DAGs
[2025-03-30T03:34:55.611+0000] {logging_mixin.py:190} INFO - [2025-03-30T03:34:55.611+0000] {dag.py:4180} INFO - Setting next_dagrun for tutorial_taskflow_templates to 2025-03-29 00:00:00+00:00, run_after=2025-03-30 00:00:00+00:00
[2025-03-30T03:34:55.617+0000] {processor.py:208} INFO - Processing /home/airflow/.local/lib/python3.12/site-packages/airflow/example_dags/tutorial_taskflow_templates.py took 0.033 seconds
[2025-03-30T03:35:26.724+0000] {processor.py:186} INFO - Started process (PID=463) to work on /home/airflow/.local/lib/python3.12/site-packages/airflow/example_dags/tutorial_taskflow_templates.py
[2025-03-30T03:35:26.724+0000] {processor.py:914} INFO - Processing file /home/airflow/.local/lib/python3.12/site-packages/airflow/example_dags/tutorial_taskflow_templates.py for tasks to queue
[2025-03-30T03:35:26.725+0000] {logging_mixin.py:190} INFO - [2025-03-30T03:35:26.725+0000] {dagbag.py:588} INFO - Filling up the DagBag from /home/airflow/.local/lib/python3.12/site-packages/airflow/example_dags/tutorial_taskflow_templates.py
[2025-03-30T03:35:26.730+0000] {processor.py:925} INFO - DAG(s) 'tutorial_taskflow_templates' retrieved from /home/airflow/.local/lib/python3.12/site-packages/airflow/example_dags/tutorial_taskflow_templates.py
[2025-03-30T03:35:26.737+0000] {logging_mixin.py:190} INFO - [2025-03-30T03:35:26.737+0000] {dag.py:3239} INFO - Sync 1 DAGs
[2025-03-30T03:35:26.747+0000] {logging_mixin.py:190} INFO - [2025-03-30T03:35:26.747+0000] {dag.py:4180} INFO - Setting next_dagrun for tutorial_taskflow_templates to 2025-03-29 00:00:00+00:00, run_after=2025-03-30 00:00:00+00:00
[2025-03-30T03:35:26.752+0000] {processor.py:208} INFO - Processing /home/airflow/.local/lib/python3.12/site-packages/airflow/example_dags/tutorial_taskflow_templates.py took 0.031 seconds
[2025-03-30T03:35:57.841+0000] {processor.py:186} INFO - Started process (PID=525) to work on /home/airflow/.local/lib/python3.12/site-packages/airflow/example_dags/tutorial_taskflow_templates.py
[2025-03-30T03:35:57.842+0000] {processor.py:914} INFO - Processing file /home/airflow/.local/lib/python3.12/site-packages/airflow/example_dags/tutorial_taskflow_templates.py for tasks to queue
[2025-03-30T03:35:57.843+0000] {logging_mixin.py:190} INFO - [2025-03-30T03:35:57.843+0000] {dagbag.py:588} INFO - Filling up the DagBag from /home/airflow/.local/lib/python3.12/site-packages/airflow/example_dags/tutorial_taskflow_templates.py
[2025-03-30T03:35:57.848+0000] {processor.py:925} INFO - DAG(s) 'tutorial_taskflow_templates' retrieved from /home/airflow/.local/lib/python3.12/site-packages/airflow/example_dags/tutorial_taskflow_templates.py
[2025-03-30T03:35:57.858+0000] {logging_mixin.py:190} INFO - [2025-03-30T03:35:57.857+0000] {dag.py:3239} INFO - Sync 1 DAGs
[2025-03-30T03:35:57.865+0000] {logging_mixin.py:190} INFO - [2025-03-30T03:35:57.865+0000] {dag.py:4180} INFO - Setting next_dagrun for tutorial_taskflow_templates to 2025-03-29 00:00:00+00:00, run_after=2025-03-30 00:00:00+00:00
[2025-03-30T03:35:57.871+0000] {processor.py:208} INFO - Processing /home/airflow/.local/lib/python3.12/site-packages/airflow/example_dags/tutorial_taskflow_templates.py took 0.032 seconds
[2025-03-30T03:36:28.914+0000] {processor.py:186} INFO - Started process (PID=588) to work on /home/airflow/.local/lib/python3.12/site-packages/airflow/example_dags/tutorial_taskflow_templates.py
[2025-03-30T03:36:28.917+0000] {processor.py:914} INFO - Processing file /home/airflow/.local/lib/python3.12/site-packages/airflow/example_dags/tutorial_taskflow_templates.py for tasks to queue
[2025-03-30T03:36:28.919+0000] {logging_mixin.py:190} INFO - [2025-03-30T03:36:28.919+0000] {dagbag.py:588} INFO - Filling up the DagBag from /home/airflow/.local/lib/python3.12/site-packages/airflow/example_dags/tutorial_taskflow_templates.py
[2025-03-30T03:36:28.924+0000] {processor.py:925} INFO - DAG(s) 'tutorial_taskflow_templates' retrieved from /home/airflow/.local/lib/python3.12/site-packages/airflow/example_dags/tutorial_taskflow_templates.py
[2025-03-30T03:36:28.933+0000] {logging_mixin.py:190} INFO - [2025-03-30T03:36:28.933+0000] {dag.py:3239} INFO - Sync 1 DAGs
[2025-03-30T03:36:28.944+0000] {logging_mixin.py:190} INFO - [2025-03-30T03:36:28.944+0000] {dag.py:4180} INFO - Setting next_dagrun for tutorial_taskflow_templates to 2025-03-29 00:00:00+00:00, run_after=2025-03-30 00:00:00+00:00
[2025-03-30T03:36:28.950+0000] {processor.py:208} INFO - Processing /home/airflow/.local/lib/python3.12/site-packages/airflow/example_dags/tutorial_taskflow_templates.py took 0.039 seconds
[2025-03-30T03:37:00.141+0000] {processor.py:186} INFO - Started process (PID=651) to work on /home/airflow/.local/lib/python3.12/site-packages/airflow/example_dags/tutorial_taskflow_templates.py
[2025-03-30T03:37:00.142+0000] {processor.py:914} INFO - Processing file /home/airflow/.local/lib/python3.12/site-packages/airflow/example_dags/tutorial_taskflow_templates.py for tasks to queue
[2025-03-30T03:37:00.143+0000] {logging_mixin.py:190} INFO - [2025-03-30T03:37:00.143+0000] {dagbag.py:588} INFO - Filling up the DagBag from /home/airflow/.local/lib/python3.12/site-packages/airflow/example_dags/tutorial_taskflow_templates.py
[2025-03-30T03:37:00.149+0000] {processor.py:925} INFO - DAG(s) 'tutorial_taskflow_templates' retrieved from /home/airflow/.local/lib/python3.12/site-packages/airflow/example_dags/tutorial_taskflow_templates.py
[2025-03-30T03:37:00.157+0000] {logging_mixin.py:190} INFO - [2025-03-30T03:37:00.157+0000] {dag.py:3239} INFO - Sync 1 DAGs
[2025-03-30T03:37:00.164+0000] {logging_mixin.py:190} INFO - [2025-03-30T03:37:00.164+0000] {dag.py:4180} INFO - Setting next_dagrun for tutorial_taskflow_templates to 2025-03-29 00:00:00+00:00, run_after=2025-03-30 00:00:00+00:00
[2025-03-30T03:37:00.170+0000] {processor.py:208} INFO - Processing /home/airflow/.local/lib/python3.12/site-packages/airflow/example_dags/tutorial_taskflow_templates.py took 0.031 seconds
[2025-03-30T03:37:31.176+0000] {processor.py:186} INFO - Started process (PID=714) to work on /home/airflow/.local/lib/python3.12/site-packages/airflow/example_dags/tutorial_taskflow_templates.py
[2025-03-30T03:37:31.177+0000] {processor.py:914} INFO - Processing file /home/airflow/.local/lib/python3.12/site-packages/airflow/example_dags/tutorial_taskflow_templates.py for tasks to queue
[2025-03-30T03:37:31.178+0000] {logging_mixin.py:190} INFO - [2025-03-30T03:37:31.178+0000] {dagbag.py:588} INFO - Filling up the DagBag from /home/airflow/.local/lib/python3.12/site-packages/airflow/example_dags/tutorial_taskflow_templates.py
[2025-03-30T03:37:31.183+0000] {processor.py:925} INFO - DAG(s) 'tutorial_taskflow_templates' retrieved from /home/airflow/.local/lib/python3.12/site-packages/airflow/example_dags/tutorial_taskflow_templates.py
[2025-03-30T03:37:31.192+0000] {logging_mixin.py:190} INFO - [2025-03-30T03:37:31.192+0000] {dag.py:3239} INFO - Sync 1 DAGs
[2025-03-30T03:37:31.200+0000] {logging_mixin.py:190} INFO - [2025-03-30T03:37:31.200+0000] {dag.py:4180} INFO - Setting next_dagrun for tutorial_taskflow_templates to 2025-03-29 00:00:00+00:00, run_after=2025-03-30 00:00:00+00:00
[2025-03-30T03:37:31.206+0000] {processor.py:208} INFO - Processing /home/airflow/.local/lib/python3.12/site-packages/airflow/example_dags/tutorial_taskflow_templates.py took 0.032 seconds
[2025-03-30T03:38:02.261+0000] {processor.py:186} INFO - Started process (PID=777) to work on /home/airflow/.local/lib/python3.12/site-packages/airflow/example_dags/tutorial_taskflow_templates.py
[2025-03-30T03:38:02.262+0000] {processor.py:914} INFO - Processing file /home/airflow/.local/lib/python3.12/site-packages/airflow/example_dags/tutorial_taskflow_templates.py for tasks to queue
[2025-03-30T03:38:02.263+0000] {logging_mixin.py:190} INFO - [2025-03-30T03:38:02.263+0000] {dagbag.py:588} INFO - Filling up the DagBag from /home/airflow/.local/lib/python3.12/site-packages/airflow/example_dags/tutorial_taskflow_templates.py
[2025-03-30T03:38:02.268+0000] {processor.py:925} INFO - DAG(s) 'tutorial_taskflow_templates' retrieved from /home/airflow/.local/lib/python3.12/site-packages/airflow/example_dags/tutorial_taskflow_templates.py
[2025-03-30T03:38:02.275+0000] {logging_mixin.py:190} INFO - [2025-03-30T03:38:02.275+0000] {dag.py:3239} INFO - Sync 1 DAGs
[2025-03-30T03:38:02.283+0000] {logging_mixin.py:190} INFO - [2025-03-30T03:38:02.283+0000] {dag.py:4180} INFO - Setting next_dagrun for tutorial_taskflow_templates to 2025-03-29 00:00:00+00:00, run_after=2025-03-30 00:00:00+00:00
[2025-03-30T03:38:02.289+0000] {processor.py:208} INFO - Processing /home/airflow/.local/lib/python3.12/site-packages/airflow/example_dags/tutorial_taskflow_templates.py took 0.030 seconds
[2025-03-30T11:24:53.681+0000] {processor.py:186} INFO - Started process (PID=86) to work on /home/airflow/.local/lib/python3.12/site-packages/airflow/example_dags/tutorial_taskflow_templates.py
[2025-03-30T11:24:53.681+0000] {processor.py:914} INFO - Processing file /home/airflow/.local/lib/python3.12/site-packages/airflow/example_dags/tutorial_taskflow_templates.py for tasks to queue
[2025-03-30T11:24:53.682+0000] {logging_mixin.py:190} INFO - [2025-03-30T11:24:53.682+0000] {dagbag.py:588} INFO - Filling up the DagBag from /home/airflow/.local/lib/python3.12/site-packages/airflow/example_dags/tutorial_taskflow_templates.py
[2025-03-30T11:24:53.690+0000] {processor.py:925} INFO - DAG(s) 'tutorial_taskflow_templates' retrieved from /home/airflow/.local/lib/python3.12/site-packages/airflow/example_dags/tutorial_taskflow_templates.py
[2025-03-30T11:24:53.698+0000] {logging_mixin.py:190} INFO - [2025-03-30T11:24:53.698+0000] {dag.py:3239} INFO - Sync 1 DAGs
[2025-03-30T11:24:53.706+0000] {logging_mixin.py:190} INFO - [2025-03-30T11:24:53.706+0000] {dag.py:4180} INFO - Setting next_dagrun for tutorial_taskflow_templates to 2025-03-29 00:00:00+00:00, run_after=2025-03-30 00:00:00+00:00
[2025-03-30T11:24:53.712+0000] {processor.py:208} INFO - Processing /home/airflow/.local/lib/python3.12/site-packages/airflow/example_dags/tutorial_taskflow_templates.py took 0.034 seconds
[2025-03-30T11:25:23.904+0000] {processor.py:186} INFO - Started process (PID=150) to work on /home/airflow/.local/lib/python3.12/site-packages/airflow/example_dags/tutorial_taskflow_templates.py
[2025-03-30T11:25:23.905+0000] {processor.py:914} INFO - Processing file /home/airflow/.local/lib/python3.12/site-packages/airflow/example_dags/tutorial_taskflow_templates.py for tasks to queue
[2025-03-30T11:25:23.906+0000] {logging_mixin.py:190} INFO - [2025-03-30T11:25:23.906+0000] {dagbag.py:588} INFO - Filling up the DagBag from /home/airflow/.local/lib/python3.12/site-packages/airflow/example_dags/tutorial_taskflow_templates.py
[2025-03-30T11:25:23.912+0000] {processor.py:925} INFO - DAG(s) 'tutorial_taskflow_templates' retrieved from /home/airflow/.local/lib/python3.12/site-packages/airflow/example_dags/tutorial_taskflow_templates.py
[2025-03-30T11:25:23.927+0000] {logging_mixin.py:190} INFO - [2025-03-30T11:25:23.927+0000] {dag.py:3239} INFO - Sync 1 DAGs
[2025-03-30T11:25:23.936+0000] {logging_mixin.py:190} INFO - [2025-03-30T11:25:23.936+0000] {dag.py:4180} INFO - Setting next_dagrun for tutorial_taskflow_templates to 2025-03-29 00:00:00+00:00, run_after=2025-03-30 00:00:00+00:00
[2025-03-30T11:25:23.947+0000] {processor.py:208} INFO - Processing /home/airflow/.local/lib/python3.12/site-packages/airflow/example_dags/tutorial_taskflow_templates.py took 0.045 seconds
[2025-03-30T11:25:54.246+0000] {processor.py:186} INFO - Started process (PID=214) to work on /home/airflow/.local/lib/python3.12/site-packages/airflow/example_dags/tutorial_taskflow_templates.py
[2025-03-30T11:25:54.246+0000] {processor.py:914} INFO - Processing file /home/airflow/.local/lib/python3.12/site-packages/airflow/example_dags/tutorial_taskflow_templates.py for tasks to queue
[2025-03-30T11:25:54.247+0000] {logging_mixin.py:190} INFO - [2025-03-30T11:25:54.247+0000] {dagbag.py:588} INFO - Filling up the DagBag from /home/airflow/.local/lib/python3.12/site-packages/airflow/example_dags/tutorial_taskflow_templates.py
[2025-03-30T11:25:54.253+0000] {processor.py:925} INFO - DAG(s) 'tutorial_taskflow_templates' retrieved from /home/airflow/.local/lib/python3.12/site-packages/airflow/example_dags/tutorial_taskflow_templates.py
[2025-03-30T11:25:54.262+0000] {logging_mixin.py:190} INFO - [2025-03-30T11:25:54.262+0000] {dag.py:3239} INFO - Sync 1 DAGs
[2025-03-30T11:25:54.272+0000] {logging_mixin.py:190} INFO - [2025-03-30T11:25:54.272+0000] {dag.py:4180} INFO - Setting next_dagrun for tutorial_taskflow_templates to 2025-03-29 00:00:00+00:00, run_after=2025-03-30 00:00:00+00:00
[2025-03-30T11:25:54.283+0000] {processor.py:208} INFO - Processing /home/airflow/.local/lib/python3.12/site-packages/airflow/example_dags/tutorial_taskflow_templates.py took 0.039 seconds
[2025-03-30T11:26:25.590+0000] {processor.py:186} INFO - Started process (PID=278) to work on /home/airflow/.local/lib/python3.12/site-packages/airflow/example_dags/tutorial_taskflow_templates.py
[2025-03-30T11:26:25.591+0000] {processor.py:914} INFO - Processing file /home/airflow/.local/lib/python3.12/site-packages/airflow/example_dags/tutorial_taskflow_templates.py for tasks to queue
[2025-03-30T11:26:25.592+0000] {logging_mixin.py:190} INFO - [2025-03-30T11:26:25.592+0000] {dagbag.py:588} INFO - Filling up the DagBag from /home/airflow/.local/lib/python3.12/site-packages/airflow/example_dags/tutorial_taskflow_templates.py
[2025-03-30T11:26:25.598+0000] {processor.py:925} INFO - DAG(s) 'tutorial_taskflow_templates' retrieved from /home/airflow/.local/lib/python3.12/site-packages/airflow/example_dags/tutorial_taskflow_templates.py
[2025-03-30T11:26:25.610+0000] {logging_mixin.py:190} INFO - [2025-03-30T11:26:25.610+0000] {dag.py:3239} INFO - Sync 1 DAGs
[2025-03-30T11:26:25.622+0000] {logging_mixin.py:190} INFO - [2025-03-30T11:26:25.622+0000] {dag.py:4180} INFO - Setting next_dagrun for tutorial_taskflow_templates to 2025-03-29 00:00:00+00:00, run_after=2025-03-30 00:00:00+00:00
[2025-03-30T11:26:25.627+0000] {processor.py:208} INFO - Processing /home/airflow/.local/lib/python3.12/site-packages/airflow/example_dags/tutorial_taskflow_templates.py took 0.039 seconds
[2025-03-30T11:26:55.971+0000] {processor.py:186} INFO - Started process (PID=342) to work on /home/airflow/.local/lib/python3.12/site-packages/airflow/example_dags/tutorial_taskflow_templates.py
[2025-03-30T11:26:55.972+0000] {processor.py:914} INFO - Processing file /home/airflow/.local/lib/python3.12/site-packages/airflow/example_dags/tutorial_taskflow_templates.py for tasks to queue
[2025-03-30T11:26:55.973+0000] {logging_mixin.py:190} INFO - [2025-03-30T11:26:55.973+0000] {dagbag.py:588} INFO - Filling up the DagBag from /home/airflow/.local/lib/python3.12/site-packages/airflow/example_dags/tutorial_taskflow_templates.py
[2025-03-30T11:26:55.978+0000] {processor.py:925} INFO - DAG(s) 'tutorial_taskflow_templates' retrieved from /home/airflow/.local/lib/python3.12/site-packages/airflow/example_dags/tutorial_taskflow_templates.py
[2025-03-30T11:26:55.990+0000] {logging_mixin.py:190} INFO - [2025-03-30T11:26:55.989+0000] {dag.py:3239} INFO - Sync 1 DAGs
[2025-03-30T11:26:56.001+0000] {logging_mixin.py:190} INFO - [2025-03-30T11:26:56.001+0000] {dag.py:4180} INFO - Setting next_dagrun for tutorial_taskflow_templates to 2025-03-29 00:00:00+00:00, run_after=2025-03-30 00:00:00+00:00
[2025-03-30T11:26:56.008+0000] {processor.py:208} INFO - Processing /home/airflow/.local/lib/python3.12/site-packages/airflow/example_dags/tutorial_taskflow_templates.py took 0.039 seconds
[2025-03-30T11:27:26.264+0000] {processor.py:186} INFO - Started process (PID=406) to work on /home/airflow/.local/lib/python3.12/site-packages/airflow/example_dags/tutorial_taskflow_templates.py
[2025-03-30T11:27:26.265+0000] {processor.py:914} INFO - Processing file /home/airflow/.local/lib/python3.12/site-packages/airflow/example_dags/tutorial_taskflow_templates.py for tasks to queue
[2025-03-30T11:27:26.266+0000] {logging_mixin.py:190} INFO - [2025-03-30T11:27:26.265+0000] {dagbag.py:588} INFO - Filling up the DagBag from /home/airflow/.local/lib/python3.12/site-packages/airflow/example_dags/tutorial_taskflow_templates.py
[2025-03-30T11:27:26.271+0000] {processor.py:925} INFO - DAG(s) 'tutorial_taskflow_templates' retrieved from /home/airflow/.local/lib/python3.12/site-packages/airflow/example_dags/tutorial_taskflow_templates.py
[2025-03-30T11:27:26.278+0000] {logging_mixin.py:190} INFO - [2025-03-30T11:27:26.278+0000] {dag.py:3239} INFO - Sync 1 DAGs
[2025-03-30T11:27:26.288+0000] {logging_mixin.py:190} INFO - [2025-03-30T11:27:26.288+0000] {dag.py:4180} INFO - Setting next_dagrun for tutorial_taskflow_templates to 2025-03-29 00:00:00+00:00, run_after=2025-03-30 00:00:00+00:00
[2025-03-30T11:27:26.298+0000] {processor.py:208} INFO - Processing /home/airflow/.local/lib/python3.12/site-packages/airflow/example_dags/tutorial_taskflow_templates.py took 0.036 seconds
[2025-03-30T11:27:57.446+0000] {processor.py:186} INFO - Started process (PID=470) to work on /home/airflow/.local/lib/python3.12/site-packages/airflow/example_dags/tutorial_taskflow_templates.py
[2025-03-30T11:27:57.447+0000] {processor.py:914} INFO - Processing file /home/airflow/.local/lib/python3.12/site-packages/airflow/example_dags/tutorial_taskflow_templates.py for tasks to queue
[2025-03-30T11:27:57.448+0000] {logging_mixin.py:190} INFO - [2025-03-30T11:27:57.448+0000] {dagbag.py:588} INFO - Filling up the DagBag from /home/airflow/.local/lib/python3.12/site-packages/airflow/example_dags/tutorial_taskflow_templates.py
[2025-03-30T11:27:57.453+0000] {processor.py:925} INFO - DAG(s) 'tutorial_taskflow_templates' retrieved from /home/airflow/.local/lib/python3.12/site-packages/airflow/example_dags/tutorial_taskflow_templates.py
[2025-03-30T11:27:57.461+0000] {logging_mixin.py:190} INFO - [2025-03-30T11:27:57.461+0000] {dag.py:3239} INFO - Sync 1 DAGs
[2025-03-30T11:27:57.469+0000] {logging_mixin.py:190} INFO - [2025-03-30T11:27:57.469+0000] {dag.py:4180} INFO - Setting next_dagrun for tutorial_taskflow_templates to 2025-03-29 00:00:00+00:00, run_after=2025-03-30 00:00:00+00:00
[2025-03-30T11:27:57.476+0000] {processor.py:208} INFO - Processing /home/airflow/.local/lib/python3.12/site-packages/airflow/example_dags/tutorial_taskflow_templates.py took 0.033 seconds
[2025-03-30T11:28:28.048+0000] {processor.py:186} INFO - Started process (PID=534) to work on /home/airflow/.local/lib/python3.12/site-packages/airflow/example_dags/tutorial_taskflow_templates.py
[2025-03-30T11:28:28.050+0000] {processor.py:914} INFO - Processing file /home/airflow/.local/lib/python3.12/site-packages/airflow/example_dags/tutorial_taskflow_templates.py for tasks to queue
[2025-03-30T11:28:28.051+0000] {logging_mixin.py:190} INFO - [2025-03-30T11:28:28.051+0000] {dagbag.py:588} INFO - Filling up the DagBag from /home/airflow/.local/lib/python3.12/site-packages/airflow/example_dags/tutorial_taskflow_templates.py
[2025-03-30T11:28:28.057+0000] {processor.py:925} INFO - DAG(s) 'tutorial_taskflow_templates' retrieved from /home/airflow/.local/lib/python3.12/site-packages/airflow/example_dags/tutorial_taskflow_templates.py
[2025-03-30T11:28:28.066+0000] {logging_mixin.py:190} INFO - [2025-03-30T11:28:28.066+0000] {dag.py:3239} INFO - Sync 1 DAGs
[2025-03-30T11:28:28.074+0000] {logging_mixin.py:190} INFO - [2025-03-30T11:28:28.074+0000] {dag.py:4180} INFO - Setting next_dagrun for tutorial_taskflow_templates to 2025-03-29 00:00:00+00:00, run_after=2025-03-30 00:00:00+00:00
[2025-03-30T11:28:28.079+0000] {processor.py:208} INFO - Processing /home/airflow/.local/lib/python3.12/site-packages/airflow/example_dags/tutorial_taskflow_templates.py took 0.034 seconds
[2025-03-30T11:28:58.597+0000] {processor.py:186} INFO - Started process (PID=599) to work on /home/airflow/.local/lib/python3.12/site-packages/airflow/example_dags/tutorial_taskflow_templates.py
[2025-03-30T11:28:58.598+0000] {processor.py:914} INFO - Processing file /home/airflow/.local/lib/python3.12/site-packages/airflow/example_dags/tutorial_taskflow_templates.py for tasks to queue
[2025-03-30T11:28:58.600+0000] {logging_mixin.py:190} INFO - [2025-03-30T11:28:58.600+0000] {dagbag.py:588} INFO - Filling up the DagBag from /home/airflow/.local/lib/python3.12/site-packages/airflow/example_dags/tutorial_taskflow_templates.py
[2025-03-30T11:28:58.605+0000] {processor.py:925} INFO - DAG(s) 'tutorial_taskflow_templates' retrieved from /home/airflow/.local/lib/python3.12/site-packages/airflow/example_dags/tutorial_taskflow_templates.py
[2025-03-30T11:28:58.616+0000] {logging_mixin.py:190} INFO - [2025-03-30T11:28:58.616+0000] {dag.py:3239} INFO - Sync 1 DAGs
[2025-03-30T11:28:58.631+0000] {logging_mixin.py:190} INFO - [2025-03-30T11:28:58.631+0000] {dag.py:4180} INFO - Setting next_dagrun for tutorial_taskflow_templates to 2025-03-29 00:00:00+00:00, run_after=2025-03-30 00:00:00+00:00
[2025-03-30T11:28:58.645+0000] {processor.py:208} INFO - Processing /home/airflow/.local/lib/python3.12/site-packages/airflow/example_dags/tutorial_taskflow_templates.py took 0.051 seconds
[2025-03-30T11:29:29.157+0000] {processor.py:186} INFO - Started process (PID=663) to work on /home/airflow/.local/lib/python3.12/site-packages/airflow/example_dags/tutorial_taskflow_templates.py
[2025-03-30T11:29:29.157+0000] {processor.py:914} INFO - Processing file /home/airflow/.local/lib/python3.12/site-packages/airflow/example_dags/tutorial_taskflow_templates.py for tasks to queue
[2025-03-30T11:29:29.158+0000] {logging_mixin.py:190} INFO - [2025-03-30T11:29:29.158+0000] {dagbag.py:588} INFO - Filling up the DagBag from /home/airflow/.local/lib/python3.12/site-packages/airflow/example_dags/tutorial_taskflow_templates.py
[2025-03-30T11:29:29.163+0000] {processor.py:925} INFO - DAG(s) 'tutorial_taskflow_templates' retrieved from /home/airflow/.local/lib/python3.12/site-packages/airflow/example_dags/tutorial_taskflow_templates.py
[2025-03-30T11:29:29.172+0000] {logging_mixin.py:190} INFO - [2025-03-30T11:29:29.172+0000] {dag.py:3239} INFO - Sync 1 DAGs
[2025-03-30T11:29:29.181+0000] {logging_mixin.py:190} INFO - [2025-03-30T11:29:29.181+0000] {dag.py:4180} INFO - Setting next_dagrun for tutorial_taskflow_templates to 2025-03-29 00:00:00+00:00, run_after=2025-03-30 00:00:00+00:00
[2025-03-30T11:29:29.189+0000] {processor.py:208} INFO - Processing /home/airflow/.local/lib/python3.12/site-packages/airflow/example_dags/tutorial_taskflow_templates.py took 0.034 seconds
[2025-03-30T11:29:59.647+0000] {processor.py:186} INFO - Started process (PID=727) to work on /home/airflow/.local/lib/python3.12/site-packages/airflow/example_dags/tutorial_taskflow_templates.py
[2025-03-30T11:29:59.650+0000] {processor.py:914} INFO - Processing file /home/airflow/.local/lib/python3.12/site-packages/airflow/example_dags/tutorial_taskflow_templates.py for tasks to queue
[2025-03-30T11:29:59.652+0000] {logging_mixin.py:190} INFO - [2025-03-30T11:29:59.652+0000] {dagbag.py:588} INFO - Filling up the DagBag from /home/airflow/.local/lib/python3.12/site-packages/airflow/example_dags/tutorial_taskflow_templates.py
[2025-03-30T11:29:59.658+0000] {processor.py:925} INFO - DAG(s) 'tutorial_taskflow_templates' retrieved from /home/airflow/.local/lib/python3.12/site-packages/airflow/example_dags/tutorial_taskflow_templates.py
[2025-03-30T11:29:59.669+0000] {logging_mixin.py:190} INFO - [2025-03-30T11:29:59.669+0000] {dag.py:3239} INFO - Sync 1 DAGs
[2025-03-30T11:29:59.678+0000] {logging_mixin.py:190} INFO - [2025-03-30T11:29:59.678+0000] {dag.py:4180} INFO - Setting next_dagrun for tutorial_taskflow_templates to 2025-03-29 00:00:00+00:00, run_after=2025-03-30 00:00:00+00:00
[2025-03-30T11:29:59.684+0000] {processor.py:208} INFO - Processing /home/airflow/.local/lib/python3.12/site-packages/airflow/example_dags/tutorial_taskflow_templates.py took 0.039 seconds
[2025-03-30T11:30:30.873+0000] {processor.py:186} INFO - Started process (PID=791) to work on /home/airflow/.local/lib/python3.12/site-packages/airflow/example_dags/tutorial_taskflow_templates.py
[2025-03-30T11:30:30.875+0000] {processor.py:914} INFO - Processing file /home/airflow/.local/lib/python3.12/site-packages/airflow/example_dags/tutorial_taskflow_templates.py for tasks to queue
[2025-03-30T11:30:30.876+0000] {logging_mixin.py:190} INFO - [2025-03-30T11:30:30.876+0000] {dagbag.py:588} INFO - Filling up the DagBag from /home/airflow/.local/lib/python3.12/site-packages/airflow/example_dags/tutorial_taskflow_templates.py
[2025-03-30T11:30:30.881+0000] {processor.py:925} INFO - DAG(s) 'tutorial_taskflow_templates' retrieved from /home/airflow/.local/lib/python3.12/site-packages/airflow/example_dags/tutorial_taskflow_templates.py
[2025-03-30T11:30:30.891+0000] {logging_mixin.py:190} INFO - [2025-03-30T11:30:30.890+0000] {dag.py:3239} INFO - Sync 1 DAGs
[2025-03-30T11:30:30.899+0000] {logging_mixin.py:190} INFO - [2025-03-30T11:30:30.899+0000] {dag.py:4180} INFO - Setting next_dagrun for tutorial_taskflow_templates to 2025-03-29 00:00:00+00:00, run_after=2025-03-30 00:00:00+00:00
[2025-03-30T11:30:30.905+0000] {processor.py:208} INFO - Processing /home/airflow/.local/lib/python3.12/site-packages/airflow/example_dags/tutorial_taskflow_templates.py took 0.034 seconds
[2025-03-30T11:31:02.117+0000] {processor.py:186} INFO - Started process (PID=855) to work on /home/airflow/.local/lib/python3.12/site-packages/airflow/example_dags/tutorial_taskflow_templates.py
[2025-03-30T11:31:02.117+0000] {processor.py:914} INFO - Processing file /home/airflow/.local/lib/python3.12/site-packages/airflow/example_dags/tutorial_taskflow_templates.py for tasks to queue
[2025-03-30T11:31:02.118+0000] {logging_mixin.py:190} INFO - [2025-03-30T11:31:02.118+0000] {dagbag.py:588} INFO - Filling up the DagBag from /home/airflow/.local/lib/python3.12/site-packages/airflow/example_dags/tutorial_taskflow_templates.py
[2025-03-30T11:31:02.124+0000] {processor.py:925} INFO - DAG(s) 'tutorial_taskflow_templates' retrieved from /home/airflow/.local/lib/python3.12/site-packages/airflow/example_dags/tutorial_taskflow_templates.py
[2025-03-30T11:31:02.135+0000] {logging_mixin.py:190} INFO - [2025-03-30T11:31:02.135+0000] {dag.py:3239} INFO - Sync 1 DAGs
[2025-03-30T11:31:02.145+0000] {logging_mixin.py:190} INFO - [2025-03-30T11:31:02.145+0000] {dag.py:4180} INFO - Setting next_dagrun for tutorial_taskflow_templates to 2025-03-29 00:00:00+00:00, run_after=2025-03-30 00:00:00+00:00
[2025-03-30T11:31:02.155+0000] {processor.py:208} INFO - Processing /home/airflow/.local/lib/python3.12/site-packages/airflow/example_dags/tutorial_taskflow_templates.py took 0.040 seconds
[2025-03-30T11:31:32.396+0000] {processor.py:186} INFO - Started process (PID=919) to work on /home/airflow/.local/lib/python3.12/site-packages/airflow/example_dags/tutorial_taskflow_templates.py
[2025-03-30T11:31:32.399+0000] {processor.py:914} INFO - Processing file /home/airflow/.local/lib/python3.12/site-packages/airflow/example_dags/tutorial_taskflow_templates.py for tasks to queue
[2025-03-30T11:31:32.400+0000] {logging_mixin.py:190} INFO - [2025-03-30T11:31:32.400+0000] {dagbag.py:588} INFO - Filling up the DagBag from /home/airflow/.local/lib/python3.12/site-packages/airflow/example_dags/tutorial_taskflow_templates.py
[2025-03-30T11:31:32.405+0000] {processor.py:925} INFO - DAG(s) 'tutorial_taskflow_templates' retrieved from /home/airflow/.local/lib/python3.12/site-packages/airflow/example_dags/tutorial_taskflow_templates.py
[2025-03-30T11:31:32.414+0000] {logging_mixin.py:190} INFO - [2025-03-30T11:31:32.414+0000] {dag.py:3239} INFO - Sync 1 DAGs
[2025-03-30T11:31:32.422+0000] {logging_mixin.py:190} INFO - [2025-03-30T11:31:32.422+0000] {dag.py:4180} INFO - Setting next_dagrun for tutorial_taskflow_templates to 2025-03-29 00:00:00+00:00, run_after=2025-03-30 00:00:00+00:00
[2025-03-30T11:31:32.429+0000] {processor.py:208} INFO - Processing /home/airflow/.local/lib/python3.12/site-packages/airflow/example_dags/tutorial_taskflow_templates.py took 0.035 seconds
[2025-03-30T11:32:03.611+0000] {processor.py:186} INFO - Started process (PID=982) to work on /home/airflow/.local/lib/python3.12/site-packages/airflow/example_dags/tutorial_taskflow_templates.py
[2025-03-30T11:32:03.612+0000] {processor.py:914} INFO - Processing file /home/airflow/.local/lib/python3.12/site-packages/airflow/example_dags/tutorial_taskflow_templates.py for tasks to queue
[2025-03-30T11:32:03.613+0000] {logging_mixin.py:190} INFO - [2025-03-30T11:32:03.613+0000] {dagbag.py:588} INFO - Filling up the DagBag from /home/airflow/.local/lib/python3.12/site-packages/airflow/example_dags/tutorial_taskflow_templates.py
[2025-03-30T11:32:03.619+0000] {processor.py:925} INFO - DAG(s) 'tutorial_taskflow_templates' retrieved from /home/airflow/.local/lib/python3.12/site-packages/airflow/example_dags/tutorial_taskflow_templates.py
[2025-03-30T11:32:03.627+0000] {logging_mixin.py:190} INFO - [2025-03-30T11:32:03.627+0000] {dag.py:3239} INFO - Sync 1 DAGs
[2025-03-30T11:32:03.635+0000] {logging_mixin.py:190} INFO - [2025-03-30T11:32:03.635+0000] {dag.py:4180} INFO - Setting next_dagrun for tutorial_taskflow_templates to 2025-03-29 00:00:00+00:00, run_after=2025-03-30 00:00:00+00:00
[2025-03-30T11:32:03.642+0000] {processor.py:208} INFO - Processing /home/airflow/.local/lib/python3.12/site-packages/airflow/example_dags/tutorial_taskflow_templates.py took 0.032 seconds
[2025-03-30T11:32:34.892+0000] {processor.py:186} INFO - Started process (PID=1046) to work on /home/airflow/.local/lib/python3.12/site-packages/airflow/example_dags/tutorial_taskflow_templates.py
[2025-03-30T11:32:34.894+0000] {processor.py:914} INFO - Processing file /home/airflow/.local/lib/python3.12/site-packages/airflow/example_dags/tutorial_taskflow_templates.py for tasks to queue
[2025-03-30T11:32:34.894+0000] {logging_mixin.py:190} INFO - [2025-03-30T11:32:34.894+0000] {dagbag.py:588} INFO - Filling up the DagBag from /home/airflow/.local/lib/python3.12/site-packages/airflow/example_dags/tutorial_taskflow_templates.py
[2025-03-30T11:32:34.900+0000] {processor.py:925} INFO - DAG(s) 'tutorial_taskflow_templates' retrieved from /home/airflow/.local/lib/python3.12/site-packages/airflow/example_dags/tutorial_taskflow_templates.py
[2025-03-30T11:32:34.910+0000] {logging_mixin.py:190} INFO - [2025-03-30T11:32:34.910+0000] {dag.py:3239} INFO - Sync 1 DAGs
[2025-03-30T11:32:34.920+0000] {logging_mixin.py:190} INFO - [2025-03-30T11:32:34.920+0000] {dag.py:4180} INFO - Setting next_dagrun for tutorial_taskflow_templates to 2025-03-29 00:00:00+00:00, run_after=2025-03-30 00:00:00+00:00
[2025-03-30T11:32:34.927+0000] {processor.py:208} INFO - Processing /home/airflow/.local/lib/python3.12/site-packages/airflow/example_dags/tutorial_taskflow_templates.py took 0.037 seconds
[2025-03-30T11:33:06.018+0000] {processor.py:186} INFO - Started process (PID=1110) to work on /home/airflow/.local/lib/python3.12/site-packages/airflow/example_dags/tutorial_taskflow_templates.py
[2025-03-30T11:33:06.021+0000] {processor.py:914} INFO - Processing file /home/airflow/.local/lib/python3.12/site-packages/airflow/example_dags/tutorial_taskflow_templates.py for tasks to queue
[2025-03-30T11:33:06.022+0000] {logging_mixin.py:190} INFO - [2025-03-30T11:33:06.022+0000] {dagbag.py:588} INFO - Filling up the DagBag from /home/airflow/.local/lib/python3.12/site-packages/airflow/example_dags/tutorial_taskflow_templates.py
[2025-03-30T11:33:06.027+0000] {processor.py:925} INFO - DAG(s) 'tutorial_taskflow_templates' retrieved from /home/airflow/.local/lib/python3.12/site-packages/airflow/example_dags/tutorial_taskflow_templates.py
[2025-03-30T11:33:06.034+0000] {logging_mixin.py:190} INFO - [2025-03-30T11:33:06.034+0000] {dag.py:3239} INFO - Sync 1 DAGs
[2025-03-30T11:33:06.042+0000] {logging_mixin.py:190} INFO - [2025-03-30T11:33:06.042+0000] {dag.py:4180} INFO - Setting next_dagrun for tutorial_taskflow_templates to 2025-03-29 00:00:00+00:00, run_after=2025-03-30 00:00:00+00:00
[2025-03-30T11:33:06.049+0000] {processor.py:208} INFO - Processing /home/airflow/.local/lib/python3.12/site-packages/airflow/example_dags/tutorial_taskflow_templates.py took 0.033 seconds
[2025-03-30T11:33:37.167+0000] {processor.py:186} INFO - Started process (PID=1174) to work on /home/airflow/.local/lib/python3.12/site-packages/airflow/example_dags/tutorial_taskflow_templates.py
[2025-03-30T11:33:37.167+0000] {processor.py:914} INFO - Processing file /home/airflow/.local/lib/python3.12/site-packages/airflow/example_dags/tutorial_taskflow_templates.py for tasks to queue
[2025-03-30T11:33:37.171+0000] {logging_mixin.py:190} INFO - [2025-03-30T11:33:37.171+0000] {dagbag.py:588} INFO - Filling up the DagBag from /home/airflow/.local/lib/python3.12/site-packages/airflow/example_dags/tutorial_taskflow_templates.py
[2025-03-30T11:33:37.177+0000] {processor.py:925} INFO - DAG(s) 'tutorial_taskflow_templates' retrieved from /home/airflow/.local/lib/python3.12/site-packages/airflow/example_dags/tutorial_taskflow_templates.py
[2025-03-30T11:33:37.186+0000] {logging_mixin.py:190} INFO - [2025-03-30T11:33:37.186+0000] {dag.py:3239} INFO - Sync 1 DAGs
[2025-03-30T11:33:37.194+0000] {logging_mixin.py:190} INFO - [2025-03-30T11:33:37.194+0000] {dag.py:4180} INFO - Setting next_dagrun for tutorial_taskflow_templates to 2025-03-29 00:00:00+00:00, run_after=2025-03-30 00:00:00+00:00
[2025-03-30T11:33:37.199+0000] {processor.py:208} INFO - Processing /home/airflow/.local/lib/python3.12/site-packages/airflow/example_dags/tutorial_taskflow_templates.py took 0.034 seconds
[2025-03-30T11:34:08.469+0000] {processor.py:186} INFO - Started process (PID=1238) to work on /home/airflow/.local/lib/python3.12/site-packages/airflow/example_dags/tutorial_taskflow_templates.py
[2025-03-30T11:34:08.470+0000] {processor.py:914} INFO - Processing file /home/airflow/.local/lib/python3.12/site-packages/airflow/example_dags/tutorial_taskflow_templates.py for tasks to queue
[2025-03-30T11:34:08.471+0000] {logging_mixin.py:190} INFO - [2025-03-30T11:34:08.471+0000] {dagbag.py:588} INFO - Filling up the DagBag from /home/airflow/.local/lib/python3.12/site-packages/airflow/example_dags/tutorial_taskflow_templates.py
[2025-03-30T11:34:08.475+0000] {processor.py:925} INFO - DAG(s) 'tutorial_taskflow_templates' retrieved from /home/airflow/.local/lib/python3.12/site-packages/airflow/example_dags/tutorial_taskflow_templates.py
[2025-03-30T11:34:08.484+0000] {logging_mixin.py:190} INFO - [2025-03-30T11:34:08.484+0000] {dag.py:3239} INFO - Sync 1 DAGs
[2025-03-30T11:34:08.492+0000] {logging_mixin.py:190} INFO - [2025-03-30T11:34:08.492+0000] {dag.py:4180} INFO - Setting next_dagrun for tutorial_taskflow_templates to 2025-03-29 00:00:00+00:00, run_after=2025-03-30 00:00:00+00:00
[2025-03-30T11:34:08.499+0000] {processor.py:208} INFO - Processing /home/airflow/.local/lib/python3.12/site-packages/airflow/example_dags/tutorial_taskflow_templates.py took 0.033 seconds
[2025-03-30T11:34:39.844+0000] {processor.py:186} INFO - Started process (PID=1302) to work on /home/airflow/.local/lib/python3.12/site-packages/airflow/example_dags/tutorial_taskflow_templates.py
[2025-03-30T11:34:39.845+0000] {processor.py:914} INFO - Processing file /home/airflow/.local/lib/python3.12/site-packages/airflow/example_dags/tutorial_taskflow_templates.py for tasks to queue
[2025-03-30T11:34:39.846+0000] {logging_mixin.py:190} INFO - [2025-03-30T11:34:39.846+0000] {dagbag.py:588} INFO - Filling up the DagBag from /home/airflow/.local/lib/python3.12/site-packages/airflow/example_dags/tutorial_taskflow_templates.py
[2025-03-30T11:34:39.853+0000] {processor.py:925} INFO - DAG(s) 'tutorial_taskflow_templates' retrieved from /home/airflow/.local/lib/python3.12/site-packages/airflow/example_dags/tutorial_taskflow_templates.py
[2025-03-30T11:34:39.862+0000] {logging_mixin.py:190} INFO - [2025-03-30T11:34:39.862+0000] {dag.py:3239} INFO - Sync 1 DAGs
[2025-03-30T11:34:39.871+0000] {logging_mixin.py:190} INFO - [2025-03-30T11:34:39.871+0000] {dag.py:4180} INFO - Setting next_dagrun for tutorial_taskflow_templates to 2025-03-29 00:00:00+00:00, run_after=2025-03-30 00:00:00+00:00
[2025-03-30T11:34:39.877+0000] {processor.py:208} INFO - Processing /home/airflow/.local/lib/python3.12/site-packages/airflow/example_dags/tutorial_taskflow_templates.py took 0.036 seconds
[2025-03-30T11:35:10.414+0000] {processor.py:186} INFO - Started process (PID=1366) to work on /home/airflow/.local/lib/python3.12/site-packages/airflow/example_dags/tutorial_taskflow_templates.py
[2025-03-30T11:35:10.418+0000] {processor.py:914} INFO - Processing file /home/airflow/.local/lib/python3.12/site-packages/airflow/example_dags/tutorial_taskflow_templates.py for tasks to queue
[2025-03-30T11:35:10.420+0000] {logging_mixin.py:190} INFO - [2025-03-30T11:35:10.420+0000] {dagbag.py:588} INFO - Filling up the DagBag from /home/airflow/.local/lib/python3.12/site-packages/airflow/example_dags/tutorial_taskflow_templates.py
[2025-03-30T11:35:10.426+0000] {processor.py:925} INFO - DAG(s) 'tutorial_taskflow_templates' retrieved from /home/airflow/.local/lib/python3.12/site-packages/airflow/example_dags/tutorial_taskflow_templates.py
[2025-03-30T11:35:10.441+0000] {logging_mixin.py:190} INFO - [2025-03-30T11:35:10.441+0000] {dag.py:3239} INFO - Sync 1 DAGs
[2025-03-30T11:35:10.451+0000] {logging_mixin.py:190} INFO - [2025-03-30T11:35:10.450+0000] {dag.py:4180} INFO - Setting next_dagrun for tutorial_taskflow_templates to 2025-03-29 00:00:00+00:00, run_after=2025-03-30 00:00:00+00:00
[2025-03-30T11:35:10.456+0000] {processor.py:208} INFO - Processing /home/airflow/.local/lib/python3.12/site-packages/airflow/example_dags/tutorial_taskflow_templates.py took 0.044 seconds
[2025-03-30T11:35:40.793+0000] {processor.py:186} INFO - Started process (PID=1430) to work on /home/airflow/.local/lib/python3.12/site-packages/airflow/example_dags/tutorial_taskflow_templates.py
[2025-03-30T11:35:40.794+0000] {processor.py:914} INFO - Processing file /home/airflow/.local/lib/python3.12/site-packages/airflow/example_dags/tutorial_taskflow_templates.py for tasks to queue
[2025-03-30T11:35:40.795+0000] {logging_mixin.py:190} INFO - [2025-03-30T11:35:40.795+0000] {dagbag.py:588} INFO - Filling up the DagBag from /home/airflow/.local/lib/python3.12/site-packages/airflow/example_dags/tutorial_taskflow_templates.py
[2025-03-30T11:35:40.801+0000] {processor.py:925} INFO - DAG(s) 'tutorial_taskflow_templates' retrieved from /home/airflow/.local/lib/python3.12/site-packages/airflow/example_dags/tutorial_taskflow_templates.py
[2025-03-30T11:35:40.811+0000] {logging_mixin.py:190} INFO - [2025-03-30T11:35:40.811+0000] {dag.py:3239} INFO - Sync 1 DAGs
[2025-03-30T11:35:40.819+0000] {logging_mixin.py:190} INFO - [2025-03-30T11:35:40.819+0000] {dag.py:4180} INFO - Setting next_dagrun for tutorial_taskflow_templates to 2025-03-29 00:00:00+00:00, run_after=2025-03-30 00:00:00+00:00
[2025-03-30T11:35:40.828+0000] {processor.py:208} INFO - Processing /home/airflow/.local/lib/python3.12/site-packages/airflow/example_dags/tutorial_taskflow_templates.py took 0.037 seconds
[2025-03-30T11:36:12.224+0000] {processor.py:186} INFO - Started process (PID=1494) to work on /home/airflow/.local/lib/python3.12/site-packages/airflow/example_dags/tutorial_taskflow_templates.py
[2025-03-30T11:36:12.225+0000] {processor.py:914} INFO - Processing file /home/airflow/.local/lib/python3.12/site-packages/airflow/example_dags/tutorial_taskflow_templates.py for tasks to queue
[2025-03-30T11:36:12.226+0000] {logging_mixin.py:190} INFO - [2025-03-30T11:36:12.226+0000] {dagbag.py:588} INFO - Filling up the DagBag from /home/airflow/.local/lib/python3.12/site-packages/airflow/example_dags/tutorial_taskflow_templates.py
[2025-03-30T11:36:12.231+0000] {processor.py:925} INFO - DAG(s) 'tutorial_taskflow_templates' retrieved from /home/airflow/.local/lib/python3.12/site-packages/airflow/example_dags/tutorial_taskflow_templates.py
[2025-03-30T11:36:12.238+0000] {logging_mixin.py:190} INFO - [2025-03-30T11:36:12.238+0000] {dag.py:3239} INFO - Sync 1 DAGs
[2025-03-30T11:36:12.247+0000] {logging_mixin.py:190} INFO - [2025-03-30T11:36:12.247+0000] {dag.py:4180} INFO - Setting next_dagrun for tutorial_taskflow_templates to 2025-03-29 00:00:00+00:00, run_after=2025-03-30 00:00:00+00:00
[2025-03-30T11:36:12.256+0000] {processor.py:208} INFO - Processing /home/airflow/.local/lib/python3.12/site-packages/airflow/example_dags/tutorial_taskflow_templates.py took 0.034 seconds
[2025-03-30T11:36:42.528+0000] {processor.py:186} INFO - Started process (PID=1558) to work on /home/airflow/.local/lib/python3.12/site-packages/airflow/example_dags/tutorial_taskflow_templates.py
[2025-03-30T11:36:42.529+0000] {processor.py:914} INFO - Processing file /home/airflow/.local/lib/python3.12/site-packages/airflow/example_dags/tutorial_taskflow_templates.py for tasks to queue
[2025-03-30T11:36:42.530+0000] {logging_mixin.py:190} INFO - [2025-03-30T11:36:42.530+0000] {dagbag.py:588} INFO - Filling up the DagBag from /home/airflow/.local/lib/python3.12/site-packages/airflow/example_dags/tutorial_taskflow_templates.py
[2025-03-30T11:36:42.536+0000] {processor.py:925} INFO - DAG(s) 'tutorial_taskflow_templates' retrieved from /home/airflow/.local/lib/python3.12/site-packages/airflow/example_dags/tutorial_taskflow_templates.py
[2025-03-30T11:36:42.544+0000] {logging_mixin.py:190} INFO - [2025-03-30T11:36:42.543+0000] {dag.py:3239} INFO - Sync 1 DAGs
[2025-03-30T11:36:42.555+0000] {logging_mixin.py:190} INFO - [2025-03-30T11:36:42.555+0000] {dag.py:4180} INFO - Setting next_dagrun for tutorial_taskflow_templates to 2025-03-29 00:00:00+00:00, run_after=2025-03-30 00:00:00+00:00
[2025-03-30T11:36:42.567+0000] {processor.py:208} INFO - Processing /home/airflow/.local/lib/python3.12/site-packages/airflow/example_dags/tutorial_taskflow_templates.py took 0.041 seconds
[2025-03-30T11:37:13.678+0000] {processor.py:186} INFO - Started process (PID=1622) to work on /home/airflow/.local/lib/python3.12/site-packages/airflow/example_dags/tutorial_taskflow_templates.py
[2025-03-30T11:37:13.679+0000] {processor.py:914} INFO - Processing file /home/airflow/.local/lib/python3.12/site-packages/airflow/example_dags/tutorial_taskflow_templates.py for tasks to queue
[2025-03-30T11:37:13.681+0000] {logging_mixin.py:190} INFO - [2025-03-30T11:37:13.681+0000] {dagbag.py:588} INFO - Filling up the DagBag from /home/airflow/.local/lib/python3.12/site-packages/airflow/example_dags/tutorial_taskflow_templates.py
[2025-03-30T11:37:13.687+0000] {processor.py:925} INFO - DAG(s) 'tutorial_taskflow_templates' retrieved from /home/airflow/.local/lib/python3.12/site-packages/airflow/example_dags/tutorial_taskflow_templates.py
[2025-03-30T11:37:13.694+0000] {logging_mixin.py:190} INFO - [2025-03-30T11:37:13.694+0000] {dag.py:3239} INFO - Sync 1 DAGs
[2025-03-30T11:37:13.702+0000] {logging_mixin.py:190} INFO - [2025-03-30T11:37:13.702+0000] {dag.py:4180} INFO - Setting next_dagrun for tutorial_taskflow_templates to 2025-03-29 00:00:00+00:00, run_after=2025-03-30 00:00:00+00:00
[2025-03-30T11:37:13.710+0000] {processor.py:208} INFO - Processing /home/airflow/.local/lib/python3.12/site-packages/airflow/example_dags/tutorial_taskflow_templates.py took 0.034 seconds
[2025-03-30T11:37:44.941+0000] {processor.py:186} INFO - Started process (PID=1686) to work on /home/airflow/.local/lib/python3.12/site-packages/airflow/example_dags/tutorial_taskflow_templates.py
[2025-03-30T11:37:44.942+0000] {processor.py:914} INFO - Processing file /home/airflow/.local/lib/python3.12/site-packages/airflow/example_dags/tutorial_taskflow_templates.py for tasks to queue
[2025-03-30T11:37:44.943+0000] {logging_mixin.py:190} INFO - [2025-03-30T11:37:44.943+0000] {dagbag.py:588} INFO - Filling up the DagBag from /home/airflow/.local/lib/python3.12/site-packages/airflow/example_dags/tutorial_taskflow_templates.py
[2025-03-30T11:37:44.948+0000] {processor.py:925} INFO - DAG(s) 'tutorial_taskflow_templates' retrieved from /home/airflow/.local/lib/python3.12/site-packages/airflow/example_dags/tutorial_taskflow_templates.py
[2025-03-30T11:37:44.956+0000] {logging_mixin.py:190} INFO - [2025-03-30T11:37:44.956+0000] {dag.py:3239} INFO - Sync 1 DAGs
[2025-03-30T11:37:44.965+0000] {logging_mixin.py:190} INFO - [2025-03-30T11:37:44.965+0000] {dag.py:4180} INFO - Setting next_dagrun for tutorial_taskflow_templates to 2025-03-29 00:00:00+00:00, run_after=2025-03-30 00:00:00+00:00
[2025-03-30T11:37:44.973+0000] {processor.py:208} INFO - Processing /home/airflow/.local/lib/python3.12/site-packages/airflow/example_dags/tutorial_taskflow_templates.py took 0.035 seconds
[2025-03-30T11:38:16.377+0000] {processor.py:186} INFO - Started process (PID=1750) to work on /home/airflow/.local/lib/python3.12/site-packages/airflow/example_dags/tutorial_taskflow_templates.py
[2025-03-30T11:38:16.378+0000] {processor.py:914} INFO - Processing file /home/airflow/.local/lib/python3.12/site-packages/airflow/example_dags/tutorial_taskflow_templates.py for tasks to queue
[2025-03-30T11:38:16.379+0000] {logging_mixin.py:190} INFO - [2025-03-30T11:38:16.378+0000] {dagbag.py:588} INFO - Filling up the DagBag from /home/airflow/.local/lib/python3.12/site-packages/airflow/example_dags/tutorial_taskflow_templates.py
[2025-03-30T11:38:16.384+0000] {processor.py:925} INFO - DAG(s) 'tutorial_taskflow_templates' retrieved from /home/airflow/.local/lib/python3.12/site-packages/airflow/example_dags/tutorial_taskflow_templates.py
[2025-03-30T11:38:16.393+0000] {logging_mixin.py:190} INFO - [2025-03-30T11:38:16.393+0000] {dag.py:3239} INFO - Sync 1 DAGs
[2025-03-30T11:38:16.401+0000] {logging_mixin.py:190} INFO - [2025-03-30T11:38:16.400+0000] {dag.py:4180} INFO - Setting next_dagrun for tutorial_taskflow_templates to 2025-03-29 00:00:00+00:00, run_after=2025-03-30 00:00:00+00:00
[2025-03-30T11:38:16.406+0000] {processor.py:208} INFO - Processing /home/airflow/.local/lib/python3.12/site-packages/airflow/example_dags/tutorial_taskflow_templates.py took 0.032 seconds
[2025-03-30T11:38:46.533+0000] {processor.py:186} INFO - Started process (PID=1814) to work on /home/airflow/.local/lib/python3.12/site-packages/airflow/example_dags/tutorial_taskflow_templates.py
[2025-03-30T11:38:46.533+0000] {processor.py:914} INFO - Processing file /home/airflow/.local/lib/python3.12/site-packages/airflow/example_dags/tutorial_taskflow_templates.py for tasks to queue
[2025-03-30T11:38:46.534+0000] {logging_mixin.py:190} INFO - [2025-03-30T11:38:46.534+0000] {dagbag.py:588} INFO - Filling up the DagBag from /home/airflow/.local/lib/python3.12/site-packages/airflow/example_dags/tutorial_taskflow_templates.py
[2025-03-30T11:38:46.540+0000] {processor.py:925} INFO - DAG(s) 'tutorial_taskflow_templates' retrieved from /home/airflow/.local/lib/python3.12/site-packages/airflow/example_dags/tutorial_taskflow_templates.py
[2025-03-30T11:38:46.547+0000] {logging_mixin.py:190} INFO - [2025-03-30T11:38:46.547+0000] {dag.py:3239} INFO - Sync 1 DAGs
[2025-03-30T11:38:46.555+0000] {logging_mixin.py:190} INFO - [2025-03-30T11:38:46.555+0000] {dag.py:4180} INFO - Setting next_dagrun for tutorial_taskflow_templates to 2025-03-29 00:00:00+00:00, run_after=2025-03-30 00:00:00+00:00
[2025-03-30T11:38:46.563+0000] {processor.py:208} INFO - Processing /home/airflow/.local/lib/python3.12/site-packages/airflow/example_dags/tutorial_taskflow_templates.py took 0.032 seconds
[2025-03-30T11:39:17.711+0000] {processor.py:186} INFO - Started process (PID=1878) to work on /home/airflow/.local/lib/python3.12/site-packages/airflow/example_dags/tutorial_taskflow_templates.py
[2025-03-30T11:39:17.712+0000] {processor.py:914} INFO - Processing file /home/airflow/.local/lib/python3.12/site-packages/airflow/example_dags/tutorial_taskflow_templates.py for tasks to queue
[2025-03-30T11:39:17.712+0000] {logging_mixin.py:190} INFO - [2025-03-30T11:39:17.712+0000] {dagbag.py:588} INFO - Filling up the DagBag from /home/airflow/.local/lib/python3.12/site-packages/airflow/example_dags/tutorial_taskflow_templates.py
[2025-03-30T11:39:17.717+0000] {processor.py:925} INFO - DAG(s) 'tutorial_taskflow_templates' retrieved from /home/airflow/.local/lib/python3.12/site-packages/airflow/example_dags/tutorial_taskflow_templates.py
[2025-03-30T11:39:17.729+0000] {logging_mixin.py:190} INFO - [2025-03-30T11:39:17.729+0000] {dag.py:3239} INFO - Sync 1 DAGs
[2025-03-30T11:39:17.738+0000] {logging_mixin.py:190} INFO - [2025-03-30T11:39:17.738+0000] {dag.py:4180} INFO - Setting next_dagrun for tutorial_taskflow_templates to 2025-03-29 00:00:00+00:00, run_after=2025-03-30 00:00:00+00:00
[2025-03-30T11:39:17.744+0000] {processor.py:208} INFO - Processing /home/airflow/.local/lib/python3.12/site-packages/airflow/example_dags/tutorial_taskflow_templates.py took 0.036 seconds
[2025-03-30T11:39:48.889+0000] {processor.py:186} INFO - Started process (PID=1942) to work on /home/airflow/.local/lib/python3.12/site-packages/airflow/example_dags/tutorial_taskflow_templates.py
[2025-03-30T11:39:48.890+0000] {processor.py:914} INFO - Processing file /home/airflow/.local/lib/python3.12/site-packages/airflow/example_dags/tutorial_taskflow_templates.py for tasks to queue
[2025-03-30T11:39:48.890+0000] {logging_mixin.py:190} INFO - [2025-03-30T11:39:48.890+0000] {dagbag.py:588} INFO - Filling up the DagBag from /home/airflow/.local/lib/python3.12/site-packages/airflow/example_dags/tutorial_taskflow_templates.py
[2025-03-30T11:39:48.896+0000] {processor.py:925} INFO - DAG(s) 'tutorial_taskflow_templates' retrieved from /home/airflow/.local/lib/python3.12/site-packages/airflow/example_dags/tutorial_taskflow_templates.py
[2025-03-30T11:39:48.903+0000] {logging_mixin.py:190} INFO - [2025-03-30T11:39:48.903+0000] {dag.py:3239} INFO - Sync 1 DAGs
[2025-03-30T11:39:48.911+0000] {logging_mixin.py:190} INFO - [2025-03-30T11:39:48.911+0000] {dag.py:4180} INFO - Setting next_dagrun for tutorial_taskflow_templates to 2025-03-29 00:00:00+00:00, run_after=2025-03-30 00:00:00+00:00
[2025-03-30T11:39:48.919+0000] {processor.py:208} INFO - Processing /home/airflow/.local/lib/python3.12/site-packages/airflow/example_dags/tutorial_taskflow_templates.py took 0.033 seconds
[2025-03-30T11:40:20.078+0000] {processor.py:186} INFO - Started process (PID=2006) to work on /home/airflow/.local/lib/python3.12/site-packages/airflow/example_dags/tutorial_taskflow_templates.py
[2025-03-30T11:40:20.080+0000] {processor.py:914} INFO - Processing file /home/airflow/.local/lib/python3.12/site-packages/airflow/example_dags/tutorial_taskflow_templates.py for tasks to queue
[2025-03-30T11:40:20.081+0000] {logging_mixin.py:190} INFO - [2025-03-30T11:40:20.081+0000] {dagbag.py:588} INFO - Filling up the DagBag from /home/airflow/.local/lib/python3.12/site-packages/airflow/example_dags/tutorial_taskflow_templates.py
[2025-03-30T11:40:20.086+0000] {processor.py:925} INFO - DAG(s) 'tutorial_taskflow_templates' retrieved from /home/airflow/.local/lib/python3.12/site-packages/airflow/example_dags/tutorial_taskflow_templates.py
[2025-03-30T11:40:20.094+0000] {logging_mixin.py:190} INFO - [2025-03-30T11:40:20.094+0000] {dag.py:3239} INFO - Sync 1 DAGs
[2025-03-30T11:40:20.103+0000] {logging_mixin.py:190} INFO - [2025-03-30T11:40:20.103+0000] {dag.py:4180} INFO - Setting next_dagrun for tutorial_taskflow_templates to 2025-03-29 00:00:00+00:00, run_after=2025-03-30 00:00:00+00:00
[2025-03-30T11:40:20.110+0000] {processor.py:208} INFO - Processing /home/airflow/.local/lib/python3.12/site-packages/airflow/example_dags/tutorial_taskflow_templates.py took 0.034 seconds
[2025-03-30T11:40:51.477+0000] {processor.py:186} INFO - Started process (PID=2070) to work on /home/airflow/.local/lib/python3.12/site-packages/airflow/example_dags/tutorial_taskflow_templates.py
[2025-03-30T11:40:51.478+0000] {processor.py:914} INFO - Processing file /home/airflow/.local/lib/python3.12/site-packages/airflow/example_dags/tutorial_taskflow_templates.py for tasks to queue
[2025-03-30T11:40:51.479+0000] {logging_mixin.py:190} INFO - [2025-03-30T11:40:51.479+0000] {dagbag.py:588} INFO - Filling up the DagBag from /home/airflow/.local/lib/python3.12/site-packages/airflow/example_dags/tutorial_taskflow_templates.py
[2025-03-30T11:40:51.487+0000] {processor.py:925} INFO - DAG(s) 'tutorial_taskflow_templates' retrieved from /home/airflow/.local/lib/python3.12/site-packages/airflow/example_dags/tutorial_taskflow_templates.py
[2025-03-30T11:40:51.497+0000] {logging_mixin.py:190} INFO - [2025-03-30T11:40:51.497+0000] {dag.py:3239} INFO - Sync 1 DAGs
[2025-03-30T11:40:51.506+0000] {logging_mixin.py:190} INFO - [2025-03-30T11:40:51.506+0000] {dag.py:4180} INFO - Setting next_dagrun for tutorial_taskflow_templates to 2025-03-29 00:00:00+00:00, run_after=2025-03-30 00:00:00+00:00
[2025-03-30T11:40:51.514+0000] {processor.py:208} INFO - Processing /home/airflow/.local/lib/python3.12/site-packages/airflow/example_dags/tutorial_taskflow_templates.py took 0.039 seconds
[2025-03-30T11:41:22.620+0000] {processor.py:186} INFO - Started process (PID=2134) to work on /home/airflow/.local/lib/python3.12/site-packages/airflow/example_dags/tutorial_taskflow_templates.py
[2025-03-30T11:41:22.620+0000] {processor.py:914} INFO - Processing file /home/airflow/.local/lib/python3.12/site-packages/airflow/example_dags/tutorial_taskflow_templates.py for tasks to queue
[2025-03-30T11:41:22.621+0000] {logging_mixin.py:190} INFO - [2025-03-30T11:41:22.621+0000] {dagbag.py:588} INFO - Filling up the DagBag from /home/airflow/.local/lib/python3.12/site-packages/airflow/example_dags/tutorial_taskflow_templates.py
[2025-03-30T11:41:22.625+0000] {processor.py:925} INFO - DAG(s) 'tutorial_taskflow_templates' retrieved from /home/airflow/.local/lib/python3.12/site-packages/airflow/example_dags/tutorial_taskflow_templates.py
[2025-03-30T11:41:22.634+0000] {logging_mixin.py:190} INFO - [2025-03-30T11:41:22.634+0000] {dag.py:3239} INFO - Sync 1 DAGs
[2025-03-30T11:41:22.643+0000] {logging_mixin.py:190} INFO - [2025-03-30T11:41:22.643+0000] {dag.py:4180} INFO - Setting next_dagrun for tutorial_taskflow_templates to 2025-03-29 00:00:00+00:00, run_after=2025-03-30 00:00:00+00:00
[2025-03-30T11:41:22.652+0000] {processor.py:208} INFO - Processing /home/airflow/.local/lib/python3.12/site-packages/airflow/example_dags/tutorial_taskflow_templates.py took 0.035 seconds
[2025-03-30T11:41:53.730+0000] {processor.py:186} INFO - Started process (PID=2198) to work on /home/airflow/.local/lib/python3.12/site-packages/airflow/example_dags/tutorial_taskflow_templates.py
[2025-03-30T11:41:53.732+0000] {processor.py:914} INFO - Processing file /home/airflow/.local/lib/python3.12/site-packages/airflow/example_dags/tutorial_taskflow_templates.py for tasks to queue
[2025-03-30T11:41:53.733+0000] {logging_mixin.py:190} INFO - [2025-03-30T11:41:53.733+0000] {dagbag.py:588} INFO - Filling up the DagBag from /home/airflow/.local/lib/python3.12/site-packages/airflow/example_dags/tutorial_taskflow_templates.py
[2025-03-30T11:41:53.739+0000] {processor.py:925} INFO - DAG(s) 'tutorial_taskflow_templates' retrieved from /home/airflow/.local/lib/python3.12/site-packages/airflow/example_dags/tutorial_taskflow_templates.py
[2025-03-30T11:41:53.746+0000] {logging_mixin.py:190} INFO - [2025-03-30T11:41:53.746+0000] {dag.py:3239} INFO - Sync 1 DAGs
[2025-03-30T11:41:53.755+0000] {logging_mixin.py:190} INFO - [2025-03-30T11:41:53.755+0000] {dag.py:4180} INFO - Setting next_dagrun for tutorial_taskflow_templates to 2025-03-29 00:00:00+00:00, run_after=2025-03-30 00:00:00+00:00
[2025-03-30T11:41:53.765+0000] {processor.py:208} INFO - Processing /home/airflow/.local/lib/python3.12/site-packages/airflow/example_dags/tutorial_taskflow_templates.py took 0.037 seconds
[2025-03-30T11:42:24.953+0000] {processor.py:186} INFO - Started process (PID=2268) to work on /home/airflow/.local/lib/python3.12/site-packages/airflow/example_dags/tutorial_taskflow_templates.py
[2025-03-30T11:42:24.954+0000] {processor.py:914} INFO - Processing file /home/airflow/.local/lib/python3.12/site-packages/airflow/example_dags/tutorial_taskflow_templates.py for tasks to queue
[2025-03-30T11:42:24.955+0000] {logging_mixin.py:190} INFO - [2025-03-30T11:42:24.955+0000] {dagbag.py:588} INFO - Filling up the DagBag from /home/airflow/.local/lib/python3.12/site-packages/airflow/example_dags/tutorial_taskflow_templates.py
[2025-03-30T11:42:24.962+0000] {processor.py:925} INFO - DAG(s) 'tutorial_taskflow_templates' retrieved from /home/airflow/.local/lib/python3.12/site-packages/airflow/example_dags/tutorial_taskflow_templates.py
[2025-03-30T11:42:24.972+0000] {logging_mixin.py:190} INFO - [2025-03-30T11:42:24.972+0000] {dag.py:3239} INFO - Sync 1 DAGs
[2025-03-30T11:42:24.986+0000] {logging_mixin.py:190} INFO - [2025-03-30T11:42:24.986+0000] {dag.py:4180} INFO - Setting next_dagrun for tutorial_taskflow_templates to 2025-03-29 00:00:00+00:00, run_after=2025-03-30 00:00:00+00:00
[2025-03-30T11:42:24.994+0000] {processor.py:208} INFO - Processing /home/airflow/.local/lib/python3.12/site-packages/airflow/example_dags/tutorial_taskflow_templates.py took 0.044 seconds
[2025-03-30T11:42:56.101+0000] {processor.py:186} INFO - Started process (PID=2331) to work on /home/airflow/.local/lib/python3.12/site-packages/airflow/example_dags/tutorial_taskflow_templates.py
[2025-03-30T11:42:56.103+0000] {processor.py:914} INFO - Processing file /home/airflow/.local/lib/python3.12/site-packages/airflow/example_dags/tutorial_taskflow_templates.py for tasks to queue
[2025-03-30T11:42:56.104+0000] {logging_mixin.py:190} INFO - [2025-03-30T11:42:56.104+0000] {dagbag.py:588} INFO - Filling up the DagBag from /home/airflow/.local/lib/python3.12/site-packages/airflow/example_dags/tutorial_taskflow_templates.py
[2025-03-30T11:42:56.110+0000] {processor.py:925} INFO - DAG(s) 'tutorial_taskflow_templates' retrieved from /home/airflow/.local/lib/python3.12/site-packages/airflow/example_dags/tutorial_taskflow_templates.py
[2025-03-30T11:42:56.118+0000] {logging_mixin.py:190} INFO - [2025-03-30T11:42:56.118+0000] {dag.py:3239} INFO - Sync 1 DAGs
[2025-03-30T11:42:56.128+0000] {logging_mixin.py:190} INFO - [2025-03-30T11:42:56.128+0000] {dag.py:4180} INFO - Setting next_dagrun for tutorial_taskflow_templates to 2025-03-29 00:00:00+00:00, run_after=2025-03-30 00:00:00+00:00
[2025-03-30T11:42:56.134+0000] {processor.py:208} INFO - Processing /home/airflow/.local/lib/python3.12/site-packages/airflow/example_dags/tutorial_taskflow_templates.py took 0.036 seconds
[2025-03-30T11:43:27.187+0000] {processor.py:186} INFO - Started process (PID=2395) to work on /home/airflow/.local/lib/python3.12/site-packages/airflow/example_dags/tutorial_taskflow_templates.py
[2025-03-30T11:43:27.188+0000] {processor.py:914} INFO - Processing file /home/airflow/.local/lib/python3.12/site-packages/airflow/example_dags/tutorial_taskflow_templates.py for tasks to queue
[2025-03-30T11:43:27.189+0000] {logging_mixin.py:190} INFO - [2025-03-30T11:43:27.189+0000] {dagbag.py:588} INFO - Filling up the DagBag from /home/airflow/.local/lib/python3.12/site-packages/airflow/example_dags/tutorial_taskflow_templates.py
[2025-03-30T11:43:27.194+0000] {processor.py:925} INFO - DAG(s) 'tutorial_taskflow_templates' retrieved from /home/airflow/.local/lib/python3.12/site-packages/airflow/example_dags/tutorial_taskflow_templates.py
[2025-03-30T11:43:27.205+0000] {logging_mixin.py:190} INFO - [2025-03-30T11:43:27.204+0000] {dag.py:3239} INFO - Sync 1 DAGs
[2025-03-30T11:43:27.213+0000] {logging_mixin.py:190} INFO - [2025-03-30T11:43:27.213+0000] {dag.py:4180} INFO - Setting next_dagrun for tutorial_taskflow_templates to 2025-03-29 00:00:00+00:00, run_after=2025-03-30 00:00:00+00:00
[2025-03-30T11:43:27.219+0000] {processor.py:208} INFO - Processing /home/airflow/.local/lib/python3.12/site-packages/airflow/example_dags/tutorial_taskflow_templates.py took 0.034 seconds
[2025-03-30T11:43:58.321+0000] {processor.py:186} INFO - Started process (PID=2458) to work on /home/airflow/.local/lib/python3.12/site-packages/airflow/example_dags/tutorial_taskflow_templates.py
[2025-03-30T11:43:58.321+0000] {processor.py:914} INFO - Processing file /home/airflow/.local/lib/python3.12/site-packages/airflow/example_dags/tutorial_taskflow_templates.py for tasks to queue
[2025-03-30T11:43:58.322+0000] {logging_mixin.py:190} INFO - [2025-03-30T11:43:58.322+0000] {dagbag.py:588} INFO - Filling up the DagBag from /home/airflow/.local/lib/python3.12/site-packages/airflow/example_dags/tutorial_taskflow_templates.py
[2025-03-30T11:43:58.327+0000] {processor.py:925} INFO - DAG(s) 'tutorial_taskflow_templates' retrieved from /home/airflow/.local/lib/python3.12/site-packages/airflow/example_dags/tutorial_taskflow_templates.py
[2025-03-30T11:43:58.335+0000] {logging_mixin.py:190} INFO - [2025-03-30T11:43:58.335+0000] {dag.py:3239} INFO - Sync 1 DAGs
[2025-03-30T11:43:58.343+0000] {logging_mixin.py:190} INFO - [2025-03-30T11:43:58.343+0000] {dag.py:4180} INFO - Setting next_dagrun for tutorial_taskflow_templates to 2025-03-29 00:00:00+00:00, run_after=2025-03-30 00:00:00+00:00
[2025-03-30T11:43:58.352+0000] {processor.py:208} INFO - Processing /home/airflow/.local/lib/python3.12/site-packages/airflow/example_dags/tutorial_taskflow_templates.py took 0.033 seconds
[2025-03-30T11:44:29.363+0000] {processor.py:186} INFO - Started process (PID=2522) to work on /home/airflow/.local/lib/python3.12/site-packages/airflow/example_dags/tutorial_taskflow_templates.py
[2025-03-30T11:44:29.364+0000] {processor.py:914} INFO - Processing file /home/airflow/.local/lib/python3.12/site-packages/airflow/example_dags/tutorial_taskflow_templates.py for tasks to queue
[2025-03-30T11:44:29.365+0000] {logging_mixin.py:190} INFO - [2025-03-30T11:44:29.364+0000] {dagbag.py:588} INFO - Filling up the DagBag from /home/airflow/.local/lib/python3.12/site-packages/airflow/example_dags/tutorial_taskflow_templates.py
[2025-03-30T11:44:29.370+0000] {processor.py:925} INFO - DAG(s) 'tutorial_taskflow_templates' retrieved from /home/airflow/.local/lib/python3.12/site-packages/airflow/example_dags/tutorial_taskflow_templates.py
[2025-03-30T11:44:29.378+0000] {logging_mixin.py:190} INFO - [2025-03-30T11:44:29.378+0000] {dag.py:3239} INFO - Sync 1 DAGs
[2025-03-30T11:44:29.387+0000] {logging_mixin.py:190} INFO - [2025-03-30T11:44:29.387+0000] {dag.py:4180} INFO - Setting next_dagrun for tutorial_taskflow_templates to 2025-03-29 00:00:00+00:00, run_after=2025-03-30 00:00:00+00:00
[2025-03-30T11:44:29.394+0000] {processor.py:208} INFO - Processing /home/airflow/.local/lib/python3.12/site-packages/airflow/example_dags/tutorial_taskflow_templates.py took 0.033 seconds
